                                      1 ;--------------------------------------------------------
                                      2 ; File Created by SDCC : free open source ISO C Compiler
                                      3 ; Version 4.5.1 #15267 (Mac OS X ppc)
                                      4 ;--------------------------------------------------------
                                      5 	.module GBDK_2020_logo
                                      6 	
                                      7 ;; Ordering of segments for the linker.
                                      8 	.area _ZP      (PAG)
                                      9 	.area _OSEG    (PAG, OVR)
                                     10 	.area _HOME
                                     11 	.area _GSINIT
                                     12 	.area _GSFINAL
                                     13 	.area _CODE
                                     14 	.area _XINIT
                                     15 	.area _DATA
                                     16 	.area _DATA
                                     17 	.area _BSS
                                     18 ;--------------------------------------------------------
                                     19 ; Public variables in this module
                                     20 ;--------------------------------------------------------
                                     21 	.globl _GBDK_2020_logo_map_attributes
                                     22 	.globl _GBDK_2020_logo_map
                                     23 	.globl _GBDK_2020_logo_tiles
                                     24 	.globl _GBDK_2020_logo_palettes
                                     25 	.globl b___func_GBDK_2020_logo
                                     26 	.globl ___func_GBDK_2020_logo
                                     27 	.globl _OAMDMA
                                     28 	.globl _PPUDATA
                                     29 	.globl _PPUADDR
                                     30 	.globl _PPUSCROLL
                                     31 	.globl _OAMDATA
                                     32 	.globl _OAMADDR
                                     33 	.globl _PPUSTATUS
                                     34 	.globl _PPUMASK
                                     35 	.globl _PPUCTRL
                                     36 ;--------------------------------------------------------
                                     37 ; ZP ram data
                                     38 ;--------------------------------------------------------
                                     39 	.area _ZP      (PAG)
                                     40 ;--------------------------------------------------------
                                     41 ; overlayable items in ram
                                     42 ;--------------------------------------------------------
                                     43 ;--------------------------------------------------------
                                     44 ; uninitialized external ram data
                                     45 ;--------------------------------------------------------
                                     46 	.area _BSS
                         00002000    47 _PPUCTRL	=	0x2000
                         00002001    48 _PPUMASK	=	0x2001
                         00002002    49 _PPUSTATUS	=	0x2002
                         00002003    50 _OAMADDR	=	0x2003
                         00002004    51 _OAMDATA	=	0x2004
                         00002005    52 _PPUSCROLL	=	0x2005
                         00002006    53 _PPUADDR	=	0x2006
                         00002007    54 _PPUDATA	=	0x2007
                         00004014    55 _OAMDMA	=	0x4014
                                     56 ;--------------------------------------------------------
                                     57 ; absolute external ram data
                                     58 ;--------------------------------------------------------
                                     59 	.area _DABS    (ABS)
                                     60 ;--------------------------------------------------------
                                     61 ; initialized external ram data
                                     62 ;--------------------------------------------------------
                                     63 	.area _DATA
                                     64 ;--------------------------------------------------------
                                     65 ; global & static initialisations
                                     66 ;--------------------------------------------------------
                                     67 	.area _HOME
                                     68 	.area _GSINIT
                                     69 	.area _GSFINAL
                                     70 	.area _GSINIT
                                     71 ;--------------------------------------------------------
                                     72 ; Home
                                     73 ;--------------------------------------------------------
                                     74 	.area _HOME
                                     75 	.area _HOME
                                     76 ;--------------------------------------------------------
                                     77 ; code
                                     78 ;--------------------------------------------------------
                                     79 	.area _CODE
                                     80 ;------------------------------------------------------------
                                     81 ;Allocation info for local variables in function '__func_GBDK_2020_logo'
                                     82 ;------------------------------------------------------------
                                     83 ;	obj/nes/GBDK_2020_logo.c: 7: BANKREF(GBDK_2020_logo)
                                     84 ;	genLabel
                                     85 ;	Raw cost for generated ic 0 : (0, 0.000000) count=1.000000
                                     86 ;	-----------------------------------------
                                     87 ;	 function __func_GBDK_2020_logo
                                     88 ;	-----------------------------------------
                                     89 ;	Register assignment is optimal.
                                     90 ;	Stack space usage: 0 bytes.
                         00000000    91 	b___func_GBDK_2020_logo	= 0
    00000000                         92 ___func_GBDK_2020_logo:
                                     93 ;	naked function: no prologue.
                                     94 ;	Raw cost for generated ic 1 : (0, 0.000000) count=1.000000
                                     95 ;	m6502_genInline
                                     96 		.local b___func_GBDK_2020_logo 
                         00000000    97 	 ___bank_GBDK_2020_logo = b___func_GBDK_2020_logo 
                                     98 	 .globl ___bank_GBDK_2020_logo 
                                     99 ;	Raw cost for generated ic 2 : (0, 0.000000) count=1.000000
                                    100 ;	genLabel
                                    101 ;	Raw cost for generated ic 3 : (0, 0.000000) count=1.000000
                                    102 ;	genEndFunction
                                    103 ;	naked function: no epilogue.
                                    104 ;	Raw cost for generated ic 4 : (0, 0.000000) count=1.000000
                                    105 	.area _CODE
    00000000                        106 _GBDK_2020_logo_palettes:
    00000000 20                     107 	.db #0x20	; 32
    00000001 00                     108 	.db #0x00	; 0
    00000002 17                     109 	.db #0x17	; 23
    00000003 1D                     110 	.db #0x1d	; 29
    00000004 20                     111 	.db #0x20	; 32
    00000005 3D                     112 	.db #0x3d	; 61
    00000006 22                     113 	.db #0x22	; 34
    00000007 13                     114 	.db #0x13	; 19
    00000008 20                     115 	.db #0x20	; 32
    00000009 3C                     116 	.db #0x3c	; 60
    0000000A 21                     117 	.db #0x21	; 33
    0000000B 1D                     118 	.db #0x1d	; 29
    0000000C                        119 _GBDK_2020_logo_tiles:
    0000000C 00                     120 	.db #0x00	; 0
    0000000D 00                     121 	.db #0x00	; 0
    0000000E 00                     122 	.db #0x00	; 0
    0000000F 00                     123 	.db #0x00	; 0
    00000010 00                     124 	.db #0x00	; 0
    00000011 00                     125 	.db #0x00	; 0
    00000012 00                     126 	.db #0x00	; 0
    00000013 00                     127 	.db #0x00	; 0
    00000014 00                     128 	.db #0x00	; 0
    00000015 00                     129 	.db #0x00	; 0
    00000016 00                     130 	.db #0x00	; 0
    00000017 00                     131 	.db #0x00	; 0
    00000018 00                     132 	.db #0x00	; 0
    00000019 00                     133 	.db #0x00	; 0
    0000001A 00                     134 	.db #0x00	; 0
    0000001B 00                     135 	.db #0x00	; 0
    0000001C 00                     136 	.db #0x00	; 0
    0000001D 00                     137 	.db #0x00	; 0
    0000001E 00                     138 	.db #0x00	; 0
    0000001F 00                     139 	.db #0x00	; 0
    00000020 00                     140 	.db #0x00	; 0
    00000021 00                     141 	.db #0x00	; 0
    00000022 00                     142 	.db #0x00	; 0
    00000023 00                     143 	.db #0x00	; 0
    00000024 00                     144 	.db #0x00	; 0
    00000025 50                     145 	.db #0x50	; 80	'P'
    00000026 A8                     146 	.db #0xa8	; 168
    00000027 A9                     147 	.db #0xa9	; 169
    00000028 8A                     148 	.db #0x8a	; 138
    00000029 8B                     149 	.db #0x8b	; 139
    0000002A 00                     150 	.db #0x00	; 0
    0000002B 00                     151 	.db #0x00	; 0
    0000002C 00                     152 	.db #0x00	; 0
    0000002D 00                     153 	.db #0x00	; 0
    0000002E 00                     154 	.db #0x00	; 0
    0000002F 00                     155 	.db #0x00	; 0
    00000030 00                     156 	.db #0x00	; 0
    00000031 00                     157 	.db #0x00	; 0
    00000032 00                     158 	.db #0x00	; 0
    00000033 00                     159 	.db #0x00	; 0
    00000034 00                     160 	.db #0x00	; 0
    00000035 08                     161 	.db #0x08	; 8
    00000036 08                     162 	.db #0x08	; 8
    00000037 9B                     163 	.db #0x9b	; 155
    00000038 AA                     164 	.db #0xaa	; 170
    00000039 BB                     165 	.db #0xbb	; 187
    0000003A 00                     166 	.db #0x00	; 0
    0000003B 00                     167 	.db #0x00	; 0
    0000003C 00                     168 	.db #0x00	; 0
    0000003D 00                     169 	.db #0x00	; 0
    0000003E 00                     170 	.db #0x00	; 0
    0000003F 00                     171 	.db #0x00	; 0
    00000040 00                     172 	.db #0x00	; 0
    00000041 00                     173 	.db #0x00	; 0
    00000042 00                     174 	.db #0x00	; 0
    00000043 00                     175 	.db #0x00	; 0
    00000044 00                     176 	.db #0x00	; 0
    00000045 00                     177 	.db #0x00	; 0
    00000046 00                     178 	.db #0x00	; 0
    00000047 92                     179 	.db #0x92	; 146
    00000048 96                     180 	.db #0x96	; 150
    00000049 0C                     181 	.db #0x0c	; 12
    0000004A 00                     182 	.db #0x00	; 0
    0000004B 00                     183 	.db #0x00	; 0
    0000004C 00                     184 	.db #0x00	; 0
    0000004D 00                     185 	.db #0x00	; 0
    0000004E 00                     186 	.db #0x00	; 0
    0000004F 00                     187 	.db #0x00	; 0
    00000050 00                     188 	.db #0x00	; 0
    00000051 00                     189 	.db #0x00	; 0
    00000052 00                     190 	.db #0x00	; 0
    00000053 00                     191 	.db #0x00	; 0
    00000054 00                     192 	.db #0x00	; 0
    00000055 A4                     193 	.db #0xa4	; 164
    00000056 24                     194 	.db #0x24	; 36
    00000057 B7                     195 	.db #0xb7	; 183
    00000058 A5                     196 	.db #0xa5	; 165
    00000059 B5                     197 	.db #0xb5	; 181
    0000005A 00                     198 	.db #0x00	; 0
    0000005B 00                     199 	.db #0x00	; 0
    0000005C 00                     200 	.db #0x00	; 0
    0000005D 1F                     201 	.db #0x1f	; 31
    0000005E 23                     202 	.db #0x23	; 35
    0000005F 5F                     203 	.db #0x5f	; 95
    00000060 FF                     204 	.db #0xff	; 255
    00000061 FF                     205 	.db #0xff	; 255
    00000062 FB                     206 	.db #0xfb	; 251
    00000063 FE                     207 	.db #0xfe	; 254
    00000064 00                     208 	.db #0x00	; 0
    00000065 1F                     209 	.db #0x1f	; 31
    00000066 3F                     210 	.db #0x3f	; 63
    00000067 7F                     211 	.db #0x7f	; 127
    00000068 7F                     212 	.db #0x7f	; 127
    00000069 78                     213 	.db #0x78	; 120	'x'
    0000006A 7B                     214 	.db #0x7b	; 123
    0000006B 7B                     215 	.db #0x7b	; 123
    0000006C 00                     216 	.db #0x00	; 0
    0000006D E1                     217 	.db #0xe1	; 225
    0000006E F3                     218 	.db #0xf3	; 243
    0000006F F6                     219 	.db #0xf6	; 246
    00000070 F7                     220 	.db #0xf7	; 247
    00000071 E7                     221 	.db #0xe7	; 231
    00000072 F7                     222 	.db #0xf7	; 247
    00000073 77                     223 	.db #0x77	; 119	'w'
    00000074 00                     224 	.db #0x00	; 0
    00000075 E1                     225 	.db #0xe1	; 225
    00000076 F3                     226 	.db #0xf3	; 243
    00000077 F3                     227 	.db #0xf3	; 243
    00000078 F3                     228 	.db #0xf3	; 243
    00000079 03                     229 	.db #0x03	; 3
    0000007A F3                     230 	.db #0xf3	; 243
    0000007B F3                     231 	.db #0xf3	; 243
    0000007C 00                     232 	.db #0x00	; 0
    0000007D FE                     233 	.db #0xfe	; 254
    0000007E 3F                     234 	.db #0x3f	; 63
    0000007F FF                     235 	.db #0xff	; 255
    00000080 FF                     236 	.db #0xff	; 255
    00000081 8F                     237 	.db #0x8f	; 143
    00000082 FA                     238 	.db #0xfa	; 250
    00000083 E4                     239 	.db #0xe4	; 228
    00000084 00                     240 	.db #0x00	; 0
    00000085 FE                     241 	.db #0xfe	; 254
    00000086 FF                     242 	.db #0xff	; 255
    00000087 FF                     243 	.db #0xff	; 255
    00000088 87                     244 	.db #0x87	; 135
    00000089 8F                     245 	.db #0x8f	; 143
    0000008A FE                     246 	.db #0xfe	; 254
    0000008B FC                     247 	.db #0xfc	; 252
    0000008C 00                     248 	.db #0x00	; 0
    0000008D 3F                     249 	.db #0x3f	; 63
    0000008E 63                     250 	.db #0x63	; 99	'c'
    0000008F 7F                     251 	.db #0x7f	; 127
    00000090 7F                     252 	.db #0x7f	; 127
    00000091 79                     253 	.db #0x79	; 121	'y'
    00000092 78                     254 	.db #0x78	; 120	'x'
    00000093 78                     255 	.db #0x78	; 120	'x'
    00000094 00                     256 	.db #0x00	; 0
    00000095 3F                     257 	.db #0x3f	; 63
    00000096 3F                     258 	.db #0x3f	; 63
    00000097 3F                     259 	.db #0x3f	; 63
    00000098 38                     260 	.db #0x38	; 56	'8'
    00000099 38                     261 	.db #0x38	; 56	'8'
    0000009A 38                     262 	.db #0x38	; 56	'8'
    0000009B 38                     263 	.db #0x38	; 56	'8'
    0000009C 00                     264 	.db #0x00	; 0
    0000009D C1                     265 	.db #0xc1	; 193
    0000009E E2                     266 	.db #0xe2	; 226
    0000009F E6                     267 	.db #0xe6	; 230
    000000A0 F7                     268 	.db #0xf7	; 247
    000000A1 F7                     269 	.db #0xf7	; 247
    000000A2 F7                     270 	.db #0xf7	; 247
    000000A3 F7                     271 	.db #0xf7	; 247
    000000A4 00                     272 	.db #0x00	; 0
    000000A5 C1                     273 	.db #0xc1	; 193
    000000A6 E3                     274 	.db #0xe3	; 227
    000000A7 E3                     275 	.db #0xe3	; 227
    000000A8 F3                     276 	.db #0xf3	; 243
    000000A9 73                     277 	.db #0x73	; 115	's'
    000000AA 73                     278 	.db #0x73	; 115	's'
    000000AB 73                     279 	.db #0x73	; 115	's'
    000000AC 00                     280 	.db #0x00	; 0
    000000AD 82                     281 	.db #0x82	; 130
    000000AE C5                     282 	.db #0xc5	; 197
    000000AF CB                     283 	.db #0xcb	; 203
    000000B0 D6                     284 	.db #0xd6	; 214
    000000B1 EC                     285 	.db #0xec	; 236
    000000B2 D8                     286 	.db #0xd8	; 216
    000000B3 F0                     287 	.db #0xf0	; 240
    000000B4 00                     288 	.db #0x00	; 0
    000000B5 82                     289 	.db #0x82	; 130
    000000B6 C7                     290 	.db #0xc7	; 199
    000000B7 CF                     291 	.db #0xcf	; 207
    000000B8 DE                     292 	.db #0xde	; 222
    000000B9 FC                     293 	.db #0xfc	; 252
    000000BA F8                     294 	.db #0xf8	; 248
    000000BB F0                     295 	.db #0xf0	; 240
    000000BC FF                     296 	.db #0xff	; 255
    000000BD FF                     297 	.db #0xff	; 255
    000000BE FF                     298 	.db #0xff	; 255
    000000BF FE                     299 	.db #0xfe	; 254
    000000C0 FF                     300 	.db #0xff	; 255
    000000C1 7F                     301 	.db #0x7f	; 127
    000000C2 3F                     302 	.db #0x3f	; 63
    000000C3 00                     303 	.db #0x00	; 0
    000000C4 7B                     304 	.db #0x7b	; 123
    000000C5 78                     305 	.db #0x78	; 120	'x'
    000000C6 7F                     306 	.db #0x7f	; 127
    000000C7 7F                     307 	.db #0x7f	; 127
    000000C8 3F                     308 	.db #0x3f	; 63
    000000C9 1F                     309 	.db #0x1f	; 31
    000000CA 00                     310 	.db #0x00	; 0
    000000CB 00                     311 	.db #0x00	; 0
    000000CC F7                     312 	.db #0xf7	; 247
    000000CD F7                     313 	.db #0xf7	; 247
    000000CE D7                     314 	.db #0xd7	; 215
    000000CF 37                     315 	.db #0x37	; 55	'7'
    000000D0 F7                     316 	.db #0xf7	; 247
    000000D1 E7                     317 	.db #0xe7	; 231
    000000D2 C3                     318 	.db #0xc3	; 195
    000000D3 00                     319 	.db #0x00	; 0
    000000D4 F3                     320 	.db #0xf3	; 243
    000000D5 73                     321 	.db #0x73	; 115	's'
    000000D6 F3                     322 	.db #0xf3	; 243
    000000D7 F3                     323 	.db #0xf3	; 243
    000000D8 F3                     324 	.db #0xf3	; 243
    000000D9 E1                     325 	.db #0xe1	; 225
    000000DA 00                     326 	.db #0x00	; 0
    000000DB 00                     327 	.db #0x00	; 0
    000000DC FE                     328 	.db #0xfe	; 254
    000000DD FF                     329 	.db #0xff	; 255
    000000DE 9F                     330 	.db #0x9f	; 159
    000000DF FD                     331 	.db #0xfd	; 253
    000000E0 F3                     332 	.db #0xf3	; 243
    000000E1 FE                     333 	.db #0xfe	; 254
    000000E2 FC                     334 	.db #0xfc	; 252
    000000E3 00                     335 	.db #0x00	; 0
    000000E4 FE                     336 	.db #0xfe	; 254
    000000E5 8F                     337 	.db #0x8f	; 143
    000000E6 87                     338 	.db #0x87	; 135
    000000E7 FF                     339 	.db #0xff	; 255
    000000E8 FF                     340 	.db #0xff	; 255
    000000E9 FE                     341 	.db #0xfe	; 254
    000000EA 00                     342 	.db #0x00	; 0
    000000EB 00                     343 	.db #0x00	; 0
    000000EC 78                     344 	.db #0x78	; 120	'x'
    000000ED 78                     345 	.db #0x78	; 120	'x'
    000000EE 78                     346 	.db #0x78	; 120	'x'
    000000EF 7F                     347 	.db #0x7f	; 127
    000000F0 7E                     348 	.db #0x7e	; 126
    000000F1 7F                     349 	.db #0x7f	; 127
    000000F2 7F                     350 	.db #0x7f	; 127
    000000F3 00                     351 	.db #0x00	; 0
    000000F4 38                     352 	.db #0x38	; 56	'8'
    000000F5 38                     353 	.db #0x38	; 56	'8'
    000000F6 38                     354 	.db #0x38	; 56	'8'
    000000F7 3F                     355 	.db #0x3f	; 63
    000000F8 3F                     356 	.db #0x3f	; 63
    000000F9 3F                     357 	.db #0x3f	; 63
    000000FA 00                     358 	.db #0x00	; 0
    000000FB 00                     359 	.db #0x00	; 0
    000000FC F7                     360 	.db #0xf7	; 247
    000000FD F7                     361 	.db #0xf7	; 247
    000000FE F6                     362 	.db #0xf6	; 246
    000000FF A6                     363 	.db #0xa6	; 166
    00000100 67                     364 	.db #0x67	; 103	'g'
    00000101 C7                     365 	.db #0xc7	; 199
    00000102 83                     366 	.db #0x83	; 131
    00000103 00                     367 	.db #0x00	; 0
    00000104 73                     368 	.db #0x73	; 115	's'
    00000105 73                     369 	.db #0x73	; 115	's'
    00000106 F3                     370 	.db #0xf3	; 243
    00000107 E3                     371 	.db #0xe3	; 227
    00000108 E3                     372 	.db #0xe3	; 227
    00000109 C1                     373 	.db #0xc1	; 193
    0000010A 00                     374 	.db #0x00	; 0
    0000010B 00                     375 	.db #0x00	; 0
    0000010C F8                     376 	.db #0xf8	; 248
    0000010D FC                     377 	.db #0xfc	; 252
    0000010E FE                     378 	.db #0xfe	; 254
    0000010F FF                     379 	.db #0xff	; 255
    00000110 DF                     380 	.db #0xdf	; 223
    00000111 8E                     381 	.db #0x8e	; 142
    00000112 04                     382 	.db #0x04	; 4
    00000113 00                     383 	.db #0x00	; 0
    00000114 F8                     384 	.db #0xf8	; 248
    00000115 FC                     385 	.db #0xfc	; 252
    00000116 DE                     386 	.db #0xde	; 222
    00000117 CF                     387 	.db #0xcf	; 207
    00000118 C7                     388 	.db #0xc7	; 199
    00000119 82                     389 	.db #0x82	; 130
    0000011A 00                     390 	.db #0x00	; 0
    0000011B 00                     391 	.db #0x00	; 0
    0000011C 00                     392 	.db #0x00	; 0
    0000011D 00                     393 	.db #0x00	; 0
    0000011E 7F                     394 	.db #0x7f	; 127
    0000011F FF                     395 	.db #0xff	; 255
    00000120 CF                     396 	.db #0xcf	; 207
    00000121 DF                     397 	.db #0xdf	; 223
    00000122 FE                     398 	.db #0xfe	; 254
    00000123 FD                     399 	.db #0xfd	; 253
    00000124 00                     400 	.db #0x00	; 0
    00000125 00                     401 	.db #0x00	; 0
    00000126 7F                     402 	.db #0x7f	; 127
    00000127 FF                     403 	.db #0xff	; 255
    00000128 F3                     404 	.db #0xf3	; 243
    00000129 E7                     405 	.db #0xe7	; 231
    0000012A CF                     406 	.db #0xcf	; 207
    0000012B CE                     407 	.db #0xce	; 206
    0000012C 00                     408 	.db #0x00	; 0
    0000012D 00                     409 	.db #0x00	; 0
    0000012E FE                     410 	.db #0xfe	; 254
    0000012F FF                     411 	.db #0xff	; 255
    00000130 F3                     412 	.db #0xf3	; 243
    00000131 FB                     413 	.db #0xfb	; 251
    00000132 7F                     414 	.db #0x7f	; 127
    00000133 9F                     415 	.db #0x9f	; 159
    00000134 00                     416 	.db #0x00	; 0
    00000135 00                     417 	.db #0x00	; 0
    00000136 FE                     418 	.db #0xfe	; 254
    00000137 FF                     419 	.db #0xff	; 255
    00000138 CF                     420 	.db #0xcf	; 207
    00000139 E7                     421 	.db #0xe7	; 231
    0000013A E3                     422 	.db #0xe3	; 227
    0000013B 63                     423 	.db #0x63	; 99	'c'
    0000013C 00                     424 	.db #0x00	; 0
    0000013D 00                     425 	.db #0x00	; 0
    0000013E 00                     426 	.db #0x00	; 0
    0000013F 00                     427 	.db #0x00	; 0
    00000140 00                     428 	.db #0x00	; 0
    00000141 FF                     429 	.db #0xff	; 255
    00000142 FF                     430 	.db #0xff	; 255
    00000143 FF                     431 	.db #0xff	; 255
    00000144 00                     432 	.db #0x00	; 0
    00000145 00                     433 	.db #0x00	; 0
    00000146 00                     434 	.db #0x00	; 0
    00000147 00                     435 	.db #0x00	; 0
    00000148 00                     436 	.db #0x00	; 0
    00000149 06                     437 	.db #0x06	; 6
    0000014A 06                     438 	.db #0x06	; 6
    0000014B 06                     439 	.db #0x06	; 6
    0000014C FF                     440 	.db #0xff	; 255
    0000014D FF                     441 	.db #0xff	; 255
    0000014E FF                     442 	.db #0xff	; 255
    0000014F F7                     443 	.db #0xf7	; 247
    00000150 FB                     444 	.db #0xfb	; 251
    00000151 DC                     445 	.db #0xdc	; 220
    00000152 CF                     446 	.db #0xcf	; 207
    00000153 FF                     447 	.db #0xff	; 255
    00000154 CC                     448 	.db #0xcc	; 204
    00000155 CC                     449 	.db #0xcc	; 204
    00000156 CE                     450 	.db #0xce	; 206
    00000157 CF                     451 	.db #0xcf	; 207
    00000158 C7                     452 	.db #0xc7	; 199
    00000159 E3                     453 	.db #0xe3	; 227
    0000015A F0                     454 	.db #0xf0	; 240
    0000015B FF                     455 	.db #0xff	; 255
    0000015C FF                     456 	.db #0xff	; 255
    0000015D FF                     457 	.db #0xff	; 255
    0000015E FF                     458 	.db #0xff	; 255
    0000015F FF                     459 	.db #0xff	; 255
    00000160 DF                     460 	.db #0xdf	; 223
    00000161 3B                     461 	.db #0x3b	; 59
    00000162 F3                     462 	.db #0xf3	; 243
    00000163 FF                     463 	.db #0xff	; 255
    00000164 03                     464 	.db #0x03	; 3
    00000165 03                     465 	.db #0x03	; 3
    00000166 63                     466 	.db #0x63	; 99	'c'
    00000167 E3                     467 	.db #0xe3	; 227
    00000168 E3                     468 	.db #0xe3	; 227
    00000169 C7                     469 	.db #0xc7	; 199
    0000016A 0F                     470 	.db #0x0f	; 15
    0000016B FF                     471 	.db #0xff	; 255
    0000016C 00                     472 	.db #0x00	; 0
    0000016D 00                     473 	.db #0x00	; 0
    0000016E 00                     474 	.db #0x00	; 0
    0000016F 00                     475 	.db #0x00	; 0
    00000170 0C                     476 	.db #0x0c	; 12
    00000171 1E                     477 	.db #0x1e	; 30
    00000172 3E                     478 	.db #0x3e	; 62
    00000173 3E                     479 	.db #0x3e	; 62
    00000174 00                     480 	.db #0x00	; 0
    00000175 00                     481 	.db #0x00	; 0
    00000176 00                     482 	.db #0x00	; 0
    00000177 00                     483 	.db #0x00	; 0
    00000178 CC                     484 	.db #0xcc	; 204
    00000179 CD                     485 	.db #0xcd	; 205
    0000017A CD                     486 	.db #0xcd	; 205
    0000017B CD                     487 	.db #0xcd	; 205
    0000017C FF                     488 	.db #0xff	; 255
    0000017D FF                     489 	.db #0xff	; 255
    0000017E FF                     490 	.db #0xff	; 255
    0000017F 80                     491 	.db #0x80	; 128
    00000180 BF                     492 	.db #0xbf	; 191
    00000181 BF                     493 	.db #0xbf	; 191
    00000182 BF                     494 	.db #0xbf	; 191
    00000183 B8                     495 	.db #0xb8	; 184
    00000184 06                     496 	.db #0x06	; 6
    00000185 FF                     497 	.db #0xff	; 255
    00000186 00                     498 	.db #0x00	; 0
    00000187 00                     499 	.db #0x00	; 0
    00000188 3F                     500 	.db #0x3f	; 63
    00000189 3F                     501 	.db #0x3f	; 63
    0000018A 3F                     502 	.db #0x3f	; 63
    0000018B 38                     503 	.db #0x38	; 56	'8'
    0000018C FF                     504 	.db #0xff	; 255
    0000018D FF                     505 	.db #0xff	; 255
    0000018E FF                     506 	.db #0xff	; 255
    0000018F 00                     507 	.db #0x00	; 0
    00000190 FF                     508 	.db #0xff	; 255
    00000191 FF                     509 	.db #0xff	; 255
    00000192 FF                     510 	.db #0xff	; 255
    00000193 7F                     511 	.db #0x7f	; 127
    00000194 CF                     512 	.db #0xcf	; 207
    00000195 FF                     513 	.db #0xff	; 255
    00000196 00                     514 	.db #0x00	; 0
    00000197 00                     515 	.db #0x00	; 0
    00000198 F0                     516 	.db #0xf0	; 240
    00000199 F0                     517 	.db #0xf0	; 240
    0000019A FF                     518 	.db #0xff	; 255
    0000019B 70                     519 	.db #0x70	; 112	'p'
    0000019C FF                     520 	.db #0xff	; 255
    0000019D FF                     521 	.db #0xff	; 255
    0000019E FF                     522 	.db #0xff	; 255
    0000019F 00                     523 	.db #0x00	; 0
    000001A0 FF                     524 	.db #0xff	; 255
    000001A1 FF                     525 	.db #0xff	; 255
    000001A2 FC                     526 	.db #0xfc	; 252
    000001A3 FC                     527 	.db #0xfc	; 252
    000001A4 B7                     528 	.db #0xb7	; 183
    000001A5 FF                     529 	.db #0xff	; 255
    000001A6 00                     530 	.db #0x00	; 0
    000001A7 00                     531 	.db #0x00	; 0
    000001A8 0F                     532 	.db #0x0f	; 15
    000001A9 0F                     533 	.db #0x0f	; 15
    000001AA FF                     534 	.db #0xff	; 255
    000001AB 0F                     535 	.db #0x0f	; 15
    000001AC FF                     536 	.db #0xff	; 255
    000001AD FF                     537 	.db #0xff	; 255
    000001AE FF                     538 	.db #0xff	; 255
    000001AF 01                     539 	.db #0x01	; 1
    000001B0 FD                     540 	.db #0xfd	; 253
    000001B1 FD                     541 	.db #0xfd	; 253
    000001B2 0D                     542 	.db #0x0d	; 13
    000001B3 0D                     543 	.db #0x0d	; 13
    000001B4 0C                     544 	.db #0x0c	; 12
    000001B5 FF                     545 	.db #0xff	; 255
    000001B6 00                     546 	.db #0x00	; 0
    000001B7 00                     547 	.db #0x00	; 0
    000001B8 FC                     548 	.db #0xfc	; 252
    000001B9 FC                     549 	.db #0xfc	; 252
    000001BA FC                     550 	.db #0xfc	; 252
    000001BB FC                     551 	.db #0xfc	; 252
    000001BC BB                     552 	.db #0xbb	; 187
    000001BD A3                     553 	.db #0xa3	; 163
    000001BE AF                     554 	.db #0xaf	; 175
    000001BF AF                     555 	.db #0xaf	; 175
    000001C0 A3                     556 	.db #0xa3	; 163
    000001C1 BB                     557 	.db #0xbb	; 187
    000001C2 B8                     558 	.db #0xb8	; 184
    000001C3 BF                     559 	.db #0xbf	; 191
    000001C4 3B                     560 	.db #0x3b	; 59
    000001C5 23                     561 	.db #0x23	; 35
    000001C6 2F                     562 	.db #0x2f	; 47
    000001C7 2F                     563 	.db #0x2f	; 47
    000001C8 23                     564 	.db #0x23	; 35
    000001C9 3B                     565 	.db #0x3b	; 59
    000001CA 38                     566 	.db #0x38	; 56	'8'
    000001CB 3F                     567 	.db #0x3f	; 63
    000001CC 7F                     568 	.db #0x7f	; 127
    000001CD 1F                     569 	.db #0x1f	; 31
    000001CE DF                     570 	.db #0xdf	; 223
    000001CF D9                     571 	.db #0xd9	; 217
    000001D0 10                     572 	.db #0x10	; 16
    000001D1 76                     573 	.db #0x76	; 118	'v'
    000001D2 70                     574 	.db #0x70	; 112	'p'
    000001D3 FF                     575 	.db #0xff	; 255
    000001D4 70                     576 	.db #0x70	; 112	'p'
    000001D5 1F                     577 	.db #0x1f	; 31
    000001D6 D0                     578 	.db #0xd0	; 208
    000001D7 D6                     579 	.db #0xd6	; 214
    000001D8 10                     580 	.db #0x10	; 16
    000001D9 76                     581 	.db #0x76	; 118	'v'
    000001DA 70                     582 	.db #0x70	; 112	'p'
    000001DB F0                     583 	.db #0xf0	; 240
    000001DC FF                     584 	.db #0xff	; 255
    000001DD FF                     585 	.db #0xff	; 255
    000001DE FF                     586 	.db #0xff	; 255
    000001DF 98                     587 	.db #0x98	; 152
    000001E0 08                     588 	.db #0x08	; 8
    000001E1 68                     589 	.db #0x68	; 104	'h'
    000001E2 08                     590 	.db #0x08	; 8
    000001E3 FF                     591 	.db #0xff	; 255
    000001E4 0F                     592 	.db #0x0f	; 15
    000001E5 FF                     593 	.db #0xff	; 255
    000001E6 0F                     594 	.db #0x0f	; 15
    000001E7 68                     595 	.db #0x68	; 104	'h'
    000001E8 0B                     596 	.db #0x0b	; 11
    000001E9 6B                     597 	.db #0x6b	; 107	'k'
    000001EA 08                     598 	.db #0x08	; 8
    000001EB 0F                     599 	.db #0x0f	; 15
    000001EC FD                     600 	.db #0xfd	; 253
    000001ED FD                     601 	.db #0xfd	; 253
    000001EE FD                     602 	.db #0xfd	; 253
    000001EF 41                     603 	.db #0x41	; 65	'A'
    000001F0 41                     604 	.db #0x41	; 65	'A'
    000001F1 41                     605 	.db #0x41	; 65	'A'
    000001F2 41                     606 	.db #0x41	; 65	'A'
    000001F3 79                     607 	.db #0x79	; 121	'y'
    000001F4 FC                     608 	.db #0xfc	; 252
    000001F5 FC                     609 	.db #0xfc	; 252
    000001F6 FC                     610 	.db #0xfc	; 252
    000001F7 40                     611 	.db #0x40	; 64
    000001F8 58                     612 	.db #0x58	; 88	'X'
    000001F9 58                     613 	.db #0x58	; 88	'X'
    000001FA 40                     614 	.db #0x40	; 64
    000001FB FC                     615 	.db #0xfc	; 252
    000001FC 80                     616 	.db #0x80	; 128
    000001FD FF                     617 	.db #0xff	; 255
    000001FE 00                     618 	.db #0x00	; 0
    000001FF 00                     619 	.db #0x00	; 0
    00000200 00                     620 	.db #0x00	; 0
    00000201 00                     621 	.db #0x00	; 0
    00000202 00                     622 	.db #0x00	; 0
    00000203 00                     623 	.db #0x00	; 0
    00000204 00                     624 	.db #0x00	; 0
    00000205 00                     625 	.db #0x00	; 0
    00000206 00                     626 	.db #0x00	; 0
    00000207 00                     627 	.db #0x00	; 0
    00000208 00                     628 	.db #0x00	; 0
    00000209 00                     629 	.db #0x00	; 0
    0000020A 00                     630 	.db #0x00	; 0
    0000020B 00                     631 	.db #0x00	; 0
    0000020C 00                     632 	.db #0x00	; 0
    0000020D FF                     633 	.db #0xff	; 255
    0000020E 00                     634 	.db #0x00	; 0
    0000020F 00                     635 	.db #0x00	; 0
    00000210 00                     636 	.db #0x00	; 0
    00000211 00                     637 	.db #0x00	; 0
    00000212 00                     638 	.db #0x00	; 0
    00000213 00                     639 	.db #0x00	; 0
    00000214 00                     640 	.db #0x00	; 0
    00000215 00                     641 	.db #0x00	; 0
    00000216 00                     642 	.db #0x00	; 0
    00000217 00                     643 	.db #0x00	; 0
    00000218 00                     644 	.db #0x00	; 0
    00000219 00                     645 	.db #0x00	; 0
    0000021A 00                     646 	.db #0x00	; 0
    0000021B 00                     647 	.db #0x00	; 0
    0000021C 01                     648 	.db #0x01	; 1
    0000021D FF                     649 	.db #0xff	; 255
    0000021E 00                     650 	.db #0x00	; 0
    0000021F 00                     651 	.db #0x00	; 0
    00000220 00                     652 	.db #0x00	; 0
    00000221 00                     653 	.db #0x00	; 0
    00000222 00                     654 	.db #0x00	; 0
    00000223 00                     655 	.db #0x00	; 0
    00000224 00                     656 	.db #0x00	; 0
    00000225 00                     657 	.db #0x00	; 0
    00000226 00                     658 	.db #0x00	; 0
    00000227 00                     659 	.db #0x00	; 0
    00000228 00                     660 	.db #0x00	; 0
    00000229 00                     661 	.db #0x00	; 0
    0000022A 00                     662 	.db #0x00	; 0
    0000022B 00                     663 	.db #0x00	; 0
    0000022C 00                     664 	.db #0x00	; 0
    0000022D 1F                     665 	.db #0x1f	; 31
    0000022E 23                     666 	.db #0x23	; 35
    0000022F 5F                     667 	.db #0x5f	; 95
    00000230 FF                     668 	.db #0xff	; 255
    00000231 E3                     669 	.db #0xe3	; 227
    00000232 CF                     670 	.db #0xcf	; 207
    00000233 1D                     671 	.db #0x1d	; 29
    00000234 00                     672 	.db #0x00	; 0
    00000235 1F                     673 	.db #0x1f	; 31
    00000236 3F                     674 	.db #0x3f	; 63
    00000237 7F                     675 	.db #0x7f	; 127
    00000238 70                     676 	.db #0x70	; 112	'p'
    00000239 63                     677 	.db #0x63	; 99	'c'
    0000023A 0F                     678 	.db #0x0f	; 15
    0000023B 1F                     679 	.db #0x1f	; 31
    0000023C 00                     680 	.db #0x00	; 0
    0000023D 81                     681 	.db #0x81	; 129
    0000023E C2                     682 	.db #0xc2	; 194
    0000023F E5                     683 	.db #0xe5	; 229
    00000240 EF                     684 	.db #0xef	; 239
    00000241 EF                     685 	.db #0xef	; 239
    00000242 EF                     686 	.db #0xef	; 239
    00000243 CF                     687 	.db #0xcf	; 207
    00000244 00                     688 	.db #0x00	; 0
    00000245 81                     689 	.db #0x81	; 129
    00000246 C3                     690 	.db #0xc3	; 195
    00000247 E7                     691 	.db #0xe7	; 231
    00000248 E7                     692 	.db #0xe7	; 231
    00000249 E7                     693 	.db #0xe7	; 231
    0000024A E7                     694 	.db #0xe7	; 231
    0000024B C7                     695 	.db #0xc7	; 199
    0000024C 00                     696 	.db #0x00	; 0
    0000024D F8                     697 	.db #0xf8	; 248
    0000024E 7C                     698 	.db #0x7c	; 124
    0000024F FE                     699 	.db #0xfe	; 254
    00000250 BE                     700 	.db #0xbe	; 190
    00000251 BE                     701 	.db #0xbe	; 190
    00000252 BE                     702 	.db #0xbe	; 190
    00000253 BE                     703 	.db #0xbe	; 190
    00000254 00                     704 	.db #0x00	; 0
    00000255 F8                     705 	.db #0xf8	; 248
    00000256 FC                     706 	.db #0xfc	; 252
    00000257 9E                     707 	.db #0x9e	; 158
    00000258 9E                     708 	.db #0x9e	; 158
    00000259 9E                     709 	.db #0x9e	; 158
    0000025A 9E                     710 	.db #0x9e	; 158
    0000025B 9E                     711 	.db #0x9e	; 158
    0000025C 3B                     712 	.db #0x3b	; 59
    0000025D 7F                     713 	.db #0x7f	; 127
    0000025E FC                     714 	.db #0xfc	; 252
    0000025F FF                     715 	.db #0xff	; 255
    00000260 FE                     716 	.db #0xfe	; 254
    00000261 FF                     717 	.db #0xff	; 255
    00000262 7F                     718 	.db #0x7f	; 127
    00000263 00                     719 	.db #0x00	; 0
    00000264 3F                     720 	.db #0x3f	; 63
    00000265 7E                     721 	.db #0x7e	; 126
    00000266 78                     722 	.db #0x78	; 120	'x'
    00000267 7F                     723 	.db #0x7f	; 127
    00000268 7F                     724 	.db #0x7f	; 127
    00000269 3F                     725 	.db #0x3f	; 63
    0000026A 00                     726 	.db #0x00	; 0
    0000026B 00                     727 	.db #0x00	; 0
    0000026C 8F                     728 	.db #0x8f	; 143
    0000026D 0F                     729 	.db #0x0f	; 15
    0000026E 0F                     730 	.db #0x0f	; 15
    0000026F CF                     731 	.db #0xcf	; 207
    00000270 6F                     732 	.db #0x6f	; 111	'o'
    00000271 E7                     733 	.db #0xe7	; 231
    00000272 C3                     734 	.db #0xc3	; 195
    00000273 00                     735 	.db #0x00	; 0
    00000274 87                     736 	.db #0x87	; 135
    00000275 07                     737 	.db #0x07	; 7
    00000276 07                     738 	.db #0x07	; 7
    00000277 C7                     739 	.db #0xc7	; 199
    00000278 E3                     740 	.db #0xe3	; 227
    00000279 E1                     741 	.db #0xe1	; 225
    0000027A 00                     742 	.db #0x00	; 0
    0000027B 00                     743 	.db #0x00	; 0
    0000027C BE                     744 	.db #0xbe	; 190
    0000027D BE                     745 	.db #0xbe	; 190
    0000027E B6                     746 	.db #0xb6	; 182
    0000027F B6                     747 	.db #0xb6	; 182
    00000280 FC                     748 	.db #0xfc	; 252
    00000281 F8                     749 	.db #0xf8	; 248
    00000282 F0                     750 	.db #0xf0	; 240
    00000283 00                     751 	.db #0x00	; 0
    00000284 9E                     752 	.db #0x9e	; 158
    00000285 9E                     753 	.db #0x9e	; 158
    00000286 9E                     754 	.db #0x9e	; 158
    00000287 9E                     755 	.db #0x9e	; 158
    00000288 FC                     756 	.db #0xfc	; 252
    00000289 F8                     757 	.db #0xf8	; 248
    0000028A 00                     758 	.db #0x00	; 0
    0000028B 00                     759 	.db #0x00	; 0
    0000028C                        760 _GBDK_2020_logo_map:
    0000028C 00                     761 	.db #0x00	; 0
    0000028D 00                     762 	.db #0x00	; 0
    0000028E 00                     763 	.db #0x00	; 0
    0000028F 00                     764 	.db #0x00	; 0
    00000290 00                     765 	.db #0x00	; 0
    00000291 00                     766 	.db #0x00	; 0
    00000292 00                     767 	.db #0x00	; 0
    00000293 00                     768 	.db #0x00	; 0
    00000294 00                     769 	.db #0x00	; 0
    00000295 00                     770 	.db #0x00	; 0
    00000296 00                     771 	.db #0x00	; 0
    00000297 00                     772 	.db #0x00	; 0
    00000298 00                     773 	.db #0x00	; 0
    00000299 00                     774 	.db #0x00	; 0
    0000029A 00                     775 	.db #0x00	; 0
    0000029B 00                     776 	.db #0x00	; 0
    0000029C 00                     777 	.db #0x00	; 0
    0000029D 00                     778 	.db #0x00	; 0
    0000029E 00                     779 	.db #0x00	; 0
    0000029F 00                     780 	.db #0x00	; 0
    000002A0 00                     781 	.db #0x00	; 0
    000002A1 00                     782 	.db #0x00	; 0
    000002A2 00                     783 	.db #0x00	; 0
    000002A3 00                     784 	.db #0x00	; 0
    000002A4 00                     785 	.db #0x00	; 0
    000002A5 00                     786 	.db #0x00	; 0
    000002A6 00                     787 	.db #0x00	; 0
    000002A7 00                     788 	.db #0x00	; 0
    000002A8 00                     789 	.db #0x00	; 0
    000002A9 00                     790 	.db #0x00	; 0
    000002AA 00                     791 	.db #0x00	; 0
    000002AB 00                     792 	.db #0x00	; 0
    000002AC 00                     793 	.db #0x00	; 0
    000002AD 00                     794 	.db #0x00	; 0
    000002AE 00                     795 	.db #0x00	; 0
    000002AF 00                     796 	.db #0x00	; 0
    000002B0 00                     797 	.db #0x00	; 0
    000002B1 00                     798 	.db #0x00	; 0
    000002B2 00                     799 	.db #0x00	; 0
    000002B3 00                     800 	.db #0x00	; 0
    000002B4 00                     801 	.db #0x00	; 0
    000002B5 00                     802 	.db #0x00	; 0
    000002B6 00                     803 	.db #0x00	; 0
    000002B7 00                     804 	.db #0x00	; 0
    000002B8 00                     805 	.db #0x00	; 0
    000002B9 00                     806 	.db #0x00	; 0
    000002BA 00                     807 	.db #0x00	; 0
    000002BB 00                     808 	.db #0x00	; 0
    000002BC 00                     809 	.db #0x00	; 0
    000002BD 00                     810 	.db #0x00	; 0
    000002BE 00                     811 	.db #0x00	; 0
    000002BF 00                     812 	.db #0x00	; 0
    000002C0 00                     813 	.db #0x00	; 0
    000002C1 00                     814 	.db #0x00	; 0
    000002C2 00                     815 	.db #0x00	; 0
    000002C3 00                     816 	.db #0x00	; 0
    000002C4 00                     817 	.db #0x00	; 0
    000002C5 00                     818 	.db #0x00	; 0
    000002C6 00                     819 	.db #0x00	; 0
    000002C7 00                     820 	.db #0x00	; 0
    000002C8 00                     821 	.db #0x00	; 0
    000002C9 00                     822 	.db #0x00	; 0
    000002CA 00                     823 	.db #0x00	; 0
    000002CB 00                     824 	.db #0x00	; 0
    000002CC 00                     825 	.db #0x00	; 0
    000002CD 00                     826 	.db #0x00	; 0
    000002CE 00                     827 	.db #0x00	; 0
    000002CF 00                     828 	.db #0x00	; 0
    000002D0 00                     829 	.db #0x00	; 0
    000002D1 01                     830 	.db #0x01	; 1
    000002D2 02                     831 	.db #0x02	; 2
    000002D3 03                     832 	.db #0x03	; 3
    000002D4 04                     833 	.db #0x04	; 4
    000002D5 00                     834 	.db #0x00	; 0
    000002D6 00                     835 	.db #0x00	; 0
    000002D7 00                     836 	.db #0x00	; 0
    000002D8 00                     837 	.db #0x00	; 0
    000002D9 00                     838 	.db #0x00	; 0
    000002DA 00                     839 	.db #0x00	; 0
    000002DB 00                     840 	.db #0x00	; 0
    000002DC 00                     841 	.db #0x00	; 0
    000002DD 00                     842 	.db #0x00	; 0
    000002DE 00                     843 	.db #0x00	; 0
    000002DF 00                     844 	.db #0x00	; 0
    000002E0 00                     845 	.db #0x00	; 0
    000002E1 00                     846 	.db #0x00	; 0
    000002E2 00                     847 	.db #0x00	; 0
    000002E3 00                     848 	.db #0x00	; 0
    000002E4 05                     849 	.db #0x05	; 5
    000002E5 06                     850 	.db #0x06	; 6
    000002E6 07                     851 	.db #0x07	; 7
    000002E7 08                     852 	.db #0x08	; 8
    000002E8 09                     853 	.db #0x09	; 9
    000002E9 0A                     854 	.db #0x0a	; 10
    000002EA 00                     855 	.db #0x00	; 0
    000002EB 00                     856 	.db #0x00	; 0
    000002EC 00                     857 	.db #0x00	; 0
    000002ED 00                     858 	.db #0x00	; 0
    000002EE 00                     859 	.db #0x00	; 0
    000002EF 00                     860 	.db #0x00	; 0
    000002F0 00                     861 	.db #0x00	; 0
    000002F1 00                     862 	.db #0x00	; 0
    000002F2 00                     863 	.db #0x00	; 0
    000002F3 00                     864 	.db #0x00	; 0
    000002F4 00                     865 	.db #0x00	; 0
    000002F5 00                     866 	.db #0x00	; 0
    000002F6 00                     867 	.db #0x00	; 0
    000002F7 00                     868 	.db #0x00	; 0
    000002F8 0B                     869 	.db #0x0b	; 11
    000002F9 0C                     870 	.db #0x0c	; 12
    000002FA 0D                     871 	.db #0x0d	; 13
    000002FB 0E                     872 	.db #0x0e	; 14
    000002FC 0F                     873 	.db #0x0f	; 15
    000002FD 10                     874 	.db #0x10	; 16
    000002FE 00                     875 	.db #0x00	; 0
    000002FF 00                     876 	.db #0x00	; 0
    00000300 00                     877 	.db #0x00	; 0
    00000301 00                     878 	.db #0x00	; 0
    00000302 00                     879 	.db #0x00	; 0
    00000303 00                     880 	.db #0x00	; 0
    00000304 00                     881 	.db #0x00	; 0
    00000305 00                     882 	.db #0x00	; 0
    00000306 00                     883 	.db #0x00	; 0
    00000307 00                     884 	.db #0x00	; 0
    00000308 00                     885 	.db #0x00	; 0
    00000309 00                     886 	.db #0x00	; 0
    0000030A 00                     887 	.db #0x00	; 0
    0000030B 00                     888 	.db #0x00	; 0
    0000030C 00                     889 	.db #0x00	; 0
    0000030D 00                     890 	.db #0x00	; 0
    0000030E 00                     891 	.db #0x00	; 0
    0000030F 00                     892 	.db #0x00	; 0
    00000310 00                     893 	.db #0x00	; 0
    00000311 00                     894 	.db #0x00	; 0
    00000312 00                     895 	.db #0x00	; 0
    00000313 00                     896 	.db #0x00	; 0
    00000314 00                     897 	.db #0x00	; 0
    00000315 00                     898 	.db #0x00	; 0
    00000316 00                     899 	.db #0x00	; 0
    00000317 00                     900 	.db #0x00	; 0
    00000318 00                     901 	.db #0x00	; 0
    00000319 00                     902 	.db #0x00	; 0
    0000031A 00                     903 	.db #0x00	; 0
    0000031B 00                     904 	.db #0x00	; 0
    0000031C 00                     905 	.db #0x00	; 0
    0000031D 00                     906 	.db #0x00	; 0
    0000031E 00                     907 	.db #0x00	; 0
    0000031F 00                     908 	.db #0x00	; 0
    00000320 00                     909 	.db #0x00	; 0
    00000321 00                     910 	.db #0x00	; 0
    00000322 00                     911 	.db #0x00	; 0
    00000323 00                     912 	.db #0x00	; 0
    00000324 00                     913 	.db #0x00	; 0
    00000325 00                     914 	.db #0x00	; 0
    00000326 00                     915 	.db #0x00	; 0
    00000327 00                     916 	.db #0x00	; 0
    00000328 00                     917 	.db #0x00	; 0
    00000329 00                     918 	.db #0x00	; 0
    0000032A 00                     919 	.db #0x00	; 0
    0000032B 00                     920 	.db #0x00	; 0
    0000032C 00                     921 	.db #0x00	; 0
    0000032D 00                     922 	.db #0x00	; 0
    0000032E 00                     923 	.db #0x00	; 0
    0000032F 00                     924 	.db #0x00	; 0
    00000330 00                     925 	.db #0x00	; 0
    00000331 00                     926 	.db #0x00	; 0
    00000332 00                     927 	.db #0x00	; 0
    00000333 00                     928 	.db #0x00	; 0
    00000334 00                     929 	.db #0x00	; 0
    00000335 00                     930 	.db #0x00	; 0
    00000336 11                     931 	.db #0x11	; 17
    00000337 12                     932 	.db #0x12	; 18
    00000338 00                     933 	.db #0x00	; 0
    00000339 00                     934 	.db #0x00	; 0
    0000033A 00                     935 	.db #0x00	; 0
    0000033B 00                     936 	.db #0x00	; 0
    0000033C 00                     937 	.db #0x00	; 0
    0000033D 00                     938 	.db #0x00	; 0
    0000033E 00                     939 	.db #0x00	; 0
    0000033F 00                     940 	.db #0x00	; 0
    00000340 00                     941 	.db #0x00	; 0
    00000341 00                     942 	.db #0x00	; 0
    00000342 00                     943 	.db #0x00	; 0
    00000343 00                     944 	.db #0x00	; 0
    00000344 00                     945 	.db #0x00	; 0
    00000345 00                     946 	.db #0x00	; 0
    00000346 00                     947 	.db #0x00	; 0
    00000347 00                     948 	.db #0x00	; 0
    00000348 00                     949 	.db #0x00	; 0
    00000349 13                     950 	.db #0x13	; 19
    0000034A 14                     951 	.db #0x14	; 20
    0000034B 15                     952 	.db #0x15	; 21
    0000034C 16                     953 	.db #0x16	; 22
    0000034D 00                     954 	.db #0x00	; 0
    0000034E 00                     955 	.db #0x00	; 0
    0000034F 00                     956 	.db #0x00	; 0
    00000350 00                     957 	.db #0x00	; 0
    00000351 00                     958 	.db #0x00	; 0
    00000352 00                     959 	.db #0x00	; 0
    00000353 00                     960 	.db #0x00	; 0
    00000354 00                     961 	.db #0x00	; 0
    00000355 00                     962 	.db #0x00	; 0
    00000356 00                     963 	.db #0x00	; 0
    00000357 00                     964 	.db #0x00	; 0
    00000358 00                     965 	.db #0x00	; 0
    00000359 00                     966 	.db #0x00	; 0
    0000035A 00                     967 	.db #0x00	; 0
    0000035B 00                     968 	.db #0x00	; 0
    0000035C 00                     969 	.db #0x00	; 0
    0000035D 17                     970 	.db #0x17	; 23
    0000035E 18                     971 	.db #0x18	; 24
    0000035F 19                     972 	.db #0x19	; 25
    00000360 1A                     973 	.db #0x1a	; 26
    00000361 00                     974 	.db #0x00	; 0
    00000362 00                     975 	.db #0x00	; 0
    00000363 00                     976 	.db #0x00	; 0
    00000364 00                     977 	.db #0x00	; 0
    00000365 00                     978 	.db #0x00	; 0
    00000366 00                     979 	.db #0x00	; 0
    00000367 00                     980 	.db #0x00	; 0
    00000368 00                     981 	.db #0x00	; 0
    00000369 00                     982 	.db #0x00	; 0
    0000036A 00                     983 	.db #0x00	; 0
    0000036B 00                     984 	.db #0x00	; 0
    0000036C 00                     985 	.db #0x00	; 0
    0000036D 00                     986 	.db #0x00	; 0
    0000036E 00                     987 	.db #0x00	; 0
    0000036F 00                     988 	.db #0x00	; 0
    00000370 00                     989 	.db #0x00	; 0
    00000371 1B                     990 	.db #0x1b	; 27
    00000372 1C                     991 	.db #0x1c	; 28
    00000373 1D                     992 	.db #0x1d	; 29
    00000374 1E                     993 	.db #0x1e	; 30
    00000375 00                     994 	.db #0x00	; 0
    00000376 00                     995 	.db #0x00	; 0
    00000377 00                     996 	.db #0x00	; 0
    00000378 00                     997 	.db #0x00	; 0
    00000379 00                     998 	.db #0x00	; 0
    0000037A 00                     999 	.db #0x00	; 0
    0000037B 00                    1000 	.db #0x00	; 0
    0000037C 00                    1001 	.db #0x00	; 0
    0000037D 00                    1002 	.db #0x00	; 0
    0000037E 00                    1003 	.db #0x00	; 0
    0000037F 00                    1004 	.db #0x00	; 0
    00000380 00                    1005 	.db #0x00	; 0
    00000381 00                    1006 	.db #0x00	; 0
    00000382 00                    1007 	.db #0x00	; 0
    00000383 00                    1008 	.db #0x00	; 0
    00000384 00                    1009 	.db #0x00	; 0
    00000385 1F                    1010 	.db #0x1f	; 31
    00000386 20                    1011 	.db #0x20	; 32
    00000387 20                    1012 	.db #0x20	; 32
    00000388 21                    1013 	.db #0x21	; 33
    00000389 00                    1014 	.db #0x00	; 0
    0000038A 00                    1015 	.db #0x00	; 0
    0000038B 00                    1016 	.db #0x00	; 0
    0000038C 00                    1017 	.db #0x00	; 0
    0000038D 00                    1018 	.db #0x00	; 0
    0000038E 00                    1019 	.db #0x00	; 0
    0000038F 00                    1020 	.db #0x00	; 0
    00000390 00                    1021 	.db #0x00	; 0
    00000391 00                    1022 	.db #0x00	; 0
    00000392 00                    1023 	.db #0x00	; 0
    00000393 00                    1024 	.db #0x00	; 0
    00000394 00                    1025 	.db #0x00	; 0
    00000395 00                    1026 	.db #0x00	; 0
    00000396 00                    1027 	.db #0x00	; 0
    00000397 00                    1028 	.db #0x00	; 0
    00000398 00                    1029 	.db #0x00	; 0
    00000399 00                    1030 	.db #0x00	; 0
    0000039A 00                    1031 	.db #0x00	; 0
    0000039B 00                    1032 	.db #0x00	; 0
    0000039C 00                    1033 	.db #0x00	; 0
    0000039D 00                    1034 	.db #0x00	; 0
    0000039E 00                    1035 	.db #0x00	; 0
    0000039F 00                    1036 	.db #0x00	; 0
    000003A0 00                    1037 	.db #0x00	; 0
    000003A1 00                    1038 	.db #0x00	; 0
    000003A2 00                    1039 	.db #0x00	; 0
    000003A3 00                    1040 	.db #0x00	; 0
    000003A4 00                    1041 	.db #0x00	; 0
    000003A5 00                    1042 	.db #0x00	; 0
    000003A6 00                    1043 	.db #0x00	; 0
    000003A7 00                    1044 	.db #0x00	; 0
    000003A8 00                    1045 	.db #0x00	; 0
    000003A9 00                    1046 	.db #0x00	; 0
    000003AA 00                    1047 	.db #0x00	; 0
    000003AB 00                    1048 	.db #0x00	; 0
    000003AC 22                    1049 	.db #0x22	; 34
    000003AD 23                    1050 	.db #0x23	; 35
    000003AE 24                    1051 	.db #0x24	; 36
    000003AF 22                    1052 	.db #0x22	; 34
    000003B0 23                    1053 	.db #0x23	; 35
    000003B1 24                    1054 	.db #0x24	; 36
    000003B2 00                    1055 	.db #0x00	; 0
    000003B3 00                    1056 	.db #0x00	; 0
    000003B4 00                    1057 	.db #0x00	; 0
    000003B5 00                    1058 	.db #0x00	; 0
    000003B6 00                    1059 	.db #0x00	; 0
    000003B7 00                    1060 	.db #0x00	; 0
    000003B8 00                    1061 	.db #0x00	; 0
    000003B9 00                    1062 	.db #0x00	; 0
    000003BA 00                    1063 	.db #0x00	; 0
    000003BB 00                    1064 	.db #0x00	; 0
    000003BC 00                    1065 	.db #0x00	; 0
    000003BD 00                    1066 	.db #0x00	; 0
    000003BE 00                    1067 	.db #0x00	; 0
    000003BF 00                    1068 	.db #0x00	; 0
    000003C0 25                    1069 	.db #0x25	; 37
    000003C1 26                    1070 	.db #0x26	; 38
    000003C2 27                    1071 	.db #0x27	; 39
    000003C3 25                    1072 	.db #0x25	; 37
    000003C4 26                    1073 	.db #0x26	; 38
    000003C5 27                    1074 	.db #0x27	; 39
    000003C6 00                    1075 	.db #0x00	; 0
    000003C7 00                    1076 	.db #0x00	; 0
    000003C8 00                    1077 	.db #0x00	; 0
    000003C9 00                    1078 	.db #0x00	; 0
    000003CA 00                    1079 	.db #0x00	; 0
    000003CB 00                    1080 	.db #0x00	; 0
    000003CC 00                    1081 	.db #0x00	; 0
    000003CD 00                    1082 	.db #0x00	; 0
    000003CE 00                    1083 	.db #0x00	; 0
    000003CF 00                    1084 	.db #0x00	; 0
    000003D0 00                    1085 	.db #0x00	; 0
    000003D1 00                    1086 	.db #0x00	; 0
    000003D2 00                    1087 	.db #0x00	; 0
    000003D3 00                    1088 	.db #0x00	; 0
    000003D4 00                    1089 	.db #0x00	; 0
    000003D5 00                    1090 	.db #0x00	; 0
    000003D6 00                    1091 	.db #0x00	; 0
    000003D7 00                    1092 	.db #0x00	; 0
    000003D8 00                    1093 	.db #0x00	; 0
    000003D9 00                    1094 	.db #0x00	; 0
    000003DA 00                    1095 	.db #0x00	; 0
    000003DB 00                    1096 	.db #0x00	; 0
    000003DC 00                    1097 	.db #0x00	; 0
    000003DD 00                    1098 	.db #0x00	; 0
    000003DE 00                    1099 	.db #0x00	; 0
    000003DF 00                    1100 	.db #0x00	; 0
    000003E0 00                    1101 	.db #0x00	; 0
    000003E1 00                    1102 	.db #0x00	; 0
    000003E2 00                    1103 	.db #0x00	; 0
    000003E3 00                    1104 	.db #0x00	; 0
    000003E4 00                    1105 	.db #0x00	; 0
    000003E5 00                    1106 	.db #0x00	; 0
    000003E6 00                    1107 	.db #0x00	; 0
    000003E7 00                    1108 	.db #0x00	; 0
    000003E8 00                    1109 	.db #0x00	; 0
    000003E9 00                    1110 	.db #0x00	; 0
    000003EA 00                    1111 	.db #0x00	; 0
    000003EB 00                    1112 	.db #0x00	; 0
    000003EC 00                    1113 	.db #0x00	; 0
    000003ED 00                    1114 	.db #0x00	; 0
    000003EE 00                    1115 	.db #0x00	; 0
    000003EF 00                    1116 	.db #0x00	; 0
    000003F0 00                    1117 	.db #0x00	; 0
    000003F1 00                    1118 	.db #0x00	; 0
    000003F2 00                    1119 	.db #0x00	; 0
    000003F3 00                    1120 	.db #0x00	; 0
    000003F4                       1121 _GBDK_2020_logo_map_attributes:
    000003F4 00                    1122 	.db #0x00	; 0
    000003F5 00                    1123 	.db #0x00	; 0
    000003F6 00                    1124 	.db #0x00	; 0
    000003F7 00                    1125 	.db #0x00	; 0
    000003F8 00                    1126 	.db #0x00	; 0
    000003F9 00                    1127 	.db #0x00	; 0
    000003FA 00                    1128 	.db #0x00	; 0
    000003FB 05                    1129 	.db #0x05	; 5
    000003FC 01                    1130 	.db #0x01	; 1
    000003FD 00                    1131 	.db #0x00	; 0
    000003FE 00                    1132 	.db #0x00	; 0
    000003FF 00                    1133 	.db #0x00	; 0
    00000400 08                    1134 	.db #0x08	; 8
    00000401 02                    1135 	.db #0x02	; 2
    00000402 00                    1136 	.db #0x00	; 0
    00000403 00                    1137 	.db #0x00	; 0
    00000404 00                    1138 	.db #0x00	; 0
    00000405 50                    1139 	.db #0x50	; 80	'P'
    00000406 10                    1140 	.db #0x10	; 16
    00000407 00                    1141 	.db #0x00	; 0
    00000408 00                    1142 	.db #0x00	; 0
    00000409 00                    1143 	.db #0x00	; 0
    0000040A 00                    1144 	.db #0x00	; 0
    0000040B 00                    1145 	.db #0x00	; 0
    0000040C 00                    1146 	.db #0x00	; 0
    0000040D 00                    1147 	.db #0x00	; 0
    0000040E 00                    1148 	.db #0x00	; 0
    0000040F 00                    1149 	.db #0x00	; 0
    00000410 00                    1150 	.db #0x00	; 0
    00000411 00                    1151 	.db #0x00	; 0
    00000412 00                    1152 	.db #0x00	; 0
    00000413 00                    1153 	.db #0x00	; 0
    00000414 00                    1154 	.db #0x00	; 0
    00000415 00                    1155 	.db #0x00	; 0
    00000416 00                    1156 	.db #0x00	; 0
    00000417 00                    1157 	.db #0x00	; 0
    00000418 00                    1158 	.db #0x00	; 0
    00000419 00                    1159 	.db #0x00	; 0
    0000041A 00                    1160 	.db #0x00	; 0
    0000041B 00                    1161 	.db #0x00	; 0
                                   1162 	.area _XINIT
                                   1163 	.area _CABS    (ABS)
