                                      1 ;--------------------------------------------------------
                                      2 ; File Created by SDCC : free open source ISO C Compiler
                                      3 ; Version 4.5.1 #15267 (Mac OS X ppc)
                                      4 ;--------------------------------------------------------
                                      5 	.module banks
                                      6 	
                                      7 ;; Ordering of segments for the linker.
                                      8 	.area _ZP      (PAG)
                                      9 	.area _OSEG    (PAG, OVR)
                                     10 	.area _HOME
                                     11 	.area _GSINIT
                                     12 	.area _GSFINAL
                                     13 	.area _CODE
                                     14 	.area _XINIT
                                     15 	.area _DATA
                                     16 	.area _DATA
                                     17 	.area _BSS
                                     18 ;--------------------------------------------------------
                                     19 ; Public variables in this module
                                     20 ;--------------------------------------------------------
                                     21 	.globl _some_const_var_0
                                     22 	.globl _main
                                     23 	.globl _bank_fixed
                                     24 	.globl b_func_4
                                     25 	.globl _func_4
                                     26 	.globl b_func_3
                                     27 	.globl _func_3
                                     28 	.globl b_func_2
                                     29 	.globl _func_2
                                     30 	.globl b_func_1
                                     31 	.globl _func_1
                                     32 	.globl _puts
                                     33 	.globl _printf
                                     34 	.globl __switch_prg0
                                     35 	.globl _vsync
                                     36 	.globl _OAMDMA
                                     37 	.globl _PPUDATA
                                     38 	.globl _PPUADDR
                                     39 	.globl _PPUSCROLL
                                     40 	.globl _OAMDATA
                                     41 	.globl _OAMADDR
                                     42 	.globl _PPUSTATUS
                                     43 	.globl _PPUMASK
                                     44 	.globl _PPUCTRL
                                     45 ;--------------------------------------------------------
                                     46 ; ZP ram data
                                     47 ;--------------------------------------------------------
                                     48 	.area _ZP      (PAG)
    00000000                         49 _main_sloc0_1_0:
    00000000                         50 	.ds 2
                                     51 ;--------------------------------------------------------
                                     52 ; overlayable items in ram
                                     53 ;--------------------------------------------------------
                                     54 ;--------------------------------------------------------
                                     55 ; uninitialized external ram data
                                     56 ;--------------------------------------------------------
                                     57 	.area _BSS
                         00002000    58 _PPUCTRL	=	0x2000
                         00002001    59 _PPUMASK	=	0x2001
                         00002002    60 _PPUSTATUS	=	0x2002
                         00002003    61 _OAMADDR	=	0x2003
                         00002004    62 _OAMDATA	=	0x2004
                         00002005    63 _PPUSCROLL	=	0x2005
                         00002006    64 _PPUADDR	=	0x2006
                         00002007    65 _PPUDATA	=	0x2007
                         00004014    66 _OAMDMA	=	0x4014
    00000000                         67 _main__saved_bank_10000_112:
    00000000                         68 	.ds 1
                                     69 ;--------------------------------------------------------
                                     70 ; absolute external ram data
                                     71 ;--------------------------------------------------------
                                     72 	.area _DABS    (ABS)
                                     73 ;--------------------------------------------------------
                                     74 ; initialized external ram data
                                     75 ;--------------------------------------------------------
                                     76 	.area _DATA
                                     77 ;--------------------------------------------------------
                                     78 ; global & static initialisations
                                     79 ;--------------------------------------------------------
                                     80 	.area _HOME
                                     81 	.area _GSINIT
                                     82 	.area _GSFINAL
                                     83 	.area _GSINIT
                                     84 ;--------------------------------------------------------
                                     85 ; Home
                                     86 ;--------------------------------------------------------
                                     87 	.area _HOME
                                     88 ;	src/banks.c: 17: void bank_fixed(void) NONBANKED
                                     89 ;	genLabel
                                     90 ;	Raw cost for generated ic 0 : (0, 0.000000) count=1.000000
                                     91 ;	-----------------------------------------
                                     92 ;	 function bank_fixed
                                     93 ;	-----------------------------------------
                                     94 ;	Register assignment is optimal.
                                     95 ;	Stack space usage: 0 bytes.
    00000000                         96 _bank_fixed:
                                     97 ;	Raw cost for generated ic 1 : (0, 0.000000) count=1.000000
                                     98 ;	src/banks.c: 19: puts("I'm in fixed ROM");
                                     99 ;	skipping iCode since result will be rematerialized
                                    100 ;	Raw cost for generated ic 2 : (0, 0.000000) count=1.000000
                                    101 ;	skipping iCode since result will be rematerialized
                                    102 ;	Raw cost for generated ic 3 : (0, 0.000000) count=1.000000
                                    103 ;	Raw cost for generated ic 4 : (0, 0.000000) count=1.000000
                                    104 ;	genCall
                                    105 ;	genSend
    00000000 A2s00            [ 2]  106 	ldx	#>___str_0
    00000002 A9rFC            [ 2]  107 	lda	#___str_0
                                    108 ;	Raw cost for generated ic 5 : (7, 10.000000) count=1.000000
                                    109 ;	genLabel
                                    110 ;	Raw cost for generated ic 6 : (0, 0.000000) count=1.000000
                                    111 ;	src/banks.c: 20: }
                                    112 ;	genEndFunction
    00000004 4Cr00r00         [ 3]  113 	jmp	_puts
                                    114 ;	Raw cost for generated ic 7 : (1, 6.000000) count=1.000000
                                    115 	.area _HOME
                                    116 ;--------------------------------------------------------
                                    117 ; code
                                    118 ;--------------------------------------------------------
                                    119 	.area _CODE
                                    120 ;------------------------------------------------------------
                                    121 ;Allocation info for local variables in function 'bank_fixed'
                                    122 ;------------------------------------------------------------
                                    123 ;------------------------------------------------------------
                                    124 ;Allocation info for local variables in function 'main'
                                    125 ;------------------------------------------------------------
                                    126 ;sloc0         Allocated with name '_main_sloc0_1_0'
                                    127 ;_saved_bank   Allocated with name '_main__saved_bank_10000_112'
                                    128 ;------------------------------------------------------------
                                    129 ;	src/banks.c: 22: void main(void)
                                    130 ;	genLabel
                                    131 ;	Raw cost for generated ic 0 : (0, 0.000000) count=1.000000
                                    132 ;	-----------------------------------------
                                    133 ;	 function main
                                    134 ;	-----------------------------------------
                                    135 ;	Register assignment is optimal.
                                    136 ;	Stack space usage: 0 bytes.
    00000000                        137 _main:
                                    138 ;	Raw cost for generated ic 1 : (0, 0.000000) count=1.000000
                                    139 ;	src/banks.c: 29: printf("Program Start...\n\n");
                                    140 ;	skipping iCode since result will be rematerialized
                                    141 ;	Raw cost for generated ic 2 : (0, 0.000000) count=1.000000
                                    142 ;	skipping iCode since result will be rematerialized
                                    143 ;	Raw cost for generated ic 3 : (0, 0.000000) count=1.000000
                                    144 ;	genIpush
    00000000 A9s01            [ 2]  145 	lda	#>___str_1
    00000002 48               [ 3]  146 	pha
    00000003 A9r0D            [ 2]  147 	lda	#___str_1
    00000005 48               [ 3]  148 	pha
                                    149 ;	Raw cost for generated ic 4 : (6, 10.000000) count=1.000000
                                    150 ;	genCall
    00000006 20r00r00         [ 6]  151 	jsr	_printf
    00000009 68               [ 4]  152 	pla
    0000000A 68               [ 4]  153 	pla
                                    154 ;	Raw cost for generated ic 5 : (5, 14.000000) count=1.000000
                                    155 ;	src/banks.c: 32: bank_fixed();
                                    156 ;	genCall
    0000000B 20r00r00         [ 6]  157 	jsr	_bank_fixed
                                    158 ;	Raw cost for generated ic 6 : (3, 6.000000) count=1.000000
                                    159 ;	src/banks.c: 34: func_1();
                                    160 ;	genCall
    0000000E 20r00r00         [ 6]  161 	jsr	___sdcc_bcall
    00000011r00                     162 	.db	b_func_1
    00000012rFFrFF                  163 	.dw 	_func_1-1
                                    164 ;	Raw cost for generated ic 7 : (0, 0.000000) count=1.000000
                                    165 ;	src/banks.c: 35: func_2();
                                    166 ;	genCall
    00000014 20r00r00         [ 6]  167 	jsr	___sdcc_bcall
    00000017r00                     168 	.db	b_func_2
    00000018rFFrFF                  169 	.dw 	_func_2-1
                                    170 ;	Raw cost for generated ic 8 : (0, 0.000000) count=1.000000
                                    171 ;	src/banks.c: 36: func_3();
                                    172 ;	genCall
    0000001A 20r00r00         [ 6]  173 	jsr	___sdcc_bcall
    0000001Dr00                     174 	.db	b_func_3
    0000001ErFFrFF                  175 	.dw 	_func_3-1
                                    176 ;	Raw cost for generated ic 9 : (0, 0.000000) count=1.000000
                                    177 ;	src/banks.c: 37: func_4();
                                    178 ;	genCall
    00000020 20r00r00         [ 6]  179 	jsr	___sdcc_bcall
    00000023r00                     180 	.db	b_func_4
    00000024rFFrFF                  181 	.dw 	_func_4-1
                                    182 ;	Raw cost for generated ic 10 : (0, 0.000000) count=1.000000
                                    183 ;	src/banks.c: 39: printf("\n");
                                    184 ;	skipping iCode since result will be rematerialized
                                    185 ;	Raw cost for generated ic 11 : (0, 0.000000) count=1.000000
                                    186 ;	skipping iCode since result will be rematerialized
                                    187 ;	Raw cost for generated ic 12 : (0, 0.000000) count=1.000000
                                    188 ;	genIpush
    00000026 A9s01            [ 2]  189 	lda	#>___str_2
    00000028 48               [ 3]  190 	pha
    00000029 A9r20            [ 2]  191 	lda	#___str_2
    0000002B 48               [ 3]  192 	pha
                                    193 ;	Raw cost for generated ic 13 : (6, 10.000000) count=1.000000
                                    194 ;	genCall
    0000002C 20r00r00         [ 6]  195 	jsr	_printf
    0000002F 68               [ 4]  196 	pla
    00000030 68               [ 4]  197 	pla
                                    198 ;	Raw cost for generated ic 14 : (5, 14.000000) count=1.000000
                                    199 ;	src/banks.c: 43: printf("Const0= %u nonbanked\n", some_const_var_0);
                                    200 ;	skipping iCode since result will be rematerialized
                                    201 ;	Raw cost for generated ic 16 : (0, 0.000000) count=1.000000
                                    202 ;	skipping iCode since result will be rematerialized
                                    203 ;	Raw cost for generated ic 17 : (0, 0.000000) count=1.000000
                                    204 ;	genIpush
    00000031 A9 00            [ 2]  205 	lda	#0x00
    00000033 48               [ 3]  206 	pha
    00000034 48               [ 3]  207 	pha
                                    208 ;	Raw cost for generated ic 18 : (4, 8.000000) count=1.000000
                                    209 ;	genIpush
    00000035 A9s01            [ 2]  210 	lda	#>___str_3
    00000037 48               [ 3]  211 	pha
    00000038 A9r22            [ 2]  212 	lda	#___str_3
    0000003A 48               [ 3]  213 	pha
                                    214 ;	Raw cost for generated ic 19 : (6, 10.000000) count=1.000000
                                    215 ;	genCall
    0000003B 20r00r00         [ 6]  216 	jsr	_printf
    0000003E 68               [ 4]  217 	pla
    0000003F 68               [ 4]  218 	pla
    00000040 68               [ 4]  219 	pla
    00000041 68               [ 4]  220 	pla
                                    221 ;	Raw cost for generated ic 20 : (7, 22.000000) count=1.000000
                                    222 ;	src/banks.c: 45: SWITCH_ROM(BANK(some_const_var_1));
                                    223 ;	skipping iCode since result will be rematerialized
                                    224 ;	Raw cost for generated ic 21 : (0, 0.000000) count=1.000000
                                    225 ;	genCast
                                    226 ;	genCopy
    00000042 A9r00            [ 2]  227 	lda	#___bank_some_const_var_1
                                    228 ;	Raw cost for generated ic 22 : (2, 2.000000) count=1.000000
                                    229 ;	Raw cost for generated ic 23 : (0, 0.000000) count=1.000000
                                    230 ;	genCall
                                    231 ;	genSend
    00000044 20r00r00         [ 6]  232 	jsr	__switch_prg0
                                    233 ;	Raw cost for generated ic 24 : (3, 6.000000) count=1.000000
                                    234 ;	src/banks.c: 46: printf("Const1= %u in bank %hu\n", some_const_var_1, BANK(some_const_var_1));
                                    235 ;	genCast
                                    236 ;	genCopy
    00000047 A9r00            [ 2]  237 	lda	#___bank_some_const_var_1
                                    238 ;	Raw cost for generated ic 26 : (2, 2.000000) count=1.000000
                                    239 ;	genCast
    00000049 AEr00r00         [ 4]  240 	ldx	_some_const_var_1
    0000004C 86*00            [ 3]  241 	stx	*_main_sloc0_1_0
    0000004E A2 00            [ 2]  242 	ldx	#0x00
    00000050 86*01            [ 3]  243 	stx	*(_main_sloc0_1_0 + 1)
                                    244 ;	Raw cost for generated ic 27 : (9, 12.000000) count=1.000000
                                    245 ;	skipping iCode since result will be rematerialized
                                    246 ;	Raw cost for generated ic 28 : (0, 0.000000) count=1.000000
                                    247 ;	skipping iCode since result will be rematerialized
                                    248 ;	Raw cost for generated ic 29 : (0, 0.000000) count=1.000000
                                    249 ;	genIpush
    00000052 48               [ 3]  250 	pha
                                    251 ;	Raw cost for generated ic 30 : (1, 3.000000) count=1.000000
                                    252 ;	genIpush
    00000053 A5*01            [ 3]  253 	lda	*(_main_sloc0_1_0 + 1)
    00000055 48               [ 3]  254 	pha
    00000056 A5*00            [ 3]  255 	lda	*_main_sloc0_1_0
    00000058 48               [ 3]  256 	pha
                                    257 ;	Raw cost for generated ic 31 : (6, 12.000000) count=1.000000
                                    258 ;	genIpush
    00000059 A9s01            [ 2]  259 	lda	#>___str_4
    0000005B 48               [ 3]  260 	pha
    0000005C A9r38            [ 2]  261 	lda	#___str_4
    0000005E 48               [ 3]  262 	pha
                                    263 ;	Raw cost for generated ic 32 : (6, 10.000000) count=1.000000
                                    264 ;	genCall
    0000005F 20r00r00         [ 6]  265 	jsr	_printf
    00000062 68               [ 4]  266 	pla
    00000063 68               [ 4]  267 	pla
    00000064 68               [ 4]  268 	pla
    00000065 68               [ 4]  269 	pla
    00000066 68               [ 4]  270 	pla
                                    271 ;	Raw cost for generated ic 33 : (8, 26.000000) count=1.000000
                                    272 ;	src/banks.c: 47: SWITCH_ROM(BANK(some_const_var_2));
                                    273 ;	skipping iCode since result will be rematerialized
                                    274 ;	Raw cost for generated ic 34 : (0, 0.000000) count=1.000000
                                    275 ;	genCast
                                    276 ;	genCopy
    00000067 A9r00            [ 2]  277 	lda	#___bank_some_const_var_2
                                    278 ;	Raw cost for generated ic 35 : (2, 2.000000) count=1.000000
                                    279 ;	Raw cost for generated ic 36 : (0, 0.000000) count=1.000000
                                    280 ;	genCall
                                    281 ;	genSend
    00000069 20r00r00         [ 6]  282 	jsr	__switch_prg0
                                    283 ;	Raw cost for generated ic 37 : (3, 6.000000) count=1.000000
                                    284 ;	src/banks.c: 48: printf("Const2= %u in bank %hu\n", some_const_var_2, BANK(some_const_var_2));
                                    285 ;	genCast
                                    286 ;	genCopy
    0000006C A9r00            [ 2]  287 	lda	#___bank_some_const_var_2
                                    288 ;	Raw cost for generated ic 39 : (2, 2.000000) count=1.000000
                                    289 ;	genCast
    0000006E AEr00r00         [ 4]  290 	ldx	_some_const_var_2
    00000071 86*00            [ 3]  291 	stx	*_main_sloc0_1_0
    00000073 A2 00            [ 2]  292 	ldx	#0x00
    00000075 86*01            [ 3]  293 	stx	*(_main_sloc0_1_0 + 1)
                                    294 ;	Raw cost for generated ic 40 : (9, 12.000000) count=1.000000
                                    295 ;	skipping iCode since result will be rematerialized
                                    296 ;	Raw cost for generated ic 41 : (0, 0.000000) count=1.000000
                                    297 ;	skipping iCode since result will be rematerialized
                                    298 ;	Raw cost for generated ic 42 : (0, 0.000000) count=1.000000
                                    299 ;	genIpush
    00000077 48               [ 3]  300 	pha
                                    301 ;	Raw cost for generated ic 43 : (1, 3.000000) count=1.000000
                                    302 ;	genIpush
    00000078 A5*01            [ 3]  303 	lda	*(_main_sloc0_1_0 + 1)
    0000007A 48               [ 3]  304 	pha
    0000007B A5*00            [ 3]  305 	lda	*_main_sloc0_1_0
    0000007D 48               [ 3]  306 	pha
                                    307 ;	Raw cost for generated ic 44 : (6, 12.000000) count=1.000000
                                    308 ;	genIpush
    0000007E A9s01            [ 2]  309 	lda	#>___str_5
    00000080 48               [ 3]  310 	pha
    00000081 A9r50            [ 2]  311 	lda	#___str_5
    00000083 48               [ 3]  312 	pha
                                    313 ;	Raw cost for generated ic 45 : (6, 10.000000) count=1.000000
                                    314 ;	genCall
    00000084 20r00r00         [ 6]  315 	jsr	_printf
    00000087 68               [ 4]  316 	pla
    00000088 68               [ 4]  317 	pla
    00000089 68               [ 4]  318 	pla
    0000008A 68               [ 4]  319 	pla
    0000008B 68               [ 4]  320 	pla
                                    321 ;	Raw cost for generated ic 46 : (8, 26.000000) count=1.000000
                                    322 ;	src/banks.c: 49: SWITCH_ROM(BANK(some_const_var_3));
                                    323 ;	skipping iCode since result will be rematerialized
                                    324 ;	Raw cost for generated ic 47 : (0, 0.000000) count=1.000000
                                    325 ;	genCast
                                    326 ;	genCopy
    0000008C A9r00            [ 2]  327 	lda	#___bank_some_const_var_3
                                    328 ;	Raw cost for generated ic 48 : (2, 2.000000) count=1.000000
                                    329 ;	Raw cost for generated ic 49 : (0, 0.000000) count=1.000000
                                    330 ;	genCall
                                    331 ;	genSend
    0000008E 20r00r00         [ 6]  332 	jsr	__switch_prg0
                                    333 ;	Raw cost for generated ic 50 : (3, 6.000000) count=1.000000
                                    334 ;	src/banks.c: 50: printf("Const3= %u in bank %hu\n", some_const_var_3, BANK(some_const_var_3));
                                    335 ;	genCast
                                    336 ;	genCopy
    00000091 A9r00            [ 2]  337 	lda	#___bank_some_const_var_3
                                    338 ;	Raw cost for generated ic 52 : (2, 2.000000) count=1.000000
                                    339 ;	genCast
    00000093 AEr00r00         [ 4]  340 	ldx	_some_const_var_3
    00000096 86*00            [ 3]  341 	stx	*_main_sloc0_1_0
    00000098 A2 00            [ 2]  342 	ldx	#0x00
    0000009A 86*01            [ 3]  343 	stx	*(_main_sloc0_1_0 + 1)
                                    344 ;	Raw cost for generated ic 53 : (9, 12.000000) count=1.000000
                                    345 ;	skipping iCode since result will be rematerialized
                                    346 ;	Raw cost for generated ic 54 : (0, 0.000000) count=1.000000
                                    347 ;	skipping iCode since result will be rematerialized
                                    348 ;	Raw cost for generated ic 55 : (0, 0.000000) count=1.000000
                                    349 ;	genIpush
    0000009C 48               [ 3]  350 	pha
                                    351 ;	Raw cost for generated ic 56 : (1, 3.000000) count=1.000000
                                    352 ;	genIpush
    0000009D A5*01            [ 3]  353 	lda	*(_main_sloc0_1_0 + 1)
    0000009F 48               [ 3]  354 	pha
    000000A0 A5*00            [ 3]  355 	lda	*_main_sloc0_1_0
    000000A2 48               [ 3]  356 	pha
                                    357 ;	Raw cost for generated ic 57 : (6, 12.000000) count=1.000000
                                    358 ;	genIpush
    000000A3 A9s01            [ 2]  359 	lda	#>___str_6
    000000A5 48               [ 3]  360 	pha
    000000A6 A9r68            [ 2]  361 	lda	#___str_6
    000000A8 48               [ 3]  362 	pha
                                    363 ;	Raw cost for generated ic 58 : (6, 10.000000) count=1.000000
                                    364 ;	genCall
    000000A9 20r00r00         [ 6]  365 	jsr	_printf
    000000AC 68               [ 4]  366 	pla
    000000AD 68               [ 4]  367 	pla
    000000AE 68               [ 4]  368 	pla
    000000AF 68               [ 4]  369 	pla
    000000B0 68               [ 4]  370 	pla
                                    371 ;	Raw cost for generated ic 59 : (8, 26.000000) count=1.000000
                                    372 ;	src/banks.c: 56: _saved_bank = CURRENT_BANK;
                                    373 ;	genAssign
                                    374 ;	genAssignLit
                                    375 ;	genCopy
    000000B1 ADr00r00         [ 4]  376 	lda	__current_bank
    000000B4 8Dr00r00         [ 4]  377 	sta	_main__saved_bank_10000_112
                                    378 ;	Raw cost for generated ic 60 : (6, 8.000000) count=1.000000
                                    379 ;	src/banks.c: 59: SWITCH_ROM(BANK(some_const_var_4));
                                    380 ;	skipping iCode since result will be rematerialized
                                    381 ;	Raw cost for generated ic 61 : (0, 0.000000) count=1.000000
                                    382 ;	genCast
                                    383 ;	genCopy
    000000B7 A9r00            [ 2]  384 	lda	#___bank_some_const_var_4
                                    385 ;	Raw cost for generated ic 62 : (2, 2.000000) count=1.000000
                                    386 ;	Raw cost for generated ic 63 : (0, 0.000000) count=1.000000
                                    387 ;	genCall
                                    388 ;	genSend
    000000B9 20r00r00         [ 6]  389 	jsr	__switch_prg0
                                    390 ;	Raw cost for generated ic 64 : (3, 6.000000) count=1.000000
                                    391 ;	src/banks.c: 60: printf("Const4= %u in bank %hu\n", some_const_var_4, BANK(some_const_var_4));
                                    392 ;	genCast
                                    393 ;	genCopy
    000000BC A9r00            [ 2]  394 	lda	#___bank_some_const_var_4
                                    395 ;	Raw cost for generated ic 66 : (2, 2.000000) count=1.000000
                                    396 ;	genCast
    000000BE AEr00r00         [ 4]  397 	ldx	_some_const_var_4
    000000C1 86*00            [ 3]  398 	stx	*_main_sloc0_1_0
    000000C3 A2 00            [ 2]  399 	ldx	#0x00
    000000C5 86*01            [ 3]  400 	stx	*(_main_sloc0_1_0 + 1)
                                    401 ;	Raw cost for generated ic 67 : (9, 12.000000) count=1.000000
                                    402 ;	skipping iCode since result will be rematerialized
                                    403 ;	Raw cost for generated ic 68 : (0, 0.000000) count=1.000000
                                    404 ;	skipping iCode since result will be rematerialized
                                    405 ;	Raw cost for generated ic 69 : (0, 0.000000) count=1.000000
                                    406 ;	genIpush
    000000C7 48               [ 3]  407 	pha
                                    408 ;	Raw cost for generated ic 70 : (1, 3.000000) count=1.000000
                                    409 ;	genIpush
    000000C8 A5*01            [ 3]  410 	lda	*(_main_sloc0_1_0 + 1)
    000000CA 48               [ 3]  411 	pha
    000000CB A5*00            [ 3]  412 	lda	*_main_sloc0_1_0
    000000CD 48               [ 3]  413 	pha
                                    414 ;	Raw cost for generated ic 71 : (6, 12.000000) count=1.000000
                                    415 ;	genIpush
    000000CE A9s01            [ 2]  416 	lda	#>___str_7
    000000D0 48               [ 3]  417 	pha
    000000D1 A9r80            [ 2]  418 	lda	#___str_7
    000000D3 48               [ 3]  419 	pha
                                    420 ;	Raw cost for generated ic 72 : (6, 10.000000) count=1.000000
                                    421 ;	genCall
    000000D4 20r00r00         [ 6]  422 	jsr	_printf
    000000D7 68               [ 4]  423 	pla
    000000D8 68               [ 4]  424 	pla
    000000D9 68               [ 4]  425 	pla
    000000DA 68               [ 4]  426 	pla
    000000DB 68               [ 4]  427 	pla
                                    428 ;	Raw cost for generated ic 73 : (8, 26.000000) count=1.000000
                                    429 ;	src/banks.c: 63: SWITCH_ROM(_saved_bank);
                                    430 ;	Raw cost for generated ic 74 : (0, 0.000000) count=1.000000
                                    431 ;	genCall
                                    432 ;	genSend
    000000DC ADr00r00         [ 4]  433 	lda	_main__saved_bank_10000_112
    000000DF 20r00r00         [ 6]  434 	jsr	__switch_prg0
                                    435 ;	Raw cost for generated ic 75 : (6, 10.000000) count=1.000000
                                    436 ;	src/banks.c: 67: printf("\n");
                                    437 ;	skipping iCode since result will be rematerialized
                                    438 ;	Raw cost for generated ic 77 : (0, 0.000000) count=1.000000
                                    439 ;	genIpush
    000000E2 A9s01            [ 2]  440 	lda	#>___str_2
    000000E4 48               [ 3]  441 	pha
    000000E5 A9r20            [ 2]  442 	lda	#___str_2
    000000E7 48               [ 3]  443 	pha
                                    444 ;	Raw cost for generated ic 78 : (6, 10.000000) count=1.000000
                                    445 ;	genCall
    000000E8 20r00r00         [ 6]  446 	jsr	_printf
    000000EB 68               [ 4]  447 	pla
    000000EC 68               [ 4]  448 	pla
                                    449 ;	Raw cost for generated ic 79 : (5, 14.000000) count=1.000000
                                    450 ;	src/banks.c: 68: puts("The End...");
                                    451 ;	skipping iCode since result will be rematerialized
                                    452 ;	Raw cost for generated ic 80 : (0, 0.000000) count=1.000000
                                    453 ;	skipping iCode since result will be rematerialized
                                    454 ;	Raw cost for generated ic 81 : (0, 0.000000) count=1.000000
                                    455 ;	Raw cost for generated ic 82 : (0, 0.000000) count=1.000000
                                    456 ;	genCall
                                    457 ;	genSend
    000000ED A2s01            [ 2]  458 	ldx	#>___str_8
    000000EF A9r98            [ 2]  459 	lda	#___str_8
    000000F1 20r00r00         [ 6]  460 	jsr	_puts
                                    461 ;	Raw cost for generated ic 83 : (7, 10.000000) count=1.000000
                                    462 ;	src/banks.c: 71: while(1) {
                                    463 ;	genLabel
    000000F4                        464 00102$:
                                    465 ;	Raw cost for generated ic 86 : (0, 0.000000) count=72.000000
                                    466 ;	src/banks.c: 74: vsync();
                                    467 ;	genCall
    000000F4 20r00r00         [ 6]  468 	jsr	_vsync
                                    469 ;	Raw cost for generated ic 87 : (3, 6.000000) count=72.000000
                                    470 ;	genGoto
    000000F7 4CrF4r00         [ 3]  471 	jmp	00102$
                                    472 ;	Raw cost for generated ic 88 : (3, 3.000000) count=72.000000
                                    473 ;	genLabel
                                    474 ;	Raw cost for generated ic 90 : (0, 0.000000) count=0.000000
                                    475 ;	src/banks.c: 76: }
                                    476 ;	genEndFunction
    000000FA 60               [ 6]  477 	rts
                                    478 ;	Raw cost for generated ic 91 : (1, 6.000000) count=0.000000
                                    479 	.area _CODE
    000000FB                        480 _some_const_var_0:
    000000FB 00                     481 	.db #0x00	; 0
    000000FC                        482 ___str_0:
    000000FC 49 27 6D 20 69 6E 20   483 	.ascii "I'm in fixed ROM"
             66 69 78 65 64 20 52
             4F 4D
    0000010C 00                     484 	.db 0x00
    0000010D                        485 ___str_1:
    0000010D 50 72 6F 67 72 61 6D   486 	.ascii "Program Start..."
             20 53 74 61 72 74 2E
             2E 2E
    0000011D 0A                     487 	.db 0x0a
    0000011E 0A                     488 	.db 0x0a
    0000011F 00                     489 	.db 0x00
    00000120                        490 ___str_2:
    00000120 0A                     491 	.db 0x0a
    00000121 00                     492 	.db 0x00
    00000122                        493 ___str_3:
    00000122 43 6F 6E 73 74 30 3D   494 	.ascii "Const0= %u nonbanked"
             20 25 75 20 6E 6F 6E
             62 61 6E 6B 65 64
    00000136 0A                     495 	.db 0x0a
    00000137 00                     496 	.db 0x00
    00000138                        497 ___str_4:
    00000138 43 6F 6E 73 74 31 3D   498 	.ascii "Const1= %u in bank %hu"
             20 25 75 20 69 6E 20
             62 61 6E 6B 20 25 68
             75
    0000014E 0A                     499 	.db 0x0a
    0000014F 00                     500 	.db 0x00
    00000150                        501 ___str_5:
    00000150 43 6F 6E 73 74 32 3D   502 	.ascii "Const2= %u in bank %hu"
             20 25 75 20 69 6E 20
             62 61 6E 6B 20 25 68
             75
    00000166 0A                     503 	.db 0x0a
    00000167 00                     504 	.db 0x00
    00000168                        505 ___str_6:
    00000168 43 6F 6E 73 74 33 3D   506 	.ascii "Const3= %u in bank %hu"
             20 25 75 20 69 6E 20
             62 61 6E 6B 20 25 68
             75
    0000017E 0A                     507 	.db 0x0a
    0000017F 00                     508 	.db 0x00
    00000180                        509 ___str_7:
    00000180 43 6F 6E 73 74 34 3D   510 	.ascii "Const4= %u in bank %hu"
             20 25 75 20 69 6E 20
             62 61 6E 6B 20 25 68
             75
    00000196 0A                     511 	.db 0x0a
    00000197 00                     512 	.db 0x00
    00000198                        513 ___str_8:
    00000198 54 68 65 20 45 6E 64   514 	.ascii "The End..."
             2E 2E 2E
    000001A2 00                     515 	.db 0x00
                                    516 	.area _XINIT
                                    517 	.area _CABS    (ABS)
