                                      1 ;--------------------------------------------------------
                                      2 ; File Created by SDCC : free open source ISO C Compiler
                                      3 ; Version 4.5.1 #15267 (Mac OS X ppc)
                                      4 ;--------------------------------------------------------
                                      5 	.module srcfile_3
                                      6 	
                                      7 ;; Ordering of segments for the linker.
                                      8 	.area _ZP      (PAG)
                                      9 	.area _OSEG    (PAG, OVR)
                                     10 	.area _HOME
                                     11 	.area _GSINIT
                                     12 	.area _GSFINAL
                                     13 	.area _CODE
                                     14 	.area _XINIT
                                     15 	.area _DATA
                                     16 	.area _DATA
                                     17 	.area _BSS
                                     18 ;--------------------------------------------------------
                                     19 ; Public variables in this module
                                     20 ;--------------------------------------------------------
                                     21 	.globl _some_const_var_3
                                     22 	.globl b_func_3
                                     23 	.globl _func_3
                                     24 	.globl b___func_func_3
                                     25 	.globl ___func_func_3
                                     26 	.globl b___func_some_const_var_3
                                     27 	.globl ___func_some_const_var_3
                                     28 	.globl _printf
                                     29 	.globl _OAMDMA
                                     30 	.globl _PPUDATA
                                     31 	.globl _PPUADDR
                                     32 	.globl _PPUSCROLL
                                     33 	.globl _OAMDATA
                                     34 	.globl _OAMADDR
                                     35 	.globl _PPUSTATUS
                                     36 	.globl _PPUMASK
                                     37 	.globl _PPUCTRL
                                     38 ;--------------------------------------------------------
                                     39 ; ZP ram data
                                     40 ;--------------------------------------------------------
                                     41 	.area _ZP      (PAG)
                                     42 ;--------------------------------------------------------
                                     43 ; overlayable items in ram
                                     44 ;--------------------------------------------------------
                                     45 ;--------------------------------------------------------
                                     46 ; uninitialized external ram data
                                     47 ;--------------------------------------------------------
                                     48 	.area _BSS
                         00002000    49 _PPUCTRL	=	0x2000
                         00002001    50 _PPUMASK	=	0x2001
                         00002002    51 _PPUSTATUS	=	0x2002
                         00002003    52 _OAMADDR	=	0x2003
                         00002004    53 _OAMDATA	=	0x2004
                         00002005    54 _PPUSCROLL	=	0x2005
                         00002006    55 _PPUADDR	=	0x2006
                         00002007    56 _PPUDATA	=	0x2007
                         00004014    57 _OAMDMA	=	0x4014
                                     58 ;--------------------------------------------------------
                                     59 ; absolute external ram data
                                     60 ;--------------------------------------------------------
                                     61 	.area _DABS    (ABS)
                                     62 ;--------------------------------------------------------
                                     63 ; initialized external ram data
                                     64 ;--------------------------------------------------------
                                     65 	.area _DATA
                                     66 ;--------------------------------------------------------
                                     67 ; global & static initialisations
                                     68 ;--------------------------------------------------------
                                     69 	.area _HOME
                                     70 	.area _GSINIT
                                     71 	.area _GSFINAL
                                     72 	.area _GSINIT
                                     73 ;--------------------------------------------------------
                                     74 ; Home
                                     75 ;--------------------------------------------------------
                                     76 	.area _HOME
                                     77 	.area _HOME
                                     78 ;--------------------------------------------------------
                                     79 ; code
                                     80 ;--------------------------------------------------------
                                     81 	.area _CODE_255
                                     82 ;------------------------------------------------------------
                                     83 ;Allocation info for local variables in function '__func_some_const_var_3'
                                     84 ;------------------------------------------------------------
                                     85 ;	src/srcfile_3.c: 8: BANKREF(some_const_var_3)
                                     86 ;	genLabel
                                     87 ;	Raw cost for generated ic 0 : (0, 0.000000) count=1.000000
                                     88 ;	-----------------------------------------
                                     89 ;	 function __func_some_const_var_3
                                     90 ;	-----------------------------------------
                                     91 ;	Register assignment is optimal.
                                     92 ;	Stack space usage: 0 bytes.
                         000000FF    93 	b___func_some_const_var_3	= 255
    00000000                         94 ___func_some_const_var_3:
                                     95 ;	naked function: no prologue.
                                     96 ;	Raw cost for generated ic 1 : (0, 0.000000) count=1.000000
                                     97 ;	m6502_genInline
                                     98 		.local b___func_some_const_var_3 
                         000000FF    99 	 ___bank_some_const_var_3 = b___func_some_const_var_3 
                                    100 	 .globl ___bank_some_const_var_3 
                                    101 ;	Raw cost for generated ic 2 : (0, 0.000000) count=1.000000
                                    102 ;	genLabel
                                    103 ;	Raw cost for generated ic 3 : (0, 0.000000) count=1.000000
                                    104 ;	genEndFunction
                                    105 ;	naked function: no epilogue.
                                    106 ;	Raw cost for generated ic 4 : (0, 0.000000) count=1.000000
                                    107 ;------------------------------------------------------------
                                    108 ;Allocation info for local variables in function '__func_func_3'
                                    109 ;------------------------------------------------------------
                                    110 ;	src/srcfile_3.c: 12: BANKREF(func_3)
                                    111 ;	genLabel
                                    112 ;	Raw cost for generated ic 0 : (0, 0.000000) count=1.000000
                                    113 ;	-----------------------------------------
                                    114 ;	 function __func_func_3
                                    115 ;	-----------------------------------------
                                    116 ;	Register assignment is optimal.
                                    117 ;	Stack space usage: 0 bytes.
                         000000FF   118 	b___func_func_3	= 255
    00000000                        119 ___func_func_3:
                                    120 ;	naked function: no prologue.
                                    121 ;	Raw cost for generated ic 1 : (0, 0.000000) count=1.000000
                                    122 ;	m6502_genInline
                                    123 		.local b___func_func_3 
                         000000FF   124 	 ___bank_func_3 = b___func_func_3 
                                    125 	 .globl ___bank_func_3 
                                    126 ;	Raw cost for generated ic 2 : (0, 0.000000) count=1.000000
                                    127 ;	genLabel
                                    128 ;	Raw cost for generated ic 3 : (0, 0.000000) count=1.000000
                                    129 ;	genEndFunction
                                    130 ;	naked function: no epilogue.
                                    131 ;	Raw cost for generated ic 4 : (0, 0.000000) count=1.000000
                                    132 ;------------------------------------------------------------
                                    133 ;Allocation info for local variables in function 'func_3'
                                    134 ;------------------------------------------------------------
                                    135 ;	src/srcfile_3.c: 13: void func_3(void) BANKED
                                    136 ;	genLabel
                                    137 ;	Raw cost for generated ic 0 : (0, 0.000000) count=1.000000
                                    138 ;	-----------------------------------------
                                    139 ;	 function func_3
                                    140 ;	-----------------------------------------
                                    141 ;	Register assignment is optimal.
                                    142 ;	Stack space usage: 0 bytes.
                         000000FF   143 	b_func_3	= 255
    00000000                        144 _func_3:
                                    145 ;	Raw cost for generated ic 1 : (0, 0.000000) count=1.000000
                                    146 ;	src/srcfile_3.c: 15: printf("Func3 in ROM bank %u\n", CURRENT_BANK);
                                    147 ;	genCast
                                    148 ;	genCopy
    00000000 A2 00            [ 2]  149 	ldx	#0x00
    00000002 ADr00r00         [ 4]  150 	lda	__current_bank
                                    151 ;	Raw cost for generated ic 2 : (5, 6.000000) count=1.000000
                                    152 ;	skipping iCode since result will be rematerialized
                                    153 ;	Raw cost for generated ic 3 : (0, 0.000000) count=1.000000
                                    154 ;	skipping iCode since result will be rematerialized
                                    155 ;	Raw cost for generated ic 4 : (0, 0.000000) count=1.000000
                                    156 ;	genIpush
    00000005 85*00            [ 3]  157 	sta	*(REGTEMP+0)
    00000007 8A               [ 2]  158 	txa
    00000008 48               [ 3]  159 	pha
    00000009 A5*00            [ 3]  160 	lda	*(REGTEMP+0)
    0000000B 48               [ 3]  161 	pha
                                    162 ;	Raw cost for generated ic 5 : (7, 14.000000) count=1.000000
                                    163 ;	genIpush
    0000000C A9s00            [ 2]  164 	lda	#>___str_0
    0000000E 48               [ 3]  165 	pha
    0000000F A9r1B            [ 2]  166 	lda	#___str_0
    00000011 48               [ 3]  167 	pha
                                    168 ;	Raw cost for generated ic 6 : (6, 10.000000) count=1.000000
                                    169 ;	genCall
    00000012 20r00r00         [ 6]  170 	jsr	_printf
    00000015 68               [ 4]  171 	pla
    00000016 68               [ 4]  172 	pla
    00000017 68               [ 4]  173 	pla
    00000018 68               [ 4]  174 	pla
                                    175 ;	Raw cost for generated ic 7 : (7, 22.000000) count=1.000000
                                    176 ;	genLabel
                                    177 ;	Raw cost for generated ic 8 : (0, 0.000000) count=1.000000
                                    178 ;	src/srcfile_3.c: 16: }
                                    179 ;	genEndFunction
    00000019 60               [ 6]  180 	rts
                                    181 ;	Raw cost for generated ic 9 : (1, 6.000000) count=1.000000
                                    182 	.area _CODE_255
    0000001A                        183 _some_const_var_3:
    0000001A 03                     184 	.db #0x03	; 3
    0000001B                        185 ___str_0:
    0000001B 46 75 6E 63 33 20 69   186 	.ascii "Func3 in ROM bank %u"
             6E 20 52 4F 4D 20 62
             61 6E 6B 20 25 75
    0000002F 0A                     187 	.db 0x0a
    00000030 00                     188 	.db 0x00
    00000031                        189 _local_const_3:
    00000031 01                     190 	.db #0x01	; 1
    00000032 01                     191 	.db #0x01	; 1
    00000033 01                     192 	.db #0x01	; 1
    00000034 01                     193 	.db #0x01	; 1
    00000035 01                     194 	.db #0x01	; 1
    00000036 01                     195 	.db #0x01	; 1
    00000037 01                     196 	.db #0x01	; 1
    00000038 01                     197 	.db #0x01	; 1
    00000039 01                     198 	.db #0x01	; 1
    0000003A 01                     199 	.db #0x01	; 1
    0000003B 01                     200 	.db #0x01	; 1
    0000003C 01                     201 	.db #0x01	; 1
    0000003D 01                     202 	.db #0x01	; 1
    0000003E 01                     203 	.db #0x01	; 1
    0000003F 01                     204 	.db #0x01	; 1
    00000040 01                     205 	.db #0x01	; 1
    00000041 01                     206 	.db #0x01	; 1
    00000042 01                     207 	.db #0x01	; 1
    00000043 01                     208 	.db #0x01	; 1
    00000044 01                     209 	.db #0x01	; 1
    00000045 01                     210 	.db #0x01	; 1
    00000046 01                     211 	.db #0x01	; 1
    00000047 01                     212 	.db #0x01	; 1
    00000048 01                     213 	.db #0x01	; 1
    00000049 01                     214 	.db #0x01	; 1
    0000004A 01                     215 	.db #0x01	; 1
    0000004B 01                     216 	.db #0x01	; 1
    0000004C 01                     217 	.db #0x01	; 1
    0000004D 01                     218 	.db #0x01	; 1
    0000004E 01                     219 	.db #0x01	; 1
    0000004F 01                     220 	.db #0x01	; 1
    00000050 01                     221 	.db #0x01	; 1
    00000051 01                     222 	.db #0x01	; 1
    00000052 01                     223 	.db #0x01	; 1
    00000053 01                     224 	.db #0x01	; 1
    00000054 01                     225 	.db #0x01	; 1
    00000055 01                     226 	.db #0x01	; 1
    00000056 01                     227 	.db #0x01	; 1
    00000057 01                     228 	.db #0x01	; 1
    00000058 01                     229 	.db #0x01	; 1
    00000059 01                     230 	.db #0x01	; 1
    0000005A 01                     231 	.db #0x01	; 1
    0000005B 01                     232 	.db #0x01	; 1
    0000005C 01                     233 	.db #0x01	; 1
    0000005D 01                     234 	.db #0x01	; 1
    0000005E 01                     235 	.db #0x01	; 1
    0000005F 01                     236 	.db #0x01	; 1
    00000060 01                     237 	.db #0x01	; 1
    00000061 01                     238 	.db #0x01	; 1
    00000062 01                     239 	.db #0x01	; 1
    00000063 01                     240 	.db #0x01	; 1
    00000064 01                     241 	.db #0x01	; 1
    00000065 01                     242 	.db #0x01	; 1
    00000066 01                     243 	.db #0x01	; 1
    00000067 01                     244 	.db #0x01	; 1
    00000068 01                     245 	.db #0x01	; 1
    00000069 01                     246 	.db #0x01	; 1
    0000006A 01                     247 	.db #0x01	; 1
    0000006B 01                     248 	.db #0x01	; 1
    0000006C 01                     249 	.db #0x01	; 1
    0000006D 01                     250 	.db #0x01	; 1
    0000006E 01                     251 	.db #0x01	; 1
    0000006F 01                     252 	.db #0x01	; 1
    00000070 01                     253 	.db #0x01	; 1
    00000071 01                     254 	.db #0x01	; 1
    00000072 01                     255 	.db #0x01	; 1
    00000073 01                     256 	.db #0x01	; 1
    00000074 01                     257 	.db #0x01	; 1
    00000075 01                     258 	.db #0x01	; 1
    00000076 01                     259 	.db #0x01	; 1
    00000077 01                     260 	.db #0x01	; 1
    00000078 01                     261 	.db #0x01	; 1
    00000079 01                     262 	.db #0x01	; 1
    0000007A 01                     263 	.db #0x01	; 1
    0000007B 01                     264 	.db #0x01	; 1
    0000007C 01                     265 	.db #0x01	; 1
    0000007D 01                     266 	.db #0x01	; 1
    0000007E 01                     267 	.db #0x01	; 1
    0000007F 01                     268 	.db #0x01	; 1
    00000080 01                     269 	.db #0x01	; 1
    00000081 01                     270 	.db #0x01	; 1
    00000082 01                     271 	.db #0x01	; 1
    00000083 01                     272 	.db #0x01	; 1
    00000084 01                     273 	.db #0x01	; 1
    00000085 01                     274 	.db #0x01	; 1
    00000086 01                     275 	.db #0x01	; 1
    00000087 01                     276 	.db #0x01	; 1
    00000088 01                     277 	.db #0x01	; 1
    00000089 01                     278 	.db #0x01	; 1
    0000008A 01                     279 	.db #0x01	; 1
    0000008B 01                     280 	.db #0x01	; 1
    0000008C 01                     281 	.db #0x01	; 1
    0000008D 01                     282 	.db #0x01	; 1
    0000008E 01                     283 	.db #0x01	; 1
    0000008F 01                     284 	.db #0x01	; 1
    00000090 01                     285 	.db #0x01	; 1
    00000091 01                     286 	.db #0x01	; 1
    00000092 01                     287 	.db #0x01	; 1
    00000093 01                     288 	.db #0x01	; 1
    00000094 01                     289 	.db #0x01	; 1
    00000095 01                     290 	.db #0x01	; 1
    00000096 01                     291 	.db #0x01	; 1
    00000097 01                     292 	.db #0x01	; 1
    00000098 01                     293 	.db #0x01	; 1
    00000099 01                     294 	.db #0x01	; 1
    0000009A 01                     295 	.db #0x01	; 1
    0000009B 01                     296 	.db #0x01	; 1
    0000009C 01                     297 	.db #0x01	; 1
    0000009D 01                     298 	.db #0x01	; 1
    0000009E 01                     299 	.db #0x01	; 1
    0000009F 01                     300 	.db #0x01	; 1
    000000A0 01                     301 	.db #0x01	; 1
    000000A1 01                     302 	.db #0x01	; 1
    000000A2 01                     303 	.db #0x01	; 1
    000000A3 01                     304 	.db #0x01	; 1
    000000A4 01                     305 	.db #0x01	; 1
    000000A5 01                     306 	.db #0x01	; 1
    000000A6 01                     307 	.db #0x01	; 1
    000000A7 01                     308 	.db #0x01	; 1
    000000A8 01                     309 	.db #0x01	; 1
    000000A9 01                     310 	.db #0x01	; 1
    000000AA 01                     311 	.db #0x01	; 1
    000000AB 01                     312 	.db #0x01	; 1
    000000AC 01                     313 	.db #0x01	; 1
    000000AD 01                     314 	.db #0x01	; 1
    000000AE 01                     315 	.db #0x01	; 1
    000000AF 01                     316 	.db #0x01	; 1
    000000B0 01                     317 	.db #0x01	; 1
    000000B1 01                     318 	.db #0x01	; 1
    000000B2 01                     319 	.db #0x01	; 1
    000000B3 01                     320 	.db #0x01	; 1
    000000B4 01                     321 	.db #0x01	; 1
    000000B5 01                     322 	.db #0x01	; 1
    000000B6 01                     323 	.db #0x01	; 1
    000000B7 01                     324 	.db #0x01	; 1
    000000B8 01                     325 	.db #0x01	; 1
    000000B9 01                     326 	.db #0x01	; 1
    000000BA 01                     327 	.db #0x01	; 1
    000000BB 01                     328 	.db #0x01	; 1
    000000BC 01                     329 	.db #0x01	; 1
    000000BD 01                     330 	.db #0x01	; 1
    000000BE 01                     331 	.db #0x01	; 1
    000000BF 01                     332 	.db #0x01	; 1
    000000C0 01                     333 	.db #0x01	; 1
    000000C1 01                     334 	.db #0x01	; 1
    000000C2 01                     335 	.db #0x01	; 1
    000000C3 01                     336 	.db #0x01	; 1
    000000C4 01                     337 	.db #0x01	; 1
    000000C5 01                     338 	.db #0x01	; 1
    000000C6 01                     339 	.db #0x01	; 1
    000000C7 01                     340 	.db #0x01	; 1
    000000C8 01                     341 	.db #0x01	; 1
    000000C9 01                     342 	.db #0x01	; 1
    000000CA 01                     343 	.db #0x01	; 1
    000000CB 01                     344 	.db #0x01	; 1
    000000CC 01                     345 	.db #0x01	; 1
    000000CD 01                     346 	.db #0x01	; 1
    000000CE 01                     347 	.db #0x01	; 1
    000000CF 01                     348 	.db #0x01	; 1
    000000D0 01                     349 	.db #0x01	; 1
    000000D1 01                     350 	.db #0x01	; 1
    000000D2 01                     351 	.db #0x01	; 1
    000000D3 01                     352 	.db #0x01	; 1
    000000D4 01                     353 	.db #0x01	; 1
    000000D5 01                     354 	.db #0x01	; 1
    000000D6 01                     355 	.db #0x01	; 1
    000000D7 01                     356 	.db #0x01	; 1
    000000D8 01                     357 	.db #0x01	; 1
    000000D9 01                     358 	.db #0x01	; 1
    000000DA 01                     359 	.db #0x01	; 1
    000000DB 01                     360 	.db #0x01	; 1
    000000DC 01                     361 	.db #0x01	; 1
    000000DD 01                     362 	.db #0x01	; 1
    000000DE 01                     363 	.db #0x01	; 1
    000000DF 01                     364 	.db #0x01	; 1
    000000E0 01                     365 	.db #0x01	; 1
    000000E1 01                     366 	.db #0x01	; 1
    000000E2 01                     367 	.db #0x01	; 1
    000000E3 01                     368 	.db #0x01	; 1
    000000E4 01                     369 	.db #0x01	; 1
    000000E5 01                     370 	.db #0x01	; 1
    000000E6 01                     371 	.db #0x01	; 1
    000000E7 01                     372 	.db #0x01	; 1
    000000E8 01                     373 	.db #0x01	; 1
    000000E9 01                     374 	.db #0x01	; 1
    000000EA 01                     375 	.db #0x01	; 1
    000000EB 01                     376 	.db #0x01	; 1
    000000EC 01                     377 	.db #0x01	; 1
    000000ED 01                     378 	.db #0x01	; 1
    000000EE 01                     379 	.db #0x01	; 1
    000000EF 01                     380 	.db #0x01	; 1
    000000F0 01                     381 	.db #0x01	; 1
    000000F1 01                     382 	.db #0x01	; 1
    000000F2 01                     383 	.db #0x01	; 1
    000000F3 01                     384 	.db #0x01	; 1
    000000F4 01                     385 	.db #0x01	; 1
    000000F5 01                     386 	.db #0x01	; 1
    000000F6 01                     387 	.db #0x01	; 1
    000000F7 01                     388 	.db #0x01	; 1
    000000F8 01                     389 	.db #0x01	; 1
    000000F9 01                     390 	.db #0x01	; 1
    000000FA 01                     391 	.db #0x01	; 1
    000000FB 01                     392 	.db #0x01	; 1
    000000FC 01                     393 	.db #0x01	; 1
    000000FD 01                     394 	.db #0x01	; 1
    000000FE 01                     395 	.db #0x01	; 1
    000000FF 01                     396 	.db #0x01	; 1
    00000100 01                     397 	.db #0x01	; 1
    00000101 01                     398 	.db #0x01	; 1
    00000102 01                     399 	.db #0x01	; 1
    00000103 01                     400 	.db #0x01	; 1
    00000104 01                     401 	.db #0x01	; 1
    00000105 01                     402 	.db #0x01	; 1
    00000106 01                     403 	.db #0x01	; 1
    00000107 01                     404 	.db #0x01	; 1
    00000108 01                     405 	.db #0x01	; 1
    00000109 01                     406 	.db #0x01	; 1
    0000010A 01                     407 	.db #0x01	; 1
    0000010B 01                     408 	.db #0x01	; 1
    0000010C 01                     409 	.db #0x01	; 1
    0000010D 01                     410 	.db #0x01	; 1
    0000010E 01                     411 	.db #0x01	; 1
    0000010F 01                     412 	.db #0x01	; 1
    00000110 01                     413 	.db #0x01	; 1
    00000111 01                     414 	.db #0x01	; 1
    00000112 01                     415 	.db #0x01	; 1
    00000113 01                     416 	.db #0x01	; 1
    00000114 01                     417 	.db #0x01	; 1
    00000115 01                     418 	.db #0x01	; 1
    00000116 01                     419 	.db #0x01	; 1
    00000117 01                     420 	.db #0x01	; 1
    00000118 01                     421 	.db #0x01	; 1
    00000119 01                     422 	.db #0x01	; 1
    0000011A 01                     423 	.db #0x01	; 1
    0000011B 01                     424 	.db #0x01	; 1
    0000011C 01                     425 	.db #0x01	; 1
    0000011D 01                     426 	.db #0x01	; 1
    0000011E 01                     427 	.db #0x01	; 1
    0000011F 01                     428 	.db #0x01	; 1
    00000120 01                     429 	.db #0x01	; 1
    00000121 01                     430 	.db #0x01	; 1
    00000122 01                     431 	.db #0x01	; 1
    00000123 01                     432 	.db #0x01	; 1
    00000124 01                     433 	.db #0x01	; 1
    00000125 01                     434 	.db #0x01	; 1
    00000126 01                     435 	.db #0x01	; 1
    00000127 01                     436 	.db #0x01	; 1
    00000128 01                     437 	.db #0x01	; 1
    00000129 01                     438 	.db #0x01	; 1
    0000012A 01                     439 	.db #0x01	; 1
    0000012B 01                     440 	.db #0x01	; 1
    0000012C 01                     441 	.db #0x01	; 1
    0000012D 01                     442 	.db #0x01	; 1
    0000012E 01                     443 	.db #0x01	; 1
    0000012F 01                     444 	.db #0x01	; 1
    00000130 01                     445 	.db #0x01	; 1
                                    446 	.area _XINIT
                                    447 	.area _CABS    (ABS)
