                                      1 ;--------------------------------------------------------
                                      2 ; File Created by SDCC : free open source ISO C Compiler
                                      3 ; Version 4.5.1 #15267 (Mac OS X ppc)
                                      4 ;--------------------------------------------------------
                                      5 	.module bank_ba1_bo1
                                      6 	
                                      7 ;--------------------------------------------------------
                                      8 ; Public variables in this module
                                      9 ;--------------------------------------------------------
                                     10 	.globl b_bank_1
                                     11 	.globl _bank_1
                                     12 	.globl _puts
                                     13 	.globl _var_1
                                     14 ;--------------------------------------------------------
                                     15 ; special function registers
                                     16 ;--------------------------------------------------------
                                     17 ;--------------------------------------------------------
                                     18 ; ram data
                                     19 ;--------------------------------------------------------
                                     20 	.area _DATA
    00000000                         21 _var_1::
    00000000                         22 	.ds 2
                                     23 ;--------------------------------------------------------
                                     24 ; ram data
                                     25 ;--------------------------------------------------------
                                     26 	.area _INITIALIZED
                                     27 ;--------------------------------------------------------
                                     28 ; absolute external ram data
                                     29 ;--------------------------------------------------------
                                     30 	.area _DABS (ABS)
                                     31 ;--------------------------------------------------------
                                     32 ; global & static initialisations
                                     33 ;--------------------------------------------------------
                                     34 	.area _HOME
                                     35 	.area _GSINIT
                                     36 	.area _GSFINAL
                                     37 	.area _GSINIT
                                     38 ;--------------------------------------------------------
                                     39 ; Home
                                     40 ;--------------------------------------------------------
                                     41 	.area _HOME
                                     42 	.area _HOME
                                     43 ;--------------------------------------------------------
                                     44 ; code
                                     45 ;--------------------------------------------------------
                                     46 	.area _CODE
                                     47 ;src/bank.ba1.bo1.c:7: void bank_1(void) BANKED /* In ROM bank 1 */
                                     48 ;	---------------------------------
                                     49 ; Function bank_1
                                     50 ; ---------------------------------
                         00000000    51 	b_bank_1	= 0
    00000000                         52 _bank_1::
                                     53 ;src/bank.ba1.bo1.c:9: puts("I'm in ROM bank 1");
    00000000 11r06r00         [12]   54 	ld	de, #___str_0
                                     55 ;src/bank.ba1.bo1.c:10: }
    00000003 C3r00r00         [16]   56 	jp	_puts
    00000006                         57 ___str_0:
    00000006 49 27 6D 20 69 6E 20    58 	.ascii "I'm in ROM bank 1"
             52 4F 4D 20 62 61 6E
             6B 20 31
    00000017 00                      59 	.db 0x00
                                     60 	.area _CODE
                                     61 	.area _INITIALIZER
                                     62 	.area _CABS (ABS)
