                                      1 ;--------------------------------------------------------
                                      2 ; File Created by SDCC : free open source ISO C Compiler
                                      3 ; Version 4.5.1 #15267 (Mac OS X ppc)
                                      4 ;--------------------------------------------------------
                                      5 	.module display_system
                                      6 	
                                      7 ;--------------------------------------------------------
                                      8 ; Public variables in this module
                                      9 ;--------------------------------------------------------
                                     10 	.globl _main
                                     11 	.globl _get_system_name
                                     12 	.globl _gotoxy
                                     13 	.globl _font_load
                                     14 	.globl _font_init
                                     15 	.globl _vsync
                                     16 	.globl _printf
                                     17 ;--------------------------------------------------------
                                     18 ; special function registers
                                     19 ;--------------------------------------------------------
                                     20 ;--------------------------------------------------------
                                     21 ; ram data
                                     22 ;--------------------------------------------------------
                                     23 	.area _DATA
                                     24 ;--------------------------------------------------------
                                     25 ; ram data
                                     26 ;--------------------------------------------------------
                                     27 	.area _INITIALIZED
                                     28 ;--------------------------------------------------------
                                     29 ; absolute external ram data
                                     30 ;--------------------------------------------------------
                                     31 	.area _DABS (ABS)
                                     32 ;--------------------------------------------------------
                                     33 ; global & static initialisations
                                     34 ;--------------------------------------------------------
                                     35 	.area _HOME
                                     36 	.area _GSINIT
                                     37 	.area _GSFINAL
                                     38 	.area _GSINIT
                                     39 ;--------------------------------------------------------
                                     40 ; Home
                                     41 ;--------------------------------------------------------
                                     42 	.area _HOME
                                     43 	.area _HOME
                                     44 ;--------------------------------------------------------
                                     45 ; code
                                     46 ;--------------------------------------------------------
                                     47 	.area _CODE
                                     48 ;src/display_system.c:18: const char* get_system_name(uint8_t system)
                                     49 ;	---------------------------------
                                     50 ; Function get_system_name
                                     51 ; ---------------------------------
    00000000                         52 _get_system_name::
                                     53 ;src/display_system.c:20: switch(system)
    00000000 B7               [ 4]   54 	or	a, a
    00000001 28 05            [12]   55 	jr	Z, 00101$
    00000003 3D               [ 4]   56 	dec	a
    00000004 28 06            [12]   57 	jr	Z, 00102$
    00000006 18 08            [12]   58 	jr	00103$
                                     59 ;src/display_system.c:22: case SYSTEM_60HZ:
    00000008                         60 00101$:
                                     61 ;src/display_system.c:23: return "60 Hz";
    00000008 01r14r00         [12]   62 	ld	bc, #___str_0
    0000000B C9               [16]   63 	ret
                                     64 ;src/display_system.c:24: case SYSTEM_50HZ:
    0000000C                         65 00102$:
                                     66 ;src/display_system.c:35: return "50 Hz";
    0000000C 01r1Ar00         [12]   67 	ld	bc, #___str_1
    0000000F C9               [16]   68 	ret
                                     69 ;src/display_system.c:37: default:
    00000010                         70 00103$:
                                     71 ;src/display_system.c:38: return "Unknown";
    00000010 01r20r00         [12]   72 	ld	bc, #___str_2
                                     73 ;src/display_system.c:39: }
                                     74 ;src/display_system.c:40: }
    00000013 C9               [16]   75 	ret
    00000014                         76 ___str_0:
    00000014 36 30 20 48 7A          77 	.ascii "60 Hz"
    00000019 00                      78 	.db 0x00
    0000001A                         79 ___str_1:
    0000001A 35 30 20 48 7A          80 	.ascii "50 Hz"
    0000001F 00                      81 	.db 0x00
    00000020                         82 ___str_2:
    00000020 55 6E 6B 6E 6F 77 6E    83 	.ascii "Unknown"
    00000027 00                      84 	.db 0x00
                                     85 ;src/display_system.c:42: void main(void)
                                     86 ;	---------------------------------
                                     87 ; Function main
                                     88 ; ---------------------------------
    00000028                         89 _main::
                                     90 ;src/display_system.c:47: font_init();
    00000028 CDr00r00         [24]   91 	call	_font_init
                                     92 ;src/display_system.c:48: ibm_font = font_load(font_ibm);
    0000002B 11r00r00         [12]   93 	ld	de, #_font_ibm
    0000002E D5               [16]   94 	push	de
    0000002F CDr00r00         [24]   95 	call	_font_load
    00000032 E1               [12]   96 	pop	hl
                                     97 ;src/display_system.c:49: DISPLAY_ON;
    00000033 F0r00            [12]   98 	ldh	a, (_LCDC_REG + 0)
    00000035 F6 80            [ 8]   99 	or	a, #0x80
    00000037 E0r00            [12]  100 	ldh	(_LCDC_REG + 0), a
                                    101 ;src/display_system.c:50: gotoxy(4, 4);
    00000039 21 04 04         [12]  102 	ld	hl, #0x404
    0000003C E5               [16]  103 	push	hl
    0000003D CDr00r00         [24]  104 	call	_gotoxy
    00000040 E1               [12]  105 	pop	hl
                                    106 ;src/display_system.c:51: printf("System: %s", get_system_name(system));
    00000041 AF               [ 4]  107 	xor	a, a
    00000042 CDr00r00         [24]  108 	call	_get_system_name
    00000045 C5               [16]  109 	push	bc
    00000046 11r52r00         [12]  110 	ld	de, #___str_3
    00000049 D5               [16]  111 	push	de
    0000004A CDr00r00         [24]  112 	call	_printf
    0000004D E8 04            [16]  113 	add	sp, #4
                                    114 ;src/display_system.c:52: vsync();
                                    115 ;src/display_system.c:53: }
    0000004F C3r00r00         [16]  116 	jp	_vsync
    00000052                        117 ___str_3:
    00000052 53 79 73 74 65 6D 3A   118 	.ascii "System: %s"
             20 25 73
    0000005C 00                     119 	.db 0x00
                                    120 	.area _CODE
                                    121 	.area _INITIALIZER
                                    122 	.area _CABS (ABS)
