                                      1 ;--------------------------------------------------------
                                      2 ; File Created by SDCC : free open source ISO C Compiler
                                      3 ; Version 4.5.1 #15267 (Mac OS X ppc)
                                      4 ;--------------------------------------------------------
                                      5 	.module bank_ba0_bo0
                                      6 	
                                      7 ;; Ordering of segments for the linker.
                                      8 	.area _ZP      (PAG)
                                      9 	.area _OSEG    (PAG, OVR)
                                     10 	.area _HOME
                                     11 	.area _GSINIT
                                     12 	.area _GSFINAL
                                     13 	.area _CODE
                                     14 	.area _XINIT
                                     15 	.area _DATA
                                     16 	.area _DATA
                                     17 	.area _BSS
                                     18 ;--------------------------------------------------------
                                     19 ; Public variables in this module
                                     20 ;--------------------------------------------------------
                                     21 	.globl _var_0
                                     22 	.globl _OAMDMA
                                     23 	.globl _PPUDATA
                                     24 	.globl _PPUADDR
                                     25 	.globl _PPUSCROLL
                                     26 	.globl _OAMDATA
                                     27 	.globl _OAMADDR
                                     28 	.globl _PPUSTATUS
                                     29 	.globl _PPUMASK
                                     30 	.globl _PPUCTRL
                                     31 ;--------------------------------------------------------
                                     32 ; ZP ram data
                                     33 ;--------------------------------------------------------
                                     34 	.area _ZP      (PAG)
                                     35 ;--------------------------------------------------------
                                     36 ; overlayable items in ram
                                     37 ;--------------------------------------------------------
                                     38 ;--------------------------------------------------------
                                     39 ; uninitialized external ram data
                                     40 ;--------------------------------------------------------
                                     41 	.area _BSS
                         00002000    42 _PPUCTRL	=	0x2000
                         00002001    43 _PPUMASK	=	0x2001
                         00002002    44 _PPUSTATUS	=	0x2002
                         00002003    45 _OAMADDR	=	0x2003
                         00002004    46 _OAMDATA	=	0x2004
                         00002005    47 _PPUSCROLL	=	0x2005
                         00002006    48 _PPUADDR	=	0x2006
                         00002007    49 _PPUDATA	=	0x2007
                         00004014    50 _OAMDMA	=	0x4014
    00000000                         51 _var_0::
    00000000                         52 	.ds 2
                                     53 ;--------------------------------------------------------
                                     54 ; absolute external ram data
                                     55 ;--------------------------------------------------------
                                     56 	.area _DABS    (ABS)
                                     57 ;--------------------------------------------------------
                                     58 ; initialized external ram data
                                     59 ;--------------------------------------------------------
                                     60 	.area _DATA
                                     61 ;--------------------------------------------------------
                                     62 ; global & static initialisations
                                     63 ;--------------------------------------------------------
                                     64 	.area _HOME
                                     65 	.area _GSINIT
                                     66 	.area _GSFINAL
                                     67 	.area _GSINIT
                                     68 ;--------------------------------------------------------
                                     69 ; Home
                                     70 ;--------------------------------------------------------
                                     71 	.area _HOME
                                     72 	.area _HOME
                                     73 ;--------------------------------------------------------
                                     74 ; code
                                     75 ;--------------------------------------------------------
                                     76 	.area _CODE
                                     77 	.area _CODE
                                     78 	.area _XINIT
                                     79 	.area _CABS    (ABS)
