                                      1 ;--------------------------------------------------------
                                      2 ; File Created by SDCC : free open source ISO C Compiler
                                      3 ; Version 4.5.1 #15267 (Mac OS X ppc)
                                      4 ;--------------------------------------------------------
                                      5 	.module common
                                      6 	
                                      7 ;--------------------------------------------------------
                                      8 ; Public variables in this module
                                      9 ;--------------------------------------------------------
                                     10 	.globl _hide_sprites_range
                                     11 	.globl _set_bkg_palette
                                     12 	.globl _fill_bkg_rect
                                     13 	.globl _set_bkg_tiles
                                     14 	.globl _set_bkg_data
                                     15 	.globl _display_off
                                     16 	.globl _vsync
                                     17 	.globl _joypad
                                     18 	.globl _joypadPrevious
                                     19 	.globl _joypadCurrent
                                     20 	.globl _WaitForStartOrA
                                     21 	.globl _setBKGPalettes
                                     22 	.globl _ShowCentered
                                     23 ;--------------------------------------------------------
                                     24 ; special function registers
                                     25 ;--------------------------------------------------------
                                     26 ;--------------------------------------------------------
                                     27 ; ram data
                                     28 ;--------------------------------------------------------
                                     29 	.area _DATA
                                     30 ;--------------------------------------------------------
                                     31 ; ram data
                                     32 ;--------------------------------------------------------
                                     33 	.area _INITIALIZED
    00000000                         34 _joypadCurrent::
    00000000                         35 	.ds 1
    00000001                         36 _joypadPrevious::
    00000001                         37 	.ds 1
                                     38 ;--------------------------------------------------------
                                     39 ; absolute external ram data
                                     40 ;--------------------------------------------------------
                                     41 	.area _DABS (ABS)
                                     42 ;--------------------------------------------------------
                                     43 ; global & static initialisations
                                     44 ;--------------------------------------------------------
                                     45 	.area _HOME
                                     46 	.area _GSINIT
                                     47 	.area _GSFINAL
                                     48 	.area _GSINIT
                                     49 ;--------------------------------------------------------
                                     50 ; Home
                                     51 ;--------------------------------------------------------
                                     52 	.area _HOME
                                     53 ;src/common.c:24: void setBKGPalettes(uint8_t count, const palette_color_t *palettes) NONBANKED{
                                     54 ;	---------------------------------
                                     55 ; Function setBKGPalettes
                                     56 ; ---------------------------------
    00000000                         57 _setBKGPalettes::
    00000000 47               [ 4]   58 	ld	b, a
                                     59 ;src/common.c:31: if (_cpu == CGB_TYPE) {
    00000001 FAr00r00         [16]   60 	ld	a, (#__cpu)
    00000004 D6 11            [ 8]   61 	sub	a, #0x11
    00000006 C0               [20]   62 	ret	NZ
                                     63 ;src/common.c:32: set_bkg_palette(OAMF_CGB_PAL0, count, palettes);
    00000007 D5               [16]   64 	push	de
    00000008 C5               [16]   65 	push	bc
    00000009 33               [ 8]   66 	inc	sp
    0000000A AF               [ 4]   67 	xor	a, a
    0000000B F5               [16]   68 	push	af
    0000000C 33               [ 8]   69 	inc	sp
    0000000D CDr00r00         [24]   70 	call	_set_bkg_palette
    00000010 E8 04            [16]   71 	add	sp, #4
                                     72 ;src/common.c:37: }
    00000012 C9               [16]   73 	ret
                                     74 ;src/common.c:40: void ShowCentered(uint8_t width,uint8_t height,uint8_t bank, uint8_t* tileData, uint8_t tileCount, uint8_t* mapData, const palette_color_t* palettes) NONBANKED{
                                     75 ;	---------------------------------
                                     76 ; Function ShowCentered
                                     77 ; ---------------------------------
    00000013                         78 _ShowCentered::
    00000013 E8 FB            [16]   79 	add	sp, #-5
    00000015 F8 04            [12]   80 	ldhl	sp,	#4
    00000017 77               [ 8]   81 	ld	(hl), a
                                     82 ;src/common.c:43: DISPLAY_OFF;
    00000018 CDr00r00         [24]   83 	call	_display_off
                                     84 ;src/common.c:45: uint8_t _previous_bank = CURRENT_BANK;
    0000001B F0r00            [12]   85 	ldh	a, (__current_bank + 0)
    0000001D F8 00            [12]   86 	ldhl	sp,	#0
    0000001F 77               [ 8]   87 	ld	(hl), a
                                     88 ;src/common.c:49: hide_sprites_range(0,MAX_HARDWARE_SPRITES);
    00000020 D5               [16]   89 	push	de
    00000021 1E 28            [ 8]   90 	ld	e, #0x28
    00000023 AF               [ 4]   91 	xor	a, a
    00000024 CDr00r00         [24]   92 	call	_hide_sprites_range
    00000027 D1               [12]   93 	pop	de
                                     94 ;../../../include/gb/gb.h:1461: SCX_REG=x, SCY_REG=y;
    00000028 AF               [ 4]   95 	xor	a, a
    00000029 E0r00            [12]   96 	ldh	(_SCX_REG + 0), a
    0000002B AF               [ 4]   97 	xor	a, a
    0000002C E0r00            [12]   98 	ldh	(_SCY_REG + 0), a
                                     99 ;src/common.c:54: uint8_t titleRow = (DEVICE_SCREEN_HEIGHT-(height>>3))/2;
    0000002E 7B               [ 4]  100 	ld	a, e
    0000002F CB 37            [ 8]  101 	swap	a
    00000031 07               [ 4]  102 	rlca
    00000032 E6 1F            [ 8]  103 	and	a, #0x1f
    00000034 F8 01            [12]  104 	ldhl	sp,	#1
    00000036 77               [ 8]  105 	ld	(hl), a
    00000037 4E               [ 8]  106 	ld	c, (hl)
    00000038 06 00            [ 8]  107 	ld	b, #0x00
    0000003A 3E 12            [ 8]  108 	ld	a, #0x12
    0000003C 91               [ 4]  109 	sub	a, c
    0000003D 6F               [ 4]  110 	ld	l, a
    0000003E 9F               [ 4]  111 	sbc	a, a
    0000003F 90               [ 4]  112 	sub	a, b
    00000040 67               [ 4]  113 	ld	h, a
    00000041 4D               [ 4]  114 	ld	c, l
    00000042 44               [ 4]  115 	ld	b, h
    00000043 CB 7C            [ 8]  116 	bit	7, h
    00000045 28 03            [12]  117 	jr	Z, 00108$
    00000047 23               [ 8]  118 	inc	hl
    00000048 4D               [ 4]  119 	ld	c, l
    00000049 44               [ 4]  120 	ld	b, h
    0000004A                        121 00108$:
    0000004A CB 28            [ 8]  122 	sra	b
    0000004C CB 19            [ 8]  123 	rr	c
    0000004E F8 02            [12]  124 	ldhl	sp,	#2
                                    125 ;src/common.c:55: uint8_t titleColumn = (DEVICE_SCREEN_WIDTH-(width>>3))/2;
    00000050 79               [ 4]  126 	ld	a, c
    00000051 22               [ 8]  127 	ld	(hl+), a
    00000052 23               [ 8]  128 	inc	hl
    00000053 3A               [ 8]  129 	ld	a, (hl-)
    00000054 CB 37            [ 8]  130 	swap	a
    00000056 07               [ 4]  131 	rlca
    00000057 E6 1F            [ 8]  132 	and	a, #0x1f
    00000059 77               [ 8]  133 	ld	(hl), a
    0000005A 4E               [ 8]  134 	ld	c, (hl)
    0000005B 06 00            [ 8]  135 	ld	b, #0x00
    0000005D 3E 14            [ 8]  136 	ld	a, #0x14
    0000005F 91               [ 4]  137 	sub	a, c
    00000060 6F               [ 4]  138 	ld	l, a
    00000061 9F               [ 4]  139 	sbc	a, a
    00000062 90               [ 4]  140 	sub	a, b
    00000063 67               [ 4]  141 	ld	h, a
    00000064 4D               [ 4]  142 	ld	c, l
    00000065 44               [ 4]  143 	ld	b, h
    00000066 CB 7C            [ 8]  144 	bit	7, h
    00000068 28 03            [12]  145 	jr	Z, 00109$
    0000006A 23               [ 8]  146 	inc	hl
    0000006B 4D               [ 4]  147 	ld	c, l
    0000006C 44               [ 4]  148 	ld	b, h
    0000006D                        149 00109$:
    0000006D CB 28            [ 8]  150 	sra	b
    0000006F CB 19            [ 8]  151 	rr	c
                                    152 ;src/common.c:57: SWITCH_ROM(bank);
    00000071 F8 07            [12]  153 	ldhl	sp,	#7
    00000073 7E               [ 8]  154 	ld	a, (hl)
    00000074 E0r00            [12]  155 	ldh	(__current_bank + 0), a
    00000076 EAr00r00         [16]  156 	ld	(#_rROMB0),a
                                    157 ;src/common.c:59: setBKGPalettes(1,palettes);
    00000079 C5               [16]  158 	push	bc
    0000007A F8 0F            [12]  159 	ldhl	sp,	#15
    0000007C 2A               [ 8]  160 	ld	a, (hl+)
    0000007D 5F               [ 4]  161 	ld	e, a
    0000007E 56               [ 8]  162 	ld	d, (hl)
    0000007F 3E 01            [ 8]  163 	ld	a, #0x01
    00000081 CDr00r00         [24]  164 	call	_setBKGPalettes
    00000084 C1               [12]  165 	pop	bc
                                    166 ;src/common.c:61: set_native_tile_data(0,tileCount,tileData);
    00000085 F8 08            [12]  167 	ldhl	sp,	#8
    00000087 2A               [ 8]  168 	ld	a, (hl+)
    00000088 5F               [ 4]  169 	ld	e, a
    00000089 2A               [ 8]  170 	ld	a, (hl+)
    0000008A 57               [ 4]  171 	ld	d, a
    0000008B 7E               [ 8]  172 	ld	a, (hl)
                                    173 ;../../../include/gb/gb.h:2146: set_bkg_data(first_tile, nb_tiles, data);
    0000008C D5               [16]  174 	push	de
    0000008D 67               [ 4]  175 	ld	h, a
    0000008E 2E 00            [ 8]  176 	ld	l, #0x00
    00000090 E5               [16]  177 	push	hl
    00000091 CDr00r00         [24]  178 	call	_set_bkg_data
    00000094 E8 04            [16]  179 	add	sp, #4
                                    180 ;src/common.c:62: fill_bkg_rect(0,0,DEVICE_SCREEN_WIDTH,DEVICE_SCREEN_HEIGHT,0);
    00000096 AF               [ 4]  181 	xor	a, a
    00000097 67               [ 4]  182 	ld	h, a
    00000098 2E 12            [ 8]  183 	ld	l, #0x12
    0000009A E5               [16]  184 	push	hl
    0000009B 3E 14            [ 8]  185 	ld	a, #0x14
    0000009D F5               [16]  186 	push	af
    0000009E 33               [ 8]  187 	inc	sp
    0000009F AF               [ 4]  188 	xor	a, a
    000000A0 0F               [ 4]  189 	rrca
    000000A1 F5               [16]  190 	push	af
    000000A2 CDr00r00         [24]  191 	call	_fill_bkg_rect
    000000A5 E8 05            [16]  192 	add	sp, #5
                                    193 ;src/common.c:63: set_bkg_tiles(titleColumn,titleRow,width>>3,height>>3,mapData);
    000000A7 F8 0B            [12]  194 	ldhl	sp,	#11
    000000A9 2A               [ 8]  195 	ld	a, (hl+)
    000000AA 5F               [ 4]  196 	ld	e, a
    000000AB 56               [ 8]  197 	ld	d, (hl)
    000000AC D5               [16]  198 	push	de
    000000AD F8 03            [12]  199 	ldhl	sp,	#3
    000000AF 2A               [ 8]  200 	ld	a, (hl+)
    000000B0 23               [ 8]  201 	inc	hl
    000000B1 F5               [16]  202 	push	af
    000000B2 33               [ 8]  203 	inc	sp
    000000B3 3A               [ 8]  204 	ld	a, (hl-)
    000000B4 57               [ 4]  205 	ld	d, a
    000000B5 5E               [ 8]  206 	ld	e, (hl)
    000000B6 D5               [16]  207 	push	de
    000000B7 79               [ 4]  208 	ld	a, c
    000000B8 F5               [16]  209 	push	af
    000000B9 33               [ 8]  210 	inc	sp
    000000BA CDr00r00         [24]  211 	call	_set_bkg_tiles
    000000BD E8 06            [16]  212 	add	sp, #6
                                    213 ;src/common.c:64: SWITCH_ROM(_previous_bank);
    000000BF F8 00            [12]  214 	ldhl	sp,	#0
    000000C1 7E               [ 8]  215 	ld	a, (hl)
    000000C2 E0r00            [12]  216 	ldh	(__current_bank + 0), a
    000000C4 7E               [ 8]  217 	ld	a, (hl)
    000000C5 EAr00r00         [16]  218 	ld	(#_rROMB0),a
                                    219 ;src/common.c:66: DISPLAY_ON;
    000000C8 F0r00            [12]  220 	ldh	a, (_LCDC_REG + 0)
    000000CA F6 01            [ 8]  221 	or	a, #0x01
    000000CC E0r00            [12]  222 	ldh	(_LCDC_REG + 0), a
                                    223 ;src/common.c:67: }
    000000CE E8 05            [16]  224 	add	sp, #5
    000000D0 E1               [12]  225 	pop	hl
    000000D1 E8 08            [16]  226 	add	sp, #8
    000000D3 E9               [ 4]  227 	jp	(hl)
                                    228 	.area _HOME
                                    229 ;--------------------------------------------------------
                                    230 ; code
                                    231 ;--------------------------------------------------------
                                    232 	.area _CODE
                                    233 ;src/common.c:9: void WaitForStartOrA(void){
                                    234 ;	---------------------------------
                                    235 ; Function WaitForStartOrA
                                    236 ; ---------------------------------
    00000000                        237 _WaitForStartOrA::
                                    238 ;src/common.c:10: while(1){
    00000000                        239 00108$:
                                    240 ;src/common.c:13: joypadPrevious = joypadCurrent;
    00000000 FAr00r00         [16]  241 	ld	a, (#_joypadCurrent)
    00000003 EAr01r00         [16]  242 	ld	(#_joypadPrevious),a
                                    243 ;src/common.c:14: joypadCurrent = joypad();
    00000006 CDr00r00         [24]  244 	call	_joypad
                                    245 ;src/common.c:16: if((joypadCurrent & J_START) && !(joypadPrevious & J_START))break;
    00000009 EAr00r00         [16]  246 	ld	(#_joypadCurrent),a
    0000000C 21r01r00         [12]  247 	ld	hl, #_joypadPrevious
    0000000F 4E               [ 8]  248 	ld	c, (hl)
    00000010 CB 7F            [ 8]  249 	bit	7, a
    00000012 28 03            [12]  250 	jr	Z, 00102$
    00000014 CB 79            [ 8]  251 	bit	7, c
    00000016 C8               [20]  252 	ret	Z
    00000017                        253 00102$:
                                    254 ;src/common.c:17: if((joypadCurrent & J_A) && !(joypadPrevious & J_A))break;
    00000017 CB 67            [ 8]  255 	bit	4, a
    00000019 28 03            [12]  256 	jr	Z, 00105$
    0000001B CB 61            [ 8]  257 	bit	4, c
    0000001D C8               [20]  258 	ret	Z
    0000001E                        259 00105$:
                                    260 ;src/common.c:19: vsync();
    0000001E CDr00r00         [24]  261 	call	_vsync
                                    262 ;src/common.c:22: }
    00000021 18 DD            [12]  263 	jr	00108$
                                    264 	.area _CODE
                                    265 	.area _INITIALIZER
    00000000                        266 __xinit__joypadCurrent:
    00000000 00                     267 	.db #0x00	; 0
    00000001                        268 __xinit__joypadPrevious:
    00000001 00                     269 	.db #0x00	; 0
                                    270 	.area _CABS (ABS)
