                                      1 ;--------------------------------------------------------
                                      2 ; File Created by SDCC : free open source ISO C Compiler
                                      3 ; Version 4.5.1 #15267 (Mac OS X ppc)
                                      4 ;--------------------------------------------------------
                                      5 	.module megaduck_key2ascii
                                      6 	
                                      7 ;--------------------------------------------------------
                                      8 ; Public variables in this module
                                      9 ;--------------------------------------------------------
                                     10 	.globl _scancode_to_ascii_LUT_spanish
                                     11 	.globl _duck_io_scancode_to_ascii
                                     12 ;--------------------------------------------------------
                                     13 ; special function registers
                                     14 ;--------------------------------------------------------
                                     15 ;--------------------------------------------------------
                                     16 ; ram data
                                     17 ;--------------------------------------------------------
                                     18 	.area _DATA
                                     19 ;--------------------------------------------------------
                                     20 ; ram data
                                     21 ;--------------------------------------------------------
                                     22 	.area _INITIALIZED
                                     23 ;--------------------------------------------------------
                                     24 ; absolute external ram data
                                     25 ;--------------------------------------------------------
                                     26 	.area _DABS (ABS)
                                     27 ;--------------------------------------------------------
                                     28 ; global & static initialisations
                                     29 ;--------------------------------------------------------
                                     30 	.area _HOME
                                     31 	.area _GSINIT
                                     32 	.area _GSFINAL
                                     33 	.area _GSINIT
                                     34 ;--------------------------------------------------------
                                     35 ; Home
                                     36 ;--------------------------------------------------------
                                     37 	.area _HOME
                                     38 	.area _HOME
                                     39 ;--------------------------------------------------------
                                     40 ; code
                                     41 ;--------------------------------------------------------
                                     42 	.area _CODE
                                     43 ;src/megaduck_key2ascii.c:296: char duck_io_scancode_to_ascii(const uint8_t key_code, const uint8_t megaduck_model) {
                                     44 ;	---------------------------------
                                     45 ; Function duck_io_scancode_to_ascii
                                     46 ; ---------------------------------
    00000000                         47 _duck_io_scancode_to_ascii::
    00000000 4F               [ 4]   48 	ld	c, a
                                     49 ;src/megaduck_key2ascii.c:298: char ascii_char = scancode_to_ascii_LUT_spanish[key_code];
    00000001 21r5Cr00         [12]   50 	ld	hl, #_scancode_to_ascii_LUT_spanish
    00000004 06 00            [ 8]   51 	ld	b, #0x00
    00000006 09               [ 8]   52 	add	hl, bc
    00000007 4E               [ 8]   53 	ld	c, (hl)
                                     54 ;src/megaduck_key2ascii.c:301: if (megaduck_model == MEGADUCK_LAPTOP_GERMAN)
    00000008 7B               [ 4]   55 	ld	a, e
    00000009 D6 02            [ 8]   56 	sub	a, #0x02
    0000000B 20 4D            [12]   57 	jr	NZ, 00113$
                                     58 ;src/megaduck_key2ascii.c:302: switch (ascii_char) {
    0000000D 79               [ 4]   59 	ld	a,c
    0000000E FE C3            [ 8]   60 	cp	a,#0xc3
    00000010 28 2A            [12]   61 	jr	Z, 00102$
    00000012 FE 27            [ 8]   62 	cp	a,#0x27
    00000014 28 22            [12]   63 	jr	Z, 00101$
    00000016 FE 2D            [ 8]   64 	cp	a,#0x2d
    00000018 28 3E            [12]   65 	jr	Z, 00110$
    0000001A FE 59            [ 8]   66 	cp	a,#0x59
    0000001C 28 2E            [12]   67 	jr	Z, 00107$
    0000001E FE 5A            [ 8]   68 	cp	a,#0x5a
    00000020 28 32            [12]   69 	jr	Z, 00109$
    00000022 FE 5B            [ 8]   70 	cp	a,#0x5b
    00000024 28 1A            [12]   71 	jr	Z, 00104$
    00000026 FE 5D            [ 8]   72 	cp	a,#0x5d
    00000028 28 1A            [12]   73 	jr	Z, 00105$
    0000002A FE 60            [ 8]   74 	cp	a,#0x60
    0000002C 28 12            [12]   75 	jr	Z, 00104$
    0000002E FE 79            [ 8]   76 	cp	a,#0x79
    00000030 28 16            [12]   77 	jr	Z, 00106$
    00000032 D6 7A            [ 8]   78 	sub	a, #0x7a
    00000034 28 1A            [12]   79 	jr	Z, 00108$
    00000036 18 22            [12]   80 	jr	00113$
                                     81 ;src/megaduck_key2ascii.c:305: case '\'': ascii_char = 'ß'; break;
    00000038                         82 00101$:
    00000038 0E C3            [ 8]   83 	ld	c, #0xc3
    0000003A 18 1E            [12]   84 	jr	00113$
                                     85 ;src/megaduck_key2ascii.c:308: case '÷':  ascii_char = ':'; break;
    0000003C                         86 00102$:
    0000003C 0E 3A            [ 8]   87 	ld	c, #0x3a
    0000003E 18 1A            [12]   88 	jr	00113$
                                     89 ;src/megaduck_key2ascii.c:311: case '`':  ascii_char = 'Ü'; break;
    00000040                         90 00104$:
    00000040 0E C3            [ 8]   91 	ld	c, #0xc3
    00000042 18 16            [12]   92 	jr	00113$
                                     93 ;src/megaduck_key2ascii.c:312: case ']':  ascii_char = '·'; break;
    00000044                         94 00105$:
    00000044 0E C2            [ 8]   95 	ld	c, #0xc2
    00000046 18 12            [12]   96 	jr	00113$
                                     97 ;src/megaduck_key2ascii.c:313: case 'y':  ascii_char = 'z'; break;
    00000048                         98 00106$:
    00000048 0E 7A            [ 8]   99 	ld	c, #0x7a
    0000004A 18 0E            [12]  100 	jr	00113$
                                    101 ;src/megaduck_key2ascii.c:314: case 'Y':  ascii_char = 'Z'; break;
    0000004C                        102 00107$:
    0000004C 0E 5A            [ 8]  103 	ld	c, #0x5a
    0000004E 18 0A            [12]  104 	jr	00113$
                                    105 ;src/megaduck_key2ascii.c:323: case 'z':  ascii_char = 'y'; break;
    00000050                        106 00108$:
    00000050 0E 79            [ 8]  107 	ld	c, #0x79
    00000052 18 06            [12]  108 	jr	00113$
                                    109 ;src/megaduck_key2ascii.c:324: case 'Z':  ascii_char = 'Y'; break;
    00000054                        110 00109$:
    00000054 0E 59            [ 8]  111 	ld	c, #0x59
    00000056 18 02            [12]  112 	jr	00113$
                                    113 ;src/megaduck_key2ascii.c:325: case '-':  ascii_char = '@'; break;
    00000058                        114 00110$:
    00000058 0E 40            [ 8]  115 	ld	c, #0x40
                                    116 ;src/megaduck_key2ascii.c:326: }
    0000005A                        117 00113$:
                                    118 ;src/megaduck_key2ascii.c:328: return ascii_char;
    0000005A 79               [ 4]  119 	ld	a, c
                                    120 ;src/megaduck_key2ascii.c:329: }
    0000005B C9               [16]  121 	ret
    0000005C                        122 _scancode_to_ascii_LUT_spanish:
    0000005C 00                     123 	.db #0x00	;  0
    0000005D 00                     124 	.db #0x00	;  0
    0000005E 00                     125 	.db #0x00	;  0
    0000005F 00                     126 	.db #0x00	;  0
    00000060 00                     127 	.db #0x00	;  0
    00000061 21                     128 	.db #0x21	;  33
    00000062 51                     129 	.db #0x51	;  81	'Q'
    00000063 41                     130 	.db #0x41	;  65	'A'
    00000064 00                     131 	.db #0x00	;  0
    00000065 22                     132 	.db #0x22	;  34
    00000066 57                     133 	.db #0x57	;  87	'W'
    00000067 53                     134 	.db #0x53	;  83	'S'
    00000068 00                     135 	.db #0x00	;  0
    00000069 C2                     136 	.db #0xc2	; -62
    0000006A 45                     137 	.db #0x45	;  69	'E'
    0000006B 44                     138 	.db #0x44	;  68	'D'
    0000006C 00                     139 	.db #0x00	;  0
    0000006D 24                     140 	.db #0x24	;  36
    0000006E 52                     141 	.db #0x52	;  82	'R'
    0000006F 46                     142 	.db #0x46	;  70	'F'
    00000070 00                     143 	.db #0x00	;  0
    00000071 25                     144 	.db #0x25	;  37
    00000072 54                     145 	.db #0x54	;  84	'T'
    00000073 47                     146 	.db #0x47	;  71	'G'
    00000074 00                     147 	.db #0x00	;  0
    00000075 26                     148 	.db #0x26	;  38
    00000076 59                     149 	.db #0x59	;  89	'Y'
    00000077 48                     150 	.db #0x48	;  72	'H'
    00000078 00                     151 	.db #0x00	;  0
    00000079 2F                     152 	.db #0x2f	;  47
    0000007A 55                     153 	.db #0x55	;  85	'U'
    0000007B 4A                     154 	.db #0x4a	;  74	'J'
    0000007C 00                     155 	.db #0x00	;  0
    0000007D 28                     156 	.db #0x28	;  40
    0000007E 49                     157 	.db #0x49	;  73	'I'
    0000007F 4B                     158 	.db #0x4b	;  75	'K'
    00000080 00                     159 	.db #0x00	;  0
    00000081 29                     160 	.db #0x29	;  41
    00000082 4F                     161 	.db #0x4f	;  79	'O'
    00000083 4C                     162 	.db #0x4c	;  76	'L'
    00000084 00                     163 	.db #0x00	;  0
    00000085 5C                     164 	.db #0x5c	;  92
    00000086 50                     165 	.db #0x50	;  80	'P'
    00000087 C3                     166 	.db #0xc3	; -61
    00000088 00                     167 	.db #0x00	;  0
    00000089 3F                     168 	.db #0x3f	;  63
    0000008A 5B                     169 	.db #0x5b	;  91
    0000008B C3                     170 	.db #0xc3	; -61
    0000008C 00                     171 	.db #0x00	;  0
    0000008D C2                     172 	.db #0xc2	; -62
    0000008E 2A                     173 	.db #0x2a	;  42
    0000008F C2                     174 	.db #0xc2	; -62
    00000090 00                     175 	.db #0x00	;  0
    00000091 00                     176 	.db #0x00	;  0
    00000092 00                     177 	.db #0x00	;  0
    00000093 00                     178 	.db #0x00	;  0
    00000094 5A                     179 	.db #0x5a	;  90	'Z'
    00000095 00                     180 	.db #0x00	;  0
    00000096 00                     181 	.db #0x00	;  0
    00000097 00                     182 	.db #0x00	;  0
    00000098 58                     183 	.db #0x58	;  88	'X'
    00000099 3E                     184 	.db #0x3e	;  62
    0000009A 00                     185 	.db #0x00	;  0
    0000009B 00                     186 	.db #0x00	;  0
    0000009C 43                     187 	.db #0x43	;  67	'C'
    0000009D 00                     188 	.db #0x00	;  0
    0000009E 00                     189 	.db #0x00	;  0
    0000009F 00                     190 	.db #0x00	;  0
    000000A0 56                     191 	.db #0x56	;  86	'V'
    000000A1 00                     192 	.db #0x00	;  0
    000000A2 00                     193 	.db #0x00	;  0
    000000A3 00                     194 	.db #0x00	;  0
    000000A4 42                     195 	.db #0x42	;  66	'B'
    000000A5 00                     196 	.db #0x00	;  0
    000000A6 00                     197 	.db #0x00	;  0
    000000A7 00                     198 	.db #0x00	;  0
    000000A8 4E                     199 	.db #0x4e	;  78	'N'
    000000A9 00                     200 	.db #0x00	;  0
    000000AA 00                     201 	.db #0x00	;  0
    000000AB 00                     202 	.db #0x00	;  0
    000000AC 4D                     203 	.db #0x4d	;  77	'M'
    000000AD 00                     204 	.db #0x00	;  0
    000000AE 00                     205 	.db #0x00	;  0
    000000AF 00                     206 	.db #0x00	;  0
    000000B0 3B                     207 	.db #0x3b	;  59
    000000B1 00                     208 	.db #0x00	;  0
    000000B2 00                     209 	.db #0x00	;  0
    000000B3 00                     210 	.db #0x00	;  0
    000000B4 3A                     211 	.db #0x3a	;  58
    000000B5 00                     212 	.db #0x00	;  0
    000000B6 00                     213 	.db #0x00	;  0
    000000B7 00                     214 	.db #0x00	;  0
    000000B8 5F                     215 	.db #0x5f	;  95
    000000B9 00                     216 	.db #0x00	;  0
    000000BA 00                     217 	.db #0x00	;  0
    000000BB 00                     218 	.db #0x00	;  0
    000000BC 00                     219 	.db #0x00	;  0
    000000BD 00                     220 	.db #0x00	;  0
    000000BE 00                     221 	.db #0x00	;  0
    000000BF 00                     222 	.db #0x00	;  0
    000000C0 00                     223 	.db #0x00	;  0
    000000C1 00                     224 	.db #0x00	;  0
    000000C2 00                     225 	.db #0x00	;  0
    000000C3 00                     226 	.db #0x00	;  0
    000000C4 00                     227 	.db #0x00	;  0
    000000C5 00                     228 	.db #0x00	;  0
    000000C6 00                     229 	.db #0x00	;  0
    000000C7 00                     230 	.db #0x00	;  0
    000000C8 00                     231 	.db #0x00	;  0
    000000C9 00                     232 	.db #0x00	;  0
    000000CA 00                     233 	.db #0x00	;  0
    000000CB 00                     234 	.db #0x00	;  0
    000000CC 00                     235 	.db #0x00	;  0
    000000CD 00                     236 	.db #0x00	;  0
    000000CE 00                     237 	.db #0x00	;  0
    000000CF 00                     238 	.db #0x00	;  0
    000000D0 00                     239 	.db #0x00	;  0
    000000D1 00                     240 	.db #0x00	;  0
    000000D2 00                     241 	.db #0x00	;  0
    000000D3 00                     242 	.db #0x00	;  0
    000000D4 00                     243 	.db #0x00	;  0
    000000D5 00                     244 	.db #0x00	;  0
    000000D6 00                     245 	.db #0x00	;  0
    000000D7 00                     246 	.db #0x00	;  0
    000000D8 00                     247 	.db #0x00	;  0
    000000D9 00                     248 	.db #0x00	;  0
    000000DA 00                     249 	.db #0x00	;  0
    000000DB 00                     250 	.db #0x00	;  0
    000000DC 00                     251 	.db #0x00	;  0
    000000DD 1B                     252 	.db #0x1b	;  27
    000000DE 05                     253 	.db #0x05	;  5
    000000DF 00                     254 	.db #0x00	;  0
    000000E0 00                     255 	.db #0x00	;  0
    000000E1 31                     256 	.db #0x31	;  49	'1'
    000000E2 71                     257 	.db #0x71	;  113	'q'
    000000E3 61                     258 	.db #0x61	;  97	'a'
    000000E4 00                     259 	.db #0x00	;  0
    000000E5 32                     260 	.db #0x32	;  50	'2'
    000000E6 77                     261 	.db #0x77	;  119	'w'
    000000E7 73                     262 	.db #0x73	;  115	's'
    000000E8 00                     263 	.db #0x00	;  0
    000000E9 33                     264 	.db #0x33	;  51	'3'
    000000EA 65                     265 	.db #0x65	;  101	'e'
    000000EB 64                     266 	.db #0x64	;  100	'd'
    000000EC 00                     267 	.db #0x00	;  0
    000000ED 34                     268 	.db #0x34	;  52	'4'
    000000EE 72                     269 	.db #0x72	;  114	'r'
    000000EF 66                     270 	.db #0x66	;  102	'f'
    000000F0 00                     271 	.db #0x00	;  0
    000000F1 35                     272 	.db #0x35	;  53	'5'
    000000F2 74                     273 	.db #0x74	;  116	't'
    000000F3 67                     274 	.db #0x67	;  103	'g'
    000000F4 00                     275 	.db #0x00	;  0
    000000F5 36                     276 	.db #0x36	;  54	'6'
    000000F6 79                     277 	.db #0x79	;  121	'y'
    000000F7 68                     278 	.db #0x68	;  104	'h'
    000000F8 00                     279 	.db #0x00	;  0
    000000F9 37                     280 	.db #0x37	;  55	'7'
    000000FA 75                     281 	.db #0x75	;  117	'u'
    000000FB 6A                     282 	.db #0x6a	;  106	'j'
    000000FC 00                     283 	.db #0x00	;  0
    000000FD 38                     284 	.db #0x38	;  56	'8'
    000000FE 69                     285 	.db #0x69	;  105	'i'
    000000FF 6B                     286 	.db #0x6b	;  107	'k'
    00000100 00                     287 	.db #0x00	;  0
    00000101 39                     288 	.db #0x39	;  57	'9'
    00000102 6F                     289 	.db #0x6f	;  111	'o'
    00000103 6C                     290 	.db #0x6c	;  108	'l'
    00000104 00                     291 	.db #0x00	;  0
    00000105 30                     292 	.db #0x30	;  48	'0'
    00000106 70                     293 	.db #0x70	;  112	'p'
    00000107 C3                     294 	.db #0xc3	; -61
    00000108 00                     295 	.db #0x00	;  0
    00000109 27                     296 	.db #0x27	;  39
    0000010A 60                     297 	.db #0x60	;  96
    0000010B C3                     298 	.db #0xc3	; -61
    0000010C 00                     299 	.db #0x00	;  0
    0000010D C2                     300 	.db #0xc2	; -62
    0000010E 5D                     301 	.db #0x5d	;  93
    0000010F C2                     302 	.db #0xc2	; -62
    00000110 00                     303 	.db #0x00	;  0
    00000111 08                     304 	.db #0x08	;  8
    00000112 0D                     305 	.db #0x0d	;  13
    00000113 00                     306 	.db #0x00	;  0
    00000114 7A                     307 	.db #0x7a	;  122	'z'
    00000115 20                     308 	.db #0x20	;  32
    00000116 00                     309 	.db #0x00	;  0
    00000117 00                     310 	.db #0x00	;  0
    00000118 78                     311 	.db #0x78	;  120	'x'
    00000119 3C                     312 	.db #0x3c	;  60
    0000011A 00                     313 	.db #0x00	;  0
    0000011B 00                     314 	.db #0x00	;  0
    0000011C 63                     315 	.db #0x63	;  99	'c'
    0000011D 00                     316 	.db #0x00	;  0
    0000011E 00                     317 	.db #0x00	;  0
    0000011F 00                     318 	.db #0x00	;  0
    00000120 76                     319 	.db #0x76	;  118	'v'
    00000121 00                     320 	.db #0x00	;  0
    00000122 00                     321 	.db #0x00	;  0
    00000123 00                     322 	.db #0x00	;  0
    00000124 62                     323 	.db #0x62	;  98	'b'
    00000125 00                     324 	.db #0x00	;  0
    00000126 00                     325 	.db #0x00	;  0
    00000127 00                     326 	.db #0x00	;  0
    00000128 6E                     327 	.db #0x6e	;  110	'n'
    00000129 00                     328 	.db #0x00	;  0
    0000012A 00                     329 	.db #0x00	;  0
    0000012B 00                     330 	.db #0x00	;  0
    0000012C 6D                     331 	.db #0x6d	;  109	'm'
    0000012D 00                     332 	.db #0x00	;  0
    0000012E 00                     333 	.db #0x00	;  0
    0000012F 00                     334 	.db #0x00	;  0
    00000130 2C                     335 	.db #0x2c	;  44
    00000131 00                     336 	.db #0x00	;  0
    00000132 00                     337 	.db #0x00	;  0
    00000133 00                     338 	.db #0x00	;  0
    00000134 2E                     339 	.db #0x2e	;  46
    00000135 2A                     340 	.db #0x2a	;  42
    00000136 00                     341 	.db #0x00	;  0
    00000137 00                     342 	.db #0x00	;  0
    00000138 2D                     343 	.db #0x2d	;  45
    00000139 02                     344 	.db #0x02	;  2
    0000013A 06                     345 	.db #0x06	;  6
    0000013B 00                     346 	.db #0x00	;  0
    0000013C 7F                     347 	.db #0x7f	;  127
    0000013D 2D                     348 	.db #0x2d	;  45
    0000013E 00                     349 	.db #0x00	;  0
    0000013F 00                     350 	.db #0x00	;  0
    00000140 C3                     351 	.db #0xc3	; -61
    00000141 04                     352 	.db #0x04	;  4
    00000142 00                     353 	.db #0x00	;  0
    00000143 00                     354 	.db #0x00	;  0
    00000144 01                     355 	.db #0x01	;  1
    00000145 3D                     356 	.db #0x3d	;  61
    00000146 00                     357 	.db #0x00	;  0
    00000147 00                     358 	.db #0x00	;  0
    00000148 2B                     359 	.db #0x2b	;  43
    00000149 03                     360 	.db #0x03	;  3
    0000014A 00                     361 	.db #0x00	;  0
    0000014B 00                     362 	.db #0x00	;  0
    0000014C 74                     363 	.db #0x74	;  116	't'
    0000014D 00                     364 	.db #0x00	;  0
    0000014E 00                     365 	.db #0x00	;  0
    0000014F 00                     366 	.db #0x00	;  0
    00000150 00                     367 	.db #0x00	;  0
    00000151 00                     368 	.db #0x00	;  0
    00000152 00                     369 	.db #0x00	;  0
    00000153 00                     370 	.db #0x00	;  0
    00000154 00                     371 	.db #0x00	;  0
    00000155 00                     372 	.db #0x00	;  0
    00000156 00                     373 	.db #0x00	;  0
    00000157 00                     374 	.db #0x00	;  0
    00000158 00                     375 	.db #0x00	;  0
    00000159 00                     376 	.db #0x00	;  0
    0000015A 00                     377 	.db #0x00	;  0
    0000015B 00                     378 	.db #0x00	;  0
                                    379 	.area _CODE
                                    380 	.area _INITIALIZER
                                    381 	.area _CABS (ABS)
