                                      1 ;--------------------------------------------------------
                                      2 ; File Created by SDCC : free open source ISO C Compiler
                                      3 ; Version 4.5.1 #15267 (Mac OS X ppc)
                                      4 ;--------------------------------------------------------
                                      5 	.module main
                                      6 	
                                      7 ;--------------------------------------------------------
                                      8 ; Public variables in this module
                                      9 ;--------------------------------------------------------
                                     10 	.globl _main
                                     11 	.globl _gb_decompress
                                     12 	.globl _set_bkg_tiles
                                     13 	.globl _set_bkg_data
                                     14 	.globl _vsync
                                     15 	.globl _buffer
                                     16 ;--------------------------------------------------------
                                     17 ; special function registers
                                     18 ;--------------------------------------------------------
                                     19 ;--------------------------------------------------------
                                     20 ; ram data
                                     21 ;--------------------------------------------------------
                                     22 	.area _DATA
    00000000                         23 _buffer::
    00000000                         24 	.ds 4096
                                     25 ;--------------------------------------------------------
                                     26 ; ram data
                                     27 ;--------------------------------------------------------
                                     28 	.area _INITIALIZED
                                     29 ;--------------------------------------------------------
                                     30 ; absolute external ram data
                                     31 ;--------------------------------------------------------
                                     32 	.area _DABS (ABS)
                                     33 ;--------------------------------------------------------
                                     34 ; global & static initialisations
                                     35 ;--------------------------------------------------------
                                     36 	.area _HOME
                                     37 	.area _GSINIT
                                     38 	.area _GSFINAL
                                     39 	.area _GSINIT
                                     40 ;--------------------------------------------------------
                                     41 ; Home
                                     42 ;--------------------------------------------------------
                                     43 	.area _HOME
                                     44 	.area _HOME
                                     45 ;--------------------------------------------------------
                                     46 ; code
                                     47 ;--------------------------------------------------------
                                     48 	.area _CODE
                                     49 ;src/main.c:16: void main(void)
                                     50 ;	---------------------------------
                                     51 ; Function main
                                     52 ; ---------------------------------
    00000000                         53 _main::
                                     54 ;src/main.c:29: set_bkg_data(0, gb_decompress(monalisa_tiles_comp, buffer) >> 4, buffer);
    00000000 01r00r00         [12]   55 	ld	bc, #_buffer+0
    00000003 C5               [16]   56 	push	bc
    00000004 11r00r00         [12]   57 	ld	de, #_monalisa_tiles_comp
    00000007 CDr00r00         [24]   58 	call	_gb_decompress
    0000000A 69               [ 4]   59 	ld	l, c
    0000000B 60               [ 4]   60 	ld	h, b
    0000000C C1               [12]   61 	pop	bc
    0000000D 29               [ 8]   62 	add	hl, hl
    0000000E 29               [ 8]   63 	add	hl, hl
    0000000F 29               [ 8]   64 	add	hl, hl
    00000010 29               [ 8]   65 	add	hl, hl
    00000011 C5               [16]   66 	push	bc
    00000012 E5               [16]   67 	push	hl
    00000013 33               [ 8]   68 	inc	sp
    00000014 AF               [ 4]   69 	xor	a, a
    00000015 F5               [16]   70 	push	af
    00000016 33               [ 8]   71 	inc	sp
    00000017 CDr00r00         [24]   72 	call	_set_bkg_data
    0000001A E8 04            [16]   73 	add	sp, #4
                                     74 ;src/main.c:32: set_bkg_tiles(0,0, monalisa_mapWidth, monalisa_mapHeight, monalisa_mapPLN0);
    0000001C 11r00r00         [12]   75 	ld	de, #_monalisa_mapPLN0
    0000001F D5               [16]   76 	push	de
    00000020 21 14 12         [12]   77 	ld	hl, #0x1214
    00000023 E5               [16]   78 	push	hl
    00000024 AF               [ 4]   79 	xor	a, a
    00000025 0F               [ 4]   80 	rrca
    00000026 F5               [16]   81 	push	af
    00000027 CDr00r00         [24]   82 	call	_set_bkg_tiles
    0000002A E8 06            [16]   83 	add	sp, #6
                                     84 ;src/main.c:33: SHOW_BKG;
    0000002C F0r00            [12]   85 	ldh	a, (_LCDC_REG + 0)
    0000002E F6 80            [ 8]   86 	or	a, #0x80
    00000030 E0r00            [12]   87 	ldh	(_LCDC_REG + 0), a
                                     88 ;src/main.c:36: while(1) {
    00000032                         89 00102$:
                                     90 ;src/main.c:41: vsync();
    00000032 CDr00r00         [24]   91 	call	_vsync
                                     92 ;src/main.c:43: }
    00000035 18 FB            [12]   93 	jr	00102$
                                     94 	.area _CODE
                                     95 	.area _INITIALIZER
                                     96 	.area _CABS (ABS)
