                                      1 ;--------------------------------------------------------
                                      2 ; File Created by SDCC : free open source ISO C Compiler
                                      3 ; Version 4.5.1 #15267 (Mac OS X ppc)
                                      4 ;--------------------------------------------------------
                                      5 	.module srcfile_3
                                      6 	
                                      7 ;--------------------------------------------------------
                                      8 ; Public variables in this module
                                      9 ;--------------------------------------------------------
                                     10 	.globl b_func_3
                                     11 	.globl _func_3
                                     12 	.globl b___func_func_3
                                     13 	.globl ___func_func_3
                                     14 	.globl b___func_some_const_var_3
                                     15 	.globl ___func_some_const_var_3
                                     16 	.globl _printf
                                     17 	.globl _some_const_var_3
                                     18 ;--------------------------------------------------------
                                     19 ; special function registers
                                     20 ;--------------------------------------------------------
                                     21 ;--------------------------------------------------------
                                     22 ; ram data
                                     23 ;--------------------------------------------------------
                                     24 	.area _DATA
                                     25 ;--------------------------------------------------------
                                     26 ; ram data
                                     27 ;--------------------------------------------------------
                                     28 	.area _INITIALIZED
                                     29 ;--------------------------------------------------------
                                     30 ; absolute external ram data
                                     31 ;--------------------------------------------------------
                                     32 	.area _DABS (ABS)
                                     33 ;--------------------------------------------------------
                                     34 ; global & static initialisations
                                     35 ;--------------------------------------------------------
                                     36 	.area _HOME
                                     37 	.area _GSINIT
                                     38 	.area _GSFINAL
                                     39 	.area _GSINIT
                                     40 ;--------------------------------------------------------
                                     41 ; Home
                                     42 ;--------------------------------------------------------
                                     43 	.area _HOME
                                     44 	.area _HOME
                                     45 ;--------------------------------------------------------
                                     46 ; code
                                     47 ;--------------------------------------------------------
                                     48 	.area _CODE_255
                                     49 ;src/srcfile_3.c:8: BANKREF(some_const_var_3)
                                     50 ;	---------------------------------
                                     51 ; Function __func_some_const_var_3
                                     52 ; ---------------------------------
                         000000FF    53 	b___func_some_const_var_3	= 255
    00000000                         54 ___func_some_const_var_3::
                                     55 	.local b___func_some_const_var_3 
                         000000FF    56 	___bank_some_const_var_3 = b___func_some_const_var_3 
                                     57 	.globl ___bank_some_const_var_3 
                                     58 ;src/srcfile_3.c:12: BANKREF(func_3)
                                     59 ;	---------------------------------
                                     60 ; Function __func_func_3
                                     61 ; ---------------------------------
                         000000FF    62 	b___func_func_3	= 255
    00000000                         63 ___func_func_3::
                                     64 	.local b___func_func_3 
                         000000FF    65 	___bank_func_3 = b___func_func_3 
                                     66 	.globl ___bank_func_3 
                                     67 ;src/srcfile_3.c:13: void func_3(void) BANKED
                                     68 ;	---------------------------------
                                     69 ; Function func_3
                                     70 ; ---------------------------------
                         000000FF    71 	b_func_3	= 255
    00000000                         72 _func_3::
                                     73 ;src/srcfile_3.c:15: printf("Func3 in ROM bank %u\n", CURRENT_BANK);
    00000000 F0r00            [12]   74 	ldh	a, (__current_bank + 0)
    00000002 4F               [ 4]   75 	ld	c, a
    00000003 06 00            [ 8]   76 	ld	b, #0x00
    00000005 C5               [16]   77 	push	bc
    00000006 11r11r00         [12]   78 	ld	de, #___str_0
    00000009 D5               [16]   79 	push	de
    0000000A CDr00r00         [24]   80 	call	_printf
    0000000D E8 04            [16]   81 	add	sp, #4
                                     82 ;src/srcfile_3.c:16: }
    0000000F C9               [16]   83 	ret
    00000010                         84 _some_const_var_3:
    00000010 03                      85 	.db #0x03	; 3
    00000011                         86 ___str_0:
    00000011 46 75 6E 63 33 20 69    87 	.ascii "Func3 in ROM bank %u"
             6E 20 52 4F 4D 20 62
             61 6E 6B 20 25 75
    00000025 0A                      88 	.db 0x0a
    00000026 00                      89 	.db 0x00
                                     90 	.area _CODE_255
    00000027                         91 _local_const_3:
    00000027 01                      92 	.db #0x01	; 1
    00000028 01                      93 	.db #0x01	; 1
    00000029 01                      94 	.db #0x01	; 1
    0000002A 01                      95 	.db #0x01	; 1
    0000002B 01                      96 	.db #0x01	; 1
    0000002C 01                      97 	.db #0x01	; 1
    0000002D 01                      98 	.db #0x01	; 1
    0000002E 01                      99 	.db #0x01	; 1
    0000002F 01                     100 	.db #0x01	; 1
    00000030 01                     101 	.db #0x01	; 1
    00000031 01                     102 	.db #0x01	; 1
    00000032 01                     103 	.db #0x01	; 1
    00000033 01                     104 	.db #0x01	; 1
    00000034 01                     105 	.db #0x01	; 1
    00000035 01                     106 	.db #0x01	; 1
    00000036 01                     107 	.db #0x01	; 1
    00000037 01                     108 	.db #0x01	; 1
    00000038 01                     109 	.db #0x01	; 1
    00000039 01                     110 	.db #0x01	; 1
    0000003A 01                     111 	.db #0x01	; 1
    0000003B 01                     112 	.db #0x01	; 1
    0000003C 01                     113 	.db #0x01	; 1
    0000003D 01                     114 	.db #0x01	; 1
    0000003E 01                     115 	.db #0x01	; 1
    0000003F 01                     116 	.db #0x01	; 1
    00000040 01                     117 	.db #0x01	; 1
    00000041 01                     118 	.db #0x01	; 1
    00000042 01                     119 	.db #0x01	; 1
    00000043 01                     120 	.db #0x01	; 1
    00000044 01                     121 	.db #0x01	; 1
    00000045 01                     122 	.db #0x01	; 1
    00000046 01                     123 	.db #0x01	; 1
    00000047 01                     124 	.db #0x01	; 1
    00000048 01                     125 	.db #0x01	; 1
    00000049 01                     126 	.db #0x01	; 1
    0000004A 01                     127 	.db #0x01	; 1
    0000004B 01                     128 	.db #0x01	; 1
    0000004C 01                     129 	.db #0x01	; 1
    0000004D 01                     130 	.db #0x01	; 1
    0000004E 01                     131 	.db #0x01	; 1
    0000004F 01                     132 	.db #0x01	; 1
    00000050 01                     133 	.db #0x01	; 1
    00000051 01                     134 	.db #0x01	; 1
    00000052 01                     135 	.db #0x01	; 1
    00000053 01                     136 	.db #0x01	; 1
    00000054 01                     137 	.db #0x01	; 1
    00000055 01                     138 	.db #0x01	; 1
    00000056 01                     139 	.db #0x01	; 1
    00000057 01                     140 	.db #0x01	; 1
    00000058 01                     141 	.db #0x01	; 1
    00000059 01                     142 	.db #0x01	; 1
    0000005A 01                     143 	.db #0x01	; 1
    0000005B 01                     144 	.db #0x01	; 1
    0000005C 01                     145 	.db #0x01	; 1
    0000005D 01                     146 	.db #0x01	; 1
    0000005E 01                     147 	.db #0x01	; 1
    0000005F 01                     148 	.db #0x01	; 1
    00000060 01                     149 	.db #0x01	; 1
    00000061 01                     150 	.db #0x01	; 1
    00000062 01                     151 	.db #0x01	; 1
    00000063 01                     152 	.db #0x01	; 1
    00000064 01                     153 	.db #0x01	; 1
    00000065 01                     154 	.db #0x01	; 1
    00000066 01                     155 	.db #0x01	; 1
    00000067 01                     156 	.db #0x01	; 1
    00000068 01                     157 	.db #0x01	; 1
    00000069 01                     158 	.db #0x01	; 1
    0000006A 01                     159 	.db #0x01	; 1
    0000006B 01                     160 	.db #0x01	; 1
    0000006C 01                     161 	.db #0x01	; 1
    0000006D 01                     162 	.db #0x01	; 1
    0000006E 01                     163 	.db #0x01	; 1
    0000006F 01                     164 	.db #0x01	; 1
    00000070 01                     165 	.db #0x01	; 1
    00000071 01                     166 	.db #0x01	; 1
    00000072 01                     167 	.db #0x01	; 1
    00000073 01                     168 	.db #0x01	; 1
    00000074 01                     169 	.db #0x01	; 1
    00000075 01                     170 	.db #0x01	; 1
    00000076 01                     171 	.db #0x01	; 1
    00000077 01                     172 	.db #0x01	; 1
    00000078 01                     173 	.db #0x01	; 1
    00000079 01                     174 	.db #0x01	; 1
    0000007A 01                     175 	.db #0x01	; 1
    0000007B 01                     176 	.db #0x01	; 1
    0000007C 01                     177 	.db #0x01	; 1
    0000007D 01                     178 	.db #0x01	; 1
    0000007E 01                     179 	.db #0x01	; 1
    0000007F 01                     180 	.db #0x01	; 1
    00000080 01                     181 	.db #0x01	; 1
    00000081 01                     182 	.db #0x01	; 1
    00000082 01                     183 	.db #0x01	; 1
    00000083 01                     184 	.db #0x01	; 1
    00000084 01                     185 	.db #0x01	; 1
    00000085 01                     186 	.db #0x01	; 1
    00000086 01                     187 	.db #0x01	; 1
    00000087 01                     188 	.db #0x01	; 1
    00000088 01                     189 	.db #0x01	; 1
    00000089 01                     190 	.db #0x01	; 1
    0000008A 01                     191 	.db #0x01	; 1
    0000008B 01                     192 	.db #0x01	; 1
    0000008C 01                     193 	.db #0x01	; 1
    0000008D 01                     194 	.db #0x01	; 1
    0000008E 01                     195 	.db #0x01	; 1
    0000008F 01                     196 	.db #0x01	; 1
    00000090 01                     197 	.db #0x01	; 1
    00000091 01                     198 	.db #0x01	; 1
    00000092 01                     199 	.db #0x01	; 1
    00000093 01                     200 	.db #0x01	; 1
    00000094 01                     201 	.db #0x01	; 1
    00000095 01                     202 	.db #0x01	; 1
    00000096 01                     203 	.db #0x01	; 1
    00000097 01                     204 	.db #0x01	; 1
    00000098 01                     205 	.db #0x01	; 1
    00000099 01                     206 	.db #0x01	; 1
    0000009A 01                     207 	.db #0x01	; 1
    0000009B 01                     208 	.db #0x01	; 1
    0000009C 01                     209 	.db #0x01	; 1
    0000009D 01                     210 	.db #0x01	; 1
    0000009E 01                     211 	.db #0x01	; 1
    0000009F 01                     212 	.db #0x01	; 1
    000000A0 01                     213 	.db #0x01	; 1
    000000A1 01                     214 	.db #0x01	; 1
    000000A2 01                     215 	.db #0x01	; 1
    000000A3 01                     216 	.db #0x01	; 1
    000000A4 01                     217 	.db #0x01	; 1
    000000A5 01                     218 	.db #0x01	; 1
    000000A6 01                     219 	.db #0x01	; 1
    000000A7 01                     220 	.db #0x01	; 1
    000000A8 01                     221 	.db #0x01	; 1
    000000A9 01                     222 	.db #0x01	; 1
    000000AA 01                     223 	.db #0x01	; 1
    000000AB 01                     224 	.db #0x01	; 1
    000000AC 01                     225 	.db #0x01	; 1
    000000AD 01                     226 	.db #0x01	; 1
    000000AE 01                     227 	.db #0x01	; 1
    000000AF 01                     228 	.db #0x01	; 1
    000000B0 01                     229 	.db #0x01	; 1
    000000B1 01                     230 	.db #0x01	; 1
    000000B2 01                     231 	.db #0x01	; 1
    000000B3 01                     232 	.db #0x01	; 1
    000000B4 01                     233 	.db #0x01	; 1
    000000B5 01                     234 	.db #0x01	; 1
    000000B6 01                     235 	.db #0x01	; 1
    000000B7 01                     236 	.db #0x01	; 1
    000000B8 01                     237 	.db #0x01	; 1
    000000B9 01                     238 	.db #0x01	; 1
    000000BA 01                     239 	.db #0x01	; 1
    000000BB 01                     240 	.db #0x01	; 1
    000000BC 01                     241 	.db #0x01	; 1
    000000BD 01                     242 	.db #0x01	; 1
    000000BE 01                     243 	.db #0x01	; 1
    000000BF 01                     244 	.db #0x01	; 1
    000000C0 01                     245 	.db #0x01	; 1
    000000C1 01                     246 	.db #0x01	; 1
    000000C2 01                     247 	.db #0x01	; 1
    000000C3 01                     248 	.db #0x01	; 1
    000000C4 01                     249 	.db #0x01	; 1
    000000C5 01                     250 	.db #0x01	; 1
    000000C6 01                     251 	.db #0x01	; 1
    000000C7 01                     252 	.db #0x01	; 1
    000000C8 01                     253 	.db #0x01	; 1
    000000C9 01                     254 	.db #0x01	; 1
    000000CA 01                     255 	.db #0x01	; 1
    000000CB 01                     256 	.db #0x01	; 1
    000000CC 01                     257 	.db #0x01	; 1
    000000CD 01                     258 	.db #0x01	; 1
    000000CE 01                     259 	.db #0x01	; 1
    000000CF 01                     260 	.db #0x01	; 1
    000000D0 01                     261 	.db #0x01	; 1
    000000D1 01                     262 	.db #0x01	; 1
    000000D2 01                     263 	.db #0x01	; 1
    000000D3 01                     264 	.db #0x01	; 1
    000000D4 01                     265 	.db #0x01	; 1
    000000D5 01                     266 	.db #0x01	; 1
    000000D6 01                     267 	.db #0x01	; 1
    000000D7 01                     268 	.db #0x01	; 1
    000000D8 01                     269 	.db #0x01	; 1
    000000D9 01                     270 	.db #0x01	; 1
    000000DA 01                     271 	.db #0x01	; 1
    000000DB 01                     272 	.db #0x01	; 1
    000000DC 01                     273 	.db #0x01	; 1
    000000DD 01                     274 	.db #0x01	; 1
    000000DE 01                     275 	.db #0x01	; 1
    000000DF 01                     276 	.db #0x01	; 1
    000000E0 01                     277 	.db #0x01	; 1
    000000E1 01                     278 	.db #0x01	; 1
    000000E2 01                     279 	.db #0x01	; 1
    000000E3 01                     280 	.db #0x01	; 1
    000000E4 01                     281 	.db #0x01	; 1
    000000E5 01                     282 	.db #0x01	; 1
    000000E6 01                     283 	.db #0x01	; 1
    000000E7 01                     284 	.db #0x01	; 1
    000000E8 01                     285 	.db #0x01	; 1
    000000E9 01                     286 	.db #0x01	; 1
    000000EA 01                     287 	.db #0x01	; 1
    000000EB 01                     288 	.db #0x01	; 1
    000000EC 01                     289 	.db #0x01	; 1
    000000ED 01                     290 	.db #0x01	; 1
    000000EE 01                     291 	.db #0x01	; 1
    000000EF 01                     292 	.db #0x01	; 1
    000000F0 01                     293 	.db #0x01	; 1
    000000F1 01                     294 	.db #0x01	; 1
    000000F2 01                     295 	.db #0x01	; 1
    000000F3 01                     296 	.db #0x01	; 1
    000000F4 01                     297 	.db #0x01	; 1
    000000F5 01                     298 	.db #0x01	; 1
    000000F6 01                     299 	.db #0x01	; 1
    000000F7 01                     300 	.db #0x01	; 1
    000000F8 01                     301 	.db #0x01	; 1
    000000F9 01                     302 	.db #0x01	; 1
    000000FA 01                     303 	.db #0x01	; 1
    000000FB 01                     304 	.db #0x01	; 1
    000000FC 01                     305 	.db #0x01	; 1
    000000FD 01                     306 	.db #0x01	; 1
    000000FE 01                     307 	.db #0x01	; 1
    000000FF 01                     308 	.db #0x01	; 1
    00000100 01                     309 	.db #0x01	; 1
    00000101 01                     310 	.db #0x01	; 1
    00000102 01                     311 	.db #0x01	; 1
    00000103 01                     312 	.db #0x01	; 1
    00000104 01                     313 	.db #0x01	; 1
    00000105 01                     314 	.db #0x01	; 1
    00000106 01                     315 	.db #0x01	; 1
    00000107 01                     316 	.db #0x01	; 1
    00000108 01                     317 	.db #0x01	; 1
    00000109 01                     318 	.db #0x01	; 1
    0000010A 01                     319 	.db #0x01	; 1
    0000010B 01                     320 	.db #0x01	; 1
    0000010C 01                     321 	.db #0x01	; 1
    0000010D 01                     322 	.db #0x01	; 1
    0000010E 01                     323 	.db #0x01	; 1
    0000010F 01                     324 	.db #0x01	; 1
    00000110 01                     325 	.db #0x01	; 1
    00000111 01                     326 	.db #0x01	; 1
    00000112 01                     327 	.db #0x01	; 1
    00000113 01                     328 	.db #0x01	; 1
    00000114 01                     329 	.db #0x01	; 1
    00000115 01                     330 	.db #0x01	; 1
    00000116 01                     331 	.db #0x01	; 1
    00000117 01                     332 	.db #0x01	; 1
    00000118 01                     333 	.db #0x01	; 1
    00000119 01                     334 	.db #0x01	; 1
    0000011A 01                     335 	.db #0x01	; 1
    0000011B 01                     336 	.db #0x01	; 1
    0000011C 01                     337 	.db #0x01	; 1
    0000011D 01                     338 	.db #0x01	; 1
    0000011E 01                     339 	.db #0x01	; 1
    0000011F 01                     340 	.db #0x01	; 1
    00000120 01                     341 	.db #0x01	; 1
    00000121 01                     342 	.db #0x01	; 1
    00000122 01                     343 	.db #0x01	; 1
    00000123 01                     344 	.db #0x01	; 1
    00000124 01                     345 	.db #0x01	; 1
    00000125 01                     346 	.db #0x01	; 1
    00000126 01                     347 	.db #0x01	; 1
                                    348 	.area _INITIALIZER
                                    349 	.area _CABS (ABS)
