                                      1 ;--------------------------------------------------------
                                      2 ; File Created by SDCC : free open source ISO C Compiler
                                      3 ; Version 4.5.1 #15267 (Mac OS X ppc)
                                      4 ;--------------------------------------------------------
                                      5 	.module vsync_no_halt
                                      6 	
                                      7 ;--------------------------------------------------------
                                      8 ; Public variables in this module
                                      9 ;--------------------------------------------------------
                                     10 	.globl _vsync_no_halt
                                     11 ;--------------------------------------------------------
                                     12 ; special function registers
                                     13 ;--------------------------------------------------------
                                     14 ;--------------------------------------------------------
                                     15 ; ram data
                                     16 ;--------------------------------------------------------
                                     17 	.area _DATA
                                     18 ;--------------------------------------------------------
                                     19 ; ram data
                                     20 ;--------------------------------------------------------
                                     21 	.area _INITIALIZED
                                     22 ;--------------------------------------------------------
                                     23 ; absolute external ram data
                                     24 ;--------------------------------------------------------
                                     25 	.area _DABS (ABS)
                                     26 ;--------------------------------------------------------
                                     27 ; global & static initialisations
                                     28 ;--------------------------------------------------------
                                     29 	.area _HOME
                                     30 	.area _GSINIT
                                     31 	.area _GSFINAL
                                     32 	.area _GSINIT
                                     33 ;--------------------------------------------------------
                                     34 ; Home
                                     35 ;--------------------------------------------------------
                                     36 	.area _HOME
                                     37 	.area _HOME
                                     38 ;--------------------------------------------------------
                                     39 ; code
                                     40 ;--------------------------------------------------------
                                     41 	.area _CODE
                                     42 ;src/vsync_no_halt.c:3: void vsync_no_halt(void) {
                                     43 ;	---------------------------------
                                     44 ; Function vsync_no_halt
                                     45 ; ---------------------------------
    00000000                         46 _vsync_no_halt::
                                     47 ;src/vsync_no_halt.c:7: if ((LCDC_REG & LCDCF_ON) == 0) return;
    00000000 F0r00            [12]   48 	ldh	a, (_LCDC_REG + 0)
    00000002 07               [ 4]   49 	rlca
    00000003 D0               [20]   50 	ret	NC
                                     51 ;src/vsync_no_halt.c:10: VBL_DONE = 0;
    00000004 AF               [ 4]   52 	xor	a, a
    00000005 E0r00            [12]   53 	ldh	(__vbl_done + 0), a
                                     54 ;src/vsync_no_halt.c:11: while (VBL_DONE == 0);
    00000007                         55 00103$:
    00000007 FAr00r00         [16]   56 	ld	a, (#__vbl_done)
    0000000A B7               [ 4]   57 	or	a, a
    0000000B 28 FA            [12]   58 	jr	Z, 00103$
                                     59 ;src/vsync_no_halt.c:12: }
    0000000D C9               [16]   60 	ret
                                     61 	.area _CODE
                                     62 	.area _INITIALIZER
                                     63 	.area _CABS (ABS)
