                                      1 ;--------------------------------------------------------
                                      2 ; File Created by SDCC : free open source ISO C Compiler
                                      3 ; Version 4.5.1 #15267 (Mac OS X ppc)
                                      4 ;--------------------------------------------------------
                                      5 	.module monalisa_map
                                      6 	
                                      7 ;--------------------------------------------------------
                                      8 ; Public variables in this module
                                      9 ;--------------------------------------------------------
                                     10 	.globl _monalisa_mapPLN0
                                     11 ;--------------------------------------------------------
                                     12 ; special function registers
                                     13 ;--------------------------------------------------------
                                     14 ;--------------------------------------------------------
                                     15 ; ram data
                                     16 ;--------------------------------------------------------
                                     17 	.area _DATA
                                     18 ;--------------------------------------------------------
                                     19 ; ram data
                                     20 ;--------------------------------------------------------
                                     21 	.area _INITIALIZED
                                     22 ;--------------------------------------------------------
                                     23 ; absolute external ram data
                                     24 ;--------------------------------------------------------
                                     25 	.area _DABS (ABS)
                                     26 ;--------------------------------------------------------
                                     27 ; global & static initialisations
                                     28 ;--------------------------------------------------------
                                     29 	.area _HOME
                                     30 	.area _GSINIT
                                     31 	.area _GSFINAL
                                     32 	.area _GSINIT
                                     33 ;--------------------------------------------------------
                                     34 ; Home
                                     35 ;--------------------------------------------------------
                                     36 	.area _HOME
                                     37 	.area _HOME
                                     38 ;--------------------------------------------------------
                                     39 ; code
                                     40 ;--------------------------------------------------------
                                     41 	.area _CODE
                                     42 	.area _CODE
    00000000                         43 _monalisa_mapPLN0:
    00000000 00                      44 	.db #0x00	; 0
    00000001 00                      45 	.db #0x00	; 0
    00000002 00                      46 	.db #0x00	; 0
    00000003 00                      47 	.db #0x00	; 0
    00000004 00                      48 	.db #0x00	; 0
    00000005 00                      49 	.db #0x00	; 0
    00000006 00                      50 	.db #0x00	; 0
    00000007 00                      51 	.db #0x00	; 0
    00000008 01                      52 	.db #0x01	; 1
    00000009 02                      53 	.db #0x02	; 2
    0000000A 03                      54 	.db #0x03	; 3
    0000000B 04                      55 	.db #0x04	; 4
    0000000C 00                      56 	.db #0x00	; 0
    0000000D 00                      57 	.db #0x00	; 0
    0000000E 00                      58 	.db #0x00	; 0
    0000000F 00                      59 	.db #0x00	; 0
    00000010 00                      60 	.db #0x00	; 0
    00000011 00                      61 	.db #0x00	; 0
    00000012 00                      62 	.db #0x00	; 0
    00000013 00                      63 	.db #0x00	; 0
    00000014 00                      64 	.db #0x00	; 0
    00000015 00                      65 	.db #0x00	; 0
    00000016 00                      66 	.db #0x00	; 0
    00000017 00                      67 	.db #0x00	; 0
    00000018 00                      68 	.db #0x00	; 0
    00000019 00                      69 	.db #0x00	; 0
    0000001A 00                      70 	.db #0x00	; 0
    0000001B 05                      71 	.db #0x05	; 5
    0000001C 06                      72 	.db #0x06	; 6
    0000001D 07                      73 	.db #0x07	; 7
    0000001E 08                      74 	.db #0x08	; 8
    0000001F 09                      75 	.db #0x09	; 9
    00000020 0A                      76 	.db #0x0a	; 10
    00000021 00                      77 	.db #0x00	; 0
    00000022 00                      78 	.db #0x00	; 0
    00000023 00                      79 	.db #0x00	; 0
    00000024 00                      80 	.db #0x00	; 0
    00000025 00                      81 	.db #0x00	; 0
    00000026 00                      82 	.db #0x00	; 0
    00000027 00                      83 	.db #0x00	; 0
    00000028 00                      84 	.db #0x00	; 0
    00000029 00                      85 	.db #0x00	; 0
    0000002A 00                      86 	.db #0x00	; 0
    0000002B 00                      87 	.db #0x00	; 0
    0000002C 00                      88 	.db #0x00	; 0
    0000002D 00                      89 	.db #0x00	; 0
    0000002E 0B                      90 	.db #0x0b	; 11
    0000002F 0C                      91 	.db #0x0c	; 12
    00000030 0D                      92 	.db #0x0d	; 13
    00000031 0E                      93 	.db #0x0e	; 14
    00000032 0F                      94 	.db #0x0f	; 15
    00000033 10                      95 	.db #0x10	; 16
    00000034 11                      96 	.db #0x11	; 17
    00000035 12                      97 	.db #0x12	; 18
    00000036 00                      98 	.db #0x00	; 0
    00000037 00                      99 	.db #0x00	; 0
    00000038 00                     100 	.db #0x00	; 0
    00000039 00                     101 	.db #0x00	; 0
    0000003A 00                     102 	.db #0x00	; 0
    0000003B 00                     103 	.db #0x00	; 0
    0000003C 13                     104 	.db #0x13	; 19
    0000003D 14                     105 	.db #0x14	; 20
    0000003E 00                     106 	.db #0x00	; 0
    0000003F 00                     107 	.db #0x00	; 0
    00000040 00                     108 	.db #0x00	; 0
    00000041 00                     109 	.db #0x00	; 0
    00000042 15                     110 	.db #0x15	; 21
    00000043 16                     111 	.db #0x16	; 22
    00000044 00                     112 	.db #0x00	; 0
    00000045 17                     113 	.db #0x17	; 23
    00000046 18                     114 	.db #0x18	; 24
    00000047 19                     115 	.db #0x19	; 25
    00000048 1A                     116 	.db #0x1a	; 26
    00000049 1B                     117 	.db #0x1b	; 27
    0000004A 1C                     118 	.db #0x1c	; 28
    0000004B 13                     119 	.db #0x13	; 19
    0000004C 00                     120 	.db #0x00	; 0
    0000004D 00                     121 	.db #0x00	; 0
    0000004E 00                     122 	.db #0x00	; 0
    0000004F 00                     123 	.db #0x00	; 0
    00000050 1D                     124 	.db #0x1d	; 29
    00000051 1E                     125 	.db #0x1e	; 30
    00000052 1F                     126 	.db #0x1f	; 31
    00000053 20                     127 	.db #0x20	; 32
    00000054 21                     128 	.db #0x21	; 33
    00000055 00                     129 	.db #0x00	; 0
    00000056 22                     130 	.db #0x22	; 34
    00000057 23                     131 	.db #0x23	; 35
    00000058 24                     132 	.db #0x24	; 36
    00000059 25                     133 	.db #0x25	; 37
    0000005A 26                     134 	.db #0x26	; 38
    0000005B 27                     135 	.db #0x27	; 39
    0000005C 1A                     136 	.db #0x1a	; 26
    0000005D 28                     137 	.db #0x28	; 40
    0000005E 29                     138 	.db #0x29	; 41
    0000005F 2A                     139 	.db #0x2a	; 42
    00000060 2B                     140 	.db #0x2b	; 43
    00000061 00                     141 	.db #0x00	; 0
    00000062 00                     142 	.db #0x00	; 0
    00000063 00                     143 	.db #0x00	; 0
    00000064 2C                     144 	.db #0x2c	; 44
    00000065 2D                     145 	.db #0x2d	; 45
    00000066 2E                     146 	.db #0x2e	; 46
    00000067 2F                     147 	.db #0x2f	; 47
    00000068 30                     148 	.db #0x30	; 48	'0'
    00000069 31                     149 	.db #0x31	; 49	'1'
    0000006A 32                     150 	.db #0x32	; 50	'2'
    0000006B 33                     151 	.db #0x33	; 51	'3'
    0000006C 34                     152 	.db #0x34	; 52	'4'
    0000006D 35                     153 	.db #0x35	; 53	'5'
    0000006E 36                     154 	.db #0x36	; 54	'6'
    0000006F 37                     155 	.db #0x37	; 55	'7'
    00000070 1A                     156 	.db #0x1a	; 26
    00000071 38                     157 	.db #0x38	; 56	'8'
    00000072 39                     158 	.db #0x39	; 57	'9'
    00000073 3A                     159 	.db #0x3a	; 58
    00000074 3B                     160 	.db #0x3b	; 59
    00000075 3C                     161 	.db #0x3c	; 60
    00000076 3D                     162 	.db #0x3d	; 61
    00000077 3E                     163 	.db #0x3e	; 62
    00000078 3F                     164 	.db #0x3f	; 63
    00000079 40                     165 	.db #0x40	; 64
    0000007A 41                     166 	.db #0x41	; 65	'A'
    0000007B 41                     167 	.db #0x41	; 65	'A'
    0000007C 42                     168 	.db #0x42	; 66	'B'
    0000007D 43                     169 	.db #0x43	; 67	'C'
    0000007E 44                     170 	.db #0x44	; 68	'D'
    0000007F 45                     171 	.db #0x45	; 69	'E'
    00000080 46                     172 	.db #0x46	; 70	'F'
    00000081 47                     173 	.db #0x47	; 71	'G'
    00000082 48                     174 	.db #0x48	; 72	'H'
    00000083 49                     175 	.db #0x49	; 73	'I'
    00000084 1A                     176 	.db #0x1a	; 26
    00000085 4A                     177 	.db #0x4a	; 74	'J'
    00000086 4B                     178 	.db #0x4b	; 75	'K'
    00000087 4C                     179 	.db #0x4c	; 76	'L'
    00000088 4D                     180 	.db #0x4d	; 77	'M'
    00000089 4E                     181 	.db #0x4e	; 78	'N'
    0000008A 4F                     182 	.db #0x4f	; 79	'O'
    0000008B 50                     183 	.db #0x50	; 80	'P'
    0000008C 51                     184 	.db #0x51	; 81	'Q'
    0000008D 52                     185 	.db #0x52	; 82	'R'
    0000008E 41                     186 	.db #0x41	; 65	'A'
    0000008F 53                     187 	.db #0x53	; 83	'S'
    00000090 54                     188 	.db #0x54	; 84	'T'
    00000091 55                     189 	.db #0x55	; 85	'U'
    00000092 56                     190 	.db #0x56	; 86	'V'
    00000093 57                     191 	.db #0x57	; 87	'W'
    00000094 58                     192 	.db #0x58	; 88	'X'
    00000095 59                     193 	.db #0x59	; 89	'Y'
    00000096 5A                     194 	.db #0x5a	; 90	'Z'
    00000097 5B                     195 	.db #0x5b	; 91
    00000098 1A                     196 	.db #0x1a	; 26
    00000099 1A                     197 	.db #0x1a	; 26
    0000009A 5C                     198 	.db #0x5c	; 92
    0000009B 5D                     199 	.db #0x5d	; 93
    0000009C 5E                     200 	.db #0x5e	; 94
    0000009D 5F                     201 	.db #0x5f	; 95
    0000009E 60                     202 	.db #0x60	; 96
    0000009F 61                     203 	.db #0x61	; 97	'a'
    000000A0 62                     204 	.db #0x62	; 98	'b'
    000000A1 63                     205 	.db #0x63	; 99	'c'
    000000A2 64                     206 	.db #0x64	; 100	'd'
    000000A3 65                     207 	.db #0x65	; 101	'e'
    000000A4 66                     208 	.db #0x66	; 102	'f'
    000000A5 67                     209 	.db #0x67	; 103	'g'
    000000A6 68                     210 	.db #0x68	; 104	'h'
    000000A7 1A                     211 	.db #0x1a	; 26
    000000A8 69                     212 	.db #0x69	; 105	'i'
    000000A9 6A                     213 	.db #0x6a	; 106	'j'
    000000AA 6B                     214 	.db #0x6b	; 107	'k'
    000000AB 6C                     215 	.db #0x6c	; 108	'l'
    000000AC 1A                     216 	.db #0x1a	; 26
    000000AD 1A                     217 	.db #0x1a	; 26
    000000AE 6D                     218 	.db #0x6d	; 109	'm'
    000000AF 6E                     219 	.db #0x6e	; 110	'n'
    000000B0 6F                     220 	.db #0x6f	; 111	'o'
    000000B1 70                     221 	.db #0x70	; 112	'p'
    000000B2 71                     222 	.db #0x71	; 113	'q'
    000000B3 72                     223 	.db #0x72	; 114	'r'
    000000B4 73                     224 	.db #0x73	; 115	's'
    000000B5 74                     225 	.db #0x74	; 116	't'
    000000B6 75                     226 	.db #0x75	; 117	'u'
    000000B7 76                     227 	.db #0x76	; 118	'v'
    000000B8 77                     228 	.db #0x77	; 119	'w'
    000000B9 78                     229 	.db #0x78	; 120	'x'
    000000BA 79                     230 	.db #0x79	; 121	'y'
    000000BB 1A                     231 	.db #0x1a	; 26
    000000BC 7A                     232 	.db #0x7a	; 122	'z'
    000000BD 7B                     233 	.db #0x7b	; 123
    000000BE 7C                     234 	.db #0x7c	; 124
    000000BF 7D                     235 	.db #0x7d	; 125
    000000C0 7E                     236 	.db #0x7e	; 126
    000000C1 1A                     237 	.db #0x1a	; 26
    000000C2 7F                     238 	.db #0x7f	; 127
    000000C3 80                     239 	.db #0x80	; 128
    000000C4 81                     240 	.db #0x81	; 129
    000000C5 82                     241 	.db #0x82	; 130
    000000C6 83                     242 	.db #0x83	; 131
    000000C7 84                     243 	.db #0x84	; 132
    000000C8 85                     244 	.db #0x85	; 133
    000000C9 86                     245 	.db #0x86	; 134
    000000CA 87                     246 	.db #0x87	; 135
    000000CB 88                     247 	.db #0x88	; 136
    000000CC 89                     248 	.db #0x89	; 137
    000000CD 8A                     249 	.db #0x8a	; 138
    000000CE 8B                     250 	.db #0x8b	; 139
    000000CF 8C                     251 	.db #0x8c	; 140
    000000D0 8D                     252 	.db #0x8d	; 141
    000000D1 8E                     253 	.db #0x8e	; 142
    000000D2 8F                     254 	.db #0x8f	; 143
    000000D3 90                     255 	.db #0x90	; 144
    000000D4 91                     256 	.db #0x91	; 145
    000000D5 92                     257 	.db #0x92	; 146
    000000D6 93                     258 	.db #0x93	; 147
    000000D7 94                     259 	.db #0x94	; 148
    000000D8 95                     260 	.db #0x95	; 149
    000000D9 96                     261 	.db #0x96	; 150
    000000DA 97                     262 	.db #0x97	; 151
    000000DB 98                     263 	.db #0x98	; 152
    000000DC 99                     264 	.db #0x99	; 153
    000000DD 9A                     265 	.db #0x9a	; 154
    000000DE 9B                     266 	.db #0x9b	; 155
    000000DF 9C                     267 	.db #0x9c	; 156
    000000E0 9D                     268 	.db #0x9d	; 157
    000000E1 9E                     269 	.db #0x9e	; 158
    000000E2 9F                     270 	.db #0x9f	; 159
    000000E3 A0                     271 	.db #0xa0	; 160
    000000E4 A1                     272 	.db #0xa1	; 161
    000000E5 00                     273 	.db #0x00	; 0
    000000E6 00                     274 	.db #0x00	; 0
    000000E7 A2                     275 	.db #0xa2	; 162
    000000E8 A3                     276 	.db #0xa3	; 163
    000000E9 A4                     277 	.db #0xa4	; 164
    000000EA A5                     278 	.db #0xa5	; 165
    000000EB A6                     279 	.db #0xa6	; 166
    000000EC A7                     280 	.db #0xa7	; 167
    000000ED A8                     281 	.db #0xa8	; 168
    000000EE A9                     282 	.db #0xa9	; 169
    000000EF AA                     283 	.db #0xaa	; 170
    000000F0 AB                     284 	.db #0xab	; 171
    000000F1 AC                     285 	.db #0xac	; 172
    000000F2 AD                     286 	.db #0xad	; 173
    000000F3 AE                     287 	.db #0xae	; 174
    000000F4 AF                     288 	.db #0xaf	; 175
    000000F5 B0                     289 	.db #0xb0	; 176
    000000F6 B1                     290 	.db #0xb1	; 177
    000000F7 B2                     291 	.db #0xb2	; 178
    000000F8 00                     292 	.db #0x00	; 0
    000000F9 00                     293 	.db #0x00	; 0
    000000FA 00                     294 	.db #0x00	; 0
    000000FB B3                     295 	.db #0xb3	; 179
    000000FC B4                     296 	.db #0xb4	; 180
    000000FD B5                     297 	.db #0xb5	; 181
    000000FE B6                     298 	.db #0xb6	; 182
    000000FF B7                     299 	.db #0xb7	; 183
    00000100 B8                     300 	.db #0xb8	; 184
    00000101 B9                     301 	.db #0xb9	; 185
    00000102 BA                     302 	.db #0xba	; 186
    00000103 BB                     303 	.db #0xbb	; 187
    00000104 BC                     304 	.db #0xbc	; 188
    00000105 BD                     305 	.db #0xbd	; 189
    00000106 BE                     306 	.db #0xbe	; 190
    00000107 BF                     307 	.db #0xbf	; 191
    00000108 C0                     308 	.db #0xc0	; 192
    00000109 1A                     309 	.db #0x1a	; 26
    0000010A C1                     310 	.db #0xc1	; 193
    0000010B C2                     311 	.db #0xc2	; 194
    0000010C C3                     312 	.db #0xc3	; 195
    0000010D 00                     313 	.db #0x00	; 0
    0000010E C4                     314 	.db #0xc4	; 196
    0000010F C5                     315 	.db #0xc5	; 197
    00000110 C6                     316 	.db #0xc6	; 198
    00000111 C7                     317 	.db #0xc7	; 199
    00000112 1A                     318 	.db #0x1a	; 26
    00000113 1A                     319 	.db #0x1a	; 26
    00000114 1A                     320 	.db #0x1a	; 26
    00000115 C8                     321 	.db #0xc8	; 200
    00000116 C9                     322 	.db #0xc9	; 201
    00000117 CA                     323 	.db #0xca	; 202
    00000118 CB                     324 	.db #0xcb	; 203
    00000119 CC                     325 	.db #0xcc	; 204
    0000011A CD                     326 	.db #0xcd	; 205
    0000011B CE                     327 	.db #0xce	; 206
    0000011C CF                     328 	.db #0xcf	; 207
    0000011D D0                     329 	.db #0xd0	; 208
    0000011E D1                     330 	.db #0xd1	; 209
    0000011F D2                     331 	.db #0xd2	; 210
    00000120 D3                     332 	.db #0xd3	; 211
    00000121 D4                     333 	.db #0xd4	; 212
    00000122 D5                     334 	.db #0xd5	; 213
    00000123 D6                     335 	.db #0xd6	; 214
    00000124 1A                     336 	.db #0x1a	; 26
    00000125 1A                     337 	.db #0x1a	; 26
    00000126 D7                     338 	.db #0xd7	; 215
    00000127 D8                     339 	.db #0xd8	; 216
    00000128 1A                     340 	.db #0x1a	; 26
    00000129 D9                     341 	.db #0xd9	; 217
    0000012A DA                     342 	.db #0xda	; 218
    0000012B DB                     343 	.db #0xdb	; 219
    0000012C DC                     344 	.db #0xdc	; 220
    0000012D DD                     345 	.db #0xdd	; 221
    0000012E DE                     346 	.db #0xde	; 222
    0000012F DF                     347 	.db #0xdf	; 223
    00000130 1A                     348 	.db #0x1a	; 26
    00000131 E0                     349 	.db #0xe0	; 224
    00000132 E1                     350 	.db #0xe1	; 225
    00000133 E2                     351 	.db #0xe2	; 226
    00000134 E3                     352 	.db #0xe3	; 227
    00000135 E4                     353 	.db #0xe4	; 228
    00000136 E5                     354 	.db #0xe5	; 229
    00000137 1A                     355 	.db #0x1a	; 26
    00000138 1A                     356 	.db #0x1a	; 26
    00000139 E6                     357 	.db #0xe6	; 230
    0000013A E7                     358 	.db #0xe7	; 231
    0000013B E8                     359 	.db #0xe8	; 232
    0000013C 1A                     360 	.db #0x1a	; 26
    0000013D E9                     361 	.db #0xe9	; 233
    0000013E EA                     362 	.db #0xea	; 234
    0000013F EB                     363 	.db #0xeb	; 235
    00000140 EC                     364 	.db #0xec	; 236
    00000141 ED                     365 	.db #0xed	; 237
    00000142 EE                     366 	.db #0xee	; 238
    00000143 EF                     367 	.db #0xef	; 239
    00000144 F0                     368 	.db #0xf0	; 240
    00000145 1A                     369 	.db #0x1a	; 26
    00000146 1A                     370 	.db #0x1a	; 26
    00000147 1A                     371 	.db #0x1a	; 26
    00000148 F1                     372 	.db #0xf1	; 241
    00000149 F2                     373 	.db #0xf2	; 242
    0000014A 1A                     374 	.db #0x1a	; 26
    0000014B 1A                     375 	.db #0x1a	; 26
    0000014C 1A                     376 	.db #0x1a	; 26
    0000014D F3                     377 	.db #0xf3	; 243
    0000014E F4                     378 	.db #0xf4	; 244
    0000014F 1A                     379 	.db #0x1a	; 26
    00000150 1A                     380 	.db #0x1a	; 26
    00000151 1A                     381 	.db #0x1a	; 26
    00000152 F5                     382 	.db #0xf5	; 245
    00000153 F6                     383 	.db #0xf6	; 246
    00000154 F7                     384 	.db #0xf7	; 247
    00000155 F8                     385 	.db #0xf8	; 248
    00000156 F9                     386 	.db #0xf9	; 249
    00000157 FA                     387 	.db #0xfa	; 250
    00000158 FB                     388 	.db #0xfb	; 251
    00000159 1A                     389 	.db #0x1a	; 26
    0000015A 1A                     390 	.db #0x1a	; 26
    0000015B 1A                     391 	.db #0x1a	; 26
    0000015C 1A                     392 	.db #0x1a	; 26
    0000015D 1A                     393 	.db #0x1a	; 26
    0000015E 1A                     394 	.db #0x1a	; 26
    0000015F 1A                     395 	.db #0x1a	; 26
    00000160 1A                     396 	.db #0x1a	; 26
    00000161 1A                     397 	.db #0x1a	; 26
    00000162 1A                     398 	.db #0x1a	; 26
    00000163 1A                     399 	.db #0x1a	; 26
    00000164 1A                     400 	.db #0x1a	; 26
    00000165 1A                     401 	.db #0x1a	; 26
    00000166 1A                     402 	.db #0x1a	; 26
    00000167 FC                     403 	.db #0xfc	; 252
                                    404 	.area _INITIALIZER
                                    405 	.area _CABS (ABS)
