                                      1 ;--------------------------------------------------------
                                      2 ; File Created by SDCC : free open source ISO C Compiler
                                      3 ; Version 4.5.1 #15267 (Mac OS X ppc)
                                      4 ;--------------------------------------------------------
                                      5 	.module libc_string
                                      6 	
                                      7 ;; Ordering of segments for the linker.
                                      8 	.area _ZP      (PAG)
                                      9 	.area _OSEG    (PAG, OVR)
                                     10 	.area _HOME
                                     11 	.area _GSINIT
                                     12 	.area _GSFINAL
                                     13 	.area _CODE
                                     14 	.area _XINIT
                                     15 	.area _DATA
                                     16 	.area _DATA
                                     17 	.area _BSS
                                     18 ;--------------------------------------------------------
                                     19 ; Public variables in this module
                                     20 ;--------------------------------------------------------
                                     21 	.globl _main
                                     22 	.globl _font_set
                                     23 	.globl _font_load
                                     24 	.globl _font_init
                                     25 	.globl _strncpy
                                     26 	.globl _strncmp
                                     27 	.globl _strncat
                                     28 	.globl _strlen
                                     29 	.globl _strcat
                                     30 	.globl _strcmp
                                     31 	.globl _strcpy
                                     32 	.globl _printf
                                     33 	.globl _OAMDMA
                                     34 	.globl _PPUDATA
                                     35 	.globl _PPUADDR
                                     36 	.globl _PPUSCROLL
                                     37 	.globl _OAMDATA
                                     38 	.globl _OAMADDR
                                     39 	.globl _PPUSTATUS
                                     40 	.globl _PPUMASK
                                     41 	.globl _PPUCTRL
                                     42 ;--------------------------------------------------------
                                     43 ; ZP ram data
                                     44 ;--------------------------------------------------------
                                     45 	.area _ZP      (PAG)
                                     46 ;--------------------------------------------------------
                                     47 ; overlayable items in ram
                                     48 ;--------------------------------------------------------
                                     49 ;--------------------------------------------------------
                                     50 ; uninitialized external ram data
                                     51 ;--------------------------------------------------------
                                     52 	.area _BSS
                         00002000    53 _PPUCTRL	=	0x2000
                         00002001    54 _PPUMASK	=	0x2001
                         00002002    55 _PPUSTATUS	=	0x2002
                         00002003    56 _OAMADDR	=	0x2003
                         00002004    57 _OAMDATA	=	0x2004
                         00002005    58 _PPUSCROLL	=	0x2005
                         00002006    59 _PPUADDR	=	0x2006
                         00002007    60 _PPUDATA	=	0x2007
                         00004014    61 _OAMDMA	=	0x4014
    00000000                         62 _main_dst_20000_128:
    00000000                         63 	.ds 4
    00000004                         64 _main_dst_20000_129:
    00000004                         65 	.ds 4
    00000008                         66 _main_dst_20000_130:
    00000008                         67 	.ds 9
    00000011                         68 _main_dst2_20000_130:
    00000011                         69 	.ds 9
                                     70 ;--------------------------------------------------------
                                     71 ; absolute external ram data
                                     72 ;--------------------------------------------------------
                                     73 	.area _DABS    (ABS)
                                     74 ;--------------------------------------------------------
                                     75 ; initialized external ram data
                                     76 ;--------------------------------------------------------
                                     77 	.area _DATA
                                     78 ;--------------------------------------------------------
                                     79 ; global & static initialisations
                                     80 ;--------------------------------------------------------
                                     81 	.area _HOME
                                     82 	.area _GSINIT
                                     83 	.area _GSFINAL
                                     84 	.area _GSINIT
                                     85 ;--------------------------------------------------------
                                     86 ; Home
                                     87 ;--------------------------------------------------------
                                     88 	.area _HOME
                                     89 	.area _HOME
                                     90 ;--------------------------------------------------------
                                     91 ; code
                                     92 ;--------------------------------------------------------
                                     93 	.area _CODE
                                     94 ;------------------------------------------------------------
                                     95 ;Allocation info for local variables in function 'main'
                                     96 ;------------------------------------------------------------
                                     97 ;ibm_font      Allocated to registers a x 
                                     98 ;dst           Allocated with name '_main_dst_20000_128'
                                     99 ;src           Allocated to registers 
                                    100 ;dst           Allocated with name '_main_dst_20000_129'
                                    101 ;src           Allocated to registers 
                                    102 ;dst           Allocated with name '_main_dst_20000_130'
                                    103 ;dst2          Allocated with name '_main_dst2_20000_130'
                                    104 ;------------------------------------------------------------
                                    105 ;	src/libc_string.c: 12: void main(void)
                                    106 ;	genLabel
                                    107 ;	Raw cost for generated ic 0 : (0, 0.000000) count=1.000000
                                    108 ;	-----------------------------------------
                                    109 ;	 function main
                                    110 ;	-----------------------------------------
                                    111 ;	Register assignment is optimal.
                                    112 ;	Stack space usage: 0 bytes.
    00000000                        113 _main:
                                    114 ;	Raw cost for generated ic 1 : (0, 0.000000) count=1.000000
                                    115 ;	src/libc_string.c: 17: font_init();
                                    116 ;	genCall
    00000000 20r00r00         [ 6]  117 	jsr	_font_init
                                    118 ;	Raw cost for generated ic 2 : (3, 6.000000) count=1.000000
                                    119 ;	src/libc_string.c: 18: ibm_font = font_load(font_ibm);
                                    120 ;	skipping iCode since result will be rematerialized
                                    121 ;	Raw cost for generated ic 3 : (0, 0.000000) count=1.000000
                                    122 ;	skipping iCode since result will be rematerialized
                                    123 ;	Raw cost for generated ic 4 : (0, 0.000000) count=1.000000
                                    124 ;	Raw cost for generated ic 5 : (0, 0.000000) count=1.000000
                                    125 ;	genCall
                                    126 ;	genSend
    00000003 A2s00            [ 2]  127 	ldx	#>_font_ibm
    00000005 A9r00            [ 2]  128 	lda	#_font_ibm
    00000007 20r00r00         [ 6]  129 	jsr	_font_load
                                    130 ;	assignResultValue
                                    131 ;	Raw cost for generated ic 6 : (7, 10.000000) count=1.000000
                                    132 ;	src/libc_string.c: 19: font_set(ibm_font);
                                    133 ;	Raw cost for generated ic 8 : (0, 0.000000) count=1.000000
                                    134 ;	genCall
                                    135 ;	genSend
    0000000A 20r00r00         [ 6]  136 	jsr	_font_set
                                    137 ;	Raw cost for generated ic 9 : (3, 6.000000) count=1.000000
                                    138 ;	src/libc_string.c: 22: printf("strlen(gbdk) -> %d\n", strlen("gbdk"));
                                    139 ;	skipping iCode since result will be rematerialized
                                    140 ;	Raw cost for generated ic 10 : (0, 0.000000) count=1.000000
                                    141 ;	skipping iCode since result will be rematerialized
                                    142 ;	Raw cost for generated ic 11 : (0, 0.000000) count=1.000000
                                    143 ;	Raw cost for generated ic 12 : (0, 0.000000) count=1.000000
                                    144 ;	genCall
                                    145 ;	genSend
    0000000D A2s01            [ 2]  146 	ldx	#>___str_6
    0000000F A9rF5            [ 2]  147 	lda	#___str_6
    00000011 20r00r00         [ 6]  148 	jsr	_strlen
                                    149 ;	assignResultValue
                                    150 ;	Raw cost for generated ic 13 : (7, 10.000000) count=1.000000
                                    151 ;	skipping iCode since result will be rematerialized
                                    152 ;	Raw cost for generated ic 14 : (0, 0.000000) count=1.000000
                                    153 ;	skipping iCode since result will be rematerialized
                                    154 ;	Raw cost for generated ic 15 : (0, 0.000000) count=1.000000
                                    155 ;	genIpush
    00000014 85*00            [ 3]  156 	sta	*(REGTEMP+0)
    00000016 8A               [ 2]  157 	txa
    00000017 48               [ 3]  158 	pha
    00000018 A5*00            [ 3]  159 	lda	*(REGTEMP+0)
    0000001A 48               [ 3]  160 	pha
                                    161 ;	Raw cost for generated ic 16 : (7, 14.000000) count=1.000000
                                    162 ;	genIpush
    0000001B A9s01            [ 2]  163 	lda	#>___str_5
    0000001D 48               [ 3]  164 	pha
    0000001E A9rE1            [ 2]  165 	lda	#___str_5
    00000020 48               [ 3]  166 	pha
                                    167 ;	Raw cost for generated ic 17 : (6, 10.000000) count=1.000000
                                    168 ;	genCall
    00000021 20r00r00         [ 6]  169 	jsr	_printf
    00000024 68               [ 4]  170 	pla
    00000025 68               [ 4]  171 	pla
    00000026 68               [ 4]  172 	pla
    00000027 68               [ 4]  173 	pla
                                    174 ;	Raw cost for generated ic 18 : (7, 22.000000) count=1.000000
                                    175 ;	src/libc_string.c: 24: printf("strcmp(gbdk,gbdk)\n-> %d\n", strcmp("gbdk", "gbdk"));
                                    176 ;	skipping iCode since result will be rematerialized
                                    177 ;	Raw cost for generated ic 20 : (0, 0.000000) count=1.000000
                                    178 ;	genAssign
                                    179 ;	genAssignLit
                                    180 ;	genCopy
    00000028 A9s01            [ 2]  181 	lda	#>___str_6
    0000002A 8Dr01r00         [ 4]  182 	sta	(_strcmp_PARM_2 + 1)
    0000002D A9rF5            [ 2]  183 	lda	#___str_6
    0000002F 8Dr00r00         [ 4]  184 	sta	_strcmp_PARM_2
                                    185 ;	Raw cost for generated ic 24 : (10, 12.000000) count=1.000000
                                    186 ;	Raw cost for generated ic 23 : (0, 0.000000) count=1.000000
                                    187 ;	genCall
                                    188 ;	genSend
    00000032 A2s01            [ 2]  189 	ldx	#>___str_6
    00000034 A9rF5            [ 2]  190 	lda	#___str_6
    00000036 20r00r00         [ 6]  191 	jsr	_strcmp
                                    192 ;	assignResultValue
                                    193 ;	Raw cost for generated ic 25 : (7, 10.000000) count=1.000000
                                    194 ;	skipping iCode since result will be rematerialized
                                    195 ;	Raw cost for generated ic 26 : (0, 0.000000) count=1.000000
                                    196 ;	skipping iCode since result will be rematerialized
                                    197 ;	Raw cost for generated ic 27 : (0, 0.000000) count=1.000000
                                    198 ;	genIpush
    00000039 85*00            [ 3]  199 	sta	*(REGTEMP+0)
    0000003B 8A               [ 2]  200 	txa
    0000003C 48               [ 3]  201 	pha
    0000003D A5*00            [ 3]  202 	lda	*(REGTEMP+0)
    0000003F 48               [ 3]  203 	pha
                                    204 ;	Raw cost for generated ic 28 : (7, 14.000000) count=1.000000
                                    205 ;	genIpush
    00000040 A9s01            [ 2]  206 	lda	#>___str_7
    00000042 48               [ 3]  207 	pha
    00000043 A9rFA            [ 2]  208 	lda	#___str_7
    00000045 48               [ 3]  209 	pha
                                    210 ;	Raw cost for generated ic 29 : (6, 10.000000) count=1.000000
                                    211 ;	genCall
    00000046 20r00r00         [ 6]  212 	jsr	_printf
    00000049 68               [ 4]  213 	pla
    0000004A 68               [ 4]  214 	pla
    0000004B 68               [ 4]  215 	pla
    0000004C 68               [ 4]  216 	pla
                                    217 ;	Raw cost for generated ic 30 : (7, 22.000000) count=1.000000
                                    218 ;	src/libc_string.c: 25: printf("strcmp(gbdk,ggdk)\n-> %d\n", strcmp("gbdk", "ggdk"));
                                    219 ;	skipping iCode since result will be rematerialized
                                    220 ;	Raw cost for generated ic 32 : (0, 0.000000) count=1.000000
                                    221 ;	skipping iCode since result will be rematerialized
                                    222 ;	Raw cost for generated ic 33 : (0, 0.000000) count=1.000000
                                    223 ;	genCast
                                    224 ;	genCopy
    0000004D A9s02            [ 2]  225 	lda	#>___str_9
    0000004F 8Dr01r00         [ 4]  226 	sta	(_strcmp_PARM_2 + 1)
    00000052 A9r2C            [ 2]  227 	lda	#___str_9
    00000054 8Dr00r00         [ 4]  228 	sta	_strcmp_PARM_2
                                    229 ;	Raw cost for generated ic 34 : (10, 12.000000) count=1.000000
                                    230 ;	Raw cost for generated ic 35 : (0, 0.000000) count=1.000000
                                    231 ;	genCall
                                    232 ;	genSend
    00000057 A2s01            [ 2]  233 	ldx	#>___str_6
    00000059 A9rF5            [ 2]  234 	lda	#___str_6
    0000005B 20r00r00         [ 6]  235 	jsr	_strcmp
                                    236 ;	assignResultValue
                                    237 ;	Raw cost for generated ic 37 : (7, 10.000000) count=1.000000
                                    238 ;	skipping iCode since result will be rematerialized
                                    239 ;	Raw cost for generated ic 38 : (0, 0.000000) count=1.000000
                                    240 ;	skipping iCode since result will be rematerialized
                                    241 ;	Raw cost for generated ic 39 : (0, 0.000000) count=1.000000
                                    242 ;	genIpush
    0000005E 85*00            [ 3]  243 	sta	*(REGTEMP+0)
    00000060 8A               [ 2]  244 	txa
    00000061 48               [ 3]  245 	pha
    00000062 A5*00            [ 3]  246 	lda	*(REGTEMP+0)
    00000064 48               [ 3]  247 	pha
                                    248 ;	Raw cost for generated ic 40 : (7, 14.000000) count=1.000000
                                    249 ;	genIpush
    00000065 A9s02            [ 2]  250 	lda	#>___str_8
    00000067 48               [ 3]  251 	pha
    00000068 A9r13            [ 2]  252 	lda	#___str_8
    0000006A 48               [ 3]  253 	pha
                                    254 ;	Raw cost for generated ic 41 : (6, 10.000000) count=1.000000
                                    255 ;	genCall
    0000006B 20r00r00         [ 6]  256 	jsr	_printf
    0000006E 68               [ 4]  257 	pla
    0000006F 68               [ 4]  258 	pla
    00000070 68               [ 4]  259 	pla
    00000071 68               [ 4]  260 	pla
                                    261 ;	Raw cost for generated ic 42 : (7, 22.000000) count=1.000000
                                    262 ;	src/libc_string.c: 26: printf("strcmp(ggdk,gbdk)\n-> %d\n", strcmp("ggdk", "gbdk"));
                                    263 ;	skipping iCode since result will be rematerialized
                                    264 ;	Raw cost for generated ic 44 : (0, 0.000000) count=1.000000
                                    265 ;	genCast
                                    266 ;	genCopy
    00000072 A9s01            [ 2]  267 	lda	#>___str_6
    00000074 8Dr01r00         [ 4]  268 	sta	(_strcmp_PARM_2 + 1)
    00000077 A9rF5            [ 2]  269 	lda	#___str_6
    00000079 8Dr00r00         [ 4]  270 	sta	_strcmp_PARM_2
                                    271 ;	Raw cost for generated ic 46 : (10, 12.000000) count=1.000000
                                    272 ;	Raw cost for generated ic 47 : (0, 0.000000) count=1.000000
                                    273 ;	genCall
                                    274 ;	genSend
    0000007C A2s02            [ 2]  275 	ldx	#>___str_9
    0000007E A9r2C            [ 2]  276 	lda	#___str_9
    00000080 20r00r00         [ 6]  277 	jsr	_strcmp
                                    278 ;	assignResultValue
                                    279 ;	Raw cost for generated ic 49 : (7, 10.000000) count=1.000000
                                    280 ;	skipping iCode since result will be rematerialized
                                    281 ;	Raw cost for generated ic 50 : (0, 0.000000) count=1.000000
                                    282 ;	skipping iCode since result will be rematerialized
                                    283 ;	Raw cost for generated ic 51 : (0, 0.000000) count=1.000000
                                    284 ;	genIpush
    00000083 85*00            [ 3]  285 	sta	*(REGTEMP+0)
    00000085 8A               [ 2]  286 	txa
    00000086 48               [ 3]  287 	pha
    00000087 A5*00            [ 3]  288 	lda	*(REGTEMP+0)
    00000089 48               [ 3]  289 	pha
                                    290 ;	Raw cost for generated ic 52 : (7, 14.000000) count=1.000000
                                    291 ;	genIpush
    0000008A A9s02            [ 2]  292 	lda	#>___str_10
    0000008C 48               [ 3]  293 	pha
    0000008D A9r31            [ 2]  294 	lda	#___str_10
    0000008F 48               [ 3]  295 	pha
                                    296 ;	Raw cost for generated ic 53 : (6, 10.000000) count=1.000000
                                    297 ;	genCall
    00000090 20r00r00         [ 6]  298 	jsr	_printf
    00000093 68               [ 4]  299 	pla
    00000094 68               [ 4]  300 	pla
    00000095 68               [ 4]  301 	pla
    00000096 68               [ 4]  302 	pla
                                    303 ;	Raw cost for generated ic 54 : (7, 22.000000) count=1.000000
                                    304 ;	src/libc_string.c: 27: printf("strncmp(gbdk,gbc,2)\n-> %d\n", strncmp("gbdk", "gbc", 2));
                                    305 ;	skipping iCode since result will be rematerialized
                                    306 ;	Raw cost for generated ic 56 : (0, 0.000000) count=1.000000
                                    307 ;	skipping iCode since result will be rematerialized
                                    308 ;	Raw cost for generated ic 57 : (0, 0.000000) count=1.000000
                                    309 ;	genCast
                                    310 ;	genCopy
    00000097 A9s02            [ 2]  311 	lda	#>___str_12
    00000099 8Dr01r00         [ 4]  312 	sta	(_strncmp_PARM_2 + 1)
    0000009C A9r65            [ 2]  313 	lda	#___str_12
    0000009E 8Dr00r00         [ 4]  314 	sta	_strncmp_PARM_2
                                    315 ;	Raw cost for generated ic 58 : (10, 12.000000) count=1.000000
                                    316 ;	genAssign
                                    317 ;	genAssignLit
    000000A1 A2 02            [ 2]  318 	ldx	#0x02
    000000A3 8Er00r00         [ 4]  319 	stx	_strncmp_PARM_3
    000000A6 A2 00            [ 2]  320 	ldx	#0x00
    000000A8 8Er01r00         [ 4]  321 	stx	(_strncmp_PARM_3 + 1)
                                    322 ;	Raw cost for generated ic 61 : (10, 12.000000) count=1.000000
                                    323 ;	Raw cost for generated ic 59 : (0, 0.000000) count=1.000000
                                    324 ;	genCall
                                    325 ;	genSend
    000000AB A2s01            [ 2]  326 	ldx	#>___str_6
    000000AD A9rF5            [ 2]  327 	lda	#___str_6
    000000AF 20r00r00         [ 6]  328 	jsr	_strncmp
                                    329 ;	assignResultValue
                                    330 ;	Raw cost for generated ic 62 : (7, 10.000000) count=1.000000
                                    331 ;	skipping iCode since result will be rematerialized
                                    332 ;	Raw cost for generated ic 63 : (0, 0.000000) count=1.000000
                                    333 ;	skipping iCode since result will be rematerialized
                                    334 ;	Raw cost for generated ic 64 : (0, 0.000000) count=1.000000
                                    335 ;	genIpush
    000000B2 85*00            [ 3]  336 	sta	*(REGTEMP+0)
    000000B4 8A               [ 2]  337 	txa
    000000B5 48               [ 3]  338 	pha
    000000B6 A5*00            [ 3]  339 	lda	*(REGTEMP+0)
    000000B8 48               [ 3]  340 	pha
                                    341 ;	Raw cost for generated ic 65 : (7, 14.000000) count=1.000000
                                    342 ;	genIpush
    000000B9 A9s02            [ 2]  343 	lda	#>___str_11
    000000BB 48               [ 3]  344 	pha
    000000BC A9r4A            [ 2]  345 	lda	#___str_11
    000000BE 48               [ 3]  346 	pha
                                    347 ;	Raw cost for generated ic 66 : (6, 10.000000) count=1.000000
                                    348 ;	genCall
    000000BF 20r00r00         [ 6]  349 	jsr	_printf
    000000C2 68               [ 4]  350 	pla
    000000C3 68               [ 4]  351 	pla
    000000C4 68               [ 4]  352 	pla
    000000C5 68               [ 4]  353 	pla
                                    354 ;	Raw cost for generated ic 67 : (7, 22.000000) count=1.000000
                                    355 ;	src/libc_string.c: 30: char dst[4] = "dst";
                                    356 ;	skipping iCode since result will be rematerialized
                                    357 ;	Raw cost for generated ic 68 : (0, 0.000000) count=1.000000
                                    358 ;	genPointerSet
                                    359 ;	genDataPointerSet
    000000C6 A2 64            [ 2]  360 	ldx	#0x64
    000000C8 8Er00r00         [ 4]  361 	stx	_main_dst_20000_128
                                    362 ;	Raw cost for generated ic 69 : (5, 6.000000) count=1.000000
                                    363 ;	skipping iCode since result will be rematerialized
                                    364 ;	Raw cost for generated ic 71 : (0, 0.000000) count=1.000000
                                    365 ;	genPointerSet
                                    366 ;	genDataPointerSet
    000000CB A2 73            [ 2]  367 	ldx	#0x73
    000000CD 8Er01r00         [ 4]  368 	stx	(_main_dst_20000_128 + 0x0001)
                                    369 ;	Raw cost for generated ic 72 : (5, 6.000000) count=1.000000
                                    370 ;	skipping iCode since result will be rematerialized
                                    371 ;	Raw cost for generated ic 74 : (0, 0.000000) count=1.000000
                                    372 ;	genPointerSet
                                    373 ;	genDataPointerSet
    000000D0 E8               [ 2]  374 	inx
    000000D1 8Er02r00         [ 4]  375 	stx	(_main_dst_20000_128 + 0x0002)
                                    376 ;	Raw cost for generated ic 75 : (4, 6.000000) count=1.000000
                                    377 ;	skipping iCode since result will be rematerialized
                                    378 ;	Raw cost for generated ic 77 : (0, 0.000000) count=1.000000
                                    379 ;	genPointerSet
                                    380 ;	genDataPointerSet
    000000D4 A2 00            [ 2]  381 	ldx	#0x00
    000000D6 8Er03r00         [ 4]  382 	stx	(_main_dst_20000_128 + 0x0003)
                                    383 ;	Raw cost for generated ic 78 : (5, 6.000000) count=1.000000
                                    384 ;	src/libc_string.c: 31: const char* src = "src";
                                    385 ;	skipping iCode since result will be rematerialized
                                    386 ;	Raw cost for generated ic 79 : (0, 0.000000) count=1.000000
                                    387 ;	skipping iCode since result will be rematerialized
                                    388 ;	Raw cost for generated ic 80 : (0, 0.000000) count=1.000000
                                    389 ;	genAssign
                                    390 ;	genAssignLit
                                    391 ;	genCopy
    000000D9 A9s01            [ 2]  392 	lda	#>___str_1
    000000DB 8Dr01r00         [ 4]  393 	sta	(_strcpy_PARM_2 + 1)
    000000DE A9rDD            [ 2]  394 	lda	#___str_1
    000000E0 8Dr00r00         [ 4]  395 	sta	_strcpy_PARM_2
                                    396 ;	Raw cost for generated ic 81 : (10, 12.000000) count=1.000000
                                    397 ;	src/libc_string.c: 32: strcpy(dst, src);
                                    398 ;	skipping iCode since result will be rematerialized
                                    399 ;	Raw cost for generated ic 83 : (0, 0.000000) count=1.000000
                                    400 ;	Raw cost for generated ic 84 : (0, 0.000000) count=1.000000
                                    401 ;	genCall
                                    402 ;	genSend
    000000E3 A2s00            [ 2]  403 	ldx	#>_main_dst_20000_128
    000000E5 A9r00            [ 2]  404 	lda	#_main_dst_20000_128
    000000E7 20r00r00         [ 6]  405 	jsr	_strcpy
                                    406 ;	Raw cost for generated ic 86 : (7, 10.000000) count=1.000000
                                    407 ;	src/libc_string.c: 33: printf("strcpy(dst,src)\n-> %s\n", dst);
                                    408 ;	skipping iCode since result will be rematerialized
                                    409 ;	Raw cost for generated ic 88 : (0, 0.000000) count=1.000000
                                    410 ;	skipping iCode since result will be rematerialized
                                    411 ;	Raw cost for generated ic 89 : (0, 0.000000) count=1.000000
                                    412 ;	skipping iCode since result will be rematerialized
                                    413 ;	Raw cost for generated ic 90 : (0, 0.000000) count=1.000000
                                    414 ;	genIpush
    000000EA A9s00            [ 2]  415 	lda	#>_main_dst_20000_128
    000000EC 48               [ 3]  416 	pha
    000000ED A9r00            [ 2]  417 	lda	#_main_dst_20000_128
    000000EF 48               [ 3]  418 	pha
                                    419 ;	Raw cost for generated ic 91 : (6, 10.000000) count=1.000000
                                    420 ;	genIpush
    000000F0 A9s02            [ 2]  421 	lda	#>___str_13
    000000F2 48               [ 3]  422 	pha
    000000F3 A9r69            [ 2]  423 	lda	#___str_13
    000000F5 48               [ 3]  424 	pha
                                    425 ;	Raw cost for generated ic 92 : (6, 10.000000) count=1.000000
                                    426 ;	genCall
    000000F6 20r00r00         [ 6]  427 	jsr	_printf
    000000F9 68               [ 4]  428 	pla
    000000FA 68               [ 4]  429 	pla
    000000FB 68               [ 4]  430 	pla
    000000FC 68               [ 4]  431 	pla
                                    432 ;	Raw cost for generated ic 93 : (7, 22.000000) count=1.000000
                                    433 ;	src/libc_string.c: 37: char dst[4] = "dst";
                                    434 ;	skipping iCode since result will be rematerialized
                                    435 ;	Raw cost for generated ic 94 : (0, 0.000000) count=1.000000
                                    436 ;	genPointerSet
                                    437 ;	genDataPointerSet
    000000FD A2 64            [ 2]  438 	ldx	#0x64
    000000FF 8Er04r00         [ 4]  439 	stx	_main_dst_20000_129
                                    440 ;	Raw cost for generated ic 95 : (5, 6.000000) count=1.000000
                                    441 ;	skipping iCode since result will be rematerialized
                                    442 ;	Raw cost for generated ic 97 : (0, 0.000000) count=1.000000
                                    443 ;	genPointerSet
                                    444 ;	genDataPointerSet
    00000102 A2 73            [ 2]  445 	ldx	#0x73
    00000104 8Er05r00         [ 4]  446 	stx	(_main_dst_20000_129 + 0x0001)
                                    447 ;	Raw cost for generated ic 98 : (5, 6.000000) count=1.000000
                                    448 ;	skipping iCode since result will be rematerialized
                                    449 ;	Raw cost for generated ic 100 : (0, 0.000000) count=1.000000
                                    450 ;	genPointerSet
                                    451 ;	genDataPointerSet
    00000107 E8               [ 2]  452 	inx
    00000108 8Er06r00         [ 4]  453 	stx	(_main_dst_20000_129 + 0x0002)
                                    454 ;	Raw cost for generated ic 101 : (4, 6.000000) count=1.000000
                                    455 ;	skipping iCode since result will be rematerialized
                                    456 ;	Raw cost for generated ic 103 : (0, 0.000000) count=1.000000
                                    457 ;	genPointerSet
                                    458 ;	genDataPointerSet
    0000010B A2 00            [ 2]  459 	ldx	#0x00
    0000010D 8Er07r00         [ 4]  460 	stx	(_main_dst_20000_129 + 0x0003)
                                    461 ;	Raw cost for generated ic 104 : (5, 6.000000) count=1.000000
                                    462 ;	src/libc_string.c: 38: const char* src = "src";
                                    463 ;	genAssign
                                    464 ;	genAssignLit
                                    465 ;	genCopy
    00000110 A9s01            [ 2]  466 	lda	#>___str_1
    00000112 8Dr01r00         [ 4]  467 	sta	(_strncpy_PARM_2 + 1)
    00000115 A9rDD            [ 2]  468 	lda	#___str_1
    00000117 8Dr00r00         [ 4]  469 	sta	_strncpy_PARM_2
                                    470 ;	Raw cost for generated ic 107 : (10, 12.000000) count=1.000000
                                    471 ;	src/libc_string.c: 39: strncpy(dst, src, 2);
                                    472 ;	skipping iCode since result will be rematerialized
                                    473 ;	Raw cost for generated ic 109 : (0, 0.000000) count=1.000000
                                    474 ;	genAssign
                                    475 ;	genAssignLit
    0000011A A2 02            [ 2]  476 	ldx	#0x02
    0000011C 8Er00r00         [ 4]  477 	stx	_strncpy_PARM_3
    0000011F A2 00            [ 2]  478 	ldx	#0x00
    00000121 8Er01r00         [ 4]  479 	stx	(_strncpy_PARM_3 + 1)
                                    480 ;	Raw cost for generated ic 112 : (10, 12.000000) count=1.000000
                                    481 ;	Raw cost for generated ic 110 : (0, 0.000000) count=1.000000
                                    482 ;	genCall
                                    483 ;	genSend
    00000124 A2s00            [ 2]  484 	ldx	#>_main_dst_20000_129
    00000126 A9r04            [ 2]  485 	lda	#_main_dst_20000_129
    00000128 20r00r00         [ 6]  486 	jsr	_strncpy
                                    487 ;	Raw cost for generated ic 113 : (7, 10.000000) count=1.000000
                                    488 ;	src/libc_string.c: 40: printf("strncpy(dst,src,2)\n-> %s\n", dst);
                                    489 ;	skipping iCode since result will be rematerialized
                                    490 ;	Raw cost for generated ic 115 : (0, 0.000000) count=1.000000
                                    491 ;	skipping iCode since result will be rematerialized
                                    492 ;	Raw cost for generated ic 116 : (0, 0.000000) count=1.000000
                                    493 ;	skipping iCode since result will be rematerialized
                                    494 ;	Raw cost for generated ic 117 : (0, 0.000000) count=1.000000
                                    495 ;	genIpush
    0000012B A9s00            [ 2]  496 	lda	#>_main_dst_20000_129
    0000012D 48               [ 3]  497 	pha
    0000012E A9r04            [ 2]  498 	lda	#_main_dst_20000_129
    00000130 48               [ 3]  499 	pha
                                    500 ;	Raw cost for generated ic 118 : (6, 10.000000) count=1.000000
                                    501 ;	genIpush
    00000131 A9s02            [ 2]  502 	lda	#>___str_14
    00000133 48               [ 3]  503 	pha
    00000134 A9r80            [ 2]  504 	lda	#___str_14
    00000136 48               [ 3]  505 	pha
                                    506 ;	Raw cost for generated ic 119 : (6, 10.000000) count=1.000000
                                    507 ;	genCall
    00000137 20r00r00         [ 6]  508 	jsr	_printf
    0000013A 68               [ 4]  509 	pla
    0000013B 68               [ 4]  510 	pla
    0000013C 68               [ 4]  511 	pla
    0000013D 68               [ 4]  512 	pla
                                    513 ;	Raw cost for generated ic 120 : (7, 22.000000) count=1.000000
                                    514 ;	src/libc_string.c: 44: char dst[9] = "gbdk";
                                    515 ;	skipping iCode since result will be rematerialized
                                    516 ;	Raw cost for generated ic 121 : (0, 0.000000) count=1.000000
                                    517 ;	genPointerSet
                                    518 ;	genDataPointerSet
    0000013E A2 67            [ 2]  519 	ldx	#0x67
    00000140 8Er08r00         [ 4]  520 	stx	_main_dst_20000_130
                                    521 ;	Raw cost for generated ic 122 : (5, 6.000000) count=1.000000
                                    522 ;	skipping iCode since result will be rematerialized
                                    523 ;	Raw cost for generated ic 124 : (0, 0.000000) count=1.000000
                                    524 ;	genPointerSet
                                    525 ;	genDataPointerSet
    00000143 A2 62            [ 2]  526 	ldx	#0x62
    00000145 8Er09r00         [ 4]  527 	stx	(_main_dst_20000_130 + 0x0001)
                                    528 ;	Raw cost for generated ic 125 : (5, 6.000000) count=1.000000
                                    529 ;	skipping iCode since result will be rematerialized
                                    530 ;	Raw cost for generated ic 127 : (0, 0.000000) count=1.000000
                                    531 ;	genPointerSet
                                    532 ;	genDataPointerSet
    00000148 A2 64            [ 2]  533 	ldx	#0x64
    0000014A 8Er0Ar00         [ 4]  534 	stx	(_main_dst_20000_130 + 0x0002)
                                    535 ;	Raw cost for generated ic 128 : (5, 6.000000) count=1.000000
                                    536 ;	skipping iCode since result will be rematerialized
                                    537 ;	Raw cost for generated ic 130 : (0, 0.000000) count=1.000000
                                    538 ;	genPointerSet
                                    539 ;	genDataPointerSet
    0000014D A2 6B            [ 2]  540 	ldx	#0x6b
    0000014F 8Er0Br00         [ 4]  541 	stx	(_main_dst_20000_130 + 0x0003)
                                    542 ;	Raw cost for generated ic 131 : (5, 6.000000) count=1.000000
                                    543 ;	skipping iCode since result will be rematerialized
                                    544 ;	Raw cost for generated ic 133 : (0, 0.000000) count=1.000000
                                    545 ;	genPointerSet
                                    546 ;	genDataPointerSet
    00000152 A2 00            [ 2]  547 	ldx	#0x00
    00000154 8Er0Cr00         [ 4]  548 	stx	(_main_dst_20000_130 + 0x0004)
                                    549 ;	Raw cost for generated ic 134 : (5, 6.000000) count=1.000000
                                    550 ;	skipping iCode since result will be rematerialized
                                    551 ;	Raw cost for generated ic 136 : (0, 0.000000) count=1.000000
                                    552 ;	genPointerSet
                                    553 ;	genDataPointerSet
    00000157 8Er0Dr00         [ 4]  554 	stx	(_main_dst_20000_130 + 0x0005)
                                    555 ;	Raw cost for generated ic 137 : (3, 4.000000) count=1.000000
                                    556 ;	skipping iCode since result will be rematerialized
                                    557 ;	Raw cost for generated ic 139 : (0, 0.000000) count=1.000000
                                    558 ;	genPointerSet
                                    559 ;	genDataPointerSet
    0000015A 8Er0Er00         [ 4]  560 	stx	(_main_dst_20000_130 + 0x0006)
                                    561 ;	Raw cost for generated ic 140 : (3, 4.000000) count=1.000000
                                    562 ;	skipping iCode since result will be rematerialized
                                    563 ;	Raw cost for generated ic 142 : (0, 0.000000) count=1.000000
                                    564 ;	genPointerSet
                                    565 ;	genDataPointerSet
    0000015D 8Er0Fr00         [ 4]  566 	stx	(_main_dst_20000_130 + 0x0007)
                                    567 ;	Raw cost for generated ic 143 : (3, 4.000000) count=1.000000
                                    568 ;	skipping iCode since result will be rematerialized
                                    569 ;	Raw cost for generated ic 145 : (0, 0.000000) count=1.000000
                                    570 ;	genPointerSet
                                    571 ;	genDataPointerSet
    00000160 8Er10r00         [ 4]  572 	stx	(_main_dst_20000_130 + 0x0008)
                                    573 ;	Raw cost for generated ic 146 : (3, 4.000000) count=1.000000
                                    574 ;	src/libc_string.c: 45: char dst2[9] = "gbdk";
                                    575 ;	skipping iCode since result will be rematerialized
                                    576 ;	Raw cost for generated ic 147 : (0, 0.000000) count=1.000000
                                    577 ;	genPointerSet
                                    578 ;	genDataPointerSet
    00000163 A2 67            [ 2]  579 	ldx	#0x67
    00000165 8Er11r00         [ 4]  580 	stx	_main_dst2_20000_130
                                    581 ;	Raw cost for generated ic 148 : (5, 6.000000) count=1.000000
                                    582 ;	skipping iCode since result will be rematerialized
                                    583 ;	Raw cost for generated ic 150 : (0, 0.000000) count=1.000000
                                    584 ;	genPointerSet
                                    585 ;	genDataPointerSet
    00000168 A2 62            [ 2]  586 	ldx	#0x62
    0000016A 8Er12r00         [ 4]  587 	stx	(_main_dst2_20000_130 + 0x0001)
                                    588 ;	Raw cost for generated ic 151 : (5, 6.000000) count=1.000000
                                    589 ;	skipping iCode since result will be rematerialized
                                    590 ;	Raw cost for generated ic 153 : (0, 0.000000) count=1.000000
                                    591 ;	genPointerSet
                                    592 ;	genDataPointerSet
    0000016D A2 64            [ 2]  593 	ldx	#0x64
    0000016F 8Er13r00         [ 4]  594 	stx	(_main_dst2_20000_130 + 0x0002)
                                    595 ;	Raw cost for generated ic 154 : (5, 6.000000) count=1.000000
                                    596 ;	skipping iCode since result will be rematerialized
                                    597 ;	Raw cost for generated ic 156 : (0, 0.000000) count=1.000000
                                    598 ;	genPointerSet
                                    599 ;	genDataPointerSet
    00000172 A2 6B            [ 2]  600 	ldx	#0x6b
    00000174 8Er14r00         [ 4]  601 	stx	(_main_dst2_20000_130 + 0x0003)
                                    602 ;	Raw cost for generated ic 157 : (5, 6.000000) count=1.000000
                                    603 ;	skipping iCode since result will be rematerialized
                                    604 ;	Raw cost for generated ic 159 : (0, 0.000000) count=1.000000
                                    605 ;	genPointerSet
                                    606 ;	genDataPointerSet
    00000177 A2 00            [ 2]  607 	ldx	#0x00
    00000179 8Er15r00         [ 4]  608 	stx	(_main_dst2_20000_130 + 0x0004)
                                    609 ;	Raw cost for generated ic 160 : (5, 6.000000) count=1.000000
                                    610 ;	skipping iCode since result will be rematerialized
                                    611 ;	Raw cost for generated ic 162 : (0, 0.000000) count=1.000000
                                    612 ;	genPointerSet
                                    613 ;	genDataPointerSet
    0000017C 8Er16r00         [ 4]  614 	stx	(_main_dst2_20000_130 + 0x0005)
                                    615 ;	Raw cost for generated ic 163 : (3, 4.000000) count=1.000000
                                    616 ;	skipping iCode since result will be rematerialized
                                    617 ;	Raw cost for generated ic 165 : (0, 0.000000) count=1.000000
                                    618 ;	genPointerSet
                                    619 ;	genDataPointerSet
    0000017F 8Er17r00         [ 4]  620 	stx	(_main_dst2_20000_130 + 0x0006)
                                    621 ;	Raw cost for generated ic 166 : (3, 4.000000) count=1.000000
                                    622 ;	skipping iCode since result will be rematerialized
                                    623 ;	Raw cost for generated ic 168 : (0, 0.000000) count=1.000000
                                    624 ;	genPointerSet
                                    625 ;	genDataPointerSet
    00000182 8Er18r00         [ 4]  626 	stx	(_main_dst2_20000_130 + 0x0007)
                                    627 ;	Raw cost for generated ic 169 : (3, 4.000000) count=1.000000
                                    628 ;	skipping iCode since result will be rematerialized
                                    629 ;	Raw cost for generated ic 171 : (0, 0.000000) count=1.000000
                                    630 ;	genPointerSet
                                    631 ;	genDataPointerSet
    00000185 8Er19r00         [ 4]  632 	stx	(_main_dst2_20000_130 + 0x0008)
                                    633 ;	Raw cost for generated ic 172 : (3, 4.000000) count=1.000000
                                    634 ;	src/libc_string.c: 46: printf("strcat(gbdk,2020)\n-> %s\n", strcat(dst, "2020"));
                                    635 ;	skipping iCode since result will be rematerialized
                                    636 ;	Raw cost for generated ic 174 : (0, 0.000000) count=1.000000
                                    637 ;	skipping iCode since result will be rematerialized
                                    638 ;	Raw cost for generated ic 175 : (0, 0.000000) count=1.000000
                                    639 ;	genCast
                                    640 ;	genCopy
    00000188 A9s02            [ 2]  641 	lda	#>___str_16
    0000018A 8Dr01r00         [ 4]  642 	sta	(_strcat_PARM_2 + 1)
    0000018D A9rB3            [ 2]  643 	lda	#___str_16
    0000018F 8Dr00r00         [ 4]  644 	sta	_strcat_PARM_2
                                    645 ;	Raw cost for generated ic 176 : (10, 12.000000) count=1.000000
                                    646 ;	Raw cost for generated ic 177 : (0, 0.000000) count=1.000000
                                    647 ;	genCall
                                    648 ;	genSend
    00000192 A2s00            [ 2]  649 	ldx	#>_main_dst_20000_130
    00000194 A9r08            [ 2]  650 	lda	#_main_dst_20000_130
    00000196 20r00r00         [ 6]  651 	jsr	_strcat
                                    652 ;	assignResultValue
                                    653 ;	Raw cost for generated ic 179 : (7, 10.000000) count=1.000000
                                    654 ;	skipping iCode since result will be rematerialized
                                    655 ;	Raw cost for generated ic 180 : (0, 0.000000) count=1.000000
                                    656 ;	skipping iCode since result will be rematerialized
                                    657 ;	Raw cost for generated ic 181 : (0, 0.000000) count=1.000000
                                    658 ;	genIpush
    00000199 85*00            [ 3]  659 	sta	*(REGTEMP+0)
    0000019B 8A               [ 2]  660 	txa
    0000019C 48               [ 3]  661 	pha
    0000019D A5*00            [ 3]  662 	lda	*(REGTEMP+0)
    0000019F 48               [ 3]  663 	pha
                                    664 ;	Raw cost for generated ic 182 : (7, 14.000000) count=1.000000
                                    665 ;	genIpush
    000001A0 A9s02            [ 2]  666 	lda	#>___str_15
    000001A2 48               [ 3]  667 	pha
    000001A3 A9r9A            [ 2]  668 	lda	#___str_15
    000001A5 48               [ 3]  669 	pha
                                    670 ;	Raw cost for generated ic 183 : (6, 10.000000) count=1.000000
                                    671 ;	genCall
    000001A6 20r00r00         [ 6]  672 	jsr	_printf
    000001A9 68               [ 4]  673 	pla
    000001AA 68               [ 4]  674 	pla
    000001AB 68               [ 4]  675 	pla
    000001AC 68               [ 4]  676 	pla
                                    677 ;	Raw cost for generated ic 184 : (7, 22.000000) count=1.000000
                                    678 ;	src/libc_string.c: 47: printf("strncat(gbdk,lib,2)\n-> %s\n", strncat(dst2, "lib",2));
                                    679 ;	skipping iCode since result will be rematerialized
                                    680 ;	Raw cost for generated ic 186 : (0, 0.000000) count=1.000000
                                    681 ;	skipping iCode since result will be rematerialized
                                    682 ;	Raw cost for generated ic 187 : (0, 0.000000) count=1.000000
                                    683 ;	genCast
                                    684 ;	genCopy
    000001AD A9s02            [ 2]  685 	lda	#>___str_18
    000001AF 8Dr01r00         [ 4]  686 	sta	(_strncat_PARM_2 + 1)
    000001B2 A9rD3            [ 2]  687 	lda	#___str_18
    000001B4 8Dr00r00         [ 4]  688 	sta	_strncat_PARM_2
                                    689 ;	Raw cost for generated ic 188 : (10, 12.000000) count=1.000000
                                    690 ;	genAssign
                                    691 ;	genAssignLit
    000001B7 A2 02            [ 2]  692 	ldx	#0x02
    000001B9 8Er00r00         [ 4]  693 	stx	_strncat_PARM_3
    000001BC A2 00            [ 2]  694 	ldx	#0x00
    000001BE 8Er01r00         [ 4]  695 	stx	(_strncat_PARM_3 + 1)
                                    696 ;	Raw cost for generated ic 191 : (10, 12.000000) count=1.000000
                                    697 ;	Raw cost for generated ic 189 : (0, 0.000000) count=1.000000
                                    698 ;	genCall
                                    699 ;	genSend
    000001C1 A2s00            [ 2]  700 	ldx	#>_main_dst2_20000_130
    000001C3 A9r11            [ 2]  701 	lda	#_main_dst2_20000_130
    000001C5 20r00r00         [ 6]  702 	jsr	_strncat
                                    703 ;	assignResultValue
                                    704 ;	Raw cost for generated ic 192 : (7, 10.000000) count=1.000000
                                    705 ;	skipping iCode since result will be rematerialized
                                    706 ;	Raw cost for generated ic 193 : (0, 0.000000) count=1.000000
                                    707 ;	skipping iCode since result will be rematerialized
                                    708 ;	Raw cost for generated ic 194 : (0, 0.000000) count=1.000000
                                    709 ;	genIpush
    000001C8 85*00            [ 3]  710 	sta	*(REGTEMP+0)
    000001CA 8A               [ 2]  711 	txa
    000001CB 48               [ 3]  712 	pha
    000001CC A5*00            [ 3]  713 	lda	*(REGTEMP+0)
    000001CE 48               [ 3]  714 	pha
                                    715 ;	Raw cost for generated ic 195 : (7, 14.000000) count=1.000000
                                    716 ;	genIpush
    000001CF A9s02            [ 2]  717 	lda	#>___str_17
    000001D1 48               [ 3]  718 	pha
    000001D2 A9rB8            [ 2]  719 	lda	#___str_17
    000001D4 48               [ 3]  720 	pha
                                    721 ;	Raw cost for generated ic 196 : (6, 10.000000) count=1.000000
                                    722 ;	genCall
    000001D5 20r00r00         [ 6]  723 	jsr	_printf
    000001D8 68               [ 4]  724 	pla
    000001D9 68               [ 4]  725 	pla
    000001DA 68               [ 4]  726 	pla
    000001DB 68               [ 4]  727 	pla
                                    728 ;	Raw cost for generated ic 197 : (7, 22.000000) count=1.000000
                                    729 ;	genLabel
                                    730 ;	Raw cost for generated ic 198 : (0, 0.000000) count=1.000000
                                    731 ;	src/libc_string.c: 49: }
                                    732 ;	genEndFunction
    000001DC 60               [ 6]  733 	rts
                                    734 ;	Raw cost for generated ic 199 : (1, 6.000000) count=1.000000
                                    735 	.area _CODE
    000001DD                        736 ___str_1:
    000001DD 73 72 63               737 	.ascii "src"
    000001E0 00                     738 	.db 0x00
    000001E1                        739 ___str_5:
    000001E1 73 74 72 6C 65 6E 28   740 	.ascii "strlen(gbdk) -> %d"
             67 62 64 6B 29 20 2D
             3E 20 25 64
    000001F3 0A                     741 	.db 0x0a
    000001F4 00                     742 	.db 0x00
    000001F5                        743 ___str_6:
    000001F5 67 62 64 6B            744 	.ascii "gbdk"
    000001F9 00                     745 	.db 0x00
    000001FA                        746 ___str_7:
    000001FA 73 74 72 63 6D 70 28   747 	.ascii "strcmp(gbdk,gbdk)"
             67 62 64 6B 2C 67 62
             64 6B 29
    0000020B 0A                     748 	.db 0x0a
    0000020C 2D 3E 20 25 64         749 	.ascii "-> %d"
    00000211 0A                     750 	.db 0x0a
    00000212 00                     751 	.db 0x00
    00000213                        752 ___str_8:
    00000213 73 74 72 63 6D 70 28   753 	.ascii "strcmp(gbdk,ggdk)"
             67 62 64 6B 2C 67 67
             64 6B 29
    00000224 0A                     754 	.db 0x0a
    00000225 2D 3E 20 25 64         755 	.ascii "-> %d"
    0000022A 0A                     756 	.db 0x0a
    0000022B 00                     757 	.db 0x00
    0000022C                        758 ___str_9:
    0000022C 67 67 64 6B            759 	.ascii "ggdk"
    00000230 00                     760 	.db 0x00
    00000231                        761 ___str_10:
    00000231 73 74 72 63 6D 70 28   762 	.ascii "strcmp(ggdk,gbdk)"
             67 67 64 6B 2C 67 62
             64 6B 29
    00000242 0A                     763 	.db 0x0a
    00000243 2D 3E 20 25 64         764 	.ascii "-> %d"
    00000248 0A                     765 	.db 0x0a
    00000249 00                     766 	.db 0x00
    0000024A                        767 ___str_11:
    0000024A 73 74 72 6E 63 6D 70   768 	.ascii "strncmp(gbdk,gbc,2)"
             28 67 62 64 6B 2C 67
             62 63 2C 32 29
    0000025D 0A                     769 	.db 0x0a
    0000025E 2D 3E 20 25 64         770 	.ascii "-> %d"
    00000263 0A                     771 	.db 0x0a
    00000264 00                     772 	.db 0x00
    00000265                        773 ___str_12:
    00000265 67 62 63               774 	.ascii "gbc"
    00000268 00                     775 	.db 0x00
    00000269                        776 ___str_13:
    00000269 73 74 72 63 70 79 28   777 	.ascii "strcpy(dst,src)"
             64 73 74 2C 73 72 63
             29
    00000278 0A                     778 	.db 0x0a
    00000279 2D 3E 20 25 73         779 	.ascii "-> %s"
    0000027E 0A                     780 	.db 0x0a
    0000027F 00                     781 	.db 0x00
    00000280                        782 ___str_14:
    00000280 73 74 72 6E 63 70 79   783 	.ascii "strncpy(dst,src,2)"
             28 64 73 74 2C 73 72
             63 2C 32 29
    00000292 0A                     784 	.db 0x0a
    00000293 2D 3E 20 25 73         785 	.ascii "-> %s"
    00000298 0A                     786 	.db 0x0a
    00000299 00                     787 	.db 0x00
    0000029A                        788 ___str_15:
    0000029A 73 74 72 63 61 74 28   789 	.ascii "strcat(gbdk,2020)"
             67 62 64 6B 2C 32 30
             32 30 29
    000002AB 0A                     790 	.db 0x0a
    000002AC 2D 3E 20 25 73         791 	.ascii "-> %s"
    000002B1 0A                     792 	.db 0x0a
    000002B2 00                     793 	.db 0x00
    000002B3                        794 ___str_16:
    000002B3 32 30 32 30            795 	.ascii "2020"
    000002B7 00                     796 	.db 0x00
    000002B8                        797 ___str_17:
    000002B8 73 74 72 6E 63 61 74   798 	.ascii "strncat(gbdk,lib,2)"
             28 67 62 64 6B 2C 6C
             69 62 2C 32 29
    000002CB 0A                     799 	.db 0x0a
    000002CC 2D 3E 20 25 73         800 	.ascii "-> %s"
    000002D1 0A                     801 	.db 0x0a
    000002D2 00                     802 	.db 0x00
    000002D3                        803 ___str_18:
    000002D3 6C 69 62               804 	.ascii "lib"
    000002D6 00                     805 	.db 0x00
                                    806 	.area _XINIT
                                    807 	.area _CABS    (ABS)
