                                      1 ;--------------------------------------------------------
                                      2 ; File Created by SDCC : free open source ISO C Compiler
                                      3 ; Version 4.5.1 #15267 (Mac OS X ppc)
                                      4 ;--------------------------------------------------------
                                      5 	.module player
                                      6 	
                                      7 ;--------------------------------------------------------
                                      8 ; Public variables in this module
                                      9 ;--------------------------------------------------------
                                     10 	.globl b_UpdatePlayer
                                     11 	.globl _UpdatePlayer
                                     12 	.globl _DrawPlayer
                                     13 	.globl b_SetupPlayer
                                     14 	.globl _SetupPlayer
                                     15 	.globl _SetPlayerPalettes
                                     16 	.globl _UpdatePlayerVRAMTiles
                                     17 	.globl _IsTileSolid
                                     18 	.globl _set_sprite_data
                                     19 	.globl _threeFrameCounter
                                     20 	.globl _playerJumpIncrease
                                     21 	.globl _facingRight
                                     22 	.globl _playerYVelocity
                                     23 	.globl _playerXVelocity
                                     24 	.globl _playerY
                                     25 	.globl _playerX
                                     26 	.globl _PlayerPalettesGGSMS
                                     27 	.globl _baseProp
                                     28 ;--------------------------------------------------------
                                     29 ; special function registers
                                     30 ;--------------------------------------------------------
                                     31 ;--------------------------------------------------------
                                     32 ; ram data
                                     33 ;--------------------------------------------------------
                                     34 	.area _DATA
    00000000                         35 _playerX::
    00000000                         36 	.ds 2
    00000002                         37 _playerY::
    00000002                         38 	.ds 2
    00000004                         39 _playerXVelocity::
    00000004                         40 	.ds 2
    00000006                         41 _playerYVelocity::
    00000006                         42 	.ds 2
                                     43 ;--------------------------------------------------------
                                     44 ; ram data
                                     45 ;--------------------------------------------------------
                                     46 	.area _INITIALIZED
    00000000                         47 _facingRight::
    00000000                         48 	.ds 1
    00000001                         49 _playerJumpIncrease::
    00000001                         50 	.ds 1
    00000002                         51 _threeFrameCounter::
    00000002                         52 	.ds 1
                                     53 ;--------------------------------------------------------
                                     54 ; absolute external ram data
                                     55 ;--------------------------------------------------------
                                     56 	.area _DABS (ABS)
                                     57 ;--------------------------------------------------------
                                     58 ; global & static initialisations
                                     59 ;--------------------------------------------------------
                                     60 	.area _HOME
                                     61 	.area _GSINIT
                                     62 	.area _GSFINAL
                                     63 	.area _GSINIT
                                     64 ;--------------------------------------------------------
                                     65 ; Home
                                     66 ;--------------------------------------------------------
                                     67 	.area _HOME
                                     68 ;src/player.c:67: void UpdatePlayerVRAMTiles(void) NONBANKED{
                                     69 ;	---------------------------------
                                     70 ; Function UpdatePlayerVRAMTiles
                                     71 ; ---------------------------------
    00000000                         72 _UpdatePlayerVRAMTiles::
                                     73 ;src/player.c:68: uint8_t _previous_bank = CURRENT_BANK;
    00000000 F0r00            [12]   74 	ldh	a, (__current_bank + 0)
    00000002 4F               [ 4]   75 	ld	c, a
                                     76 ;src/player.c:71: SWITCH_ROM(BANK(PlayerCharacterSprites));
    00000003 3Er00            [ 8]   77 	ld	a, #<(___bank_PlayerCharacterSprites)
    00000005 E0r00            [12]   78 	ldh	(__current_bank + 0), a
    00000007 EAr00r00         [16]   79 	ld	(#_rROMB0),a
                                     80 ;src/player.c:73: set_player_sprite_data (0,PlayerCharacterSprites_TILE_COUNT,PlayerCharacterSprites_tiles);
    0000000A 11r00r00         [12]   81 	ld	de, #_PlayerCharacterSprites_tiles
    0000000D D5               [16]   82 	push	de
    0000000E 21 00 3E         [12]   83 	ld	hl, #0x3e00
    00000011 E5               [16]   84 	push	hl
    00000012 CDr00r00         [24]   85 	call	_set_sprite_data
    00000015 E8 04            [16]   86 	add	sp, #4
                                     87 ;src/player.c:75: SWITCH_ROM(_previous_bank);
    00000017 79               [ 4]   88 	ld	a, c
    00000018 E0r00            [12]   89 	ldh	(__current_bank + 0), a
    0000001A 21r00r00         [12]   90 	ld	hl, #_rROMB0
    0000001D 71               [ 8]   91 	ld	(hl), c
                                     92 ;src/player.c:76: }
    0000001E C9               [16]   93 	ret
    0000001F                         94 _baseProp:
    0000001F 00                      95 	.db #0x00	; 0
    00000020                         96 _PlayerPalettesGGSMS:
    00000020 1F 22                   97 	.dw #0x221f
    00000022 FF 7F                   98 	.dw #0x7fff
    00000024 B5 56                   99 	.dw #0x56b5
    00000026 00 00                  100 	.dw #0x0000
    00000028 11 00                  101 	.dw #0x0011
    0000002A C0 01                  102 	.dw #0x01c0
    0000002C 60 54                  103 	.dw #0x5460
    0000002E 0F 02                  104 	.dw #0x020f
    00000030 20 36                  105 	.dw #0x3620
    00000032 09 28                  106 	.dw #0x2809
    00000034 1F 00                  107 	.dw #0x001f
    00000036 E4 03                  108 	.dw #0x03e4
    00000038 A0 7C                  109 	.dw #0x7ca0
    0000003A BF 03                  110 	.dw #0x03bf
    0000003C 80 7F                  111 	.dw #0x7f80
    0000003E 1F 7E                  112 	.dw #0x7e1f
                                    113 ;src/player.c:78: void SetPlayerPalettes(void) NONBANKED{
                                    114 ;	---------------------------------
                                    115 ; Function SetPlayerPalettes
                                    116 ; ---------------------------------
    00000040                        117 _SetPlayerPalettes::
                                    118 ;src/player.c:79: uint8_t _previous_bank = CURRENT_BANK;
    00000040 F0r00            [12]  119 	ldh	a, (__current_bank + 0)
    00000042 4F               [ 4]  120 	ld	c, a
                                    121 ;src/player.c:81: SWITCH_ROM(PLAYER_PALETTES_BANK);
    00000043 3Er00            [ 8]  122 	ld	a, #<(___bank_PlayerCharacterSprites)
    00000045 E0r00            [12]  123 	ldh	(__current_bank + 0), a
    00000047 21r00r00         [12]  124 	ld	hl, #_rROMB0
    0000004A 77               [ 8]  125 	ld	(hl), a
                                    126 ;src/player.c:95: SWITCH_ROM(_previous_bank);
    0000004B 79               [ 4]  127 	ld	a, c
    0000004C E0r00            [12]  128 	ldh	(__current_bank + 0), a
    0000004E 71               [ 8]  129 	ld	(hl), c
                                    130 ;src/player.c:96: }
    0000004F C9               [16]  131 	ret
                                    132 ;src/player.c:116: uint8_t DrawPlayer(uint16_t playerRealX, uint16_t playerRealY, uint8_t frame) NONBANKED{
                                    133 ;	---------------------------------
                                    134 ; Function DrawPlayer
                                    135 ; ---------------------------------
    00000050                        136 _DrawPlayer::
    00000050 3B               [ 8]  137 	dec	sp
                                    138 ;src/player.c:119: uint8_t _previous_bank = CURRENT_BANK;
    00000051 F0r00            [12]  139 	ldh	a, (__current_bank + 0)
    00000053 F8 00            [12]  140 	ldhl	sp,	#0
    00000055 77               [ 8]  141 	ld	(hl), a
                                    142 ;src/player.c:123: uint16_t playerCameraX = (playerRealX-camera_x)+DEVICE_SPRITE_PX_OFFSET_X;
    00000056 7B               [ 4]  143 	ld	a, e
    00000057 21r00r00         [12]  144 	ld	hl, #_camera_x
    0000005A 5E               [ 8]  145 	ld	e, (hl)
    0000005B 93               [ 4]  146 	sub	a, e
    0000005C C6 08            [ 8]  147 	add	a, #0x08
    0000005E 5F               [ 4]  148 	ld	e, a
                                    149 ;src/player.c:124: uint16_t playerCameraY= (playerRealY)+DEVICE_SPRITE_PX_OFFSET_Y;
    0000005F 79               [ 4]  150 	ld	a, c
    00000060 C6 10            [ 8]  151 	add	a, #0x10
    00000062 4F               [ 4]  152 	ld	c, a
                                    153 ;src/player.c:126: SWITCH_ROM(BANK(PlayerCharacterSprites));
    00000063 3Er00            [ 8]  154 	ld	a, #<(___bank_PlayerCharacterSprites)
    00000065 E0r00            [12]  155 	ldh	(__current_bank + 0), a
    00000067 EAr00r00         [16]  156 	ld	(#_rROMB0),a
                                    157 ;src/player.c:128: spritesUsed = move_metasprite_ex(PlayerCharacterSprites_metasprites[frame],0,baseProp,0,playerCameraX,playerCameraY);
    0000006A 43               [ 4]  158 	ld	b, e
    0000006B F8 03            [12]  159 	ldhl	sp,	#3
    0000006D 5E               [ 8]  160 	ld	e, (hl)
    0000006E AF               [ 4]  161 	xor	a, a
    0000006F 6B               [ 4]  162 	ld	l, e
    00000070 67               [ 4]  163 	ld	h, a
    00000071 29               [ 8]  164 	add	hl, hl
    00000072 11r00r00         [12]  165 	ld	de, #_PlayerCharacterSprites_metasprites
    00000075 19               [ 8]  166 	add	hl, de
    00000076 2A               [ 8]  167 	ld	a,	(hl+)
    00000077 66               [ 8]  168 	ld	h, (hl)
                                    169 ;../../../include/gb/metasprites.h:160: __current_metasprite = metasprite;
    00000078 5F               [ 4]  170 	ld	e, a
    00000079 54               [ 4]  171 	ld	d, h
    0000007A 21r00r00         [12]  172 	ld	hl, #___current_metasprite
    0000007D 7B               [ 4]  173 	ld	a, e
    0000007E 22               [ 8]  174 	ld	(hl+), a
    0000007F 72               [ 8]  175 	ld	(hl), d
                                    176 ;../../../include/gb/metasprites.h:161: __current_base_tile = base_tile;
                                    177 ;../../../include/gb/metasprites.h:162: __current_base_prop = base_prop;
    00000080 AF               [ 4]  178 	xor	a, a
    00000081 EAr00r00         [16]  179 	ld	(#___current_base_tile), a
    00000084 EAr00r00         [16]  180 	ld	(#___current_base_prop),a
                                    181 ;../../../include/gb/metasprites.h:163: return __move_metasprite(base_sprite, (y << 8) | (uint8_t)x);
    00000087 51               [ 4]  182 	ld	d, c
    00000088 58               [ 4]  183 	ld	e, b
    00000089 AF               [ 4]  184 	xor	a, a
    0000008A CDr00r00         [24]  185 	call	___move_metasprite
    0000008D 4F               [ 4]  186 	ld	c, a
                                    187 ;src/player.c:130: SWITCH_ROM(_previous_bank);
    0000008E F8 00            [12]  188 	ldhl	sp,	#0
    00000090 7E               [ 8]  189 	ld	a, (hl)
    00000091 E0r00            [12]  190 	ldh	(__current_bank + 0), a
    00000093 7E               [ 8]  191 	ld	a, (hl)
    00000094 EAr00r00         [16]  192 	ld	(#_rROMB0),a
                                    193 ;src/player.c:132: return spritesUsed;
    00000097 79               [ 4]  194 	ld	a, c
                                    195 ;src/player.c:133: }
    00000098 33               [ 8]  196 	inc	sp
    00000099 E1               [12]  197 	pop	hl
    0000009A 33               [ 8]  198 	inc	sp
    0000009B E9               [ 4]  199 	jp	(hl)
                                    200 	.area _HOME
                                    201 ;--------------------------------------------------------
                                    202 ; code
                                    203 ;--------------------------------------------------------
                                    204 	.area _CODE_255
                                    205 ;src/player.c:98: void SetupPlayer(void) BANKED{
                                    206 ;	---------------------------------
                                    207 ; Function SetupPlayer
                                    208 ; ---------------------------------
                         000000FF   209 	b_SetupPlayer	= 255
    00000000                        210 _SetupPlayer::
                                    211 ;src/player.c:102: playerX=40<<4;
    00000000 21r00r00         [12]  212 	ld	hl, #_playerX
    00000003 3E 80            [ 8]  213 	ld	a, #0x80
    00000005 22               [ 8]  214 	ld	(hl+), a
    00000006 36 02            [12]  215 	ld	(hl), #0x02
                                    216 ;src/player.c:103: playerY=40<<4;
    00000008 21r02r00         [12]  217 	ld	hl, #_playerY
    0000000B 3E 80            [ 8]  218 	ld	a, #0x80
    0000000D 22               [ 8]  219 	ld	(hl+), a
    0000000E 36 02            [12]  220 	ld	(hl), #0x02
                                    221 ;src/player.c:105: playerXVelocity=0;
    00000010 AF               [ 4]  222 	xor	a, a
    00000011 21r04r00         [12]  223 	ld	hl, #_playerXVelocity
    00000014 22               [ 8]  224 	ld	(hl+), a
    00000015 77               [ 8]  225 	ld	(hl), a
                                    226 ;src/player.c:106: playerYVelocity=0;
    00000016 AF               [ 4]  227 	xor	a, a
    00000017 21r06r00         [12]  228 	ld	hl, #_playerYVelocity
    0000001A 22               [ 8]  229 	ld	(hl+), a
    0000001B 77               [ 8]  230 	ld	(hl), a
                                    231 ;src/player.c:108: UpdatePlayerVRAMTiles();
    0000001C CDr00r00         [24]  232 	call	_UpdatePlayerVRAMTiles
                                    233 ;src/player.c:111: SetPlayerPalettes();
                                    234 ;src/player.c:114: }
    0000001F C3r40r00         [16]  235 	jp	_SetPlayerPalettes
                                    236 ;src/player.c:135: uint8_t UpdatePlayer(void) BANKED{
                                    237 ;	---------------------------------
                                    238 ; Function UpdatePlayer
                                    239 ; ---------------------------------
                         000000FF   240 	b_UpdatePlayer	= 255
    00000022                        241 _UpdatePlayer::
    00000022 E8 F1            [16]  242 	add	sp, #-15
                                    243 ;src/player.c:139: int16_t moveSpeed = (joypadCurrent & J_B) ?PLAYER_CHARACTER_RUN_VELOCITY:PLAYER_CHARACTER_WALK_VELOCITY;
    00000024 FAr00r00         [16]  244 	ld	a, (_joypadCurrent)
    00000027 4F               [ 4]  245 	ld	c, a
    00000028 E6 20            [ 8]  246 	and	a, #0x20
    0000002A 28 05            [12]  247 	jr	Z, 00191$
    0000002C 11 A9 01         [12]  248 	ld	de, #0x01a9
    0000002F 18 03            [12]  249 	jr	00192$
    00000031                        250 00191$:
    00000031 11 45 01         [12]  251 	ld	de, #0x0145
    00000034                        252 00192$:
    00000034 F8 05            [12]  253 	ldhl	sp,	#5
    00000036 73               [ 8]  254 	ld	(hl), e
    00000037 23               [ 8]  255 	inc	hl
    00000038 72               [ 8]  256 	ld	(hl), d
                                    257 ;src/player.c:140: uint8_t threeFrameCounterSpeed = (joypadCurrent & J_B) ? PLAYER_CHARACTER_RUN_TWO_FRAME_COUNTER : PLAYER_CHARACTER_WALK_TWO_FRAME_COUNTER;
    00000039 B7               [ 4]  258 	or	a, a
    0000003A 3E 05            [ 8]  259 	ld	a, #0x05
    0000003C 20 02            [12]  260 	jr	NZ, 00194$
    0000003E 3E 03            [ 8]  261 	ld	a, #0x03
    00000040                        262 00194$:
                                    263 ;src/player.c:142: threeFrameCounter+=threeFrameCounterSpeed;
    00000040 21r02r00         [12]  264 	ld	hl, #_threeFrameCounter
    00000043 86               [ 8]  265 	add	a, (hl)
                                    266 ;src/player.c:143: uint8_t threeFrameCounterValue = threeFrameCounter>>4;
    00000044 77               [ 8]  267 	ld	(hl), a
    00000045 CB 37            [ 8]  268 	swap	a
    00000047 E6 0F            [ 8]  269 	and	a, #0x0f
    00000049 F8 02            [12]  270 	ldhl	sp,	#2
                                    271 ;src/player.c:144: if(threeFrameCounterValue>=3){
    0000004B 77               [ 8]  272 	ld	(hl), a
    0000004C D6 03            [ 8]  273 	sub	a, #0x03
    0000004E 38 08            [12]  274 	jr	C, 00102$
                                    275 ;src/player.c:145: threeFrameCounter=0;
    00000050 AF               [ 4]  276 	xor	a, a
    00000051 EAr02r00         [16]  277 	ld	(#_threeFrameCounter),a
                                    278 ;src/player.c:146: threeFrameCounterValue=0;
    00000054 F8 02            [12]  279 	ldhl	sp,	#2
    00000056 36 00            [12]  280 	ld	(hl), #0x00
    00000058                        281 00102$:
                                    282 ;src/player.c:149: uint8_t turning = FALSE;
    00000058 F8 03            [12]  283 	ldhl	sp,	#3
    0000005A 36 00            [12]  284 	ld	(hl), #0x00
                                    285 ;src/player.c:154: if(playerXVelocity<0){
    0000005C FAr04r00         [16]  286 	ld	a, (#_playerXVelocity)
    0000005F F8 07            [12]  287 	ldhl	sp,	#7
    00000061 77               [ 8]  288 	ld	(hl), a
    00000062 FAr05r00         [16]  289 	ld	a, (#_playerXVelocity + 1)
    00000065 F8 08            [12]  290 	ldhl	sp,	#8
    00000067 22               [ 8]  291 	ld	(hl+), a
    00000068 07               [ 4]  292 	rlca
    00000069 E6 01            [ 8]  293 	and	a,#0x01
                                    294 ;src/player.c:157: playerXVelocity+=GROUND_FRICTION;
    0000006B 32               [ 8]  295 	ld	(hl-), a
    0000006C 2B               [ 8]  296 	dec	hl
    0000006D 2A               [ 8]  297 	ld	a, (hl+)
    0000006E 5F               [ 4]  298 	ld	e, a
    0000006F 56               [ 8]  299 	ld	d, (hl)
    00000070 21 0F 00         [12]  300 	ld	hl, #0x000f
    00000073 19               [ 8]  301 	add	hl, de
    00000074 45               [ 4]  302 	ld	b, l
    00000075 7C               [ 4]  303 	ld	a, h
    00000076 F8 0A            [12]  304 	ldhl	sp,	#10
    00000078 70               [ 8]  305 	ld	(hl), b
    00000079 23               [ 8]  306 	inc	hl
    0000007A 77               [ 8]  307 	ld	(hl), a
                                    308 ;src/player.c:151: if(joypadCurrent &J_RIGHT){
    0000007B CB 41            [ 8]  309 	bit	0, c
    0000007D 28 3F            [12]  310 	jr	Z, 00134$
                                    311 ;src/player.c:154: if(playerXVelocity<0){
    0000007F F8 09            [12]  312 	ldhl	sp,	#9
    00000081 7E               [ 8]  313 	ld	a, (hl)
    00000082 B7               [ 4]  314 	or	a, a
    00000083 28 20            [12]  315 	jr	Z, 00109$
                                    316 ;src/player.c:157: playerXVelocity+=GROUND_FRICTION;
    00000085 23               [ 8]  317 	inc	hl
    00000086 7E               [ 8]  318 	ld	a, (hl)
    00000087 EAr04r00         [16]  319 	ld	(#_playerXVelocity),a
    0000008A F8 0B            [12]  320 	ldhl	sp,	#11
    0000008C 7E               [ 8]  321 	ld	a, (hl)
    0000008D 21r05r00         [12]  322 	ld	hl, #_playerXVelocity + 1
                                    323 ;src/player.c:160: if(playerXVelocity<0)turning=TRUE;
    00000090 32               [ 8]  324 	ld	(hl-), a
    00000091 2A               [ 8]  325 	ld	a, (hl+)
    00000092 CB 7E            [12]  326 	bit	7, (hl)
    00000094 28 07            [12]  327 	jr	Z, 00104$
    00000096 F8 03            [12]  328 	ldhl	sp,	#3
    00000098 36 01            [12]  329 	ld	(hl), #0x01
    0000009A C3r82r01         [16]  330 	jp	00135$
    0000009D                        331 00104$:
                                    332 ;src/player.c:163: facingRight=TRUE;
    0000009D 21r00r00         [12]  333 	ld	hl, #_facingRight
    000000A0 36 01            [12]  334 	ld	(hl), #0x01
    000000A2 C3r82r01         [16]  335 	jp	00135$
    000000A5                        336 00109$:
                                    337 ;src/player.c:166: playerXVelocity=moveSpeed;
    000000A5 F8 05            [12]  338 	ldhl	sp,	#5
    000000A7 7E               [ 8]  339 	ld	a, (hl)
    000000A8 EAr04r00         [16]  340 	ld	(#_playerXVelocity),a
    000000AB F8 06            [12]  341 	ldhl	sp,	#6
    000000AD 7E               [ 8]  342 	ld	a, (hl)
    000000AE EAr05r00         [16]  343 	ld	(#_playerXVelocity + 1),a
                                    344 ;src/player.c:169: if(!facingRight){
    000000B1 21r00r00         [12]  345 	ld	hl, #_facingRight
    000000B4 7E               [ 8]  346 	ld	a, (hl)
    000000B5 B7               [ 4]  347 	or	a, a
    000000B6 C2r82r01         [16]  348 	jp	NZ, 00135$
                                    349 ;src/player.c:170: facingRight=TRUE;
    000000B9 36 01            [12]  350 	ld	(hl), #0x01
    000000BB C3r82r01         [16]  351 	jp	00135$
    000000BE                        352 00134$:
                                    353 ;src/player.c:177: if(playerXVelocity>0){
    000000BE F8 07            [12]  354 	ldhl	sp,	#7
    000000C0 AF               [ 4]  355 	xor	a, a
    000000C1 96               [ 8]  356 	sub	a, (hl)
    000000C2 23               [ 8]  357 	inc	hl
    000000C3 3E 00            [ 8]  358 	ld	a, #0x00
    000000C5 9E               [ 8]  359 	sbc	a, (hl)
    000000C6 3E 00            [ 8]  360 	ld	a, #0x00
    000000C8 57               [ 4]  361 	ld	d, a
    000000C9 CB 7E            [12]  362 	bit	7, (hl)
    000000CB 28 07            [12]  363 	jr	Z, 00532$
    000000CD CB 7A            [ 8]  364 	bit	7, d
    000000CF 20 08            [12]  365 	jr	NZ, 00533$
    000000D1 BF               [ 4]  366 	cp	a, a
    000000D2 18 05            [12]  367 	jr	00533$
    000000D4                        368 00532$:
    000000D4 CB 7A            [ 8]  369 	bit	7, d
    000000D6 28 01            [12]  370 	jr	Z, 00533$
    000000D8 37               [ 4]  371 	scf
    000000D9                        372 00533$:
    000000D9 3E 00            [ 8]  373 	ld	a, #0x00
    000000DB 17               [ 4]  374 	rla
    000000DC F8 0C            [12]  375 	ldhl	sp,	#12
    000000DE 77               [ 8]  376 	ld	(hl), a
                                    377 ;src/player.c:180: playerXVelocity-=GROUND_FRICTION;
    000000DF F8 07            [12]  378 	ldhl	sp,#7
    000000E1 2A               [ 8]  379 	ld	a, (hl+)
    000000E2 5F               [ 4]  380 	ld	e, a
    000000E3 56               [ 8]  381 	ld	d, (hl)
    000000E4 21 0F 00         [12]  382 	ld	hl, #0x000f
    000000E7 7B               [ 4]  383 	ld	a, e
    000000E8 95               [ 4]  384 	sub	a, l
    000000E9 5F               [ 4]  385 	ld	e, a
    000000EA 7A               [ 4]  386 	ld	a, d
    000000EB 9C               [ 4]  387 	sbc	a, h
    000000EC 43               [ 4]  388 	ld	b, e
    000000ED F8 0D            [12]  389 	ldhl	sp,	#13
    000000EF 70               [ 8]  390 	ld	(hl), b
    000000F0 23               [ 8]  391 	inc	hl
    000000F1 77               [ 8]  392 	ld	(hl), a
                                    393 ;src/player.c:174: }else if(joypadCurrent &J_LEFT){
    000000F2 CB 49            [ 8]  394 	bit	1, c
    000000F4 28 55            [12]  395 	jr	Z, 00131$
                                    396 ;src/player.c:177: if(playerXVelocity>0){
    000000F6 F8 0C            [12]  397 	ldhl	sp,	#12
    000000F8 7E               [ 8]  398 	ld	a, (hl)
    000000F9 B7               [ 4]  399 	or	a, a
    000000FA 28 32            [12]  400 	jr	Z, 00117$
                                    401 ;src/player.c:180: playerXVelocity-=GROUND_FRICTION;
    000000FC 23               [ 8]  402 	inc	hl
    000000FD 7E               [ 8]  403 	ld	a, (hl)
    000000FE EAr04r00         [16]  404 	ld	(#_playerXVelocity),a
    00000101 F8 0E            [12]  405 	ldhl	sp,	#14
    00000103 7E               [ 8]  406 	ld	a, (hl)
    00000104 21r05r00         [12]  407 	ld	hl, #_playerXVelocity + 1
                                    408 ;src/player.c:183: if(playerXVelocity>0)turning=TRUE;
    00000107 32               [ 8]  409 	ld	(hl-), a
    00000108 2A               [ 8]  410 	ld	a, (hl+)
    00000109 4F               [ 4]  411 	ld	c, a
    0000010A 46               [ 8]  412 	ld	b, (hl)
    0000010B 58               [ 4]  413 	ld	e, b
    0000010C AF               [ 4]  414 	xor	a, a
    0000010D 57               [ 4]  415 	ld	d, a
    0000010E B9               [ 4]  416 	cp	a, c
    0000010F 98               [ 4]  417 	sbc	a, b
    00000110 CB 7B            [ 8]  418 	bit	7, e
    00000112 28 07            [12]  419 	jr	Z, 00535$
    00000114 CB 7A            [ 8]  420 	bit	7, d
    00000116 20 08            [12]  421 	jr	NZ, 00536$
    00000118 BF               [ 4]  422 	cp	a, a
    00000119 18 05            [12]  423 	jr	00536$
    0000011B                        424 00535$:
    0000011B CB 7A            [ 8]  425 	bit	7, d
    0000011D 28 01            [12]  426 	jr	Z, 00536$
    0000011F 37               [ 4]  427 	scf
    00000120                        428 00536$:
    00000120 30 06            [12]  429 	jr	NC, 00112$
    00000122 F8 03            [12]  430 	ldhl	sp,	#3
    00000124 36 01            [12]  431 	ld	(hl), #0x01
    00000126 18 5A            [12]  432 	jr	00135$
    00000128                        433 00112$:
                                    434 ;src/player.c:186: facingRight=FALSE;
    00000128 AF               [ 4]  435 	xor	a, a
    00000129 EAr00r00         [16]  436 	ld	(#_facingRight),a
    0000012C 18 54            [12]  437 	jr	00135$
    0000012E                        438 00117$:
                                    439 ;src/player.c:190: playerXVelocity=-moveSpeed;
    0000012E 11 00 00         [12]  440 	ld	de, #0x0000
    00000131 F8 05            [12]  441 	ldhl	sp,	#5
    00000133 2A               [ 8]  442 	ld	a,	(hl+)
    00000134 66               [ 8]  443 	ld	h, (hl)
    00000135 6F               [ 4]  444 	ld	l, a
    00000136 7B               [ 4]  445 	ld	a, e
    00000137 95               [ 4]  446 	sub	a, l
    00000138 5F               [ 4]  447 	ld	e, a
    00000139 7A               [ 4]  448 	ld	a, d
    0000013A 9C               [ 4]  449 	sbc	a, h
    0000013B 21r05r00         [12]  450 	ld	hl, #_playerXVelocity + 1
    0000013E 32               [ 8]  451 	ld	(hl-), a
    0000013F 73               [ 8]  452 	ld	(hl), e
                                    453 ;src/player.c:193: if(facingRight){
    00000140 21r00r00         [12]  454 	ld	hl, #_facingRight
    00000143 7E               [ 8]  455 	ld	a, (hl)
    00000144 B7               [ 4]  456 	or	a, a
    00000145 28 3B            [12]  457 	jr	Z, 00135$
                                    458 ;src/player.c:194: facingRight=FALSE;
    00000147 36 00            [12]  459 	ld	(hl), #0x00
    00000149 18 37            [12]  460 	jr	00135$
    0000014B                        461 00131$:
                                    462 ;src/player.c:203: if (playerXVelocity > 0) {
    0000014B F8 0C            [12]  463 	ldhl	sp,	#12
    0000014D 7E               [ 8]  464 	ld	a, (hl)
    0000014E B7               [ 4]  465 	or	a, a
    0000014F 28 20            [12]  466 	jr	Z, 00128$
                                    467 ;src/player.c:204: if (playerXVelocity >= GROUND_FRICTION) playerXVelocity -= GROUND_FRICTION;
    00000151 F8 07            [12]  468 	ldhl	sp,	#7
    00000153 2A               [ 8]  469 	ld	a, (hl+)
    00000154 D6 0F            [ 8]  470 	sub	a, #0x0f
    00000156 7E               [ 8]  471 	ld	a, (hl)
    00000157 DE 00            [ 8]  472 	sbc	a, #0x00
    00000159 38 0E            [12]  473 	jr	C, 00120$
    0000015B F8 0D            [12]  474 	ldhl	sp,	#13
    0000015D 7E               [ 8]  475 	ld	a, (hl)
    0000015E EAr04r00         [16]  476 	ld	(#_playerXVelocity),a
    00000161 F8 0E            [12]  477 	ldhl	sp,	#14
    00000163 7E               [ 8]  478 	ld	a, (hl)
    00000164 EAr05r00         [16]  479 	ld	(#_playerXVelocity + 1),a
    00000167 18 19            [12]  480 	jr	00135$
    00000169                        481 00120$:
                                    482 ;src/player.c:205: else playerXVelocity=0;
    00000169 AF               [ 4]  483 	xor	a, a
    0000016A 21r04r00         [12]  484 	ld	hl, #_playerXVelocity
    0000016D 22               [ 8]  485 	ld	(hl+), a
    0000016E 77               [ 8]  486 	ld	(hl), a
    0000016F 18 11            [12]  487 	jr	00135$
    00000171                        488 00128$:
                                    489 ;src/player.c:207: else if (playerXVelocity < 0) {
    00000171 F8 09            [12]  490 	ldhl	sp,	#9
    00000173 7E               [ 8]  491 	ld	a, (hl)
    00000174 B7               [ 4]  492 	or	a, a
    00000175 28 0B            [12]  493 	jr	Z, 00135$
                                    494 ;src/player.c:208: if (playerXVelocity <= GROUND_FRICTION) playerXVelocity += GROUND_FRICTION;
    00000177 23               [ 8]  495 	inc	hl
    00000178 7E               [ 8]  496 	ld	a, (hl)
    00000179 EAr04r00         [16]  497 	ld	(#_playerXVelocity),a
    0000017C F8 0B            [12]  498 	ldhl	sp,	#11
    0000017E 7E               [ 8]  499 	ld	a, (hl)
    0000017F EAr05r00         [16]  500 	ld	(#_playerXVelocity + 1),a
                                    501 ;src/player.c:209: else playerXVelocity=0;
    00000182                        502 00135$:
                                    503 ;src/player.c:213: uint16_t playerRealX = playerX>>4;
    00000182 21r00r00         [12]  504 	ld	hl, #_playerX
    00000185 2A               [ 8]  505 	ld	a, (hl+)
    00000186 5F               [ 4]  506 	ld	e, a
    00000187 56               [ 8]  507 	ld	d, (hl)
    00000188 CB 3A            [ 8]  508 	srl	d
    0000018A CB 1B            [ 8]  509 	rr	e
    0000018C CB 3A            [ 8]  510 	srl	d
    0000018E CB 1B            [ 8]  511 	rr	e
    00000190 CB 3A            [ 8]  512 	srl	d
    00000192 CB 1B            [ 8]  513 	rr	e
    00000194 CB 3A            [ 8]  514 	srl	d
    00000196 CB 1B            [ 8]  515 	rr	e
                                    516 ;src/player.c:214: uint16_t playerRealY = playerY>>4;
    00000198 FAr02r00         [16]  517 	ld	a, (#_playerY)
    0000019B F8 04            [12]  518 	ldhl	sp,	#4
    0000019D 77               [ 8]  519 	ld	(hl), a
    0000019E FAr03r00         [16]  520 	ld	a, (#_playerY + 1)
    000001A1 F8 05            [12]  521 	ldhl	sp,	#5
    000001A3 77               [ 8]  522 	ld	(hl), a
    000001A4 CB 3E            [16]  523 	srl	(hl)
    000001A6 2B               [ 8]  524 	dec	hl
    000001A7 CB 1E            [16]  525 	rr	(hl)
    000001A9 23               [ 8]  526 	inc	hl
    000001AA CB 3E            [16]  527 	srl	(hl)
    000001AC 2B               [ 8]  528 	dec	hl
    000001AD CB 1E            [16]  529 	rr	(hl)
    000001AF 23               [ 8]  530 	inc	hl
    000001B0 CB 3E            [16]  531 	srl	(hl)
    000001B2 2B               [ 8]  532 	dec	hl
    000001B3 CB 1E            [16]  533 	rr	(hl)
    000001B5 23               [ 8]  534 	inc	hl
    000001B6 CB 3E            [16]  535 	srl	(hl)
    000001B8 2B               [ 8]  536 	dec	hl
    000001B9 CB 1E            [16]  537 	rr	(hl)
                                    538 ;src/player.c:216: uint8_t grounded = FALSE;
    000001BB 23               [ 8]  539 	inc	hl
    000001BC 23               [ 8]  540 	inc	hl
                                    541 ;src/player.c:223: if(playerRealY<DEVICE_SCREEN_PX_HEIGHT){
    000001BD AF               [ 4]  542 	xor	a, a
    000001BE 32               [ 8]  543 	ld	(hl-), a
    000001BF 2B               [ 8]  544 	dec	hl
    000001C0 2A               [ 8]  545 	ld	a, (hl+)
    000001C1 D6 90            [ 8]  546 	sub	a, #0x90
    000001C3 7E               [ 8]  547 	ld	a, (hl)
    000001C4 DE 00            [ 8]  548 	sbc	a, #0x00
    000001C6 30 47            [12]  549 	jr	NC, 00140$
                                    550 ;src/player.c:226: while(IsTileSolid(playerRealX,playerRealY+PLAYER_CHARACTER_BOUNDING_BOX_HEIGHT-1)){
    000001C8                        551 00136$:
    000001C8 F8 04            [12]  552 	ldhl	sp,	#4
    000001CA 2A               [ 8]  553 	ld	a, (hl+)
    000001CB 4F               [ 4]  554 	ld	c, a
    000001CC 46               [ 8]  555 	ld	b, (hl)
    000001CD 21 17 00         [12]  556 	ld	hl, #0x0017
    000001D0 09               [ 8]  557 	add	hl, bc
    000001D1 4D               [ 4]  558 	ld	c, l
    000001D2 44               [ 4]  559 	ld	b, h
    000001D3 D5               [16]  560 	push	de
    000001D4 CDr00r00         [24]  561 	call	_IsTileSolid
    000001D7 D1               [12]  562 	pop	de
    000001D8 B7               [ 4]  563 	or	a, a
    000001D9 28 34            [12]  564 	jr	Z, 00140$
                                    565 ;src/player.c:227: playerY-=16;
    000001DB FAr02r00         [16]  566 	ld	a, (_playerY)
    000001DE 21r03r00         [12]  567 	ld	hl, #_playerY + 1
    000001E1 46               [ 8]  568 	ld	b, (hl)
    000001E2 2B               [ 8]  569 	dec	hl
    000001E3 C6 F0            [ 8]  570 	add	a, #0xf0
    000001E5 4F               [ 4]  571 	ld	c, a
    000001E6 78               [ 4]  572 	ld	a, b
    000001E7 CE FF            [ 8]  573 	adc	a, #0xff
    000001E9 71               [ 8]  574 	ld	(hl), c
    000001EA 23               [ 8]  575 	inc	hl
                                    576 ;src/player.c:228: playerRealY = playerY>>4;
    000001EB 32               [ 8]  577 	ld	(hl-), a
    000001EC 7E               [ 8]  578 	ld	a, (hl)
    000001ED F8 04            [12]  579 	ldhl	sp,	#4
    000001EF 77               [ 8]  580 	ld	(hl), a
    000001F0 FAr03r00         [16]  581 	ld	a, (#_playerY + 1)
    000001F3 F8 05            [12]  582 	ldhl	sp,	#5
    000001F5 77               [ 8]  583 	ld	(hl), a
    000001F6 CB 3E            [16]  584 	srl	(hl)
    000001F8 2B               [ 8]  585 	dec	hl
    000001F9 CB 1E            [16]  586 	rr	(hl)
    000001FB 23               [ 8]  587 	inc	hl
    000001FC CB 3E            [16]  588 	srl	(hl)
    000001FE 2B               [ 8]  589 	dec	hl
    000001FF CB 1E            [16]  590 	rr	(hl)
    00000201 23               [ 8]  591 	inc	hl
    00000202 CB 3E            [16]  592 	srl	(hl)
    00000204 2B               [ 8]  593 	dec	hl
    00000205 CB 1E            [16]  594 	rr	(hl)
    00000207 23               [ 8]  595 	inc	hl
    00000208 CB 3E            [16]  596 	srl	(hl)
    0000020A 2B               [ 8]  597 	dec	hl
    0000020B CB 1E            [16]  598 	rr	(hl)
    0000020D 18 B9            [12]  599 	jr	00136$
    0000020F                        600 00140$:
                                    601 ;src/player.c:226: while(IsTileSolid(playerRealX,playerRealY+PLAYER_CHARACTER_BOUNDING_BOX_HEIGHT-1)){
    0000020F F8 04            [12]  602 	ldhl	sp,	#4
    00000211 7E               [ 8]  603 	ld	a, (hl)
    00000212 F8 07            [12]  604 	ldhl	sp,	#7
    00000214 32               [ 8]  605 	ld	(hl-), a
    00000215 2B               [ 8]  606 	dec	hl
    00000216 7E               [ 8]  607 	ld	a, (hl)
    00000217 F8 08            [12]  608 	ldhl	sp,	#8
    00000219 77               [ 8]  609 	ld	(hl), a
                                    610 ;src/player.c:249: if(IsTileSolid(playerRealX+PLAYER_CHARACTER_BOUNDING_BOX_HALF_WIDTH,playerRealY+2)||IsTileSolid(playerRealX+PLAYER_CHARACTER_BOUNDING_BOX_HALF_WIDTH,playerRealY+PLAYER_CHARACTER_BOUNDING_BOX_HALF_HEIGHT)||IsTileSolid(playerRealX+PLAYER_CHARACTER_BOUNDING_BOX_HALF_WIDTH,playerRealY+(PLAYER_CHARACTER_BOUNDING_BOX_HEIGHT-2)))playerXVelocity=0;
    0000021A F8 0B            [12]  611 	ldhl	sp,	#11
    0000021C 7B               [ 4]  612 	ld	a, e
    0000021D 22               [ 8]  613 	ld	(hl+), a
    0000021E 72               [ 8]  614 	ld	(hl), d
                                    615 ;src/player.c:242: if(playerXVelocity!=0){
    0000021F 21r05r00         [12]  616 	ld	hl, #_playerXVelocity + 1
    00000222 3A               [ 8]  617 	ld	a, (hl-)
    00000223 B6               [ 8]  618 	or	a, (hl)
    00000224 CArF7r02         [16]  619 	jp	Z, 00155$
                                    620 ;src/player.c:245: if(playerXVelocity>0){
    00000227 7E               [ 8]  621 	ld	a, (hl)
    00000228 F8 0D            [12]  622 	ldhl	sp,	#13
    0000022A 77               [ 8]  623 	ld	(hl), a
    0000022B FAr05r00         [16]  624 	ld	a, (#_playerXVelocity + 1)
    0000022E F8 0E            [12]  625 	ldhl	sp,	#14
    00000230 77               [ 8]  626 	ld	(hl), a
                                    627 ;src/player.c:249: if(IsTileSolid(playerRealX+PLAYER_CHARACTER_BOUNDING_BOX_HALF_WIDTH,playerRealY+2)||IsTileSolid(playerRealX+PLAYER_CHARACTER_BOUNDING_BOX_HALF_WIDTH,playerRealY+PLAYER_CHARACTER_BOUNDING_BOX_HALF_HEIGHT)||IsTileSolid(playerRealX+PLAYER_CHARACTER_BOUNDING_BOX_HALF_WIDTH,playerRealY+(PLAYER_CHARACTER_BOUNDING_BOX_HEIGHT-2)))playerXVelocity=0;
    00000231 F8 07            [12]  628 	ldhl	sp,	#7
    00000233 2A               [ 8]  629 	ld	a, (hl+)
    00000234 4F               [ 4]  630 	ld	c, a
    00000235 3A               [ 8]  631 	ld	a, (hl-)
    00000236 47               [ 4]  632 	ld	b, a
    00000237 03               [ 8]  633 	inc	bc
    00000238 03               [ 8]  634 	inc	bc
    00000239 2A               [ 8]  635 	ld	a, (hl+)
    0000023A 5F               [ 4]  636 	ld	e, a
    0000023B 56               [ 8]  637 	ld	d, (hl)
    0000023C 21 0C 00         [12]  638 	ld	hl, #0x000c
    0000023F 19               [ 8]  639 	add	hl, de
    00000240 E5               [16]  640 	push	hl
    00000241 7D               [ 4]  641 	ld	a, l
    00000242 F8 0B            [12]  642 	ldhl	sp,	#11
    00000244 77               [ 8]  643 	ld	(hl), a
    00000245 E1               [12]  644 	pop	hl
    00000246 7C               [ 4]  645 	ld	a, h
    00000247 F8 0A            [12]  646 	ldhl	sp,	#10
    00000249 32               [ 8]  647 	ld	(hl-), a
    0000024A 2B               [ 8]  648 	dec	hl
    0000024B 2B               [ 8]  649 	dec	hl
    0000024C 2A               [ 8]  650 	ld	a, (hl+)
    0000024D 5F               [ 4]  651 	ld	e, a
    0000024E 56               [ 8]  652 	ld	d, (hl)
    0000024F 21 16 00         [12]  653 	ld	hl, #0x0016
    00000252 19               [ 8]  654 	add	hl, de
    00000253 5D               [ 4]  655 	ld	e, l
    00000254 54               [ 4]  656 	ld	d, h
    00000255 F8 09            [12]  657 	ldhl	sp,	#9
    00000257 7E               [ 8]  658 	ld	a, (hl)
    00000258 F8 00            [12]  659 	ldhl	sp,	#0
    0000025A 77               [ 8]  660 	ld	(hl), a
    0000025B F8 0A            [12]  661 	ldhl	sp,	#10
    0000025D 7E               [ 8]  662 	ld	a, (hl)
    0000025E F8 01            [12]  663 	ldhl	sp,	#1
    00000260 77               [ 8]  664 	ld	(hl), a
    00000261 F8 09            [12]  665 	ldhl	sp,	#9
    00000263 7B               [ 4]  666 	ld	a, e
    00000264 22               [ 8]  667 	ld	(hl+), a
    00000265 72               [ 8]  668 	ld	(hl), d
                                    669 ;src/player.c:245: if(playerXVelocity>0){
    00000266 F8 0D            [12]  670 	ldhl	sp,	#13
    00000268 AF               [ 4]  671 	xor	a, a
    00000269 96               [ 8]  672 	sub	a, (hl)
    0000026A 23               [ 8]  673 	inc	hl
    0000026B 3E 00            [ 8]  674 	ld	a, #0x00
    0000026D 9E               [ 8]  675 	sbc	a, (hl)
    0000026E 3E 00            [ 8]  676 	ld	a, #0x00
    00000270 57               [ 4]  677 	ld	d, a
    00000271 CB 7E            [12]  678 	bit	7, (hl)
    00000273 28 07            [12]  679 	jr	Z, 00537$
    00000275 CB 7A            [ 8]  680 	bit	7, d
    00000277 20 08            [12]  681 	jr	NZ, 00538$
    00000279 BF               [ 4]  682 	cp	a, a
    0000027A 18 05            [12]  683 	jr	00538$
    0000027C                        684 00537$:
    0000027C CB 7A            [ 8]  685 	bit	7, d
    0000027E 28 01            [12]  686 	jr	Z, 00538$
    00000280 37               [ 4]  687 	scf
    00000281                        688 00538$:
    00000281 30 33            [12]  689 	jr	NC, 00152$
                                    690 ;src/player.c:249: if(IsTileSolid(playerRealX+PLAYER_CHARACTER_BOUNDING_BOX_HALF_WIDTH,playerRealY+2)||IsTileSolid(playerRealX+PLAYER_CHARACTER_BOUNDING_BOX_HALF_WIDTH,playerRealY+PLAYER_CHARACTER_BOUNDING_BOX_HALF_HEIGHT)||IsTileSolid(playerRealX+PLAYER_CHARACTER_BOUNDING_BOX_HALF_WIDTH,playerRealY+(PLAYER_CHARACTER_BOUNDING_BOX_HEIGHT-2)))playerXVelocity=0;
    00000283 F8 0B            [12]  691 	ldhl	sp,#11
    00000285 2A               [ 8]  692 	ld	a, (hl+)
    00000286 5F               [ 4]  693 	ld	e, a
    00000287 56               [ 8]  694 	ld	d, (hl)
    00000288 21 05 00         [12]  695 	ld	hl, #0x0005
    0000028B 19               [ 8]  696 	add	hl, de
    0000028C 5D               [ 4]  697 	ld	e, l
    0000028D 54               [ 4]  698 	ld	d, h
    0000028E D5               [16]  699 	push	de
    0000028F CDr00r00         [24]  700 	call	_IsTileSolid
    00000292 D1               [12]  701 	pop	de
    00000293 B7               [ 4]  702 	or	a, a
    00000294 20 18            [12]  703 	jr	NZ, 00141$
    00000296 D5               [16]  704 	push	de
    00000297 F8 02            [12]  705 	ldhl	sp,	#2
    00000299 2A               [ 8]  706 	ld	a, (hl+)
    0000029A 4F               [ 4]  707 	ld	c, a
    0000029B 46               [ 8]  708 	ld	b, (hl)
    0000029C CDr00r00         [24]  709 	call	_IsTileSolid
    0000029F D1               [12]  710 	pop	de
    000002A0 B7               [ 4]  711 	or	a, a
    000002A1 20 0B            [12]  712 	jr	NZ, 00141$
    000002A3 F8 09            [12]  713 	ldhl	sp,	#9
    000002A5 2A               [ 8]  714 	ld	a, (hl+)
    000002A6 4F               [ 4]  715 	ld	c, a
    000002A7 46               [ 8]  716 	ld	b, (hl)
    000002A8 CDr00r00         [24]  717 	call	_IsTileSolid
    000002AB B7               [ 4]  718 	or	a, a
    000002AC 28 49            [12]  719 	jr	Z, 00155$
    000002AE                        720 00141$:
    000002AE AF               [ 4]  721 	xor	a, a
    000002AF 21r04r00         [12]  722 	ld	hl, #_playerXVelocity
    000002B2 22               [ 8]  723 	ld	(hl+), a
    000002B3 77               [ 8]  724 	ld	(hl), a
    000002B4 18 41            [12]  725 	jr	00155$
    000002B6                        726 00152$:
                                    727 ;src/player.c:252: }else if(playerXVelocity<0){
    000002B6 F8 0E            [12]  728 	ldhl	sp,	#14
    000002B8 CB 7E            [12]  729 	bit	7, (hl)
    000002BA 28 3B            [12]  730 	jr	Z, 00155$
                                    731 ;src/player.c:256: if(IsTileSolid(playerRealX-PLAYER_CHARACTER_BOUNDING_BOX_HALF_WIDTH,playerRealY+2)||IsTileSolid(playerRealX-PLAYER_CHARACTER_BOUNDING_BOX_HALF_WIDTH,playerRealY+PLAYER_CHARACTER_BOUNDING_BOX_HALF_HEIGHT)||IsTileSolid(playerRealX-PLAYER_CHARACTER_BOUNDING_BOX_HALF_WIDTH,playerRealY+(PLAYER_CHARACTER_BOUNDING_BOX_HEIGHT-2)))playerXVelocity=0;
    000002BC 2B               [ 8]  732 	dec	hl
    000002BD 2B               [ 8]  733 	dec	hl
    000002BE 2B               [ 8]  734 	dec	hl
    000002BF 2A               [ 8]  735 	ld	a, (hl+)
    000002C0 5F               [ 4]  736 	ld	e, a
    000002C1 56               [ 8]  737 	ld	d, (hl)
    000002C2 21 05 00         [12]  738 	ld	hl, #0x0005
    000002C5 7B               [ 4]  739 	ld	a, e
    000002C6 95               [ 4]  740 	sub	a, l
    000002C7 5F               [ 4]  741 	ld	e, a
    000002C8 7A               [ 4]  742 	ld	a, d
    000002C9 9C               [ 4]  743 	sbc	a, h
    000002CA F8 0E            [12]  744 	ldhl	sp,	#14
    000002CC 32               [ 8]  745 	ld	(hl-), a
    000002CD 73               [ 8]  746 	ld	(hl), e
    000002CE 2A               [ 8]  747 	ld	a, (hl+)
    000002CF 5F               [ 4]  748 	ld	e, a
    000002D0 56               [ 8]  749 	ld	d, (hl)
    000002D1 D5               [16]  750 	push	de
    000002D2 CDr00r00         [24]  751 	call	_IsTileSolid
    000002D5 D1               [12]  752 	pop	de
    000002D6 B7               [ 4]  753 	or	a, a
    000002D7 20 18            [12]  754 	jr	NZ, 00145$
    000002D9 D5               [16]  755 	push	de
    000002DA F8 02            [12]  756 	ldhl	sp,	#2
    000002DC 2A               [ 8]  757 	ld	a, (hl+)
    000002DD 4F               [ 4]  758 	ld	c, a
    000002DE 46               [ 8]  759 	ld	b, (hl)
    000002DF CDr00r00         [24]  760 	call	_IsTileSolid
    000002E2 D1               [12]  761 	pop	de
    000002E3 B7               [ 4]  762 	or	a, a
    000002E4 20 0B            [12]  763 	jr	NZ, 00145$
    000002E6 F8 09            [12]  764 	ldhl	sp,	#9
    000002E8 2A               [ 8]  765 	ld	a, (hl+)
    000002E9 4F               [ 4]  766 	ld	c, a
    000002EA 46               [ 8]  767 	ld	b, (hl)
    000002EB CDr00r00         [24]  768 	call	_IsTileSolid
    000002EE B7               [ 4]  769 	or	a, a
    000002EF 28 06            [12]  770 	jr	Z, 00155$
    000002F1                        771 00145$:
    000002F1 AF               [ 4]  772 	xor	a, a
    000002F2 21r04r00         [12]  773 	ld	hl, #_playerXVelocity
    000002F5 22               [ 8]  774 	ld	(hl+), a
    000002F6 77               [ 8]  775 	ld	(hl), a
    000002F7                        776 00155$:
                                    777 ;src/player.c:261: if(playerYVelocity>=0){
    000002F7 FAr06r00         [16]  778 	ld	a, (#_playerYVelocity)
    000002FA F8 09            [12]  779 	ldhl	sp,	#9
    000002FC 77               [ 8]  780 	ld	(hl), a
    000002FD FAr07r00         [16]  781 	ld	a, (#_playerYVelocity + 1)
    00000300 F8 0A            [12]  782 	ldhl	sp,	#10
                                    783 ;src/player.c:265: if(IsTileSolid(playerRealX+(PLAYER_CHARACTER_BOUNDING_BOX_HALF_WIDTH-2),playerRealY+PLAYER_CHARACTER_BOUNDING_BOX_HEIGHT)||IsTileSolid(playerRealX-(PLAYER_CHARACTER_BOUNDING_BOX_HALF_WIDTH-2),playerRealY+PLAYER_CHARACTER_BOUNDING_BOX_HEIGHT)){
    00000302 22               [ 8]  784 	ld	(hl+), a
    00000303 2A               [ 8]  785 	ld	a, (hl+)
    00000304 4F               [ 4]  786 	ld	c, a
    00000305 3A               [ 8]  787 	ld	a, (hl-)
    00000306 47               [ 4]  788 	ld	b, a
    00000307 03               [ 8]  789 	inc	bc
    00000308 03               [ 8]  790 	inc	bc
    00000309 03               [ 8]  791 	inc	bc
    0000030A 2A               [ 8]  792 	ld	a, (hl+)
    0000030B 5F               [ 4]  793 	ld	e, a
    0000030C 56               [ 8]  794 	ld	d, (hl)
    0000030D 21 03 00         [12]  795 	ld	hl, #0x0003
    00000310 7B               [ 4]  796 	ld	a, e
    00000311 95               [ 4]  797 	sub	a, l
    00000312 5F               [ 4]  798 	ld	e, a
    00000313 7A               [ 4]  799 	ld	a, d
    00000314 9C               [ 4]  800 	sbc	a, h
    00000315 F8 0E            [12]  801 	ldhl	sp,	#14
    00000317 32               [ 8]  802 	ld	(hl-), a
    00000318 7B               [ 4]  803 	ld	a, e
    00000319 32               [ 8]  804 	ld	(hl-), a
    0000031A 2B               [ 8]  805 	dec	hl
    0000031B 79               [ 4]  806 	ld	a, c
    0000031C 22               [ 8]  807 	ld	(hl+), a
                                    808 ;src/player.c:261: if(playerYVelocity>=0){
    0000031D 78               [ 4]  809 	ld	a, b
    0000031E 32               [ 8]  810 	ld	(hl-), a
    0000031F 2B               [ 8]  811 	dec	hl
    00000320 CB 7E            [12]  812 	bit	7, (hl)
    00000322 20 30            [12]  813 	jr	NZ, 00160$
                                    814 ;src/player.c:265: if(IsTileSolid(playerRealX+(PLAYER_CHARACTER_BOUNDING_BOX_HALF_WIDTH-2),playerRealY+PLAYER_CHARACTER_BOUNDING_BOX_HEIGHT)||IsTileSolid(playerRealX-(PLAYER_CHARACTER_BOUNDING_BOX_HALF_WIDTH-2),playerRealY+PLAYER_CHARACTER_BOUNDING_BOX_HEIGHT)){
    00000324 2B               [ 8]  815 	dec	hl
    00000325 2B               [ 8]  816 	dec	hl
    00000326 2B               [ 8]  817 	dec	hl
    00000327 2A               [ 8]  818 	ld	a, (hl+)
    00000328 5F               [ 4]  819 	ld	e, a
    00000329 56               [ 8]  820 	ld	d, (hl)
    0000032A 21 18 00         [12]  821 	ld	hl, #0x0018
    0000032D 19               [ 8]  822 	add	hl, de
    0000032E 4D               [ 4]  823 	ld	c, l
    0000032F 44               [ 4]  824 	ld	b, h
    00000330 C5               [16]  825 	push	bc
    00000331 F8 0D            [12]  826 	ldhl	sp,	#13
    00000333 2A               [ 8]  827 	ld	a, (hl+)
    00000334 5F               [ 4]  828 	ld	e, a
    00000335 56               [ 8]  829 	ld	d, (hl)
    00000336 CDr00r00         [24]  830 	call	_IsTileSolid
    00000339 C1               [12]  831 	pop	bc
    0000033A B7               [ 4]  832 	or	a, a
    0000033B 20 0B            [12]  833 	jr	NZ, 00156$
    0000033D F8 0D            [12]  834 	ldhl	sp,	#13
    0000033F 2A               [ 8]  835 	ld	a, (hl+)
    00000340 5F               [ 4]  836 	ld	e, a
    00000341 56               [ 8]  837 	ld	d, (hl)
    00000342 CDr00r00         [24]  838 	call	_IsTileSolid
    00000345 B7               [ 4]  839 	or	a, a
    00000346 28 66            [12]  840 	jr	Z, 00167$
    00000348                        841 00156$:
                                    842 ;src/player.c:266: playerYVelocity=0;
    00000348 AF               [ 4]  843 	xor	a, a
    00000349 21r06r00         [12]  844 	ld	hl, #_playerYVelocity
    0000034C 22               [ 8]  845 	ld	(hl+), a
    0000034D 77               [ 8]  846 	ld	(hl), a
                                    847 ;src/player.c:267: grounded=TRUE;
    0000034E F8 06            [12]  848 	ldhl	sp,	#6
    00000350 36 01            [12]  849 	ld	(hl), #0x01
    00000352 18 5A            [12]  850 	jr	00167$
                                    851 ;src/player.c:277: while(IsTileSolid(playerRealX+(PLAYER_CHARACTER_BOUNDING_BOX_HALF_WIDTH-2),playerRealY)||IsTileSolid(playerRealX-(PLAYER_CHARACTER_BOUNDING_BOX_HALF_WIDTH-2),playerRealY)){
    00000354                        852 00160$:
    00000354 F8 04            [12]  853 	ldhl	sp,	#4
    00000356 2A               [ 8]  854 	ld	a, (hl+)
    00000357 4F               [ 4]  855 	ld	c, a
    00000358 46               [ 8]  856 	ld	b, (hl)
    00000359 F8 0B            [12]  857 	ldhl	sp,	#11
    0000035B 2A               [ 8]  858 	ld	a, (hl+)
    0000035C 5F               [ 4]  859 	ld	e, a
    0000035D 56               [ 8]  860 	ld	d, (hl)
    0000035E CDr00r00         [24]  861 	call	_IsTileSolid
    00000361 B7               [ 4]  862 	or	a, a
    00000362 20 10            [12]  863 	jr	NZ, 00161$
    00000364 F8 04            [12]  864 	ldhl	sp,	#4
    00000366 2A               [ 8]  865 	ld	a, (hl+)
    00000367 4F               [ 4]  866 	ld	c, a
    00000368 46               [ 8]  867 	ld	b, (hl)
    00000369 F8 0D            [12]  868 	ldhl	sp,	#13
    0000036B 2A               [ 8]  869 	ld	a, (hl+)
    0000036C 5F               [ 4]  870 	ld	e, a
    0000036D 56               [ 8]  871 	ld	d, (hl)
    0000036E CDr00r00         [24]  872 	call	_IsTileSolid
    00000371 B7               [ 4]  873 	or	a, a
    00000372 28 3A            [12]  874 	jr	Z, 00167$
    00000374                        875 00161$:
                                    876 ;src/player.c:278: playerYVelocity=0;
    00000374 AF               [ 4]  877 	xor	a, a
    00000375 21r06r00         [12]  878 	ld	hl, #_playerYVelocity
    00000378 22               [ 8]  879 	ld	(hl+), a
    00000379 77               [ 8]  880 	ld	(hl), a
                                    881 ;src/player.c:279: playerY+=16;
    0000037A FAr02r00         [16]  882 	ld	a, (_playerY)
    0000037D 21r03r00         [12]  883 	ld	hl, #_playerY + 1
    00000380 46               [ 8]  884 	ld	b, (hl)
    00000381 2B               [ 8]  885 	dec	hl
    00000382 C6 10            [ 8]  886 	add	a, #0x10
    00000384 4F               [ 4]  887 	ld	c, a
    00000385 78               [ 4]  888 	ld	a, b
    00000386 CE 00            [ 8]  889 	adc	a, #0x00
    00000388 71               [ 8]  890 	ld	(hl), c
    00000389 23               [ 8]  891 	inc	hl
                                    892 ;src/player.c:280: playerRealY = playerY>>4;
    0000038A 32               [ 8]  893 	ld	(hl-), a
    0000038B 7E               [ 8]  894 	ld	a, (hl)
    0000038C F8 04            [12]  895 	ldhl	sp,	#4
    0000038E 77               [ 8]  896 	ld	(hl), a
    0000038F FAr03r00         [16]  897 	ld	a, (#_playerY + 1)
    00000392 F8 05            [12]  898 	ldhl	sp,	#5
    00000394 77               [ 8]  899 	ld	(hl), a
    00000395 CB 3E            [16]  900 	srl	(hl)
    00000397 2B               [ 8]  901 	dec	hl
    00000398 CB 1E            [16]  902 	rr	(hl)
    0000039A 23               [ 8]  903 	inc	hl
    0000039B CB 3E            [16]  904 	srl	(hl)
    0000039D 2B               [ 8]  905 	dec	hl
    0000039E CB 1E            [16]  906 	rr	(hl)
    000003A0 23               [ 8]  907 	inc	hl
    000003A1 CB 3E            [16]  908 	srl	(hl)
    000003A3 2B               [ 8]  909 	dec	hl
    000003A4 CB 1E            [16]  910 	rr	(hl)
    000003A6 23               [ 8]  911 	inc	hl
    000003A7 CB 3E            [16]  912 	srl	(hl)
    000003A9 2B               [ 8]  913 	dec	hl
    000003AA CB 1E            [16]  914 	rr	(hl)
    000003AC 18 A6            [12]  915 	jr	00160$
    000003AE                        916 00167$:
                                    917 ;src/player.c:286: uint8_t pressedA = (joypadCurrent & J_A && !(joypadPrevious & J_A));
    000003AE FAr00r00         [16]  918 	ld	a, (#_joypadCurrent)
    000003B1 CB 37            [ 8]  919 	swap	a
    000003B3 E6 01            [ 8]  920 	and	a, #0x01
    000003B5 28 09            [12]  921 	jr	Z, 00195$
    000003B7 FAr00r00         [16]  922 	ld	a, (#_joypadPrevious)
    000003BA CB 37            [ 8]  923 	swap	a
    000003BC E6 01            [ 8]  924 	and	a, #0x01
    000003BE 28 04            [12]  925 	jr	Z, 00196$
    000003C0                        926 00195$:
    000003C0 0E 00            [ 8]  927 	ld	c, #0x00
    000003C2 18 02            [12]  928 	jr	00197$
    000003C4                        929 00196$:
    000003C4 0E 01            [ 8]  930 	ld	c, #0x01
    000003C6                        931 00197$:
                                    932 ;src/player.c:287: uint8_t pressedUp = (joypadCurrent & J_UP && !(joypadPrevious & J_UP));
    000003C6 FAr00r00         [16]  933 	ld	a, (#_joypadCurrent)
    000003C9 0F               [ 4]  934 	rrca
    000003CA 0F               [ 4]  935 	rrca
    000003CB E6 01            [ 8]  936 	and	a, #0x01
    000003CD 28 09            [12]  937 	jr	Z, 00198$
    000003CF FAr00r00         [16]  938 	ld	a, (#_joypadPrevious)
    000003D2 0F               [ 4]  939 	rrca
    000003D3 0F               [ 4]  940 	rrca
    000003D4 E6 01            [ 8]  941 	and	a, #0x01
    000003D6 28 03            [12]  942 	jr	Z, 00199$
    000003D8                        943 00198$:
    000003D8 AF               [ 4]  944 	xor	a, a
    000003D9 18 02            [12]  945 	jr	00200$
    000003DB                        946 00199$:
    000003DB 3E 01            [ 8]  947 	ld	a, #0x01
    000003DD                        948 00200$:
                                    949 ;src/player.c:288: uint8_t pressedAOrUp = pressedA||pressedUp;
    000003DD 0C               [ 4]  950 	inc	c
    000003DE 0D               [ 4]  951 	dec	c
    000003DF 20 06            [12]  952 	jr	NZ, 00202$
    000003E1 B7               [ 4]  953 	or	a, a
    000003E2 20 03            [12]  954 	jr	NZ, 00202$
    000003E4 4F               [ 4]  955 	ld	c, a
    000003E5 18 02            [12]  956 	jr	00203$
    000003E7                        957 00202$:
    000003E7 0E 01            [ 8]  958 	ld	c, #0x01
    000003E9                        959 00203$:
                                    960 ;src/player.c:291: if(grounded && pressedAOrUp){
    000003E9 F8 06            [12]  961 	ldhl	sp,	#6
    000003EB 7E               [ 8]  962 	ld	a, (hl)
    000003EC B7               [ 4]  963 	or	a, a
    000003ED 28 11            [12]  964 	jr	Z, 00169$
    000003EF 79               [ 4]  965 	ld	a, c
    000003F0 B7               [ 4]  966 	or	a, a
    000003F1 28 0D            [12]  967 	jr	Z, 00169$
                                    968 ;src/player.c:292: playerYVelocity=-PLAYER_CHARACTER_JUMP_VELOCITY;
    000003F3 21r06r00         [12]  969 	ld	hl, #_playerYVelocity
    000003F6 3E DA            [ 8]  970 	ld	a, #0xda
    000003F8 22               [ 8]  971 	ld	(hl+), a
    000003F9 36 FD            [12]  972 	ld	(hl), #0xfd
                                    973 ;src/player.c:293: playerJumpIncrease=PLAYER_CHARACTER_INCREASE_JUMP_TIMER_MAX;
    000003FB 21r01r00         [12]  974 	ld	hl, #_playerJumpIncrease
    000003FE 36 14            [12]  975 	ld	(hl), #0x14
    00000400                        976 00169$:
                                    977 ;src/player.c:261: if(playerYVelocity>=0){
    00000400 FAr06r00         [16]  978 	ld	a, (_playerYVelocity)
    00000403 4F               [ 4]  979 	ld	c, a
    00000404 21r07r00         [12]  980 	ld	hl, #_playerYVelocity + 1
    00000407 46               [ 8]  981 	ld	b, (hl)
                                    982 ;src/player.c:297: if(!grounded){
    00000408 F8 06            [12]  983 	ldhl	sp,	#6
    0000040A 7E               [ 8]  984 	ld	a, (hl)
    0000040B B7               [ 4]  985 	or	a, a
    0000040C 20 2B            [12]  986 	jr	NZ, 00180$
                                    987 ;src/player.c:300: if(playerJumpIncrease>0)playerJumpIncrease--;
    0000040E 21r01r00         [12]  988 	ld	hl, #_playerJumpIncrease
    00000411 7E               [ 8]  989 	ld	a, (hl)
    00000412 B7               [ 4]  990 	or	a, a
    00000413 28 01            [12]  991 	jr	Z, 00172$
    00000415 35               [12]  992 	dec	(hl)
    00000416                        993 00172$:
                                    994 ;src/player.c:139: int16_t moveSpeed = (joypadCurrent & J_B) ?PLAYER_CHARACTER_RUN_VELOCITY:PLAYER_CHARACTER_WALK_VELOCITY;
    00000416 FAr00r00         [16]  995 	ld	a, (_joypadCurrent)
                                    996 ;src/player.c:303: if(!((joypadCurrent & J_A||joypadCurrent & J_UP))||playerJumpIncrease==0){
    00000419 CB 67            [ 8]  997 	bit	4, a
    0000041B 20 04            [12]  998 	jr	NZ, 00176$
    0000041D CB 57            [ 8]  999 	bit	2, a
    0000041F 28 06            [12] 1000 	jr	Z, 00173$
    00000421                       1001 00176$:
    00000421 FAr01r00         [16] 1002 	ld	a, (#_playerJumpIncrease)
    00000424 B7               [ 4] 1003 	or	a, a
    00000425 20 1C            [12] 1004 	jr	NZ, 00181$
    00000427                       1005 00173$:
                                   1006 ;src/player.c:306: playerYVelocity+=GRAVTY;
    00000427 21 2D 00         [12] 1007 	ld	hl, #0x002d
    0000042A 09               [ 8] 1008 	add	hl, bc
    0000042B 4D               [ 4] 1009 	ld	c, l
    0000042C 7C               [ 4] 1010 	ld	a, h
    0000042D 21r06r00         [12] 1011 	ld	hl, #_playerYVelocity
    00000430 71               [ 8] 1012 	ld	(hl), c
    00000431 23               [ 8] 1013 	inc	hl
    00000432 77               [ 8] 1014 	ld	(hl), a
                                   1015 ;src/player.c:309: playerJumpIncrease=0;
    00000433 AF               [ 4] 1016 	xor	a, a
    00000434 EAr01r00         [16] 1017 	ld	(#_playerJumpIncrease),a
    00000437 18 0A            [12] 1018 	jr	00181$
    00000439                       1019 00180$:
                                   1020 ;src/player.c:313: }else if(playerYVelocity>=0){
    00000439 CB 78            [ 8] 1021 	bit	7, b
    0000043B 20 06            [12] 1022 	jr	NZ, 00181$
                                   1023 ;src/player.c:316: playerYVelocity=0;
    0000043D AF               [ 4] 1024 	xor	a, a
    0000043E 21r06r00         [12] 1025 	ld	hl, #_playerYVelocity
    00000441 22               [ 8] 1026 	ld	(hl+), a
    00000442 77               [ 8] 1027 	ld	(hl), a
    00000443                       1028 00181$:
                                   1029 ;src/player.c:320: playerX+=playerXVelocity>>4;
    00000443 FAr04r00         [16] 1030 	ld	a, (#_playerXVelocity)
    00000446 F8 04            [12] 1031 	ldhl	sp,	#4
    00000448 77               [ 8] 1032 	ld	(hl), a
    00000449 FAr05r00         [16] 1033 	ld	a, (#_playerXVelocity + 1)
    0000044C F8 05            [12] 1034 	ldhl	sp,	#5
    0000044E 77               [ 8] 1035 	ld	(hl), a
    0000044F CB 2E            [16] 1036 	sra	(hl)
    00000451 2B               [ 8] 1037 	dec	hl
    00000452 CB 1E            [16] 1038 	rr	(hl)
    00000454 23               [ 8] 1039 	inc	hl
    00000455 CB 2E            [16] 1040 	sra	(hl)
    00000457 2B               [ 8] 1041 	dec	hl
    00000458 CB 1E            [16] 1042 	rr	(hl)
    0000045A 23               [ 8] 1043 	inc	hl
    0000045B CB 2E            [16] 1044 	sra	(hl)
    0000045D 2B               [ 8] 1045 	dec	hl
    0000045E CB 1E            [16] 1046 	rr	(hl)
    00000460 23               [ 8] 1047 	inc	hl
    00000461 CB 2E            [16] 1048 	sra	(hl)
    00000463 2B               [ 8] 1049 	dec	hl
    00000464 CB 1E            [16] 1050 	rr	(hl)
    00000466 2A               [ 8] 1051 	ld	a, (hl+)
    00000467 4F               [ 4] 1052 	ld	c, a
    00000468 46               [ 8] 1053 	ld	b, (hl)
    00000469 21r00r00         [12] 1054 	ld	hl, #_playerX
    0000046C 7E               [ 8] 1055 	ld	a, (hl)
    0000046D 81               [ 4] 1056 	add	a, c
    0000046E 22               [ 8] 1057 	ld	(hl+), a
    0000046F 7E               [ 8] 1058 	ld	a, (hl)
    00000470 88               [ 4] 1059 	adc	a, b
    00000471 77               [ 8] 1060 	ld	(hl), a
                                   1061 ;src/player.c:321: playerY+=playerYVelocity>>4;
    00000472 21r06r00         [12] 1062 	ld	hl, #_playerYVelocity
    00000475 2A               [ 8] 1063 	ld	a, (hl+)
    00000476 4F               [ 4] 1064 	ld	c, a
    00000477 46               [ 8] 1065 	ld	b, (hl)
    00000478 CB 28            [ 8] 1066 	sra	b
    0000047A CB 19            [ 8] 1067 	rr	c
    0000047C CB 28            [ 8] 1068 	sra	b
    0000047E CB 19            [ 8] 1069 	rr	c
    00000480 CB 28            [ 8] 1070 	sra	b
    00000482 CB 19            [ 8] 1071 	rr	c
    00000484 CB 28            [ 8] 1072 	sra	b
    00000486 CB 19            [ 8] 1073 	rr	c
    00000488 21r02r00         [12] 1074 	ld	hl, #_playerY
    0000048B 7E               [ 8] 1075 	ld	a, (hl)
    0000048C 81               [ 4] 1076 	add	a, c
    0000048D 22               [ 8] 1077 	ld	(hl+), a
    0000048E 7E               [ 8] 1078 	ld	a, (hl)
    0000048F 88               [ 4] 1079 	adc	a, b
    00000490 77               [ 8] 1080 	ld	(hl), a
                                   1081 ;src/player.c:324: playerRealX = playerX>>4;
    00000491 FAr00r00         [16] 1082 	ld	a, (#_playerX)
    00000494 F8 07            [12] 1083 	ldhl	sp,	#7
    00000496 77               [ 8] 1084 	ld	(hl), a
    00000497 FAr01r00         [16] 1085 	ld	a, (#_playerX + 1)
    0000049A F8 08            [12] 1086 	ldhl	sp,	#8
    0000049C 77               [ 8] 1087 	ld	(hl), a
    0000049D CB 3E            [16] 1088 	srl	(hl)
    0000049F 2B               [ 8] 1089 	dec	hl
    000004A0 CB 1E            [16] 1090 	rr	(hl)
    000004A2 23               [ 8] 1091 	inc	hl
    000004A3 CB 3E            [16] 1092 	srl	(hl)
    000004A5 2B               [ 8] 1093 	dec	hl
    000004A6 CB 1E            [16] 1094 	rr	(hl)
    000004A8 23               [ 8] 1095 	inc	hl
    000004A9 CB 3E            [16] 1096 	srl	(hl)
    000004AB 2B               [ 8] 1097 	dec	hl
    000004AC CB 1E            [16] 1098 	rr	(hl)
    000004AE 23               [ 8] 1099 	inc	hl
    000004AF CB 3E            [16] 1100 	srl	(hl)
    000004B1 2B               [ 8] 1101 	dec	hl
    000004B2 CB 1E            [16] 1102 	rr	(hl)
                                   1103 ;src/player.c:325: playerRealY = playerY>>4;
    000004B4 FAr02r00         [16] 1104 	ld	a, (#_playerY)
    000004B7 F8 09            [12] 1105 	ldhl	sp,	#9
    000004B9 77               [ 8] 1106 	ld	(hl), a
    000004BA FAr03r00         [16] 1107 	ld	a, (#_playerY + 1)
    000004BD F8 0A            [12] 1108 	ldhl	sp,	#10
    000004BF 77               [ 8] 1109 	ld	(hl), a
    000004C0 CB 3E            [16] 1110 	srl	(hl)
    000004C2 2B               [ 8] 1111 	dec	hl
    000004C3 CB 1E            [16] 1112 	rr	(hl)
    000004C5 23               [ 8] 1113 	inc	hl
    000004C6 CB 3E            [16] 1114 	srl	(hl)
    000004C8 2B               [ 8] 1115 	dec	hl
    000004C9 CB 1E            [16] 1116 	rr	(hl)
    000004CB 23               [ 8] 1117 	inc	hl
    000004CC CB 3E            [16] 1118 	srl	(hl)
    000004CE 2B               [ 8] 1119 	dec	hl
    000004CF CB 1E            [16] 1120 	rr	(hl)
    000004D1 23               [ 8] 1121 	inc	hl
    000004D2 CB 3E            [16] 1122 	srl	(hl)
    000004D4 2B               [ 8] 1123 	dec	hl
    000004D5 CB 1E            [16] 1124 	rr	(hl)
                                   1125 ;src/player.c:249: if(IsTileSolid(playerRealX+PLAYER_CHARACTER_BOUNDING_BOX_HALF_WIDTH,playerRealY+2)||IsTileSolid(playerRealX+PLAYER_CHARACTER_BOUNDING_BOX_HALF_WIDTH,playerRealY+PLAYER_CHARACTER_BOUNDING_BOX_HALF_HEIGHT)||IsTileSolid(playerRealX+PLAYER_CHARACTER_BOUNDING_BOX_HALF_WIDTH,playerRealY+(PLAYER_CHARACTER_BOUNDING_BOX_HEIGHT-2)))playerXVelocity=0;
    000004D7 2B               [ 8] 1126 	dec	hl
    000004D8 2B               [ 8] 1127 	dec	hl
    000004D9 7E               [ 8] 1128 	ld	a, (hl)
    000004DA F8 0B            [12] 1129 	ldhl	sp,	#11
    000004DC 77               [ 8] 1130 	ld	(hl), a
    000004DD F8 08            [12] 1131 	ldhl	sp,	#8
    000004DF 7E               [ 8] 1132 	ld	a, (hl)
    000004E0 F8 0C            [12] 1133 	ldhl	sp,	#12
    000004E2 77               [ 8] 1134 	ld	(hl), a
                                   1135 ;src/player.c:328: if(playerRealX>=(DEVICE_SCREEN_PX_WIDTH>>1)){
    000004E3 F8 07            [12] 1136 	ldhl	sp,	#7
    000004E5 2A               [ 8] 1137 	ld	a, (hl+)
    000004E6 D6 50            [ 8] 1138 	sub	a, #0x50
    000004E8 7E               [ 8] 1139 	ld	a, (hl)
    000004E9 DE 00            [ 8] 1140 	sbc	a, #0x00
    000004EB 38 39            [12] 1141 	jr	C, 00185$
                                   1142 ;src/player.c:329: uint16_t max = currentLevelWidth-DEVICE_SCREEN_PX_WIDTH;
    000004ED FAr00r00         [16] 1143 	ld	a, (_currentLevelWidth)
    000004F0 21r01r00         [12] 1144 	ld	hl, #_currentLevelWidth + 1
    000004F3 46               [ 8] 1145 	ld	b, (hl)
    000004F4 C6 60            [ 8] 1146 	add	a, #0x60
    000004F6 4F               [ 4] 1147 	ld	c, a
    000004F7 78               [ 4] 1148 	ld	a, b
    000004F8 CE FF            [ 8] 1149 	adc	a, #0xff
    000004FA 47               [ 4] 1150 	ld	b, a
                                   1151 ;src/player.c:330: camera_x=playerRealX-(DEVICE_SCREEN_PX_WIDTH>>1);
    000004FB F8 0B            [12] 1152 	ldhl	sp,#11
    000004FD 2A               [ 8] 1153 	ld	a, (hl+)
    000004FE 5F               [ 4] 1154 	ld	e, a
    000004FF 56               [ 8] 1155 	ld	d, (hl)
    00000500 21 50 00         [12] 1156 	ld	hl, #0x0050
    00000503 7B               [ 4] 1157 	ld	a, e
    00000504 95               [ 4] 1158 	sub	a, l
    00000505 5F               [ 4] 1159 	ld	e, a
    00000506 7A               [ 4] 1160 	ld	a, d
    00000507 9C               [ 4] 1161 	sbc	a, h
    00000508 F8 0E            [12] 1162 	ldhl	sp,	#14
    0000050A 32               [ 8] 1163 	ld	(hl-), a
    0000050B 73               [ 8] 1164 	ld	(hl), e
    0000050C 7E               [ 8] 1165 	ld	a, (hl)
    0000050D EAr00r00         [16] 1166 	ld	(#_camera_x),a
    00000510 F8 0E            [12] 1167 	ldhl	sp,	#14
    00000512 7E               [ 8] 1168 	ld	a, (hl)
    00000513 21r01r00         [12] 1169 	ld	hl, #_camera_x + 1
                                   1170 ;src/player.c:333: if(camera_x>max)camera_x=max;
    00000516 32               [ 8] 1171 	ld	(hl-), a
    00000517 79               [ 4] 1172 	ld	a, c
    00000518 96               [ 8] 1173 	sub	a, (hl)
    00000519 23               [ 8] 1174 	inc	hl
    0000051A 78               [ 4] 1175 	ld	a, b
    0000051B 9E               [ 8] 1176 	sbc	a, (hl)
    0000051C 30 0E            [12] 1177 	jr	NC, 00186$
    0000051E 21r00r00         [12] 1178 	ld	hl, #_camera_x
    00000521 79               [ 4] 1179 	ld	a, c
    00000522 22               [ 8] 1180 	ld	(hl+), a
    00000523 70               [ 8] 1181 	ld	(hl), b
    00000524 18 06            [12] 1182 	jr	00186$
    00000526                       1183 00185$:
                                   1184 ;src/player.c:335: else camera_x=0;
    00000526 AF               [ 4] 1185 	xor	a, a
    00000527 21r00r00         [12] 1186 	ld	hl, #_camera_x
    0000052A 22               [ 8] 1187 	ld	(hl+), a
    0000052B 77               [ 8] 1188 	ld	(hl), a
    0000052C                       1189 00186$:
                                   1190 ;src/player.c:345: uint8_t frame = grounded ? (turning ? 5 :((playerXVelocity>>4)==0 ? 0 : threeFrameCounterValue)) : (playerYVelocity<0 ? 3 : 4);
    0000052C F8 06            [12] 1191 	ldhl	sp,	#6
    0000052E 7E               [ 8] 1192 	ld	a, (hl)
    0000052F B7               [ 4] 1193 	or	a, a
    00000530 28 18            [12] 1194 	jr	Z, 00204$
    00000532 F8 03            [12] 1195 	ldhl	sp,	#3
    00000534 7E               [ 8] 1196 	ld	a, (hl)
    00000535 B7               [ 4] 1197 	or	a, a
    00000536 28 04            [12] 1198 	jr	Z, 00206$
    00000538 0E 05            [ 8] 1199 	ld	c, #0x05
    0000053A 18 29            [12] 1200 	jr	00205$
    0000053C                       1201 00206$:
    0000053C F8 05            [12] 1202 	ldhl	sp,	#5
    0000053E 3A               [ 8] 1203 	ld	a, (hl-)
    0000053F B6               [ 8] 1204 	or	a, (hl)
    00000540 20 03            [12] 1205 	jr	NZ, 00208$
    00000542 4F               [ 4] 1206 	ld	c, a
    00000543 18 20            [12] 1207 	jr	00205$
    00000545                       1208 00208$:
    00000545 F8 02            [12] 1209 	ldhl	sp,	#2
    00000547 4E               [ 8] 1210 	ld	c, (hl)
    00000548 18 1B            [12] 1211 	jr	00205$
    0000054A                       1212 00204$:
    0000054A FAr06r00         [16] 1213 	ld	a, (#_playerYVelocity)
    0000054D F8 0D            [12] 1214 	ldhl	sp,	#13
    0000054F 77               [ 8] 1215 	ld	(hl), a
    00000550 FAr07r00         [16] 1216 	ld	a, (#_playerYVelocity + 1)
    00000553 F8 0E            [12] 1217 	ldhl	sp,	#14
    00000555 77               [ 8] 1218 	ld	(hl), a
    00000556 CB 7E            [12] 1219 	bit	7, (hl)
    00000558 28 04            [12] 1220 	jr	Z, 00210$
    0000055A 36 03            [12] 1221 	ld	(hl), #0x03
    0000055C 18 04            [12] 1222 	jr	00211$
    0000055E                       1223 00210$:
    0000055E F8 0E            [12] 1224 	ldhl	sp,	#14
    00000560 36 04            [12] 1225 	ld	(hl), #0x04
    00000562                       1226 00211$:
    00000562 F8 0E            [12] 1227 	ldhl	sp,	#14
    00000564 4E               [ 8] 1228 	ld	c, (hl)
    00000565                       1229 00205$:
                                   1230 ;src/player.c:346: uint8_t directionOffset = facingRight ? 0 : 6;
    00000565 FAr00r00         [16] 1231 	ld	a, (#_facingRight)
    00000568 B7               [ 4] 1232 	or	a, a
    00000569 28 03            [12] 1233 	jr	Z, 00212$
    0000056B AF               [ 4] 1234 	xor	a, a
    0000056C 18 02            [12] 1235 	jr	00213$
    0000056E                       1236 00212$:
    0000056E 3E 06            [ 8] 1237 	ld	a, #0x06
    00000570                       1238 00213$:
                                   1239 ;src/player.c:348: uint8_t spritesUsed = DrawPlayer(playerRealX,playerRealY,frame+directionOffset);
    00000570 81               [ 4] 1240 	add	a, c
    00000571 F5               [16] 1241 	push	af
    00000572 33               [ 8] 1242 	inc	sp
    00000573 F8 0A            [12] 1243 	ldhl	sp,	#10
    00000575 2A               [ 8] 1244 	ld	a, (hl+)
    00000576 4F               [ 4] 1245 	ld	c, a
    00000577 46               [ 8] 1246 	ld	b, (hl)
    00000578 F8 08            [12] 1247 	ldhl	sp,	#8
    0000057A 2A               [ 8] 1248 	ld	a, (hl+)
    0000057B 5F               [ 4] 1249 	ld	e, a
    0000057C 56               [ 8] 1250 	ld	d, (hl)
    0000057D CDr50r00         [24] 1251 	call	_DrawPlayer
    00000580 4F               [ 4] 1252 	ld	c, a
                                   1253 ;src/player.c:351: if(playerRealX>currentLevelWidth-32){
    00000581 FAr00r00         [16] 1254 	ld	a, (_currentLevelWidth)
    00000584 21r01r00         [12] 1255 	ld	hl, #_currentLevelWidth + 1
    00000587 46               [ 8] 1256 	ld	b, (hl)
    00000588 C6 E0            [ 8] 1257 	add	a, #0xe0
    0000058A 5F               [ 4] 1258 	ld	e, a
    0000058B 78               [ 4] 1259 	ld	a, b
    0000058C CE FF            [ 8] 1260 	adc	a, #0xff
    0000058E 47               [ 4] 1261 	ld	b, a
    0000058F F8 0B            [12] 1262 	ldhl	sp,	#11
    00000591 7B               [ 4] 1263 	ld	a, e
    00000592 96               [ 8] 1264 	sub	a, (hl)
    00000593 23               [ 8] 1265 	inc	hl
    00000594 78               [ 4] 1266 	ld	a, b
    00000595 9E               [ 8] 1267 	sbc	a, (hl)
    00000596 30 04            [12] 1268 	jr	NC, 00188$
                                   1269 ;src/player.c:352: nextLevel++;
    00000598 21r00r00         [12] 1270 	ld	hl, #_nextLevel
    0000059B 34               [12] 1271 	inc	(hl)
    0000059C                       1272 00188$:
                                   1273 ;src/player.c:355: return spritesUsed;
    0000059C 79               [ 4] 1274 	ld	a, c
                                   1275 ;src/player.c:356: }
    0000059D E8 0F            [16] 1276 	add	sp, #15
    0000059F C9               [16] 1277 	ret
                                   1278 	.area _CODE_255
                                   1279 	.area _INITIALIZER
    00000000                       1280 __xinit__facingRight:
    00000000 01                    1281 	.db #0x01	; 1
    00000001                       1282 __xinit__playerJumpIncrease:
    00000001 00                    1283 	.db #0x00	; 0
    00000002                       1284 __xinit__threeFrameCounter:
    00000002 00                    1285 	.db #0x00	; 0
                                   1286 	.area _CABS (ABS)
