                                      1 ;--------------------------------------------------------
                                      2 ; File Created by SDCC : free open source ISO C Compiler
                                      3 ; Version 4.5.1 #15267 (Mac OS X ppc)
                                      4 ;--------------------------------------------------------
                                      5 	.module example_image
                                      6 	
                                      7 ;--------------------------------------------------------
                                      8 ; Public variables in this module
                                      9 ;--------------------------------------------------------
                                     10 	.globl _example_image_data
                                     11 	.globl b___func_example_image_palette
                                     12 	.globl ___func_example_image_palette
                                     13 	.globl b___func_example_image_attr
                                     14 	.globl ___func_example_image_attr
                                     15 	.globl b___func_example_image_map
                                     16 	.globl ___func_example_image_map
                                     17 	.globl b___func_example_image_tiles
                                     18 	.globl ___func_example_image_tiles
                                     19 	.globl b___func_example_image
                                     20 	.globl ___func_example_image
                                     21 ;--------------------------------------------------------
                                     22 ; special function registers
                                     23 ;--------------------------------------------------------
                                     24 ;--------------------------------------------------------
                                     25 ; ram data
                                     26 ;--------------------------------------------------------
                                     27 	.area _DATA
                                     28 ;--------------------------------------------------------
                                     29 ; ram data
                                     30 ;--------------------------------------------------------
                                     31 	.area _INITIALIZED
                                     32 ;--------------------------------------------------------
                                     33 ; absolute external ram data
                                     34 ;--------------------------------------------------------
                                     35 	.area _DABS (ABS)
                                     36 ;--------------------------------------------------------
                                     37 ; global & static initialisations
                                     38 ;--------------------------------------------------------
                                     39 	.area _HOME
                                     40 	.area _GSINIT
                                     41 	.area _GSFINAL
                                     42 	.area _GSINIT
                                     43 ;--------------------------------------------------------
                                     44 ; Home
                                     45 ;--------------------------------------------------------
                                     46 	.area _HOME
                                     47 	.area _HOME
                                     48 ;--------------------------------------------------------
                                     49 ; code
                                     50 ;--------------------------------------------------------
                                     51 	.area _CODE_255
                                     52 ;obj/example_image.c:5: BANKREF(example_image)
                                     53 ;	---------------------------------
                                     54 ; Function __func_example_image
                                     55 ; ---------------------------------
                         000000FF    56 	b___func_example_image	= 255
    00000000                         57 ___func_example_image::
                                     58 	.local b___func_example_image 
                         000000FF    59 	___bank_example_image = b___func_example_image 
                                     60 	.globl ___bank_example_image 
                                     61 ;obj/example_image.c:13: INCBIN(example_image_tiles,   "obj/example_image.til")
                                     62 ;	---------------------------------
                                     63 ; Function __func_example_image_tiles
                                     64 ; ---------------------------------
                         000000FF    65 	b___func_example_image_tiles	= 255
    00000000                         66 ___func_example_image_tiles::
    00000000                         67 _example_image_tiles::
    00000000                         68 1$:
    00000000 73 60 A1 42 05 03 06    69 	.incbin "obj/example_image.til" 
             FD 84 7F C0 24 00 03
             01 A1 DF 5B B3 71 B0
             50 A0 1F B0 4F 60 90
             F0 70 78 E0 00 34 1B
             C6 29 F7 30 01 00 3F
             00 36 00 73 51 E0 00
             E0 10 A8 8C 03 00 87
             1C E3 3F CE 19 3E 0E
             87 00 00 1F 20 7E DC
             1B 25 0E 0C 06 8B C1
             E3 00 40 00 0C 04 83
             06 05 C6 A2 73 E2 39
             19 04 88 00 84 00 01
             00 19 3E C1 00 40 60
             10 58 60 6C C8 66 28
             00 F0 E0 10 FC 3A C0
             22 FF 10 FE 0D F4 4B
             4F BF
    00001660                         70 2$:
                         00001660    71 	___size_example_image_tiles = (2$-1$) 
                                     72 	.globl ___size_example_image_tiles 
                                     73 	.local b___func_example_image_tiles 
                         000000FF    74 	___bank_example_image_tiles = b___func_example_image_tiles 
                                     75 	.globl ___bank_example_image_tiles 
                                     76 ;obj/example_image.c:14: INCBIN(example_image_map,     "obj/example_image.map")
                                     77 ;	---------------------------------
                                     78 ; Function __func_example_image_map
                                     79 ; ---------------------------------
                         000000FF    80 	b___func_example_image_map	= 255
    00001660                         81 ___func_example_image_map::
    00001660                         82 _example_image_map::
    00001660                         83 1$:
    00001660 00 01 02 03 04 05 06    84 	.incbin "obj/example_image.map" 
             07 08 09 0A 0B 0C 0D
             0E 0F 10 11 12 13 14
             15 16 17 18 19 1A 1B
             1C 1D 1E 1F 20 21 22
             23 24 25 26 27 28 29
             2A 2B 2C 2D 2E 2F 30
             31 32 33 34 35 36 37
             38 39 3A 3B 3C 3D 3E
             3F 40 41 42 43 44 45
             46 47 48 49 4A 4B 4C
             4D 4D 4E 4F 50 51 52
             53 54 55 56 57 58 59
             5A 5B 5C 5D 5E 5F 60
             61 62 63 64 65 66 67
             68 69 6A 6B 6C 6D 6E
             6F 70 71 72 73 74 4D
             75 76 77 78 79 7A 7B
             7C 7D
    000017C8                         85 2$:
                         00000168    86 	___size_example_image_map = (2$-1$) 
                                     87 	.globl ___size_example_image_map 
                                     88 	.local b___func_example_image_map 
                         000000FF    89 	___bank_example_image_map = b___func_example_image_map 
                                     90 	.globl ___bank_example_image_map 
                                     91 ;obj/example_image.c:15: INCBIN(example_image_attr,    "obj/example_image.atr")
                                     92 ;	---------------------------------
                                     93 ; Function __func_example_image_attr
                                     94 ; ---------------------------------
                         000000FF    95 	b___func_example_image_attr	= 255
    000017C8                         96 ___func_example_image_attr::
    000017C8                         97 _example_image_attr::
    000017C8                         98 1$:
    000017C8 00 00 01 01 01 02 02    99 	.incbin "obj/example_image.atr" 
             03 03 03 04 04 05 05
             06 06 06 06 07 07 00
             00 01 01 01 02 02 03
             03 03 04 04 04 04 05
             05 06 06 07 07 00 00
             01 01 01 02 02 03 03
             03 04 04 05 05 06 06
             06 06 07 07 00 00 01
             01 01 02 02 03 03 03
             04 04 05 05 06 06 06
             07 07 07 00 00 01 01
             01 02 02 03 03 03 04
             04 04 05 05 06 06 06
             07 07 00 00 01 01 01
             02 02 03 03 03 04 04
             04 05 05 06 06 06 47
             07 00 00 01 01 01 02
             02 03
    00001930                        100 2$:
                         00000168   101 	___size_example_image_attr = (2$-1$) 
                                    102 	.globl ___size_example_image_attr 
                                    103 	.local b___func_example_image_attr 
                         000000FF   104 	___bank_example_image_attr = b___func_example_image_attr 
                                    105 	.globl ___bank_example_image_attr 
                                    106 ;obj/example_image.c:16: INCBIN(example_image_palette, "obj/example_image.pal")
                                    107 ;	---------------------------------
                                    108 ; Function __func_example_image_palette
                                    109 ; ---------------------------------
                         000000FF   110 	b___func_example_image_palette	= 255
    00001930                        111 ___func_example_image_palette::
    00001930                        112 _example_image_palette::
    00001930                        113 1$:
    00001930 40 14 05 25 AB 49 A2   114 	.incbin "obj/example_image.pal" 
             1C 80 1C 46 29 E4 20
             AB 49 A0 20 8A 45 E3
             24 AB 49 40 10 E3 24
             80 1C AB 49 00 04 40
             10 20 10 00 08 00 04
             01 20 00 14 02 34 02
             30 01 20 00 14 02 34
             02 28 02 30 02 2C 02
             34 80 18 26 25 68 29
             C2 20 80 1C E4 24 C2
             20 25 29 A0 20 46 31
             03 29 EA 39 20 10 03
             29 81 1C 46 31 00 08
             40 10 20 0C 40 14 00
             08 01 24 02 34 01 18
             01 30 02 30 02 34 01
             18 02 2C 02 30 02 34
             01 18
    00002B50                        115 2$:
                         00001220   116 	___size_example_image_palette = (2$-1$) 
                                    117 	.globl ___size_example_image_palette 
                                    118 	.local b___func_example_image_palette 
                         000000FF   119 	___bank_example_image_palette = b___func_example_image_palette 
                                    120 	.globl ___bank_example_image_palette 
                                    121 	.area _CODE_255
    00002B50                        122 _example_image_data:
    00002B50 66 01                  123 	.dw #0x0166
    00002B52 12                     124 	.db #0x12	; 18
    00002B53r00r00                  125 	.dw _example_image_tiles
    00002B55r60r16                  126 	.dw _example_image_map
    00002B57rC8r17                  127 	.dw _example_image_attr
    00002B59r30r19                  128 	.dw _example_image_palette
                                    129 	.area _INITIALIZER
                                    130 	.area _CABS (ABS)
