                                      1 ;--------------------------------------------------------
                                      2 ; File Created by SDCC : free open source ISO C Compiler
                                      3 ; Version 4.5.1 #15267 (Mac OS X ppc)
                                      4 ;--------------------------------------------------------
                                      5 	.module sample_player
                                      6 	
                                      7 ;--------------------------------------------------------
                                      8 ; Public variables in this module
                                      9 ;--------------------------------------------------------
                                     10 	.globl _play_sample
                                     11 	.globl _cut_sample
                                     12 ;--------------------------------------------------------
                                     13 ; special function registers
                                     14 ;--------------------------------------------------------
                         00000000    15 _GG_STATE	=	0x0000
                         00000001    16 _GG_EXT_7BIT	=	0x0001
                         00000002    17 _GG_EXT_CTL	=	0x0002
                         00000003    18 _GG_SIO_SEND	=	0x0003
                         00000004    19 _GG_SIO_RECV	=	0x0004
                         00000005    20 _GG_SIO_CTL	=	0x0005
                         00000006    21 _GG_SOUND_PAN	=	0x0006
                         0000003E    22 _MEMORY_CTL	=	0x003e
                         0000003F    23 _JOY_CTL	=	0x003f
                         0000007E    24 _VCOUNTER	=	0x007e
                         0000007F    25 _PSG	=	0x007f
                         0000007F    26 _HCOUNTER	=	0x007f
                         000000BE    27 _VDP_DATA	=	0x00be
                         000000BF    28 _VDP_CMD	=	0x00bf
                         000000BF    29 _VDP_STATUS	=	0x00bf
                         000000DC    30 _JOY_PORT1	=	0x00dc
                         000000DD    31 _JOY_PORT2	=	0x00dd
                         000000F0    32 _FMADDRESS	=	0x00f0
                         000000F1    33 _FMDATA	=	0x00f1
                         000000F2    34 _AUDIOCTRL	=	0x00f2
                                     35 ;--------------------------------------------------------
                                     36 ; ram data
                                     37 ;--------------------------------------------------------
                                     38 	.area _DATA
                         0000FFFC    39 _RAM_CONTROL	=	0xfffc
                         0000FFF8    40 _GLASSES_3D	=	0xfff8
                         0000FFFD    41 _MAP_FRAME0	=	0xfffd
                         0000FFFE    42 _MAP_FRAME1	=	0xfffe
                         0000FFFF    43 _MAP_FRAME2	=	0xffff
                                     44 ;--------------------------------------------------------
                                     45 ; ram data
                                     46 ;--------------------------------------------------------
                                     47 	.area _INITIALIZED
                                     48 ;--------------------------------------------------------
                                     49 ; absolute external ram data
                                     50 ;--------------------------------------------------------
                                     51 	.area _DABS (ABS)
                                     52 ;--------------------------------------------------------
                                     53 ; global & static initialisations
                                     54 ;--------------------------------------------------------
                                     55 	.area _HOME
                                     56 	.area _GSINIT
                                     57 	.area _GSFINAL
                                     58 	.area _GSINIT
                                     59 ;--------------------------------------------------------
                                     60 ; Home
                                     61 ;--------------------------------------------------------
                                     62 	.area _HOME
                                     63 	.area _HOME
                                     64 ;--------------------------------------------------------
                                     65 ; code
                                     66 ;--------------------------------------------------------
                                     67 	.area _CODE
                                     68 ;src/sample_player.c:40: void play_sample(uint8_t * sample, uint16_t size) NAKED {
                                     69 ;	---------------------------------
                                     70 ; Function play_sample
                                     71 ; ---------------------------------
    00000000                         72 _play_sample::
                                     73 ;src/sample_player.c:97: __endasm;
    00000000 F3               [ 4]   74 	di
    00000001 E5               [11]   75 	push	hl
    00000002 FD E1            [14]   76 	pop	iy ; iy = hl
                                     77 ;	set tone to 0
    00000004 0E 7F            [ 7]   78 	ld	c, #<_PSG
    00000006 AF               [ 4]   79 	xor	a
    00000007 06 80            [ 7]   80 	ld	b, #(0b10000000 | 0b00000000) ; ch 0 tone 0
    00000009 ED 41            [12]   81 	out	(c), b
    0000000B ED 79            [12]   82 	out	(c), a
    0000000D 06 A0            [ 7]   83 	ld	b, #(0b10000000 | 0b00100000) ; ch 1
    0000000F ED 41            [12]   84 	out	(c), b
    00000011 ED 79            [12]   85 	out	(c), a
    00000013 06 C0            [ 7]   86 	ld	b, #(0b10000000 | 0b01000000) ; ch 2
    00000015 ED 41            [12]   87 	out	(c), b
    00000017 ED 79            [12]   88 	out	(c), a
    00000019                         89 1$:
    00000019 01r62r00         [10]   90 	ld	bc, #_voltable
    0000001C 26 00            [ 7]   91 	ld	h, #0
    0000001E FD 6E 00         [19]   92 	ld	l, 0(iy)
    00000021 FD 23            [10]   93 	inc	iy
    00000023 29               [11]   94 	add	hl, hl
    00000024 09               [11]   95 	add	hl, bc ; hl = &_voltable[(sample[iy+0] * 2)]
    00000025 7E               [ 7]   96 	ld	a, (hl)
                                     97 	.rept	4
                                     98 	rlca
                                     99 	.endm
    00000026 07               [ 4]    1 	rlca
    00000027 07               [ 4]    1 	rlca
    00000028 07               [ 4]    1 	rlca
    00000029 07               [ 4]    1 	rlca
    0000002A E6 0F            [ 7]  100 	and	#0x0f
    0000002C F6 90            [ 7]  101 	or	#(0b10000000 | 0b00000000 | 0b00010000)
    0000002E 47               [ 4]  102 	ld	b, a
    0000002F 7E               [ 7]  103 	ld	a, (hl)
    00000030 23               [ 6]  104 	inc	hl
    00000031 E6 0F            [ 7]  105 	and	#0x0f
    00000033 F6 B0            [ 7]  106 	or	#(0b10000000 | 0b00100000 | 0b00010000)
    00000035 0E 7F            [ 7]  107 	ld	c, #<_PSG
    00000037 ED 41            [12]  108 	out	(c), b
    00000039 ED 79            [12]  109 	out	(c), a
    0000003B ED A3            [16]  110 	outi
    0000003D 06 13            [ 7]  111 	ld	b, #19 ; delay, need to be calculated properly
    0000003F                        112 2$:
    0000003F 10 FE            [13]  113 	djnz	2$
    00000041 1B               [ 6]  114 	dec	de
    00000042 7B               [ 4]  115 	ld	a, e
    00000043 B2               [ 4]  116 	or	d
    00000044 C2r19r00         [10]  117 	jp	nz, 1$
    00000047 FB               [ 4]  118 	ei
    00000048 DB BF            [11]  119 	in	a, (_VDP_STATUS) ; cancel pending VDP interrupts
    0000004A C9               [10]  120 	ret
                                    121 ;src/sample_player.c:98: }
                                    122 ;src/sample_player.c:100: void cut_sample(uint8_t mask) NAKED {
                                    123 ;	---------------------------------
                                    124 ; Function cut_sample
                                    125 ; ---------------------------------
    0000004B                        126 _cut_sample::
                                    127 ;src/sample_player.c:120: __endasm;
    0000004B 0E 7F            [ 7]  128 	ld	c, #<_PSG
    0000004D 47               [ 4]  129 	ld	b, a
    0000004E 1E FF            [ 7]  130 	ld	e, #-1
    00000050                        131 1$:
    00000050 1C               [ 4]  132 	inc	e
    00000051 CB 38            [ 8]  133 	srl	b
    00000053 38 03            [12]  134 	jr	c, 2$
    00000055 C8               [11]  135 	ret	z
    00000056 18 F8            [12]  136 	jr	1$
    00000058                        137 2$:
    00000058 7B               [ 4]  138 	ld	a, e
                                    139 	.rept	3
                                    140 	rrca
                                    141 	.endm
    00000059 0F               [ 4]    1 	rrca
    0000005A 0F               [ 4]    1 	rrca
    0000005B 0F               [ 4]    1 	rrca
    0000005C F6 9F            [ 7]  142 	or	#(0b10000000 | 0b00010000 | 0x0f)
    0000005E ED 79            [12]  143 	out	(c), a
    00000060 18 EE            [12]  144 	jr	1$
                                    145 ;src/sample_player.c:121: }
                                    146 	.area _CODE
    00000062                        147 _voltable:
    00000062 FF                     148 	.db #0xff	; 255
    00000063 DF                     149 	.db #0xdf	; 223
    00000064 FF                     150 	.db #0xff	; 255
    00000065 DF                     151 	.db #0xdf	; 223
    00000066 EF                     152 	.db #0xef	; 239
    00000067 DF                     153 	.db #0xdf	; 223
    00000068 EF                     154 	.db #0xef	; 239
    00000069 DF                     155 	.db #0xdf	; 223
    0000006A DF                     156 	.db #0xdf	; 223
    0000006B DF                     157 	.db #0xdf	; 223
    0000006C CF                     158 	.db #0xcf	; 207
    0000006D DF                     159 	.db #0xdf	; 223
    0000006E CF                     160 	.db #0xcf	; 207
    0000006F DF                     161 	.db #0xdf	; 223
    00000070 BF                     162 	.db #0xbf	; 191
    00000071 DF                     163 	.db #0xdf	; 223
    00000072 AF                     164 	.db #0xaf	; 175
    00000073 DF                     165 	.db #0xdf	; 223
    00000074 AF                     166 	.db #0xaf	; 175
    00000075 DF                     167 	.db #0xdf	; 223
    00000076 9F                     168 	.db #0x9f	; 159
    00000077 DF                     169 	.db #0xdf	; 223
    00000078 9F                     170 	.db #0x9f	; 159
    00000079 DF                     171 	.db #0xdf	; 223
    0000007A 9F                     172 	.db #0x9f	; 159
    0000007B DF                     173 	.db #0xdf	; 223
    0000007C 8F                     174 	.db #0x8f	; 143
    0000007D DF                     175 	.db #0xdf	; 223
    0000007E 8F                     176 	.db #0x8f	; 143
    0000007F DF                     177 	.db #0xdf	; 223
    00000080 8F                     178 	.db #0x8f	; 143
    00000081 DF                     179 	.db #0xdf	; 223
    00000082 8E                     180 	.db #0x8e	; 142
    00000083 DF                     181 	.db #0xdf	; 223
    00000084 8E                     182 	.db #0x8e	; 142
    00000085 DF                     183 	.db #0xdf	; 223
    00000086 8D                     184 	.db #0x8d	; 141
    00000087 DF                     185 	.db #0xdf	; 223
    00000088 8C                     186 	.db #0x8c	; 140
    00000089 DF                     187 	.db #0xdf	; 223
    0000008A 8B                     188 	.db #0x8b	; 139
    0000008B DF                     189 	.db #0xdf	; 223
    0000008C 8B                     190 	.db #0x8b	; 139
    0000008D DF                     191 	.db #0xdf	; 223
    0000008E 8A                     192 	.db #0x8a	; 138
    0000008F DF                     193 	.db #0xdf	; 223
    00000090 8A                     194 	.db #0x8a	; 138
    00000091 DF                     195 	.db #0xdf	; 223
    00000092 89                     196 	.db #0x89	; 137
    00000093 DF                     197 	.db #0xdf	; 223
    00000094 89                     198 	.db #0x89	; 137
    00000095 DF                     199 	.db #0xdf	; 223
    00000096 88                     200 	.db #0x88	; 136
    00000097 DF                     201 	.db #0xdf	; 223
    00000098 88                     202 	.db #0x88	; 136
    00000099 DF                     203 	.db #0xdf	; 223
    0000009A 88                     204 	.db #0x88	; 136
    0000009B DF                     205 	.db #0xdf	; 223
    0000009C 88                     206 	.db #0x88	; 136
    0000009D DE                     207 	.db #0xde	; 222
    0000009E 88                     208 	.db #0x88	; 136
    0000009F DE                     209 	.db #0xde	; 222
    000000A0 88                     210 	.db #0x88	; 136
    000000A1 DD                     211 	.db #0xdd	; 221
    000000A2 88                     212 	.db #0x88	; 136
    000000A3 DC                     213 	.db #0xdc	; 220
    000000A4 88                     214 	.db #0x88	; 136
    000000A5 DC                     215 	.db #0xdc	; 220
    000000A6 88                     216 	.db #0x88	; 136
    000000A7 DB                     217 	.db #0xdb	; 219
    000000A8 88                     218 	.db #0x88	; 136
    000000A9 DA                     219 	.db #0xda	; 218
    000000AA 88                     220 	.db #0x88	; 136
    000000AB DA                     221 	.db #0xda	; 218
    000000AC 88                     222 	.db #0x88	; 136
    000000AD D9                     223 	.db #0xd9	; 217
    000000AE 88                     224 	.db #0x88	; 136
    000000AF D9                     225 	.db #0xd9	; 217
    000000B0 88                     226 	.db #0x88	; 136
    000000B1 D9                     227 	.db #0xd9	; 217
    000000B2 88                     228 	.db #0x88	; 136
    000000B3 D8                     229 	.db #0xd8	; 216
    000000B4 88                     230 	.db #0x88	; 136
    000000B5 D8                     231 	.db #0xd8	; 216
    000000B6 88                     232 	.db #0x88	; 136
    000000B7 D8                     233 	.db #0xd8	; 216
    000000B8 78                     234 	.db #0x78	; 120	'x'
    000000B9 D8                     235 	.db #0xd8	; 216
    000000BA 78                     236 	.db #0x78	; 120	'x'
    000000BB D8                     237 	.db #0xd8	; 216
    000000BC 78                     238 	.db #0x78	; 120	'x'
    000000BD D8                     239 	.db #0xd8	; 216
    000000BE 77                     240 	.db #0x77	; 119	'w'
    000000BF D8                     241 	.db #0xd8	; 216
    000000C0 77                     242 	.db #0x77	; 119	'w'
    000000C1 D8                     243 	.db #0xd8	; 216
    000000C2 77                     244 	.db #0x77	; 119	'w'
    000000C3 D8                     245 	.db #0xd8	; 216
    000000C4 77                     246 	.db #0x77	; 119	'w'
    000000C5 D8                     247 	.db #0xd8	; 216
    000000C6 77                     248 	.db #0x77	; 119	'w'
    000000C7 D7                     249 	.db #0xd7	; 215
    000000C8 77                     250 	.db #0x77	; 119	'w'
    000000C9 D7                     251 	.db #0xd7	; 215
    000000CA 77                     252 	.db #0x77	; 119	'w'
    000000CB D7                     253 	.db #0xd7	; 215
    000000CC 77                     254 	.db #0x77	; 119	'w'
    000000CD D7                     255 	.db #0xd7	; 215
    000000CE 67                     256 	.db #0x67	; 103	'g'
    000000CF D7                     257 	.db #0xd7	; 215
    000000D0 67                     258 	.db #0x67	; 103	'g'
    000000D1 D7                     259 	.db #0xd7	; 215
    000000D2 67                     260 	.db #0x67	; 103	'g'
    000000D3 D7                     261 	.db #0xd7	; 215
    000000D4 67                     262 	.db #0x67	; 103	'g'
    000000D5 D7                     263 	.db #0xd7	; 215
    000000D6 66                     264 	.db #0x66	; 102	'f'
    000000D7 D7                     265 	.db #0xd7	; 215
    000000D8 66                     266 	.db #0x66	; 102	'f'
    000000D9 D7                     267 	.db #0xd7	; 215
    000000DA 66                     268 	.db #0x66	; 102	'f'
    000000DB D7                     269 	.db #0xd7	; 215
    000000DC 66                     270 	.db #0x66	; 102	'f'
    000000DD D7                     271 	.db #0xd7	; 215
    000000DE 66                     272 	.db #0x66	; 102	'f'
    000000DF D7                     273 	.db #0xd7	; 215
    000000E0 66                     274 	.db #0x66	; 102	'f'
    000000E1 D6                     275 	.db #0xd6	; 214
    000000E2 66                     276 	.db #0x66	; 102	'f'
    000000E3 D6                     277 	.db #0xd6	; 214
    000000E4 66                     278 	.db #0x66	; 102	'f'
    000000E5 D6                     279 	.db #0xd6	; 214
    000000E6 66                     280 	.db #0x66	; 102	'f'
    000000E7 D6                     281 	.db #0xd6	; 214
    000000E8 66                     282 	.db #0x66	; 102	'f'
    000000E9 D6                     283 	.db #0xd6	; 214
    000000EA 56                     284 	.db #0x56	; 86	'V'
    000000EB D6                     285 	.db #0xd6	; 214
    000000EC 56                     286 	.db #0x56	; 86	'V'
    000000ED D6                     287 	.db #0xd6	; 214
    000000EE 56                     288 	.db #0x56	; 86	'V'
    000000EF D6                     289 	.db #0xd6	; 214
    000000F0 56                     290 	.db #0x56	; 86	'V'
    000000F1 D6                     291 	.db #0xd6	; 214
    000000F2 56                     292 	.db #0x56	; 86	'V'
    000000F3 D6                     293 	.db #0xd6	; 214
    000000F4 55                     294 	.db #0x55	; 85	'U'
    000000F5 D6                     295 	.db #0xd6	; 214
    000000F6 55                     296 	.db #0x55	; 85	'U'
    000000F7 D6                     297 	.db #0xd6	; 214
    000000F8 55                     298 	.db #0x55	; 85	'U'
    000000F9 D6                     299 	.db #0xd6	; 214
    000000FA 55                     300 	.db #0x55	; 85	'U'
    000000FB D6                     301 	.db #0xd6	; 214
    000000FC 55                     302 	.db #0x55	; 85	'U'
    000000FD D6                     303 	.db #0xd6	; 214
    000000FE 55                     304 	.db #0x55	; 85	'U'
    000000FF D6                     305 	.db #0xd6	; 214
    00000100 55                     306 	.db #0x55	; 85	'U'
    00000101 D5                     307 	.db #0xd5	; 213
    00000102 55                     308 	.db #0x55	; 85	'U'
    00000103 D5                     309 	.db #0xd5	; 213
    00000104 55                     310 	.db #0x55	; 85	'U'
    00000105 D5                     311 	.db #0xd5	; 213
    00000106 55                     312 	.db #0x55	; 85	'U'
    00000107 D5                     313 	.db #0xd5	; 213
    00000108 55                     314 	.db #0x55	; 85	'U'
    00000109 D5                     315 	.db #0xd5	; 213
    0000010A 55                     316 	.db #0x55	; 85	'U'
    0000010B D5                     317 	.db #0xd5	; 213
    0000010C 45                     318 	.db #0x45	; 69	'E'
    0000010D D5                     319 	.db #0xd5	; 213
    0000010E 45                     320 	.db #0x45	; 69	'E'
    0000010F D5                     321 	.db #0xd5	; 213
    00000110 45                     322 	.db #0x45	; 69	'E'
    00000111 D5                     323 	.db #0xd5	; 213
    00000112 45                     324 	.db #0x45	; 69	'E'
    00000113 D5                     325 	.db #0xd5	; 213
    00000114 45                     326 	.db #0x45	; 69	'E'
    00000115 D5                     327 	.db #0xd5	; 213
    00000116 45                     328 	.db #0x45	; 69	'E'
    00000117 D5                     329 	.db #0xd5	; 213
    00000118 45                     330 	.db #0x45	; 69	'E'
    00000119 D5                     331 	.db #0xd5	; 213
    0000011A 44                     332 	.db #0x44	; 68	'D'
    0000011B D5                     333 	.db #0xd5	; 213
    0000011C 44                     334 	.db #0x44	; 68	'D'
    0000011D D5                     335 	.db #0xd5	; 213
    0000011E 44                     336 	.db #0x44	; 68	'D'
    0000011F D5                     337 	.db #0xd5	; 213
    00000120 44                     338 	.db #0x44	; 68	'D'
    00000121 D5                     339 	.db #0xd5	; 213
    00000122 44                     340 	.db #0x44	; 68	'D'
    00000123 D5                     341 	.db #0xd5	; 213
    00000124 44                     342 	.db #0x44	; 68	'D'
    00000125 D5                     343 	.db #0xd5	; 213
    00000126 44                     344 	.db #0x44	; 68	'D'
    00000127 D5                     345 	.db #0xd5	; 213
    00000128 44                     346 	.db #0x44	; 68	'D'
    00000129 D4                     347 	.db #0xd4	; 212
    0000012A 44                     348 	.db #0x44	; 68	'D'
    0000012B D4                     349 	.db #0xd4	; 212
    0000012C 44                     350 	.db #0x44	; 68	'D'
    0000012D D4                     351 	.db #0xd4	; 212
    0000012E 44                     352 	.db #0x44	; 68	'D'
    0000012F D4                     353 	.db #0xd4	; 212
    00000130 44                     354 	.db #0x44	; 68	'D'
    00000131 D4                     355 	.db #0xd4	; 212
    00000132 44                     356 	.db #0x44	; 68	'D'
    00000133 D4                     357 	.db #0xd4	; 212
    00000134 44                     358 	.db #0x44	; 68	'D'
    00000135 D4                     359 	.db #0xd4	; 212
    00000136 44                     360 	.db #0x44	; 68	'D'
    00000137 D4                     361 	.db #0xd4	; 212
    00000138 34                     362 	.db #0x34	; 52	'4'
    00000139 D4                     363 	.db #0xd4	; 212
    0000013A 34                     364 	.db #0x34	; 52	'4'
    0000013B D4                     365 	.db #0xd4	; 212
    0000013C 34                     366 	.db #0x34	; 52	'4'
    0000013D D4                     367 	.db #0xd4	; 212
    0000013E 34                     368 	.db #0x34	; 52	'4'
    0000013F D4                     369 	.db #0xd4	; 212
    00000140 34                     370 	.db #0x34	; 52	'4'
    00000141 D4                     371 	.db #0xd4	; 212
    00000142 34                     372 	.db #0x34	; 52	'4'
    00000143 D4                     373 	.db #0xd4	; 212
    00000144 34                     374 	.db #0x34	; 52	'4'
    00000145 D4                     375 	.db #0xd4	; 212
    00000146 34                     376 	.db #0x34	; 52	'4'
    00000147 D4                     377 	.db #0xd4	; 212
    00000148 34                     378 	.db #0x34	; 52	'4'
    00000149 D4                     379 	.db #0xd4	; 212
    0000014A 33                     380 	.db #0x33	; 51	'3'
    0000014B D4                     381 	.db #0xd4	; 212
    0000014C 33                     382 	.db #0x33	; 51	'3'
    0000014D D4                     383 	.db #0xd4	; 212
    0000014E 33                     384 	.db #0x33	; 51	'3'
    0000014F D4                     385 	.db #0xd4	; 212
    00000150 33                     386 	.db #0x33	; 51	'3'
    00000151 D4                     387 	.db #0xd4	; 212
    00000152 33                     388 	.db #0x33	; 51	'3'
    00000153 D4                     389 	.db #0xd4	; 212
    00000154 33                     390 	.db #0x33	; 51	'3'
    00000155 D4                     391 	.db #0xd4	; 212
    00000156 33                     392 	.db #0x33	; 51	'3'
    00000157 D4                     393 	.db #0xd4	; 212
    00000158 33                     394 	.db #0x33	; 51	'3'
    00000159 D4                     395 	.db #0xd4	; 212
    0000015A 33                     396 	.db #0x33	; 51	'3'
    0000015B D3                     397 	.db #0xd3	; 211
    0000015C 33                     398 	.db #0x33	; 51	'3'
    0000015D D3                     399 	.db #0xd3	; 211
    0000015E 33                     400 	.db #0x33	; 51	'3'
    0000015F D3                     401 	.db #0xd3	; 211
    00000160 33                     402 	.db #0x33	; 51	'3'
    00000161 D3                     403 	.db #0xd3	; 211
    00000162 33                     404 	.db #0x33	; 51	'3'
    00000163 D3                     405 	.db #0xd3	; 211
    00000164 33                     406 	.db #0x33	; 51	'3'
    00000165 D3                     407 	.db #0xd3	; 211
    00000166 33                     408 	.db #0x33	; 51	'3'
    00000167 D3                     409 	.db #0xd3	; 211
    00000168 33                     410 	.db #0x33	; 51	'3'
    00000169 D3                     411 	.db #0xd3	; 211
    0000016A 33                     412 	.db #0x33	; 51	'3'
    0000016B D3                     413 	.db #0xd3	; 211
    0000016C 33                     414 	.db #0x33	; 51	'3'
    0000016D D3                     415 	.db #0xd3	; 211
    0000016E 23                     416 	.db #0x23	; 35
    0000016F D3                     417 	.db #0xd3	; 211
    00000170 23                     418 	.db #0x23	; 35
    00000171 D3                     419 	.db #0xd3	; 211
    00000172 23                     420 	.db #0x23	; 35
    00000173 D3                     421 	.db #0xd3	; 211
    00000174 23                     422 	.db #0x23	; 35
    00000175 D3                     423 	.db #0xd3	; 211
    00000176 23                     424 	.db #0x23	; 35
    00000177 D3                     425 	.db #0xd3	; 211
    00000178 23                     426 	.db #0x23	; 35
    00000179 D3                     427 	.db #0xd3	; 211
    0000017A 23                     428 	.db #0x23	; 35
    0000017B D3                     429 	.db #0xd3	; 211
    0000017C 23                     430 	.db #0x23	; 35
    0000017D D3                     431 	.db #0xd3	; 211
    0000017E 23                     432 	.db #0x23	; 35
    0000017F D3                     433 	.db #0xd3	; 211
    00000180 23                     434 	.db #0x23	; 35
    00000181 D3                     435 	.db #0xd3	; 211
    00000182 23                     436 	.db #0x23	; 35
    00000183 D3                     437 	.db #0xd3	; 211
    00000184 22                     438 	.db #0x22	; 34
    00000185 D3                     439 	.db #0xd3	; 211
    00000186 22                     440 	.db #0x22	; 34
    00000187 D3                     441 	.db #0xd3	; 211
    00000188 22                     442 	.db #0x22	; 34
    00000189 D3                     443 	.db #0xd3	; 211
    0000018A 22                     444 	.db #0x22	; 34
    0000018B D3                     445 	.db #0xd3	; 211
    0000018C 22                     446 	.db #0x22	; 34
    0000018D D3                     447 	.db #0xd3	; 211
    0000018E 22                     448 	.db #0x22	; 34
    0000018F D3                     449 	.db #0xd3	; 211
    00000190 22                     450 	.db #0x22	; 34
    00000191 D3                     451 	.db #0xd3	; 211
    00000192 22                     452 	.db #0x22	; 34
    00000193 D3                     453 	.db #0xd3	; 211
    00000194 22                     454 	.db #0x22	; 34
    00000195 D3                     455 	.db #0xd3	; 211
    00000196 22                     456 	.db #0x22	; 34
    00000197 D3                     457 	.db #0xd3	; 211
    00000198 22                     458 	.db #0x22	; 34
    00000199 D3                     459 	.db #0xd3	; 211
    0000019A 22                     460 	.db #0x22	; 34
    0000019B D2                     461 	.db #0xd2	; 210
    0000019C 22                     462 	.db #0x22	; 34
    0000019D D2                     463 	.db #0xd2	; 210
    0000019E 22                     464 	.db #0x22	; 34
    0000019F D2                     465 	.db #0xd2	; 210
    000001A0 22                     466 	.db #0x22	; 34
    000001A1 D2                     467 	.db #0xd2	; 210
    000001A2 22                     468 	.db #0x22	; 34
    000001A3 D2                     469 	.db #0xd2	; 210
    000001A4 22                     470 	.db #0x22	; 34
    000001A5 D2                     471 	.db #0xd2	; 210
    000001A6 22                     472 	.db #0x22	; 34
    000001A7 D2                     473 	.db #0xd2	; 210
    000001A8 22                     474 	.db #0x22	; 34
    000001A9 D2                     475 	.db #0xd2	; 210
    000001AA 22                     476 	.db #0x22	; 34
    000001AB D2                     477 	.db #0xd2	; 210
    000001AC 22                     478 	.db #0x22	; 34
    000001AD D2                     479 	.db #0xd2	; 210
    000001AE 22                     480 	.db #0x22	; 34
    000001AF D2                     481 	.db #0xd2	; 210
    000001B0 22                     482 	.db #0x22	; 34
    000001B1 D2                     483 	.db #0xd2	; 210
    000001B2 22                     484 	.db #0x22	; 34
    000001B3 D2                     485 	.db #0xd2	; 210
    000001B4 12                     486 	.db #0x12	; 18
    000001B5 D2                     487 	.db #0xd2	; 210
    000001B6 12                     488 	.db #0x12	; 18
    000001B7 D2                     489 	.db #0xd2	; 210
    000001B8 12                     490 	.db #0x12	; 18
    000001B9 D2                     491 	.db #0xd2	; 210
    000001BA 12                     492 	.db #0x12	; 18
    000001BB D2                     493 	.db #0xd2	; 210
    000001BC 12                     494 	.db #0x12	; 18
    000001BD D2                     495 	.db #0xd2	; 210
    000001BE 12                     496 	.db #0x12	; 18
    000001BF D2                     497 	.db #0xd2	; 210
    000001C0 12                     498 	.db #0x12	; 18
    000001C1 D2                     499 	.db #0xd2	; 210
    000001C2 12                     500 	.db #0x12	; 18
    000001C3 D2                     501 	.db #0xd2	; 210
    000001C4 12                     502 	.db #0x12	; 18
    000001C5 D2                     503 	.db #0xd2	; 210
    000001C6 12                     504 	.db #0x12	; 18
    000001C7 D2                     505 	.db #0xd2	; 210
    000001C8 12                     506 	.db #0x12	; 18
    000001C9 D2                     507 	.db #0xd2	; 210
    000001CA 12                     508 	.db #0x12	; 18
    000001CB D2                     509 	.db #0xd2	; 210
    000001CC 12                     510 	.db #0x12	; 18
    000001CD D2                     511 	.db #0xd2	; 210
    000001CE 12                     512 	.db #0x12	; 18
    000001CF D2                     513 	.db #0xd2	; 210
    000001D0 11                     514 	.db #0x11	; 17
    000001D1 D2                     515 	.db #0xd2	; 210
    000001D2 11                     516 	.db #0x11	; 17
    000001D3 D2                     517 	.db #0xd2	; 210
    000001D4 11                     518 	.db #0x11	; 17
    000001D5 D2                     519 	.db #0xd2	; 210
    000001D6 11                     520 	.db #0x11	; 17
    000001D7 D2                     521 	.db #0xd2	; 210
    000001D8 11                     522 	.db #0x11	; 17
    000001D9 D2                     523 	.db #0xd2	; 210
    000001DA 11                     524 	.db #0x11	; 17
    000001DB D2                     525 	.db #0xd2	; 210
    000001DC 11                     526 	.db #0x11	; 17
    000001DD D2                     527 	.db #0xd2	; 210
    000001DE 11                     528 	.db #0x11	; 17
    000001DF D2                     529 	.db #0xd2	; 210
    000001E0 11                     530 	.db #0x11	; 17
    000001E1 D2                     531 	.db #0xd2	; 210
    000001E2 11                     532 	.db #0x11	; 17
    000001E3 D2                     533 	.db #0xd2	; 210
    000001E4 11                     534 	.db #0x11	; 17
    000001E5 D2                     535 	.db #0xd2	; 210
    000001E6 11                     536 	.db #0x11	; 17
    000001E7 D2                     537 	.db #0xd2	; 210
    000001E8 11                     538 	.db #0x11	; 17
    000001E9 D2                     539 	.db #0xd2	; 210
    000001EA 11                     540 	.db #0x11	; 17
    000001EB D2                     541 	.db #0xd2	; 210
    000001EC 11                     542 	.db #0x11	; 17
    000001ED D1                     543 	.db #0xd1	; 209
    000001EE 11                     544 	.db #0x11	; 17
    000001EF D1                     545 	.db #0xd1	; 209
    000001F0 11                     546 	.db #0x11	; 17
    000001F1 D1                     547 	.db #0xd1	; 209
    000001F2 11                     548 	.db #0x11	; 17
    000001F3 D1                     549 	.db #0xd1	; 209
    000001F4 11                     550 	.db #0x11	; 17
    000001F5 D1                     551 	.db #0xd1	; 209
    000001F6 11                     552 	.db #0x11	; 17
    000001F7 D1                     553 	.db #0xd1	; 209
    000001F8 11                     554 	.db #0x11	; 17
    000001F9 D1                     555 	.db #0xd1	; 209
    000001FA 11                     556 	.db #0x11	; 17
    000001FB D1                     557 	.db #0xd1	; 209
    000001FC 11                     558 	.db #0x11	; 17
    000001FD D1                     559 	.db #0xd1	; 209
    000001FE 11                     560 	.db #0x11	; 17
    000001FF D1                     561 	.db #0xd1	; 209
    00000200 11                     562 	.db #0x11	; 17
    00000201 D1                     563 	.db #0xd1	; 209
    00000202 11                     564 	.db #0x11	; 17
    00000203 D1                     565 	.db #0xd1	; 209
    00000204 11                     566 	.db #0x11	; 17
    00000205 D1                     567 	.db #0xd1	; 209
    00000206 11                     568 	.db #0x11	; 17
    00000207 D1                     569 	.db #0xd1	; 209
    00000208 11                     570 	.db #0x11	; 17
    00000209 D1                     571 	.db #0xd1	; 209
    0000020A 11                     572 	.db #0x11	; 17
    0000020B D1                     573 	.db #0xd1	; 209
    0000020C 01                     574 	.db #0x01	; 1
    0000020D D1                     575 	.db #0xd1	; 209
    0000020E 01                     576 	.db #0x01	; 1
    0000020F D1                     577 	.db #0xd1	; 209
    00000210 01                     578 	.db #0x01	; 1
    00000211 D1                     579 	.db #0xd1	; 209
    00000212 01                     580 	.db #0x01	; 1
    00000213 D1                     581 	.db #0xd1	; 209
    00000214 01                     582 	.db #0x01	; 1
    00000215 D1                     583 	.db #0xd1	; 209
    00000216 01                     584 	.db #0x01	; 1
    00000217 D1                     585 	.db #0xd1	; 209
    00000218 01                     586 	.db #0x01	; 1
    00000219 D1                     587 	.db #0xd1	; 209
    0000021A 01                     588 	.db #0x01	; 1
    0000021B D1                     589 	.db #0xd1	; 209
    0000021C 01                     590 	.db #0x01	; 1
    0000021D D1                     591 	.db #0xd1	; 209
    0000021E 01                     592 	.db #0x01	; 1
    0000021F D1                     593 	.db #0xd1	; 209
    00000220 01                     594 	.db #0x01	; 1
    00000221 D1                     595 	.db #0xd1	; 209
    00000222 01                     596 	.db #0x01	; 1
    00000223 D1                     597 	.db #0xd1	; 209
    00000224 01                     598 	.db #0x01	; 1
    00000225 D1                     599 	.db #0xd1	; 209
    00000226 01                     600 	.db #0x01	; 1
    00000227 D1                     601 	.db #0xd1	; 209
    00000228 01                     602 	.db #0x01	; 1
    00000229 D1                     603 	.db #0xd1	; 209
    0000022A 01                     604 	.db #0x01	; 1
    0000022B D1                     605 	.db #0xd1	; 209
    0000022C 01                     606 	.db #0x01	; 1
    0000022D D1                     607 	.db #0xd1	; 209
    0000022E 00                     608 	.db #0x00	; 0
    0000022F D1                     609 	.db #0xd1	; 209
    00000230 00                     610 	.db #0x00	; 0
    00000231 D1                     611 	.db #0xd1	; 209
    00000232 00                     612 	.db #0x00	; 0
    00000233 D1                     613 	.db #0xd1	; 209
    00000234 00                     614 	.db #0x00	; 0
    00000235 D1                     615 	.db #0xd1	; 209
    00000236 00                     616 	.db #0x00	; 0
    00000237 D1                     617 	.db #0xd1	; 209
    00000238 00                     618 	.db #0x00	; 0
    00000239 D1                     619 	.db #0xd1	; 209
    0000023A 00                     620 	.db #0x00	; 0
    0000023B D1                     621 	.db #0xd1	; 209
    0000023C 00                     622 	.db #0x00	; 0
    0000023D D1                     623 	.db #0xd1	; 209
    0000023E 00                     624 	.db #0x00	; 0
    0000023F D1                     625 	.db #0xd1	; 209
    00000240 00                     626 	.db #0x00	; 0
    00000241 D1                     627 	.db #0xd1	; 209
    00000242 00                     628 	.db #0x00	; 0
    00000243 D1                     629 	.db #0xd1	; 209
    00000244 00                     630 	.db #0x00	; 0
    00000245 D1                     631 	.db #0xd1	; 209
    00000246 00                     632 	.db #0x00	; 0
    00000247 D1                     633 	.db #0xd1	; 209
    00000248 00                     634 	.db #0x00	; 0
    00000249 D1                     635 	.db #0xd1	; 209
    0000024A 00                     636 	.db #0x00	; 0
    0000024B D1                     637 	.db #0xd1	; 209
    0000024C 00                     638 	.db #0x00	; 0
    0000024D D1                     639 	.db #0xd1	; 209
    0000024E 00                     640 	.db #0x00	; 0
    0000024F D1                     641 	.db #0xd1	; 209
    00000250 00                     642 	.db #0x00	; 0
    00000251 D1                     643 	.db #0xd1	; 209
    00000252 00                     644 	.db #0x00	; 0
    00000253 D0                     645 	.db #0xd0	; 208
    00000254 00                     646 	.db #0x00	; 0
    00000255 D0                     647 	.db #0xd0	; 208
    00000256 00                     648 	.db #0x00	; 0
    00000257 D0                     649 	.db #0xd0	; 208
    00000258 00                     650 	.db #0x00	; 0
    00000259 D0                     651 	.db #0xd0	; 208
    0000025A 00                     652 	.db #0x00	; 0
    0000025B D0                     653 	.db #0xd0	; 208
    0000025C 00                     654 	.db #0x00	; 0
    0000025D D0                     655 	.db #0xd0	; 208
    0000025E 00                     656 	.db #0x00	; 0
    0000025F D0                     657 	.db #0xd0	; 208
    00000260 00                     658 	.db #0x00	; 0
    00000261 D0                     659 	.db #0xd0	; 208
                                    660 	.area _INITIALIZER
                                    661 	.area _CABS (ABS)
