                                      1 ;--------------------------------------------------------
                                      2 ; File Created by SDCC : free open source ISO C Compiler
                                      3 ; Version 4.5.1 #15267 (Mac OS X ppc)
                                      4 ;--------------------------------------------------------
                                      5 	.module main
                                      6 	
                                      7 ;--------------------------------------------------------
                                      8 ; Public variables in this module
                                      9 ;--------------------------------------------------------
                                     10 	.globl _main
                                     11 	.globl _ClearScreen
                                     12 	.globl _DrawTextAdvanced
                                     13 	.globl _vsyncMultiple
                                     14 	.globl _ResetLoadedCharacters
                                     15 	.globl _HideDialgoueBox
                                     16 	.globl _ShowDialgoueBox
                                     17 	.globl _ClearDialogueBox
                                     18 	.globl _WaitForAButton
                                     19 	.globl _BreakLineEarly
                                     20 	.globl _IsAlphaNumeric
                                     21 	.globl _GetTileForCharacter
                                     22 	.globl _MoveWindow
                                     23 	.globl _fill_win_rect
                                     24 	.globl _fill_bkg_rect
                                     25 	.globl _set_sprite_data
                                     26 	.globl _set_win_tile_xy
                                     27 	.globl _set_win_tiles
                                     28 	.globl _get_win_xy_addr
                                     29 	.globl _set_bkg_data
                                     30 	.globl _set_vram_byte
                                     31 	.globl _vsync
                                     32 	.globl _joypad
                                     33 	.globl _loadedCharacterCount
                                     34 	.globl _joypadPrevious
                                     35 	.globl _joypadCurrent
                                     36 	.globl _fontTilesStart
                                     37 	.globl _windowYPosition
                                     38 	.globl _loadedCharacters
                                     39 ;--------------------------------------------------------
                                     40 ; special function registers
                                     41 ;--------------------------------------------------------
                                     42 ;--------------------------------------------------------
                                     43 ; ram data
                                     44 ;--------------------------------------------------------
                                     45 	.area _DATA
    00000000                         46 _loadedCharacters::
    00000000                         47 	.ds 46
                                     48 ;--------------------------------------------------------
                                     49 ; ram data
                                     50 ;--------------------------------------------------------
                                     51 	.area _INITIALIZED
    00000000                         52 _windowYPosition::
    00000000                         53 	.ds 2
    00000002                         54 _fontTilesStart::
    00000002                         55 	.ds 1
    00000003                         56 _joypadCurrent::
    00000003                         57 	.ds 1
    00000004                         58 _joypadPrevious::
    00000004                         59 	.ds 1
    00000005                         60 _loadedCharacterCount::
    00000005                         61 	.ds 1
                                     62 ;--------------------------------------------------------
                                     63 ; absolute external ram data
                                     64 ;--------------------------------------------------------
                                     65 	.area _DABS (ABS)
                                     66 ;--------------------------------------------------------
                                     67 ; global & static initialisations
                                     68 ;--------------------------------------------------------
                                     69 	.area _HOME
                                     70 	.area _GSINIT
                                     71 	.area _GSFINAL
                                     72 	.area _GSINIT
                                     73 ;--------------------------------------------------------
                                     74 ; Home
                                     75 ;--------------------------------------------------------
                                     76 	.area _HOME
                                     77 	.area _HOME
                                     78 ;--------------------------------------------------------
                                     79 ; code
                                     80 ;--------------------------------------------------------
                                     81 	.area _CODE
                                     82 ;src/main.c:50: void MoveWindow(void){
                                     83 ;	---------------------------------
                                     84 ; Function MoveWindow
                                     85 ; ---------------------------------
    00000000                         86 _MoveWindow::
                                     87 ;src/main.c:54: move_win(7,windowYPosition);
    00000000 FAr00r00         [16]   88 	ld	a, (_windowYPosition)
    00000003 4F               [ 4]   89 	ld	c, a
                                     90 ;../../../include/gb/gb.h:1739: WX_REG=x, WY_REG=y;
    00000004 3E 07            [ 8]   91 	ld	a, #0x07
    00000006 E0r00            [12]   92 	ldh	(_WX_REG + 0), a
    00000008 79               [ 4]   93 	ld	a, c
    00000009 E0r00            [12]   94 	ldh	(_WY_REG + 0), a
                                     95 ;src/main.c:54: move_win(7,windowYPosition);
                                     96 ;src/main.c:57: }
    0000000B C9               [16]   97 	ret
                                     98 ;src/main.c:60: uint8_t GetTileForCharacter(char character) {
                                     99 ;	---------------------------------
                                    100 ; Function GetTileForCharacter
                                    101 ; ---------------------------------
    0000000C                        102 _GetTileForCharacter::
    0000000C 47               [ 4]  103 	ld	b, a
                                    104 ;src/main.c:62: uint8_t vramTile=0;
    0000000D 0E 00            [ 8]  105 	ld	c, #0x00
                                    106 ;src/main.c:68: if      (character >= 'a' && character <= 'z') vramTile = (character - 'a') + 1;
    0000000F 78               [ 4]  107 	ld	a, b
    00000010 EE 80            [ 8]  108 	xor	a, #0x80
    00000012 D6 E1            [ 8]  109 	sub	a, #0xe1
    00000014 38 1E            [12]  110 	jr	C, 00120$
    00000016 58               [ 4]  111 	ld	e, b
    00000017 3E 7A            [ 8]  112 	ld	a,#0x7a
    00000019 57               [ 4]  113 	ld	d,a
    0000001A 90               [ 4]  114 	sub	a, b
    0000001B CB 7B            [ 8]  115 	bit	7, e
    0000001D 28 07            [12]  116 	jr	Z, 00230$
    0000001F CB 7A            [ 8]  117 	bit	7, d
    00000021 20 08            [12]  118 	jr	NZ, 00231$
    00000023 BF               [ 4]  119 	cp	a, a
    00000024 18 05            [12]  120 	jr	00231$
    00000026                        121 00230$:
    00000026 CB 7A            [ 8]  122 	bit	7, d
    00000028 28 01            [12]  123 	jr	Z, 00231$
    0000002A 37               [ 4]  124 	scf
    0000002B                        125 00231$:
    0000002B 38 07            [12]  126 	jr	C, 00120$
    0000002D 78               [ 4]  127 	ld	a, b
    0000002E C6 A0            [ 8]  128 	add	a, #0xa0
    00000030 4F               [ 4]  129 	ld	c, a
    00000031 C3rC5r00         [16]  130 	jp	00121$
    00000034                        131 00120$:
                                    132 ;src/main.c:69: else if (character >= 'A' && character <= 'Z') vramTile = (character - 'A') + 1;
    00000034 78               [ 4]  133 	ld	a, b
    00000035 EE 80            [ 8]  134 	xor	a, #0x80
    00000037 D6 C1            [ 8]  135 	sub	a, #0xc1
    00000039 38 1D            [12]  136 	jr	C, 00116$
    0000003B 58               [ 4]  137 	ld	e, b
    0000003C 3E 5A            [ 8]  138 	ld	a,#0x5a
    0000003E 57               [ 4]  139 	ld	d,a
    0000003F 90               [ 4]  140 	sub	a, b
    00000040 CB 7B            [ 8]  141 	bit	7, e
    00000042 28 07            [12]  142 	jr	Z, 00232$
    00000044 CB 7A            [ 8]  143 	bit	7, d
    00000046 20 08            [12]  144 	jr	NZ, 00233$
    00000048 BF               [ 4]  145 	cp	a, a
    00000049 18 05            [12]  146 	jr	00233$
    0000004B                        147 00232$:
    0000004B CB 7A            [ 8]  148 	bit	7, d
    0000004D 28 01            [12]  149 	jr	Z, 00233$
    0000004F 37               [ 4]  150 	scf
    00000050                        151 00233$:
    00000050 38 06            [12]  152 	jr	C, 00116$
    00000052 78               [ 4]  153 	ld	a, b
    00000053 C6 C0            [ 8]  154 	add	a, #0xc0
    00000055 4F               [ 4]  155 	ld	c, a
    00000056 18 6D            [12]  156 	jr	00121$
    00000058                        157 00116$:
                                    158 ;src/main.c:70: else if (character >= '0' && character <= '9') vramTile = (character - '0') + 27;
    00000058 78               [ 4]  159 	ld	a, b
    00000059 EE 80            [ 8]  160 	xor	a, #0x80
    0000005B D6 B0            [ 8]  161 	sub	a, #0xb0
    0000005D 38 1D            [12]  162 	jr	C, 00112$
    0000005F 58               [ 4]  163 	ld	e, b
    00000060 3E 39            [ 8]  164 	ld	a,#0x39
    00000062 57               [ 4]  165 	ld	d,a
    00000063 90               [ 4]  166 	sub	a, b
    00000064 CB 7B            [ 8]  167 	bit	7, e
    00000066 28 07            [12]  168 	jr	Z, 00234$
    00000068 CB 7A            [ 8]  169 	bit	7, d
    0000006A 20 08            [12]  170 	jr	NZ, 00235$
    0000006C BF               [ 4]  171 	cp	a, a
    0000006D 18 05            [12]  172 	jr	00235$
    0000006F                        173 00234$:
    0000006F CB 7A            [ 8]  174 	bit	7, d
    00000071 28 01            [12]  175 	jr	Z, 00235$
    00000073 37               [ 4]  176 	scf
    00000074                        177 00235$:
    00000074 38 06            [12]  178 	jr	C, 00112$
    00000076 78               [ 4]  179 	ld	a, b
    00000077 C6 EB            [ 8]  180 	add	a, #0xeb
    00000079 4F               [ 4]  181 	ld	c, a
    0000007A 18 49            [12]  182 	jr	00121$
    0000007C                        183 00112$:
                                    184 ;src/main.c:72: switch(character) {
    0000007C 78               [ 4]  185 	ld	a,b
    0000007D FE 21            [ 8]  186 	cp	a,#0x21
    0000007F 28 22            [12]  187 	jr	Z, 00101$
    00000081 FE 2C            [ 8]  188 	cp	a,#0x2c
    00000083 28 32            [12]  189 	jr	Z, 00106$
    00000085 FE 2E            [ 8]  190 	cp	a,#0x2e
    00000087 28 32            [12]  191 	jr	Z, 00107$
    00000089 FE 2F            [ 8]  192 	cp	a,#0x2f
    0000008B 28 22            [12]  193 	jr	Z, 00104$
    0000008D FE 3A            [ 8]  194 	cp	a,#0x3a
    0000008F 28 16            [12]  195 	jr	Z, 00102$
    00000091 FE 3C            [ 8]  196 	cp	a,#0x3c
    00000093 28 2A            [12]  197 	jr	Z, 00108$
    00000095 FE 3D            [ 8]  198 	cp	a,#0x3d
    00000097 28 1A            [12]  199 	jr	Z, 00105$
    00000099 FE 3E            [ 8]  200 	cp	a,#0x3e
    0000009B 28 26            [12]  201 	jr	Z, 00109$
    0000009D D6 3F            [ 8]  202 	sub	a, #0x3f
    0000009F 28 0A            [12]  203 	jr	Z, 00103$
    000000A1 18 22            [12]  204 	jr	00121$
                                    205 ;src/main.c:73: case '!': vramTile = 37; break;
    000000A3                        206 00101$:
    000000A3 0E 25            [ 8]  207 	ld	c, #0x25
    000000A5 18 1E            [12]  208 	jr	00121$
                                    209 ;src/main.c:74: case ':': vramTile = 38; break;
    000000A7                        210 00102$:
    000000A7 0E 26            [ 8]  211 	ld	c, #0x26
    000000A9 18 1A            [12]  212 	jr	00121$
                                    213 ;src/main.c:75: case '?': vramTile = 39; break;
    000000AB                        214 00103$:
    000000AB 0E 27            [ 8]  215 	ld	c, #0x27
    000000AD 18 16            [12]  216 	jr	00121$
                                    217 ;src/main.c:76: case '/': vramTile = 40; break;
    000000AF                        218 00104$:
    000000AF 0E 28            [ 8]  219 	ld	c, #0x28
    000000B1 18 12            [12]  220 	jr	00121$
                                    221 ;src/main.c:77: case '=': vramTile = 41; break;
    000000B3                        222 00105$:
    000000B3 0E 29            [ 8]  223 	ld	c, #0x29
    000000B5 18 0E            [12]  224 	jr	00121$
                                    225 ;src/main.c:78: case ',': vramTile = 42; break;
    000000B7                        226 00106$:
    000000B7 0E 2A            [ 8]  227 	ld	c, #0x2a
    000000B9 18 0A            [12]  228 	jr	00121$
                                    229 ;src/main.c:79: case '.': vramTile = 43; break;
    000000BB                        230 00107$:
    000000BB 0E 2B            [ 8]  231 	ld	c, #0x2b
    000000BD 18 06            [12]  232 	jr	00121$
                                    233 ;src/main.c:80: case '<': vramTile = 44; break;
    000000BF                        234 00108$:
    000000BF 0E 2C            [ 8]  235 	ld	c, #0x2c
    000000C1 18 02            [12]  236 	jr	00121$
                                    237 ;src/main.c:81: case '>': vramTile = 45; break;
    000000C3                        238 00109$:
    000000C3 0E 2D            [ 8]  239 	ld	c, #0x2d
                                    240 ;src/main.c:82: }
    000000C5                        241 00121$:
                                    242 ;src/main.c:85: return vramTile;
    000000C5 79               [ 4]  243 	ld	a, c
                                    244 ;src/main.c:87: }
    000000C6 C9               [16]  245 	ret
                                    246 ;src/main.c:89: uint8_t IsAlphaNumeric(char character){
                                    247 ;	---------------------------------
                                    248 ; Function IsAlphaNumeric
                                    249 ; ---------------------------------
    000000C7                        250 _IsAlphaNumeric::
                                    251 ;src/main.c:92: if(character>='a'&&character<='z')return TRUE;
    000000C7 4F               [ 4]  252 	ld	c, a
    000000C8 EE 80            [ 8]  253 	xor	a, #0x80
    000000CA D6 E1            [ 8]  254 	sub	a, #0xe1
    000000CC 38 1A            [12]  255 	jr	C, 00109$
    000000CE 59               [ 4]  256 	ld	e, c
    000000CF 3E 7A            [ 8]  257 	ld	a,#0x7a
    000000D1 57               [ 4]  258 	ld	d,a
    000000D2 91               [ 4]  259 	sub	a, c
    000000D3 CB 7B            [ 8]  260 	bit	7, e
    000000D5 28 07            [12]  261 	jr	Z, 00156$
    000000D7 CB 7A            [ 8]  262 	bit	7, d
    000000D9 20 08            [12]  263 	jr	NZ, 00157$
    000000DB BF               [ 4]  264 	cp	a, a
    000000DC 18 05            [12]  265 	jr	00157$
    000000DE                        266 00156$:
    000000DE CB 7A            [ 8]  267 	bit	7, d
    000000E0 28 01            [12]  268 	jr	Z, 00157$
    000000E2 37               [ 4]  269 	scf
    000000E3                        270 00157$:
    000000E3 38 03            [12]  271 	jr	C, 00109$
    000000E5 3E 01            [ 8]  272 	ld	a, #0x01
    000000E7 C9               [16]  273 	ret
    000000E8                        274 00109$:
                                    275 ;src/main.c:93: else if(character>='A'&&character<='Z')return TRUE;
    000000E8 79               [ 4]  276 	ld	a, c
    000000E9 EE 80            [ 8]  277 	xor	a, #0x80
    000000EB D6 C1            [ 8]  278 	sub	a, #0xc1
    000000ED 38 1A            [12]  279 	jr	C, 00105$
    000000EF 59               [ 4]  280 	ld	e, c
    000000F0 3E 5A            [ 8]  281 	ld	a,#0x5a
    000000F2 57               [ 4]  282 	ld	d,a
    000000F3 91               [ 4]  283 	sub	a, c
    000000F4 CB 7B            [ 8]  284 	bit	7, e
    000000F6 28 07            [12]  285 	jr	Z, 00158$
    000000F8 CB 7A            [ 8]  286 	bit	7, d
    000000FA 20 08            [12]  287 	jr	NZ, 00159$
    000000FC BF               [ 4]  288 	cp	a, a
    000000FD 18 05            [12]  289 	jr	00159$
    000000FF                        290 00158$:
    000000FF CB 7A            [ 8]  291 	bit	7, d
    00000101 28 01            [12]  292 	jr	Z, 00159$
    00000103 37               [ 4]  293 	scf
    00000104                        294 00159$:
    00000104 38 03            [12]  295 	jr	C, 00105$
    00000106 3E 01            [ 8]  296 	ld	a, #0x01
    00000108 C9               [16]  297 	ret
    00000109                        298 00105$:
                                    299 ;src/main.c:94: else if(character>='0'&&character<='9')return TRUE;
    00000109 79               [ 4]  300 	ld	a, c
    0000010A EE 80            [ 8]  301 	xor	a, #0x80
    0000010C D6 B0            [ 8]  302 	sub	a, #0xb0
    0000010E 38 1A            [12]  303 	jr	C, 00110$
    00000110 59               [ 4]  304 	ld	e, c
    00000111 3E 39            [ 8]  305 	ld	a,#0x39
    00000113 57               [ 4]  306 	ld	d,a
    00000114 91               [ 4]  307 	sub	a, c
    00000115 CB 7B            [ 8]  308 	bit	7, e
    00000117 28 07            [12]  309 	jr	Z, 00160$
    00000119 CB 7A            [ 8]  310 	bit	7, d
    0000011B 20 08            [12]  311 	jr	NZ, 00161$
    0000011D BF               [ 4]  312 	cp	a, a
    0000011E 18 05            [12]  313 	jr	00161$
    00000120                        314 00160$:
    00000120 CB 7A            [ 8]  315 	bit	7, d
    00000122 28 01            [12]  316 	jr	Z, 00161$
    00000124 37               [ 4]  317 	scf
    00000125                        318 00161$:
    00000125 38 03            [12]  319 	jr	C, 00110$
    00000127 3E 01            [ 8]  320 	ld	a, #0x01
    00000129 C9               [16]  321 	ret
    0000012A                        322 00110$:
                                    323 ;src/main.c:96: return FALSE;
    0000012A AF               [ 4]  324 	xor	a, a
                                    325 ;src/main.c:97: }
    0000012B C9               [16]  326 	ret
                                    327 ;src/main.c:99: uint8_t BreakLineEarly(uint16_t index, uint8_t columnSize, char* text){
                                    328 ;	---------------------------------
                                    329 ; Function BreakLineEarly
                                    330 ; ---------------------------------
    0000012C                        331 _BreakLineEarly::
    0000012C E8 FB            [16]  332 	add	sp, #-5
    0000012E F8 01            [12]  333 	ldhl	sp,	#1
                                    334 ;src/main.c:101: char character = text[index++];
    00000130 22               [ 8]  335 	ld	(hl+), a
    00000131 4B               [ 4]  336 	ld	c, e
    00000132 42               [ 4]  337 	ld	b, d
    00000133 13               [ 8]  338 	inc	de
    00000134 7B               [ 4]  339 	ld	a, e
    00000135 22               [ 8]  340 	ld	(hl+), a
    00000136 72               [ 8]  341 	ld	(hl), d
    00000137 F8 07            [12]  342 	ldhl	sp,	#7
    00000139 2A               [ 8]  343 	ld	a,	(hl+)
    0000013A 66               [ 8]  344 	ld	h, (hl)
    0000013B 6F               [ 4]  345 	ld	l, a
    0000013C 09               [ 8]  346 	add	hl, bc
    0000013D 4D               [ 4]  347 	ld	c, l
    0000013E 44               [ 4]  348 	ld	b, h
    0000013F 0A               [ 8]  349 	ld	a, (bc)
    00000140 4F               [ 4]  350 	ld	c, a
                                    351 ;src/main.c:104: if(columnSize>=INNER_DIALOGUE_BOX_WIDTH)return TRUE;
    00000141 F8 01            [12]  352 	ldhl	sp,	#1
    00000143 7E               [ 8]  353 	ld	a, (hl)
    00000144 D6 12            [ 8]  354 	sub	a, #0x12
    00000146 38 04            [12]  355 	jr	C, 00102$
    00000148 3E 01            [ 8]  356 	ld	a, #0x01
    0000014A 18 3B            [12]  357 	jr	00110$
    0000014C                        358 00102$:
                                    359 ;src/main.c:107: if(IsAlphaNumeric(character))return FALSE;
    0000014C 79               [ 4]  360 	ld	a, c
    0000014D CDrC7r00         [24]  361 	call	_IsAlphaNumeric
    00000150 B7               [ 4]  362 	or	a, a
    00000151 28 03            [12]  363 	jr	Z, 00104$
    00000153 AF               [ 4]  364 	xor	a, a
    00000154 18 31            [12]  365 	jr	00110$
    00000156                        366 00104$:
                                    367 ;src/main.c:111: uint8_t nextColumnSize=columnSize+1;
    00000156 F8 01            [12]  368 	ldhl	sp,	#1
    00000158 7E               [ 8]  369 	ld	a, (hl)
    00000159 3C               [ 4]  370 	inc	a
    0000015A F8 04            [12]  371 	ldhl	sp,	#4
                                    372 ;src/main.c:114: while((character=text[index++])!='\0'){
    0000015C 32               [ 8]  373 	ld	(hl-), a
    0000015D 2B               [ 8]  374 	dec	hl
    0000015E 2A               [ 8]  375 	ld	a, (hl+)
    0000015F 4F               [ 4]  376 	ld	c, a
    00000160 46               [ 8]  377 	ld	b, (hl)
    00000161                        378 00107$:
    00000161 F8 07            [12]  379 	ldhl	sp,	#7
    00000163 2A               [ 8]  380 	ld	a,	(hl+)
    00000164 66               [ 8]  381 	ld	h, (hl)
    00000165 6F               [ 4]  382 	ld	l, a
    00000166 09               [ 8]  383 	add	hl, bc
    00000167 5D               [ 4]  384 	ld	e, l
    00000168 54               [ 4]  385 	ld	d, h
    00000169 03               [ 8]  386 	inc	bc
    0000016A 1A               [ 8]  387 	ld	a, (de)
    0000016B F8 00            [12]  388 	ldhl	sp,	#0
    0000016D 77               [ 8]  389 	ld	(hl), a
    0000016E B7               [ 4]  390 	or	a, a
    0000016F 28 0E            [12]  391 	jr	Z, 00109$
                                    392 ;src/main.c:117: if(!IsAlphaNumeric(character))break;
    00000171 C5               [16]  393 	push	bc
    00000172 7E               [ 8]  394 	ld	a, (hl)
    00000173 CDrC7r00         [24]  395 	call	_IsAlphaNumeric
    00000176 C1               [12]  396 	pop	bc
    00000177 B7               [ 4]  397 	or	a, a
    00000178 28 05            [12]  398 	jr	Z, 00109$
                                    399 ;src/main.c:120: nextColumnSize++;
    0000017A F8 04            [12]  400 	ldhl	sp,	#4
    0000017C 34               [12]  401 	inc	(hl)
    0000017D 18 E2            [12]  402 	jr	00107$
    0000017F                        403 00109$:
                                    404 ;src/main.c:124: return nextColumnSize>INNER_DIALOGUE_BOX_WIDTH;
    0000017F 3E 12            [ 8]  405 	ld	a, #0x12
    00000181 F8 04            [12]  406 	ldhl	sp,	#4
    00000183 96               [ 8]  407 	sub	a, (hl)
    00000184 3E 00            [ 8]  408 	ld	a, #0x00
    00000186 17               [ 4]  409 	rla
    00000187                        410 00110$:
                                    411 ;src/main.c:125: }   
    00000187 E8 05            [16]  412 	add	sp, #5
    00000189 E1               [12]  413 	pop	hl
    0000018A C1               [12]  414 	pop	bc
    0000018B E9               [ 4]  415 	jp	(hl)
                                    416 ;src/main.c:128: void WaitForAButton(void){
                                    417 ;	---------------------------------
                                    418 ; Function WaitForAButton
                                    419 ; ---------------------------------
    0000018C                        420 _WaitForAButton::
                                    421 ;src/main.c:129: while(TRUE){
    0000018C                        422 00105$:
                                    423 ;src/main.c:131: joypadPrevious=joypadCurrent;
    0000018C FAr03r00         [16]  424 	ld	a, (#_joypadCurrent)
    0000018F EAr04r00         [16]  425 	ld	(#_joypadPrevious),a
                                    426 ;src/main.c:132: joypadCurrent = joypad();
    00000192 CDr00r00         [24]  427 	call	_joypad
    00000195 21r03r00         [12]  428 	ld	hl, #_joypadCurrent
    00000198 77               [ 8]  429 	ld	(hl), a
                                    430 ;src/main.c:134: if((joypadCurrent & J_A) && !(joypadPrevious & J_A))break;
    00000199 CB 66            [12]  431 	bit	4, (hl)
    0000019B 28 EF            [12]  432 	jr	Z, 00105$
    0000019D FAr04r00         [16]  433 	ld	a, (_joypadPrevious)
    000001A0 CB 67            [ 8]  434 	bit	4, a
    000001A2 20 E8            [12]  435 	jr	NZ, 00105$
                                    436 ;src/main.c:137: }
    000001A4 C9               [16]  437 	ret
                                    438 ;src/main.c:139: void ClearDialogueBox(void){
                                    439 ;	---------------------------------
                                    440 ; Function ClearDialogueBox
                                    441 ; ---------------------------------
    000001A5                        442 _ClearDialogueBox::
                                    443 ;src/main.c:142: fill_winbkg_rect(1,DIALOGUE_BOX_Y+1,DEVICE_SCREEN_WIDTH-2,DIALOG_BOX_HEIGHT-2,0);
    000001A5 AF               [ 4]  444 	xor	a, a
    000001A6 67               [ 4]  445 	ld	h, a
    000001A7 2E 05            [ 8]  446 	ld	l, #0x05
    000001A9 E5               [16]  447 	push	hl
    000001AA 21 01 12         [12]  448 	ld	hl, #0x1201
    000001AD E5               [16]  449 	push	hl
    000001AE 3E 01            [ 8]  450 	ld	a, #0x01
    000001B0 F5               [16]  451 	push	af
    000001B1 33               [ 8]  452 	inc	sp
    000001B2 CDr00r00         [24]  453 	call	_fill_win_rect
    000001B5 E8 05            [16]  454 	add	sp, #5
                                    455 ;src/main.c:145: fill_winbkg_rect(1,DIALOGUE_BOX_Y,DEVICE_SCREEN_WIDTH-2,1,2);
    000001B7 21 01 02         [12]  456 	ld	hl, #0x201
    000001BA E5               [16]  457 	push	hl
    000001BB 3E 12            [ 8]  458 	ld	a, #0x12
    000001BD F5               [16]  459 	push	af
    000001BE 33               [ 8]  460 	inc	sp
    000001BF 21 01 00         [12]  461 	ld	hl, #0x01
    000001C2 E5               [16]  462 	push	hl
    000001C3 CDr00r00         [24]  463 	call	_fill_win_rect
    000001C6 E8 05            [16]  464 	add	sp, #5
                                    465 ;src/main.c:146: set_winbkg_tile_xy(DEVICE_SCREEN_WIDTH-1,DIALOGUE_BOX_Y+DIALOG_BOX_HEIGHT-1,6);
    000001C8 3E 06            [ 8]  466 	ld	a, #0x06
    000001CA F5               [16]  467 	push	af
    000001CB 33               [ 8]  468 	inc	sp
    000001CC 1E 06            [ 8]  469 	ld	e, #0x06
    000001CE 3E 13            [ 8]  470 	ld	a, #0x13
    000001D0 CDr00r00         [24]  471 	call	_set_win_tile_xy
                                    472 ;src/main.c:147: fill_winbkg_rect(1,DIALOGUE_BOX_Y+DIALOG_BOX_HEIGHT-1,DEVICE_SCREEN_WIDTH-2,1,2);
    000001D3 21 01 02         [12]  473 	ld	hl, #0x201
    000001D6 E5               [16]  474 	push	hl
    000001D7 21 06 12         [12]  475 	ld	hl, #0x1206
    000001DA E5               [16]  476 	push	hl
    000001DB 3E 01            [ 8]  477 	ld	a, #0x01
    000001DD F5               [16]  478 	push	af
    000001DE 33               [ 8]  479 	inc	sp
    000001DF CDr00r00         [24]  480 	call	_fill_win_rect
    000001E2 E8 05            [16]  481 	add	sp, #5
                                    482 ;src/main.c:150: fill_winbkg_rect(0,DIALOGUE_BOX_Y+1,1,DIALOG_BOX_HEIGHT-2,4);
    000001E4 21 05 04         [12]  483 	ld	hl, #0x405
    000001E7 E5               [16]  484 	push	hl
    000001E8 21 01 01         [12]  485 	ld	hl, #0x101
    000001EB E5               [16]  486 	push	hl
    000001EC AF               [ 4]  487 	xor	a, a
    000001ED F5               [16]  488 	push	af
    000001EE 33               [ 8]  489 	inc	sp
    000001EF CDr00r00         [24]  490 	call	_fill_win_rect
    000001F2 E8 05            [16]  491 	add	sp, #5
                                    492 ;src/main.c:151: fill_winbkg_rect(DEVICE_SCREEN_WIDTH-1,DIALOGUE_BOX_Y+1,1,DIALOG_BOX_HEIGHT-2,4);
    000001F4 21 05 04         [12]  493 	ld	hl, #0x405
    000001F7 E5               [16]  494 	push	hl
    000001F8 21 01 01         [12]  495 	ld	hl, #0x101
    000001FB E5               [16]  496 	push	hl
    000001FC 3E 13            [ 8]  497 	ld	a, #0x13
    000001FE F5               [16]  498 	push	af
    000001FF 33               [ 8]  499 	inc	sp
    00000200 CDr00r00         [24]  500 	call	_fill_win_rect
    00000203 E8 05            [16]  501 	add	sp, #5
                                    502 ;src/main.c:154: set_winbkg_tile_xy(0,DIALOGUE_BOX_Y,1);
    00000205 3E 01            [ 8]  503 	ld	a, #0x01
    00000207 F5               [16]  504 	push	af
    00000208 33               [ 8]  505 	inc	sp
    00000209 AF               [ 4]  506 	xor	a, a
    0000020A 5F               [ 4]  507 	ld	e, a
    0000020B CDr00r00         [24]  508 	call	_set_win_tile_xy
                                    509 ;src/main.c:155: set_winbkg_tile_xy(DEVICE_SCREEN_WIDTH-1,DIALOGUE_BOX_Y,3);
    0000020E 3E 03            [ 8]  510 	ld	a, #0x03
    00000210 F5               [16]  511 	push	af
    00000211 33               [ 8]  512 	inc	sp
    00000212 1E 00            [ 8]  513 	ld	e, #0x00
    00000214 3E 13            [ 8]  514 	ld	a, #0x13
    00000216 CDr00r00         [24]  515 	call	_set_win_tile_xy
                                    516 ;src/main.c:158: set_winbkg_tile_xy(0,DIALOGUE_BOX_Y+DIALOG_BOX_HEIGHT-1,5);
    00000219 3E 05            [ 8]  517 	ld	a, #0x05
    0000021B F5               [16]  518 	push	af
    0000021C 33               [ 8]  519 	inc	sp
    0000021D 1E 06            [ 8]  520 	ld	e, #0x06
    0000021F AF               [ 4]  521 	xor	a, a
    00000220 CDr00r00         [24]  522 	call	_set_win_tile_xy
                                    523 ;src/main.c:159: set_winbkg_tile_xy(DEVICE_SCREEN_WIDTH-1,DIALOGUE_BOX_Y+DIALOG_BOX_HEIGHT-1,6);
    00000223 3E 06            [ 8]  524 	ld	a, #0x06
    00000225 F5               [16]  525 	push	af
    00000226 33               [ 8]  526 	inc	sp
    00000227 1E 06            [ 8]  527 	ld	e, #0x06
    00000229 3E 13            [ 8]  528 	ld	a, #0x13
    0000022B CDr00r00         [24]  529 	call	_set_win_tile_xy
                                    530 ;src/main.c:160: }
    0000022E C9               [16]  531 	ret
                                    532 ;src/main.c:162: void ShowDialgoueBox(void){
                                    533 ;	---------------------------------
                                    534 ; Function ShowDialgoueBox
                                    535 ; ---------------------------------
    0000022F                        536 _ShowDialgoueBox::
                                    537 ;src/main.c:164: ClearDialogueBox();
    0000022F CDrA5r01         [24]  538 	call	_ClearDialogueBox
                                    539 ;src/main.c:168: while(windowYPosition>desiredWindowPosition){
    00000232                        540 00101$:
    00000232 21r00r00         [12]  541 	ld	hl, #_windowYPosition
    00000235 3E 58            [ 8]  542 	ld	a, #0x58
    00000237 96               [ 8]  543 	sub	a, (hl)
    00000238 23               [ 8]  544 	inc	hl
    00000239 3E 00            [ 8]  545 	ld	a, #0x00
    0000023B 9E               [ 8]  546 	sbc	a, (hl)
    0000023C 3E 00            [ 8]  547 	ld	a, #0x00
    0000023E 57               [ 4]  548 	ld	d, a
    0000023F CB 7E            [12]  549 	bit	7, (hl)
    00000241 28 07            [12]  550 	jr	Z, 00120$
    00000243 CB 7A            [ 8]  551 	bit	7, d
    00000245 20 08            [12]  552 	jr	NZ, 00121$
    00000247 BF               [ 4]  553 	cp	a, a
    00000248 18 05            [12]  554 	jr	00121$
    0000024A                        555 00120$:
    0000024A CB 7A            [ 8]  556 	bit	7, d
    0000024C 28 01            [12]  557 	jr	Z, 00121$
    0000024E 37               [ 4]  558 	scf
    0000024F                        559 00121$:
    0000024F D0               [20]  560 	ret	NC
                                    561 ;src/main.c:170: windowYPosition-=4;
    00000250 FAr00r00         [16]  562 	ld	a, (_windowYPosition)
    00000253 21r01r00         [12]  563 	ld	hl, #_windowYPosition + 1
    00000256 4E               [ 8]  564 	ld	c, (hl)
    00000257 2B               [ 8]  565 	dec	hl
    00000258 C6 FC            [ 8]  566 	add	a, #0xfc
    0000025A 47               [ 4]  567 	ld	b, a
    0000025B 79               [ 4]  568 	ld	a, c
    0000025C CE FF            [ 8]  569 	adc	a, #0xff
    0000025E 70               [ 8]  570 	ld	(hl), b
    0000025F 23               [ 8]  571 	inc	hl
    00000260 77               [ 8]  572 	ld	(hl), a
                                    573 ;src/main.c:171: MoveWindow();
    00000261 CDr00r00         [24]  574 	call	_MoveWindow
                                    575 ;src/main.c:172: vsync();
    00000264 CDr00r00         [24]  576 	call	_vsync
                                    577 ;src/main.c:174: }
    00000267 18 C9            [12]  578 	jr	00101$
                                    579 ;src/main.c:176: void HideDialgoueBox(void){
                                    580 ;	---------------------------------
                                    581 ; Function HideDialgoueBox
                                    582 ; ---------------------------------
    00000269                        583 _HideDialgoueBox::
                                    584 ;src/main.c:180: while(windowYPosition<desiredWindowPosition){
    00000269                        585 00101$:
    00000269 21r00r00         [12]  586 	ld	hl, #_windowYPosition
    0000026C 2A               [ 8]  587 	ld	a, (hl+)
    0000026D D6 90            [ 8]  588 	sub	a, #0x90
    0000026F 7E               [ 8]  589 	ld	a, (hl)
    00000270 DE 00            [ 8]  590 	sbc	a, #0x00
    00000272 56               [ 8]  591 	ld	d, (hl)
    00000273 3E 00            [ 8]  592 	ld	a, #0x00
    00000275 CB 7F            [ 8]  593 	bit	7,a
    00000277 28 07            [12]  594 	jr	Z, 00120$
    00000279 CB 7A            [ 8]  595 	bit	7, d
    0000027B 20 08            [12]  596 	jr	NZ, 00121$
    0000027D BF               [ 4]  597 	cp	a, a
    0000027E 18 05            [12]  598 	jr	00121$
    00000280                        599 00120$:
    00000280 CB 7A            [ 8]  600 	bit	7, d
    00000282 28 01            [12]  601 	jr	Z, 00121$
    00000284 37               [ 4]  602 	scf
    00000285                        603 00121$:
    00000285 D0               [20]  604 	ret	NC
                                    605 ;src/main.c:182: windowYPosition+=4;
    00000286 FAr00r00         [16]  606 	ld	a, (_windowYPosition)
    00000289 4F               [ 4]  607 	ld	c, a
    0000028A 21r01r00         [12]  608 	ld	hl, #_windowYPosition + 1
    0000028D 3A               [ 8]  609 	ld	a, (hl-)
    0000028E 47               [ 4]  610 	ld	b, a
    0000028F 03               [ 8]  611 	inc	bc
    00000290 03               [ 8]  612 	inc	bc
    00000291 03               [ 8]  613 	inc	bc
    00000292 03               [ 8]  614 	inc	bc
    00000293 79               [ 4]  615 	ld	a, c
    00000294 22               [ 8]  616 	ld	(hl+), a
    00000295 70               [ 8]  617 	ld	(hl), b
                                    618 ;src/main.c:183: MoveWindow();
    00000296 CDr00r00         [24]  619 	call	_MoveWindow
                                    620 ;src/main.c:184: vsync();
    00000299 CDr00r00         [24]  621 	call	_vsync
                                    622 ;src/main.c:186: }
    0000029C 18 CB            [12]  623 	jr	00101$
                                    624 ;src/main.c:188: void ResetLoadedCharacters(void){
                                    625 ;	---------------------------------
                                    626 ; Function ResetLoadedCharacters
                                    627 ; ---------------------------------
    0000029E                        628 _ResetLoadedCharacters::
                                    629 ;src/main.c:190: loadedCharacterCount=1;
    0000029E 21r05r00         [12]  630 	ld	hl, #_loadedCharacterCount
    000002A1 36 01            [12]  631 	ld	(hl), #0x01
                                    632 ;src/main.c:193: for(uint8_t i=0;i<45;i++)loadedCharacters[i]=255;
    000002A3 0E 00            [ 8]  633 	ld	c, #0x00
    000002A5                        634 00103$:
    000002A5 79               [ 4]  635 	ld	a, c
    000002A6 D6 2D            [ 8]  636 	sub	a, #0x2d
    000002A8 D0               [20]  637 	ret	NC
    000002A9 21r00r00         [12]  638 	ld	hl, #_loadedCharacters
    000002AC 06 00            [ 8]  639 	ld	b, #0x00
    000002AE 09               [ 8]  640 	add	hl, bc
    000002AF 36 FF            [12]  641 	ld	(hl), #0xff
    000002B1 0C               [ 4]  642 	inc	c
                                    643 ;src/main.c:194: }
    000002B2 18 F1            [12]  644 	jr	00103$
                                    645 ;src/main.c:196: void vsyncMultiple(uint8_t count){
                                    646 ;	---------------------------------
                                    647 ; Function vsyncMultiple
                                    648 ; ---------------------------------
    000002B4                        649 _vsyncMultiple::
    000002B4 4F               [ 4]  650 	ld	c, a
                                    651 ;src/main.c:199: for(uint8_t i=0;i<count;i++){
    000002B5 06 00            [ 8]  652 	ld	b, #0x00
    000002B7                        653 00103$:
    000002B7 78               [ 4]  654 	ld	a, b
    000002B8 91               [ 4]  655 	sub	a, c
    000002B9 D0               [20]  656 	ret	NC
                                    657 ;src/main.c:201: vsync();
    000002BA CDr00r00         [24]  658 	call	_vsync
                                    659 ;src/main.c:199: for(uint8_t i=0;i<count;i++){
    000002BD 04               [ 4]  660 	inc	b
                                    661 ;src/main.c:203: }
    000002BE 18 F7            [12]  662 	jr	00103$
                                    663 ;src/main.c:205: void DrawTextAdvanced(char* text){
                                    664 ;	---------------------------------
                                    665 ; Function DrawTextAdvanced
                                    666 ; ---------------------------------
    000002C0                        667 _DrawTextAdvanced::
    000002C0 E8 8A            [16]  668 	add	sp, #-118
    000002C2 F8 6F            [12]  669 	ldhl	sp,	#111
    000002C4 7B               [ 4]  670 	ld	a, e
    000002C5 22               [ 8]  671 	ld	(hl+), a
    000002C6 72               [ 8]  672 	ld	(hl), d
                                    673 ;src/main.c:210: ShowDialgoueBox();
    000002C7 CDr2Fr02         [24]  674 	call	_ShowDialgoueBox
                                    675 ;src/main.c:212: ResetLoadedCharacters();
    000002CA CDr9Er02         [24]  676 	call	_ResetLoadedCharacters
                                    677 ;src/main.c:214: uint16_t index=0;
    000002CD AF               [ 4]  678 	xor	a, a
    000002CE F8 71            [12]  679 	ldhl	sp,	#113
    000002D0 22               [ 8]  680 	ld	(hl+), a
    000002D1 77               [ 8]  681 	ld	(hl), a
                                    682 ;src/main.c:215: uint8_t columnSize=0;
    000002D2 F8 6E            [12]  683 	ldhl	sp,	#110
    000002D4 36 00            [12]  684 	ld	(hl), #0x00
                                    685 ;src/main.c:216: uint8_t rowCount=0;
    000002D6 F8 00            [12]  686 	ldhl	sp,	#0
    000002D8 36 00            [12]  687 	ld	(hl), #0x00
                                    688 ;src/main.c:221: uint8_t copyBufferCount=0;
    000002DA F8 73            [12]  689 	ldhl	sp,	#115
    000002DC 36 00            [12]  690 	ld	(hl), #0x00
                                    691 ;src/main.c:224: for(uint8_t k=0;k<INNER_DIALOGUE_BOX_WIDTH;k++){
    000002DE 0E 00            [ 8]  692 	ld	c, #0x00
    000002E0                        693 00136$:
    000002E0 79               [ 4]  694 	ld	a, c
    000002E1 D6 12            [ 8]  695 	sub	a, #0x12
    000002E3 30 26            [12]  696 	jr	NC, 00102$
                                    697 ;src/main.c:225: for(uint8_t t=0;t<DIALOG_BOX_INNER_HEIGHT+1;t++){
    000002E5 06 00            [ 8]  698 	ld	b, #0x00
    000002E7                        699 00133$:
    000002E7 78               [ 4]  700 	ld	a, b
    000002E8 D6 06            [ 8]  701 	sub	a, #0x06
    000002EA 30 1C            [12]  702 	jr	NC, 00137$
                                    703 ;src/main.c:226: copyBuffer[t][k]=0;
    000002EC 58               [ 4]  704 	ld	e, b
    000002ED 16 00            [ 8]  705 	ld	d, #0x00
    000002EF 6B               [ 4]  706 	ld	l, e
    000002F0 62               [ 4]  707 	ld	h, d
    000002F1 29               [ 8]  708 	add	hl, hl
    000002F2 29               [ 8]  709 	add	hl, hl
    000002F3 29               [ 8]  710 	add	hl, hl
    000002F4 19               [ 8]  711 	add	hl, de
    000002F5 29               [ 8]  712 	add	hl, hl
    000002F6 E5               [16]  713 	push	hl
    000002F7 21 03 00         [12]  714 	ld	hl, #3
    000002FA 39               [ 8]  715 	add	hl, sp
    000002FB 5D               [ 4]  716 	ld	e, l
    000002FC 54               [ 4]  717 	ld	d, h
    000002FD E1               [12]  718 	pop	hl
    000002FE 19               [ 8]  719 	add	hl, de
    000002FF 59               [ 4]  720 	ld	e, c
    00000300 16 00            [ 8]  721 	ld	d, #0x00
    00000302 19               [ 8]  722 	add	hl, de
    00000303 36 00            [12]  723 	ld	(hl), #0x00
                                    724 ;src/main.c:225: for(uint8_t t=0;t<DIALOG_BOX_INNER_HEIGHT+1;t++){
    00000305 04               [ 4]  725 	inc	b
    00000306 18 DF            [12]  726 	jr	00133$
    00000308                        727 00137$:
                                    728 ;src/main.c:224: for(uint8_t k=0;k<INNER_DIALOGUE_BOX_WIDTH;k++){
    00000308 0C               [ 4]  729 	inc	c
    00000309 18 D5            [12]  730 	jr	00136$
    0000030B                        731 00102$:
                                    732 ;src/main.c:232: uint8_t* vramAddress = get_winbkg_xy_addr(column,row);
    0000030B 21 01 01         [12]  733 	ld	hl, #0x101
    0000030E E5               [16]  734 	push	hl
    0000030F CDr00r00         [24]  735 	call	_get_win_xy_addr
    00000312 E1               [12]  736 	pop	hl
    00000313 F8 74            [12]  737 	ldhl	sp,	#116
    00000315 7B               [ 4]  738 	ld	a, e
    00000316 22               [ 8]  739 	ld	(hl+), a
    00000317 72               [ 8]  740 	ld	(hl), d
                                    741 ;src/main.c:236: while((c=text[index])!='\0'){
    00000318                        742 00125$:
    00000318 F8 6F            [12]  743 	ldhl	sp,#111
    0000031A 2A               [ 8]  744 	ld	a, (hl+)
    0000031B 5F               [ 4]  745 	ld	e, a
    0000031C 2A               [ 8]  746 	ld	a, (hl+)
    0000031D 57               [ 4]  747 	ld	d, a
    0000031E 2A               [ 8]  748 	ld	a,	(hl+)
    0000031F 66               [ 8]  749 	ld	h, (hl)
    00000320 6F               [ 4]  750 	ld	l, a
    00000321 19               [ 8]  751 	add	hl, de
    00000322 4D               [ 4]  752 	ld	c, l
    00000323 44               [ 4]  753 	ld	b, h
    00000324 0A               [ 8]  754 	ld	a, (bc)
    00000325 5F               [ 4]  755 	ld	e, a
    00000326 F8 6D            [12]  756 	ldhl	sp,	#109
    00000328 7B               [ 4]  757 	ld	a,e
                                    758 ;src/main.c:238: uint8_t vramTile = GetTileForCharacter(c);
    00000329 77               [ 8]  759 	ld	(hl),a
    0000032A B7               [ 4]  760 	or	a,a
    0000032B CAr00r05         [16]  761 	jp	Z,00127$
    0000032E CDr0Cr00         [24]  762 	call	_GetTileForCharacter
                                    763 ;src/main.c:241: if(loadedCharacters[vramTile]==255){
    00000331 5F               [ 4]  764 	ld	e, a
    00000332 C6r00            [ 8]  765 	add	a,#<(_loadedCharacters)
    00000334 4F               [ 4]  766 	ld	c, a
    00000335 3Es00            [ 8]  767 	ld	a, #>(_loadedCharacters)
    00000337 CE 00            [ 8]  768 	adc	a, #0x00
    00000339 47               [ 4]  769 	ld	b, a
    0000033A 0A               [ 8]  770 	ld	a, (bc)
    0000033B 3C               [ 4]  771 	inc	a
    0000033C 20 29            [12]  772 	jr	NZ, 00104$
                                    773 ;src/main.c:244: loadedCharacters[vramTile]=fontTilesStart+loadedCharacterCount++;
    0000033E FAr05r00         [16]  774 	ld	a, (_loadedCharacterCount)
    00000341 57               [ 4]  775 	ld	d, a
    00000342 21r05r00         [12]  776 	ld	hl, #_loadedCharacterCount
    00000345 34               [12]  777 	inc	(hl)
    00000346 7A               [ 4]  778 	ld	a, d
    00000347 21r02r00         [12]  779 	ld	hl, #_fontTilesStart
    0000034A 86               [ 8]  780 	add	a, (hl)
    0000034B 57               [ 4]  781 	ld	d, a
    0000034C 02               [ 8]  782 	ld	(bc), a
                                    783 ;src/main.c:247: set_native_tile_data(loadedCharacters[vramTile],1,Font_tiles+vramTile*TILE_SIZE_BYTES);
    0000034D AF               [ 4]  784 	xor	a, a
    0000034E 6B               [ 4]  785 	ld	l, e
    0000034F 67               [ 4]  786 	ld	h, a
    00000350 29               [ 8]  787 	add	hl, hl
    00000351 29               [ 8]  788 	add	hl, hl
    00000352 29               [ 8]  789 	add	hl, hl
    00000353 29               [ 8]  790 	add	hl, hl
    00000354 D5               [16]  791 	push	de
    00000355 11r00r00         [12]  792 	ld	de, #_Font_tiles
    00000358 19               [ 8]  793 	add	hl, de
    00000359 D1               [12]  794 	pop	de
    0000035A 7A               [ 4]  795 	ld	a, d
                                    796 ;../../../include/gb/gb.h:2146: set_bkg_data(first_tile, nb_tiles, data);
    0000035B E5               [16]  797 	push	hl
    0000035C 26 01            [ 8]  798 	ld	h, #0x01
    0000035E E5               [16]  799 	push	hl
    0000035F 33               [ 8]  800 	inc	sp
    00000360 F5               [16]  801 	push	af
    00000361 33               [ 8]  802 	inc	sp
    00000362 CDr00r00         [24]  803 	call	_set_bkg_data
    00000365 E8 04            [16]  804 	add	sp, #4
                                    805 ;src/main.c:247: set_native_tile_data(loadedCharacters[vramTile],1,Font_tiles+vramTile*TILE_SIZE_BYTES);
    00000367                        806 00104$:
                                    807 ;src/main.c:253: set_vram_byte(vramAddress++,loadedCharacters[vramTile]);
    00000367 0A               [ 8]  808 	ld	a, (bc)
    00000368 F8 74            [12]  809 	ldhl	sp,	#116
    0000036A 5E               [ 8]  810 	ld	e, (hl)
    0000036B 23               [ 8]  811 	inc	hl
    0000036C 56               [ 8]  812 	ld	d, (hl)
    0000036D 2B               [ 8]  813 	dec	hl
    0000036E 34               [12]  814 	inc	(hl)
    0000036F 20 02            [12]  815 	jr	NZ, 00350$
    00000371 23               [ 8]  816 	inc	hl
    00000372 34               [12]  817 	inc	(hl)
    00000373                        818 00350$:
    00000373 CDr00r00         [24]  819 	call	_set_vram_byte
                                    820 ;src/main.c:261: if(rowCount<DIALOG_BOX_INNER_HEIGHT)copyBuffer[rowCount][copyBufferCount++] = loadedCharacters[vramTile];
    00000376 F8 00            [12]  821 	ldhl	sp,	#0
    00000378 5E               [ 8]  822 	ld	e, (hl)
    00000379 16 00            [ 8]  823 	ld	d, #0x00
    0000037B 6B               [ 4]  824 	ld	l, e
    0000037C 62               [ 4]  825 	ld	h, d
    0000037D 29               [ 8]  826 	add	hl, hl
    0000037E 29               [ 8]  827 	add	hl, hl
    0000037F 29               [ 8]  828 	add	hl, hl
    00000380 19               [ 8]  829 	add	hl, de
    00000381 29               [ 8]  830 	add	hl, hl
    00000382 E5               [16]  831 	push	hl
    00000383 F5               [16]  832 	push	af
    00000384 21 05 00         [12]  833 	ld	hl, #5
    00000387 39               [ 8]  834 	add	hl, sp
    00000388 F1               [12]  835 	pop	af
    00000389 7D               [ 4]  836 	ld	a, l
    0000038A E1               [12]  837 	pop	hl
    0000038B 85               [ 4]  838 	add	a, l
    0000038C 5F               [ 4]  839 	ld	e, a
    0000038D E5               [16]  840 	push	hl
    0000038E F5               [16]  841 	push	af
    0000038F 21 05 00         [12]  842 	ld	hl, #5
    00000392 39               [ 8]  843 	add	hl, sp
    00000393 F1               [12]  844 	pop	af
    00000394 7C               [ 4]  845 	ld	a, h
    00000395 E1               [12]  846 	pop	hl
    00000396 8C               [ 4]  847 	adc	a, h
    00000397 57               [ 4]  848 	ld	d, a
    00000398 F8 73            [12]  849 	ldhl	sp,	#115
    0000039A 7E               [ 8]  850 	ld	a, (hl)
    0000039B 34               [12]  851 	inc	(hl)
    0000039C 6F               [ 4]  852 	ld	l, a
    0000039D 26 00            [ 8]  853 	ld	h, #0x00
    0000039F 19               [ 8]  854 	add	hl, de
    000003A0 0A               [ 8]  855 	ld	a, (bc)
    000003A1 77               [ 8]  856 	ld	(hl), a
                                    857 ;src/main.c:263: index++;
    000003A2 F8 71            [12]  858 	ldhl	sp,	#113
    000003A4 34               [12]  859 	inc	(hl)
    000003A5 20 02            [12]  860 	jr	NZ, 00351$
    000003A7 23               [ 8]  861 	inc	hl
    000003A8 34               [12]  862 	inc	(hl)
    000003A9                        863 00351$:
                                    864 ;src/main.c:264: columnSize++;
    000003A9 F8 6E            [12]  865 	ldhl	sp,	#110
    000003AB 34               [12]  866 	inc	(hl)
                                    867 ;src/main.c:267: if(BreakLineEarly(index,columnSize,text) || c=='.'){
    000003AC 23               [ 8]  868 	inc	hl
    000003AD 2A               [ 8]  869 	ld	a, (hl+)
    000003AE 5F               [ 4]  870 	ld	e, a
    000003AF 3A               [ 8]  871 	ld	a, (hl-)
    000003B0 2B               [ 8]  872 	dec	hl
    000003B1 57               [ 4]  873 	ld	d, a
    000003B2 D5               [16]  874 	push	de
    000003B3 7E               [ 8]  875 	ld	a, (hl)
    000003B4 F8 73            [12]  876 	ldhl	sp,	#115
    000003B6 5E               [ 8]  877 	ld	e, (hl)
    000003B7 23               [ 8]  878 	inc	hl
    000003B8 56               [ 8]  879 	ld	d, (hl)
    000003B9 CDr2Cr01         [24]  880 	call	_BreakLineEarly
    000003BC 4F               [ 4]  881 	ld	c, a
    000003BD F8 6D            [12]  882 	ldhl	sp,	#109
    000003BF 7E               [ 8]  883 	ld	a, (hl)
    000003C0 D6 2E            [ 8]  884 	sub	a, #0x2e
    000003C2 3E 01            [ 8]  885 	ld	a, #0x01
    000003C4 28 01            [12]  886 	jr	Z, 00353$
    000003C6 AF               [ 4]  887 	xor	a, a
    000003C7                        888 00353$:
    000003C7 5F               [ 4]  889 	ld	e, a
    000003C8 79               [ 4]  890 	ld	a, c
    000003C9 B7               [ 4]  891 	or	a, a
    000003CA 20 04            [12]  892 	jr	NZ, 00122$
    000003CC B3               [ 4]  893 	or	a, e
    000003CD CArF8r04         [16]  894 	jp	Z, 00123$
    000003D0                        895 00122$:
                                    896 ;src/main.c:269: rowCount+=LINE_SKIP;
    000003D0 F8 00            [12]  897 	ldhl	sp,	#0
    000003D2 7E               [ 8]  898 	ld	a, (hl)
    000003D3 C6 02            [ 8]  899 	add	a, #0x02
    000003D5 77               [ 8]  900 	ld	(hl), a
                                    901 ;src/main.c:272: copyBufferCount=0;
    000003D6 F8 73            [12]  902 	ldhl	sp,	#115
    000003D8 36 00            [12]  903 	ld	(hl), #0x00
                                    904 ;src/main.c:276: if(c=='.'||c=='?'){
    000003DA 7B               [ 4]  905 	ld	a, e
    000003DB B7               [ 4]  906 	or	a, a
    000003DC 20 07            [12]  907 	jr	NZ, 00115$
    000003DE F8 6D            [12]  908 	ldhl	sp,	#109
    000003E0 7E               [ 8]  909 	ld	a, (hl)
    000003E1 D6 3F            [ 8]  910 	sub	a, #0x3f
    000003E3 20 38            [12]  911 	jr	NZ, 00116$
    000003E5                        912 00115$:
                                    913 ;src/main.c:277: WaitForAButton();
    000003E5 CDr8Cr01         [24]  914 	call	_WaitForAButton
                                    915 ;src/main.c:278: ClearDialogueBox();
    000003E8 CDrA5r01         [24]  916 	call	_ClearDialogueBox
                                    917 ;src/main.c:279: rowCount=0;
    000003EB F8 00            [12]  918 	ldhl	sp,	#0
    000003ED 36 00            [12]  919 	ld	(hl), #0x00
                                    920 ;src/main.c:282: for(uint8_t k=0;k<INNER_DIALOGUE_BOX_WIDTH;k++){
    000003EF 0E 00            [ 8]  921 	ld	c, #0x00
    000003F1                        922 00142$:
    000003F1 79               [ 4]  923 	ld	a, c
    000003F2 D6 12            [ 8]  924 	sub	a, #0x12
    000003F4 D2rC9r04         [16]  925 	jp	NC, 00117$
                                    926 ;src/main.c:283: for(uint8_t t=0;t<DIALOG_BOX_INNER_HEIGHT+1;t++){
    000003F7 06 00            [ 8]  927 	ld	b, #0x00
    000003F9                        928 00139$:
    000003F9 78               [ 4]  929 	ld	a, b
    000003FA D6 06            [ 8]  930 	sub	a, #0x06
    000003FC 30 1C            [12]  931 	jr	NC, 00143$
                                    932 ;src/main.c:284: copyBuffer[t][k]=0;
    000003FE 58               [ 4]  933 	ld	e, b
    000003FF 16 00            [ 8]  934 	ld	d, #0x00
    00000401 6B               [ 4]  935 	ld	l, e
    00000402 62               [ 4]  936 	ld	h, d
    00000403 29               [ 8]  937 	add	hl, hl
    00000404 29               [ 8]  938 	add	hl, hl
    00000405 29               [ 8]  939 	add	hl, hl
    00000406 19               [ 8]  940 	add	hl, de
    00000407 29               [ 8]  941 	add	hl, hl
    00000408 E5               [16]  942 	push	hl
    00000409 21 03 00         [12]  943 	ld	hl, #3
    0000040C 39               [ 8]  944 	add	hl, sp
    0000040D 5D               [ 4]  945 	ld	e, l
    0000040E 54               [ 4]  946 	ld	d, h
    0000040F E1               [12]  947 	pop	hl
    00000410 19               [ 8]  948 	add	hl, de
    00000411 59               [ 4]  949 	ld	e, c
    00000412 16 00            [ 8]  950 	ld	d, #0x00
    00000414 19               [ 8]  951 	add	hl, de
    00000415 36 00            [12]  952 	ld	(hl), #0x00
                                    953 ;src/main.c:283: for(uint8_t t=0;t<DIALOG_BOX_INNER_HEIGHT+1;t++){
    00000417 04               [ 4]  954 	inc	b
    00000418 18 DF            [12]  955 	jr	00139$
    0000041A                        956 00143$:
                                    957 ;src/main.c:282: for(uint8_t k=0;k<INNER_DIALOGUE_BOX_WIDTH;k++){
    0000041A 0C               [ 4]  958 	inc	c
    0000041B 18 D4            [12]  959 	jr	00142$
    0000041D                        960 00116$:
                                    961 ;src/main.c:291: else if( rowCount>=DIALOG_BOX_INNER_HEIGHT){
    0000041D F8 00            [12]  962 	ldhl	sp,	#0
                                    963 ;src/main.c:294: uint8_t shiftCount = rowCount-LINE_SKIP;
    0000041F 7E               [ 8]  964 	ld	a,(hl)
    00000420 FE 05            [ 8]  965 	cp	a,#0x05
    00000422 DArC9r04         [16]  966 	jp	C,00117$
    00000425 C6 FE            [ 8]  967 	add	a, #0xfe
    00000427 F8 6D            [12]  968 	ldhl	sp,	#109
    00000429 77               [ 8]  969 	ld	(hl), a
                                    970 ;src/main.c:296: for(uint8_t k=0;k<shiftCount;k++){
    0000042A F8 74            [12]  971 	ldhl	sp,	#116
    0000042C 36 00            [12]  972 	ld	(hl), #0x00
    0000042E                        973 00148$:
    0000042E F8 74            [12]  974 	ldhl	sp,	#116
    00000430 7E               [ 8]  975 	ld	a, (hl)
    00000431 F8 6D            [12]  976 	ldhl	sp,	#109
    00000433 96               [ 8]  977 	sub	a, (hl)
    00000434 30 62            [12]  978 	jr	NC, 00110$
                                    979 ;src/main.c:298: for(uint8_t t=0;t<DIALOG_BOX_INNER_HEIGHT;t++){
    00000436 F8 75            [12]  980 	ldhl	sp,	#117
    00000438 36 00            [12]  981 	ld	(hl), #0x00
    0000043A                        982 00145$:
    0000043A F8 75            [12]  983 	ldhl	sp,	#117
    0000043C 7E               [ 8]  984 	ld	a, (hl)
    0000043D D6 05            [ 8]  985 	sub	a, #0x05
    0000043F 30 4D            [12]  986 	jr	NC, 00109$
                                    987 ;src/main.c:300: uint8_t copyBufferIndex = MIN(1+t+k,DIALOG_BOX_INNER_HEIGHT);
    00000441 3A               [ 8]  988 	ld	a, (hl-)
    00000442 4F               [ 4]  989 	ld	c, a
    00000443 AF               [ 4]  990 	xor	a, a
    00000444 47               [ 4]  991 	ld	b, a
    00000445 03               [ 8]  992 	inc	bc
    00000446 2A               [ 8]  993 	ld	a, (hl+)
    00000447 1E 00            [ 8]  994 	ld	e, #0x00
    00000449 81               [ 4]  995 	add	a, c
    0000044A 4F               [ 4]  996 	ld	c, a
    0000044B 7B               [ 4]  997 	ld	a, e
    0000044C 88               [ 4]  998 	adc	a, b
    0000044D 47               [ 4]  999 	ld	b, a
    0000044E 7E               [ 8] 1000 	ld	a, (hl)
    0000044F 3C               [ 4] 1001 	inc	a
    00000450 F8 6E            [12] 1002 	ldhl	sp,	#110
    00000452 77               [ 8] 1003 	ld	(hl), a
    00000453 79               [ 4] 1004 	ld	a, c
    00000454 D6 05            [ 8] 1005 	sub	a, #0x05
    00000456 78               [ 4] 1006 	ld	a, b
    00000457 17               [ 4] 1007 	rla
    00000458 3F               [ 4] 1008 	ccf
    00000459 1F               [ 4] 1009 	rra
    0000045A DE 80            [ 8] 1010 	sbc	a, #0x80
    0000045C 30 09            [12] 1011 	jr	NC, 00158$
    0000045E F8 74            [12] 1012 	ldhl	sp,	#116
    00000460 7E               [ 8] 1013 	ld	a, (hl)
    00000461 F8 6E            [12] 1014 	ldhl	sp,	#110
    00000463 86               [ 8] 1015 	add	a, (hl)
    00000464 4F               [ 4] 1016 	ld	c, a
    00000465 18 02            [12] 1017 	jr	00159$
    00000467                       1018 00158$:
    00000467 0E 05            [ 8] 1019 	ld	c, #0x05
    00000469                       1020 00159$:
                                   1021 ;src/main.c:302: set_text_tiles(1,DIALOGUE_BOX_Y+1+t,INNER_DIALOGUE_BOX_WIDTH,1,copyBuffer[copyBufferIndex]);
    00000469 06 00            [ 8] 1022 	ld	b, #0x00
    0000046B 69               [ 4] 1023 	ld	l, c
    0000046C 60               [ 4] 1024 	ld	h, b
    0000046D 29               [ 8] 1025 	add	hl, hl
    0000046E 29               [ 8] 1026 	add	hl, hl
    0000046F 29               [ 8] 1027 	add	hl, hl
    00000470 09               [ 8] 1028 	add	hl, bc
    00000471 29               [ 8] 1029 	add	hl, hl
    00000472 4D               [ 4] 1030 	ld	c, l
    00000473 44               [ 4] 1031 	ld	b, h
    00000474 21 01 00         [12] 1032 	ld	hl, #1
    00000477 39               [ 8] 1033 	add	hl, sp
    00000478 09               [ 8] 1034 	add	hl, bc
    00000479 E5               [16] 1035 	push	hl
    0000047A 21 12 01         [12] 1036 	ld	hl, #0x112
    0000047D E5               [16] 1037 	push	hl
    0000047E F8 72            [12] 1038 	ldhl	sp,	#114
    00000480 66               [ 8] 1039 	ld	h, (hl)
    00000481 2E 01            [ 8] 1040 	ld	l, #0x01
    00000483 E5               [16] 1041 	push	hl
    00000484 CDr00r00         [24] 1042 	call	_set_win_tiles
    00000487 E8 06            [16] 1043 	add	sp, #6
                                   1044 ;src/main.c:298: for(uint8_t t=0;t<DIALOG_BOX_INNER_HEIGHT;t++){
    00000489 F8 75            [12] 1045 	ldhl	sp,	#117
    0000048B 34               [12] 1046 	inc	(hl)
    0000048C 18 AC            [12] 1047 	jr	00145$
    0000048E                       1048 00109$:
                                   1049 ;src/main.c:306: vsyncMultiple(LINE_SKIP_DELAY);
    0000048E 3E 07            [ 8] 1050 	ld	a, #0x07
    00000490 CDrB4r02         [24] 1051 	call	_vsyncMultiple
                                   1052 ;src/main.c:296: for(uint8_t k=0;k<shiftCount;k++){
    00000493 F8 74            [12] 1053 	ldhl	sp,	#116
    00000495 34               [12] 1054 	inc	(hl)
    00000496 18 96            [12] 1055 	jr	00148$
    00000498                       1056 00110$:
                                   1057 ;src/main.c:310: for(uint8_t k=0;k<INNER_DIALOGUE_BOX_WIDTH;k++){
    00000498 0E 00            [ 8] 1058 	ld	c, #0x00
    0000049A                       1059 00154$:
    0000049A 79               [ 4] 1060 	ld	a, c
    0000049B D6 12            [ 8] 1061 	sub	a, #0x12
    0000049D 30 26            [12] 1062 	jr	NC, 00112$
                                   1063 ;src/main.c:311: for(uint8_t t=0;t<DIALOG_BOX_INNER_HEIGHT;t++){
    0000049F 06 00            [ 8] 1064 	ld	b, #0x00
    000004A1                       1065 00151$:
    000004A1 78               [ 4] 1066 	ld	a, b
    000004A2 D6 05            [ 8] 1067 	sub	a, #0x05
    000004A4 30 1C            [12] 1068 	jr	NC, 00155$
                                   1069 ;src/main.c:312: copyBuffer[t][k]=0;
    000004A6 58               [ 4] 1070 	ld	e, b
    000004A7 16 00            [ 8] 1071 	ld	d, #0x00
    000004A9 6B               [ 4] 1072 	ld	l, e
    000004AA 62               [ 4] 1073 	ld	h, d
    000004AB 29               [ 8] 1074 	add	hl, hl
    000004AC 29               [ 8] 1075 	add	hl, hl
    000004AD 29               [ 8] 1076 	add	hl, hl
    000004AE 19               [ 8] 1077 	add	hl, de
    000004AF 29               [ 8] 1078 	add	hl, hl
    000004B0 E5               [16] 1079 	push	hl
    000004B1 21 03 00         [12] 1080 	ld	hl, #3
    000004B4 39               [ 8] 1081 	add	hl, sp
    000004B5 5D               [ 4] 1082 	ld	e, l
    000004B6 54               [ 4] 1083 	ld	d, h
    000004B7 E1               [12] 1084 	pop	hl
    000004B8 19               [ 8] 1085 	add	hl, de
    000004B9 59               [ 4] 1086 	ld	e, c
    000004BA 16 00            [ 8] 1087 	ld	d, #0x00
    000004BC 19               [ 8] 1088 	add	hl, de
    000004BD 36 00            [12] 1089 	ld	(hl), #0x00
                                   1090 ;src/main.c:311: for(uint8_t t=0;t<DIALOG_BOX_INNER_HEIGHT;t++){
    000004BF 04               [ 4] 1091 	inc	b
    000004C0 18 DF            [12] 1092 	jr	00151$
    000004C2                       1093 00155$:
                                   1094 ;src/main.c:310: for(uint8_t k=0;k<INNER_DIALOGUE_BOX_WIDTH;k++){
    000004C2 0C               [ 4] 1095 	inc	c
    000004C3 18 D5            [12] 1096 	jr	00154$
    000004C5                       1097 00112$:
                                   1098 ;src/main.c:317: rowCount=LINE_SKIP;
    000004C5 F8 00            [12] 1099 	ldhl	sp,	#0
    000004C7 36 02            [12] 1100 	ld	(hl), #0x02
    000004C9                       1101 00117$:
                                   1102 ;src/main.c:322: vramAddress = get_winbkg_xy_addr(column,row+rowCount);
    000004C9 F8 00            [12] 1103 	ldhl	sp,	#0
    000004CB 7E               [ 8] 1104 	ld	a, (hl)
    000004CC 3C               [ 4] 1105 	inc	a
    000004CD 67               [ 4] 1106 	ld	h, a
    000004CE 2E 01            [ 8] 1107 	ld	l, #0x01
    000004D0 E5               [16] 1108 	push	hl
    000004D1 CDr00r00         [24] 1109 	call	_get_win_xy_addr
    000004D4 E1               [12] 1110 	pop	hl
    000004D5 F8 74            [12] 1111 	ldhl	sp,	#116
    000004D7 7B               [ 4] 1112 	ld	a, e
    000004D8 22               [ 8] 1113 	ld	(hl+), a
    000004D9 72               [ 8] 1114 	ld	(hl), d
                                   1115 ;src/main.c:324: columnSize=0;
    000004DA F8 6E            [12] 1116 	ldhl	sp,	#110
    000004DC 36 00            [12] 1117 	ld	(hl), #0x00
                                   1118 ;src/main.c:327: while(text[index]==' '){
    000004DE F8 71            [12] 1119 	ldhl	sp,	#113
    000004E0 2A               [ 8] 1120 	ld	a, (hl+)
    000004E1 4F               [ 4] 1121 	ld	c, a
    000004E2 46               [ 8] 1122 	ld	b, (hl)
    000004E3                       1123 00119$:
    000004E3 F8 6F            [12] 1124 	ldhl	sp,	#111
    000004E5 2A               [ 8] 1125 	ld	a,	(hl+)
    000004E6 66               [ 8] 1126 	ld	h, (hl)
    000004E7 6F               [ 4] 1127 	ld	l, a
    000004E8 09               [ 8] 1128 	add	hl, bc
    000004E9 5D               [ 4] 1129 	ld	e, l
    000004EA 54               [ 4] 1130 	ld	d, h
    000004EB 1A               [ 8] 1131 	ld	a, (de)
    000004EC D6 20            [ 8] 1132 	sub	a, #0x20
    000004EE 20 03            [12] 1133 	jr	NZ, 00191$
                                   1134 ;src/main.c:328: index++;
    000004F0 03               [ 8] 1135 	inc	bc
    000004F1 18 F0            [12] 1136 	jr	00119$
    000004F3                       1137 00191$:
    000004F3 F8 71            [12] 1138 	ldhl	sp,	#113
    000004F5 79               [ 4] 1139 	ld	a, c
    000004F6 22               [ 8] 1140 	ld	(hl+), a
    000004F7 70               [ 8] 1141 	ld	(hl), b
    000004F8                       1142 00123$:
                                   1143 ;src/main.c:332: vsyncMultiple(TYPEWRITER_DELAY);
    000004F8 3E 02            [ 8] 1144 	ld	a, #0x02
    000004FA CDrB4r02         [24] 1145 	call	_vsyncMultiple
    000004FD C3r18r03         [16] 1146 	jp	00125$
    00000500                       1147 00127$:
                                   1148 ;src/main.c:335: HideDialgoueBox();
    00000500 CDr69r02         [24] 1149 	call	_HideDialgoueBox
                                   1150 ;src/main.c:337: }
    00000503 E8 76            [16] 1151 	add	sp, #118
    00000505 C9               [16] 1152 	ret
                                   1153 ;src/main.c:341: void ClearScreen(void){
                                   1154 ;	---------------------------------
                                   1155 ; Function ClearScreen
                                   1156 ; ---------------------------------
    00000506                       1157 _ClearScreen::
                                   1158 ;src/main.c:344: fill_win_rect(0,0,DEVICE_SCREEN_WIDTH,DEVICE_SCREEN_HEIGHT,0);
    00000506 AF               [ 4] 1159 	xor	a, a
    00000507 67               [ 4] 1160 	ld	h, a
    00000508 2E 12            [ 8] 1161 	ld	l, #0x12
    0000050A E5               [16] 1162 	push	hl
    0000050B 3E 14            [ 8] 1163 	ld	a, #0x14
    0000050D F5               [16] 1164 	push	af
    0000050E 33               [ 8] 1165 	inc	sp
    0000050F AF               [ 4] 1166 	xor	a, a
    00000510 0F               [ 4] 1167 	rrca
    00000511 F5               [16] 1168 	push	af
    00000512 CDr00r00         [24] 1169 	call	_fill_win_rect
    00000515 E8 05            [16] 1170 	add	sp, #5
                                   1171 ;src/main.c:346: fill_bkg_rect(0,0,DEVICE_SCREEN_WIDTH,DEVICE_SCREEN_HEIGHT,0);
    00000517 AF               [ 4] 1172 	xor	a, a
    00000518 67               [ 4] 1173 	ld	h, a
    00000519 2E 12            [ 8] 1174 	ld	l, #0x12
    0000051B E5               [16] 1175 	push	hl
    0000051C 3E 14            [ 8] 1176 	ld	a, #0x14
    0000051E F5               [16] 1177 	push	af
    0000051F 33               [ 8] 1178 	inc	sp
    00000520 AF               [ 4] 1179 	xor	a, a
    00000521 0F               [ 4] 1180 	rrca
    00000522 F5               [16] 1181 	push	af
    00000523 CDr00r00         [24] 1182 	call	_fill_bkg_rect
    00000526 E8 05            [16] 1183 	add	sp, #5
                                   1184 ;src/main.c:347: }
    00000528 C9               [16] 1185 	ret
                                   1186 ;src/main.c:349: void main(void)
                                   1187 ;	---------------------------------
                                   1188 ; Function main
                                   1189 ; ---------------------------------
    00000529                       1190 _main::
    00000529 E8 F0            [16] 1191 	add	sp, #-16
                                   1192 ;src/main.c:351: DISPLAY_ON;
    0000052B F0r00            [12] 1193 	ldh	a, (_LCDC_REG + 0)
    0000052D F6 80            [ 8] 1194 	or	a, #0x80
    0000052F E0r00            [12] 1195 	ldh	(_LCDC_REG + 0), a
                                   1196 ;src/main.c:352: SHOW_BKG;
    00000531 F0r00            [12] 1197 	ldh	a, (_LCDC_REG + 0)
    00000533 F6 40            [ 8] 1198 	or	a, #0x40
    00000535 E0r00            [12] 1199 	ldh	(_LCDC_REG + 0), a
                                   1200 ;src/main.c:355: SHOW_WIN;
    00000537 F0r00            [12] 1201 	ldh	a, (_LCDC_REG + 0)
    00000539 F6 20            [ 8] 1202 	or	a, #0x20
    0000053B E0r00            [12] 1203 	ldh	(_LCDC_REG + 0), a
                                   1204 ;src/main.c:358: fontTilesStart = DialogueBox_TILE_COUNT+1;
    0000053D 21r02r00         [12] 1205 	ld	hl, #_fontTilesStart
    00000540 36 07            [12] 1206 	ld	(hl), #0x07
                                   1207 ;src/main.c:360: for(uint8_t i=0;i<TILE_SIZE_BYTES;i++)emptyTile[i]=0;
    00000542 F8 00            [12] 1208 	ldhl	sp,	#0
    00000544 4D               [ 4] 1209 	ld	c, l
    00000545 44               [ 4] 1210 	ld	b, h
    00000546 1E 00            [ 8] 1211 	ld	e, #0x00
    00000548                       1212 00114$:
    00000548 7B               [ 4] 1213 	ld	a, e
    00000549 D6 10            [ 8] 1214 	sub	a, #0x10
    0000054B 30 09            [12] 1215 	jr	NC, 00101$
    0000054D 6B               [ 4] 1216 	ld	l, e
    0000054E 26 00            [ 8] 1217 	ld	h, #0x00
    00000550 09               [ 8] 1218 	add	hl, bc
    00000551 36 00            [12] 1219 	ld	(hl), #0x00
    00000553 1C               [ 4] 1220 	inc	e
    00000554 18 F2            [12] 1221 	jr	00114$
    00000556                       1222 00101$:
                                   1223 ;src/main.c:362: set_native_tile_data(0,1,emptyTile);
                                   1224 ;../../../include/gb/gb.h:2146: set_bkg_data(first_tile, nb_tiles, data);
    00000556 C5               [16] 1225 	push	bc
    00000557 AF               [ 4] 1226 	xor	a, a
    00000558 3C               [ 4] 1227 	inc	a
    00000559 F5               [16] 1228 	push	af
    0000055A CDr00r00         [24] 1229 	call	_set_bkg_data
    0000055D E8 04            [16] 1230 	add	sp, #4
                                   1231 ;src/main.c:364: ClearScreen();
    0000055F CDr06r05         [24] 1232 	call	_ClearScreen
                                   1233 ;src/main.c:366: set_native_tile_data(1,DialogueBox_TILE_COUNT,DialogueBox_tiles);
                                   1234 ;../../../include/gb/gb.h:2146: set_bkg_data(first_tile, nb_tiles, data);
    00000562 11r00r00         [12] 1235 	ld	de, #_DialogueBox_tiles
    00000565 D5               [16] 1236 	push	de
    00000566 21 01 06         [12] 1237 	ld	hl, #0x601
    00000569 E5               [16] 1238 	push	hl
    0000056A CDr00r00         [24] 1239 	call	_set_bkg_data
    0000056D E8 04            [16] 1240 	add	sp, #4
                                   1241 ;src/main.c:368: while(TRUE){
    0000056F                       1242 00103$:
                                   1243 ;src/main.c:372: DrawTextAdvanced("When the code reaches a period or question mark, it will pause and wait for you to press the A button for it to continue. Afterwards, It will start a new page and continue.  The code will automatically jump to a new line, when it cannot fully draw a word.  When both rows of text are full, the code will slide the current text upwards and continue. For every page, the code will dynamically populate VRAM. Only letters and characters used, will be loaded into VRAM.");
    0000056F 11r7Ar05         [12] 1244 	ld	de, #___str_0
    00000572 CDrC0r02         [24] 1245 	call	_DrawTextAdvanced
    00000575 18 F8            [12] 1246 	jr	00103$
                                   1247 ;src/main.c:375: }
    00000577 E8 10            [16] 1248 	add	sp, #16
    00000579 C9               [16] 1249 	ret
    0000057A                       1250 ___str_0:
    0000057A 57 68 65 6E 20 74 68  1251 	.ascii "When the code reaches a period or question mark, it will pau"
             65 20 63 6F 64 65 20
             72 65 61 63 68 65 73
             20 61 20 70 65 72 69
             6F 64 20 6F 72 20 71
             75 65 73 74 69 6F 6E
             20 6D 61 72 6B 2C 20
             69 74 20 77 69 6C 6C
             20 70 61 75
    000005B6 73 65 20 61 6E 64 20  1252 	.ascii "se and wait for you to press the A button for it to continue"
             77 61 69 74 20 66 6F
             72 20 79 6F 75 20 74
             6F 20 70 72 65 73 73
             20 74 68 65 20 41 20
             62 75 74 74 6F 6E 20
             66 6F 72 20 69 74 20
             74 6F 20 63 6F 6E 74
             69 6E 75 65
    000005F2 2E 20 41 66 74 65 72  1253 	.ascii ". Afterwards, It will start a new page and continue.  The co"
             77 61 72 64 73 2C 20
             49 74 20 77 69 6C 6C
             20 73 74 61 72 74 20
             61 20 6E 65 77 20 70
             61 67 65 20 61 6E 64
             20 63 6F 6E 74 69 6E
             75 65 2E 20 20 54 68
             65 20 63 6F
    0000062E 64 65 20 77 69 6C 6C  1254 	.ascii "de will automatically jump to a new line, when it cannot ful"
             20 61 75 74 6F 6D 61
             74 69 63 61 6C 6C 79
             20 6A 75 6D 70 20 74
             6F 20 61 20 6E 65 77
             20 6C 69 6E 65 2C 20
             77 68 65 6E 20 69 74
             20 63 61 6E 6E 6F 74
             20 66 75 6C
    0000066A 6C 79 20 64 72 61 77  1255 	.ascii "ly draw a word.  When both rows of text are full, the code w"
             20 61 20 77 6F 72 64
             2E 20 20 57 68 65 6E
             20 62 6F 74 68 20 72
             6F 77 73 20 6F 66 20
             74 65 78 74 20 61 72
             65 20 66 75 6C 6C 2C
             20 74 68 65 20 63 6F
             64 65 20 77
    000006A6 69 6C 6C 20 73 6C 69  1256 	.ascii "ill slide the current text upwards and continue. For every p"
             64 65 20 74 68 65 20
             63 75 72 72 65 6E 74
             20 74 65 78 74 20 75
             70 77 61 72 64 73 20
             61 6E 64 20 63 6F 6E
             74 69 6E 75 65 2E 20
             46 6F 72 20 65 76 65
             72 79 20 70
    000006E2 61 67 65 2C 20 74 68  1257 	.ascii "age, the code will dynamically populate VRAM. Only letters a"
             65 20 63 6F 64 65 20
             77 69 6C 6C 20 64 79
             6E 61 6D 69 63 61 6C
             6C 79 20 70 6F 70 75
             6C 61 74 65 20 56 52
             41 4D 2E 20 4F 6E 6C
             79 20 6C 65 74 74 65
             72 73 20 61
    0000071E 6E 64 20 63 68 61 72  1258 	.ascii "nd characters used, will be loaded into VRAM."
             61 63 74 65 72 73 20
             75 73 65 64 2C 20 77
             69 6C 6C 20 62 65 20
             6C 6F 61 64 65 64 20
             69 6E 74 6F 20 56 52
             41 4D 2E
    0000074B 00                    1259 	.db 0x00
                                   1260 	.area _CODE
                                   1261 	.area _INITIALIZER
    00000000                       1262 __xinit__windowYPosition:
    00000000 90 00                 1263 	.dw #0x0090
    00000002                       1264 __xinit__fontTilesStart:
    00000002 00                    1265 	.db #0x00	; 0
    00000003                       1266 __xinit__joypadCurrent:
    00000003 00                    1267 	.db #0x00	; 0
    00000004                       1268 __xinit__joypadPrevious:
    00000004 00                    1269 	.db #0x00	; 0
    00000005                       1270 __xinit__loadedCharacterCount:
    00000005 00                    1271 	.db #0x00	; 0
                                   1272 	.area _CABS (ABS)
