                                      1 ;--------------------------------------------------------
                                      2 ; File Created by SDCC : free open source ISO C Compiler
                                      3 ; Version 4.5.1 #15267 (Mac OS X ppc)
                                      4 ;--------------------------------------------------------
                                      5 	.module main
                                      6 	
                                      7 ;; Ordering of segments for the linker.
                                      8 	.area _ZP      (PAG)
                                      9 	.area _OSEG    (PAG, OVR)
                                     10 	.area _HOME
                                     11 	.area _GSINIT
                                     12 	.area _GSFINAL
                                     13 	.area _CODE
                                     14 	.area _XINIT
                                     15 	.area _DATA
                                     16 	.area _DATA
                                     17 	.area _BSS
                                     18 ;--------------------------------------------------------
                                     19 ; Public variables in this module
                                     20 ;--------------------------------------------------------
                                     21 	.globl _main
                                     22 	.globl _DrawText
                                     23 	.globl _GetCharacterVRamTile
                                     24 	.globl _fill_bkg_rect
                                     25 	.globl _set_bkg_native_data
                                     26 	.globl _get_bkg_xy_addr
                                     27 	.globl _set_vram_byte
                                     28 	.globl _vsync
                                     29 	.globl _DrawText_PARM_2
                                     30 	.globl _OAMDMA
                                     31 	.globl _PPUDATA
                                     32 	.globl _PPUADDR
                                     33 	.globl _PPUSCROLL
                                     34 	.globl _OAMDATA
                                     35 	.globl _OAMADDR
                                     36 	.globl _PPUSTATUS
                                     37 	.globl _PPUMASK
                                     38 	.globl _PPUCTRL
                                     39 ;--------------------------------------------------------
                                     40 ; ZP ram data
                                     41 ;--------------------------------------------------------
                                     42 	.area _ZP      (PAG)
    00000000                         43 _DrawText_sloc0_1_0:
    00000000                         44 	.ds 1
    00000001                         45 _DrawText_sloc1_1_0:
    00000001                         46 	.ds 2
    00000003                         47 _DrawText_sloc2_1_0:
    00000003                         48 	.ds 2
                                     49 ;--------------------------------------------------------
                                     50 ; overlayable items in ram
                                     51 ;--------------------------------------------------------
                                     52 ;--------------------------------------------------------
                                     53 ; uninitialized external ram data
                                     54 ;--------------------------------------------------------
                                     55 	.area _BSS
                         00002000    56 _PPUCTRL	=	0x2000
                         00002001    57 _PPUMASK	=	0x2001
                         00002002    58 _PPUSTATUS	=	0x2002
                         00002003    59 _OAMADDR	=	0x2003
                         00002004    60 _OAMDATA	=	0x2004
                         00002005    61 _PPUSCROLL	=	0x2005
                         00002006    62 _PPUADDR	=	0x2006
                         00002007    63 _PPUDATA	=	0x2007
                         00004014    64 _OAMDMA	=	0x4014
    00000000                         65 _DrawText_PARM_2:
    00000000                         66 	.ds 1
    00000001                         67 _DrawText_text_10000_134:
    00000001                         68 	.ds 2
    00000003                         69 _DrawText_vramAddress_10000_135:
    00000003                         70 	.ds 2
    00000005                         71 _DrawText_columnIndex_10000_135:
    00000005                         72 	.ds 1
                                     73 ;--------------------------------------------------------
                                     74 ; absolute external ram data
                                     75 ;--------------------------------------------------------
                                     76 	.area _DABS    (ABS)
                                     77 ;--------------------------------------------------------
                                     78 ; initialized external ram data
                                     79 ;--------------------------------------------------------
                                     80 	.area _DATA
                                     81 ;--------------------------------------------------------
                                     82 ; global & static initialisations
                                     83 ;--------------------------------------------------------
                                     84 	.area _HOME
                                     85 	.area _GSINIT
                                     86 	.area _GSFINAL
                                     87 	.area _GSINIT
                                     88 ;--------------------------------------------------------
                                     89 ; Home
                                     90 ;--------------------------------------------------------
                                     91 	.area _HOME
                                     92 	.area _HOME
                                     93 ;--------------------------------------------------------
                                     94 ; code
                                     95 ;--------------------------------------------------------
                                     96 	.area _CODE
                                     97 ;------------------------------------------------------------
                                     98 ;Allocation info for local variables in function 'GetCharacterVRamTile'
                                     99 ;------------------------------------------------------------
                                    100 ;character     Allocated to registers y 
                                    101 ;vramTile      Allocated to registers x 
                                    102 ;------------------------------------------------------------
                                    103 ;	src/main.c: 7: uint8_t GetCharacterVRamTile(char character) {
                                    104 ;	genLabel
                                    105 ;	Raw cost for generated ic 0 : (0, 0.000000) count=1.000000
                                    106 ;	-----------------------------------------
                                    107 ;	 function GetCharacterVRamTile
                                    108 ;	-----------------------------------------
                                    109 ;	Register assignment is optimal.
                                    110 ;	Stack space usage: 0 bytes.
    00000000                        111 _GetCharacterVRamTile:
                                    112 ;	Raw cost for generated ic 1 : (0, 0.000000) count=1.000000
                                    113 ;	genReceive
    00000000 A8               [ 2]  114 	tay
                                    115 ;	Raw cost for generated ic 2 : (1, 2.000000) count=1.000000
                                    116 ;	src/main.c: 9: uint8_t vramTile=0;
                                    117 ;	genAssign
                                    118 ;	genAssignLit
                                    119 ;	genCopy
    00000001 A2 00            [ 2]  120 	ldx	#0x00
                                    121 ;	Raw cost for generated ic 3 : (2, 2.000000) count=1.000000
                                    122 ;	src/main.c: 15: if      (character >= 'a' && character <= 'z') vramTile = (character - 'a') + 1;
                                    123 ;	genCmp
    00000003 98               [ 2]  124 	tya
    00000004 38               [ 2]  125 	sec
    00000005 E9 61            [ 2]  126 	sbc	#0x61
    00000007 70 04            [ 4]  127 	bvs	00216$
    00000009 10 04            [ 4]  128 	bpl	00215$
    0000000B 30 19            [ 4]  129 	bmi	00120$
    0000000D                        130 00216$:
    0000000D 10 17            [ 4]  131 	bpl	00120$
    0000000F                        132 00215$:
                                    133 ;	Raw cost for generated ic 4 : (15, 19.400002) count=1.000000
                                    134 ;	skipping generated iCode
                                    135 ;	Raw cost for generated ic 5 : (0, 0.000000) count=1.000000
                                    136 ;	genCmp
    0000000F A9 7A            [ 2]  137 	lda	#0x7a
    00000011 38               [ 2]  138 	sec
    00000012 84*00            [ 3]  139 	sty	*(REGTEMP+0)
    00000014 E5*00            [ 3]  140 	sbc	*(REGTEMP+0)
    00000016 70 04            [ 4]  141 	bvs	00219$
    00000018 10 04            [ 4]  142 	bpl	00218$
    0000001A 30 0A            [ 4]  143 	bmi	00120$
    0000001C                        144 00219$:
    0000001C 10 08            [ 4]  145 	bpl	00120$
    0000001E                        146 00218$:
                                    147 ;	Raw cost for generated ic 8 : (18, 23.400002) count=0.750000
                                    148 ;	skipping generated iCode
                                    149 ;	Raw cost for generated ic 9 : (0, 0.000000) count=0.750000
                                    150 ;	genPlus
                                    151 ;	genPlusIncr
    0000001E 98               [ 2]  152 	tya
    0000001F 18               [ 2]  153 	clc
    00000020 69 A0            [ 2]  154 	adc	#0xa0
    00000022 AA               [ 2]  155 	tax
                                    156 ;	Raw cost for generated ic 12 : (5, 8.000000) count=0.562500
                                    157 ;	genGoto
    00000023 4CrBDr00         [ 3]  158 	jmp	00121$
                                    159 ;	Raw cost for generated ic 14 : (3, 3.000000) count=0.562500
                                    160 ;	genLabel
    00000026                        161 00120$:
                                    162 ;	Raw cost for generated ic 15 : (0, 0.000000) count=0.437500
                                    163 ;	src/main.c: 16: else if (character >= 'A' && character <= 'Z') vramTile = (character - 'A') + 1;
                                    164 ;	genCmp
    00000026 98               [ 2]  165 	tya
    00000027 38               [ 2]  166 	sec
    00000028 E9 41            [ 2]  167 	sbc	#0x41
    0000002A 70 04            [ 4]  168 	bvs	00222$
    0000002C 10 04            [ 4]  169 	bpl	00221$
    0000002E 30 19            [ 4]  170 	bmi	00116$
    00000030                        171 00222$:
    00000030 10 17            [ 4]  172 	bpl	00116$
    00000032                        173 00221$:
                                    174 ;	Raw cost for generated ic 16 : (15, 19.400002) count=0.437500
                                    175 ;	skipping generated iCode
                                    176 ;	Raw cost for generated ic 17 : (0, 0.000000) count=0.437500
                                    177 ;	genCmp
    00000032 A9 5A            [ 2]  178 	lda	#0x5a
    00000034 38               [ 2]  179 	sec
    00000035 84*00            [ 3]  180 	sty	*(REGTEMP+0)
    00000037 E5*00            [ 3]  181 	sbc	*(REGTEMP+0)
    00000039 70 04            [ 4]  182 	bvs	00225$
    0000003B 10 04            [ 4]  183 	bpl	00224$
    0000003D 30 0A            [ 4]  184 	bmi	00116$
    0000003F                        185 00225$:
    0000003F 10 08            [ 4]  186 	bpl	00116$
    00000041                        187 00224$:
                                    188 ;	Raw cost for generated ic 20 : (18, 23.400002) count=0.328125
                                    189 ;	skipping generated iCode
                                    190 ;	Raw cost for generated ic 21 : (0, 0.000000) count=0.328125
                                    191 ;	genPlus
                                    192 ;	genPlusIncr
    00000041 98               [ 2]  193 	tya
    00000042 18               [ 2]  194 	clc
    00000043 69 C0            [ 2]  195 	adc	#0xc0
    00000045 AA               [ 2]  196 	tax
                                    197 ;	Raw cost for generated ic 24 : (5, 8.000000) count=0.246094
                                    198 ;	genGoto
    00000046 4CrBDr00         [ 3]  199 	jmp	00121$
                                    200 ;	Raw cost for generated ic 26 : (3, 3.000000) count=0.246094
                                    201 ;	genLabel
    00000049                        202 00116$:
                                    203 ;	Raw cost for generated ic 27 : (0, 0.000000) count=0.191406
                                    204 ;	src/main.c: 17: else if (character >= '0' && character <= '9') vramTile = (character - '0') + 27;
                                    205 ;	genCmp
    00000049 98               [ 2]  206 	tya
    0000004A 38               [ 2]  207 	sec
    0000004B E9 30            [ 2]  208 	sbc	#0x30
    0000004D 70 04            [ 4]  209 	bvs	00228$
    0000004F 10 04            [ 4]  210 	bpl	00227$
    00000051 30 19            [ 4]  211 	bmi	00112$
    00000053                        212 00228$:
    00000053 10 17            [ 4]  213 	bpl	00112$
    00000055                        214 00227$:
                                    215 ;	Raw cost for generated ic 28 : (15, 19.400002) count=0.191406
                                    216 ;	skipping generated iCode
                                    217 ;	Raw cost for generated ic 29 : (0, 0.000000) count=0.191406
                                    218 ;	genCmp
    00000055 A9 39            [ 2]  219 	lda	#0x39
    00000057 38               [ 2]  220 	sec
    00000058 84*00            [ 3]  221 	sty	*(REGTEMP+0)
    0000005A E5*00            [ 3]  222 	sbc	*(REGTEMP+0)
    0000005C 70 04            [ 4]  223 	bvs	00231$
    0000005E 10 04            [ 4]  224 	bpl	00230$
    00000060 30 0A            [ 4]  225 	bmi	00112$
    00000062                        226 00231$:
    00000062 10 08            [ 4]  227 	bpl	00112$
    00000064                        228 00230$:
                                    229 ;	Raw cost for generated ic 32 : (18, 23.400002) count=0.143555
                                    230 ;	skipping generated iCode
                                    231 ;	Raw cost for generated ic 33 : (0, 0.000000) count=0.143555
                                    232 ;	genPlus
                                    233 ;	genPlusIncr
    00000064 98               [ 2]  234 	tya
    00000065 18               [ 2]  235 	clc
    00000066 69 EB            [ 2]  236 	adc	#0xeb
    00000068 AA               [ 2]  237 	tax
                                    238 ;	Raw cost for generated ic 36 : (5, 8.000000) count=0.107666
                                    239 ;	genGoto
    00000069 4CrBDr00         [ 3]  240 	jmp	00121$
                                    241 ;	Raw cost for generated ic 38 : (3, 3.000000) count=0.107666
                                    242 ;	genLabel
    0000006C                        243 00112$:
                                    244 ;	Raw cost for generated ic 39 : (0, 0.000000) count=0.083740
                                    245 ;	src/main.c: 19: switch(character) {
                                    246 ;	genCmpEQorNE
    0000006C C0 21            [ 2]  247 	cpy	#0x21
    0000006E F0 23            [ 4]  248 	beq	00101$
                                    249 ;	Raw cost for generated ic 40 : (7, 7.600000) count=0.083740
                                    250 ;	skipping generated iCode
                                    251 ;	Raw cost for generated ic 41 : (0, 0.000000) count=0.083740
                                    252 ;	genCmpEQorNE
    00000070 C0 2C            [ 2]  253 	cpy	#0x2c
    00000072 F0 38            [ 4]  254 	beq	00106$
                                    255 ;	Raw cost for generated ic 42 : (7, 7.600000) count=0.062805
                                    256 ;	skipping generated iCode
                                    257 ;	Raw cost for generated ic 43 : (0, 0.000000) count=0.062805
                                    258 ;	genCmpEQorNE
    00000074 C0 2E            [ 2]  259 	cpy	#0x2e
    00000076 F0 39            [ 4]  260 	beq	00107$
                                    261 ;	Raw cost for generated ic 44 : (7, 7.600000) count=0.047104
                                    262 ;	skipping generated iCode
                                    263 ;	Raw cost for generated ic 45 : (0, 0.000000) count=0.047104
                                    264 ;	genCmpEQorNE
    00000078 C0 2F            [ 2]  265 	cpy	#0x2f
    0000007A F0 26            [ 4]  266 	beq	00104$
                                    267 ;	Raw cost for generated ic 46 : (7, 7.600000) count=0.035328
                                    268 ;	skipping generated iCode
                                    269 ;	Raw cost for generated ic 47 : (0, 0.000000) count=0.035328
                                    270 ;	genCmpEQorNE
    0000007C C0 3A            [ 2]  271 	cpy	#0x3a
    0000007E F0 18            [ 4]  272 	beq	00102$
                                    273 ;	Raw cost for generated ic 48 : (7, 7.600000) count=0.026496
                                    274 ;	skipping generated iCode
                                    275 ;	Raw cost for generated ic 49 : (0, 0.000000) count=0.026496
                                    276 ;	genCmpEQorNE
    00000080 C0 3C            [ 2]  277 	cpy	#0x3c
    00000082 F0 32            [ 4]  278 	beq	00108$
                                    279 ;	Raw cost for generated ic 50 : (7, 7.600000) count=0.019872
                                    280 ;	skipping generated iCode
                                    281 ;	Raw cost for generated ic 51 : (0, 0.000000) count=0.019872
                                    282 ;	genCmpEQorNE
    00000084 C0 3D            [ 2]  283 	cpy	#0x3d
    00000086 F0 1F            [ 4]  284 	beq	00105$
                                    285 ;	Raw cost for generated ic 52 : (7, 7.600000) count=0.014904
                                    286 ;	skipping generated iCode
                                    287 ;	Raw cost for generated ic 53 : (0, 0.000000) count=0.014904
                                    288 ;	genCmpEQorNE
    00000088 C0 3E            [ 2]  289 	cpy	#0x3e
    0000008A F0 2F            [ 4]  290 	beq	00109$
                                    291 ;	Raw cost for generated ic 54 : (7, 7.600000) count=0.011178
                                    292 ;	skipping generated iCode
                                    293 ;	Raw cost for generated ic 55 : (0, 0.000000) count=0.011178
                                    294 ;	genCmpEQorNE
    0000008C C0 3F            [ 2]  295 	cpy	#0x3f
    0000008E F0 0D            [ 4]  296 	beq	00103$
                                    297 ;	Raw cost for generated ic 56 : (7, 7.600000) count=0.000000
                                    298 ;	skipping generated iCode
                                    299 ;	Raw cost for generated ic 57 : (0, 0.000000) count=0.000000
                                    300 ;	genGoto
    00000090 4CrBDr00         [ 3]  301 	jmp	00121$
                                    302 ;	Raw cost for generated ic 58 : (3, 3.000000) count=0.000000
                                    303 ;	src/main.c: 20: case '!': vramTile = 37; break;
                                    304 ;	genLabel
    00000093                        305 00101$:
                                    306 ;	Raw cost for generated ic 59 : (0, 0.000000) count=0.020935
                                    307 ;	genAssign
                                    308 ;	genAssignLit
                                    309 ;	genCopy
    00000093 A2 25            [ 2]  310 	ldx	#0x25
                                    311 ;	Raw cost for generated ic 60 : (2, 2.000000) count=0.020935
                                    312 ;	genGoto
    00000095 4CrBDr00         [ 3]  313 	jmp	00121$
                                    314 ;	Raw cost for generated ic 61 : (3, 3.000000) count=0.020935
                                    315 ;	src/main.c: 21: case ':': vramTile = 38; break;
                                    316 ;	genLabel
    00000098                        317 00102$:
                                    318 ;	Raw cost for generated ic 62 : (0, 0.000000) count=0.000000
                                    319 ;	genAssign
                                    320 ;	genAssignLit
                                    321 ;	genCopy
    00000098 A2 26            [ 2]  322 	ldx	#0x26
                                    323 ;	Raw cost for generated ic 63 : (2, 2.000000) count=0.000000
                                    324 ;	genGoto
    0000009A 4CrBDr00         [ 3]  325 	jmp	00121$
                                    326 ;	Raw cost for generated ic 64 : (3, 3.000000) count=0.000000
                                    327 ;	src/main.c: 22: case '?': vramTile = 39; break;
                                    328 ;	genLabel
    0000009D                        329 00103$:
                                    330 ;	Raw cost for generated ic 65 : (0, 0.000000) count=0.000000
                                    331 ;	genAssign
                                    332 ;	genAssignLit
                                    333 ;	genCopy
    0000009D A2 27            [ 2]  334 	ldx	#0x27
                                    335 ;	Raw cost for generated ic 66 : (2, 2.000000) count=0.000000
                                    336 ;	genGoto
    0000009F 4CrBDr00         [ 3]  337 	jmp	00121$
                                    338 ;	Raw cost for generated ic 67 : (3, 3.000000) count=0.000000
                                    339 ;	src/main.c: 23: case '/': vramTile = 40; break;
                                    340 ;	genLabel
    000000A2                        341 00104$:
                                    342 ;	Raw cost for generated ic 68 : (0, 0.000000) count=0.000000
                                    343 ;	genAssign
                                    344 ;	genAssignLit
                                    345 ;	genCopy
    000000A2 A2 28            [ 2]  346 	ldx	#0x28
                                    347 ;	Raw cost for generated ic 69 : (2, 2.000000) count=0.000000
                                    348 ;	genGoto
    000000A4 4CrBDr00         [ 3]  349 	jmp	00121$
                                    350 ;	Raw cost for generated ic 70 : (3, 3.000000) count=0.000000
                                    351 ;	src/main.c: 24: case '=': vramTile = 41; break;
                                    352 ;	genLabel
    000000A7                        353 00105$:
                                    354 ;	Raw cost for generated ic 71 : (0, 0.000000) count=0.011178
                                    355 ;	genAssign
                                    356 ;	genAssignLit
                                    357 ;	genCopy
    000000A7 A2 29            [ 2]  358 	ldx	#0x29
                                    359 ;	Raw cost for generated ic 72 : (2, 2.000000) count=0.011178
                                    360 ;	genGoto
    000000A9 4CrBDr00         [ 3]  361 	jmp	00121$
                                    362 ;	Raw cost for generated ic 73 : (3, 3.000000) count=0.011178
                                    363 ;	src/main.c: 25: case ',': vramTile = 42; break;
                                    364 ;	genLabel
    000000AC                        365 00106$:
                                    366 ;	Raw cost for generated ic 74 : (0, 0.000000) count=0.015701
                                    367 ;	genAssign
                                    368 ;	genAssignLit
                                    369 ;	genCopy
    000000AC A2 2A            [ 2]  370 	ldx	#0x2a
                                    371 ;	Raw cost for generated ic 75 : (2, 2.000000) count=0.015701
                                    372 ;	genGoto
    000000AE 4CrBDr00         [ 3]  373 	jmp	00121$
                                    374 ;	Raw cost for generated ic 76 : (3, 3.000000) count=0.015701
                                    375 ;	src/main.c: 26: case '.': vramTile = 43; break;
                                    376 ;	genLabel
    000000B1                        377 00107$:
                                    378 ;	Raw cost for generated ic 77 : (0, 0.000000) count=0.011776
                                    379 ;	genAssign
                                    380 ;	genAssignLit
                                    381 ;	genCopy
    000000B1 A2 2B            [ 2]  382 	ldx	#0x2b
                                    383 ;	Raw cost for generated ic 78 : (2, 2.000000) count=0.011776
                                    384 ;	genGoto
    000000B3 4CrBDr00         [ 3]  385 	jmp	00121$
                                    386 ;	Raw cost for generated ic 79 : (3, 3.000000) count=0.011776
                                    387 ;	src/main.c: 27: case '<': vramTile = 44; break;
                                    388 ;	genLabel
    000000B6                        389 00108$:
                                    390 ;	Raw cost for generated ic 80 : (0, 0.000000) count=0.014904
                                    391 ;	genAssign
                                    392 ;	genAssignLit
                                    393 ;	genCopy
    000000B6 A2 2C            [ 2]  394 	ldx	#0x2c
                                    395 ;	Raw cost for generated ic 81 : (2, 2.000000) count=0.014904
                                    396 ;	genGoto
    000000B8 4CrBDr00         [ 3]  397 	jmp	00121$
                                    398 ;	Raw cost for generated ic 82 : (3, 3.000000) count=0.014904
                                    399 ;	src/main.c: 28: case '>': vramTile = 45; break;
                                    400 ;	genLabel
    000000BB                        401 00109$:
                                    402 ;	Raw cost for generated ic 83 : (0, 0.000000) count=0.000000
                                    403 ;	genAssign
                                    404 ;	genAssignLit
                                    405 ;	genCopy
    000000BB A2 2D            [ 2]  406 	ldx	#0x2d
                                    407 ;	Raw cost for generated ic 84 : (2, 2.000000) count=0.000000
                                    408 ;	src/main.c: 29: }
                                    409 ;	genLabel
    000000BD                        410 00121$:
                                    411 ;	Raw cost for generated ic 89 : (0, 0.000000) count=0.990754
                                    412 ;	src/main.c: 32: return vramTile;
                                    413 ;	genRet
    000000BD 8A               [ 2]  414 	txa
                                    415 ;	Raw cost for generated ic 90 : (1, 2.000000) count=0.990754
                                    416 ;	genLabel
                                    417 ;	Raw cost for generated ic 91 : (0, 0.000000) count=0.990754
                                    418 ;	src/main.c: 34: }
                                    419 ;	genEndFunction
    000000BE 60               [ 6]  420 	rts
                                    421 ;	Raw cost for generated ic 92 : (1, 6.000000) count=0.990754
                                    422 ;------------------------------------------------------------
                                    423 ;Allocation info for local variables in function 'DrawText'
                                    424 ;------------------------------------------------------------
                                    425 ;sloc0         Allocated with name '_DrawText_sloc0_1_0'
                                    426 ;sloc1         Allocated with name '_DrawText_sloc1_1_0'
                                    427 ;sloc2         Allocated with name '_DrawText_sloc2_1_0'
                                    428 ;typewriterDelay Allocated with name '_DrawText_PARM_2'
                                    429 ;text          Allocated with name '_DrawText_text_10000_134'
                                    430 ;column        Allocated to registers 
                                    431 ;row           Allocated to registers 
                                    432 ;vramAddress   Allocated with name '_DrawText_vramAddress_10000_135'
                                    433 ;index         Allocated to registers 
                                    434 ;columnIndex   Allocated with name '_DrawText_columnIndex_10000_135'
                                    435 ;character     Allocated to registers 
                                    436 ;vramTile      Allocated to registers 
                                    437 ;i             Allocated to registers 
                                    438 ;------------------------------------------------------------
                                    439 ;	src/main.c: 36: void DrawText( char* text,uint8_t typewriterDelay){
                                    440 ;	genLabel
                                    441 ;	Raw cost for generated ic 0 : (0, 0.000000) count=1.000000
                                    442 ;	-----------------------------------------
                                    443 ;	 function DrawText
                                    444 ;	-----------------------------------------
                                    445 ;	Register assignment might be sub-optimal.
                                    446 ;	Stack space usage: 0 bytes.
    000000BF                        447 _DrawText:
                                    448 ;	Raw cost for generated ic 1 : (0, 0.000000) count=1.000000
                                    449 ;	genReceive
    000000BF 8Dr01r00         [ 4]  450 	sta	_DrawText_text_10000_134
    000000C2 8Er02r00         [ 4]  451 	stx	(_DrawText_text_10000_134 + 1)
                                    452 ;	Raw cost for generated ic 2 : (6, 8.000000) count=1.000000
                                    453 ;	src/main.c: 42: uint8_t* vramAddress = get_bkg_xy_addr(column,row);
                                    454 ;	Raw cost for generated ic 5 : (0, 0.000000) count=1.000000
                                    455 ;	Raw cost for generated ic 6 : (0, 0.000000) count=1.000000
                                    456 ;	genCall
                                    457 ;	genSend
    000000C5 A9 00            [ 2]  458 	lda	#0x00
    000000C7 AA               [ 2]  459 	tax
    000000C8 20r00r00         [ 6]  460 	jsr	_get_bkg_xy_addr
                                    461 ;	assignResultValue
    000000CB 8Dr03r00         [ 4]  462 	sta	_DrawText_vramAddress_10000_135
    000000CE 8Er04r00         [ 4]  463 	stx	(_DrawText_vramAddress_10000_135 + 1)
                                    464 ;	Raw cost for generated ic 7 : (12, 18.000000) count=1.000000
                                    465 ;	src/main.c: 45: uint8_t columnIndex=0;
                                    466 ;	genAssign
                                    467 ;	genAssignLit
    000000D1 A2 00            [ 2]  468 	ldx	#0x00
    000000D3 8Er05r00         [ 4]  469 	stx	_DrawText_columnIndex_10000_135
                                    470 ;	Raw cost for generated ic 10 : (5, 6.000000) count=1.000000
                                    471 ;	src/main.c: 47: while(text[index]!='\0'){
                                    472 ;	genAssign
                                    473 ;	genAssignLit
    000000D6 86*00            [ 3]  474 	stx	*_DrawText_sloc0_1_0
                                    475 ;	Raw cost for generated ic 71 : (2, 3.000000) count=1.000000
                                    476 ;	genAssign
                                    477 ;	genAssignLit
    000000D8 86*01            [ 3]  478 	stx	*_DrawText_sloc1_1_0
    000000DA 86*02            [ 3]  479 	stx	*(_DrawText_sloc1_1_0 + 1)
                                    480 ;	Raw cost for generated ic 74 : (4, 6.000000) count=1.000000
                                    481 ;	genLabel
    000000DC                        482 00106$:
                                    483 ;	Raw cost for generated ic 11 : (0, 0.000000) count=3.999527
                                    484 ;	genPlus
                                    485 ;	genPlusIncr
    000000DC ADr01r00         [ 4]  486 	lda	_DrawText_text_10000_134
    000000DF 18               [ 2]  487 	clc
    000000E0 65*01            [ 3]  488 	adc	*_DrawText_sloc1_1_0
    000000E2 85*03            [ 3]  489 	sta	*_DrawText_sloc2_1_0
    000000E4 ADr02r00         [ 4]  490 	lda	(_DrawText_text_10000_134 + 1)
    000000E7 65*02            [ 3]  491 	adc	*(_DrawText_sloc1_1_0 + 1)
    000000E9 85*04            [ 3]  492 	sta	*(_DrawText_sloc2_1_0 + 1)
                                    493 ;	Raw cost for generated ic 12 : (15, 22.000000) count=3.999527
                                    494 ;	genPointerGet
    000000EB A0 00            [ 2]  495 	ldy	#0x00
    000000ED B1*03            [ 6]  496 	lda	[*_DrawText_sloc2_1_0],y
                                    497 ;	Raw cost for generated ic 13 : (4, 7.000000) count=3.999527
                                    498 ;	genIfx
                                    499 ;	genIfxJump : z
    000000EF F0 52            [ 4]  500 	beq	00112$
                                    501 ;	Raw cost for generated ic 14 : (5, 5.600000) count=3.999527
                                    502 ;	src/main.c: 52: uint8_t vramTile = GetCharacterVRamTile(character);
                                    503 ;	Raw cost for generated ic 20 : (0, 0.000000) count=2.999646
                                    504 ;	genCall
                                    505 ;	genSend
    000000F1 20r00r00         [ 6]  506 	jsr	_GetCharacterVRamTile
                                    507 ;	assignResultValue
    000000F4 8Dr00r00         [ 4]  508 	sta	_set_vram_byte_PARM_2
                                    509 ;	Raw cost for generated ic 21 : (6, 10.000000) count=2.999646
                                    510 ;	src/main.c: 54: set_vram_byte(vramAddress++,vramTile);
                                    511 ;	genAssign
                                    512 ;	genAssignLit
                                    513 ;	genCopy
    000000F7 AEr04r00         [ 4]  514 	ldx	(_DrawText_vramAddress_10000_135 + 1)
    000000FA ADr03r00         [ 4]  515 	lda	_DrawText_vramAddress_10000_135
                                    516 ;	Raw cost for generated ic 23 : (6, 8.000000) count=2.999646
                                    517 ;	genPlus
                                    518 ;	genPlusIncr
    000000FD EEr03r00         [ 6]  519 	inc	_DrawText_vramAddress_10000_135
    00000100 D0 03            [ 4]  520 	bne	00153$
    00000102 EEr04r00         [ 6]  521 	inc	(_DrawText_vramAddress_10000_135 + 1)
    00000105                        522 00153$:
                                    523 ;	Raw cost for generated ic 24 : (8, 14.600000) count=2.999646
                                    524 ;	Raw cost for generated ic 26 : (0, 0.000000) count=2.999646
                                    525 ;	genCall
                                    526 ;	genSend
    00000105 20r00r00         [ 6]  527 	jsr	_set_vram_byte
                                    528 ;	Raw cost for generated ic 28 : (3, 6.000000) count=2.999646
                                    529 ;	src/main.c: 60: index++;
                                    530 ;	genPlus
                                    531 ;	genPlusIncr
    00000108 E6*01            [ 5]  532 	inc	*_DrawText_sloc1_1_0
    0000010A D0 02            [ 4]  533 	bne	00154$
    0000010C E6*02            [ 5]  534 	inc	*(_DrawText_sloc1_1_0 + 1)
    0000010E                        535 00154$:
                                    536 ;	Raw cost for generated ic 30 : (6, 12.600000) count=2.999646
                                    537 ;	src/main.c: 61: columnIndex++;
                                    538 ;	genPlus
                                    539 ;	genPlusIncr
    0000010E EEr05r00         [ 6]  540 	inc	_DrawText_columnIndex_10000_135
                                    541 ;	Raw cost for generated ic 33 : (3, 6.000000) count=2.999646
                                    542 ;	src/main.c: 64: if(columnIndex>=DEVICE_SCREEN_WIDTH){
                                    543 ;	genCmp
    00000111 ADr05r00         [ 4]  544 	lda	_DrawText_columnIndex_10000_135
    00000114 C9 20            [ 2]  545 	cmp	#0x20
    00000116 90 14            [ 4]  546 	bcc	00102$
                                    547 ;	Raw cost for generated ic 35 : (10, 11.600000) count=2.999646
                                    548 ;	skipping generated iCode
                                    549 ;	Raw cost for generated ic 36 : (0, 0.000000) count=2.999646
                                    550 ;	src/main.c: 67: vramAddress = get_bkg_xy_addr(column,++row);
                                    551 ;	genPlus
                                    552 ;	genPlusIncr
    00000118 E6*00            [ 5]  553 	inc	*_DrawText_sloc0_1_0
                                    554 ;	Raw cost for generated ic 39 : (2, 5.000000) count=2.249695
                                    555 ;	Raw cost for generated ic 41 : (0, 0.000000) count=2.249695
                                    556 ;	Raw cost for generated ic 42 : (0, 0.000000) count=2.249695
                                    557 ;	genCall
                                    558 ;	genSend
    0000011A A9 00            [ 2]  559 	lda	#0x00
    0000011C A6*00            [ 3]  560 	ldx	*_DrawText_sloc0_1_0
    0000011E 20r00r00         [ 6]  561 	jsr	_get_bkg_xy_addr
                                    562 ;	assignResultValue
    00000121 8Dr03r00         [ 4]  563 	sta	_DrawText_vramAddress_10000_135
    00000124 8Er04r00         [ 4]  564 	stx	(_DrawText_vramAddress_10000_135 + 1)
                                    565 ;	Raw cost for generated ic 43 : (13, 19.000000) count=2.249695
                                    566 ;	src/main.c: 69: columnIndex=0;
                                    567 ;	genAssign
                                    568 ;	genAssignLit
    00000127 A2 00            [ 2]  569 	ldx	#0x00
    00000129 8Er05r00         [ 4]  570 	stx	_DrawText_columnIndex_10000_135
                                    571 ;	Raw cost for generated ic 45 : (5, 6.000000) count=2.249695
                                    572 ;	genLabel
    0000012C                        573 00102$:
                                    574 ;	Raw cost for generated ic 46 : (0, 0.000000) count=2.999593
                                    575 ;	src/main.c: 72: if(typewriterDelay>0){
                                    576 ;	genIfx
    0000012C ADr00r00         [ 4]  577 	lda	_DrawText_PARM_2
                                    578 ;	genIfxJump : z
    0000012F F0 AB            [ 4]  579 	beq	00106$
                                    580 ;	Raw cost for generated ic 47 : (8, 9.600000) count=2.999593
                                    581 ;	src/main.c: 76: for(uint8_t i=0;i<typewriterDelay;i++){
                                    582 ;	genAssign
                                    583 ;	genAssignLit
                                    584 ;	genCopy
    00000131 A9 00            [ 2]  585 	lda	#0x00
                                    586 ;	Raw cost for generated ic 70 : (2, 2.000000) count=0.749875
                                    587 ;	genLabel
    00000133                        588 00110$:
                                    589 ;	Raw cost for generated ic 51 : (0, 0.000000) count=0.999776
                                    590 ;	genCmp
    00000133 CDr00r00         [ 4]  591 	cmp	_DrawText_PARM_2
    00000136 B0 A4            [ 4]  592 	bcs	00106$
                                    593 ;	Raw cost for generated ic 52 : (8, 9.600000) count=0.999776
                                    594 ;	skipping generated iCode
                                    595 ;	Raw cost for generated ic 53 : (0, 0.000000) count=0.999776
                                    596 ;	src/main.c: 78: vsync();
                                    597 ;	genCall
    00000138 48               [ 3]  598 	pha
    00000139 20r00r00         [ 6]  599 	jsr	_vsync
    0000013C 68               [ 4]  600 	pla
                                    601 ;	Raw cost for generated ic 56 : (5, 13.000000) count=0.249901
                                    602 ;	src/main.c: 76: for(uint8_t i=0;i<typewriterDelay;i++){
                                    603 ;	genPlus
                                    604 ;	genPlusIncr
    0000013D 18               [ 2]  605 	clc
    0000013E 69 01            [ 2]  606 	adc	#0x01
                                    607 ;	Raw cost for generated ic 59 : (3, 4.000000) count=0.249901
                                    608 ;	genGoto
    00000140 4Cr33r01         [ 3]  609 	jmp	00110$
                                    610 ;	Raw cost for generated ic 61 : (3, 3.000000) count=0.249901
                                    611 ;	genLabel
    00000143                        612 00112$:
                                    613 ;	Raw cost for generated ic 66 : (0, 0.000000) count=0.999864
                                    614 ;	src/main.c: 83: }
                                    615 ;	genEndFunction
    00000143 60               [ 6]  616 	rts
                                    617 ;	Raw cost for generated ic 67 : (1, 6.000000) count=0.999864
                                    618 ;------------------------------------------------------------
                                    619 ;Allocation info for local variables in function 'main'
                                    620 ;------------------------------------------------------------
                                    621 ;__200000009   Allocated to registers 
                                    622 ;__200000010   Allocated to registers 
                                    623 ;__200000011   Allocated to registers 
                                    624 ;first_tile    Allocated to registers 
                                    625 ;nb_tiles      Allocated to registers 
                                    626 ;data          Allocated to registers 
                                    627 ;------------------------------------------------------------
                                    628 ;	src/main.c: 85: void main(void)
                                    629 ;	genLabel
                                    630 ;	Raw cost for generated ic 0 : (0, 0.000000) count=1.000000
                                    631 ;	-----------------------------------------
                                    632 ;	 function main
                                    633 ;	-----------------------------------------
                                    634 ;	Register assignment is optimal.
                                    635 ;	Stack space usage: 0 bytes.
    00000144                        636 _main:
                                    637 ;	Raw cost for generated ic 1 : (0, 0.000000) count=1.000000
                                    638 ;	src/main.c: 87: SHOW_BKG;
                                    639 ;	genOr
    00000144 ADr00r00         [ 4]  640 	lda	_shadow_PPUMASK
    00000147 09 08            [ 2]  641 	ora	#0x08
    00000149 8Dr00r00         [ 4]  642 	sta	_shadow_PPUMASK
                                    643 ;	Raw cost for generated ic 2 : (8, 10.000000) count=1.000000
                                    644 ;	src/main.c: 89: set_native_tile_data(0,Font_TILE_COUNT,Font_tiles);
                                    645 ;	skipping iCode since result will be rematerialized
                                    646 ;	Raw cost for generated ic 4 : (0, 0.000000) count=1.000000
                                    647 ;	genCast
                                    648 ;	genCopy
    0000014C A9s00            [ 2]  649 	lda	#>_Font_tiles
    0000014E 8Dr01r00         [ 4]  650 	sta	(_set_bkg_native_data_PARM_3 + 1)
    00000151 A9r00            [ 2]  651 	lda	#_Font_tiles
    00000153 8Dr00r00         [ 4]  652 	sta	_set_bkg_native_data_PARM_3
                                    653 ;	Raw cost for generated ic 5 : (10, 12.000000) count=1.000000
                                    654 ;	../../../include/nes/nes.h: 1277: set_bkg_native_data(first_tile, nb_tiles, data);
                                    655 ;	Raw cost for generated ic 18 : (0, 0.000000) count=1.000000
                                    656 ;	Raw cost for generated ic 19 : (0, 0.000000) count=1.000000
                                    657 ;	genCall
                                    658 ;	genSend
    00000156 A9 00            [ 2]  659 	lda	#0x00
    00000158 A2 2E            [ 2]  660 	ldx	#0x2e
    0000015A 20r00r00         [ 6]  661 	jsr	_set_bkg_native_data
                                    662 ;	Raw cost for generated ic 21 : (7, 10.000000) count=1.000000
                                    663 ;	src/main.c: 91: fill_bkg_rect(0,0,DEVICE_SCREEN_WIDTH,DEVICE_SCREEN_HEIGHT,0);
                                    664 ;	genAssign
                                    665 ;	genAssignLit
    0000015D A2 20            [ 2]  666 	ldx	#0x20
    0000015F 8Er00r00         [ 4]  667 	stx	_fill_bkg_rect_PARM_3
                                    668 ;	Raw cost for generated ic 51 : (5, 6.000000) count=1.000000
                                    669 ;	genAssign
                                    670 ;	genAssignLit
    00000162 A2 1E            [ 2]  671 	ldx	#0x1e
    00000164 8Er00r00         [ 4]  672 	stx	_fill_bkg_rect_PARM_4
                                    673 ;	Raw cost for generated ic 52 : (5, 6.000000) count=1.000000
                                    674 ;	genAssign
                                    675 ;	genAssignLit
    00000167 A2 00            [ 2]  676 	ldx	#0x00
    00000169 8Er00r00         [ 4]  677 	stx	_fill_bkg_rect_PARM_5
                                    678 ;	Raw cost for generated ic 53 : (5, 6.000000) count=1.000000
                                    679 ;	Raw cost for generated ic 49 : (0, 0.000000) count=1.000000
                                    680 ;	Raw cost for generated ic 50 : (0, 0.000000) count=1.000000
                                    681 ;	genCall
                                    682 ;	genSend
    0000016C 8A               [ 2]  683 	txa
    0000016D 20r00r00         [ 6]  684 	jsr	_fill_bkg_rect
                                    685 ;	Raw cost for generated ic 54 : (4, 8.000000) count=1.000000
                                    686 ;	src/main.c: 94: DrawText("This is a way to draw text on the screen in GBDK. The code will automatically jump to a new line, when it reaches the end of the row.",THREE_FRAMES);
                                    687 ;	skipping iCode since result will be rematerialized
                                    688 ;	Raw cost for generated ic 55 : (0, 0.000000) count=1.000000
                                    689 ;	skipping iCode since result will be rematerialized
                                    690 ;	Raw cost for generated ic 56 : (0, 0.000000) count=1.000000
                                    691 ;	genAssign
                                    692 ;	genAssignLit
    00000170 A2 03            [ 2]  693 	ldx	#0x03
    00000172 8Er00r00         [ 4]  694 	stx	_DrawText_PARM_2
                                    695 ;	Raw cost for generated ic 58 : (5, 6.000000) count=1.000000
                                    696 ;	Raw cost for generated ic 57 : (0, 0.000000) count=1.000000
                                    697 ;	genCall
                                    698 ;	genSend
    00000175 A2s01            [ 2]  699 	ldx	#>___str_0
    00000177 A9r7C            [ 2]  700 	lda	#___str_0
                                    701 ;	Raw cost for generated ic 59 : (7, 10.000000) count=1.000000
                                    702 ;	genLabel
                                    703 ;	Raw cost for generated ic 60 : (0, 0.000000) count=1.000000
                                    704 ;	src/main.c: 95: }
                                    705 ;	genEndFunction
    00000179 4CrBFr00         [ 3]  706 	jmp	_DrawText
                                    707 ;	Raw cost for generated ic 61 : (1, 6.000000) count=1.000000
                                    708 	.area _CODE
    0000017C                        709 ___str_0:
    0000017C 54 68 69 73 20 69 73   710 	.ascii "This is a way to draw text on the screen in GBDK. The code w"
             20 61 20 77 61 79 20
             74 6F 20 64 72 61 77
             20 74 65 78 74 20 6F
             6E 20 74 68 65 20 73
             63 72 65 65 6E 20 69
             6E 20 47 42 44 4B 2E
             20 54 68 65 20 63 6F
             64 65 20 77
    000001B8 69 6C 6C 20 61 75 74   711 	.ascii "ill automatically jump to a new line, when it reaches the en"
             6F 6D 61 74 69 63 61
             6C 6C 79 20 6A 75 6D
             70 20 74 6F 20 61 20
             6E 65 77 20 6C 69 6E
             65 2C 20 77 68 65 6E
             20 69 74 20 72 65 61
             63 68 65 73 20 74 68
             65 20 65 6E
    000001F4 64 20 6F 66 20 74 68   712 	.ascii "d of the row."
             65 20 72 6F 77 2E
    00000201 00                     713 	.db 0x00
                                    714 	.area _XINIT
                                    715 	.area _CABS    (ABS)
