                                      1 ;--------------------------------------------------------
                                      2 ; File Created by SDCC : free open source ISO C Compiler
                                      3 ; Version 4.5.1 #15267 (Mac OS X ppc)
                                      4 ;--------------------------------------------------------
                                      5 	.module Font
                                      6 	
                                      7 ;--------------------------------------------------------
                                      8 ; Public variables in this module
                                      9 ;--------------------------------------------------------
                                     10 	.globl _Font_map
                                     11 	.globl _Font_tiles
                                     12 	.globl _Font_palettes
                                     13 	.globl b___func_Font
                                     14 	.globl ___func_Font
                                     15 ;--------------------------------------------------------
                                     16 ; special function registers
                                     17 ;--------------------------------------------------------
                                     18 ;--------------------------------------------------------
                                     19 ; ram data
                                     20 ;--------------------------------------------------------
                                     21 	.area _DATA
                                     22 ;--------------------------------------------------------
                                     23 ; ram data
                                     24 ;--------------------------------------------------------
                                     25 	.area _INITIALIZED
                                     26 ;--------------------------------------------------------
                                     27 ; absolute external ram data
                                     28 ;--------------------------------------------------------
                                     29 	.area _DABS (ABS)
                                     30 ;--------------------------------------------------------
                                     31 ; global & static initialisations
                                     32 ;--------------------------------------------------------
                                     33 	.area _HOME
                                     34 	.area _GSINIT
                                     35 	.area _GSFINAL
                                     36 	.area _GSINIT
                                     37 ;--------------------------------------------------------
                                     38 ; Home
                                     39 ;--------------------------------------------------------
                                     40 	.area _HOME
                                     41 	.area _HOME
                                     42 ;--------------------------------------------------------
                                     43 ; code
                                     44 ;--------------------------------------------------------
                                     45 	.area _CODE
                                     46 ;gen/Font.c:7: BANKREF(Font)
                                     47 ;	---------------------------------
                                     48 ; Function __func_Font
                                     49 ; ---------------------------------
                         00000000    50 	b___func_Font	= 0
    00000000                         51 ___func_Font::
                                     52 	.local b___func_Font 
                         00000000    53 	___bank_Font = b___func_Font 
                                     54 	.globl ___bank_Font 
                                     55 	.area _CODE
    00000000                         56 _Font_palettes:
    00000000 FF 7F                   57 	.dw #0x7fff
    00000002 D6 5A                   58 	.dw #0x5ad6
    00000004 AD 35                   59 	.dw #0x35ad
    00000006 00 00                   60 	.dw #0x0000
    00000008 00 00                   61 	.dw #0x0000
    0000000A 00 00                   62 	.dw #0x0000
    0000000C 00 00                   63 	.dw #0x0000
    0000000E 00 00                   64 	.dw #0x0000
    00000010 00 00                   65 	.dw #0x0000
    00000012 00 00                   66 	.dw #0x0000
    00000014 00 00                   67 	.dw #0x0000
    00000016 00 00                   68 	.dw #0x0000
    00000018 00 00                   69 	.dw #0x0000
    0000001A 00 00                   70 	.dw #0x0000
    0000001C 00 00                   71 	.dw #0x0000
    0000001E 00 00                   72 	.dw #0x0000
    00000020                         73 _Font_tiles:
    00000020 00                      74 	.db #0x00	; 0
    00000021 00                      75 	.db #0x00	; 0
    00000022 00                      76 	.db #0x00	; 0
    00000023 00                      77 	.db #0x00	; 0
    00000024 00                      78 	.db #0x00	; 0
    00000025 00                      79 	.db #0x00	; 0
    00000026 00                      80 	.db #0x00	; 0
    00000027 00                      81 	.db #0x00	; 0
    00000028 00                      82 	.db #0x00	; 0
    00000029 00                      83 	.db #0x00	; 0
    0000002A 00                      84 	.db #0x00	; 0
    0000002B 00                      85 	.db #0x00	; 0
    0000002C 00                      86 	.db #0x00	; 0
    0000002D 00                      87 	.db #0x00	; 0
    0000002E 00                      88 	.db #0x00	; 0
    0000002F 00                      89 	.db #0x00	; 0
    00000030 38                      90 	.db #0x38	; 56	'8'
    00000031 38                      91 	.db #0x38	; 56	'8'
    00000032 7C                      92 	.db #0x7c	; 124
    00000033 7C                      93 	.db #0x7c	; 124
    00000034 6C                      94 	.db #0x6c	; 108	'l'
    00000035 6C                      95 	.db #0x6c	; 108	'l'
    00000036 7C                      96 	.db #0x7c	; 124
    00000037 7C                      97 	.db #0x7c	; 124
    00000038 7C                      98 	.db #0x7c	; 124
    00000039 7C                      99 	.db #0x7c	; 124
    0000003A 6C                     100 	.db #0x6c	; 108	'l'
    0000003B 6C                     101 	.db #0x6c	; 108	'l'
    0000003C 6C                     102 	.db #0x6c	; 108	'l'
    0000003D 6C                     103 	.db #0x6c	; 108	'l'
    0000003E 00                     104 	.db #0x00	; 0
    0000003F 00                     105 	.db #0x00	; 0
    00000040 78                     106 	.db #0x78	; 120	'x'
    00000041 78                     107 	.db #0x78	; 120	'x'
    00000042 7C                     108 	.db #0x7c	; 124
    00000043 7C                     109 	.db #0x7c	; 124
    00000044 6C                     110 	.db #0x6c	; 108	'l'
    00000045 6C                     111 	.db #0x6c	; 108	'l'
    00000046 7C                     112 	.db #0x7c	; 124
    00000047 7C                     113 	.db #0x7c	; 124
    00000048 66                     114 	.db #0x66	; 102	'f'
    00000049 66                     115 	.db #0x66	; 102	'f'
    0000004A 7E                     116 	.db #0x7e	; 126
    0000004B 7E                     117 	.db #0x7e	; 126
    0000004C 7C                     118 	.db #0x7c	; 124
    0000004D 7C                     119 	.db #0x7c	; 124
    0000004E 00                     120 	.db #0x00	; 0
    0000004F 00                     121 	.db #0x00	; 0
    00000050 1C                     122 	.db #0x1c	; 28
    00000051 1C                     123 	.db #0x1c	; 28
    00000052 3E                     124 	.db #0x3e	; 62
    00000053 3E                     125 	.db #0x3e	; 62
    00000054 76                     126 	.db #0x76	; 118	'v'
    00000055 76                     127 	.db #0x76	; 118	'v'
    00000056 60                     128 	.db #0x60	; 96
    00000057 60                     129 	.db #0x60	; 96
    00000058 76                     130 	.db #0x76	; 118	'v'
    00000059 76                     131 	.db #0x76	; 118	'v'
    0000005A 3E                     132 	.db #0x3e	; 62
    0000005B 3E                     133 	.db #0x3e	; 62
    0000005C 1C                     134 	.db #0x1c	; 28
    0000005D 1C                     135 	.db #0x1c	; 28
    0000005E 00                     136 	.db #0x00	; 0
    0000005F 00                     137 	.db #0x00	; 0
    00000060 78                     138 	.db #0x78	; 120	'x'
    00000061 78                     139 	.db #0x78	; 120	'x'
    00000062 7C                     140 	.db #0x7c	; 124
    00000063 7C                     141 	.db #0x7c	; 124
    00000064 6E                     142 	.db #0x6e	; 110	'n'
    00000065 6E                     143 	.db #0x6e	; 110	'n'
    00000066 66                     144 	.db #0x66	; 102	'f'
    00000067 66                     145 	.db #0x66	; 102	'f'
    00000068 6E                     146 	.db #0x6e	; 110	'n'
    00000069 6E                     147 	.db #0x6e	; 110	'n'
    0000006A 7C                     148 	.db #0x7c	; 124
    0000006B 7C                     149 	.db #0x7c	; 124
    0000006C 78                     150 	.db #0x78	; 120	'x'
    0000006D 78                     151 	.db #0x78	; 120	'x'
    0000006E 00                     152 	.db #0x00	; 0
    0000006F 00                     153 	.db #0x00	; 0
    00000070 7C                     154 	.db #0x7c	; 124
    00000071 7C                     155 	.db #0x7c	; 124
    00000072 7C                     156 	.db #0x7c	; 124
    00000073 7C                     157 	.db #0x7c	; 124
    00000074 60                     158 	.db #0x60	; 96
    00000075 60                     159 	.db #0x60	; 96
    00000076 78                     160 	.db #0x78	; 120	'x'
    00000077 78                     161 	.db #0x78	; 120	'x'
    00000078 60                     162 	.db #0x60	; 96
    00000079 60                     163 	.db #0x60	; 96
    0000007A 7C                     164 	.db #0x7c	; 124
    0000007B 7C                     165 	.db #0x7c	; 124
    0000007C 7C                     166 	.db #0x7c	; 124
    0000007D 7C                     167 	.db #0x7c	; 124
    0000007E 00                     168 	.db #0x00	; 0
    0000007F 00                     169 	.db #0x00	; 0
    00000080 7C                     170 	.db #0x7c	; 124
    00000081 7C                     171 	.db #0x7c	; 124
    00000082 7C                     172 	.db #0x7c	; 124
    00000083 7C                     173 	.db #0x7c	; 124
    00000084 60                     174 	.db #0x60	; 96
    00000085 60                     175 	.db #0x60	; 96
    00000086 78                     176 	.db #0x78	; 120	'x'
    00000087 78                     177 	.db #0x78	; 120	'x'
    00000088 78                     178 	.db #0x78	; 120	'x'
    00000089 78                     179 	.db #0x78	; 120	'x'
    0000008A 60                     180 	.db #0x60	; 96
    0000008B 60                     181 	.db #0x60	; 96
    0000008C 60                     182 	.db #0x60	; 96
    0000008D 60                     183 	.db #0x60	; 96
    0000008E 00                     184 	.db #0x00	; 0
    0000008F 00                     185 	.db #0x00	; 0
    00000090 1E                     186 	.db #0x1e	; 30
    00000091 1E                     187 	.db #0x1e	; 30
    00000092 3E                     188 	.db #0x3e	; 62
    00000093 3E                     189 	.db #0x3e	; 62
    00000094 70                     190 	.db #0x70	; 112	'p'
    00000095 70                     191 	.db #0x70	; 112	'p'
    00000096 66                     192 	.db #0x66	; 102	'f'
    00000097 66                     193 	.db #0x66	; 102	'f'
    00000098 76                     194 	.db #0x76	; 118	'v'
    00000099 76                     195 	.db #0x76	; 118	'v'
    0000009A 3E                     196 	.db #0x3e	; 62
    0000009B 3E                     197 	.db #0x3e	; 62
    0000009C 1E                     198 	.db #0x1e	; 30
    0000009D 1E                     199 	.db #0x1e	; 30
    0000009E 00                     200 	.db #0x00	; 0
    0000009F 00                     201 	.db #0x00	; 0
    000000A0 6C                     202 	.db #0x6c	; 108	'l'
    000000A1 6C                     203 	.db #0x6c	; 108	'l'
    000000A2 6C                     204 	.db #0x6c	; 108	'l'
    000000A3 6C                     205 	.db #0x6c	; 108	'l'
    000000A4 7C                     206 	.db #0x7c	; 124
    000000A5 7C                     207 	.db #0x7c	; 124
    000000A6 7C                     208 	.db #0x7c	; 124
    000000A7 7C                     209 	.db #0x7c	; 124
    000000A8 6C                     210 	.db #0x6c	; 108	'l'
    000000A9 6C                     211 	.db #0x6c	; 108	'l'
    000000AA 6C                     212 	.db #0x6c	; 108	'l'
    000000AB 6C                     213 	.db #0x6c	; 108	'l'
    000000AC 6C                     214 	.db #0x6c	; 108	'l'
    000000AD 6C                     215 	.db #0x6c	; 108	'l'
    000000AE 00                     216 	.db #0x00	; 0
    000000AF 00                     217 	.db #0x00	; 0
    000000B0 18                     218 	.db #0x18	; 24
    000000B1 18                     219 	.db #0x18	; 24
    000000B2 18                     220 	.db #0x18	; 24
    000000B3 18                     221 	.db #0x18	; 24
    000000B4 18                     222 	.db #0x18	; 24
    000000B5 18                     223 	.db #0x18	; 24
    000000B6 18                     224 	.db #0x18	; 24
    000000B7 18                     225 	.db #0x18	; 24
    000000B8 18                     226 	.db #0x18	; 24
    000000B9 18                     227 	.db #0x18	; 24
    000000BA 18                     228 	.db #0x18	; 24
    000000BB 18                     229 	.db #0x18	; 24
    000000BC 18                     230 	.db #0x18	; 24
    000000BD 18                     231 	.db #0x18	; 24
    000000BE 00                     232 	.db #0x00	; 0
    000000BF 00                     233 	.db #0x00	; 0
    000000C0 18                     234 	.db #0x18	; 24
    000000C1 18                     235 	.db #0x18	; 24
    000000C2 18                     236 	.db #0x18	; 24
    000000C3 18                     237 	.db #0x18	; 24
    000000C4 18                     238 	.db #0x18	; 24
    000000C5 18                     239 	.db #0x18	; 24
    000000C6 18                     240 	.db #0x18	; 24
    000000C7 18                     241 	.db #0x18	; 24
    000000C8 18                     242 	.db #0x18	; 24
    000000C9 18                     243 	.db #0x18	; 24
    000000CA 18                     244 	.db #0x18	; 24
    000000CB 18                     245 	.db #0x18	; 24
    000000CC 38                     246 	.db #0x38	; 56	'8'
    000000CD 38                     247 	.db #0x38	; 56	'8'
    000000CE 30                     248 	.db #0x30	; 48	'0'
    000000CF 30                     249 	.db #0x30	; 48	'0'
    000000D0 6C                     250 	.db #0x6c	; 108	'l'
    000000D1 6C                     251 	.db #0x6c	; 108	'l'
    000000D2 6C                     252 	.db #0x6c	; 108	'l'
    000000D3 6C                     253 	.db #0x6c	; 108	'l'
    000000D4 78                     254 	.db #0x78	; 120	'x'
    000000D5 78                     255 	.db #0x78	; 120	'x'
    000000D6 70                     256 	.db #0x70	; 112	'p'
    000000D7 70                     257 	.db #0x70	; 112	'p'
    000000D8 78                     258 	.db #0x78	; 120	'x'
    000000D9 78                     259 	.db #0x78	; 120	'x'
    000000DA 6C                     260 	.db #0x6c	; 108	'l'
    000000DB 6C                     261 	.db #0x6c	; 108	'l'
    000000DC 6C                     262 	.db #0x6c	; 108	'l'
    000000DD 6C                     263 	.db #0x6c	; 108	'l'
    000000DE 00                     264 	.db #0x00	; 0
    000000DF 00                     265 	.db #0x00	; 0
    000000E0 60                     266 	.db #0x60	; 96
    000000E1 60                     267 	.db #0x60	; 96
    000000E2 60                     268 	.db #0x60	; 96
    000000E3 60                     269 	.db #0x60	; 96
    000000E4 60                     270 	.db #0x60	; 96
    000000E5 60                     271 	.db #0x60	; 96
    000000E6 60                     272 	.db #0x60	; 96
    000000E7 60                     273 	.db #0x60	; 96
    000000E8 60                     274 	.db #0x60	; 96
    000000E9 60                     275 	.db #0x60	; 96
    000000EA 7C                     276 	.db #0x7c	; 124
    000000EB 7C                     277 	.db #0x7c	; 124
    000000EC 7C                     278 	.db #0x7c	; 124
    000000ED 7C                     279 	.db #0x7c	; 124
    000000EE 00                     280 	.db #0x00	; 0
    000000EF 00                     281 	.db #0x00	; 0
    000000F0 42                     282 	.db #0x42	; 66	'B'
    000000F1 42                     283 	.db #0x42	; 66	'B'
    000000F2 66                     284 	.db #0x66	; 102	'f'
    000000F3 66                     285 	.db #0x66	; 102	'f'
    000000F4 7E                     286 	.db #0x7e	; 126
    000000F5 7E                     287 	.db #0x7e	; 126
    000000F6 7E                     288 	.db #0x7e	; 126
    000000F7 7E                     289 	.db #0x7e	; 126
    000000F8 66                     290 	.db #0x66	; 102	'f'
    000000F9 66                     291 	.db #0x66	; 102	'f'
    000000FA 66                     292 	.db #0x66	; 102	'f'
    000000FB 66                     293 	.db #0x66	; 102	'f'
    000000FC 66                     294 	.db #0x66	; 102	'f'
    000000FD 66                     295 	.db #0x66	; 102	'f'
    000000FE 00                     296 	.db #0x00	; 0
    000000FF 00                     297 	.db #0x00	; 0
    00000100 78                     298 	.db #0x78	; 120	'x'
    00000101 78                     299 	.db #0x78	; 120	'x'
    00000102 7C                     300 	.db #0x7c	; 124
    00000103 7C                     301 	.db #0x7c	; 124
    00000104 6C                     302 	.db #0x6c	; 108	'l'
    00000105 6C                     303 	.db #0x6c	; 108	'l'
    00000106 6C                     304 	.db #0x6c	; 108	'l'
    00000107 6C                     305 	.db #0x6c	; 108	'l'
    00000108 6C                     306 	.db #0x6c	; 108	'l'
    00000109 6C                     307 	.db #0x6c	; 108	'l'
    0000010A 6C                     308 	.db #0x6c	; 108	'l'
    0000010B 6C                     309 	.db #0x6c	; 108	'l'
    0000010C 6C                     310 	.db #0x6c	; 108	'l'
    0000010D 6C                     311 	.db #0x6c	; 108	'l'
    0000010E 00                     312 	.db #0x00	; 0
    0000010F 00                     313 	.db #0x00	; 0
    00000110 38                     314 	.db #0x38	; 56	'8'
    00000111 38                     315 	.db #0x38	; 56	'8'
    00000112 7C                     316 	.db #0x7c	; 124
    00000113 7C                     317 	.db #0x7c	; 124
    00000114 EE                     318 	.db #0xee	; 238
    00000115 EE                     319 	.db #0xee	; 238
    00000116 C6                     320 	.db #0xc6	; 198
    00000117 C6                     321 	.db #0xc6	; 198
    00000118 EE                     322 	.db #0xee	; 238
    00000119 EE                     323 	.db #0xee	; 238
    0000011A 7C                     324 	.db #0x7c	; 124
    0000011B 7C                     325 	.db #0x7c	; 124
    0000011C 38                     326 	.db #0x38	; 56	'8'
    0000011D 38                     327 	.db #0x38	; 56	'8'
    0000011E 00                     328 	.db #0x00	; 0
    0000011F 00                     329 	.db #0x00	; 0
    00000120 78                     330 	.db #0x78	; 120	'x'
    00000121 78                     331 	.db #0x78	; 120	'x'
    00000122 7C                     332 	.db #0x7c	; 124
    00000123 7C                     333 	.db #0x7c	; 124
    00000124 6C                     334 	.db #0x6c	; 108	'l'
    00000125 6C                     335 	.db #0x6c	; 108	'l'
    00000126 7C                     336 	.db #0x7c	; 124
    00000127 7C                     337 	.db #0x7c	; 124
    00000128 78                     338 	.db #0x78	; 120	'x'
    00000129 78                     339 	.db #0x78	; 120	'x'
    0000012A 60                     340 	.db #0x60	; 96
    0000012B 60                     341 	.db #0x60	; 96
    0000012C 60                     342 	.db #0x60	; 96
    0000012D 60                     343 	.db #0x60	; 96
    0000012E 00                     344 	.db #0x00	; 0
    0000012F 00                     345 	.db #0x00	; 0
    00000130 38                     346 	.db #0x38	; 56	'8'
    00000131 38                     347 	.db #0x38	; 56	'8'
    00000132 7C                     348 	.db #0x7c	; 124
    00000133 7C                     349 	.db #0x7c	; 124
    00000134 EE                     350 	.db #0xee	; 238
    00000135 EE                     351 	.db #0xee	; 238
    00000136 C6                     352 	.db #0xc6	; 198
    00000137 C6                     353 	.db #0xc6	; 198
    00000138 EE                     354 	.db #0xee	; 238
    00000139 EE                     355 	.db #0xee	; 238
    0000013A 7C                     356 	.db #0x7c	; 124
    0000013B 7C                     357 	.db #0x7c	; 124
    0000013C 3C                     358 	.db #0x3c	; 60
    0000013D 3C                     359 	.db #0x3c	; 60
    0000013E 06                     360 	.db #0x06	; 6
    0000013F 06                     361 	.db #0x06	; 6
    00000140 78                     362 	.db #0x78	; 120	'x'
    00000141 78                     363 	.db #0x78	; 120	'x'
    00000142 7C                     364 	.db #0x7c	; 124
    00000143 7C                     365 	.db #0x7c	; 124
    00000144 6C                     366 	.db #0x6c	; 108	'l'
    00000145 6C                     367 	.db #0x6c	; 108	'l'
    00000146 7C                     368 	.db #0x7c	; 124
    00000147 7C                     369 	.db #0x7c	; 124
    00000148 78                     370 	.db #0x78	; 120	'x'
    00000149 78                     371 	.db #0x78	; 120	'x'
    0000014A 6C                     372 	.db #0x6c	; 108	'l'
    0000014B 6C                     373 	.db #0x6c	; 108	'l'
    0000014C 6C                     374 	.db #0x6c	; 108	'l'
    0000014D 6C                     375 	.db #0x6c	; 108	'l'
    0000014E 00                     376 	.db #0x00	; 0
    0000014F 00                     377 	.db #0x00	; 0
    00000150 3C                     378 	.db #0x3c	; 60
    00000151 3C                     379 	.db #0x3c	; 60
    00000152 7C                     380 	.db #0x7c	; 124
    00000153 7C                     381 	.db #0x7c	; 124
    00000154 70                     382 	.db #0x70	; 112	'p'
    00000155 70                     383 	.db #0x70	; 112	'p'
    00000156 38                     384 	.db #0x38	; 56	'8'
    00000157 38                     385 	.db #0x38	; 56	'8'
    00000158 1C                     386 	.db #0x1c	; 28
    00000159 1C                     387 	.db #0x1c	; 28
    0000015A 7C                     388 	.db #0x7c	; 124
    0000015B 7C                     389 	.db #0x7c	; 124
    0000015C 78                     390 	.db #0x78	; 120	'x'
    0000015D 78                     391 	.db #0x78	; 120	'x'
    0000015E 00                     392 	.db #0x00	; 0
    0000015F 00                     393 	.db #0x00	; 0
    00000160 7E                     394 	.db #0x7e	; 126
    00000161 7E                     395 	.db #0x7e	; 126
    00000162 7E                     396 	.db #0x7e	; 126
    00000163 7E                     397 	.db #0x7e	; 126
    00000164 18                     398 	.db #0x18	; 24
    00000165 18                     399 	.db #0x18	; 24
    00000166 18                     400 	.db #0x18	; 24
    00000167 18                     401 	.db #0x18	; 24
    00000168 18                     402 	.db #0x18	; 24
    00000169 18                     403 	.db #0x18	; 24
    0000016A 18                     404 	.db #0x18	; 24
    0000016B 18                     405 	.db #0x18	; 24
    0000016C 18                     406 	.db #0x18	; 24
    0000016D 18                     407 	.db #0x18	; 24
    0000016E 00                     408 	.db #0x00	; 0
    0000016F 00                     409 	.db #0x00	; 0
    00000170 6C                     410 	.db #0x6c	; 108	'l'
    00000171 6C                     411 	.db #0x6c	; 108	'l'
    00000172 6C                     412 	.db #0x6c	; 108	'l'
    00000173 6C                     413 	.db #0x6c	; 108	'l'
    00000174 6C                     414 	.db #0x6c	; 108	'l'
    00000175 6C                     415 	.db #0x6c	; 108	'l'
    00000176 6C                     416 	.db #0x6c	; 108	'l'
    00000177 6C                     417 	.db #0x6c	; 108	'l'
    00000178 6C                     418 	.db #0x6c	; 108	'l'
    00000179 6C                     419 	.db #0x6c	; 108	'l'
    0000017A 7C                     420 	.db #0x7c	; 124
    0000017B 7C                     421 	.db #0x7c	; 124
    0000017C 38                     422 	.db #0x38	; 56	'8'
    0000017D 38                     423 	.db #0x38	; 56	'8'
    0000017E 00                     424 	.db #0x00	; 0
    0000017F 00                     425 	.db #0x00	; 0
    00000180 6C                     426 	.db #0x6c	; 108	'l'
    00000181 6C                     427 	.db #0x6c	; 108	'l'
    00000182 6C                     428 	.db #0x6c	; 108	'l'
    00000183 6C                     429 	.db #0x6c	; 108	'l'
    00000184 6C                     430 	.db #0x6c	; 108	'l'
    00000185 6C                     431 	.db #0x6c	; 108	'l'
    00000186 6C                     432 	.db #0x6c	; 108	'l'
    00000187 6C                     433 	.db #0x6c	; 108	'l'
    00000188 6C                     434 	.db #0x6c	; 108	'l'
    00000189 6C                     435 	.db #0x6c	; 108	'l'
    0000018A 78                     436 	.db #0x78	; 120	'x'
    0000018B 78                     437 	.db #0x78	; 120	'x'
    0000018C 70                     438 	.db #0x70	; 112	'p'
    0000018D 70                     439 	.db #0x70	; 112	'p'
    0000018E 00                     440 	.db #0x00	; 0
    0000018F 00                     441 	.db #0x00	; 0
    00000190 66                     442 	.db #0x66	; 102	'f'
    00000191 66                     443 	.db #0x66	; 102	'f'
    00000192 66                     444 	.db #0x66	; 102	'f'
    00000193 66                     445 	.db #0x66	; 102	'f'
    00000194 66                     446 	.db #0x66	; 102	'f'
    00000195 66                     447 	.db #0x66	; 102	'f'
    00000196 7E                     448 	.db #0x7e	; 126
    00000197 7E                     449 	.db #0x7e	; 126
    00000198 7E                     450 	.db #0x7e	; 126
    00000199 7E                     451 	.db #0x7e	; 126
    0000019A 66                     452 	.db #0x66	; 102	'f'
    0000019B 66                     453 	.db #0x66	; 102	'f'
    0000019C 42                     454 	.db #0x42	; 66	'B'
    0000019D 42                     455 	.db #0x42	; 66	'B'
    0000019E 00                     456 	.db #0x00	; 0
    0000019F 00                     457 	.db #0x00	; 0
    000001A0 6C                     458 	.db #0x6c	; 108	'l'
    000001A1 6C                     459 	.db #0x6c	; 108	'l'
    000001A2 6C                     460 	.db #0x6c	; 108	'l'
    000001A3 6C                     461 	.db #0x6c	; 108	'l'
    000001A4 7C                     462 	.db #0x7c	; 124
    000001A5 7C                     463 	.db #0x7c	; 124
    000001A6 38                     464 	.db #0x38	; 56	'8'
    000001A7 38                     465 	.db #0x38	; 56	'8'
    000001A8 7C                     466 	.db #0x7c	; 124
    000001A9 7C                     467 	.db #0x7c	; 124
    000001AA 6C                     468 	.db #0x6c	; 108	'l'
    000001AB 6C                     469 	.db #0x6c	; 108	'l'
    000001AC 6C                     470 	.db #0x6c	; 108	'l'
    000001AD 6C                     471 	.db #0x6c	; 108	'l'
    000001AE 00                     472 	.db #0x00	; 0
    000001AF 00                     473 	.db #0x00	; 0
    000001B0 66                     474 	.db #0x66	; 102	'f'
    000001B1 66                     475 	.db #0x66	; 102	'f'
    000001B2 66                     476 	.db #0x66	; 102	'f'
    000001B3 66                     477 	.db #0x66	; 102	'f'
    000001B4 3C                     478 	.db #0x3c	; 60
    000001B5 3C                     479 	.db #0x3c	; 60
    000001B6 3C                     480 	.db #0x3c	; 60
    000001B7 3C                     481 	.db #0x3c	; 60
    000001B8 18                     482 	.db #0x18	; 24
    000001B9 18                     483 	.db #0x18	; 24
    000001BA 18                     484 	.db #0x18	; 24
    000001BB 18                     485 	.db #0x18	; 24
    000001BC 18                     486 	.db #0x18	; 24
    000001BD 18                     487 	.db #0x18	; 24
    000001BE 00                     488 	.db #0x00	; 0
    000001BF 00                     489 	.db #0x00	; 0
    000001C0 7C                     490 	.db #0x7c	; 124
    000001C1 7C                     491 	.db #0x7c	; 124
    000001C2 7C                     492 	.db #0x7c	; 124
    000001C3 7C                     493 	.db #0x7c	; 124
    000001C4 1C                     494 	.db #0x1c	; 28
    000001C5 1C                     495 	.db #0x1c	; 28
    000001C6 38                     496 	.db #0x38	; 56	'8'
    000001C7 38                     497 	.db #0x38	; 56	'8'
    000001C8 70                     498 	.db #0x70	; 112	'p'
    000001C9 70                     499 	.db #0x70	; 112	'p'
    000001CA 7C                     500 	.db #0x7c	; 124
    000001CB 7C                     501 	.db #0x7c	; 124
    000001CC 7C                     502 	.db #0x7c	; 124
    000001CD 7C                     503 	.db #0x7c	; 124
    000001CE 00                     504 	.db #0x00	; 0
    000001CF 00                     505 	.db #0x00	; 0
    000001D0 38                     506 	.db #0x38	; 56	'8'
    000001D1 38                     507 	.db #0x38	; 56	'8'
    000001D2 7C                     508 	.db #0x7c	; 124
    000001D3 7C                     509 	.db #0x7c	; 124
    000001D4 6C                     510 	.db #0x6c	; 108	'l'
    000001D5 6C                     511 	.db #0x6c	; 108	'l'
    000001D6 6C                     512 	.db #0x6c	; 108	'l'
    000001D7 6C                     513 	.db #0x6c	; 108	'l'
    000001D8 6C                     514 	.db #0x6c	; 108	'l'
    000001D9 6C                     515 	.db #0x6c	; 108	'l'
    000001DA 7C                     516 	.db #0x7c	; 124
    000001DB 7C                     517 	.db #0x7c	; 124
    000001DC 38                     518 	.db #0x38	; 56	'8'
    000001DD 38                     519 	.db #0x38	; 56	'8'
    000001DE 00                     520 	.db #0x00	; 0
    000001DF 00                     521 	.db #0x00	; 0
    000001E0 18                     522 	.db #0x18	; 24
    000001E1 18                     523 	.db #0x18	; 24
    000001E2 38                     524 	.db #0x38	; 56	'8'
    000001E3 38                     525 	.db #0x38	; 56	'8'
    000001E4 38                     526 	.db #0x38	; 56	'8'
    000001E5 38                     527 	.db #0x38	; 56	'8'
    000001E6 18                     528 	.db #0x18	; 24
    000001E7 18                     529 	.db #0x18	; 24
    000001E8 18                     530 	.db #0x18	; 24
    000001E9 18                     531 	.db #0x18	; 24
    000001EA 18                     532 	.db #0x18	; 24
    000001EB 18                     533 	.db #0x18	; 24
    000001EC 18                     534 	.db #0x18	; 24
    000001ED 18                     535 	.db #0x18	; 24
    000001EE 00                     536 	.db #0x00	; 0
    000001EF 00                     537 	.db #0x00	; 0
    000001F0 78                     538 	.db #0x78	; 120	'x'
    000001F1 78                     539 	.db #0x78	; 120	'x'
    000001F2 7C                     540 	.db #0x7c	; 124
    000001F3 7C                     541 	.db #0x7c	; 124
    000001F4 0C                     542 	.db #0x0c	; 12
    000001F5 0C                     543 	.db #0x0c	; 12
    000001F6 38                     544 	.db #0x38	; 56	'8'
    000001F7 38                     545 	.db #0x38	; 56	'8'
    000001F8 60                     546 	.db #0x60	; 96
    000001F9 60                     547 	.db #0x60	; 96
    000001FA 7C                     548 	.db #0x7c	; 124
    000001FB 7C                     549 	.db #0x7c	; 124
    000001FC 7C                     550 	.db #0x7c	; 124
    000001FD 7C                     551 	.db #0x7c	; 124
    000001FE 00                     552 	.db #0x00	; 0
    000001FF 00                     553 	.db #0x00	; 0
    00000200 7C                     554 	.db #0x7c	; 124
    00000201 7C                     555 	.db #0x7c	; 124
    00000202 7C                     556 	.db #0x7c	; 124
    00000203 7C                     557 	.db #0x7c	; 124
    00000204 0C                     558 	.db #0x0c	; 12
    00000205 0C                     559 	.db #0x0c	; 12
    00000206 38                     560 	.db #0x38	; 56	'8'
    00000207 38                     561 	.db #0x38	; 56	'8'
    00000208 0C                     562 	.db #0x0c	; 12
    00000209 0C                     563 	.db #0x0c	; 12
    0000020A 7C                     564 	.db #0x7c	; 124
    0000020B 7C                     565 	.db #0x7c	; 124
    0000020C 78                     566 	.db #0x78	; 120	'x'
    0000020D 78                     567 	.db #0x78	; 120	'x'
    0000020E 00                     568 	.db #0x00	; 0
    0000020F 00                     569 	.db #0x00	; 0
    00000210 0C                     570 	.db #0x0c	; 12
    00000211 0C                     571 	.db #0x0c	; 12
    00000212 1C                     572 	.db #0x1c	; 28
    00000213 1C                     573 	.db #0x1c	; 28
    00000214 3C                     574 	.db #0x3c	; 60
    00000215 3C                     575 	.db #0x3c	; 60
    00000216 6C                     576 	.db #0x6c	; 108	'l'
    00000217 6C                     577 	.db #0x6c	; 108	'l'
    00000218 7E                     578 	.db #0x7e	; 126
    00000219 7E                     579 	.db #0x7e	; 126
    0000021A 7E                     580 	.db #0x7e	; 126
    0000021B 7E                     581 	.db #0x7e	; 126
    0000021C 0C                     582 	.db #0x0c	; 12
    0000021D 0C                     583 	.db #0x0c	; 12
    0000021E 00                     584 	.db #0x00	; 0
    0000021F 00                     585 	.db #0x00	; 0
    00000220 7C                     586 	.db #0x7c	; 124
    00000221 7C                     587 	.db #0x7c	; 124
    00000222 7C                     588 	.db #0x7c	; 124
    00000223 7C                     589 	.db #0x7c	; 124
    00000224 60                     590 	.db #0x60	; 96
    00000225 60                     591 	.db #0x60	; 96
    00000226 78                     592 	.db #0x78	; 120	'x'
    00000227 78                     593 	.db #0x78	; 120	'x'
    00000228 1C                     594 	.db #0x1c	; 28
    00000229 1C                     595 	.db #0x1c	; 28
    0000022A 7C                     596 	.db #0x7c	; 124
    0000022B 7C                     597 	.db #0x7c	; 124
    0000022C 78                     598 	.db #0x78	; 120	'x'
    0000022D 78                     599 	.db #0x78	; 120	'x'
    0000022E 00                     600 	.db #0x00	; 0
    0000022F 00                     601 	.db #0x00	; 0
    00000230 38                     602 	.db #0x38	; 56	'8'
    00000231 38                     603 	.db #0x38	; 56	'8'
    00000232 78                     604 	.db #0x78	; 120	'x'
    00000233 78                     605 	.db #0x78	; 120	'x'
    00000234 60                     606 	.db #0x60	; 96
    00000235 60                     607 	.db #0x60	; 96
    00000236 78                     608 	.db #0x78	; 120	'x'
    00000237 78                     609 	.db #0x78	; 120	'x'
    00000238 6C                     610 	.db #0x6c	; 108	'l'
    00000239 6C                     611 	.db #0x6c	; 108	'l'
    0000023A 7C                     612 	.db #0x7c	; 124
    0000023B 7C                     613 	.db #0x7c	; 124
    0000023C 38                     614 	.db #0x38	; 56	'8'
    0000023D 38                     615 	.db #0x38	; 56	'8'
    0000023E 00                     616 	.db #0x00	; 0
    0000023F 00                     617 	.db #0x00	; 0
    00000240 7C                     618 	.db #0x7c	; 124
    00000241 7C                     619 	.db #0x7c	; 124
    00000242 7C                     620 	.db #0x7c	; 124
    00000243 7C                     621 	.db #0x7c	; 124
    00000244 0C                     622 	.db #0x0c	; 12
    00000245 0C                     623 	.db #0x0c	; 12
    00000246 18                     624 	.db #0x18	; 24
    00000247 18                     625 	.db #0x18	; 24
    00000248 30                     626 	.db #0x30	; 48	'0'
    00000249 30                     627 	.db #0x30	; 48	'0'
    0000024A 30                     628 	.db #0x30	; 48	'0'
    0000024B 30                     629 	.db #0x30	; 48	'0'
    0000024C 30                     630 	.db #0x30	; 48	'0'
    0000024D 30                     631 	.db #0x30	; 48	'0'
    0000024E 00                     632 	.db #0x00	; 0
    0000024F 00                     633 	.db #0x00	; 0
    00000250 38                     634 	.db #0x38	; 56	'8'
    00000251 38                     635 	.db #0x38	; 56	'8'
    00000252 7C                     636 	.db #0x7c	; 124
    00000253 7C                     637 	.db #0x7c	; 124
    00000254 6C                     638 	.db #0x6c	; 108	'l'
    00000255 6C                     639 	.db #0x6c	; 108	'l'
    00000256 38                     640 	.db #0x38	; 56	'8'
    00000257 38                     641 	.db #0x38	; 56	'8'
    00000258 6C                     642 	.db #0x6c	; 108	'l'
    00000259 6C                     643 	.db #0x6c	; 108	'l'
    0000025A 7C                     644 	.db #0x7c	; 124
    0000025B 7C                     645 	.db #0x7c	; 124
    0000025C 38                     646 	.db #0x38	; 56	'8'
    0000025D 38                     647 	.db #0x38	; 56	'8'
    0000025E 00                     648 	.db #0x00	; 0
    0000025F 00                     649 	.db #0x00	; 0
    00000260 38                     650 	.db #0x38	; 56	'8'
    00000261 38                     651 	.db #0x38	; 56	'8'
    00000262 7C                     652 	.db #0x7c	; 124
    00000263 7C                     653 	.db #0x7c	; 124
    00000264 6C                     654 	.db #0x6c	; 108	'l'
    00000265 6C                     655 	.db #0x6c	; 108	'l'
    00000266 3C                     656 	.db #0x3c	; 60
    00000267 3C                     657 	.db #0x3c	; 60
    00000268 0C                     658 	.db #0x0c	; 12
    00000269 0C                     659 	.db #0x0c	; 12
    0000026A 3C                     660 	.db #0x3c	; 60
    0000026B 3C                     661 	.db #0x3c	; 60
    0000026C 38                     662 	.db #0x38	; 56	'8'
    0000026D 38                     663 	.db #0x38	; 56	'8'
    0000026E 00                     664 	.db #0x00	; 0
    0000026F 00                     665 	.db #0x00	; 0
    00000270 18                     666 	.db #0x18	; 24
    00000271 18                     667 	.db #0x18	; 24
    00000272 18                     668 	.db #0x18	; 24
    00000273 18                     669 	.db #0x18	; 24
    00000274 18                     670 	.db #0x18	; 24
    00000275 18                     671 	.db #0x18	; 24
    00000276 18                     672 	.db #0x18	; 24
    00000277 18                     673 	.db #0x18	; 24
    00000278 00                     674 	.db #0x00	; 0
    00000279 00                     675 	.db #0x00	; 0
    0000027A 18                     676 	.db #0x18	; 24
    0000027B 18                     677 	.db #0x18	; 24
    0000027C 18                     678 	.db #0x18	; 24
    0000027D 18                     679 	.db #0x18	; 24
    0000027E 00                     680 	.db #0x00	; 0
    0000027F 00                     681 	.db #0x00	; 0
    00000280 00                     682 	.db #0x00	; 0
    00000281 00                     683 	.db #0x00	; 0
    00000282 30                     684 	.db #0x30	; 48	'0'
    00000283 30                     685 	.db #0x30	; 48	'0'
    00000284 30                     686 	.db #0x30	; 48	'0'
    00000285 30                     687 	.db #0x30	; 48	'0'
    00000286 00                     688 	.db #0x00	; 0
    00000287 00                     689 	.db #0x00	; 0
    00000288 30                     690 	.db #0x30	; 48	'0'
    00000289 30                     691 	.db #0x30	; 48	'0'
    0000028A 30                     692 	.db #0x30	; 48	'0'
    0000028B 30                     693 	.db #0x30	; 48	'0'
    0000028C 00                     694 	.db #0x00	; 0
    0000028D 00                     695 	.db #0x00	; 0
    0000028E 00                     696 	.db #0x00	; 0
    0000028F 00                     697 	.db #0x00	; 0
    00000290 78                     698 	.db #0x78	; 120	'x'
    00000291 78                     699 	.db #0x78	; 120	'x'
    00000292 7C                     700 	.db #0x7c	; 124
    00000293 7C                     701 	.db #0x7c	; 124
    00000294 0C                     702 	.db #0x0c	; 12
    00000295 0C                     703 	.db #0x0c	; 12
    00000296 38                     704 	.db #0x38	; 56	'8'
    00000297 38                     705 	.db #0x38	; 56	'8'
    00000298 00                     706 	.db #0x00	; 0
    00000299 00                     707 	.db #0x00	; 0
    0000029A 30                     708 	.db #0x30	; 48	'0'
    0000029B 30                     709 	.db #0x30	; 48	'0'
    0000029C 30                     710 	.db #0x30	; 48	'0'
    0000029D 30                     711 	.db #0x30	; 48	'0'
    0000029E 00                     712 	.db #0x00	; 0
    0000029F 00                     713 	.db #0x00	; 0
    000002A0 C0                     714 	.db #0xc0	; 192
    000002A1 C0                     715 	.db #0xc0	; 192
    000002A2 E0                     716 	.db #0xe0	; 224
    000002A3 E0                     717 	.db #0xe0	; 224
    000002A4 70                     718 	.db #0x70	; 112	'p'
    000002A5 70                     719 	.db #0x70	; 112	'p'
    000002A6 38                     720 	.db #0x38	; 56	'8'
    000002A7 38                     721 	.db #0x38	; 56	'8'
    000002A8 1C                     722 	.db #0x1c	; 28
    000002A9 1C                     723 	.db #0x1c	; 28
    000002AA 0E                     724 	.db #0x0e	; 14
    000002AB 0E                     725 	.db #0x0e	; 14
    000002AC 06                     726 	.db #0x06	; 6
    000002AD 06                     727 	.db #0x06	; 6
    000002AE 00                     728 	.db #0x00	; 0
    000002AF 00                     729 	.db #0x00	; 0
    000002B0 00                     730 	.db #0x00	; 0
    000002B1 00                     731 	.db #0x00	; 0
    000002B2 7C                     732 	.db #0x7c	; 124
    000002B3 7C                     733 	.db #0x7c	; 124
    000002B4 7C                     734 	.db #0x7c	; 124
    000002B5 7C                     735 	.db #0x7c	; 124
    000002B6 00                     736 	.db #0x00	; 0
    000002B7 00                     737 	.db #0x00	; 0
    000002B8 7C                     738 	.db #0x7c	; 124
    000002B9 7C                     739 	.db #0x7c	; 124
    000002BA 7C                     740 	.db #0x7c	; 124
    000002BB 7C                     741 	.db #0x7c	; 124
    000002BC 00                     742 	.db #0x00	; 0
    000002BD 00                     743 	.db #0x00	; 0
    000002BE 00                     744 	.db #0x00	; 0
    000002BF 00                     745 	.db #0x00	; 0
    000002C0 00                     746 	.db #0x00	; 0
    000002C1 00                     747 	.db #0x00	; 0
    000002C2 00                     748 	.db #0x00	; 0
    000002C3 00                     749 	.db #0x00	; 0
    000002C4 00                     750 	.db #0x00	; 0
    000002C5 00                     751 	.db #0x00	; 0
    000002C6 00                     752 	.db #0x00	; 0
    000002C7 00                     753 	.db #0x00	; 0
    000002C8 30                     754 	.db #0x30	; 48	'0'
    000002C9 30                     755 	.db #0x30	; 48	'0'
    000002CA 30                     756 	.db #0x30	; 48	'0'
    000002CB 30                     757 	.db #0x30	; 48	'0'
    000002CC 10                     758 	.db #0x10	; 16
    000002CD 10                     759 	.db #0x10	; 16
    000002CE 00                     760 	.db #0x00	; 0
    000002CF 00                     761 	.db #0x00	; 0
    000002D0 00                     762 	.db #0x00	; 0
    000002D1 00                     763 	.db #0x00	; 0
    000002D2 00                     764 	.db #0x00	; 0
    000002D3 00                     765 	.db #0x00	; 0
    000002D4 00                     766 	.db #0x00	; 0
    000002D5 00                     767 	.db #0x00	; 0
    000002D6 00                     768 	.db #0x00	; 0
    000002D7 00                     769 	.db #0x00	; 0
    000002D8 00                     770 	.db #0x00	; 0
    000002D9 00                     771 	.db #0x00	; 0
    000002DA 30                     772 	.db #0x30	; 48	'0'
    000002DB 30                     773 	.db #0x30	; 48	'0'
    000002DC 30                     774 	.db #0x30	; 48	'0'
    000002DD 30                     775 	.db #0x30	; 48	'0'
    000002DE 00                     776 	.db #0x00	; 0
    000002DF 00                     777 	.db #0x00	; 0
    000002E0 03                     778 	.db #0x03	; 3
    000002E1 03                     779 	.db #0x03	; 3
    000002E2 0F                     780 	.db #0x0f	; 15
    000002E3 0F                     781 	.db #0x0f	; 15
    000002E4 3F                     782 	.db #0x3f	; 63
    000002E5 3F                     783 	.db #0x3f	; 63
    000002E6 FF                     784 	.db #0xff	; 255
    000002E7 FF                     785 	.db #0xff	; 255
    000002E8 FF                     786 	.db #0xff	; 255
    000002E9 FF                     787 	.db #0xff	; 255
    000002EA 3F                     788 	.db #0x3f	; 63
    000002EB 3F                     789 	.db #0x3f	; 63
    000002EC 0F                     790 	.db #0x0f	; 15
    000002ED 0F                     791 	.db #0x0f	; 15
    000002EE 03                     792 	.db #0x03	; 3
    000002EF 03                     793 	.db #0x03	; 3
    000002F0 C0                     794 	.db #0xc0	; 192
    000002F1 C0                     795 	.db #0xc0	; 192
    000002F2 F0                     796 	.db #0xf0	; 240
    000002F3 F0                     797 	.db #0xf0	; 240
    000002F4 FC                     798 	.db #0xfc	; 252
    000002F5 FC                     799 	.db #0xfc	; 252
    000002F6 FF                     800 	.db #0xff	; 255
    000002F7 FF                     801 	.db #0xff	; 255
    000002F8 FF                     802 	.db #0xff	; 255
    000002F9 FF                     803 	.db #0xff	; 255
    000002FA FC                     804 	.db #0xfc	; 252
    000002FB FC                     805 	.db #0xfc	; 252
    000002FC F0                     806 	.db #0xf0	; 240
    000002FD F0                     807 	.db #0xf0	; 240
    000002FE C0                     808 	.db #0xc0	; 192
    000002FF C0                     809 	.db #0xc0	; 192
    00000300                        810 _Font_map:
    00000300 00                     811 	.db #0x00	; 0
    00000301 01                     812 	.db #0x01	; 1
    00000302 02                     813 	.db #0x02	; 2
    00000303 03                     814 	.db #0x03	; 3
    00000304 04                     815 	.db #0x04	; 4
    00000305 05                     816 	.db #0x05	; 5
    00000306 06                     817 	.db #0x06	; 6
    00000307 07                     818 	.db #0x07	; 7
    00000308 08                     819 	.db #0x08	; 8
    00000309 09                     820 	.db #0x09	; 9
    0000030A 0A                     821 	.db #0x0a	; 10
    0000030B 0B                     822 	.db #0x0b	; 11
    0000030C 0C                     823 	.db #0x0c	; 12
    0000030D 0D                     824 	.db #0x0d	; 13
    0000030E 0E                     825 	.db #0x0e	; 14
    0000030F 0F                     826 	.db #0x0f	; 15
    00000310 10                     827 	.db #0x10	; 16
    00000311 11                     828 	.db #0x11	; 17
    00000312 12                     829 	.db #0x12	; 18
    00000313 13                     830 	.db #0x13	; 19
    00000314 14                     831 	.db #0x14	; 20
    00000315 15                     832 	.db #0x15	; 21
    00000316 16                     833 	.db #0x16	; 22
    00000317 17                     834 	.db #0x17	; 23
    00000318 18                     835 	.db #0x18	; 24
    00000319 19                     836 	.db #0x19	; 25
    0000031A 1A                     837 	.db #0x1a	; 26
    0000031B 1B                     838 	.db #0x1b	; 27
    0000031C 1C                     839 	.db #0x1c	; 28
    0000031D 1D                     840 	.db #0x1d	; 29
    0000031E 1E                     841 	.db #0x1e	; 30
    0000031F 1F                     842 	.db #0x1f	; 31
    00000320 20                     843 	.db #0x20	; 32
    00000321 21                     844 	.db #0x21	; 33
    00000322 22                     845 	.db #0x22	; 34
    00000323 23                     846 	.db #0x23	; 35
    00000324 24                     847 	.db #0x24	; 36
    00000325 25                     848 	.db #0x25	; 37
    00000326 26                     849 	.db #0x26	; 38
    00000327 27                     850 	.db #0x27	; 39
    00000328 28                     851 	.db #0x28	; 40
    00000329 29                     852 	.db #0x29	; 41
    0000032A 2A                     853 	.db #0x2a	; 42
    0000032B 2B                     854 	.db #0x2b	; 43
    0000032C 2C                     855 	.db #0x2c	; 44
    0000032D 2D                     856 	.db #0x2d	; 45
    0000032E 00                     857 	.db #0x00	; 0
    0000032F 00                     858 	.db #0x00	; 0
    00000330 00                     859 	.db #0x00	; 0
    00000331 00                     860 	.db #0x00	; 0
    00000332 00                     861 	.db #0x00	; 0
    00000333 00                     862 	.db #0x00	; 0
                                    863 	.area _INITIALIZER
                                    864 	.area _CABS (ABS)
