                                      1 ;--------------------------------------------------------
                                      2 ; File Created by SDCC : free open source ISO C Compiler
                                      3 ; Version 4.5.1 #15267 (Mac OS X ppc)
                                      4 ;--------------------------------------------------------
                                      5 	.module gorb
                                      6 	
                                      7 ;--------------------------------------------------------
                                      8 ; Public variables in this module
                                      9 ;--------------------------------------------------------
                                     10 	.globl _updateGorb
                                     11 	.globl _setupGorb
                                     12 	.globl _initialAnimation
                                     13 	.globl _set_sprite_data
                                     14 	.globl _isIntroSpriteSelected
                                     15 	.globl _flipGorb
                                     16 	.globl _gorbDirection
                                     17 	.globl _gorbMetasprite
                                     18 	.globl _gorbY
                                     19 	.globl _gorbX
                                     20 ;--------------------------------------------------------
                                     21 ; special function registers
                                     22 ;--------------------------------------------------------
                                     23 ;--------------------------------------------------------
                                     24 ; ram data
                                     25 ;--------------------------------------------------------
                                     26 	.area _DATA
    00000000                         27 _gorbX::
    00000000                         28 	.ds 2
    00000002                         29 _gorbY::
    00000002                         30 	.ds 2
    00000004                         31 _gorbMetasprite::
    00000004                         32 	.ds 2
                                     33 ;--------------------------------------------------------
                                     34 ; ram data
                                     35 ;--------------------------------------------------------
                                     36 	.area _INITIALIZED
    00000000                         37 _gorbDirection::
    00000000                         38 	.ds 1
    00000001                         39 _flipGorb::
    00000001                         40 	.ds 1
    00000002                         41 _isIntroSpriteSelected::
    00000002                         42 	.ds 1
                                     43 ;--------------------------------------------------------
                                     44 ; absolute external ram data
                                     45 ;--------------------------------------------------------
                                     46 	.area _DABS (ABS)
                                     47 ;--------------------------------------------------------
                                     48 ; global & static initialisations
                                     49 ;--------------------------------------------------------
                                     50 	.area _HOME
                                     51 	.area _GSINIT
                                     52 	.area _GSFINAL
                                     53 	.area _GSINIT
                                     54 ;--------------------------------------------------------
                                     55 ; Home
                                     56 ;--------------------------------------------------------
                                     57 	.area _HOME
                                     58 	.area _HOME
                                     59 ;--------------------------------------------------------
                                     60 ; code
                                     61 ;--------------------------------------------------------
                                     62 	.area _CODE
                                     63 ;src/gorb.c:23: void initialAnimation(void)
                                     64 ;	---------------------------------
                                     65 ; Function initialAnimation
                                     66 ; ---------------------------------
    00000000                         67 _initialAnimation::
                                     68 ;src/gorb.c:25: set_sprite_data(0, gorbySleeping_TILE_COUNT, gorbySleeping_tiles);
    00000000 11r00r00         [12]   69 	ld	de, #_gorbySleeping_tiles
    00000003 D5               [16]   70 	push	de
    00000004 21 00 10         [12]   71 	ld	hl, #0x1000
    00000007 E5               [16]   72 	push	hl
    00000008 CDr00r00         [24]   73 	call	_set_sprite_data
    0000000B E8 04            [16]   74 	add	sp, #4
                                     75 ;src/gorb.c:26: gorbX = 80 << 4;
    0000000D 21r00r00         [12]   76 	ld	hl, #_gorbX
    00000010 AF               [ 4]   77 	xor	a, a
    00000011 22               [ 8]   78 	ld	(hl+), a
    00000012 36 05            [12]   79 	ld	(hl), #0x05
                                     80 ;src/gorb.c:27: gorbY = 40 << 4;
    00000014 21r02r00         [12]   81 	ld	hl, #_gorbY
    00000017 3E 80            [ 8]   82 	ld	a, #0x80
    00000019 22               [ 8]   83 	ld	(hl+), a
    0000001A 36 02            [12]   84 	ld	(hl), #0x02
                                     85 ;src/gorb.c:28: gorbMetasprite = gorbySleeping_metasprites[0];
    0000001C 11r00r00         [12]   86 	ld	de, #_gorbySleeping_metasprites
    0000001F 1A               [ 8]   87 	ld	a, (de)
    00000020 21r04r00         [12]   88 	ld	hl, #_gorbMetasprite
    00000023 22               [ 8]   89 	ld	(hl+), a
    00000024 13               [ 8]   90 	inc	de
    00000025 1A               [ 8]   91 	ld	a, (de)
    00000026 77               [ 8]   92 	ld	(hl), a
                                     93 ;src/gorb.c:32: }
    00000027 C9               [16]   94 	ret
                                     95 ;src/gorb.c:34: void setupGorb(void)
                                     96 ;	---------------------------------
                                     97 ; Function setupGorb
                                     98 ; ---------------------------------
    00000028                         99 _setupGorb::
                                    100 ;src/gorb.c:37: if (isIntroSequence)
    00000028 FAr00r00         [16]  101 	ld	a, (#_isIntroSequence)
    0000002B B7               [ 4]  102 	or	a, a
    0000002C 28 2E            [12]  103 	jr	Z, 00102$
                                    104 ;src/gorb.c:39: set_sprite_data(0, gorbySleeping_TILE_COUNT, gorbySleeping_tiles);
    0000002E 11r00r00         [12]  105 	ld	de, #_gorbySleeping_tiles
    00000031 D5               [16]  106 	push	de
    00000032 21 00 10         [12]  107 	ld	hl, #0x1000
    00000035 E5               [16]  108 	push	hl
    00000036 CDr00r00         [24]  109 	call	_set_sprite_data
    00000039 E8 04            [16]  110 	add	sp, #4
                                    111 ;src/gorb.c:40: gorbX = 67 << 4;
    0000003B 21r00r00         [12]  112 	ld	hl, #_gorbX
    0000003E 3E 30            [ 8]  113 	ld	a, #0x30
    00000040 22               [ 8]  114 	ld	(hl+), a
    00000041 36 04            [12]  115 	ld	(hl), #0x04
                                    116 ;src/gorb.c:41: gorbY = 100 << 4;
    00000043 21r02r00         [12]  117 	ld	hl, #_gorbY
    00000046 3E 40            [ 8]  118 	ld	a, #0x40
    00000048 22               [ 8]  119 	ld	(hl+), a
    00000049 36 06            [12]  120 	ld	(hl), #0x06
                                    121 ;src/gorb.c:42: gorbMetasprite = gorbySleeping_metasprites[0];
    0000004B 11r00r00         [12]  122 	ld	de, #_gorbySleeping_metasprites
    0000004E 1A               [ 8]  123 	ld	a, (de)
    0000004F 21r04r00         [12]  124 	ld	hl, #_gorbMetasprite
    00000052 22               [ 8]  125 	ld	(hl+), a
    00000053 13               [ 8]  126 	inc	de
    00000054 1A               [ 8]  127 	ld	a, (de)
    00000055 77               [ 8]  128 	ld	(hl), a
                                    129 ;src/gorb.c:43: isIntroSpriteSelected = TRUE;
    00000056 21r02r00         [12]  130 	ld	hl, #_isIntroSpriteSelected
    00000059 36 01            [12]  131 	ld	(hl), #0x01
    0000005B C9               [16]  132 	ret
    0000005C                        133 00102$:
                                    134 ;src/gorb.c:48: set_sprite_data(0, WalkingGorbDown_TILE_COUNT, WalkingGorbDown_tiles);
    0000005C 11r00r00         [12]  135 	ld	de, #_WalkingGorbDown_tiles
    0000005F D5               [16]  136 	push	de
    00000060 21 00 28         [12]  137 	ld	hl, #0x2800
    00000063 E5               [16]  138 	push	hl
    00000064 CDr00r00         [24]  139 	call	_set_sprite_data
    00000067 E8 04            [16]  140 	add	sp, #4
                                    141 ;src/gorb.c:52: gorbX = 80 << 4;
    00000069 21r00r00         [12]  142 	ld	hl, #_gorbX
    0000006C AF               [ 4]  143 	xor	a, a
    0000006D 22               [ 8]  144 	ld	(hl+), a
    0000006E 36 05            [12]  145 	ld	(hl), #0x05
                                    146 ;src/gorb.c:53: gorbY = 40 << 4;
    00000070 21r02r00         [12]  147 	ld	hl, #_gorbY
    00000073 3E 80            [ 8]  148 	ld	a, #0x80
    00000075 22               [ 8]  149 	ld	(hl+), a
    00000076 36 02            [12]  150 	ld	(hl), #0x02
                                    151 ;src/gorb.c:56: gorbDirection = J_DOWN;
    00000078 21r00r00         [12]  152 	ld	hl, #_gorbDirection
    0000007B 36 08            [12]  153 	ld	(hl), #0x08
                                    154 ;src/gorb.c:59: gorbMetasprite = WalkingGorbDown_metasprites[0];
    0000007D 11r00r00         [12]  155 	ld	de, #_WalkingGorbDown_metasprites
    00000080 1A               [ 8]  156 	ld	a, (de)
    00000081 21r04r00         [12]  157 	ld	hl, #_gorbMetasprite
    00000084 22               [ 8]  158 	ld	(hl+), a
    00000085 13               [ 8]  159 	inc	de
    00000086 1A               [ 8]  160 	ld	a, (de)
    00000087 77               [ 8]  161 	ld	(hl), a
                                    162 ;src/gorb.c:61: }
    00000088 C9               [16]  163 	ret
                                    164 ;src/gorb.c:63: uint8_t updateGorb(void)
                                    165 ;	---------------------------------
                                    166 ; Function updateGorb
                                    167 ; ---------------------------------
    00000089                        168 _updateGorb::
    00000089 3B               [ 8]  169 	dec	sp
    0000008A 3B               [ 8]  170 	dec	sp
                                    171 ;src/gorb.c:65: if(isIntroSequence){
    0000008B FAr00r00         [16]  172 	ld	a, (#_isIntroSequence)
    0000008E B7               [ 4]  173 	or	a, a
    0000008F 28 5D            [12]  174 	jr	Z, 00102$
                                    175 ;src/gorb.c:66: gorbMetasprite = gorbySleeping_metasprites[frameRealValue];
    00000091 01r00r00         [12]  176 	ld	bc, #_gorbySleeping_metasprites+0
    00000094 FAr00r00         [16]  177 	ld	a, (_frameRealValue)
    00000097 26 00            [ 8]  178 	ld	h, #0x00
    00000099 6F               [ 4]  179 	ld	l, a
    0000009A 29               [ 8]  180 	add	hl, hl
    0000009B 09               [ 8]  181 	add	hl, bc
    0000009C 5D               [ 4]  182 	ld	e, l
    0000009D 54               [ 4]  183 	ld	d, h
    0000009E 1A               [ 8]  184 	ld	a, (de)
    0000009F 21r04r00         [12]  185 	ld	hl, #_gorbMetasprite
    000000A2 22               [ 8]  186 	ld	(hl+), a
    000000A3 13               [ 8]  187 	inc	de
    000000A4 1A               [ 8]  188 	ld	a, (de)
    000000A5 77               [ 8]  189 	ld	(hl), a
                                    190 ;src/gorb.c:67: move_metasprite_ex(gorbMetasprite, 0, 0, 0, gorbX >> 4, gorbY >> 4);
    000000A6 21r02r00         [12]  191 	ld	hl, #_gorbY
    000000A9 2A               [ 8]  192 	ld	a, (hl+)
    000000AA 4F               [ 4]  193 	ld	c, a
    000000AB 46               [ 8]  194 	ld	b, (hl)
    000000AC CB 38            [ 8]  195 	srl	b
    000000AE CB 19            [ 8]  196 	rr	c
    000000B0 CB 38            [ 8]  197 	srl	b
    000000B2 CB 19            [ 8]  198 	rr	c
    000000B4 CB 38            [ 8]  199 	srl	b
    000000B6 CB 19            [ 8]  200 	rr	c
    000000B8 CB 38            [ 8]  201 	srl	b
    000000BA CB 19            [ 8]  202 	rr	c
    000000BC FAr00r00         [16]  203 	ld	a, (_gorbX)
    000000BF 47               [ 4]  204 	ld	b, a
    000000C0 21r01r00         [12]  205 	ld	hl, #_gorbX + 1
    000000C3 5E               [ 8]  206 	ld	e, (hl)
    000000C4 CB 3B            [ 8]  207 	srl	e
    000000C6 CB 18            [ 8]  208 	rr	b
    000000C8 CB 3B            [ 8]  209 	srl	e
    000000CA CB 18            [ 8]  210 	rr	b
    000000CC CB 3B            [ 8]  211 	srl	e
    000000CE CB 18            [ 8]  212 	rr	b
    000000D0 CB 3B            [ 8]  213 	srl	e
    000000D2 CB 18            [ 8]  214 	rr	b
    000000D4 68               [ 4]  215 	ld	l, b
                                    216 ;../gbdk/include/gb/metasprites.h:160: __current_metasprite = metasprite;
    000000D5 FAr04r00         [16]  217 	ld	a, (_gorbMetasprite)
    000000D8 EAr00r00         [16]  218 	ld	(___current_metasprite), a
    000000DB FAr05r00         [16]  219 	ld	a, (_gorbMetasprite + 1)
    000000DE EAr01r00         [16]  220 	ld	(___current_metasprite + 1), a
                                    221 ;../gbdk/include/gb/metasprites.h:161: __current_base_tile = base_tile;
                                    222 ;../gbdk/include/gb/metasprites.h:162: __current_base_prop = base_prop;
    000000E1 AF               [ 4]  223 	xor	a, a
    000000E2 EAr00r00         [16]  224 	ld	(___current_base_tile), a
    000000E5 EAr00r00         [16]  225 	ld	(___current_base_prop), a
                                    226 ;../gbdk/include/gb/metasprites.h:163: return __move_metasprite(base_sprite, (y << 8) | (uint8_t)x);
    000000E8 51               [ 4]  227 	ld	d, c
    000000E9 5D               [ 4]  228 	ld	e, l
    000000EA AF               [ 4]  229 	xor	a, a
    000000EB CDr00r00         [24]  230 	call	___move_metasprite
                                    231 ;src/gorb.c:67: move_metasprite_ex(gorbMetasprite, 0, 0, 0, gorbX >> 4, gorbY >> 4);
    000000EE                        232 00102$:
                                    233 ;src/gorb.c:72: uint8_t gorbLastDirection = gorbDirection;
    000000EE FAr00r00         [16]  234 	ld	a, (#_gorbDirection)
    000000F1 F8 01            [12]  235 	ldhl	sp,	#1
    000000F3 77               [ 8]  236 	ld	(hl), a
                                    237 ;src/gorb.c:73: uint8_t gorbMoving = FALSE;
    000000F4 0E 00            [ 8]  238 	ld	c, #0x00
                                    239 ;src/gorb.c:76: if (joypadCurrent & J_RIGHT)
    000000F6 FAr00r00         [16]  240 	ld	a, (_joypadCurrent)
    000000F9 5F               [ 4]  241 	ld	e, a
    000000FA CB 43            [ 8]  242 	bit	0, e
    000000FC 28 1B            [12]  243 	jr	Z, 00104$
                                    244 ;src/gorb.c:78: gorbX += GORB_SPEED;
    000000FE FAr00r00         [16]  245 	ld	a, (_gorbX)
    00000101 21r01r00         [12]  246 	ld	hl, #_gorbX + 1
    00000104 66               [ 8]  247 	ld	h, (hl)
    00000105 6F               [ 4]  248 	ld	l, a
    00000106 01 08 00         [12]  249 	ld	bc, #0x0008
    00000109 09               [ 8]  250 	add	hl, bc
    0000010A 7D               [ 4]  251 	ld	a, l
    0000010B EAr00r00         [16]  252 	ld	(_gorbX), a
    0000010E 7C               [ 4]  253 	ld	a, h
    0000010F EAr01r00         [16]  254 	ld	(_gorbX + 1), a
                                    255 ;src/gorb.c:79: gorbDirection = J_RIGHT;
    00000112 21r00r00         [12]  256 	ld	hl, #_gorbDirection
    00000115 36 01            [12]  257 	ld	(hl), #0x01
                                    258 ;src/gorb.c:80: gorbMoving = TRUE;
    00000117 0E 01            [ 8]  259 	ld	c, #0x01
    00000119                        260 00104$:
                                    261 ;src/gorb.c:84: if (joypadCurrent & J_LEFT)
    00000119 CB 4B            [ 8]  262 	bit	1, e
    0000011B 28 18            [12]  263 	jr	Z, 00106$
                                    264 ;src/gorb.c:86: gorbX -= GORB_SPEED;
    0000011D FAr00r00         [16]  265 	ld	a, (_gorbX)
    00000120 21r01r00         [12]  266 	ld	hl, #_gorbX + 1
    00000123 46               [ 8]  267 	ld	b, (hl)
    00000124 2B               [ 8]  268 	dec	hl
    00000125 C6 F8            [ 8]  269 	add	a, #0xf8
    00000127 4F               [ 4]  270 	ld	c, a
    00000128 78               [ 4]  271 	ld	a, b
    00000129 CE FF            [ 8]  272 	adc	a, #0xff
    0000012B 71               [ 8]  273 	ld	(hl), c
    0000012C 23               [ 8]  274 	inc	hl
    0000012D 77               [ 8]  275 	ld	(hl), a
                                    276 ;src/gorb.c:87: gorbDirection = J_LEFT;
    0000012E 21r00r00         [12]  277 	ld	hl, #_gorbDirection
    00000131 36 02            [12]  278 	ld	(hl), #0x02
                                    279 ;src/gorb.c:88: gorbMoving = TRUE;
    00000133 0E 01            [ 8]  280 	ld	c, #0x01
    00000135                        281 00106$:
                                    282 ;src/gorb.c:92: if (joypadCurrent & J_DOWN)
    00000135 CB 5B            [ 8]  283 	bit	3, e
    00000137 28 1B            [12]  284 	jr	Z, 00108$
                                    285 ;src/gorb.c:94: gorbY += GORB_SPEED;
    00000139 FAr02r00         [16]  286 	ld	a, (_gorbY)
    0000013C 21r03r00         [12]  287 	ld	hl, #_gorbY + 1
    0000013F 66               [ 8]  288 	ld	h, (hl)
    00000140 6F               [ 4]  289 	ld	l, a
    00000141 01 08 00         [12]  290 	ld	bc, #0x0008
    00000144 09               [ 8]  291 	add	hl, bc
    00000145 7D               [ 4]  292 	ld	a, l
    00000146 EAr02r00         [16]  293 	ld	(_gorbY), a
    00000149 7C               [ 4]  294 	ld	a, h
    0000014A EAr03r00         [16]  295 	ld	(_gorbY + 1), a
                                    296 ;src/gorb.c:95: gorbDirection = J_DOWN;
    0000014D 21r00r00         [12]  297 	ld	hl, #_gorbDirection
    00000150 36 08            [12]  298 	ld	(hl), #0x08
                                    299 ;src/gorb.c:96: gorbMoving = TRUE;
    00000152 0E 01            [ 8]  300 	ld	c, #0x01
    00000154                        301 00108$:
                                    302 ;src/gorb.c:100: if (joypadCurrent & J_UP)
    00000154 CB 53            [ 8]  303 	bit	2, e
    00000156 28 18            [12]  304 	jr	Z, 00110$
                                    305 ;src/gorb.c:102: gorbY -= GORB_SPEED;
    00000158 FAr02r00         [16]  306 	ld	a, (_gorbY)
    0000015B 21r03r00         [12]  307 	ld	hl, #_gorbY + 1
    0000015E 46               [ 8]  308 	ld	b, (hl)
    0000015F 2B               [ 8]  309 	dec	hl
    00000160 C6 F8            [ 8]  310 	add	a, #0xf8
    00000162 4F               [ 4]  311 	ld	c, a
    00000163 78               [ 4]  312 	ld	a, b
    00000164 CE FF            [ 8]  313 	adc	a, #0xff
    00000166 71               [ 8]  314 	ld	(hl), c
    00000167 23               [ 8]  315 	inc	hl
    00000168 77               [ 8]  316 	ld	(hl), a
                                    317 ;src/gorb.c:103: gorbDirection = J_UP;
    00000169 21r00r00         [12]  318 	ld	hl, #_gorbDirection
    0000016C 36 04            [12]  319 	ld	(hl), #0x04
                                    320 ;src/gorb.c:104: gorbMoving = TRUE;
    0000016E 0E 01            [ 8]  321 	ld	c, #0x01
    00000170                        322 00110$:
                                    323 ;src/gorb.c:108: if (gorbMoving)
    00000170 79               [ 4]  324 	ld	a, c
    00000171 B7               [ 4]  325 	or	a, a
    00000172 CAr3Dr02         [16]  326 	jp	Z, 00124$
                                    327 ;src/gorb.c:110: isIntroSequence = FALSE;
    00000175 AF               [ 4]  328 	xor	a, a
    00000176 EAr00r00         [16]  329 	ld	(#_isIntroSequence),a
                                    330 ;src/gorb.c:112: if (gorbDirection != gorbLastDirection)
    00000179 FAr00r00         [16]  331 	ld	a, (#_gorbDirection)
    0000017C F8 01            [12]  332 	ldhl	sp,	#1
    0000017E 96               [ 8]  333 	sub	a, (hl)
    0000017F 28 4F            [12]  334 	jr	Z, 00117$
                                    335 ;src/gorb.c:116: switch (gorbDirection)
    00000181 FAr00r00         [16]  336 	ld	a, (#_gorbDirection)
    00000184 3D               [ 4]  337 	dec	a
    00000185 28 1E            [12]  338 	jr	Z, 00112$
    00000187 FAr00r00         [16]  339 	ld	a,(#_gorbDirection)
    0000018A FE 02            [ 8]  340 	cp	a,#0x02
    0000018C 28 26            [12]  341 	jr	Z, 00113$
    0000018E FE 04            [ 8]  342 	cp	a,#0x04
    00000190 28 31            [12]  343 	jr	Z, 00114$
    00000192 D6 08            [ 8]  344 	sub	a, #0x08
    00000194 20 3A            [12]  345 	jr	NZ, 00117$
                                    346 ;src/gorb.c:119: set_sprite_data(0, WalkingGorbDown_TILE_COUNT, WalkingGorbDown_tiles);
    00000196 11r00r00         [12]  347 	ld	de, #_WalkingGorbDown_tiles
    00000199 D5               [16]  348 	push	de
    0000019A 21 00 28         [12]  349 	ld	hl, #0x2800
    0000019D E5               [16]  350 	push	hl
    0000019E CDr00r00         [24]  351 	call	_set_sprite_data
    000001A1 E8 04            [16]  352 	add	sp, #4
                                    353 ;src/gorb.c:120: break;
    000001A3 18 2B            [12]  354 	jr	00117$
                                    355 ;src/gorb.c:121: case J_RIGHT:
    000001A5                        356 00112$:
                                    357 ;src/gorb.c:122: set_sprite_data(0, WalkingGorb_TILE_COUNT, WalkingGorb_tiles);
    000001A5 11r00r00         [12]  358 	ld	de, #_WalkingGorb_tiles
    000001A8 D5               [16]  359 	push	de
    000001A9 21 00 1E         [12]  360 	ld	hl, #0x1e00
    000001AC E5               [16]  361 	push	hl
    000001AD CDr00r00         [24]  362 	call	_set_sprite_data
    000001B0 E8 04            [16]  363 	add	sp, #4
                                    364 ;src/gorb.c:123: break;
    000001B2 18 1C            [12]  365 	jr	00117$
                                    366 ;src/gorb.c:124: case J_LEFT:
    000001B4                        367 00113$:
                                    368 ;src/gorb.c:125: set_sprite_data(0, WalkingGorb_TILE_COUNT, WalkingGorb_tiles);
    000001B4 11r00r00         [12]  369 	ld	de, #_WalkingGorb_tiles
    000001B7 D5               [16]  370 	push	de
    000001B8 21 00 1E         [12]  371 	ld	hl, #0x1e00
    000001BB E5               [16]  372 	push	hl
    000001BC CDr00r00         [24]  373 	call	_set_sprite_data
    000001BF E8 04            [16]  374 	add	sp, #4
                                    375 ;src/gorb.c:126: break;
    000001C1 18 0D            [12]  376 	jr	00117$
                                    377 ;src/gorb.c:127: case J_UP:
    000001C3                        378 00114$:
                                    379 ;src/gorb.c:128: set_sprite_data(0, WalkingGorbUp_TILE_COUNT, WalkingGorbUp_tiles);
    000001C3 11r00r00         [12]  380 	ld	de, #_WalkingGorbUp_tiles
    000001C6 D5               [16]  381 	push	de
    000001C7 21 00 26         [12]  382 	ld	hl, #0x2600
    000001CA E5               [16]  383 	push	hl
    000001CB CDr00r00         [24]  384 	call	_set_sprite_data
    000001CE E8 04            [16]  385 	add	sp, #4
                                    386 ;src/gorb.c:130: }
    000001D0                        387 00117$:
                                    388 ;src/gorb.c:66: gorbMetasprite = gorbySleeping_metasprites[frameRealValue];
    000001D0 FAr00r00         [16]  389 	ld	a, (_frameRealValue)
    000001D3 6F               [ 4]  390 	ld	l, a
    000001D4 26 00            [ 8]  391 	ld	h, #0x00
                                    392 ;src/gorb.c:138: gorbMetasprite = WalkingGorbDown_metasprites[frameRealValue];
    000001D6 29               [ 8]  393 	add	hl, hl
    000001D7 4D               [ 4]  394 	ld	c, l
    000001D8 44               [ 4]  395 	ld	b, h
                                    396 ;src/gorb.c:135: switch (gorbDirection)
    000001D9 FAr00r00         [16]  397 	ld	a, (#_gorbDirection)
    000001DC 3D               [ 4]  398 	dec	a
    000001DD 28 23            [12]  399 	jr	Z, 00119$
    000001DF FAr00r00         [16]  400 	ld	a,(#_gorbDirection)
    000001E2 FE 02            [ 8]  401 	cp	a,#0x02
    000001E4 28 30            [12]  402 	jr	Z, 00120$
    000001E6 FE 04            [ 8]  403 	cp	a,#0x04
    000001E8 28 41            [12]  404 	jr	Z, 00121$
    000001EA D6 08            [ 8]  405 	sub	a, #0x08
    000001EC 20 4F            [12]  406 	jr	NZ, 00124$
                                    407 ;src/gorb.c:138: gorbMetasprite = WalkingGorbDown_metasprites[frameRealValue];
    000001EE 21r00r00         [12]  408 	ld	hl, #_WalkingGorbDown_metasprites
    000001F1 09               [ 8]  409 	add	hl, bc
    000001F2 5D               [ 4]  410 	ld	e, l
    000001F3 54               [ 4]  411 	ld	d, h
    000001F4 1A               [ 8]  412 	ld	a, (de)
    000001F5 21r04r00         [12]  413 	ld	hl, #_gorbMetasprite
    000001F8 22               [ 8]  414 	ld	(hl+), a
    000001F9 13               [ 8]  415 	inc	de
    000001FA 1A               [ 8]  416 	ld	a, (de)
    000001FB 77               [ 8]  417 	ld	(hl), a
                                    418 ;src/gorb.c:139: flipGorb = FALSE;
    000001FC AF               [ 4]  419 	xor	a, a
    000001FD EAr01r00         [16]  420 	ld	(#_flipGorb),a
                                    421 ;src/gorb.c:140: break;
    00000200 18 3B            [12]  422 	jr	00124$
                                    423 ;src/gorb.c:141: case J_RIGHT:
    00000202                        424 00119$:
                                    425 ;src/gorb.c:142: gorbMetasprite = WalkingGorb_metasprites[frameRealValue];
    00000202 21r00r00         [12]  426 	ld	hl, #_WalkingGorb_metasprites
    00000205 09               [ 8]  427 	add	hl, bc
    00000206 5D               [ 4]  428 	ld	e, l
    00000207 54               [ 4]  429 	ld	d, h
    00000208 1A               [ 8]  430 	ld	a, (de)
    00000209 21r04r00         [12]  431 	ld	hl, #_gorbMetasprite
    0000020C 22               [ 8]  432 	ld	(hl+), a
    0000020D 13               [ 8]  433 	inc	de
    0000020E 1A               [ 8]  434 	ld	a, (de)
    0000020F 77               [ 8]  435 	ld	(hl), a
                                    436 ;src/gorb.c:143: flipGorb = FALSE;
    00000210 AF               [ 4]  437 	xor	a, a
    00000211 EAr01r00         [16]  438 	ld	(#_flipGorb),a
                                    439 ;src/gorb.c:144: break;
    00000214 18 27            [12]  440 	jr	00124$
                                    441 ;src/gorb.c:145: case J_LEFT:
    00000216                        442 00120$:
                                    443 ;src/gorb.c:146: gorbMetasprite = WalkingGorb_metasprites[frameRealValue];
    00000216 21r00r00         [12]  444 	ld	hl, #_WalkingGorb_metasprites
    00000219 09               [ 8]  445 	add	hl, bc
    0000021A 5D               [ 4]  446 	ld	e, l
    0000021B 54               [ 4]  447 	ld	d, h
    0000021C 1A               [ 8]  448 	ld	a, (de)
    0000021D 21r04r00         [12]  449 	ld	hl, #_gorbMetasprite
    00000220 22               [ 8]  450 	ld	(hl+), a
    00000221 13               [ 8]  451 	inc	de
    00000222 1A               [ 8]  452 	ld	a, (de)
    00000223 77               [ 8]  453 	ld	(hl), a
                                    454 ;src/gorb.c:147: flipGorb = TRUE;
    00000224 21r01r00         [12]  455 	ld	hl, #_flipGorb
    00000227 36 01            [12]  456 	ld	(hl), #0x01
                                    457 ;src/gorb.c:148: break;
    00000229 18 12            [12]  458 	jr	00124$
                                    459 ;src/gorb.c:149: case J_UP:
    0000022B                        460 00121$:
                                    461 ;src/gorb.c:150: gorbMetasprite = WalkingGorbUp_metasprites[frameRealValue];
    0000022B 21r00r00         [12]  462 	ld	hl, #_WalkingGorbUp_metasprites
    0000022E 09               [ 8]  463 	add	hl, bc
    0000022F 5D               [ 4]  464 	ld	e, l
    00000230 54               [ 4]  465 	ld	d, h
    00000231 1A               [ 8]  466 	ld	a, (de)
    00000232 21r04r00         [12]  467 	ld	hl, #_gorbMetasprite
    00000235 22               [ 8]  468 	ld	(hl+), a
    00000236 13               [ 8]  469 	inc	de
    00000237 1A               [ 8]  470 	ld	a, (de)
    00000238 77               [ 8]  471 	ld	(hl), a
                                    472 ;src/gorb.c:151: flipGorb = FALSE;
    00000239 AF               [ 4]  473 	xor	a, a
    0000023A EAr01r00         [16]  474 	ld	(#_flipGorb),a
                                    475 ;src/gorb.c:153: }
    0000023D                        476 00124$:
                                    477 ;src/gorb.c:67: move_metasprite_ex(gorbMetasprite, 0, 0, 0, gorbX >> 4, gorbY >> 4);
    0000023D FAr02r00         [16]  478 	ld	a, (_gorbY)
    00000240 4F               [ 4]  479 	ld	c, a
    00000241 21r03r00         [12]  480 	ld	hl, #_gorbY + 1
    00000244 56               [ 8]  481 	ld	d, (hl)
    00000245 CB 3A            [ 8]  482 	srl	d
    00000247 CB 19            [ 8]  483 	rr	c
    00000249 CB 3A            [ 8]  484 	srl	d
    0000024B CB 19            [ 8]  485 	rr	c
    0000024D CB 3A            [ 8]  486 	srl	d
    0000024F CB 19            [ 8]  487 	rr	c
    00000251 CB 3A            [ 8]  488 	srl	d
    00000253 CB 19            [ 8]  489 	rr	c
    00000255 FAr00r00         [16]  490 	ld	a, (_gorbX)
    00000258 5F               [ 4]  491 	ld	e, a
    00000259 21r01r00         [12]  492 	ld	hl, #_gorbX + 1
    0000025C 46               [ 8]  493 	ld	b, (hl)
    0000025D CB 38            [ 8]  494 	srl	b
    0000025F CB 1B            [ 8]  495 	rr	e
    00000261 CB 38            [ 8]  496 	srl	b
    00000263 CB 1B            [ 8]  497 	rr	e
    00000265 CB 38            [ 8]  498 	srl	b
    00000267 CB 1B            [ 8]  499 	rr	e
    00000269 CB 38            [ 8]  500 	srl	b
    0000026B CB 1B            [ 8]  501 	rr	e
                                    502 ;../gbdk/include/gb/metasprites.h:160: __current_metasprite = metasprite;
    0000026D FAr04r00         [16]  503 	ld	a, (#_gorbMetasprite)
    00000270 F8 00            [12]  504 	ldhl	sp,	#0
    00000272 77               [ 8]  505 	ld	(hl), a
    00000273 FAr05r00         [16]  506 	ld	a, (#_gorbMetasprite + 1)
    00000276 F8 01            [12]  507 	ldhl	sp,	#1
    00000278 77               [ 8]  508 	ld	(hl), a
                                    509 ;src/gorb.c:159: if (flipGorb)
    00000279 FAr01r00         [16]  510 	ld	a, (#_flipGorb)
    0000027C B7               [ 4]  511 	or	a, a
    0000027D 28 21            [12]  512 	jr	Z, 00126$
                                    513 ;src/gorb.c:160: return move_metasprite_vflip(gorbMetasprite, 0, 0, gorbX >> 4, gorbY >> 4);
                                    514 ;../gbdk/include/gb/metasprites.h:209: __current_metasprite = metasprite;
    0000027F F8 00            [12]  515 	ldhl	sp,	#0
    00000281 7E               [ 8]  516 	ld	a, (hl)
    00000282 EAr00r00         [16]  517 	ld	(#___current_metasprite),a
    00000285 F8 01            [12]  518 	ldhl	sp,	#1
    00000287 7E               [ 8]  519 	ld	a, (hl)
    00000288 EAr01r00         [16]  520 	ld	(#___current_metasprite + 1),a
                                    521 ;../gbdk/include/gb/metasprites.h:210: __current_base_tile = base_tile;
                                    522 ;../gbdk/include/gb/metasprites.h:211: __current_base_prop = 0;
    0000028B AF               [ 4]  523 	xor	a, a
    0000028C EAr00r00         [16]  524 	ld	(#___current_base_tile), a
    0000028F EAr00r00         [16]  525 	ld	(#___current_base_prop),a
                                    526 ;../gbdk/include/gb/metasprites.h:212: return __move_metasprite_vflip(base_sprite, (y << 8) | (uint8_t)(x - 8u));
    00000292 41               [ 4]  527 	ld	b, c
    00000293 7B               [ 4]  528 	ld	a, e
    00000294 C6 F8            [ 8]  529 	add	a, #0xf8
    00000296 5F               [ 4]  530 	ld	e, a
    00000297 50               [ 4]  531 	ld	d, b
    00000298 AF               [ 4]  532 	xor	a, a
    00000299 33               [ 8]  533 	inc	sp
    0000029A 33               [ 8]  534 	inc	sp
    0000029B C3r00r00         [16]  535 	jp	___move_metasprite_vflip
                                    536 ;src/gorb.c:160: return move_metasprite_vflip(gorbMetasprite, 0, 0, gorbX >> 4, gorbY >> 4);
    0000029E 18 1A            [12]  537 	jr	00131$
    000002A0                        538 00126$:
                                    539 ;src/gorb.c:162: return move_metasprite_ex(gorbMetasprite, 0, 0, 0, gorbX >> 4, gorbY >> 4);
                                    540 ;../gbdk/include/gb/metasprites.h:160: __current_metasprite = metasprite;
    000002A0 F8 00            [12]  541 	ldhl	sp,	#0
    000002A2 7E               [ 8]  542 	ld	a, (hl)
    000002A3 EAr00r00         [16]  543 	ld	(#___current_metasprite),a
    000002A6 F8 01            [12]  544 	ldhl	sp,	#1
    000002A8 7E               [ 8]  545 	ld	a, (hl)
    000002A9 EAr01r00         [16]  546 	ld	(#___current_metasprite + 1),a
                                    547 ;../gbdk/include/gb/metasprites.h:161: __current_base_tile = base_tile;
                                    548 ;../gbdk/include/gb/metasprites.h:162: __current_base_prop = base_prop;
    000002AC AF               [ 4]  549 	xor	a, a
    000002AD EAr00r00         [16]  550 	ld	(#___current_base_tile), a
    000002B0 EAr00r00         [16]  551 	ld	(#___current_base_prop),a
                                    552 ;../gbdk/include/gb/metasprites.h:163: return __move_metasprite(base_sprite, (y << 8) | (uint8_t)x);
    000002B3 51               [ 4]  553 	ld	d, c
    000002B4 AF               [ 4]  554 	xor	a, a
    000002B5 33               [ 8]  555 	inc	sp
    000002B6 33               [ 8]  556 	inc	sp
    000002B7 C3r00r00         [16]  557 	jp	___move_metasprite
                                    558 ;src/gorb.c:162: return move_metasprite_ex(gorbMetasprite, 0, 0, 0, gorbX >> 4, gorbY >> 4);
    000002BA                        559 00131$:
                                    560 ;src/gorb.c:163: }
    000002BA 33               [ 8]  561 	inc	sp
    000002BB 33               [ 8]  562 	inc	sp
    000002BC C9               [16]  563 	ret
                                    564 	.area _CODE
                                    565 	.area _INITIALIZER
    00000000                        566 __xinit__gorbDirection:
    00000000 00                     567 	.db #0x00	; 0
    00000001                        568 __xinit__flipGorb:
    00000001 00                     569 	.db #0x00	; 0
    00000002                        570 __xinit__isIntroSpriteSelected:
    00000002 00                     571 	.db #0x00	; 0
                                    572 	.area _CABS (ABS)
