                                      1 ;--------------------------------------------------------
                                      2 ; File Created by SDCC : free open source ISO C Compiler
                                      3 ; Version 4.5.1 #15267 (Mac OS X ppc)
                                      4 ;--------------------------------------------------------
                                      5 	.module gorbySleeping
                                      6 	
                                      7 ;--------------------------------------------------------
                                      8 ; Public variables in this module
                                      9 ;--------------------------------------------------------
                                     10 	.globl _gorbySleeping_metasprites
                                     11 	.globl _gorbySleeping_metasprite4
                                     12 	.globl _gorbySleeping_metasprite3
                                     13 	.globl _gorbySleeping_metasprite2
                                     14 	.globl _gorbySleeping_metasprite1
                                     15 	.globl _gorbySleeping_metasprite0
                                     16 	.globl _gorbySleeping_tiles
                                     17 	.globl _gorbySleeping_palettes
                                     18 	.globl b___func_gorbySleeping
                                     19 	.globl ___func_gorbySleeping
                                     20 ;--------------------------------------------------------
                                     21 ; special function registers
                                     22 ;--------------------------------------------------------
                                     23 ;--------------------------------------------------------
                                     24 ; ram data
                                     25 ;--------------------------------------------------------
                                     26 	.area _DATA
                                     27 ;--------------------------------------------------------
                                     28 ; ram data
                                     29 ;--------------------------------------------------------
                                     30 	.area _INITIALIZED
                                     31 ;--------------------------------------------------------
                                     32 ; absolute external ram data
                                     33 ;--------------------------------------------------------
                                     34 	.area _DABS (ABS)
                                     35 ;--------------------------------------------------------
                                     36 ; global & static initialisations
                                     37 ;--------------------------------------------------------
                                     38 	.area _HOME
                                     39 	.area _GSINIT
                                     40 	.area _GSFINAL
                                     41 	.area _GSINIT
                                     42 ;--------------------------------------------------------
                                     43 ; Home
                                     44 ;--------------------------------------------------------
                                     45 	.area _HOME
                                     46 	.area _HOME
                                     47 ;--------------------------------------------------------
                                     48 ; code
                                     49 ;--------------------------------------------------------
                                     50 	.area _CODE
                                     51 ;gen/gorbySleeping.c:7: BANKREF(gorbySleeping)
                                     52 ;	---------------------------------
                                     53 ; Function __func_gorbySleeping
                                     54 ; ---------------------------------
                         00000000    55 	b___func_gorbySleeping	= 0
    00000000                         56 ___func_gorbySleeping::
                                     57 	.local b___func_gorbySleeping 
                         00000000    58 	___bank_gorbySleeping = b___func_gorbySleeping 
                                     59 	.globl ___bank_gorbySleeping 
                                     60 	.area _CODE
    00000000                         61 _gorbySleeping_palettes:
    00000000 00 00                   62 	.dw #0x0000
    00000002 6C 7E                   63 	.dw #0x7e6c
    00000004 E7 38                   64 	.dw #0x38e7
    00000006 DB 11                   65 	.dw #0x11db
    00000008                         66 _gorbySleeping_tiles:
    00000008 00                      67 	.db #0x00	; 0
    00000009 00                      68 	.db #0x00	; 0
    0000000A 00                      69 	.db #0x00	; 0
    0000000B 00                      70 	.db #0x00	; 0
    0000000C 00                      71 	.db #0x00	; 0
    0000000D 00                      72 	.db #0x00	; 0
    0000000E 00                      73 	.db #0x00	; 0
    0000000F 00                      74 	.db #0x00	; 0
    00000010 00                      75 	.db #0x00	; 0
    00000011 00                      76 	.db #0x00	; 0
    00000012 00                      77 	.db #0x00	; 0
    00000013 00                      78 	.db #0x00	; 0
    00000014 00                      79 	.db #0x00	; 0
    00000015 1F                      80 	.db #0x1f	; 31
    00000016 1F                      81 	.db #0x1f	; 31
    00000017 60                      82 	.db #0x60	; 96
    00000018 3F                      83 	.db #0x3f	; 63
    00000019 C0                      84 	.db #0xc0	; 192
    0000001A 7F                      85 	.db #0x7f	; 127
    0000001B 80                      86 	.db #0x80	; 128
    0000001C 7F                      87 	.db #0x7f	; 127
    0000001D 80                      88 	.db #0x80	; 128
    0000001E 5E                      89 	.db #0x5e	; 94
    0000001F A1                      90 	.db #0xa1	; 161
    00000020 4F                      91 	.db #0x4f	; 79	'O'
    00000021 B0                      92 	.db #0xb0	; 176
    00000022 20                      93 	.db #0x20	; 32
    00000023 DF                      94 	.db #0xdf	; 223
    00000024 1F                      95 	.db #0x1f	; 31
    00000025 60                      96 	.db #0x60	; 96
    00000026 00                      97 	.db #0x00	; 0
    00000027 1F                      98 	.db #0x1f	; 31
    00000028 00                      99 	.db #0x00	; 0
    00000029 00                     100 	.db #0x00	; 0
    0000002A 00                     101 	.db #0x00	; 0
    0000002B 00                     102 	.db #0x00	; 0
    0000002C 00                     103 	.db #0x00	; 0
    0000002D 00                     104 	.db #0x00	; 0
    0000002E 00                     105 	.db #0x00	; 0
    0000002F 00                     106 	.db #0x00	; 0
    00000030 00                     107 	.db #0x00	; 0
    00000031 60                     108 	.db #0x60	; 96
    00000032 00                     109 	.db #0x00	; 0
    00000033 73                     110 	.db #0x73	; 115	's'
    00000034 10                     111 	.db #0x10	; 16
    00000035 EF                     112 	.db #0xef	; 239
    00000036 3E                     113 	.db #0x3e	; 62
    00000037 C1                     114 	.db #0xc1	; 193
    00000038 64                     115 	.db #0x64	; 100	'd'
    00000039 9B                     116 	.db #0x9b	; 155
    0000003A 7E                     117 	.db #0x7e	; 126
    0000003B 81                     118 	.db #0x81	; 129
    0000003C BA                     119 	.db #0xba	; 186
    0000003D 45                     120 	.db #0x45	; 69	'E'
    0000003E 10                     121 	.db #0x10	; 16
    0000003F EF                     122 	.db #0xef	; 239
    00000040 94                     123 	.db #0x94	; 148
    00000041 6A                     124 	.db #0x6a	; 106	'j'
    00000042 00                     125 	.db #0x00	; 0
    00000043 FE                     126 	.db #0xfe	; 254
    00000044 E0                     127 	.db #0xe0	; 224
    00000045 10                     128 	.db #0x10	; 16
    00000046 00                     129 	.db #0x00	; 0
    00000047 E0                     130 	.db #0xe0	; 224
    00000048 00                     131 	.db #0x00	; 0
    00000049 00                     132 	.db #0x00	; 0
    0000004A 00                     133 	.db #0x00	; 0
    0000004B 00                     134 	.db #0x00	; 0
    0000004C 00                     135 	.db #0x00	; 0
    0000004D 00                     136 	.db #0x00	; 0
    0000004E 00                     137 	.db #0x00	; 0
    0000004F 00                     138 	.db #0x00	; 0
    00000050 00                     139 	.db #0x00	; 0
    00000051 00                     140 	.db #0x00	; 0
    00000052 00                     141 	.db #0x00	; 0
    00000053 0E                     142 	.db #0x0e	; 14
    00000054 0E                     143 	.db #0x0e	; 14
    00000055 31                     144 	.db #0x31	; 49	'1'
    00000056 3F                     145 	.db #0x3f	; 63
    00000057 40                     146 	.db #0x40	; 64
    00000058 7F                     147 	.db #0x7f	; 127
    00000059 80                     148 	.db #0x80	; 128
    0000005A FF                     149 	.db #0xff	; 255
    0000005B 00                     150 	.db #0x00	; 0
    0000005C FF                     151 	.db #0xff	; 255
    0000005D 00                     152 	.db #0x00	; 0
    0000005E 5E                     153 	.db #0x5e	; 94
    0000005F A1                     154 	.db #0xa1	; 161
    00000060 4F                     155 	.db #0x4f	; 79	'O'
    00000061 B0                     156 	.db #0xb0	; 176
    00000062 20                     157 	.db #0x20	; 32
    00000063 DF                     158 	.db #0xdf	; 223
    00000064 1F                     159 	.db #0x1f	; 31
    00000065 60                     160 	.db #0x60	; 96
    00000066 00                     161 	.db #0x00	; 0
    00000067 1F                     162 	.db #0x1f	; 31
    00000068 00                     163 	.db #0x00	; 0
    00000069 00                     164 	.db #0x00	; 0
    0000006A 00                     165 	.db #0x00	; 0
    0000006B 00                     166 	.db #0x00	; 0
    0000006C 00                     167 	.db #0x00	; 0
    0000006D 00                     168 	.db #0x00	; 0
    0000006E 00                     169 	.db #0x00	; 0
    0000006F 00                     170 	.db #0x00	; 0
    00000070 00                     171 	.db #0x00	; 0
    00000071 00                     172 	.db #0x00	; 0
    00000072 00                     173 	.db #0x00	; 0
    00000073 0F                     174 	.db #0x0f	; 15
    00000074 0F                     175 	.db #0x0f	; 15
    00000075 30                     176 	.db #0x30	; 48	'0'
    00000076 3F                     177 	.db #0x3f	; 63
    00000077 40                     178 	.db #0x40	; 64
    00000078 7F                     179 	.db #0x7f	; 127
    00000079 80                     180 	.db #0x80	; 128
    0000007A FF                     181 	.db #0xff	; 255
    0000007B 00                     182 	.db #0x00	; 0
    0000007C FF                     183 	.db #0xff	; 255
    0000007D 00                     184 	.db #0x00	; 0
    0000007E 5E                     185 	.db #0x5e	; 94
    0000007F A1                     186 	.db #0xa1	; 161
    00000080 4F                     187 	.db #0x4f	; 79	'O'
    00000081 B0                     188 	.db #0xb0	; 176
    00000082 20                     189 	.db #0x20	; 32
    00000083 DF                     190 	.db #0xdf	; 223
    00000084 1F                     191 	.db #0x1f	; 31
    00000085 60                     192 	.db #0x60	; 96
    00000086 00                     193 	.db #0x00	; 0
    00000087 1F                     194 	.db #0x1f	; 31
    00000088 00                     195 	.db #0x00	; 0
    00000089 00                     196 	.db #0x00	; 0
    0000008A 00                     197 	.db #0x00	; 0
    0000008B 00                     198 	.db #0x00	; 0
    0000008C 00                     199 	.db #0x00	; 0
    0000008D 00                     200 	.db #0x00	; 0
    0000008E 00                     201 	.db #0x00	; 0
    0000008F 60                     202 	.db #0x60	; 96
    00000090 00                     203 	.db #0x00	; 0
    00000091 73                     204 	.db #0x73	; 115	's'
    00000092 10                     205 	.db #0x10	; 16
    00000093 6F                     206 	.db #0x6f	; 111	'o'
    00000094 3E                     207 	.db #0x3e	; 62
    00000095 C1                     208 	.db #0xc1	; 193
    00000096 64                     209 	.db #0x64	; 100	'd'
    00000097 9B                     210 	.db #0x9b	; 155
    00000098 7E                     211 	.db #0x7e	; 126
    00000099 81                     212 	.db #0x81	; 129
    0000009A BA                     213 	.db #0xba	; 186
    0000009B 45                     214 	.db #0x45	; 69	'E'
    0000009C FC                     215 	.db #0xfc	; 252
    0000009D 03                     216 	.db #0x03	; 3
    0000009E 00                     217 	.db #0x00	; 0
    0000009F FE                     218 	.db #0xfe	; 254
    000000A0 94                     219 	.db #0x94	; 148
    000000A1 6A                     220 	.db #0x6a	; 106	'j'
    000000A2 00                     221 	.db #0x00	; 0
    000000A3 FE                     222 	.db #0xfe	; 254
    000000A4 E0                     223 	.db #0xe0	; 224
    000000A5 10                     224 	.db #0x10	; 16
    000000A6 00                     225 	.db #0x00	; 0
    000000A7 E0                     226 	.db #0xe0	; 224
    000000A8 00                     227 	.db #0x00	; 0
    000000A9 00                     228 	.db #0x00	; 0
    000000AA 00                     229 	.db #0x00	; 0
    000000AB 00                     230 	.db #0x00	; 0
    000000AC 00                     231 	.db #0x00	; 0
    000000AD 00                     232 	.db #0x00	; 0
    000000AE 00                     233 	.db #0x00	; 0
    000000AF 00                     234 	.db #0x00	; 0
    000000B0 00                     235 	.db #0x00	; 0
    000000B1 1F                     236 	.db #0x1f	; 31
    000000B2 0E                     237 	.db #0x0e	; 14
    000000B3 71                     238 	.db #0x71	; 113	'q'
    000000B4 7F                     239 	.db #0x7f	; 127
    000000B5 80                     240 	.db #0x80	; 128
    000000B6 7F                     241 	.db #0x7f	; 127
    000000B7 80                     242 	.db #0x80	; 128
    000000B8 FF                     243 	.db #0xff	; 255
    000000B9 00                     244 	.db #0x00	; 0
    000000BA FF                     245 	.db #0xff	; 255
    000000BB 00                     246 	.db #0x00	; 0
    000000BC FF                     247 	.db #0xff	; 255
    000000BD 00                     248 	.db #0x00	; 0
    000000BE 5E                     249 	.db #0x5e	; 94
    000000BF A1                     250 	.db #0xa1	; 161
    000000C0 4F                     251 	.db #0x4f	; 79	'O'
    000000C1 B0                     252 	.db #0xb0	; 176
    000000C2 20                     253 	.db #0x20	; 32
    000000C3 DF                     254 	.db #0xdf	; 223
    000000C4 1F                     255 	.db #0x1f	; 31
    000000C5 60                     256 	.db #0x60	; 96
    000000C6 00                     257 	.db #0x00	; 0
    000000C7 1F                     258 	.db #0x1f	; 31
    000000C8 00                     259 	.db #0x00	; 0
    000000C9 00                     260 	.db #0x00	; 0
    000000CA 00                     261 	.db #0x00	; 0
    000000CB 00                     262 	.db #0x00	; 0
    000000CC 00                     263 	.db #0x00	; 0
    000000CD 00                     264 	.db #0x00	; 0
    000000CE 00                     265 	.db #0x00	; 0
    000000CF 60                     266 	.db #0x60	; 96
    000000D0 00                     267 	.db #0x00	; 0
    000000D1 73                     268 	.db #0x73	; 115	's'
    000000D2 10                     269 	.db #0x10	; 16
    000000D3 EF                     270 	.db #0xef	; 239
    000000D4 3E                     271 	.db #0x3e	; 62
    000000D5 C1                     272 	.db #0xc1	; 193
    000000D6 64                     273 	.db #0x64	; 100	'd'
    000000D7 9B                     274 	.db #0x9b	; 155
    000000D8 7E                     275 	.db #0x7e	; 126
    000000D9 81                     276 	.db #0x81	; 129
    000000DA BA                     277 	.db #0xba	; 186
    000000DB 45                     278 	.db #0x45	; 69	'E'
    000000DC FC                     279 	.db #0xfc	; 252
    000000DD 03                     280 	.db #0x03	; 3
    000000DE 00                     281 	.db #0x00	; 0
    000000DF FE                     282 	.db #0xfe	; 254
    000000E0 94                     283 	.db #0x94	; 148
    000000E1 6A                     284 	.db #0x6a	; 106	'j'
    000000E2 00                     285 	.db #0x00	; 0
    000000E3 FE                     286 	.db #0xfe	; 254
    000000E4 E0                     287 	.db #0xe0	; 224
    000000E5 10                     288 	.db #0x10	; 16
    000000E6 00                     289 	.db #0x00	; 0
    000000E7 E0                     290 	.db #0xe0	; 224
    000000E8 00                     291 	.db #0x00	; 0
    000000E9 00                     292 	.db #0x00	; 0
    000000EA 00                     293 	.db #0x00	; 0
    000000EB 00                     294 	.db #0x00	; 0
    000000EC 00                     295 	.db #0x00	; 0
    000000ED 00                     296 	.db #0x00	; 0
    000000EE 00                     297 	.db #0x00	; 0
    000000EF 60                     298 	.db #0x60	; 96
    000000F0 00                     299 	.db #0x00	; 0
    000000F1 73                     300 	.db #0x73	; 115	's'
    000000F2 10                     301 	.db #0x10	; 16
    000000F3 EF                     302 	.db #0xef	; 239
    000000F4 3E                     303 	.db #0x3e	; 62
    000000F5 C1                     304 	.db #0xc1	; 193
    000000F6 7E                     305 	.db #0x7e	; 126
    000000F7 8B                     306 	.db #0x8b	; 139
    000000F8 7E                     307 	.db #0x7e	; 126
    000000F9 81                     308 	.db #0x81	; 129
    000000FA BA                     309 	.db #0xba	; 186
    000000FB 45                     310 	.db #0x45	; 69	'E'
    000000FC FC                     311 	.db #0xfc	; 252
    000000FD 03                     312 	.db #0x03	; 3
    000000FE 00                     313 	.db #0x00	; 0
    000000FF FE                     314 	.db #0xfe	; 254
    00000100 94                     315 	.db #0x94	; 148
    00000101 6A                     316 	.db #0x6a	; 106	'j'
    00000102 00                     317 	.db #0x00	; 0
    00000103 FE                     318 	.db #0xfe	; 254
    00000104 E0                     319 	.db #0xe0	; 224
    00000105 10                     320 	.db #0x10	; 16
    00000106 00                     321 	.db #0x00	; 0
    00000107 E0                     322 	.db #0xe0	; 224
    00000108                        323 _gorbySleeping_metasprite0:
    00000108 F8                     324 	.db #0xf8	; -8
    00000109 F8                     325 	.db #0xf8	; -8
    0000010A 00                     326 	.db #0x00	; 0
    0000010B 00                     327 	.db #0x00	; 0
    0000010C 00                     328 	.db #0x00	;  0
    0000010D 08                     329 	.db #0x08	;  8
    0000010E 02                     330 	.db #0x02	; 2
    0000010F 00                     331 	.db #0x00	; 0
    00000110 80                     332 	.db #0x80	; -128
    00000111 00                     333 	.db #0x00	;  0
    00000112 00                     334 	.db #0x00	; 0
    00000113 00                     335 	.db #0x00	; 0
    00000114                        336 _gorbySleeping_metasprite1:
    00000114 F8                     337 	.db #0xf8	; -8
    00000115 F8                     338 	.db #0xf8	; -8
    00000116 04                     339 	.db #0x04	; 4
    00000117 00                     340 	.db #0x00	; 0
    00000118 00                     341 	.db #0x00	;  0
    00000119 08                     342 	.db #0x08	;  8
    0000011A 02                     343 	.db #0x02	; 2
    0000011B 00                     344 	.db #0x00	; 0
    0000011C 80                     345 	.db #0x80	; -128
    0000011D 00                     346 	.db #0x00	;  0
    0000011E 00                     347 	.db #0x00	; 0
    0000011F 00                     348 	.db #0x00	; 0
    00000120                        349 _gorbySleeping_metasprite2:
    00000120 F8                     350 	.db #0xf8	; -8
    00000121 F8                     351 	.db #0xf8	; -8
    00000122 06                     352 	.db #0x06	; 6
    00000123 00                     353 	.db #0x00	; 0
    00000124 00                     354 	.db #0x00	;  0
    00000125 08                     355 	.db #0x08	;  8
    00000126 08                     356 	.db #0x08	; 8
    00000127 00                     357 	.db #0x00	; 0
    00000128 80                     358 	.db #0x80	; -128
    00000129 00                     359 	.db #0x00	;  0
    0000012A 00                     360 	.db #0x00	; 0
    0000012B 00                     361 	.db #0x00	; 0
    0000012C                        362 _gorbySleeping_metasprite3:
    0000012C F8                     363 	.db #0xf8	; -8
    0000012D F8                     364 	.db #0xf8	; -8
    0000012E 0A                     365 	.db #0x0a	; 10
    0000012F 00                     366 	.db #0x00	; 0
    00000130 00                     367 	.db #0x00	;  0
    00000131 08                     368 	.db #0x08	;  8
    00000132 0C                     369 	.db #0x0c	; 12
    00000133 00                     370 	.db #0x00	; 0
    00000134 80                     371 	.db #0x80	; -128
    00000135 00                     372 	.db #0x00	;  0
    00000136 00                     373 	.db #0x00	; 0
    00000137 00                     374 	.db #0x00	; 0
    00000138                        375 _gorbySleeping_metasprite4:
    00000138 F8                     376 	.db #0xf8	; -8
    00000139 F8                     377 	.db #0xf8	; -8
    0000013A 0A                     378 	.db #0x0a	; 10
    0000013B 00                     379 	.db #0x00	; 0
    0000013C 00                     380 	.db #0x00	;  0
    0000013D 08                     381 	.db #0x08	;  8
    0000013E 0E                     382 	.db #0x0e	; 14
    0000013F 00                     383 	.db #0x00	; 0
    00000140 80                     384 	.db #0x80	; -128
    00000141 00                     385 	.db #0x00	;  0
    00000142 00                     386 	.db #0x00	; 0
    00000143 00                     387 	.db #0x00	; 0
    00000144                        388 _gorbySleeping_metasprites:
    00000144r08r01                  389 	.dw _gorbySleeping_metasprite0
    00000146r14r01                  390 	.dw _gorbySleeping_metasprite1
    00000148r20r01                  391 	.dw _gorbySleeping_metasprite2
    0000014Ar2Cr01                  392 	.dw _gorbySleeping_metasprite3
    0000014Cr38r01                  393 	.dw _gorbySleeping_metasprite4
                                    394 	.area _INITIALIZER
                                    395 	.area _CABS (ABS)
