                                      1 ;--------------------------------------------------------
                                      2 ; File Created by SDCC : free open source ISO C Compiler
                                      3 ; Version 4.5.1 #15267 (Mac OS X ppc)
                                      4 ;--------------------------------------------------------
                                      5 	.module WalkingGorbUp
                                      6 	
                                      7 ;--------------------------------------------------------
                                      8 ; Public variables in this module
                                      9 ;--------------------------------------------------------
                                     10 	.globl _WalkingGorbUp_metasprites
                                     11 	.globl _WalkingGorbUp_metasprite9
                                     12 	.globl _WalkingGorbUp_metasprite8
                                     13 	.globl _WalkingGorbUp_metasprite7
                                     14 	.globl _WalkingGorbUp_metasprite6
                                     15 	.globl _WalkingGorbUp_metasprite5
                                     16 	.globl _WalkingGorbUp_metasprite4
                                     17 	.globl _WalkingGorbUp_metasprite3
                                     18 	.globl _WalkingGorbUp_metasprite2
                                     19 	.globl _WalkingGorbUp_metasprite1
                                     20 	.globl _WalkingGorbUp_metasprite0
                                     21 	.globl _WalkingGorbUp_tiles
                                     22 	.globl _WalkingGorbUp_palettes
                                     23 	.globl b___func_WalkingGorbUp
                                     24 	.globl ___func_WalkingGorbUp
                                     25 ;--------------------------------------------------------
                                     26 ; special function registers
                                     27 ;--------------------------------------------------------
                                     28 ;--------------------------------------------------------
                                     29 ; ram data
                                     30 ;--------------------------------------------------------
                                     31 	.area _DATA
                                     32 ;--------------------------------------------------------
                                     33 ; ram data
                                     34 ;--------------------------------------------------------
                                     35 	.area _INITIALIZED
                                     36 ;--------------------------------------------------------
                                     37 ; absolute external ram data
                                     38 ;--------------------------------------------------------
                                     39 	.area _DABS (ABS)
                                     40 ;--------------------------------------------------------
                                     41 ; global & static initialisations
                                     42 ;--------------------------------------------------------
                                     43 	.area _HOME
                                     44 	.area _GSINIT
                                     45 	.area _GSFINAL
                                     46 	.area _GSINIT
                                     47 ;--------------------------------------------------------
                                     48 ; Home
                                     49 ;--------------------------------------------------------
                                     50 	.area _HOME
                                     51 	.area _HOME
                                     52 ;--------------------------------------------------------
                                     53 ; code
                                     54 ;--------------------------------------------------------
                                     55 	.area _CODE
                                     56 ;gen/WalkingGorbUp.c:7: BANKREF(WalkingGorbUp)
                                     57 ;	---------------------------------
                                     58 ; Function __func_WalkingGorbUp
                                     59 ; ---------------------------------
                         00000000    60 	b___func_WalkingGorbUp	= 0
    00000000                         61 ___func_WalkingGorbUp::
                                     62 	.local b___func_WalkingGorbUp 
                         00000000    63 	___bank_WalkingGorbUp = b___func_WalkingGorbUp 
                                     64 	.globl ___bank_WalkingGorbUp 
                                     65 	.area _CODE
    00000000                         66 _WalkingGorbUp_palettes:
    00000000 00 00                   67 	.dw #0x0000
    00000002 6C 7E                   68 	.dw #0x7e6c
    00000004 E7 38                   69 	.dw #0x38e7
    00000006 00 00                   70 	.dw #0x0000
    00000008                         71 _WalkingGorbUp_tiles:
    00000008 00                      72 	.db #0x00	; 0
    00000009 00                      73 	.db #0x00	; 0
    0000000A 00                      74 	.db #0x00	; 0
    0000000B 06                      75 	.db #0x06	; 6
    0000000C 00                      76 	.db #0x00	; 0
    0000000D 07                      77 	.db #0x07	; 7
    0000000E 03                      78 	.db #0x03	; 3
    0000000F 04                      79 	.db #0x04	; 4
    00000010 03                      80 	.db #0x03	; 3
    00000011 04                      81 	.db #0x04	; 4
    00000012 03                      82 	.db #0x03	; 3
    00000013 04                      83 	.db #0x04	; 4
    00000014 02                      84 	.db #0x02	; 2
    00000015 05                      85 	.db #0x05	; 5
    00000016 00                      86 	.db #0x00	; 0
    00000017 07                      87 	.db #0x07	; 7
    00000018 02                      88 	.db #0x02	; 2
    00000019 05                      89 	.db #0x05	; 5
    0000001A 03                      90 	.db #0x03	; 3
    0000001B 0C                      91 	.db #0x0c	; 12
    0000001C 07                      92 	.db #0x07	; 7
    0000001D 08                      93 	.db #0x08	; 8
    0000001E 07                      94 	.db #0x07	; 7
    0000001F 08                      95 	.db #0x08	; 8
    00000020 03                      96 	.db #0x03	; 3
    00000021 0C                      97 	.db #0x0c	; 12
    00000022 00                      98 	.db #0x00	; 0
    00000023 07                      99 	.db #0x07	; 7
    00000024 00                     100 	.db #0x00	; 0
    00000025 06                     101 	.db #0x06	; 6
    00000026 00                     102 	.db #0x00	; 0
    00000027 06                     103 	.db #0x06	; 6
    00000028 00                     104 	.db #0x00	; 0
    00000029 00                     105 	.db #0x00	; 0
    0000002A 00                     106 	.db #0x00	; 0
    0000002B 60                     107 	.db #0x60	; 96
    0000002C 00                     108 	.db #0x00	; 0
    0000002D E0                     109 	.db #0xe0	; 224
    0000002E C0                     110 	.db #0xc0	; 192
    0000002F 30                     111 	.db #0x30	; 48	'0'
    00000030 E0                     112 	.db #0xe0	; 224
    00000031 10                     113 	.db #0x10	; 16
    00000032 E0                     114 	.db #0xe0	; 224
    00000033 10                     115 	.db #0x10	; 16
    00000034 60                     116 	.db #0x60	; 96
    00000035 90                     117 	.db #0x90	; 144
    00000036 80                     118 	.db #0x80	; 128
    00000037 70                     119 	.db #0x70	; 112	'p'
    00000038 40                     120 	.db #0x40	; 64
    00000039 B0                     121 	.db #0xb0	; 176
    0000003A 60                     122 	.db #0x60	; 96
    0000003B 98                     123 	.db #0x98	; 152
    0000003C F0                     124 	.db #0xf0	; 240
    0000003D 08                     125 	.db #0x08	; 8
    0000003E F0                     126 	.db #0xf0	; 240
    0000003F 08                     127 	.db #0x08	; 8
    00000040 30                     128 	.db #0x30	; 48	'0'
    00000041 C8                     129 	.db #0xc8	; 200
    00000042 20                     130 	.db #0x20	; 32
    00000043 50                     131 	.db #0x50	; 80	'P'
    00000044 20                     132 	.db #0x20	; 32
    00000045 50                     133 	.db #0x50	; 80	'P'
    00000046 00                     134 	.db #0x00	; 0
    00000047 70                     135 	.db #0x70	; 112	'p'
    00000048 00                     136 	.db #0x00	; 0
    00000049 00                     137 	.db #0x00	; 0
    0000004A 00                     138 	.db #0x00	; 0
    0000004B 06                     139 	.db #0x06	; 6
    0000004C 00                     140 	.db #0x00	; 0
    0000004D 07                     141 	.db #0x07	; 7
    0000004E 03                     142 	.db #0x03	; 3
    0000004F 04                     143 	.db #0x04	; 4
    00000050 03                     144 	.db #0x03	; 3
    00000051 04                     145 	.db #0x04	; 4
    00000052 03                     146 	.db #0x03	; 3
    00000053 04                     147 	.db #0x04	; 4
    00000054 02                     148 	.db #0x02	; 2
    00000055 05                     149 	.db #0x05	; 5
    00000056 00                     150 	.db #0x00	; 0
    00000057 07                     151 	.db #0x07	; 7
    00000058 02                     152 	.db #0x02	; 2
    00000059 05                     153 	.db #0x05	; 5
    0000005A 03                     154 	.db #0x03	; 3
    0000005B 0C                     155 	.db #0x0c	; 12
    0000005C 07                     156 	.db #0x07	; 7
    0000005D 08                     157 	.db #0x08	; 8
    0000005E 07                     158 	.db #0x07	; 7
    0000005F 08                     159 	.db #0x08	; 8
    00000060 03                     160 	.db #0x03	; 3
    00000061 0C                     161 	.db #0x0c	; 12
    00000062 02                     162 	.db #0x02	; 2
    00000063 05                     163 	.db #0x05	; 5
    00000064 00                     164 	.db #0x00	; 0
    00000065 07                     165 	.db #0x07	; 7
    00000066 00                     166 	.db #0x00	; 0
    00000067 06                     167 	.db #0x06	; 6
    00000068 00                     168 	.db #0x00	; 0
    00000069 00                     169 	.db #0x00	; 0
    0000006A 00                     170 	.db #0x00	; 0
    0000006B 60                     171 	.db #0x60	; 96
    0000006C 00                     172 	.db #0x00	; 0
    0000006D E0                     173 	.db #0xe0	; 224
    0000006E C0                     174 	.db #0xc0	; 192
    0000006F 30                     175 	.db #0x30	; 48	'0'
    00000070 E0                     176 	.db #0xe0	; 224
    00000071 10                     177 	.db #0x10	; 16
    00000072 E0                     178 	.db #0xe0	; 224
    00000073 10                     179 	.db #0x10	; 16
    00000074 60                     180 	.db #0x60	; 96
    00000075 90                     181 	.db #0x90	; 144
    00000076 80                     182 	.db #0x80	; 128
    00000077 70                     183 	.db #0x70	; 112	'p'
    00000078 40                     184 	.db #0x40	; 64
    00000079 B0                     185 	.db #0xb0	; 176
    0000007A 60                     186 	.db #0x60	; 96
    0000007B 98                     187 	.db #0x98	; 152
    0000007C F0                     188 	.db #0xf0	; 240
    0000007D 08                     189 	.db #0x08	; 8
    0000007E F0                     190 	.db #0xf0	; 240
    0000007F 08                     191 	.db #0x08	; 8
    00000080 20                     192 	.db #0x20	; 32
    00000081 D8                     193 	.db #0xd8	; 216
    00000082 20                     194 	.db #0x20	; 32
    00000083 50                     195 	.db #0x50	; 80	'P'
    00000084 00                     196 	.db #0x00	; 0
    00000085 30                     197 	.db #0x30	; 48	'0'
    00000086 00                     198 	.db #0x00	; 0
    00000087 00                     199 	.db #0x00	; 0
    00000088 00                     200 	.db #0x00	; 0
    00000089 06                     201 	.db #0x06	; 6
    0000008A 00                     202 	.db #0x00	; 0
    0000008B 07                     203 	.db #0x07	; 7
    0000008C 03                     204 	.db #0x03	; 3
    0000008D 04                     205 	.db #0x04	; 4
    0000008E 03                     206 	.db #0x03	; 3
    0000008F 04                     207 	.db #0x04	; 4
    00000090 03                     208 	.db #0x03	; 3
    00000091 04                     209 	.db #0x04	; 4
    00000092 03                     210 	.db #0x03	; 3
    00000093 04                     211 	.db #0x04	; 4
    00000094 02                     212 	.db #0x02	; 2
    00000095 01                     213 	.db #0x01	; 1
    00000096 02                     214 	.db #0x02	; 2
    00000097 05                     215 	.db #0x05	; 5
    00000098 03                     216 	.db #0x03	; 3
    00000099 04                     217 	.db #0x04	; 4
    0000009A 03                     218 	.db #0x03	; 3
    0000009B 0C                     219 	.db #0x0c	; 12
    0000009C 07                     220 	.db #0x07	; 7
    0000009D 08                     221 	.db #0x08	; 8
    0000009E 07                     222 	.db #0x07	; 7
    0000009F 08                     223 	.db #0x08	; 8
    000000A0 07                     224 	.db #0x07	; 7
    000000A1 08                     225 	.db #0x08	; 8
    000000A2 02                     226 	.db #0x02	; 2
    000000A3 05                     227 	.db #0x05	; 5
    000000A4 02                     228 	.db #0x02	; 2
    000000A5 05                     229 	.db #0x05	; 5
    000000A6 00                     230 	.db #0x00	; 0
    000000A7 07                     231 	.db #0x07	; 7
    000000A8 00                     232 	.db #0x00	; 0
    000000A9 60                     233 	.db #0x60	; 96
    000000AA 00                     234 	.db #0x00	; 0
    000000AB E0                     235 	.db #0xe0	; 224
    000000AC C0                     236 	.db #0xc0	; 192
    000000AD 30                     237 	.db #0x30	; 48	'0'
    000000AE E0                     238 	.db #0xe0	; 224
    000000AF 10                     239 	.db #0x10	; 16
    000000B0 E0                     240 	.db #0xe0	; 224
    000000B1 10                     241 	.db #0x10	; 16
    000000B2 60                     242 	.db #0x60	; 96
    000000B3 90                     243 	.db #0x90	; 144
    000000B4 80                     244 	.db #0x80	; 128
    000000B5 60                     245 	.db #0x60	; 96
    000000B6 E0                     246 	.db #0xe0	; 224
    000000B7 10                     247 	.db #0x10	; 16
    000000B8 40                     248 	.db #0x40	; 64
    000000B9 B0                     249 	.db #0xb0	; 176
    000000BA 60                     250 	.db #0x60	; 96
    000000BB 98                     251 	.db #0x98	; 152
    000000BC F0                     252 	.db #0xf0	; 240
    000000BD 08                     253 	.db #0x08	; 8
    000000BE F0                     254 	.db #0xf0	; 240
    000000BF 08                     255 	.db #0x08	; 8
    000000C0 20                     256 	.db #0x20	; 32
    000000C1 D8                     257 	.db #0xd8	; 216
    000000C2 00                     258 	.db #0x00	; 0
    000000C3 30                     259 	.db #0x30	; 48	'0'
    000000C4 00                     260 	.db #0x00	; 0
    000000C5 30                     261 	.db #0x30	; 48	'0'
    000000C6 00                     262 	.db #0x00	; 0
    000000C7 00                     263 	.db #0x00	; 0
    000000C8 00                     264 	.db #0x00	; 0
    000000C9 06                     265 	.db #0x06	; 6
    000000CA 00                     266 	.db #0x00	; 0
    000000CB 07                     267 	.db #0x07	; 7
    000000CC 03                     268 	.db #0x03	; 3
    000000CD 04                     269 	.db #0x04	; 4
    000000CE 03                     270 	.db #0x03	; 3
    000000CF 04                     271 	.db #0x04	; 4
    000000D0 03                     272 	.db #0x03	; 3
    000000D1 04                     273 	.db #0x04	; 4
    000000D2 03                     274 	.db #0x03	; 3
    000000D3 04                     275 	.db #0x04	; 4
    000000D4 02                     276 	.db #0x02	; 2
    000000D5 01                     277 	.db #0x01	; 1
    000000D6 02                     278 	.db #0x02	; 2
    000000D7 05                     279 	.db #0x05	; 5
    000000D8 03                     280 	.db #0x03	; 3
    000000D9 04                     281 	.db #0x04	; 4
    000000DA 03                     282 	.db #0x03	; 3
    000000DB 0C                     283 	.db #0x0c	; 12
    000000DC 07                     284 	.db #0x07	; 7
    000000DD 08                     285 	.db #0x08	; 8
    000000DE 07                     286 	.db #0x07	; 7
    000000DF 08                     287 	.db #0x08	; 8
    000000E0 03                     288 	.db #0x03	; 3
    000000E1 0C                     289 	.db #0x0c	; 12
    000000E2 02                     290 	.db #0x02	; 2
    000000E3 05                     291 	.db #0x05	; 5
    000000E4 00                     292 	.db #0x00	; 0
    000000E5 07                     293 	.db #0x07	; 7
    000000E6 00                     294 	.db #0x00	; 0
    000000E7 00                     295 	.db #0x00	; 0
    000000E8 00                     296 	.db #0x00	; 0
    000000E9 60                     297 	.db #0x60	; 96
    000000EA 00                     298 	.db #0x00	; 0
    000000EB E0                     299 	.db #0xe0	; 224
    000000EC C0                     300 	.db #0xc0	; 192
    000000ED 30                     301 	.db #0x30	; 48	'0'
    000000EE E0                     302 	.db #0xe0	; 224
    000000EF 10                     303 	.db #0x10	; 16
    000000F0 E0                     304 	.db #0xe0	; 224
    000000F1 10                     305 	.db #0x10	; 16
    000000F2 60                     306 	.db #0x60	; 96
    000000F3 90                     307 	.db #0x90	; 144
    000000F4 80                     308 	.db #0x80	; 128
    000000F5 60                     309 	.db #0x60	; 96
    000000F6 E0                     310 	.db #0xe0	; 224
    000000F7 10                     311 	.db #0x10	; 16
    000000F8 40                     312 	.db #0x40	; 64
    000000F9 B0                     313 	.db #0xb0	; 176
    000000FA 60                     314 	.db #0x60	; 96
    000000FB 98                     315 	.db #0x98	; 152
    000000FC F0                     316 	.db #0xf0	; 240
    000000FD 08                     317 	.db #0x08	; 8
    000000FE F0                     318 	.db #0xf0	; 240
    000000FF 08                     319 	.db #0x08	; 8
    00000100 20                     320 	.db #0x20	; 32
    00000101 D8                     321 	.db #0xd8	; 216
    00000102 10                     322 	.db #0x10	; 16
    00000103 20                     323 	.db #0x20	; 32
    00000104 00                     324 	.db #0x00	; 0
    00000105 30                     325 	.db #0x30	; 48	'0'
    00000106 00                     326 	.db #0x00	; 0
    00000107 20                     327 	.db #0x20	; 32
    00000108 00                     328 	.db #0x00	; 0
    00000109 00                     329 	.db #0x00	; 0
    0000010A 00                     330 	.db #0x00	; 0
    0000010B 06                     331 	.db #0x06	; 6
    0000010C 00                     332 	.db #0x00	; 0
    0000010D 07                     333 	.db #0x07	; 7
    0000010E 03                     334 	.db #0x03	; 3
    0000010F 04                     335 	.db #0x04	; 4
    00000110 03                     336 	.db #0x03	; 3
    00000111 04                     337 	.db #0x04	; 4
    00000112 03                     338 	.db #0x03	; 3
    00000113 04                     339 	.db #0x04	; 4
    00000114 03                     340 	.db #0x03	; 3
    00000115 04                     341 	.db #0x04	; 4
    00000116 01                     342 	.db #0x01	; 1
    00000117 06                     343 	.db #0x06	; 6
    00000118 03                     344 	.db #0x03	; 3
    00000119 04                     345 	.db #0x04	; 4
    0000011A 03                     346 	.db #0x03	; 3
    0000011B 0C                     347 	.db #0x0c	; 12
    0000011C 07                     348 	.db #0x07	; 7
    0000011D 08                     349 	.db #0x08	; 8
    0000011E 07                     350 	.db #0x07	; 7
    0000011F 08                     351 	.db #0x08	; 8
    00000120 03                     352 	.db #0x03	; 3
    00000121 0C                     353 	.db #0x0c	; 12
    00000122 00                     354 	.db #0x00	; 0
    00000123 07                     355 	.db #0x07	; 7
    00000124 00                     356 	.db #0x00	; 0
    00000125 06                     357 	.db #0x06	; 6
    00000126 00                     358 	.db #0x00	; 0
    00000127 00                     359 	.db #0x00	; 0
    00000128 00                     360 	.db #0x00	; 0
    00000129 00                     361 	.db #0x00	; 0
    0000012A 00                     362 	.db #0x00	; 0
    0000012B 60                     363 	.db #0x60	; 96
    0000012C 00                     364 	.db #0x00	; 0
    0000012D E0                     365 	.db #0xe0	; 224
    0000012E C0                     366 	.db #0xc0	; 192
    0000012F 30                     367 	.db #0x30	; 48	'0'
    00000130 E0                     368 	.db #0xe0	; 224
    00000131 10                     369 	.db #0x10	; 16
    00000132 A0                     370 	.db #0xa0	; 160
    00000133 50                     371 	.db #0x50	; 80	'P'
    00000134 40                     372 	.db #0x40	; 64
    00000135 B0                     373 	.db #0xb0	; 176
    00000136 C0                     374 	.db #0xc0	; 192
    00000137 30                     375 	.db #0x30	; 48	'0'
    00000138 A0                     376 	.db #0xa0	; 160
    00000139 50                     377 	.db #0x50	; 80	'P'
    0000013A 60                     378 	.db #0x60	; 96
    0000013B 98                     379 	.db #0x98	; 152
    0000013C F0                     380 	.db #0xf0	; 240
    0000013D 08                     381 	.db #0x08	; 8
    0000013E F0                     382 	.db #0xf0	; 240
    0000013F 08                     383 	.db #0x08	; 8
    00000140 30                     384 	.db #0x30	; 48	'0'
    00000141 C8                     385 	.db #0xc8	; 200
    00000142 30                     386 	.db #0x30	; 48	'0'
    00000143 40                     387 	.db #0x40	; 64
    00000144 20                     388 	.db #0x20	; 32
    00000145 50                     389 	.db #0x50	; 80	'P'
    00000146 00                     390 	.db #0x00	; 0
    00000147 30                     391 	.db #0x30	; 48	'0'
    00000148 00                     392 	.db #0x00	; 0
    00000149 00                     393 	.db #0x00	; 0
    0000014A 00                     394 	.db #0x00	; 0
    0000014B 06                     395 	.db #0x06	; 6
    0000014C 00                     396 	.db #0x00	; 0
    0000014D 07                     397 	.db #0x07	; 7
    0000014E 03                     398 	.db #0x03	; 3
    0000014F 04                     399 	.db #0x04	; 4
    00000150 03                     400 	.db #0x03	; 3
    00000151 04                     401 	.db #0x04	; 4
    00000152 03                     402 	.db #0x03	; 3
    00000153 04                     403 	.db #0x04	; 4
    00000154 03                     404 	.db #0x03	; 3
    00000155 04                     405 	.db #0x04	; 4
    00000156 01                     406 	.db #0x01	; 1
    00000157 06                     407 	.db #0x06	; 6
    00000158 03                     408 	.db #0x03	; 3
    00000159 04                     409 	.db #0x04	; 4
    0000015A 03                     410 	.db #0x03	; 3
    0000015B 0C                     411 	.db #0x0c	; 12
    0000015C 07                     412 	.db #0x07	; 7
    0000015D 08                     413 	.db #0x08	; 8
    0000015E 07                     414 	.db #0x07	; 7
    0000015F 08                     415 	.db #0x08	; 8
    00000160 03                     416 	.db #0x03	; 3
    00000161 0C                     417 	.db #0x0c	; 12
    00000162 00                     418 	.db #0x00	; 0
    00000163 07                     419 	.db #0x07	; 7
    00000164 00                     420 	.db #0x00	; 0
    00000165 06                     421 	.db #0x06	; 6
    00000166 00                     422 	.db #0x00	; 0
    00000167 06                     423 	.db #0x06	; 6
    00000168 00                     424 	.db #0x00	; 0
    00000169 00                     425 	.db #0x00	; 0
    0000016A 00                     426 	.db #0x00	; 0
    0000016B 60                     427 	.db #0x60	; 96
    0000016C 00                     428 	.db #0x00	; 0
    0000016D E0                     429 	.db #0xe0	; 224
    0000016E C0                     430 	.db #0xc0	; 192
    0000016F 30                     431 	.db #0x30	; 48	'0'
    00000170 E0                     432 	.db #0xe0	; 224
    00000171 10                     433 	.db #0x10	; 16
    00000172 A0                     434 	.db #0xa0	; 160
    00000173 50                     435 	.db #0x50	; 80	'P'
    00000174 40                     436 	.db #0x40	; 64
    00000175 B0                     437 	.db #0xb0	; 176
    00000176 C0                     438 	.db #0xc0	; 192
    00000177 30                     439 	.db #0x30	; 48	'0'
    00000178 A0                     440 	.db #0xa0	; 160
    00000179 50                     441 	.db #0x50	; 80	'P'
    0000017A 60                     442 	.db #0x60	; 96
    0000017B 98                     443 	.db #0x98	; 152
    0000017C F0                     444 	.db #0xf0	; 240
    0000017D 08                     445 	.db #0x08	; 8
    0000017E F0                     446 	.db #0xf0	; 240
    0000017F 08                     447 	.db #0x08	; 8
    00000180 30                     448 	.db #0x30	; 48	'0'
    00000181 C8                     449 	.db #0xc8	; 200
    00000182 20                     450 	.db #0x20	; 32
    00000183 50                     451 	.db #0x50	; 80	'P'
    00000184 20                     452 	.db #0x20	; 32
    00000185 50                     453 	.db #0x50	; 80	'P'
    00000186 00                     454 	.db #0x00	; 0
    00000187 70                     455 	.db #0x70	; 112	'p'
    00000188 00                     456 	.db #0x00	; 0
    00000189 00                     457 	.db #0x00	; 0
    0000018A 00                     458 	.db #0x00	; 0
    0000018B 06                     459 	.db #0x06	; 6
    0000018C 00                     460 	.db #0x00	; 0
    0000018D 07                     461 	.db #0x07	; 7
    0000018E 03                     462 	.db #0x03	; 3
    0000018F 04                     463 	.db #0x04	; 4
    00000190 03                     464 	.db #0x03	; 3
    00000191 04                     465 	.db #0x04	; 4
    00000192 03                     466 	.db #0x03	; 3
    00000193 04                     467 	.db #0x04	; 4
    00000194 03                     468 	.db #0x03	; 3
    00000195 04                     469 	.db #0x04	; 4
    00000196 01                     470 	.db #0x01	; 1
    00000197 06                     471 	.db #0x06	; 6
    00000198 03                     472 	.db #0x03	; 3
    00000199 04                     473 	.db #0x04	; 4
    0000019A 03                     474 	.db #0x03	; 3
    0000019B 0C                     475 	.db #0x0c	; 12
    0000019C 07                     476 	.db #0x07	; 7
    0000019D 08                     477 	.db #0x08	; 8
    0000019E 07                     478 	.db #0x07	; 7
    0000019F 08                     479 	.db #0x08	; 8
    000001A0 03                     480 	.db #0x03	; 3
    000001A1 0C                     481 	.db #0x0c	; 12
    000001A2 02                     482 	.db #0x02	; 2
    000001A3 05                     483 	.db #0x05	; 5
    000001A4 00                     484 	.db #0x00	; 0
    000001A5 07                     485 	.db #0x07	; 7
    000001A6 00                     486 	.db #0x00	; 0
    000001A7 06                     487 	.db #0x06	; 6
    000001A8 00                     488 	.db #0x00	; 0
    000001A9 00                     489 	.db #0x00	; 0
    000001AA 00                     490 	.db #0x00	; 0
    000001AB 60                     491 	.db #0x60	; 96
    000001AC 00                     492 	.db #0x00	; 0
    000001AD E0                     493 	.db #0xe0	; 224
    000001AE C0                     494 	.db #0xc0	; 192
    000001AF 30                     495 	.db #0x30	; 48	'0'
    000001B0 E0                     496 	.db #0xe0	; 224
    000001B1 10                     497 	.db #0x10	; 16
    000001B2 60                     498 	.db #0x60	; 96
    000001B3 90                     499 	.db #0x90	; 144
    000001B4 A0                     500 	.db #0xa0	; 160
    000001B5 50                     501 	.db #0x50	; 80	'P'
    000001B6 A0                     502 	.db #0xa0	; 160
    000001B7 50                     503 	.db #0x50	; 80	'P'
    000001B8 A0                     504 	.db #0xa0	; 160
    000001B9 50                     505 	.db #0x50	; 80	'P'
    000001BA 60                     506 	.db #0x60	; 96
    000001BB 98                     507 	.db #0x98	; 152
    000001BC F0                     508 	.db #0xf0	; 240
    000001BD 08                     509 	.db #0x08	; 8
    000001BE F0                     510 	.db #0xf0	; 240
    000001BF 08                     511 	.db #0x08	; 8
    000001C0 20                     512 	.db #0x20	; 32
    000001C1 D8                     513 	.db #0xd8	; 216
    000001C2 20                     514 	.db #0x20	; 32
    000001C3 50                     515 	.db #0x50	; 80	'P'
    000001C4 00                     516 	.db #0x00	; 0
    000001C5 30                     517 	.db #0x30	; 48	'0'
    000001C6 00                     518 	.db #0x00	; 0
    000001C7 00                     519 	.db #0x00	; 0
    000001C8 00                     520 	.db #0x00	; 0
    000001C9 06                     521 	.db #0x06	; 6
    000001CA 00                     522 	.db #0x00	; 0
    000001CB 07                     523 	.db #0x07	; 7
    000001CC 03                     524 	.db #0x03	; 3
    000001CD 04                     525 	.db #0x04	; 4
    000001CE 03                     526 	.db #0x03	; 3
    000001CF 04                     527 	.db #0x04	; 4
    000001D0 03                     528 	.db #0x03	; 3
    000001D1 04                     529 	.db #0x04	; 4
    000001D2 03                     530 	.db #0x03	; 3
    000001D3 04                     531 	.db #0x04	; 4
    000001D4 03                     532 	.db #0x03	; 3
    000001D5 00                     533 	.db #0x00	; 0
    000001D6 01                     534 	.db #0x01	; 1
    000001D7 06                     535 	.db #0x06	; 6
    000001D8 03                     536 	.db #0x03	; 3
    000001D9 04                     537 	.db #0x04	; 4
    000001DA 03                     538 	.db #0x03	; 3
    000001DB 0C                     539 	.db #0x0c	; 12
    000001DC 07                     540 	.db #0x07	; 7
    000001DD 08                     541 	.db #0x08	; 8
    000001DE 07                     542 	.db #0x07	; 7
    000001DF 08                     543 	.db #0x08	; 8
    000001E0 07                     544 	.db #0x07	; 7
    000001E1 08                     545 	.db #0x08	; 8
    000001E2 02                     546 	.db #0x02	; 2
    000001E3 05                     547 	.db #0x05	; 5
    000001E4 02                     548 	.db #0x02	; 2
    000001E5 05                     549 	.db #0x05	; 5
    000001E6 00                     550 	.db #0x00	; 0
    000001E7 07                     551 	.db #0x07	; 7
    000001E8 00                     552 	.db #0x00	; 0
    000001E9 60                     553 	.db #0x60	; 96
    000001EA 00                     554 	.db #0x00	; 0
    000001EB E0                     555 	.db #0xe0	; 224
    000001EC C0                     556 	.db #0xc0	; 192
    000001ED 30                     557 	.db #0x30	; 48	'0'
    000001EE E0                     558 	.db #0xe0	; 224
    000001EF 10                     559 	.db #0x10	; 16
    000001F0 E0                     560 	.db #0xe0	; 224
    000001F1 10                     561 	.db #0x10	; 16
    000001F2 60                     562 	.db #0x60	; 96
    000001F3 90                     563 	.db #0x90	; 144
    000001F4 A0                     564 	.db #0xa0	; 160
    000001F5 40                     565 	.db #0x40	; 64
    000001F6 A0                     566 	.db #0xa0	; 160
    000001F7 50                     567 	.db #0x50	; 80	'P'
    000001F8 A0                     568 	.db #0xa0	; 160
    000001F9 50                     569 	.db #0x50	; 80	'P'
    000001FA 60                     570 	.db #0x60	; 96
    000001FB 98                     571 	.db #0x98	; 152
    000001FC F0                     572 	.db #0xf0	; 240
    000001FD 08                     573 	.db #0x08	; 8
    000001FE F0                     574 	.db #0xf0	; 240
    000001FF 08                     575 	.db #0x08	; 8
    00000200 20                     576 	.db #0x20	; 32
    00000201 D8                     577 	.db #0xd8	; 216
    00000202 00                     578 	.db #0x00	; 0
    00000203 30                     579 	.db #0x30	; 48	'0'
    00000204 00                     580 	.db #0x00	; 0
    00000205 30                     581 	.db #0x30	; 48	'0'
    00000206 00                     582 	.db #0x00	; 0
    00000207 00                     583 	.db #0x00	; 0
    00000208 00                     584 	.db #0x00	; 0
    00000209 06                     585 	.db #0x06	; 6
    0000020A 00                     586 	.db #0x00	; 0
    0000020B 07                     587 	.db #0x07	; 7
    0000020C 03                     588 	.db #0x03	; 3
    0000020D 04                     589 	.db #0x04	; 4
    0000020E 03                     590 	.db #0x03	; 3
    0000020F 04                     591 	.db #0x04	; 4
    00000210 03                     592 	.db #0x03	; 3
    00000211 04                     593 	.db #0x04	; 4
    00000212 03                     594 	.db #0x03	; 3
    00000213 04                     595 	.db #0x04	; 4
    00000214 03                     596 	.db #0x03	; 3
    00000215 00                     597 	.db #0x00	; 0
    00000216 01                     598 	.db #0x01	; 1
    00000217 06                     599 	.db #0x06	; 6
    00000218 03                     600 	.db #0x03	; 3
    00000219 04                     601 	.db #0x04	; 4
    0000021A 03                     602 	.db #0x03	; 3
    0000021B 0C                     603 	.db #0x0c	; 12
    0000021C 07                     604 	.db #0x07	; 7
    0000021D 08                     605 	.db #0x08	; 8
    0000021E 07                     606 	.db #0x07	; 7
    0000021F 08                     607 	.db #0x08	; 8
    00000220 03                     608 	.db #0x03	; 3
    00000221 0C                     609 	.db #0x0c	; 12
    00000222 02                     610 	.db #0x02	; 2
    00000223 05                     611 	.db #0x05	; 5
    00000224 00                     612 	.db #0x00	; 0
    00000225 07                     613 	.db #0x07	; 7
    00000226 00                     614 	.db #0x00	; 0
    00000227 00                     615 	.db #0x00	; 0
    00000228 00                     616 	.db #0x00	; 0
    00000229 60                     617 	.db #0x60	; 96
    0000022A 00                     618 	.db #0x00	; 0
    0000022B E0                     619 	.db #0xe0	; 224
    0000022C C0                     620 	.db #0xc0	; 192
    0000022D 30                     621 	.db #0x30	; 48	'0'
    0000022E E0                     622 	.db #0xe0	; 224
    0000022F 10                     623 	.db #0x10	; 16
    00000230 E0                     624 	.db #0xe0	; 224
    00000231 10                     625 	.db #0x10	; 16
    00000232 60                     626 	.db #0x60	; 96
    00000233 90                     627 	.db #0x90	; 144
    00000234 A0                     628 	.db #0xa0	; 160
    00000235 40                     629 	.db #0x40	; 64
    00000236 60                     630 	.db #0x60	; 96
    00000237 90                     631 	.db #0x90	; 144
    00000238 60                     632 	.db #0x60	; 96
    00000239 90                     633 	.db #0x90	; 144
    0000023A 60                     634 	.db #0x60	; 96
    0000023B 98                     635 	.db #0x98	; 152
    0000023C F0                     636 	.db #0xf0	; 240
    0000023D 08                     637 	.db #0x08	; 8
    0000023E F0                     638 	.db #0xf0	; 240
    0000023F 08                     639 	.db #0x08	; 8
    00000240 20                     640 	.db #0x20	; 32
    00000241 D8                     641 	.db #0xd8	; 216
    00000242 00                     642 	.db #0x00	; 0
    00000243 30                     643 	.db #0x30	; 48	'0'
    00000244 00                     644 	.db #0x00	; 0
    00000245 30                     645 	.db #0x30	; 48	'0'
    00000246 00                     646 	.db #0x00	; 0
    00000247 20                     647 	.db #0x20	; 32
    00000248 00                     648 	.db #0x00	; 0
    00000249 00                     649 	.db #0x00	; 0
    0000024A 00                     650 	.db #0x00	; 0
    0000024B 60                     651 	.db #0x60	; 96
    0000024C 00                     652 	.db #0x00	; 0
    0000024D E0                     653 	.db #0xe0	; 224
    0000024E C0                     654 	.db #0xc0	; 192
    0000024F 30                     655 	.db #0x30	; 48	'0'
    00000250 E0                     656 	.db #0xe0	; 224
    00000251 10                     657 	.db #0x10	; 16
    00000252 60                     658 	.db #0x60	; 96
    00000253 90                     659 	.db #0x90	; 144
    00000254 A0                     660 	.db #0xa0	; 160
    00000255 50                     661 	.db #0x50	; 80	'P'
    00000256 60                     662 	.db #0x60	; 96
    00000257 90                     663 	.db #0x90	; 144
    00000258 60                     664 	.db #0x60	; 96
    00000259 90                     665 	.db #0x90	; 144
    0000025A 60                     666 	.db #0x60	; 96
    0000025B 98                     667 	.db #0x98	; 152
    0000025C F0                     668 	.db #0xf0	; 240
    0000025D 08                     669 	.db #0x08	; 8
    0000025E F0                     670 	.db #0xf0	; 240
    0000025F 08                     671 	.db #0x08	; 8
    00000260 30                     672 	.db #0x30	; 48	'0'
    00000261 C8                     673 	.db #0xc8	; 200
    00000262 30                     674 	.db #0x30	; 48	'0'
    00000263 40                     675 	.db #0x40	; 64
    00000264 20                     676 	.db #0x20	; 32
    00000265 50                     677 	.db #0x50	; 80	'P'
    00000266 00                     678 	.db #0x00	; 0
    00000267 30                     679 	.db #0x30	; 48	'0'
    00000268                        680 _WalkingGorbUp_metasprite0:
    00000268 F8                     681 	.db #0xf8	; -8
    00000269 F8                     682 	.db #0xf8	; -8
    0000026A 00                     683 	.db #0x00	; 0
    0000026B 00                     684 	.db #0x00	; 0
    0000026C 00                     685 	.db #0x00	;  0
    0000026D 08                     686 	.db #0x08	;  8
    0000026E 02                     687 	.db #0x02	; 2
    0000026F 00                     688 	.db #0x00	; 0
    00000270 80                     689 	.db #0x80	; -128
    00000271 00                     690 	.db #0x00	;  0
    00000272 00                     691 	.db #0x00	; 0
    00000273 00                     692 	.db #0x00	; 0
    00000274                        693 _WalkingGorbUp_metasprite1:
    00000274 F8                     694 	.db #0xf8	; -8
    00000275 F8                     695 	.db #0xf8	; -8
    00000276 04                     696 	.db #0x04	; 4
    00000277 00                     697 	.db #0x00	; 0
    00000278 00                     698 	.db #0x00	;  0
    00000279 08                     699 	.db #0x08	;  8
    0000027A 06                     700 	.db #0x06	; 6
    0000027B 00                     701 	.db #0x00	; 0
    0000027C 80                     702 	.db #0x80	; -128
    0000027D 00                     703 	.db #0x00	;  0
    0000027E 00                     704 	.db #0x00	; 0
    0000027F 00                     705 	.db #0x00	; 0
    00000280                        706 _WalkingGorbUp_metasprite2:
    00000280 F8                     707 	.db #0xf8	; -8
    00000281 F8                     708 	.db #0xf8	; -8
    00000282 08                     709 	.db #0x08	; 8
    00000283 00                     710 	.db #0x00	; 0
    00000284 00                     711 	.db #0x00	;  0
    00000285 08                     712 	.db #0x08	;  8
    00000286 0A                     713 	.db #0x0a	; 10
    00000287 00                     714 	.db #0x00	; 0
    00000288 80                     715 	.db #0x80	; -128
    00000289 00                     716 	.db #0x00	;  0
    0000028A 00                     717 	.db #0x00	; 0
    0000028B 00                     718 	.db #0x00	; 0
    0000028C                        719 _WalkingGorbUp_metasprite3:
    0000028C F8                     720 	.db #0xf8	; -8
    0000028D F8                     721 	.db #0xf8	; -8
    0000028E 0C                     722 	.db #0x0c	; 12
    0000028F 00                     723 	.db #0x00	; 0
    00000290 00                     724 	.db #0x00	;  0
    00000291 08                     725 	.db #0x08	;  8
    00000292 0E                     726 	.db #0x0e	; 14
    00000293 00                     727 	.db #0x00	; 0
    00000294 80                     728 	.db #0x80	; -128
    00000295 00                     729 	.db #0x00	;  0
    00000296 00                     730 	.db #0x00	; 0
    00000297 00                     731 	.db #0x00	; 0
    00000298                        732 _WalkingGorbUp_metasprite4:
    00000298 F8                     733 	.db #0xf8	; -8
    00000299 F8                     734 	.db #0xf8	; -8
    0000029A 10                     735 	.db #0x10	; 16
    0000029B 00                     736 	.db #0x00	; 0
    0000029C 00                     737 	.db #0x00	;  0
    0000029D 08                     738 	.db #0x08	;  8
    0000029E 12                     739 	.db #0x12	; 18
    0000029F 00                     740 	.db #0x00	; 0
    000002A0 80                     741 	.db #0x80	; -128
    000002A1 00                     742 	.db #0x00	;  0
    000002A2 00                     743 	.db #0x00	; 0
    000002A3 00                     744 	.db #0x00	; 0
    000002A4                        745 _WalkingGorbUp_metasprite5:
    000002A4 F8                     746 	.db #0xf8	; -8
    000002A5 F8                     747 	.db #0xf8	; -8
    000002A6 14                     748 	.db #0x14	; 20
    000002A7 00                     749 	.db #0x00	; 0
    000002A8 00                     750 	.db #0x00	;  0
    000002A9 08                     751 	.db #0x08	;  8
    000002AA 16                     752 	.db #0x16	; 22
    000002AB 00                     753 	.db #0x00	; 0
    000002AC 80                     754 	.db #0x80	; -128
    000002AD 00                     755 	.db #0x00	;  0
    000002AE 00                     756 	.db #0x00	; 0
    000002AF 00                     757 	.db #0x00	; 0
    000002B0                        758 _WalkingGorbUp_metasprite6:
    000002B0 F8                     759 	.db #0xf8	; -8
    000002B1 F8                     760 	.db #0xf8	; -8
    000002B2 18                     761 	.db #0x18	; 24
    000002B3 00                     762 	.db #0x00	; 0
    000002B4 00                     763 	.db #0x00	;  0
    000002B5 08                     764 	.db #0x08	;  8
    000002B6 1A                     765 	.db #0x1a	; 26
    000002B7 00                     766 	.db #0x00	; 0
    000002B8 80                     767 	.db #0x80	; -128
    000002B9 00                     768 	.db #0x00	;  0
    000002BA 00                     769 	.db #0x00	; 0
    000002BB 00                     770 	.db #0x00	; 0
    000002BC                        771 _WalkingGorbUp_metasprite7:
    000002BC F8                     772 	.db #0xf8	; -8
    000002BD F8                     773 	.db #0xf8	; -8
    000002BE 1C                     774 	.db #0x1c	; 28
    000002BF 00                     775 	.db #0x00	; 0
    000002C0 00                     776 	.db #0x00	;  0
    000002C1 08                     777 	.db #0x08	;  8
    000002C2 1E                     778 	.db #0x1e	; 30
    000002C3 00                     779 	.db #0x00	; 0
    000002C4 80                     780 	.db #0x80	; -128
    000002C5 00                     781 	.db #0x00	;  0
    000002C6 00                     782 	.db #0x00	; 0
    000002C7 00                     783 	.db #0x00	; 0
    000002C8                        784 _WalkingGorbUp_metasprite8:
    000002C8 F8                     785 	.db #0xf8	; -8
    000002C9 F8                     786 	.db #0xf8	; -8
    000002CA 20                     787 	.db #0x20	; 32
    000002CB 00                     788 	.db #0x00	; 0
    000002CC 00                     789 	.db #0x00	;  0
    000002CD 08                     790 	.db #0x08	;  8
    000002CE 22                     791 	.db #0x22	; 34
    000002CF 00                     792 	.db #0x00	; 0
    000002D0 80                     793 	.db #0x80	; -128
    000002D1 00                     794 	.db #0x00	;  0
    000002D2 00                     795 	.db #0x00	; 0
    000002D3 00                     796 	.db #0x00	; 0
    000002D4                        797 _WalkingGorbUp_metasprite9:
    000002D4 F8                     798 	.db #0xf8	; -8
    000002D5 F8                     799 	.db #0xf8	; -8
    000002D6 10                     800 	.db #0x10	; 16
    000002D7 00                     801 	.db #0x00	; 0
    000002D8 00                     802 	.db #0x00	;  0
    000002D9 08                     803 	.db #0x08	;  8
    000002DA 24                     804 	.db #0x24	; 36
    000002DB 00                     805 	.db #0x00	; 0
    000002DC 80                     806 	.db #0x80	; -128
    000002DD 00                     807 	.db #0x00	;  0
    000002DE 00                     808 	.db #0x00	; 0
    000002DF 00                     809 	.db #0x00	; 0
    000002E0                        810 _WalkingGorbUp_metasprites:
    000002E0r68r02                  811 	.dw _WalkingGorbUp_metasprite0
    000002E2r74r02                  812 	.dw _WalkingGorbUp_metasprite1
    000002E4r80r02                  813 	.dw _WalkingGorbUp_metasprite2
    000002E6r8Cr02                  814 	.dw _WalkingGorbUp_metasprite3
    000002E8r98r02                  815 	.dw _WalkingGorbUp_metasprite4
    000002EArA4r02                  816 	.dw _WalkingGorbUp_metasprite5
    000002ECrB0r02                  817 	.dw _WalkingGorbUp_metasprite6
    000002EErBCr02                  818 	.dw _WalkingGorbUp_metasprite7
    000002F0rC8r02                  819 	.dw _WalkingGorbUp_metasprite8
    000002F2rD4r02                  820 	.dw _WalkingGorbUp_metasprite9
                                    821 	.area _INITIALIZER
                                    822 	.area _CABS (ABS)
