                                      1 ;--------------------------------------------------------
                                      2 ; File Created by SDCC : free open source ISO C Compiler
                                      3 ; Version 4.5.1 #15267 (Mac OS X ppc)
                                      4 ;--------------------------------------------------------
                                      5 	.module WalkingGorbDown
                                      6 	
                                      7 ;--------------------------------------------------------
                                      8 ; Public variables in this module
                                      9 ;--------------------------------------------------------
                                     10 	.globl _WalkingGorbDown_metasprites
                                     11 	.globl _WalkingGorbDown_metasprite9
                                     12 	.globl _WalkingGorbDown_metasprite8
                                     13 	.globl _WalkingGorbDown_metasprite7
                                     14 	.globl _WalkingGorbDown_metasprite6
                                     15 	.globl _WalkingGorbDown_metasprite5
                                     16 	.globl _WalkingGorbDown_metasprite4
                                     17 	.globl _WalkingGorbDown_metasprite3
                                     18 	.globl _WalkingGorbDown_metasprite2
                                     19 	.globl _WalkingGorbDown_metasprite1
                                     20 	.globl _WalkingGorbDown_metasprite0
                                     21 	.globl _WalkingGorbDown_tiles
                                     22 	.globl _WalkingGorbDown_palettes
                                     23 	.globl b___func_WalkingGorbDown
                                     24 	.globl ___func_WalkingGorbDown
                                     25 ;--------------------------------------------------------
                                     26 ; special function registers
                                     27 ;--------------------------------------------------------
                                     28 ;--------------------------------------------------------
                                     29 ; ram data
                                     30 ;--------------------------------------------------------
                                     31 	.area _DATA
                                     32 ;--------------------------------------------------------
                                     33 ; ram data
                                     34 ;--------------------------------------------------------
                                     35 	.area _INITIALIZED
                                     36 ;--------------------------------------------------------
                                     37 ; absolute external ram data
                                     38 ;--------------------------------------------------------
                                     39 	.area _DABS (ABS)
                                     40 ;--------------------------------------------------------
                                     41 ; global & static initialisations
                                     42 ;--------------------------------------------------------
                                     43 	.area _HOME
                                     44 	.area _GSINIT
                                     45 	.area _GSFINAL
                                     46 	.area _GSINIT
                                     47 ;--------------------------------------------------------
                                     48 ; Home
                                     49 ;--------------------------------------------------------
                                     50 	.area _HOME
                                     51 	.area _HOME
                                     52 ;--------------------------------------------------------
                                     53 ; code
                                     54 ;--------------------------------------------------------
                                     55 	.area _CODE
                                     56 ;gen/WalkingGorbDown.c:7: BANKREF(WalkingGorbDown)
                                     57 ;	---------------------------------
                                     58 ; Function __func_WalkingGorbDown
                                     59 ; ---------------------------------
                         00000000    60 	b___func_WalkingGorbDown	= 0
    00000000                         61 ___func_WalkingGorbDown::
                                     62 	.local b___func_WalkingGorbDown 
                         00000000    63 	___bank_WalkingGorbDown = b___func_WalkingGorbDown 
                                     64 	.globl ___bank_WalkingGorbDown 
                                     65 	.area _CODE
    00000000                         66 _WalkingGorbDown_palettes:
    00000000 00 00                   67 	.dw #0x0000
    00000002 6C 7E                   68 	.dw #0x7e6c
    00000004 E7 38                   69 	.dw #0x38e7
    00000006 DB 11                   70 	.dw #0x11db
    00000008                         71 _WalkingGorbDown_tiles:
    00000008 00                      72 	.db #0x00	; 0
    00000009 00                      73 	.db #0x00	; 0
    0000000A 00                      74 	.db #0x00	; 0
    0000000B 08                      75 	.db #0x08	; 8
    0000000C 00                      76 	.db #0x00	; 0
    0000000D 0C                      77 	.db #0x0c	; 12
    0000000E 00                      78 	.db #0x00	; 0
    0000000F 0F                      79 	.db #0x0f	; 15
    00000010 03                      80 	.db #0x03	; 3
    00000011 0C                      81 	.db #0x0c	; 12
    00000012 07                      82 	.db #0x07	; 7
    00000013 0A                      83 	.db #0x0a	; 10
    00000014 07                      84 	.db #0x07	; 7
    00000015 08                      85 	.db #0x08	; 8
    00000016 06                      86 	.db #0x06	; 6
    00000017 09                      87 	.db #0x09	; 9
    00000018 03                      88 	.db #0x03	; 3
    00000019 0C                      89 	.db #0x0c	; 12
    0000001A 07                      90 	.db #0x07	; 7
    0000001B 00                      91 	.db #0x00	; 0
    0000001C 07                      92 	.db #0x07	; 7
    0000001D 08                      93 	.db #0x08	; 8
    0000001E 07                      94 	.db #0x07	; 7
    0000001F 08                      95 	.db #0x08	; 8
    00000020 05                      96 	.db #0x05	; 5
    00000021 0A                      97 	.db #0x0a	; 10
    00000022 04                      98 	.db #0x04	; 4
    00000023 0B                      99 	.db #0x0b	; 11
    00000024 04                     100 	.db #0x04	; 4
    00000025 0A                     101 	.db #0x0a	; 10
    00000026 00                     102 	.db #0x00	; 0
    00000027 0E                     103 	.db #0x0e	; 14
    00000028 00                     104 	.db #0x00	; 0
    00000029 00                     105 	.db #0x00	; 0
    0000002A 00                     106 	.db #0x00	; 0
    0000002B 20                     107 	.db #0x20	; 32
    0000002C 00                     108 	.db #0x00	; 0
    0000002D 60                     109 	.db #0x60	; 96
    0000002E 00                     110 	.db #0x00	; 0
    0000002F E8                     111 	.db #0xe8	; 232
    00000030 C0                     112 	.db #0xc0	; 192
    00000031 24                     113 	.db #0x24	; 36
    00000032 E0                     114 	.db #0xe0	; 224
    00000033 54                     115 	.db #0x54	; 84	'T'
    00000034 E0                     116 	.db #0xe0	; 224
    00000035 18                     117 	.db #0x18	; 24
    00000036 E0                     118 	.db #0xe0	; 224
    00000037 10                     119 	.db #0x10	; 16
    00000038 C0                     120 	.db #0xc0	; 192
    00000039 20                     121 	.db #0x20	; 32
    0000003A E0                     122 	.db #0xe0	; 224
    0000003B 10                     123 	.db #0x10	; 16
    0000003C E0                     124 	.db #0xe0	; 224
    0000003D 10                     125 	.db #0x10	; 16
    0000003E A0                     126 	.db #0xa0	; 160
    0000003F 50                     127 	.db #0x50	; 80	'P'
    00000040 A0                     128 	.db #0xa0	; 160
    00000041 50                     129 	.db #0x50	; 80	'P'
    00000042 20                     130 	.db #0x20	; 32
    00000043 D0                     131 	.db #0xd0	; 208
    00000044 20                     132 	.db #0x20	; 32
    00000045 D0                     133 	.db #0xd0	; 208
    00000046 00                     134 	.db #0x00	; 0
    00000047 70                     135 	.db #0x70	; 112	'p'
    00000048 00                     136 	.db #0x00	; 0
    00000049 00                     137 	.db #0x00	; 0
    0000004A 00                     138 	.db #0x00	; 0
    0000004B 08                     139 	.db #0x08	; 8
    0000004C 00                     140 	.db #0x00	; 0
    0000004D 0C                     141 	.db #0x0c	; 12
    0000004E 00                     142 	.db #0x00	; 0
    0000004F 0F                     143 	.db #0x0f	; 15
    00000050 03                     144 	.db #0x03	; 3
    00000051 0C                     145 	.db #0x0c	; 12
    00000052 07                     146 	.db #0x07	; 7
    00000053 0A                     147 	.db #0x0a	; 10
    00000054 07                     148 	.db #0x07	; 7
    00000055 08                     149 	.db #0x08	; 8
    00000056 06                     150 	.db #0x06	; 6
    00000057 09                     151 	.db #0x09	; 9
    00000058 03                     152 	.db #0x03	; 3
    00000059 0C                     153 	.db #0x0c	; 12
    0000005A 07                     154 	.db #0x07	; 7
    0000005B 00                     155 	.db #0x00	; 0
    0000005C 07                     156 	.db #0x07	; 7
    0000005D 08                     157 	.db #0x08	; 8
    0000005E 05                     158 	.db #0x05	; 5
    0000005F 0A                     159 	.db #0x0a	; 10
    00000060 05                     160 	.db #0x05	; 5
    00000061 0A                     161 	.db #0x0a	; 10
    00000062 06                     162 	.db #0x06	; 6
    00000063 09                     163 	.db #0x09	; 9
    00000064 00                     164 	.db #0x00	; 0
    00000065 0F                     165 	.db #0x0f	; 15
    00000066 00                     166 	.db #0x00	; 0
    00000067 03                     167 	.db #0x03	; 3
    00000068 00                     168 	.db #0x00	; 0
    00000069 00                     169 	.db #0x00	; 0
    0000006A 00                     170 	.db #0x00	; 0
    0000006B 20                     171 	.db #0x20	; 32
    0000006C 00                     172 	.db #0x00	; 0
    0000006D 60                     173 	.db #0x60	; 96
    0000006E 00                     174 	.db #0x00	; 0
    0000006F E8                     175 	.db #0xe8	; 232
    00000070 C0                     176 	.db #0xc0	; 192
    00000071 24                     177 	.db #0x24	; 36
    00000072 E0                     178 	.db #0xe0	; 224
    00000073 54                     179 	.db #0x54	; 84	'T'
    00000074 E0                     180 	.db #0xe0	; 224
    00000075 18                     181 	.db #0x18	; 24
    00000076 E0                     182 	.db #0xe0	; 224
    00000077 10                     183 	.db #0x10	; 16
    00000078 C0                     184 	.db #0xc0	; 192
    00000079 20                     185 	.db #0x20	; 32
    0000007A E0                     186 	.db #0xe0	; 224
    0000007B 10                     187 	.db #0x10	; 16
    0000007C E0                     188 	.db #0xe0	; 224
    0000007D 10                     189 	.db #0x10	; 16
    0000007E A0                     190 	.db #0xa0	; 160
    0000007F 50                     191 	.db #0x50	; 80	'P'
    00000080 A0                     192 	.db #0xa0	; 160
    00000081 50                     193 	.db #0x50	; 80	'P'
    00000082 20                     194 	.db #0x20	; 32
    00000083 D0                     195 	.db #0xd0	; 208
    00000084 20                     196 	.db #0x20	; 32
    00000085 D0                     197 	.db #0xd0	; 208
    00000086 00                     198 	.db #0x00	; 0
    00000087 60                     199 	.db #0x60	; 96
    00000088 00                     200 	.db #0x00	; 0
    00000089 08                     201 	.db #0x08	; 8
    0000008A 00                     202 	.db #0x00	; 0
    0000008B 0C                     203 	.db #0x0c	; 12
    0000008C 00                     204 	.db #0x00	; 0
    0000008D 0F                     205 	.db #0x0f	; 15
    0000008E 03                     206 	.db #0x03	; 3
    0000008F 0C                     207 	.db #0x0c	; 12
    00000090 07                     208 	.db #0x07	; 7
    00000091 0A                     209 	.db #0x0a	; 10
    00000092 07                     210 	.db #0x07	; 7
    00000093 08                     211 	.db #0x08	; 8
    00000094 06                     212 	.db #0x06	; 6
    00000095 09                     213 	.db #0x09	; 9
    00000096 03                     214 	.db #0x03	; 3
    00000097 0C                     215 	.db #0x0c	; 12
    00000098 01                     216 	.db #0x01	; 1
    00000099 06                     217 	.db #0x06	; 6
    0000009A 07                     218 	.db #0x07	; 7
    0000009B 08                     219 	.db #0x08	; 8
    0000009C 07                     220 	.db #0x07	; 7
    0000009D 08                     221 	.db #0x08	; 8
    0000009E 05                     222 	.db #0x05	; 5
    0000009F 0A                     223 	.db #0x0a	; 10
    000000A0 04                     224 	.db #0x04	; 4
    000000A1 0B                     225 	.db #0x0b	; 11
    000000A2 04                     226 	.db #0x04	; 4
    000000A3 0B                     227 	.db #0x0b	; 11
    000000A4 00                     228 	.db #0x00	; 0
    000000A5 07                     229 	.db #0x07	; 7
    000000A6 00                     230 	.db #0x00	; 0
    000000A7 03                     231 	.db #0x03	; 3
    000000A8 00                     232 	.db #0x00	; 0
    000000A9 20                     233 	.db #0x20	; 32
    000000AA 00                     234 	.db #0x00	; 0
    000000AB 70                     235 	.db #0x70	; 112	'p'
    000000AC 00                     236 	.db #0x00	; 0
    000000AD E8                     237 	.db #0xe8	; 232
    000000AE C0                     238 	.db #0xc0	; 192
    000000AF 30                     239 	.db #0x30	; 48	'0'
    000000B0 E0                     240 	.db #0xe0	; 224
    000000B1 50                     241 	.db #0x50	; 80	'P'
    000000B2 E0                     242 	.db #0xe0	; 224
    000000B3 18                     243 	.db #0x18	; 24
    000000B4 E0                     244 	.db #0xe0	; 224
    000000B5 10                     245 	.db #0x10	; 16
    000000B6 C0                     246 	.db #0xc0	; 192
    000000B7 20                     247 	.db #0x20	; 32
    000000B8 A0                     248 	.db #0xa0	; 160
    000000B9 50                     249 	.db #0x50	; 80	'P'
    000000BA E0                     250 	.db #0xe0	; 224
    000000BB 10                     251 	.db #0x10	; 16
    000000BC E0                     252 	.db #0xe0	; 224
    000000BD 10                     253 	.db #0x10	; 16
    000000BE E0                     254 	.db #0xe0	; 224
    000000BF 10                     255 	.db #0x10	; 16
    000000C0 20                     256 	.db #0x20	; 32
    000000C1 D0                     257 	.db #0xd0	; 208
    000000C2 20                     258 	.db #0x20	; 32
    000000C3 D0                     259 	.db #0xd0	; 208
    000000C4 00                     260 	.db #0x00	; 0
    000000C5 70                     261 	.db #0x70	; 112	'p'
    000000C6 00                     262 	.db #0x00	; 0
    000000C7 60                     263 	.db #0x60	; 96
    000000C8 00                     264 	.db #0x00	; 0
    000000C9 08                     265 	.db #0x08	; 8
    000000CA 00                     266 	.db #0x00	; 0
    000000CB 0C                     267 	.db #0x0c	; 12
    000000CC 00                     268 	.db #0x00	; 0
    000000CD 0F                     269 	.db #0x0f	; 15
    000000CE 03                     270 	.db #0x03	; 3
    000000CF 0C                     271 	.db #0x0c	; 12
    000000D0 07                     272 	.db #0x07	; 7
    000000D1 0A                     273 	.db #0x0a	; 10
    000000D2 07                     274 	.db #0x07	; 7
    000000D3 08                     275 	.db #0x08	; 8
    000000D4 06                     276 	.db #0x06	; 6
    000000D5 09                     277 	.db #0x09	; 9
    000000D6 03                     278 	.db #0x03	; 3
    000000D7 0C                     279 	.db #0x0c	; 12
    000000D8 01                     280 	.db #0x01	; 1
    000000D9 06                     281 	.db #0x06	; 6
    000000DA 07                     282 	.db #0x07	; 7
    000000DB 08                     283 	.db #0x08	; 8
    000000DC 07                     284 	.db #0x07	; 7
    000000DD 08                     285 	.db #0x08	; 8
    000000DE 05                     286 	.db #0x05	; 5
    000000DF 0A                     287 	.db #0x0a	; 10
    000000E0 04                     288 	.db #0x04	; 4
    000000E1 0B                     289 	.db #0x0b	; 11
    000000E2 04                     290 	.db #0x04	; 4
    000000E3 0B                     291 	.db #0x0b	; 11
    000000E4 04                     292 	.db #0x04	; 4
    000000E5 0B                     293 	.db #0x0b	; 11
    000000E6 00                     294 	.db #0x00	; 0
    000000E7 0F                     295 	.db #0x0f	; 15
    000000E8 00                     296 	.db #0x00	; 0
    000000E9 20                     297 	.db #0x20	; 32
    000000EA 00                     298 	.db #0x00	; 0
    000000EB 70                     299 	.db #0x70	; 112	'p'
    000000EC 00                     300 	.db #0x00	; 0
    000000ED E8                     301 	.db #0xe8	; 232
    000000EE C0                     302 	.db #0xc0	; 192
    000000EF 30                     303 	.db #0x30	; 48	'0'
    000000F0 E0                     304 	.db #0xe0	; 224
    000000F1 50                     305 	.db #0x50	; 80	'P'
    000000F2 E0                     306 	.db #0xe0	; 224
    000000F3 18                     307 	.db #0x18	; 24
    000000F4 E0                     308 	.db #0xe0	; 224
    000000F5 10                     309 	.db #0x10	; 16
    000000F6 C0                     310 	.db #0xc0	; 192
    000000F7 20                     311 	.db #0x20	; 32
    000000F8 A0                     312 	.db #0xa0	; 160
    000000F9 40                     313 	.db #0x40	; 64
    000000FA E0                     314 	.db #0xe0	; 224
    000000FB 10                     315 	.db #0x10	; 16
    000000FC E0                     316 	.db #0xe0	; 224
    000000FD 10                     317 	.db #0x10	; 16
    000000FE A0                     318 	.db #0xa0	; 160
    000000FF 50                     319 	.db #0x50	; 80	'P'
    00000100 20                     320 	.db #0x20	; 32
    00000101 D0                     321 	.db #0xd0	; 208
    00000102 40                     322 	.db #0x40	; 64
    00000103 B0                     323 	.db #0xb0	; 176
    00000104 00                     324 	.db #0x00	; 0
    00000105 E0                     325 	.db #0xe0	; 224
    00000106 00                     326 	.db #0x00	; 0
    00000107 60                     327 	.db #0x60	; 96
    00000108 00                     328 	.db #0x00	; 0
    00000109 00                     329 	.db #0x00	; 0
    0000010A 00                     330 	.db #0x00	; 0
    0000010B 0A                     331 	.db #0x0a	; 10
    0000010C 00                     332 	.db #0x00	; 0
    0000010D 0D                     333 	.db #0x0d	; 13
    0000010E 00                     334 	.db #0x00	; 0
    0000010F 0F                     335 	.db #0x0f	; 15
    00000110 03                     336 	.db #0x03	; 3
    00000111 0C                     337 	.db #0x0c	; 12
    00000112 07                     338 	.db #0x07	; 7
    00000113 0A                     339 	.db #0x0a	; 10
    00000114 07                     340 	.db #0x07	; 7
    00000115 08                     341 	.db #0x08	; 8
    00000116 06                     342 	.db #0x06	; 6
    00000117 09                     343 	.db #0x09	; 9
    00000118 03                     344 	.db #0x03	; 3
    00000119 0C                     345 	.db #0x0c	; 12
    0000011A 07                     346 	.db #0x07	; 7
    0000011B 08                     347 	.db #0x08	; 8
    0000011C 07                     348 	.db #0x07	; 7
    0000011D 08                     349 	.db #0x08	; 8
    0000011E 05                     350 	.db #0x05	; 5
    0000011F 0A                     351 	.db #0x0a	; 10
    00000120 05                     352 	.db #0x05	; 5
    00000121 0A                     353 	.db #0x0a	; 10
    00000122 04                     354 	.db #0x04	; 4
    00000123 0B                     355 	.db #0x0b	; 11
    00000124 04                     356 	.db #0x04	; 4
    00000125 0A                     357 	.db #0x0a	; 10
    00000126 00                     358 	.db #0x00	; 0
    00000127 0E                     359 	.db #0x0e	; 14
    00000128 00                     360 	.db #0x00	; 0
    00000129 00                     361 	.db #0x00	; 0
    0000012A 00                     362 	.db #0x00	; 0
    0000012B 20                     363 	.db #0x20	; 32
    0000012C 00                     364 	.db #0x00	; 0
    0000012D 60                     365 	.db #0x60	; 96
    0000012E 00                     366 	.db #0x00	; 0
    0000012F E0                     367 	.db #0xe0	; 224
    00000130 C0                     368 	.db #0xc0	; 192
    00000131 30                     369 	.db #0x30	; 48	'0'
    00000132 E0                     370 	.db #0xe0	; 224
    00000133 50                     371 	.db #0x50	; 80	'P'
    00000134 E0                     372 	.db #0xe0	; 224
    00000135 10                     373 	.db #0x10	; 16
    00000136 E0                     374 	.db #0xe0	; 224
    00000137 10                     375 	.db #0x10	; 16
    00000138 C0                     376 	.db #0xc0	; 192
    00000139 20                     377 	.db #0x20	; 32
    0000013A E0                     378 	.db #0xe0	; 224
    0000013B 10                     379 	.db #0x10	; 16
    0000013C E0                     380 	.db #0xe0	; 224
    0000013D 10                     381 	.db #0x10	; 16
    0000013E E0                     382 	.db #0xe0	; 224
    0000013F 10                     383 	.db #0x10	; 16
    00000140 A0                     384 	.db #0xa0	; 160
    00000141 50                     385 	.db #0x50	; 80	'P'
    00000142 60                     386 	.db #0x60	; 96
    00000143 90                     387 	.db #0x90	; 144
    00000144 00                     388 	.db #0x00	; 0
    00000145 60                     389 	.db #0x60	; 96
    00000146 00                     390 	.db #0x00	; 0
    00000147 60                     391 	.db #0x60	; 96
    00000148 00                     392 	.db #0x00	; 0
    00000149 00                     393 	.db #0x00	; 0
    0000014A 00                     394 	.db #0x00	; 0
    0000014B 0A                     395 	.db #0x0a	; 10
    0000014C 00                     396 	.db #0x00	; 0
    0000014D 0D                     397 	.db #0x0d	; 13
    0000014E 00                     398 	.db #0x00	; 0
    0000014F 0F                     399 	.db #0x0f	; 15
    00000150 03                     400 	.db #0x03	; 3
    00000151 0C                     401 	.db #0x0c	; 12
    00000152 07                     402 	.db #0x07	; 7
    00000153 0A                     403 	.db #0x0a	; 10
    00000154 07                     404 	.db #0x07	; 7
    00000155 08                     405 	.db #0x08	; 8
    00000156 06                     406 	.db #0x06	; 6
    00000157 09                     407 	.db #0x09	; 9
    00000158 03                     408 	.db #0x03	; 3
    00000159 0C                     409 	.db #0x0c	; 12
    0000015A 07                     410 	.db #0x07	; 7
    0000015B 00                     411 	.db #0x00	; 0
    0000015C 07                     412 	.db #0x07	; 7
    0000015D 08                     413 	.db #0x08	; 8
    0000015E 07                     414 	.db #0x07	; 7
    0000015F 08                     415 	.db #0x08	; 8
    00000160 05                     416 	.db #0x05	; 5
    00000161 0A                     417 	.db #0x0a	; 10
    00000162 04                     418 	.db #0x04	; 4
    00000163 0B                     419 	.db #0x0b	; 11
    00000164 00                     420 	.db #0x00	; 0
    00000165 0E                     421 	.db #0x0e	; 14
    00000166 00                     422 	.db #0x00	; 0
    00000167 06                     423 	.db #0x06	; 6
    00000168 00                     424 	.db #0x00	; 0
    00000169 00                     425 	.db #0x00	; 0
    0000016A 00                     426 	.db #0x00	; 0
    0000016B 20                     427 	.db #0x20	; 32
    0000016C 00                     428 	.db #0x00	; 0
    0000016D 60                     429 	.db #0x60	; 96
    0000016E 00                     430 	.db #0x00	; 0
    0000016F E0                     431 	.db #0xe0	; 224
    00000170 C0                     432 	.db #0xc0	; 192
    00000171 30                     433 	.db #0x30	; 48	'0'
    00000172 E0                     434 	.db #0xe0	; 224
    00000173 50                     435 	.db #0x50	; 80	'P'
    00000174 E0                     436 	.db #0xe0	; 224
    00000175 10                     437 	.db #0x10	; 16
    00000176 E0                     438 	.db #0xe0	; 224
    00000177 10                     439 	.db #0x10	; 16
    00000178 C0                     440 	.db #0xc0	; 192
    00000179 20                     441 	.db #0x20	; 32
    0000017A E0                     442 	.db #0xe0	; 224
    0000017B 10                     443 	.db #0x10	; 16
    0000017C E0                     444 	.db #0xe0	; 224
    0000017D 10                     445 	.db #0x10	; 16
    0000017E A0                     446 	.db #0xa0	; 160
    0000017F 50                     447 	.db #0x50	; 80	'P'
    00000180 A0                     448 	.db #0xa0	; 160
    00000181 50                     449 	.db #0x50	; 80	'P'
    00000182 20                     450 	.db #0x20	; 32
    00000183 D0                     451 	.db #0xd0	; 208
    00000184 20                     452 	.db #0x20	; 32
    00000185 D0                     453 	.db #0xd0	; 208
    00000186 00                     454 	.db #0x00	; 0
    00000187 70                     455 	.db #0x70	; 112	'p'
    00000188 00                     456 	.db #0x00	; 0
    00000189 00                     457 	.db #0x00	; 0
    0000018A 00                     458 	.db #0x00	; 0
    0000018B 08                     459 	.db #0x08	; 8
    0000018C 00                     460 	.db #0x00	; 0
    0000018D 2C                     461 	.db #0x2c	; 44
    0000018E 00                     462 	.db #0x00	; 0
    0000018F 4F                     463 	.db #0x4f	; 79	'O'
    00000190 03                     464 	.db #0x03	; 3
    00000191 6C                     465 	.db #0x6c	; 108	'l'
    00000192 07                     466 	.db #0x07	; 7
    00000193 2A                     467 	.db #0x2a	; 42
    00000194 07                     468 	.db #0x07	; 7
    00000195 18                     469 	.db #0x18	; 24
    00000196 06                     470 	.db #0x06	; 6
    00000197 09                     471 	.db #0x09	; 9
    00000198 03                     472 	.db #0x03	; 3
    00000199 0C                     473 	.db #0x0c	; 12
    0000019A 07                     474 	.db #0x07	; 7
    0000019B 00                     475 	.db #0x00	; 0
    0000019C 07                     476 	.db #0x07	; 7
    0000019D 08                     477 	.db #0x08	; 8
    0000019E 05                     478 	.db #0x05	; 5
    0000019F 0A                     479 	.db #0x0a	; 10
    000001A0 05                     480 	.db #0x05	; 5
    000001A1 0A                     481 	.db #0x0a	; 10
    000001A2 02                     482 	.db #0x02	; 2
    000001A3 0D                     483 	.db #0x0d	; 13
    000001A4 00                     484 	.db #0x00	; 0
    000001A5 0F                     485 	.db #0x0f	; 15
    000001A6 00                     486 	.db #0x00	; 0
    000001A7 03                     487 	.db #0x03	; 3
    000001A8 00                     488 	.db #0x00	; 0
    000001A9 00                     489 	.db #0x00	; 0
    000001AA 00                     490 	.db #0x00	; 0
    000001AB 20                     491 	.db #0x20	; 32
    000001AC 00                     492 	.db #0x00	; 0
    000001AD 60                     493 	.db #0x60	; 96
    000001AE 00                     494 	.db #0x00	; 0
    000001AF E0                     495 	.db #0xe0	; 224
    000001B0 C0                     496 	.db #0xc0	; 192
    000001B1 30                     497 	.db #0x30	; 48	'0'
    000001B2 E0                     498 	.db #0xe0	; 224
    000001B3 50                     499 	.db #0x50	; 80	'P'
    000001B4 E0                     500 	.db #0xe0	; 224
    000001B5 10                     501 	.db #0x10	; 16
    000001B6 E0                     502 	.db #0xe0	; 224
    000001B7 10                     503 	.db #0x10	; 16
    000001B8 C0                     504 	.db #0xc0	; 192
    000001B9 20                     505 	.db #0x20	; 32
    000001BA E0                     506 	.db #0xe0	; 224
    000001BB 10                     507 	.db #0x10	; 16
    000001BC E0                     508 	.db #0xe0	; 224
    000001BD 10                     509 	.db #0x10	; 16
    000001BE A0                     510 	.db #0xa0	; 160
    000001BF 50                     511 	.db #0x50	; 80	'P'
    000001C0 A0                     512 	.db #0xa0	; 160
    000001C1 50                     513 	.db #0x50	; 80	'P'
    000001C2 20                     514 	.db #0x20	; 32
    000001C3 D0                     515 	.db #0xd0	; 208
    000001C4 20                     516 	.db #0x20	; 32
    000001C5 D0                     517 	.db #0xd0	; 208
    000001C6 00                     518 	.db #0x00	; 0
    000001C7 60                     519 	.db #0x60	; 96
    000001C8 00                     520 	.db #0x00	; 0
    000001C9 08                     521 	.db #0x08	; 8
    000001CA 00                     522 	.db #0x00	; 0
    000001CB 0C                     523 	.db #0x0c	; 12
    000001CC 00                     524 	.db #0x00	; 0
    000001CD 2F                     525 	.db #0x2f	; 47
    000001CE 03                     526 	.db #0x03	; 3
    000001CF 4C                     527 	.db #0x4c	; 76	'L'
    000001D0 07                     528 	.db #0x07	; 7
    000001D1 6A                     529 	.db #0x6a	; 106	'j'
    000001D2 07                     530 	.db #0x07	; 7
    000001D3 28                     531 	.db #0x28	; 40
    000001D4 06                     532 	.db #0x06	; 6
    000001D5 19                     533 	.db #0x19	; 25
    000001D6 03                     534 	.db #0x03	; 3
    000001D7 0C                     535 	.db #0x0c	; 12
    000001D8 01                     536 	.db #0x01	; 1
    000001D9 06                     537 	.db #0x06	; 6
    000001DA 07                     538 	.db #0x07	; 7
    000001DB 08                     539 	.db #0x08	; 8
    000001DC 07                     540 	.db #0x07	; 7
    000001DD 08                     541 	.db #0x08	; 8
    000001DE 05                     542 	.db #0x05	; 5
    000001DF 0A                     543 	.db #0x0a	; 10
    000001E0 04                     544 	.db #0x04	; 4
    000001E1 0B                     545 	.db #0x0b	; 11
    000001E2 06                     546 	.db #0x06	; 6
    000001E3 09                     547 	.db #0x09	; 9
    000001E4 00                     548 	.db #0x00	; 0
    000001E5 07                     549 	.db #0x07	; 7
    000001E6 00                     550 	.db #0x00	; 0
    000001E7 03                     551 	.db #0x03	; 3
    000001E8 00                     552 	.db #0x00	; 0
    000001E9 20                     553 	.db #0x20	; 32
    000001EA 00                     554 	.db #0x00	; 0
    000001EB 60                     555 	.db #0x60	; 96
    000001EC 00                     556 	.db #0x00	; 0
    000001ED E0                     557 	.db #0xe0	; 224
    000001EE C0                     558 	.db #0xc0	; 192
    000001EF 30                     559 	.db #0x30	; 48	'0'
    000001F0 E0                     560 	.db #0xe0	; 224
    000001F1 50                     561 	.db #0x50	; 80	'P'
    000001F2 E0                     562 	.db #0xe0	; 224
    000001F3 10                     563 	.db #0x10	; 16
    000001F4 E0                     564 	.db #0xe0	; 224
    000001F5 10                     565 	.db #0x10	; 16
    000001F6 C0                     566 	.db #0xc0	; 192
    000001F7 20                     567 	.db #0x20	; 32
    000001F8 A0                     568 	.db #0xa0	; 160
    000001F9 40                     569 	.db #0x40	; 64
    000001FA E0                     570 	.db #0xe0	; 224
    000001FB 10                     571 	.db #0x10	; 16
    000001FC E0                     572 	.db #0xe0	; 224
    000001FD 10                     573 	.db #0x10	; 16
    000001FE E0                     574 	.db #0xe0	; 224
    000001FF 10                     575 	.db #0x10	; 16
    00000200 60                     576 	.db #0x60	; 96
    00000201 90                     577 	.db #0x90	; 144
    00000202 20                     578 	.db #0x20	; 32
    00000203 D0                     579 	.db #0xd0	; 208
    00000204 00                     580 	.db #0x00	; 0
    00000205 F0                     581 	.db #0xf0	; 240
    00000206 00                     582 	.db #0x00	; 0
    00000207 60                     583 	.db #0x60	; 96
    00000208 00                     584 	.db #0x00	; 0
    00000209 08                     585 	.db #0x08	; 8
    0000020A 00                     586 	.db #0x00	; 0
    0000020B 0C                     587 	.db #0x0c	; 12
    0000020C 00                     588 	.db #0x00	; 0
    0000020D 0F                     589 	.db #0x0f	; 15
    0000020E 03                     590 	.db #0x03	; 3
    0000020F 0C                     591 	.db #0x0c	; 12
    00000210 07                     592 	.db #0x07	; 7
    00000211 1A                     593 	.db #0x1a	; 26
    00000212 07                     594 	.db #0x07	; 7
    00000213 18                     595 	.db #0x18	; 24
    00000214 06                     596 	.db #0x06	; 6
    00000215 09                     597 	.db #0x09	; 9
    00000216 03                     598 	.db #0x03	; 3
    00000217 0C                     599 	.db #0x0c	; 12
    00000218 01                     600 	.db #0x01	; 1
    00000219 06                     601 	.db #0x06	; 6
    0000021A 07                     602 	.db #0x07	; 7
    0000021B 08                     603 	.db #0x08	; 8
    0000021C 07                     604 	.db #0x07	; 7
    0000021D 08                     605 	.db #0x08	; 8
    0000021E 05                     606 	.db #0x05	; 5
    0000021F 0A                     607 	.db #0x0a	; 10
    00000220 04                     608 	.db #0x04	; 4
    00000221 0B                     609 	.db #0x0b	; 11
    00000222 04                     610 	.db #0x04	; 4
    00000223 0B                     611 	.db #0x0b	; 11
    00000224 00                     612 	.db #0x00	; 0
    00000225 07                     613 	.db #0x07	; 7
    00000226 00                     614 	.db #0x00	; 0
    00000227 06                     615 	.db #0x06	; 6
    00000228 00                     616 	.db #0x00	; 0
    00000229 20                     617 	.db #0x20	; 32
    0000022A 00                     618 	.db #0x00	; 0
    0000022B E0                     619 	.db #0xe0	; 224
    0000022C 00                     620 	.db #0x00	; 0
    0000022D E0                     621 	.db #0xe0	; 224
    0000022E C0                     622 	.db #0xc0	; 192
    0000022F 30                     623 	.db #0x30	; 48	'0'
    00000230 E0                     624 	.db #0xe0	; 224
    00000231 50                     625 	.db #0x50	; 80	'P'
    00000232 E0                     626 	.db #0xe0	; 224
    00000233 10                     627 	.db #0x10	; 16
    00000234 E0                     628 	.db #0xe0	; 224
    00000235 10                     629 	.db #0x10	; 16
    00000236 C0                     630 	.db #0xc0	; 192
    00000237 20                     631 	.db #0x20	; 32
    00000238 A0                     632 	.db #0xa0	; 160
    00000239 40                     633 	.db #0x40	; 64
    0000023A E0                     634 	.db #0xe0	; 224
    0000023B 10                     635 	.db #0x10	; 16
    0000023C E0                     636 	.db #0xe0	; 224
    0000023D 10                     637 	.db #0x10	; 16
    0000023E E0                     638 	.db #0xe0	; 224
    0000023F 10                     639 	.db #0x10	; 16
    00000240 20                     640 	.db #0x20	; 32
    00000241 D0                     641 	.db #0xd0	; 208
    00000242 40                     642 	.db #0x40	; 64
    00000243 B0                     643 	.db #0xb0	; 176
    00000244 00                     644 	.db #0x00	; 0
    00000245 E0                     645 	.db #0xe0	; 224
    00000246 00                     646 	.db #0x00	; 0
    00000247 C0                     647 	.db #0xc0	; 192
    00000248 00                     648 	.db #0x00	; 0
    00000249 00                     649 	.db #0x00	; 0
    0000024A 00                     650 	.db #0x00	; 0
    0000024B 08                     651 	.db #0x08	; 8
    0000024C 00                     652 	.db #0x00	; 0
    0000024D 0D                     653 	.db #0x0d	; 13
    0000024E 00                     654 	.db #0x00	; 0
    0000024F 0F                     655 	.db #0x0f	; 15
    00000250 03                     656 	.db #0x03	; 3
    00000251 1C                     657 	.db #0x1c	; 28
    00000252 07                     658 	.db #0x07	; 7
    00000253 1A                     659 	.db #0x1a	; 26
    00000254 07                     660 	.db #0x07	; 7
    00000255 08                     661 	.db #0x08	; 8
    00000256 06                     662 	.db #0x06	; 6
    00000257 09                     663 	.db #0x09	; 9
    00000258 03                     664 	.db #0x03	; 3
    00000259 0C                     665 	.db #0x0c	; 12
    0000025A 07                     666 	.db #0x07	; 7
    0000025B 08                     667 	.db #0x08	; 8
    0000025C 07                     668 	.db #0x07	; 7
    0000025D 08                     669 	.db #0x08	; 8
    0000025E 05                     670 	.db #0x05	; 5
    0000025F 0A                     671 	.db #0x0a	; 10
    00000260 05                     672 	.db #0x05	; 5
    00000261 0A                     673 	.db #0x0a	; 10
    00000262 04                     674 	.db #0x04	; 4
    00000263 0B                     675 	.db #0x0b	; 11
    00000264 04                     676 	.db #0x04	; 4
    00000265 0A                     677 	.db #0x0a	; 10
    00000266 00                     678 	.db #0x00	; 0
    00000267 0E                     679 	.db #0x0e	; 14
    00000268 00                     680 	.db #0x00	; 0
    00000269 00                     681 	.db #0x00	; 0
    0000026A 00                     682 	.db #0x00	; 0
    0000026B A0                     683 	.db #0xa0	; 160
    0000026C 00                     684 	.db #0x00	; 0
    0000026D 60                     685 	.db #0x60	; 96
    0000026E 00                     686 	.db #0x00	; 0
    0000026F E0                     687 	.db #0xe0	; 224
    00000270 C0                     688 	.db #0xc0	; 192
    00000271 30                     689 	.db #0x30	; 48	'0'
    00000272 E0                     690 	.db #0xe0	; 224
    00000273 50                     691 	.db #0x50	; 80	'P'
    00000274 E0                     692 	.db #0xe0	; 224
    00000275 10                     693 	.db #0x10	; 16
    00000276 E0                     694 	.db #0xe0	; 224
    00000277 10                     695 	.db #0x10	; 16
    00000278 C0                     696 	.db #0xc0	; 192
    00000279 20                     697 	.db #0x20	; 32
    0000027A E0                     698 	.db #0xe0	; 224
    0000027B 10                     699 	.db #0x10	; 16
    0000027C E0                     700 	.db #0xe0	; 224
    0000027D 10                     701 	.db #0x10	; 16
    0000027E A0                     702 	.db #0xa0	; 160
    0000027F 50                     703 	.db #0x50	; 80	'P'
    00000280 A0                     704 	.db #0xa0	; 160
    00000281 50                     705 	.db #0x50	; 80	'P'
    00000282 60                     706 	.db #0x60	; 96
    00000283 90                     707 	.db #0x90	; 144
    00000284 00                     708 	.db #0x00	; 0
    00000285 E0                     709 	.db #0xe0	; 224
    00000286 00                     710 	.db #0x00	; 0
    00000287 60                     711 	.db #0x60	; 96
    00000288                        712 _WalkingGorbDown_metasprite0:
    00000288 F8                     713 	.db #0xf8	; -8
    00000289 F8                     714 	.db #0xf8	; -8
    0000028A 00                     715 	.db #0x00	; 0
    0000028B 00                     716 	.db #0x00	; 0
    0000028C 00                     717 	.db #0x00	;  0
    0000028D 08                     718 	.db #0x08	;  8
    0000028E 02                     719 	.db #0x02	; 2
    0000028F 00                     720 	.db #0x00	; 0
    00000290 80                     721 	.db #0x80	; -128
    00000291 00                     722 	.db #0x00	;  0
    00000292 00                     723 	.db #0x00	; 0
    00000293 00                     724 	.db #0x00	; 0
    00000294                        725 _WalkingGorbDown_metasprite1:
    00000294 F8                     726 	.db #0xf8	; -8
    00000295 F8                     727 	.db #0xf8	; -8
    00000296 04                     728 	.db #0x04	; 4
    00000297 00                     729 	.db #0x00	; 0
    00000298 00                     730 	.db #0x00	;  0
    00000299 08                     731 	.db #0x08	;  8
    0000029A 06                     732 	.db #0x06	; 6
    0000029B 00                     733 	.db #0x00	; 0
    0000029C 80                     734 	.db #0x80	; -128
    0000029D 00                     735 	.db #0x00	;  0
    0000029E 00                     736 	.db #0x00	; 0
    0000029F 00                     737 	.db #0x00	; 0
    000002A0                        738 _WalkingGorbDown_metasprite2:
    000002A0 F8                     739 	.db #0xf8	; -8
    000002A1 F8                     740 	.db #0xf8	; -8
    000002A2 08                     741 	.db #0x08	; 8
    000002A3 00                     742 	.db #0x00	; 0
    000002A4 00                     743 	.db #0x00	;  0
    000002A5 08                     744 	.db #0x08	;  8
    000002A6 0A                     745 	.db #0x0a	; 10
    000002A7 00                     746 	.db #0x00	; 0
    000002A8 80                     747 	.db #0x80	; -128
    000002A9 00                     748 	.db #0x00	;  0
    000002AA 00                     749 	.db #0x00	; 0
    000002AB 00                     750 	.db #0x00	; 0
    000002AC                        751 _WalkingGorbDown_metasprite3:
    000002AC F8                     752 	.db #0xf8	; -8
    000002AD F8                     753 	.db #0xf8	; -8
    000002AE 0C                     754 	.db #0x0c	; 12
    000002AF 00                     755 	.db #0x00	; 0
    000002B0 00                     756 	.db #0x00	;  0
    000002B1 08                     757 	.db #0x08	;  8
    000002B2 0E                     758 	.db #0x0e	; 14
    000002B3 00                     759 	.db #0x00	; 0
    000002B4 80                     760 	.db #0x80	; -128
    000002B5 00                     761 	.db #0x00	;  0
    000002B6 00                     762 	.db #0x00	; 0
    000002B7 00                     763 	.db #0x00	; 0
    000002B8                        764 _WalkingGorbDown_metasprite4:
    000002B8 F8                     765 	.db #0xf8	; -8
    000002B9 F8                     766 	.db #0xf8	; -8
    000002BA 10                     767 	.db #0x10	; 16
    000002BB 00                     768 	.db #0x00	; 0
    000002BC 00                     769 	.db #0x00	;  0
    000002BD 08                     770 	.db #0x08	;  8
    000002BE 12                     771 	.db #0x12	; 18
    000002BF 00                     772 	.db #0x00	; 0
    000002C0 80                     773 	.db #0x80	; -128
    000002C1 00                     774 	.db #0x00	;  0
    000002C2 00                     775 	.db #0x00	; 0
    000002C3 00                     776 	.db #0x00	; 0
    000002C4                        777 _WalkingGorbDown_metasprite5:
    000002C4 F8                     778 	.db #0xf8	; -8
    000002C5 F8                     779 	.db #0xf8	; -8
    000002C6 14                     780 	.db #0x14	; 20
    000002C7 00                     781 	.db #0x00	; 0
    000002C8 00                     782 	.db #0x00	;  0
    000002C9 08                     783 	.db #0x08	;  8
    000002CA 16                     784 	.db #0x16	; 22
    000002CB 00                     785 	.db #0x00	; 0
    000002CC 80                     786 	.db #0x80	; -128
    000002CD 00                     787 	.db #0x00	;  0
    000002CE 00                     788 	.db #0x00	; 0
    000002CF 00                     789 	.db #0x00	; 0
    000002D0                        790 _WalkingGorbDown_metasprite6:
    000002D0 F8                     791 	.db #0xf8	; -8
    000002D1 F8                     792 	.db #0xf8	; -8
    000002D2 18                     793 	.db #0x18	; 24
    000002D3 00                     794 	.db #0x00	; 0
    000002D4 00                     795 	.db #0x00	;  0
    000002D5 08                     796 	.db #0x08	;  8
    000002D6 1A                     797 	.db #0x1a	; 26
    000002D7 00                     798 	.db #0x00	; 0
    000002D8 80                     799 	.db #0x80	; -128
    000002D9 00                     800 	.db #0x00	;  0
    000002DA 00                     801 	.db #0x00	; 0
    000002DB 00                     802 	.db #0x00	; 0
    000002DC                        803 _WalkingGorbDown_metasprite7:
    000002DC F8                     804 	.db #0xf8	; -8
    000002DD F8                     805 	.db #0xf8	; -8
    000002DE 1C                     806 	.db #0x1c	; 28
    000002DF 00                     807 	.db #0x00	; 0
    000002E0 00                     808 	.db #0x00	;  0
    000002E1 08                     809 	.db #0x08	;  8
    000002E2 1E                     810 	.db #0x1e	; 30
    000002E3 00                     811 	.db #0x00	; 0
    000002E4 80                     812 	.db #0x80	; -128
    000002E5 00                     813 	.db #0x00	;  0
    000002E6 00                     814 	.db #0x00	; 0
    000002E7 00                     815 	.db #0x00	; 0
    000002E8                        816 _WalkingGorbDown_metasprite8:
    000002E8 F8                     817 	.db #0xf8	; -8
    000002E9 F8                     818 	.db #0xf8	; -8
    000002EA 20                     819 	.db #0x20	; 32
    000002EB 00                     820 	.db #0x00	; 0
    000002EC 00                     821 	.db #0x00	;  0
    000002ED 08                     822 	.db #0x08	;  8
    000002EE 22                     823 	.db #0x22	; 34
    000002EF 00                     824 	.db #0x00	; 0
    000002F0 80                     825 	.db #0x80	; -128
    000002F1 00                     826 	.db #0x00	;  0
    000002F2 00                     827 	.db #0x00	; 0
    000002F3 00                     828 	.db #0x00	; 0
    000002F4                        829 _WalkingGorbDown_metasprite9:
    000002F4 F8                     830 	.db #0xf8	; -8
    000002F5 F8                     831 	.db #0xf8	; -8
    000002F6 24                     832 	.db #0x24	; 36
    000002F7 00                     833 	.db #0x00	; 0
    000002F8 00                     834 	.db #0x00	;  0
    000002F9 08                     835 	.db #0x08	;  8
    000002FA 26                     836 	.db #0x26	; 38
    000002FB 00                     837 	.db #0x00	; 0
    000002FC 80                     838 	.db #0x80	; -128
    000002FD 00                     839 	.db #0x00	;  0
    000002FE 00                     840 	.db #0x00	; 0
    000002FF 00                     841 	.db #0x00	; 0
    00000300                        842 _WalkingGorbDown_metasprites:
    00000300r88r02                  843 	.dw _WalkingGorbDown_metasprite0
    00000302r94r02                  844 	.dw _WalkingGorbDown_metasprite1
    00000304rA0r02                  845 	.dw _WalkingGorbDown_metasprite2
    00000306rACr02                  846 	.dw _WalkingGorbDown_metasprite3
    00000308rB8r02                  847 	.dw _WalkingGorbDown_metasprite4
    0000030ArC4r02                  848 	.dw _WalkingGorbDown_metasprite5
    0000030CrD0r02                  849 	.dw _WalkingGorbDown_metasprite6
    0000030ErDCr02                  850 	.dw _WalkingGorbDown_metasprite7
    00000310rE8r02                  851 	.dw _WalkingGorbDown_metasprite8
    00000312rF4r02                  852 	.dw _WalkingGorbDown_metasprite9
                                    853 	.area _INITIALIZER
                                    854 	.area _CABS (ABS)
