                                      1 ;--------------------------------------------------------
                                      2 ; File Created by SDCC : free open source ISO C Compiler
                                      3 ; Version 4.5.1 #15267 (Mac OS X ppc)
                                      4 ;--------------------------------------------------------
                                      5 	.module WalkingGorb
                                      6 	
                                      7 ;--------------------------------------------------------
                                      8 ; Public variables in this module
                                      9 ;--------------------------------------------------------
                                     10 	.globl _WalkingGorb_metasprites
                                     11 	.globl _WalkingGorb_metasprite9
                                     12 	.globl _WalkingGorb_metasprite8
                                     13 	.globl _WalkingGorb_metasprite7
                                     14 	.globl _WalkingGorb_metasprite6
                                     15 	.globl _WalkingGorb_metasprite5
                                     16 	.globl _WalkingGorb_metasprite4
                                     17 	.globl _WalkingGorb_metasprite3
                                     18 	.globl _WalkingGorb_metasprite2
                                     19 	.globl _WalkingGorb_metasprite1
                                     20 	.globl _WalkingGorb_metasprite0
                                     21 	.globl _WalkingGorb_tiles
                                     22 	.globl _WalkingGorb_palettes
                                     23 	.globl b___func_WalkingGorb
                                     24 	.globl ___func_WalkingGorb
                                     25 ;--------------------------------------------------------
                                     26 ; special function registers
                                     27 ;--------------------------------------------------------
                                     28 ;--------------------------------------------------------
                                     29 ; ram data
                                     30 ;--------------------------------------------------------
                                     31 	.area _DATA
                                     32 ;--------------------------------------------------------
                                     33 ; ram data
                                     34 ;--------------------------------------------------------
                                     35 	.area _INITIALIZED
                                     36 ;--------------------------------------------------------
                                     37 ; absolute external ram data
                                     38 ;--------------------------------------------------------
                                     39 	.area _DABS (ABS)
                                     40 ;--------------------------------------------------------
                                     41 ; global & static initialisations
                                     42 ;--------------------------------------------------------
                                     43 	.area _HOME
                                     44 	.area _GSINIT
                                     45 	.area _GSFINAL
                                     46 	.area _GSINIT
                                     47 ;--------------------------------------------------------
                                     48 ; Home
                                     49 ;--------------------------------------------------------
                                     50 	.area _HOME
                                     51 	.area _HOME
                                     52 ;--------------------------------------------------------
                                     53 ; code
                                     54 ;--------------------------------------------------------
                                     55 	.area _CODE
                                     56 ;gen/WalkingGorb.c:7: BANKREF(WalkingGorb)
                                     57 ;	---------------------------------
                                     58 ; Function __func_WalkingGorb
                                     59 ; ---------------------------------
                         00000000    60 	b___func_WalkingGorb	= 0
    00000000                         61 ___func_WalkingGorb::
                                     62 	.local b___func_WalkingGorb 
                         00000000    63 	___bank_WalkingGorb = b___func_WalkingGorb 
                                     64 	.globl ___bank_WalkingGorb 
                                     65 	.area _CODE
    00000000                         66 _WalkingGorb_palettes:
    00000000 00 00                   67 	.dw #0x0000
    00000002 6C 7E                   68 	.dw #0x7e6c
    00000004 E7 38                   69 	.dw #0x38e7
    00000006 DB 11                   70 	.dw #0x11db
    00000008                         71 _WalkingGorb_tiles:
    00000008 00                      72 	.db #0x00	; 0
    00000009 00                      73 	.db #0x00	; 0
    0000000A 00                      74 	.db #0x00	; 0
    0000000B 00                      75 	.db #0x00	; 0
    0000000C 00                      76 	.db #0x00	; 0
    0000000D 00                      77 	.db #0x00	; 0
    0000000E 00                      78 	.db #0x00	; 0
    0000000F 00                      79 	.db #0x00	; 0
    00000010 00                      80 	.db #0x00	; 0
    00000011 38                      81 	.db #0x38	; 56	'8'
    00000012 00                      82 	.db #0x00	; 0
    00000013 E0                      83 	.db #0xe0	; 224
    00000014 00                      84 	.db #0x00	; 0
    00000015 80                      85 	.db #0x80	; 128
    00000016 00                      86 	.db #0x00	; 0
    00000017 C0                      87 	.db #0xc0	; 192
    00000018 00                      88 	.db #0x00	; 0
    00000019 5F                      89 	.db #0x5f	; 95
    0000001A 0F                      90 	.db #0x0f	; 15
    0000001B 70                      91 	.db #0x70	; 112	'p'
    0000001C 1F                      92 	.db #0x1f	; 31
    0000001D 20                      93 	.db #0x20	; 32
    0000001E 1F                      94 	.db #0x1f	; 31
    0000001F 60                      95 	.db #0x60	; 96
    00000020 38                      96 	.db #0x38	; 56	'8'
    00000021 47                      97 	.db #0x47	; 71	'G'
    00000022 60                      98 	.db #0x60	; 96
    00000023 9D                      99 	.db #0x9d	; 157
    00000024 48                     100 	.db #0x48	; 72	'H'
    00000025 B5                     101 	.db #0xb5	; 181
    00000026 00                     102 	.db #0x00	; 0
    00000027 EC                     103 	.db #0xec	; 236
    00000028 00                     104 	.db #0x00	; 0
    00000029 00                     105 	.db #0x00	; 0
    0000002A 00                     106 	.db #0x00	; 0
    0000002B C6                     107 	.db #0xc6	; 198
    0000002C 00                     108 	.db #0x00	; 0
    0000002D EE                     109 	.db #0xee	; 238
    0000002E 3C                     110 	.db #0x3c	; 60
    0000002F C2                     111 	.db #0xc2	; 194
    00000030 7C                     112 	.db #0x7c	; 124
    00000031 96                     113 	.db #0x96	; 150
    00000032 7E                     114 	.db #0x7e	; 126
    00000033 81                     115 	.db #0x81	; 129
    00000034 7A                     116 	.db #0x7a	; 122	'z'
    00000035 85                     117 	.db #0x85	; 133
    00000036 3C                     118 	.db #0x3c	; 60
    00000037 43                     119 	.db #0x43	; 67	'C'
    00000038 70                     120 	.db #0x70	; 112	'p'
    00000039 8E                     121 	.db #0x8e	; 142
    0000003A F8                     122 	.db #0xf8	; 248
    0000003B 04                     123 	.db #0x04	; 4
    0000003C F8                     124 	.db #0xf8	; 248
    0000003D 04                     125 	.db #0x04	; 4
    0000003E F0                     126 	.db #0xf0	; 240
    0000003F 0C                     127 	.db #0x0c	; 12
    00000040 10                     128 	.db #0x10	; 16
    00000041 E8                     129 	.db #0xe8	; 232
    00000042 D8                     130 	.db #0xd8	; 216
    00000043 24                     131 	.db #0x24	; 36
    00000044 44                     132 	.db #0x44	; 68	'D'
    00000045 BA                     133 	.db #0xba	; 186
    00000046 00                     134 	.db #0x00	; 0
    00000047 EE                     135 	.db #0xee	; 238
    00000048 00                     136 	.db #0x00	; 0
    00000049 00                     137 	.db #0x00	; 0
    0000004A 00                     138 	.db #0x00	; 0
    0000004B 00                     139 	.db #0x00	; 0
    0000004C 00                     140 	.db #0x00	; 0
    0000004D 00                     141 	.db #0x00	; 0
    0000004E 00                     142 	.db #0x00	; 0
    0000004F 00                     143 	.db #0x00	; 0
    00000050 00                     144 	.db #0x00	; 0
    00000051 38                     145 	.db #0x38	; 56	'8'
    00000052 00                     146 	.db #0x00	; 0
    00000053 E0                     147 	.db #0xe0	; 224
    00000054 00                     148 	.db #0x00	; 0
    00000055 80                     149 	.db #0x80	; 128
    00000056 00                     150 	.db #0x00	; 0
    00000057 C0                     151 	.db #0xc0	; 192
    00000058 00                     152 	.db #0x00	; 0
    00000059 5F                     153 	.db #0x5f	; 95
    0000005A 0F                     154 	.db #0x0f	; 15
    0000005B 70                     155 	.db #0x70	; 112	'p'
    0000005C 1F                     156 	.db #0x1f	; 31
    0000005D 20                     157 	.db #0x20	; 32
    0000005E 0F                     158 	.db #0x0f	; 15
    0000005F 30                     159 	.db #0x30	; 48	'0'
    00000060 18                     160 	.db #0x18	; 24
    00000061 27                     161 	.db #0x27	; 39
    00000062 30                     162 	.db #0x30	; 48	'0'
    00000063 4C                     163 	.db #0x4c	; 76	'L'
    00000064 10                     164 	.db #0x10	; 16
    00000065 68                     165 	.db #0x68	; 104	'h'
    00000066 00                     166 	.db #0x00	; 0
    00000067 30                     167 	.db #0x30	; 48	'0'
    00000068 00                     168 	.db #0x00	; 0
    00000069 00                     169 	.db #0x00	; 0
    0000006A 00                     170 	.db #0x00	; 0
    0000006B C6                     171 	.db #0xc6	; 198
    0000006C 00                     172 	.db #0x00	; 0
    0000006D EE                     173 	.db #0xee	; 238
    0000006E 3C                     174 	.db #0x3c	; 60
    0000006F C2                     175 	.db #0xc2	; 194
    00000070 7C                     176 	.db #0x7c	; 124
    00000071 96                     177 	.db #0x96	; 150
    00000072 7E                     178 	.db #0x7e	; 126
    00000073 81                     179 	.db #0x81	; 129
    00000074 7A                     180 	.db #0x7a	; 122	'z'
    00000075 85                     181 	.db #0x85	; 133
    00000076 3C                     182 	.db #0x3c	; 60
    00000077 43                     183 	.db #0x43	; 67	'C'
    00000078 70                     184 	.db #0x70	; 112	'p'
    00000079 8E                     185 	.db #0x8e	; 142
    0000007A F8                     186 	.db #0xf8	; 248
    0000007B 04                     187 	.db #0x04	; 4
    0000007C F8                     188 	.db #0xf8	; 248
    0000007D 04                     189 	.db #0x04	; 4
    0000007E F0                     190 	.db #0xf0	; 240
    0000007F 0C                     191 	.db #0x0c	; 12
    00000080 30                     192 	.db #0x30	; 48	'0'
    00000081 C8                     193 	.db #0xc8	; 200
    00000082 58                     194 	.db #0x58	; 88	'X'
    00000083 A4                     195 	.db #0xa4	; 164
    00000084 50                     196 	.db #0x50	; 80	'P'
    00000085 AC                     197 	.db #0xac	; 172
    00000086 00                     198 	.db #0x00	; 0
    00000087 7C                     199 	.db #0x7c	; 124
    00000088 00                     200 	.db #0x00	; 0
    00000089 00                     201 	.db #0x00	; 0
    0000008A 00                     202 	.db #0x00	; 0
    0000008B 00                     203 	.db #0x00	; 0
    0000008C 00                     204 	.db #0x00	; 0
    0000008D 00                     205 	.db #0x00	; 0
    0000008E 00                     206 	.db #0x00	; 0
    0000008F 00                     207 	.db #0x00	; 0
    00000090 00                     208 	.db #0x00	; 0
    00000091 10                     209 	.db #0x10	; 16
    00000092 00                     210 	.db #0x00	; 0
    00000093 60                     211 	.db #0x60	; 96
    00000094 00                     212 	.db #0x00	; 0
    00000095 40                     213 	.db #0x40	; 64
    00000096 00                     214 	.db #0x00	; 0
    00000097 60                     215 	.db #0x60	; 96
    00000098 00                     216 	.db #0x00	; 0
    00000099 3F                     217 	.db #0x3f	; 63
    0000009A 0F                     218 	.db #0x0f	; 15
    0000009B 30                     219 	.db #0x30	; 48	'0'
    0000009C 1F                     220 	.db #0x1f	; 31
    0000009D 20                     221 	.db #0x20	; 32
    0000009E 0F                     222 	.db #0x0f	; 15
    0000009F 30                     223 	.db #0x30	; 48	'0'
    000000A0 18                     224 	.db #0x18	; 24
    000000A1 07                     225 	.db #0x07	; 7
    000000A2 10                     226 	.db #0x10	; 16
    000000A3 28                     227 	.db #0x28	; 40
    000000A4 18                     228 	.db #0x18	; 24
    000000A5 64                     229 	.db #0x64	; 100	'd'
    000000A6 00                     230 	.db #0x00	; 0
    000000A7 7C                     231 	.db #0x7c	; 124
    000000A8 00                     232 	.db #0x00	; 0
    000000A9 C6                     233 	.db #0xc6	; 198
    000000AA 00                     234 	.db #0x00	; 0
    000000AB EE                     235 	.db #0xee	; 238
    000000AC 3C                     236 	.db #0x3c	; 60
    000000AD C2                     237 	.db #0xc2	; 194
    000000AE 7C                     238 	.db #0x7c	; 124
    000000AF 96                     239 	.db #0x96	; 150
    000000B0 7E                     240 	.db #0x7e	; 126
    000000B1 81                     241 	.db #0x81	; 129
    000000B2 7A                     242 	.db #0x7a	; 122	'z'
    000000B3 85                     243 	.db #0x85	; 133
    000000B4 3C                     244 	.db #0x3c	; 60
    000000B5 43                     245 	.db #0x43	; 67	'C'
    000000B6 70                     246 	.db #0x70	; 112	'p'
    000000B7 8E                     247 	.db #0x8e	; 142
    000000B8 F8                     248 	.db #0xf8	; 248
    000000B9 04                     249 	.db #0x04	; 4
    000000BA F8                     250 	.db #0xf8	; 248
    000000BB 04                     251 	.db #0x04	; 4
    000000BC F8                     252 	.db #0xf8	; 248
    000000BD 04                     253 	.db #0x04	; 4
    000000BE F0                     254 	.db #0xf0	; 240
    000000BF 0C                     255 	.db #0x0c	; 12
    000000C0 14                     256 	.db #0x14	; 20
    000000C1 E8                     257 	.db #0xe8	; 232
    000000C2 10                     258 	.db #0x10	; 16
    000000C3 2E                     259 	.db #0x2e	; 46
    000000C4 10                     260 	.db #0x10	; 16
    000000C5 28                     261 	.db #0x28	; 40
    000000C6 00                     262 	.db #0x00	; 0
    000000C7 3C                     263 	.db #0x3c	; 60
    000000C8 00                     264 	.db #0x00	; 0
    000000C9 00                     265 	.db #0x00	; 0
    000000CA 00                     266 	.db #0x00	; 0
    000000CB 00                     267 	.db #0x00	; 0
    000000CC 00                     268 	.db #0x00	; 0
    000000CD 00                     269 	.db #0x00	; 0
    000000CE 00                     270 	.db #0x00	; 0
    000000CF 00                     271 	.db #0x00	; 0
    000000D0 00                     272 	.db #0x00	; 0
    000000D1 10                     273 	.db #0x10	; 16
    000000D2 00                     274 	.db #0x00	; 0
    000000D3 60                     275 	.db #0x60	; 96
    000000D4 00                     276 	.db #0x00	; 0
    000000D5 40                     277 	.db #0x40	; 64
    000000D6 00                     278 	.db #0x00	; 0
    000000D7 60                     279 	.db #0x60	; 96
    000000D8 00                     280 	.db #0x00	; 0
    000000D9 3F                     281 	.db #0x3f	; 63
    000000DA 0F                     282 	.db #0x0f	; 15
    000000DB 30                     283 	.db #0x30	; 48	'0'
    000000DC 1F                     284 	.db #0x1f	; 31
    000000DD 20                     285 	.db #0x20	; 32
    000000DE 0F                     286 	.db #0x0f	; 15
    000000DF 30                     287 	.db #0x30	; 48	'0'
    000000E0 08                     288 	.db #0x08	; 8
    000000E1 37                     289 	.db #0x37	; 55	'7'
    000000E2 28                     290 	.db #0x28	; 40
    000000E3 56                     291 	.db #0x56	; 86	'V'
    000000E4 2C                     292 	.db #0x2c	; 44
    000000E5 52                     293 	.db #0x52	; 82	'R'
    000000E6 00                     294 	.db #0x00	; 0
    000000E7 7E                     295 	.db #0x7e	; 126
    000000E8 00                     296 	.db #0x00	; 0
    000000E9 C6                     297 	.db #0xc6	; 198
    000000EA 00                     298 	.db #0x00	; 0
    000000EB EE                     299 	.db #0xee	; 238
    000000EC 3C                     300 	.db #0x3c	; 60
    000000ED C2                     301 	.db #0xc2	; 194
    000000EE 7C                     302 	.db #0x7c	; 124
    000000EF 96                     303 	.db #0x96	; 150
    000000F0 7E                     304 	.db #0x7e	; 126
    000000F1 81                     305 	.db #0x81	; 129
    000000F2 7A                     306 	.db #0x7a	; 122	'z'
    000000F3 85                     307 	.db #0x85	; 133
    000000F4 3C                     308 	.db #0x3c	; 60
    000000F5 43                     309 	.db #0x43	; 67	'C'
    000000F6 70                     310 	.db #0x70	; 112	'p'
    000000F7 8E                     311 	.db #0x8e	; 142
    000000F8 F8                     312 	.db #0xf8	; 248
    000000F9 04                     313 	.db #0x04	; 4
    000000FA F8                     314 	.db #0xf8	; 248
    000000FB 04                     315 	.db #0x04	; 4
    000000FC F8                     316 	.db #0xf8	; 248
    000000FD 04                     317 	.db #0x04	; 4
    000000FE F0                     318 	.db #0xf0	; 240
    000000FF 0C                     319 	.db #0x0c	; 12
    00000100 10                     320 	.db #0x10	; 16
    00000101 EC                     321 	.db #0xec	; 236
    00000102 24                     322 	.db #0x24	; 36
    00000103 5A                     323 	.db #0x5a	; 90	'Z'
    00000104 24                     324 	.db #0x24	; 36
    00000105 5A                     325 	.db #0x5a	; 90	'Z'
    00000106 00                     326 	.db #0x00	; 0
    00000107 7C                     327 	.db #0x7c	; 124
    00000108 00                     328 	.db #0x00	; 0
    00000109 00                     329 	.db #0x00	; 0
    0000010A 00                     330 	.db #0x00	; 0
    0000010B 00                     331 	.db #0x00	; 0
    0000010C 00                     332 	.db #0x00	; 0
    0000010D 00                     333 	.db #0x00	; 0
    0000010E 00                     334 	.db #0x00	; 0
    0000010F 10                     335 	.db #0x10	; 16
    00000110 00                     336 	.db #0x00	; 0
    00000111 18                     337 	.db #0x18	; 24
    00000112 00                     338 	.db #0x00	; 0
    00000113 08                     339 	.db #0x08	; 8
    00000114 00                     340 	.db #0x00	; 0
    00000115 18                     341 	.db #0x18	; 24
    00000116 00                     342 	.db #0x00	; 0
    00000117 30                     343 	.db #0x30	; 48	'0'
    00000118 00                     344 	.db #0x00	; 0
    00000119 3F                     345 	.db #0x3f	; 63
    0000011A 0F                     346 	.db #0x0f	; 15
    0000011B 10                     347 	.db #0x10	; 16
    0000011C 1F                     348 	.db #0x1f	; 31
    0000011D 20                     349 	.db #0x20	; 32
    0000011E 1F                     350 	.db #0x1f	; 31
    0000011F 20                     351 	.db #0x20	; 32
    00000120 38                     352 	.db #0x38	; 56	'8'
    00000121 47                     353 	.db #0x47	; 71	'G'
    00000122 20                     354 	.db #0x20	; 32
    00000123 5C                     355 	.db #0x5c	; 92
    00000124 30                     356 	.db #0x30	; 48	'0'
    00000125 48                     357 	.db #0x48	; 72	'H'
    00000126 00                     358 	.db #0x00	; 0
    00000127 78                     359 	.db #0x78	; 120	'x'
    00000128 00                     360 	.db #0x00	; 0
    00000129 00                     361 	.db #0x00	; 0
    0000012A 00                     362 	.db #0x00	; 0
    0000012B C6                     363 	.db #0xc6	; 198
    0000012C 00                     364 	.db #0x00	; 0
    0000012D EE                     365 	.db #0xee	; 238
    0000012E 3C                     366 	.db #0x3c	; 60
    0000012F C2                     367 	.db #0xc2	; 194
    00000130 7C                     368 	.db #0x7c	; 124
    00000131 96                     369 	.db #0x96	; 150
    00000132 7E                     370 	.db #0x7e	; 126
    00000133 81                     371 	.db #0x81	; 129
    00000134 7A                     372 	.db #0x7a	; 122	'z'
    00000135 85                     373 	.db #0x85	; 133
    00000136 3C                     374 	.db #0x3c	; 60
    00000137 43                     375 	.db #0x43	; 67	'C'
    00000138 70                     376 	.db #0x70	; 112	'p'
    00000139 8E                     377 	.db #0x8e	; 142
    0000013A F8                     378 	.db #0xf8	; 248
    0000013B 04                     379 	.db #0x04	; 4
    0000013C F8                     380 	.db #0xf8	; 248
    0000013D 04                     381 	.db #0x04	; 4
    0000013E F0                     382 	.db #0xf0	; 240
    0000013F 0C                     383 	.db #0x0c	; 12
    00000140 10                     384 	.db #0x10	; 16
    00000141 EC                     385 	.db #0xec	; 236
    00000142 18                     386 	.db #0x18	; 24
    00000143 64                     387 	.db #0x64	; 100	'd'
    00000144 20                     388 	.db #0x20	; 32
    00000145 5C                     389 	.db #0x5c	; 92
    00000146 00                     390 	.db #0x00	; 0
    00000147 38                     391 	.db #0x38	; 56	'8'
    00000148 00                     392 	.db #0x00	; 0
    00000149 00                     393 	.db #0x00	; 0
    0000014A 00                     394 	.db #0x00	; 0
    0000014B 00                     395 	.db #0x00	; 0
    0000014C 00                     396 	.db #0x00	; 0
    0000014D 00                     397 	.db #0x00	; 0
    0000014E 00                     398 	.db #0x00	; 0
    0000014F 10                     399 	.db #0x10	; 16
    00000150 00                     400 	.db #0x00	; 0
    00000151 18                     401 	.db #0x18	; 24
    00000152 00                     402 	.db #0x00	; 0
    00000153 08                     403 	.db #0x08	; 8
    00000154 00                     404 	.db #0x00	; 0
    00000155 18                     405 	.db #0x18	; 24
    00000156 00                     406 	.db #0x00	; 0
    00000157 30                     407 	.db #0x30	; 48	'0'
    00000158 00                     408 	.db #0x00	; 0
    00000159 3F                     409 	.db #0x3f	; 63
    0000015A 0F                     410 	.db #0x0f	; 15
    0000015B 10                     411 	.db #0x10	; 16
    0000015C 1F                     412 	.db #0x1f	; 31
    0000015D 20                     413 	.db #0x20	; 32
    0000015E 1F                     414 	.db #0x1f	; 31
    0000015F 60                     415 	.db #0x60	; 96
    00000160 38                     416 	.db #0x38	; 56	'8'
    00000161 47                     417 	.db #0x47	; 71	'G'
    00000162 60                     418 	.db #0x60	; 96
    00000163 9D                     419 	.db #0x9d	; 157
    00000164 48                     420 	.db #0x48	; 72	'H'
    00000165 B5                     421 	.db #0xb5	; 181
    00000166 00                     422 	.db #0x00	; 0
    00000167 EC                     423 	.db #0xec	; 236
    00000168 00                     424 	.db #0x00	; 0
    00000169 00                     425 	.db #0x00	; 0
    0000016A 00                     426 	.db #0x00	; 0
    0000016B 00                     427 	.db #0x00	; 0
    0000016C 00                     428 	.db #0x00	; 0
    0000016D 00                     429 	.db #0x00	; 0
    0000016E 00                     430 	.db #0x00	; 0
    0000016F 20                     431 	.db #0x20	; 32
    00000170 00                     432 	.db #0x00	; 0
    00000171 10                     433 	.db #0x10	; 16
    00000172 00                     434 	.db #0x00	; 0
    00000173 20                     435 	.db #0x20	; 32
    00000174 00                     436 	.db #0x00	; 0
    00000175 20                     437 	.db #0x20	; 32
    00000176 00                     438 	.db #0x00	; 0
    00000177 20                     439 	.db #0x20	; 32
    00000178 00                     440 	.db #0x00	; 0
    00000179 3F                     441 	.db #0x3f	; 63
    0000017A 0F                     442 	.db #0x0f	; 15
    0000017B 30                     443 	.db #0x30	; 48	'0'
    0000017C 1F                     444 	.db #0x1f	; 31
    0000017D 20                     445 	.db #0x20	; 32
    0000017E 0F                     446 	.db #0x0f	; 15
    0000017F 30                     447 	.db #0x30	; 48	'0'
    00000180 18                     448 	.db #0x18	; 24
    00000181 27                     449 	.db #0x27	; 39
    00000182 30                     450 	.db #0x30	; 48	'0'
    00000183 4C                     451 	.db #0x4c	; 76	'L'
    00000184 10                     452 	.db #0x10	; 16
    00000185 68                     453 	.db #0x68	; 104	'h'
    00000186 00                     454 	.db #0x00	; 0
    00000187 30                     455 	.db #0x30	; 48	'0'
    00000188 00                     456 	.db #0x00	; 0
    00000189 00                     457 	.db #0x00	; 0
    0000018A 00                     458 	.db #0x00	; 0
    0000018B 00                     459 	.db #0x00	; 0
    0000018C 00                     460 	.db #0x00	; 0
    0000018D 00                     461 	.db #0x00	; 0
    0000018E 00                     462 	.db #0x00	; 0
    0000018F 20                     463 	.db #0x20	; 32
    00000190 00                     464 	.db #0x00	; 0
    00000191 10                     465 	.db #0x10	; 16
    00000192 00                     466 	.db #0x00	; 0
    00000193 20                     467 	.db #0x20	; 32
    00000194 00                     468 	.db #0x00	; 0
    00000195 20                     469 	.db #0x20	; 32
    00000196 00                     470 	.db #0x00	; 0
    00000197 20                     471 	.db #0x20	; 32
    00000198 00                     472 	.db #0x00	; 0
    00000199 3F                     473 	.db #0x3f	; 63
    0000019A 0F                     474 	.db #0x0f	; 15
    0000019B 30                     475 	.db #0x30	; 48	'0'
    0000019C 1F                     476 	.db #0x1f	; 31
    0000019D 20                     477 	.db #0x20	; 32
    0000019E 0F                     478 	.db #0x0f	; 15
    0000019F 30                     479 	.db #0x30	; 48	'0'
    000001A0 18                     480 	.db #0x18	; 24
    000001A1 07                     481 	.db #0x07	; 7
    000001A2 10                     482 	.db #0x10	; 16
    000001A3 28                     483 	.db #0x28	; 40
    000001A4 18                     484 	.db #0x18	; 24
    000001A5 64                     485 	.db #0x64	; 100	'd'
    000001A6 00                     486 	.db #0x00	; 0
    000001A7 7C                     487 	.db #0x7c	; 124
    000001A8 00                     488 	.db #0x00	; 0
    000001A9 00                     489 	.db #0x00	; 0
    000001AA 00                     490 	.db #0x00	; 0
    000001AB 00                     491 	.db #0x00	; 0
    000001AC 00                     492 	.db #0x00	; 0
    000001AD 00                     493 	.db #0x00	; 0
    000001AE 00                     494 	.db #0x00	; 0
    000001AF 00                     495 	.db #0x00	; 0
    000001B0 00                     496 	.db #0x00	; 0
    000001B1 10                     497 	.db #0x10	; 16
    000001B2 00                     498 	.db #0x00	; 0
    000001B3 30                     499 	.db #0x30	; 48	'0'
    000001B4 00                     500 	.db #0x00	; 0
    000001B5 40                     501 	.db #0x40	; 64
    000001B6 00                     502 	.db #0x00	; 0
    000001B7 40                     503 	.db #0x40	; 64
    000001B8 00                     504 	.db #0x00	; 0
    000001B9 5F                     505 	.db #0x5f	; 95
    000001BA 0F                     506 	.db #0x0f	; 15
    000001BB 70                     507 	.db #0x70	; 112	'p'
    000001BC 1F                     508 	.db #0x1f	; 31
    000001BD 20                     509 	.db #0x20	; 32
    000001BE 0F                     510 	.db #0x0f	; 15
    000001BF 30                     511 	.db #0x30	; 48	'0'
    000001C0 08                     512 	.db #0x08	; 8
    000001C1 37                     513 	.db #0x37	; 55	'7'
    000001C2 28                     514 	.db #0x28	; 40
    000001C3 56                     515 	.db #0x56	; 86	'V'
    000001C4 2C                     516 	.db #0x2c	; 44
    000001C5 52                     517 	.db #0x52	; 82	'R'
    000001C6 00                     518 	.db #0x00	; 0
    000001C7 7E                     519 	.db #0x7e	; 126
    000001C8 00                     520 	.db #0x00	; 0
    000001C9 00                     521 	.db #0x00	; 0
    000001CA 00                     522 	.db #0x00	; 0
    000001CB 00                     523 	.db #0x00	; 0
    000001CC 00                     524 	.db #0x00	; 0
    000001CD 00                     525 	.db #0x00	; 0
    000001CE 00                     526 	.db #0x00	; 0
    000001CF 00                     527 	.db #0x00	; 0
    000001D0 00                     528 	.db #0x00	; 0
    000001D1 10                     529 	.db #0x10	; 16
    000001D2 00                     530 	.db #0x00	; 0
    000001D3 30                     531 	.db #0x30	; 48	'0'
    000001D4 00                     532 	.db #0x00	; 0
    000001D5 40                     533 	.db #0x40	; 64
    000001D6 00                     534 	.db #0x00	; 0
    000001D7 40                     535 	.db #0x40	; 64
    000001D8 00                     536 	.db #0x00	; 0
    000001D9 5F                     537 	.db #0x5f	; 95
    000001DA 0F                     538 	.db #0x0f	; 15
    000001DB 70                     539 	.db #0x70	; 112	'p'
    000001DC 1F                     540 	.db #0x1f	; 31
    000001DD 20                     541 	.db #0x20	; 32
    000001DE 1F                     542 	.db #0x1f	; 31
    000001DF 20                     543 	.db #0x20	; 32
    000001E0 38                     544 	.db #0x38	; 56	'8'
    000001E1 47                     545 	.db #0x47	; 71	'G'
    000001E2 20                     546 	.db #0x20	; 32
    000001E3 5C                     547 	.db #0x5c	; 92
    000001E4 30                     548 	.db #0x30	; 48	'0'
    000001E5 48                     549 	.db #0x48	; 72	'H'
    000001E6 00                     550 	.db #0x00	; 0
    000001E7 78                     551 	.db #0x78	; 120	'x'
    000001E8                        552 _WalkingGorb_metasprite0:
    000001E8 F8                     553 	.db #0xf8	; -8
    000001E9 F8                     554 	.db #0xf8	; -8
    000001EA 00                     555 	.db #0x00	; 0
    000001EB 00                     556 	.db #0x00	; 0
    000001EC 00                     557 	.db #0x00	;  0
    000001ED 08                     558 	.db #0x08	;  8
    000001EE 02                     559 	.db #0x02	; 2
    000001EF 00                     560 	.db #0x00	; 0
    000001F0 80                     561 	.db #0x80	; -128
    000001F1 00                     562 	.db #0x00	;  0
    000001F2 00                     563 	.db #0x00	; 0
    000001F3 00                     564 	.db #0x00	; 0
    000001F4                        565 _WalkingGorb_metasprite1:
    000001F4 F8                     566 	.db #0xf8	; -8
    000001F5 F8                     567 	.db #0xf8	; -8
    000001F6 04                     568 	.db #0x04	; 4
    000001F7 00                     569 	.db #0x00	; 0
    000001F8 00                     570 	.db #0x00	;  0
    000001F9 08                     571 	.db #0x08	;  8
    000001FA 06                     572 	.db #0x06	; 6
    000001FB 00                     573 	.db #0x00	; 0
    000001FC 80                     574 	.db #0x80	; -128
    000001FD 00                     575 	.db #0x00	;  0
    000001FE 00                     576 	.db #0x00	; 0
    000001FF 00                     577 	.db #0x00	; 0
    00000200                        578 _WalkingGorb_metasprite2:
    00000200 F8                     579 	.db #0xf8	; -8
    00000201 F8                     580 	.db #0xf8	; -8
    00000202 08                     581 	.db #0x08	; 8
    00000203 00                     582 	.db #0x00	; 0
    00000204 00                     583 	.db #0x00	;  0
    00000205 08                     584 	.db #0x08	;  8
    00000206 0A                     585 	.db #0x0a	; 10
    00000207 00                     586 	.db #0x00	; 0
    00000208 80                     587 	.db #0x80	; -128
    00000209 00                     588 	.db #0x00	;  0
    0000020A 00                     589 	.db #0x00	; 0
    0000020B 00                     590 	.db #0x00	; 0
    0000020C                        591 _WalkingGorb_metasprite3:
    0000020C F8                     592 	.db #0xf8	; -8
    0000020D F8                     593 	.db #0xf8	; -8
    0000020E 0C                     594 	.db #0x0c	; 12
    0000020F 00                     595 	.db #0x00	; 0
    00000210 00                     596 	.db #0x00	;  0
    00000211 08                     597 	.db #0x08	;  8
    00000212 0E                     598 	.db #0x0e	; 14
    00000213 00                     599 	.db #0x00	; 0
    00000214 80                     600 	.db #0x80	; -128
    00000215 00                     601 	.db #0x00	;  0
    00000216 00                     602 	.db #0x00	; 0
    00000217 00                     603 	.db #0x00	; 0
    00000218                        604 _WalkingGorb_metasprite4:
    00000218 F8                     605 	.db #0xf8	; -8
    00000219 F8                     606 	.db #0xf8	; -8
    0000021A 10                     607 	.db #0x10	; 16
    0000021B 00                     608 	.db #0x00	; 0
    0000021C 00                     609 	.db #0x00	;  0
    0000021D 08                     610 	.db #0x08	;  8
    0000021E 12                     611 	.db #0x12	; 18
    0000021F 00                     612 	.db #0x00	; 0
    00000220 80                     613 	.db #0x80	; -128
    00000221 00                     614 	.db #0x00	;  0
    00000222 00                     615 	.db #0x00	; 0
    00000223 00                     616 	.db #0x00	; 0
    00000224                        617 _WalkingGorb_metasprite5:
    00000224 F8                     618 	.db #0xf8	; -8
    00000225 F8                     619 	.db #0xf8	; -8
    00000226 14                     620 	.db #0x14	; 20
    00000227 00                     621 	.db #0x00	; 0
    00000228 00                     622 	.db #0x00	;  0
    00000229 08                     623 	.db #0x08	;  8
    0000022A 02                     624 	.db #0x02	; 2
    0000022B 00                     625 	.db #0x00	; 0
    0000022C 80                     626 	.db #0x80	; -128
    0000022D 00                     627 	.db #0x00	;  0
    0000022E 00                     628 	.db #0x00	; 0
    0000022F 00                     629 	.db #0x00	; 0
    00000230                        630 _WalkingGorb_metasprite6:
    00000230 F8                     631 	.db #0xf8	; -8
    00000231 F8                     632 	.db #0xf8	; -8
    00000232 16                     633 	.db #0x16	; 22
    00000233 00                     634 	.db #0x00	; 0
    00000234 00                     635 	.db #0x00	;  0
    00000235 08                     636 	.db #0x08	;  8
    00000236 06                     637 	.db #0x06	; 6
    00000237 00                     638 	.db #0x00	; 0
    00000238 80                     639 	.db #0x80	; -128
    00000239 00                     640 	.db #0x00	;  0
    0000023A 00                     641 	.db #0x00	; 0
    0000023B 00                     642 	.db #0x00	; 0
    0000023C                        643 _WalkingGorb_metasprite7:
    0000023C F8                     644 	.db #0xf8	; -8
    0000023D F8                     645 	.db #0xf8	; -8
    0000023E 18                     646 	.db #0x18	; 24
    0000023F 00                     647 	.db #0x00	; 0
    00000240 00                     648 	.db #0x00	;  0
    00000241 08                     649 	.db #0x08	;  8
    00000242 0A                     650 	.db #0x0a	; 10
    00000243 00                     651 	.db #0x00	; 0
    00000244 80                     652 	.db #0x80	; -128
    00000245 00                     653 	.db #0x00	;  0
    00000246 00                     654 	.db #0x00	; 0
    00000247 00                     655 	.db #0x00	; 0
    00000248                        656 _WalkingGorb_metasprite8:
    00000248 F8                     657 	.db #0xf8	; -8
    00000249 F8                     658 	.db #0xf8	; -8
    0000024A 1A                     659 	.db #0x1a	; 26
    0000024B 00                     660 	.db #0x00	; 0
    0000024C 00                     661 	.db #0x00	;  0
    0000024D 08                     662 	.db #0x08	;  8
    0000024E 0E                     663 	.db #0x0e	; 14
    0000024F 00                     664 	.db #0x00	; 0
    00000250 80                     665 	.db #0x80	; -128
    00000251 00                     666 	.db #0x00	;  0
    00000252 00                     667 	.db #0x00	; 0
    00000253 00                     668 	.db #0x00	; 0
    00000254                        669 _WalkingGorb_metasprite9:
    00000254 F8                     670 	.db #0xf8	; -8
    00000255 F8                     671 	.db #0xf8	; -8
    00000256 1C                     672 	.db #0x1c	; 28
    00000257 00                     673 	.db #0x00	; 0
    00000258 00                     674 	.db #0x00	;  0
    00000259 08                     675 	.db #0x08	;  8
    0000025A 12                     676 	.db #0x12	; 18
    0000025B 00                     677 	.db #0x00	; 0
    0000025C 80                     678 	.db #0x80	; -128
    0000025D 00                     679 	.db #0x00	;  0
    0000025E 00                     680 	.db #0x00	; 0
    0000025F 00                     681 	.db #0x00	; 0
    00000260                        682 _WalkingGorb_metasprites:
    00000260rE8r01                  683 	.dw _WalkingGorb_metasprite0
    00000262rF4r01                  684 	.dw _WalkingGorb_metasprite1
    00000264r00r02                  685 	.dw _WalkingGorb_metasprite2
    00000266r0Cr02                  686 	.dw _WalkingGorb_metasprite3
    00000268r18r02                  687 	.dw _WalkingGorb_metasprite4
    0000026Ar24r02                  688 	.dw _WalkingGorb_metasprite5
    0000026Cr30r02                  689 	.dw _WalkingGorb_metasprite6
    0000026Er3Cr02                  690 	.dw _WalkingGorb_metasprite7
    00000270r48r02                  691 	.dw _WalkingGorb_metasprite8
    00000272r54r02                  692 	.dw _WalkingGorb_metasprite9
                                    693 	.area _INITIALIZER
                                    694 	.area _CABS (ABS)
