                                      1 ;--------------------------------------------------------
                                      2 ; File Created by SDCC : free open source ISO C Compiler
                                      3 ; Version 4.5.1 #15267 (Mac OS X ppc)
                                      4 ;--------------------------------------------------------
                                      5 	.module srcfile_3
                                      6 	
                                      7 ;--------------------------------------------------------
                                      8 ; Public variables in this module
                                      9 ;--------------------------------------------------------
                                     10 	.globl b_func_3
                                     11 	.globl _func_3
                                     12 	.globl b___func_func_3
                                     13 	.globl ___func_func_3
                                     14 	.globl b___func_some_const_var_3
                                     15 	.globl ___func_some_const_var_3
                                     16 	.globl _printf
                                     17 	.globl _some_const_var_3
                                     18 ;--------------------------------------------------------
                                     19 ; special function registers
                                     20 ;--------------------------------------------------------
                         00000000    21 _GG_STATE	=	0x0000
                         00000001    22 _GG_EXT_7BIT	=	0x0001
                         00000002    23 _GG_EXT_CTL	=	0x0002
                         00000003    24 _GG_SIO_SEND	=	0x0003
                         00000004    25 _GG_SIO_RECV	=	0x0004
                         00000005    26 _GG_SIO_CTL	=	0x0005
                         00000006    27 _GG_SOUND_PAN	=	0x0006
                         0000003E    28 _MEMORY_CTL	=	0x003e
                         0000003F    29 _JOY_CTL	=	0x003f
                         0000007E    30 _VCOUNTER	=	0x007e
                         0000007F    31 _PSG	=	0x007f
                         0000007F    32 _HCOUNTER	=	0x007f
                         000000BE    33 _VDP_DATA	=	0x00be
                         000000BF    34 _VDP_CMD	=	0x00bf
                         000000BF    35 _VDP_STATUS	=	0x00bf
                         000000DC    36 _JOY_PORT1	=	0x00dc
                         000000DD    37 _JOY_PORT2	=	0x00dd
                         000000F0    38 _FMADDRESS	=	0x00f0
                         000000F1    39 _FMDATA	=	0x00f1
                         000000F2    40 _AUDIOCTRL	=	0x00f2
                                     41 ;--------------------------------------------------------
                                     42 ; ram data
                                     43 ;--------------------------------------------------------
                                     44 	.area _DATA
                         0000FFFC    45 _RAM_CONTROL	=	0xfffc
                         0000FFF8    46 _GLASSES_3D	=	0xfff8
                         0000FFFD    47 _MAP_FRAME0	=	0xfffd
                         0000FFFE    48 _MAP_FRAME1	=	0xfffe
                         0000FFFF    49 _MAP_FRAME2	=	0xffff
                                     50 ;--------------------------------------------------------
                                     51 ; ram data
                                     52 ;--------------------------------------------------------
                                     53 	.area _INITIALIZED
                                     54 ;--------------------------------------------------------
                                     55 ; absolute external ram data
                                     56 ;--------------------------------------------------------
                                     57 	.area _DABS (ABS)
                                     58 ;--------------------------------------------------------
                                     59 ; global & static initialisations
                                     60 ;--------------------------------------------------------
                                     61 	.area _HOME
                                     62 	.area _GSINIT
                                     63 	.area _GSFINAL
                                     64 	.area _GSINIT
                                     65 ;--------------------------------------------------------
                                     66 ; Home
                                     67 ;--------------------------------------------------------
                                     68 	.area _HOME
                                     69 	.area _HOME
                                     70 ;--------------------------------------------------------
                                     71 ; code
                                     72 ;--------------------------------------------------------
                                     73 	.area _CODE_255
                                     74 ;src/srcfile_3.c:8: BANKREF(some_const_var_3)
                                     75 ;	---------------------------------
                                     76 ; Function __func_some_const_var_3
                                     77 ; ---------------------------------
                         000000FF    78 	b___func_some_const_var_3	= 255
    00000000                         79 ___func_some_const_var_3::
                                     80 	.local b___func_some_const_var_3 
                         000000FF    81 	___bank_some_const_var_3 = b___func_some_const_var_3 
                                     82 	.globl ___bank_some_const_var_3 
                                     83 ;src/srcfile_3.c:12: BANKREF(func_3)
                                     84 ;	---------------------------------
                                     85 ; Function __func_func_3
                                     86 ; ---------------------------------
                         000000FF    87 	b___func_func_3	= 255
    00000000                         88 ___func_func_3::
                                     89 	.local b___func_func_3 
                         000000FF    90 	___bank_func_3 = b___func_func_3 
                                     91 	.globl ___bank_func_3 
                                     92 ;src/srcfile_3.c:13: void func_3(void) BANKED
                                     93 ;	---------------------------------
                                     94 ; Function func_3
                                     95 ; ---------------------------------
                         000000FF    96 	b_func_3	= 255
    00000000                         97 _func_3::
                                     98 ;src/srcfile_3.c:15: printf("Func3 in ROM bank %u\n", CURRENT_BANK);
    00000000 3A FE FF         [13]   99 	ld	a, (_MAP_FRAME1)
    00000003 4F               [ 4]  100 	ld	c, a
    00000004 06 00            [ 7]  101 	ld	b, #0x00
    00000006 C5               [11]  102 	push	bc
    00000007 21r12r00         [10]  103 	ld	hl, #___str_0
    0000000A E5               [11]  104 	push	hl
    0000000B CDr00r00         [17]  105 	call	_printf
    0000000E F1               [10]  106 	pop	af
    0000000F F1               [10]  107 	pop	af
                                    108 ;src/srcfile_3.c:16: }
    00000010 C9               [10]  109 	ret
    00000011                        110 _some_const_var_3:
    00000011 03                     111 	.db #0x03	; 3
    00000012                        112 ___str_0:
    00000012 46 75 6E 63 33 20 69   113 	.ascii "Func3 in ROM bank %u"
             6E 20 52 4F 4D 20 62
             61 6E 6B 20 25 75
    00000026 0A                     114 	.db 0x0a
    00000027 00                     115 	.db 0x00
                                    116 	.area _CODE_255
    00000028                        117 _local_const_3:
    00000028 01                     118 	.db #0x01	; 1
    00000029 01                     119 	.db #0x01	; 1
    0000002A 01                     120 	.db #0x01	; 1
    0000002B 01                     121 	.db #0x01	; 1
    0000002C 01                     122 	.db #0x01	; 1
    0000002D 01                     123 	.db #0x01	; 1
    0000002E 01                     124 	.db #0x01	; 1
    0000002F 01                     125 	.db #0x01	; 1
    00000030 01                     126 	.db #0x01	; 1
    00000031 01                     127 	.db #0x01	; 1
    00000032 01                     128 	.db #0x01	; 1
    00000033 01                     129 	.db #0x01	; 1
    00000034 01                     130 	.db #0x01	; 1
    00000035 01                     131 	.db #0x01	; 1
    00000036 01                     132 	.db #0x01	; 1
    00000037 01                     133 	.db #0x01	; 1
    00000038 01                     134 	.db #0x01	; 1
    00000039 01                     135 	.db #0x01	; 1
    0000003A 01                     136 	.db #0x01	; 1
    0000003B 01                     137 	.db #0x01	; 1
    0000003C 01                     138 	.db #0x01	; 1
    0000003D 01                     139 	.db #0x01	; 1
    0000003E 01                     140 	.db #0x01	; 1
    0000003F 01                     141 	.db #0x01	; 1
    00000040 01                     142 	.db #0x01	; 1
    00000041 01                     143 	.db #0x01	; 1
    00000042 01                     144 	.db #0x01	; 1
    00000043 01                     145 	.db #0x01	; 1
    00000044 01                     146 	.db #0x01	; 1
    00000045 01                     147 	.db #0x01	; 1
    00000046 01                     148 	.db #0x01	; 1
    00000047 01                     149 	.db #0x01	; 1
    00000048 01                     150 	.db #0x01	; 1
    00000049 01                     151 	.db #0x01	; 1
    0000004A 01                     152 	.db #0x01	; 1
    0000004B 01                     153 	.db #0x01	; 1
    0000004C 01                     154 	.db #0x01	; 1
    0000004D 01                     155 	.db #0x01	; 1
    0000004E 01                     156 	.db #0x01	; 1
    0000004F 01                     157 	.db #0x01	; 1
    00000050 01                     158 	.db #0x01	; 1
    00000051 01                     159 	.db #0x01	; 1
    00000052 01                     160 	.db #0x01	; 1
    00000053 01                     161 	.db #0x01	; 1
    00000054 01                     162 	.db #0x01	; 1
    00000055 01                     163 	.db #0x01	; 1
    00000056 01                     164 	.db #0x01	; 1
    00000057 01                     165 	.db #0x01	; 1
    00000058 01                     166 	.db #0x01	; 1
    00000059 01                     167 	.db #0x01	; 1
    0000005A 01                     168 	.db #0x01	; 1
    0000005B 01                     169 	.db #0x01	; 1
    0000005C 01                     170 	.db #0x01	; 1
    0000005D 01                     171 	.db #0x01	; 1
    0000005E 01                     172 	.db #0x01	; 1
    0000005F 01                     173 	.db #0x01	; 1
    00000060 01                     174 	.db #0x01	; 1
    00000061 01                     175 	.db #0x01	; 1
    00000062 01                     176 	.db #0x01	; 1
    00000063 01                     177 	.db #0x01	; 1
    00000064 01                     178 	.db #0x01	; 1
    00000065 01                     179 	.db #0x01	; 1
    00000066 01                     180 	.db #0x01	; 1
    00000067 01                     181 	.db #0x01	; 1
    00000068 01                     182 	.db #0x01	; 1
    00000069 01                     183 	.db #0x01	; 1
    0000006A 01                     184 	.db #0x01	; 1
    0000006B 01                     185 	.db #0x01	; 1
    0000006C 01                     186 	.db #0x01	; 1
    0000006D 01                     187 	.db #0x01	; 1
    0000006E 01                     188 	.db #0x01	; 1
    0000006F 01                     189 	.db #0x01	; 1
    00000070 01                     190 	.db #0x01	; 1
    00000071 01                     191 	.db #0x01	; 1
    00000072 01                     192 	.db #0x01	; 1
    00000073 01                     193 	.db #0x01	; 1
    00000074 01                     194 	.db #0x01	; 1
    00000075 01                     195 	.db #0x01	; 1
    00000076 01                     196 	.db #0x01	; 1
    00000077 01                     197 	.db #0x01	; 1
    00000078 01                     198 	.db #0x01	; 1
    00000079 01                     199 	.db #0x01	; 1
    0000007A 01                     200 	.db #0x01	; 1
    0000007B 01                     201 	.db #0x01	; 1
    0000007C 01                     202 	.db #0x01	; 1
    0000007D 01                     203 	.db #0x01	; 1
    0000007E 01                     204 	.db #0x01	; 1
    0000007F 01                     205 	.db #0x01	; 1
    00000080 01                     206 	.db #0x01	; 1
    00000081 01                     207 	.db #0x01	; 1
    00000082 01                     208 	.db #0x01	; 1
    00000083 01                     209 	.db #0x01	; 1
    00000084 01                     210 	.db #0x01	; 1
    00000085 01                     211 	.db #0x01	; 1
    00000086 01                     212 	.db #0x01	; 1
    00000087 01                     213 	.db #0x01	; 1
    00000088 01                     214 	.db #0x01	; 1
    00000089 01                     215 	.db #0x01	; 1
    0000008A 01                     216 	.db #0x01	; 1
    0000008B 01                     217 	.db #0x01	; 1
    0000008C 01                     218 	.db #0x01	; 1
    0000008D 01                     219 	.db #0x01	; 1
    0000008E 01                     220 	.db #0x01	; 1
    0000008F 01                     221 	.db #0x01	; 1
    00000090 01                     222 	.db #0x01	; 1
    00000091 01                     223 	.db #0x01	; 1
    00000092 01                     224 	.db #0x01	; 1
    00000093 01                     225 	.db #0x01	; 1
    00000094 01                     226 	.db #0x01	; 1
    00000095 01                     227 	.db #0x01	; 1
    00000096 01                     228 	.db #0x01	; 1
    00000097 01                     229 	.db #0x01	; 1
    00000098 01                     230 	.db #0x01	; 1
    00000099 01                     231 	.db #0x01	; 1
    0000009A 01                     232 	.db #0x01	; 1
    0000009B 01                     233 	.db #0x01	; 1
    0000009C 01                     234 	.db #0x01	; 1
    0000009D 01                     235 	.db #0x01	; 1
    0000009E 01                     236 	.db #0x01	; 1
    0000009F 01                     237 	.db #0x01	; 1
    000000A0 01                     238 	.db #0x01	; 1
    000000A1 01                     239 	.db #0x01	; 1
    000000A2 01                     240 	.db #0x01	; 1
    000000A3 01                     241 	.db #0x01	; 1
    000000A4 01                     242 	.db #0x01	; 1
    000000A5 01                     243 	.db #0x01	; 1
    000000A6 01                     244 	.db #0x01	; 1
    000000A7 01                     245 	.db #0x01	; 1
    000000A8 01                     246 	.db #0x01	; 1
    000000A9 01                     247 	.db #0x01	; 1
    000000AA 01                     248 	.db #0x01	; 1
    000000AB 01                     249 	.db #0x01	; 1
    000000AC 01                     250 	.db #0x01	; 1
    000000AD 01                     251 	.db #0x01	; 1
    000000AE 01                     252 	.db #0x01	; 1
    000000AF 01                     253 	.db #0x01	; 1
    000000B0 01                     254 	.db #0x01	; 1
    000000B1 01                     255 	.db #0x01	; 1
    000000B2 01                     256 	.db #0x01	; 1
    000000B3 01                     257 	.db #0x01	; 1
    000000B4 01                     258 	.db #0x01	; 1
    000000B5 01                     259 	.db #0x01	; 1
    000000B6 01                     260 	.db #0x01	; 1
    000000B7 01                     261 	.db #0x01	; 1
    000000B8 01                     262 	.db #0x01	; 1
    000000B9 01                     263 	.db #0x01	; 1
    000000BA 01                     264 	.db #0x01	; 1
    000000BB 01                     265 	.db #0x01	; 1
    000000BC 01                     266 	.db #0x01	; 1
    000000BD 01                     267 	.db #0x01	; 1
    000000BE 01                     268 	.db #0x01	; 1
    000000BF 01                     269 	.db #0x01	; 1
    000000C0 01                     270 	.db #0x01	; 1
    000000C1 01                     271 	.db #0x01	; 1
    000000C2 01                     272 	.db #0x01	; 1
    000000C3 01                     273 	.db #0x01	; 1
    000000C4 01                     274 	.db #0x01	; 1
    000000C5 01                     275 	.db #0x01	; 1
    000000C6 01                     276 	.db #0x01	; 1
    000000C7 01                     277 	.db #0x01	; 1
    000000C8 01                     278 	.db #0x01	; 1
    000000C9 01                     279 	.db #0x01	; 1
    000000CA 01                     280 	.db #0x01	; 1
    000000CB 01                     281 	.db #0x01	; 1
    000000CC 01                     282 	.db #0x01	; 1
    000000CD 01                     283 	.db #0x01	; 1
    000000CE 01                     284 	.db #0x01	; 1
    000000CF 01                     285 	.db #0x01	; 1
    000000D0 01                     286 	.db #0x01	; 1
    000000D1 01                     287 	.db #0x01	; 1
    000000D2 01                     288 	.db #0x01	; 1
    000000D3 01                     289 	.db #0x01	; 1
    000000D4 01                     290 	.db #0x01	; 1
    000000D5 01                     291 	.db #0x01	; 1
    000000D6 01                     292 	.db #0x01	; 1
    000000D7 01                     293 	.db #0x01	; 1
    000000D8 01                     294 	.db #0x01	; 1
    000000D9 01                     295 	.db #0x01	; 1
    000000DA 01                     296 	.db #0x01	; 1
    000000DB 01                     297 	.db #0x01	; 1
    000000DC 01                     298 	.db #0x01	; 1
    000000DD 01                     299 	.db #0x01	; 1
    000000DE 01                     300 	.db #0x01	; 1
    000000DF 01                     301 	.db #0x01	; 1
    000000E0 01                     302 	.db #0x01	; 1
    000000E1 01                     303 	.db #0x01	; 1
    000000E2 01                     304 	.db #0x01	; 1
    000000E3 01                     305 	.db #0x01	; 1
    000000E4 01                     306 	.db #0x01	; 1
    000000E5 01                     307 	.db #0x01	; 1
    000000E6 01                     308 	.db #0x01	; 1
    000000E7 01                     309 	.db #0x01	; 1
    000000E8 01                     310 	.db #0x01	; 1
    000000E9 01                     311 	.db #0x01	; 1
    000000EA 01                     312 	.db #0x01	; 1
    000000EB 01                     313 	.db #0x01	; 1
    000000EC 01                     314 	.db #0x01	; 1
    000000ED 01                     315 	.db #0x01	; 1
    000000EE 01                     316 	.db #0x01	; 1
    000000EF 01                     317 	.db #0x01	; 1
    000000F0 01                     318 	.db #0x01	; 1
    000000F1 01                     319 	.db #0x01	; 1
    000000F2 01                     320 	.db #0x01	; 1
    000000F3 01                     321 	.db #0x01	; 1
    000000F4 01                     322 	.db #0x01	; 1
    000000F5 01                     323 	.db #0x01	; 1
    000000F6 01                     324 	.db #0x01	; 1
    000000F7 01                     325 	.db #0x01	; 1
    000000F8 01                     326 	.db #0x01	; 1
    000000F9 01                     327 	.db #0x01	; 1
    000000FA 01                     328 	.db #0x01	; 1
    000000FB 01                     329 	.db #0x01	; 1
    000000FC 01                     330 	.db #0x01	; 1
    000000FD 01                     331 	.db #0x01	; 1
    000000FE 01                     332 	.db #0x01	; 1
    000000FF 01                     333 	.db #0x01	; 1
    00000100 01                     334 	.db #0x01	; 1
    00000101 01                     335 	.db #0x01	; 1
    00000102 01                     336 	.db #0x01	; 1
    00000103 01                     337 	.db #0x01	; 1
    00000104 01                     338 	.db #0x01	; 1
    00000105 01                     339 	.db #0x01	; 1
    00000106 01                     340 	.db #0x01	; 1
    00000107 01                     341 	.db #0x01	; 1
    00000108 01                     342 	.db #0x01	; 1
    00000109 01                     343 	.db #0x01	; 1
    0000010A 01                     344 	.db #0x01	; 1
    0000010B 01                     345 	.db #0x01	; 1
    0000010C 01                     346 	.db #0x01	; 1
    0000010D 01                     347 	.db #0x01	; 1
    0000010E 01                     348 	.db #0x01	; 1
    0000010F 01                     349 	.db #0x01	; 1
    00000110 01                     350 	.db #0x01	; 1
    00000111 01                     351 	.db #0x01	; 1
    00000112 01                     352 	.db #0x01	; 1
    00000113 01                     353 	.db #0x01	; 1
    00000114 01                     354 	.db #0x01	; 1
    00000115 01                     355 	.db #0x01	; 1
    00000116 01                     356 	.db #0x01	; 1
    00000117 01                     357 	.db #0x01	; 1
    00000118 01                     358 	.db #0x01	; 1
    00000119 01                     359 	.db #0x01	; 1
    0000011A 01                     360 	.db #0x01	; 1
    0000011B 01                     361 	.db #0x01	; 1
    0000011C 01                     362 	.db #0x01	; 1
    0000011D 01                     363 	.db #0x01	; 1
    0000011E 01                     364 	.db #0x01	; 1
    0000011F 01                     365 	.db #0x01	; 1
    00000120 01                     366 	.db #0x01	; 1
    00000121 01                     367 	.db #0x01	; 1
    00000122 01                     368 	.db #0x01	; 1
    00000123 01                     369 	.db #0x01	; 1
    00000124 01                     370 	.db #0x01	; 1
    00000125 01                     371 	.db #0x01	; 1
    00000126 01                     372 	.db #0x01	; 1
    00000127 01                     373 	.db #0x01	; 1
                                    374 	.area _INITIALIZER
                                    375 	.area _CABS (ABS)
