                                      1 ;--------------------------------------------------------
                                      2 ; File Created by SDCC : free open source ISO C Compiler
                                      3 ; Version 4.5.1 #15267 (Mac OS X ppc)
                                      4 ;--------------------------------------------------------
                                      5 	.module libc_memcpy
                                      6 	
                                      7 ;--------------------------------------------------------
                                      8 ; Public variables in this module
                                      9 ;--------------------------------------------------------
                                     10 	.globl _main
                                     11 	.globl _benchmark_memcpy
                                     12 	.globl _font_set
                                     13 	.globl _font_load
                                     14 	.globl _font_init
                                     15 	.globl _memset
                                     16 	.globl _memmove
                                     17 	.globl _memcpy
                                     18 	.globl _puts
                                     19 	.globl _printf
                                     20 	.globl _memcpy_dst
                                     21 	.globl _memcpy_src
                                     22 ;--------------------------------------------------------
                                     23 ; special function registers
                                     24 ;--------------------------------------------------------
                                     25 ;--------------------------------------------------------
                                     26 ; ram data
                                     27 ;--------------------------------------------------------
                                     28 	.area _DATA
    00000000                         29 _memcpy_dst::
    00000000                         30 	.ds 300
                                     31 ;--------------------------------------------------------
                                     32 ; ram data
                                     33 ;--------------------------------------------------------
                                     34 	.area _INITIALIZED
                                     35 ;--------------------------------------------------------
                                     36 ; absolute external ram data
                                     37 ;--------------------------------------------------------
                                     38 	.area _DABS (ABS)
                                     39 ;--------------------------------------------------------
                                     40 ; global & static initialisations
                                     41 ;--------------------------------------------------------
                                     42 	.area _HOME
                                     43 	.area _GSINIT
                                     44 	.area _GSFINAL
                                     45 	.area _GSINIT
                                     46 ;--------------------------------------------------------
                                     47 ; Home
                                     48 ;--------------------------------------------------------
                                     49 	.area _HOME
                                     50 	.area _HOME
                                     51 ;--------------------------------------------------------
                                     52 ; code
                                     53 ;--------------------------------------------------------
                                     54 	.area _CODE
                                     55 ;src/libc_memcpy.c:16: int benchmark_memcpy(int num, int size)
                                     56 ;	---------------------------------
                                     57 ; Function benchmark_memcpy
                                     58 ; ---------------------------------
    00000000                         59 _benchmark_memcpy::
    00000000 E8 F8            [16]   60 	add	sp, #-8
    00000002 F8 04            [12]   61 	ldhl	sp,	#4
    00000004 7B               [ 4]   62 	ld	a, e
    00000005 22               [ 8]   63 	ld	(hl+), a
    00000006 72               [ 8]   64 	ld	(hl), d
    00000007 F8 02            [12]   65 	ldhl	sp,	#2
    00000009 79               [ 4]   66 	ld	a, c
    0000000A 22               [ 8]   67 	ld	(hl+), a
    0000000B 70               [ 8]   68 	ld	(hl), b
                                     69 ;src/libc_memcpy.c:19: uint16_t start_time = sys_time;
    0000000C FAr00r00         [16]   70 	ld	a, (#_sys_time)
    0000000F F8 00            [12]   71 	ldhl	sp,	#0
    00000011 77               [ 8]   72 	ld	(hl), a
    00000012 FAr01r00         [16]   73 	ld	a, (#_sys_time + 1)
    00000015 F8 01            [12]   74 	ldhl	sp,	#1
    00000017 77               [ 8]   75 	ld	(hl), a
                                     76 ;src/libc_memcpy.c:20: for(i = 0; i < num; i++)
    00000018 AF               [ 4]   77 	xor	a, a
    00000019 F8 06            [12]   78 	ldhl	sp,	#6
    0000001B 22               [ 8]   79 	ld	(hl+), a
    0000001C 77               [ 8]   80 	ld	(hl), a
    0000001D                         81 00103$:
    0000001D F8 06            [12]   82 	ldhl	sp,	#6
    0000001F 5D               [ 4]   83 	ld	e, l
    00000020 54               [ 4]   84 	ld	d, h
    00000021 F8 04            [12]   85 	ldhl	sp,	#4
    00000023 1A               [ 8]   86 	ld	a, (de)
    00000024 13               [ 8]   87 	inc	de
    00000025 96               [ 8]   88 	sub	a, (hl)
    00000026 23               [ 8]   89 	inc	hl
    00000027 1A               [ 8]   90 	ld	a, (de)
    00000028 9E               [ 8]   91 	sbc	a, (hl)
    00000029 1A               [ 8]   92 	ld	a, (de)
    0000002A 57               [ 4]   93 	ld	d, a
    0000002B CB 7E            [12]   94 	bit	7, (hl)
    0000002D 28 07            [12]   95 	jr	Z, 00122$
    0000002F CB 7A            [ 8]   96 	bit	7, d
    00000031 20 08            [12]   97 	jr	NZ, 00123$
    00000033 BF               [ 4]   98 	cp	a, a
    00000034 18 05            [12]   99 	jr	00123$
    00000036                        100 00122$:
    00000036 CB 7A            [ 8]  101 	bit	7, d
    00000038 28 01            [12]  102 	jr	Z, 00123$
    0000003A 37               [ 4]  103 	scf
    0000003B                        104 00123$:
    0000003B 30 18            [12]  105 	jr	NC, 00101$
                                    106 ;src/libc_memcpy.c:21: memcpy(memcpy_dst, memcpy_src, size);
    0000003D F8 02            [12]  107 	ldhl	sp,	#2
    0000003F 2A               [ 8]  108 	ld	a, (hl+)
    00000040 5F               [ 4]  109 	ld	e, a
    00000041 56               [ 8]  110 	ld	d, (hl)
    00000042 D5               [16]  111 	push	de
    00000043 01r67r00         [12]  112 	ld	bc, #_memcpy_src
    00000046 11r00r00         [12]  113 	ld	de, #_memcpy_dst
    00000049 CDr00r00         [24]  114 	call	_memcpy
                                    115 ;src/libc_memcpy.c:20: for(i = 0; i < num; i++)
    0000004C F8 06            [12]  116 	ldhl	sp,	#6
    0000004E 34               [12]  117 	inc	(hl)
    0000004F 20 CC            [12]  118 	jr	NZ, 00103$
    00000051 23               [ 8]  119 	inc	hl
    00000052 34               [12]  120 	inc	(hl)
    00000053 18 C8            [12]  121 	jr	00103$
    00000055                        122 00101$:
                                    123 ;src/libc_memcpy.c:22: return (int)(sys_time - start_time);
    00000055 21r00r00         [12]  124 	ld	hl, #_sys_time
    00000058 2A               [ 8]  125 	ld	a, (hl+)
    00000059 5F               [ 4]  126 	ld	e, a
    0000005A 56               [ 8]  127 	ld	d, (hl)
    0000005B E1               [12]  128 	pop	hl
    0000005C E5               [16]  129 	push	hl
    0000005D 7B               [ 4]  130 	ld	a, e
    0000005E 95               [ 4]  131 	sub	a, l
    0000005F 5F               [ 4]  132 	ld	e, a
    00000060 7A               [ 4]  133 	ld	a, d
    00000061 9C               [ 4]  134 	sbc	a, h
    00000062 47               [ 4]  135 	ld	b, a
    00000063 4B               [ 4]  136 	ld	c, e
                                    137 ;src/libc_memcpy.c:23: }
    00000064 E8 08            [16]  138 	add	sp, #8
    00000066 C9               [16]  139 	ret
    00000067                        140 _memcpy_src:
    00000067 00                     141 	.db #0x00	; 0
    00000068 00                     142 	.db 0x00
    00000069 00                     143 	.db 0x00
    0000006A 00                     144 	.db 0x00
    0000006B 00                     145 	.db 0x00
    0000006C 00                     146 	.db 0x00
    0000006D 00                     147 	.db 0x00
    0000006E 00                     148 	.db 0x00
    0000006F 00                     149 	.db 0x00
    00000070 00                     150 	.db 0x00
    00000071 00                     151 	.db 0x00
    00000072 00                     152 	.db 0x00
    00000073 00                     153 	.db 0x00
    00000074 00                     154 	.db 0x00
    00000075 00                     155 	.db 0x00
    00000076 00                     156 	.db 0x00
    00000077 00                     157 	.db 0x00
    00000078 00                     158 	.db 0x00
    00000079 00                     159 	.db 0x00
    0000007A 00                     160 	.db 0x00
    0000007B 00                     161 	.db 0x00
    0000007C 00                     162 	.db 0x00
    0000007D 00                     163 	.db 0x00
    0000007E 00                     164 	.db 0x00
    0000007F 00                     165 	.db 0x00
    00000080 00                     166 	.db 0x00
    00000081 00                     167 	.db 0x00
    00000082 00                     168 	.db 0x00
    00000083 00                     169 	.db 0x00
    00000084 00                     170 	.db 0x00
    00000085 00                     171 	.db 0x00
    00000086 00                     172 	.db 0x00
    00000087 00                     173 	.db 0x00
    00000088 00                     174 	.db 0x00
    00000089 00                     175 	.db 0x00
    0000008A 00                     176 	.db 0x00
    0000008B 00                     177 	.db 0x00
    0000008C 00                     178 	.db 0x00
    0000008D 00                     179 	.db 0x00
    0000008E 00                     180 	.db 0x00
    0000008F 00                     181 	.db 0x00
    00000090 00                     182 	.db 0x00
    00000091 00                     183 	.db 0x00
    00000092 00                     184 	.db 0x00
    00000093 00                     185 	.db 0x00
    00000094 00                     186 	.db 0x00
    00000095 00                     187 	.db 0x00
    00000096 00                     188 	.db 0x00
    00000097 00                     189 	.db 0x00
    00000098 00                     190 	.db 0x00
    00000099 00                     191 	.db 0x00
    0000009A 00                     192 	.db 0x00
    0000009B 00                     193 	.db 0x00
    0000009C 00                     194 	.db 0x00
    0000009D 00                     195 	.db 0x00
    0000009E 00                     196 	.db 0x00
    0000009F 00                     197 	.db 0x00
    000000A0 00                     198 	.db 0x00
    000000A1 00                     199 	.db 0x00
    000000A2 00                     200 	.db 0x00
    000000A3 00                     201 	.db 0x00
    000000A4 00                     202 	.db 0x00
    000000A5 00                     203 	.db 0x00
    000000A6 00                     204 	.db 0x00
    000000A7 00                     205 	.db 0x00
    000000A8 00                     206 	.db 0x00
    000000A9 00                     207 	.db 0x00
    000000AA 00                     208 	.db 0x00
    000000AB 00                     209 	.db 0x00
    000000AC 00                     210 	.db 0x00
    000000AD 00                     211 	.db 0x00
    000000AE 00                     212 	.db 0x00
    000000AF 00                     213 	.db 0x00
    000000B0 00                     214 	.db 0x00
    000000B1 00                     215 	.db 0x00
    000000B2 00                     216 	.db 0x00
    000000B3 00                     217 	.db 0x00
    000000B4 00                     218 	.db 0x00
    000000B5 00                     219 	.db 0x00
    000000B6 00                     220 	.db 0x00
    000000B7 00                     221 	.db 0x00
    000000B8 00                     222 	.db 0x00
    000000B9 00                     223 	.db 0x00
    000000BA 00                     224 	.db 0x00
    000000BB 00                     225 	.db 0x00
    000000BC 00                     226 	.db 0x00
    000000BD 00                     227 	.db 0x00
    000000BE 00                     228 	.db 0x00
    000000BF 00                     229 	.db 0x00
    000000C0 00                     230 	.db 0x00
    000000C1 00                     231 	.db 0x00
    000000C2 00                     232 	.db 0x00
    000000C3 00                     233 	.db 0x00
    000000C4 00                     234 	.db 0x00
    000000C5 00                     235 	.db 0x00
    000000C6 00                     236 	.db 0x00
    000000C7 00                     237 	.db 0x00
    000000C8 00                     238 	.db 0x00
    000000C9 00                     239 	.db 0x00
    000000CA 00                     240 	.db 0x00
    000000CB 00                     241 	.db 0x00
    000000CC 00                     242 	.db 0x00
    000000CD 00                     243 	.db 0x00
    000000CE 00                     244 	.db 0x00
    000000CF 00                     245 	.db 0x00
    000000D0 00                     246 	.db 0x00
    000000D1 00                     247 	.db 0x00
    000000D2 00                     248 	.db 0x00
    000000D3 00                     249 	.db 0x00
    000000D4 00                     250 	.db 0x00
    000000D5 00                     251 	.db 0x00
    000000D6 00                     252 	.db 0x00
    000000D7 00                     253 	.db 0x00
    000000D8 00                     254 	.db 0x00
    000000D9 00                     255 	.db 0x00
    000000DA 00                     256 	.db 0x00
    000000DB 00                     257 	.db 0x00
    000000DC 00                     258 	.db 0x00
    000000DD 00                     259 	.db 0x00
    000000DE 00                     260 	.db 0x00
    000000DF 00                     261 	.db 0x00
    000000E0 00                     262 	.db 0x00
    000000E1 00                     263 	.db 0x00
    000000E2 00                     264 	.db 0x00
    000000E3 00                     265 	.db 0x00
    000000E4 00                     266 	.db 0x00
    000000E5 00                     267 	.db 0x00
    000000E6 00                     268 	.db 0x00
    000000E7 00                     269 	.db 0x00
    000000E8 00                     270 	.db 0x00
    000000E9 00                     271 	.db 0x00
    000000EA 00                     272 	.db 0x00
    000000EB 00                     273 	.db 0x00
    000000EC 00                     274 	.db 0x00
    000000ED 00                     275 	.db 0x00
    000000EE 00                     276 	.db 0x00
    000000EF 00                     277 	.db 0x00
    000000F0 00                     278 	.db 0x00
    000000F1 00                     279 	.db 0x00
    000000F2 00                     280 	.db 0x00
    000000F3 00                     281 	.db 0x00
    000000F4 00                     282 	.db 0x00
    000000F5 00                     283 	.db 0x00
    000000F6 00                     284 	.db 0x00
    000000F7 00                     285 	.db 0x00
    000000F8 00                     286 	.db 0x00
    000000F9 00                     287 	.db 0x00
    000000FA 00                     288 	.db 0x00
    000000FB 00                     289 	.db 0x00
    000000FC 00                     290 	.db 0x00
    000000FD 00                     291 	.db 0x00
    000000FE 00                     292 	.db 0x00
    000000FF 00                     293 	.db 0x00
    00000100 00                     294 	.db 0x00
    00000101 00                     295 	.db 0x00
    00000102 00                     296 	.db 0x00
    00000103 00                     297 	.db 0x00
    00000104 00                     298 	.db 0x00
    00000105 00                     299 	.db 0x00
    00000106 00                     300 	.db 0x00
    00000107 00                     301 	.db 0x00
    00000108 00                     302 	.db 0x00
    00000109 00                     303 	.db 0x00
    0000010A 00                     304 	.db 0x00
    0000010B 00                     305 	.db 0x00
    0000010C 00                     306 	.db 0x00
    0000010D 00                     307 	.db 0x00
    0000010E 00                     308 	.db 0x00
    0000010F 00                     309 	.db 0x00
    00000110 00                     310 	.db 0x00
    00000111 00                     311 	.db 0x00
    00000112 00                     312 	.db 0x00
    00000113 00                     313 	.db 0x00
    00000114 00                     314 	.db 0x00
    00000115 00                     315 	.db 0x00
    00000116 00                     316 	.db 0x00
    00000117 00                     317 	.db 0x00
    00000118 00                     318 	.db 0x00
    00000119 00                     319 	.db 0x00
    0000011A 00                     320 	.db 0x00
    0000011B 00                     321 	.db 0x00
    0000011C 00                     322 	.db 0x00
    0000011D 00                     323 	.db 0x00
    0000011E 00                     324 	.db 0x00
    0000011F 00                     325 	.db 0x00
    00000120 00                     326 	.db 0x00
    00000121 00                     327 	.db 0x00
    00000122 00                     328 	.db 0x00
    00000123 00                     329 	.db 0x00
    00000124 00                     330 	.db 0x00
    00000125 00                     331 	.db 0x00
    00000126 00                     332 	.db 0x00
    00000127 00                     333 	.db 0x00
    00000128 00                     334 	.db 0x00
    00000129 00                     335 	.db 0x00
    0000012A 00                     336 	.db 0x00
    0000012B 00                     337 	.db 0x00
    0000012C 00                     338 	.db 0x00
    0000012D 00                     339 	.db 0x00
    0000012E 00                     340 	.db 0x00
    0000012F 00                     341 	.db 0x00
    00000130 00                     342 	.db 0x00
    00000131 00                     343 	.db 0x00
    00000132 00                     344 	.db 0x00
    00000133 00                     345 	.db 0x00
    00000134 00                     346 	.db 0x00
    00000135 00                     347 	.db 0x00
    00000136 00                     348 	.db 0x00
    00000137 00                     349 	.db 0x00
    00000138 00                     350 	.db 0x00
    00000139 00                     351 	.db 0x00
    0000013A 00                     352 	.db 0x00
    0000013B 00                     353 	.db 0x00
    0000013C 00                     354 	.db 0x00
    0000013D 00                     355 	.db 0x00
    0000013E 00                     356 	.db 0x00
    0000013F 00                     357 	.db 0x00
    00000140 00                     358 	.db 0x00
    00000141 00                     359 	.db 0x00
    00000142 00                     360 	.db 0x00
    00000143 00                     361 	.db 0x00
    00000144 00                     362 	.db 0x00
    00000145 00                     363 	.db 0x00
    00000146 00                     364 	.db 0x00
    00000147 00                     365 	.db 0x00
    00000148 00                     366 	.db 0x00
    00000149 00                     367 	.db 0x00
    0000014A 00                     368 	.db 0x00
    0000014B 00                     369 	.db 0x00
    0000014C 00                     370 	.db 0x00
    0000014D 00                     371 	.db 0x00
    0000014E 00                     372 	.db 0x00
    0000014F 00                     373 	.db 0x00
    00000150 00                     374 	.db 0x00
    00000151 00                     375 	.db 0x00
    00000152 00                     376 	.db 0x00
    00000153 00                     377 	.db 0x00
    00000154 00                     378 	.db 0x00
    00000155 00                     379 	.db 0x00
    00000156 00                     380 	.db 0x00
    00000157 00                     381 	.db 0x00
    00000158 00                     382 	.db 0x00
    00000159 00                     383 	.db 0x00
    0000015A 00                     384 	.db 0x00
    0000015B 00                     385 	.db 0x00
    0000015C 00                     386 	.db 0x00
    0000015D 00                     387 	.db 0x00
    0000015E 00                     388 	.db 0x00
    0000015F 00                     389 	.db 0x00
    00000160 00                     390 	.db 0x00
    00000161 00                     391 	.db 0x00
    00000162 00                     392 	.db 0x00
    00000163 00                     393 	.db 0x00
    00000164 00                     394 	.db 0x00
    00000165 00                     395 	.db 0x00
    00000166 00                     396 	.db 0x00
    00000167 00                     397 	.db 0x00
    00000168 00                     398 	.db 0x00
    00000169 00                     399 	.db 0x00
    0000016A 00                     400 	.db 0x00
    0000016B 00                     401 	.db 0x00
    0000016C 00                     402 	.db 0x00
    0000016D 00                     403 	.db 0x00
    0000016E 00                     404 	.db 0x00
    0000016F 00                     405 	.db 0x00
    00000170 00                     406 	.db 0x00
    00000171 00                     407 	.db 0x00
    00000172 00                     408 	.db 0x00
    00000173 00                     409 	.db 0x00
    00000174 00                     410 	.db 0x00
    00000175 00                     411 	.db 0x00
    00000176 00                     412 	.db 0x00
    00000177 00                     413 	.db 0x00
    00000178 00                     414 	.db 0x00
    00000179 00                     415 	.db 0x00
    0000017A 00                     416 	.db 0x00
    0000017B 00                     417 	.db 0x00
    0000017C 00                     418 	.db 0x00
    0000017D 00                     419 	.db 0x00
    0000017E 00                     420 	.db 0x00
    0000017F 00                     421 	.db 0x00
    00000180 00                     422 	.db 0x00
    00000181 00                     423 	.db 0x00
    00000182 00                     424 	.db 0x00
    00000183 00                     425 	.db 0x00
    00000184 00                     426 	.db 0x00
    00000185 00                     427 	.db 0x00
    00000186 00                     428 	.db 0x00
    00000187 00                     429 	.db 0x00
    00000188 00                     430 	.db 0x00
    00000189 00                     431 	.db 0x00
    0000018A 00                     432 	.db 0x00
    0000018B 00                     433 	.db 0x00
    0000018C 00                     434 	.db 0x00
    0000018D 00                     435 	.db 0x00
    0000018E 00                     436 	.db 0x00
    0000018F 00                     437 	.db 0x00
    00000190 00                     438 	.db 0x00
    00000191 00                     439 	.db 0x00
    00000192 00                     440 	.db 0x00
                                    441 ;src/libc_memcpy.c:25: void main(void)
                                    442 ;	---------------------------------
                                    443 ; Function main
                                    444 ; ---------------------------------
    00000193                        445 _main::
    00000193 E8 FC            [16]  446 	add	sp, #-4
                                    447 ;src/libc_memcpy.c:30: font_init();
    00000195 CDr00r00         [24]  448 	call	_font_init
                                    449 ;src/libc_memcpy.c:31: ibm_font = font_load(font_ibm);
    00000198 11r00r00         [12]  450 	ld	de, #_font_ibm
    0000019B D5               [16]  451 	push	de
    0000019C CDr00r00         [24]  452 	call	_font_load
    0000019F E1               [12]  453 	pop	hl
                                    454 ;src/libc_memcpy.c:32: font_set(ibm_font);
    000001A0 D5               [16]  455 	push	de
    000001A1 CDr00r00         [24]  456 	call	_font_set
    000001A4 E1               [12]  457 	pop	hl
                                    458 ;src/libc_memcpy.c:36: char dst[4] = "dst";
    000001A5 F8 00            [12]  459 	ldhl	sp,	#0
    000001A7 4D               [ 4]  460 	ld	c, l
    000001A8 44               [ 4]  461 	ld	b, h
    000001A9 36 64            [12]  462 	ld	(hl), #0x64
    000001AB F8 01            [12]  463 	ldhl	sp,	#1
    000001AD 3E 73            [ 8]  464 	ld	a, #0x73
    000001AF 22               [ 8]  465 	ld	(hl+), a
    000001B0 3E 74            [ 8]  466 	ld	a, #0x74
    000001B2 22               [ 8]  467 	ld	(hl+), a
    000001B3 36 00            [12]  468 	ld	(hl), #0x00
                                    469 ;src/libc_memcpy.c:37: const char* src = "src";
                                    470 ;src/libc_memcpy.c:38: printf("memcpy(dst,src,2)\n-> %s\n", memcpy(dst, src, 2));
    000001B5 59               [ 4]  471 	ld	e, c
    000001B6 50               [ 4]  472 	ld	d, b
    000001B7 01 02 00         [12]  473 	ld	bc, #0x0002
    000001BA C5               [16]  474 	push	bc
    000001BB 01r45r02         [12]  475 	ld	bc, #___str_1
    000001BE CDr00r00         [24]  476 	call	_memcpy
    000001C1 C5               [16]  477 	push	bc
    000001C2 11r49r02         [12]  478 	ld	de, #___str_4
    000001C5 D5               [16]  479 	push	de
    000001C6 CDr00r00         [24]  480 	call	_printf
    000001C9 E8 04            [16]  481 	add	sp, #4
                                    482 ;src/libc_memcpy.c:42: char dst[4] = "dst";
    000001CB F8 00            [12]  483 	ldhl	sp,	#0
    000001CD 4D               [ 4]  484 	ld	c, l
    000001CE 44               [ 4]  485 	ld	b, h
    000001CF 36 64            [12]  486 	ld	(hl), #0x64
    000001D1 F8 01            [12]  487 	ldhl	sp,	#1
    000001D3 3E 73            [ 8]  488 	ld	a, #0x73
    000001D5 22               [ 8]  489 	ld	(hl+), a
    000001D6 3E 74            [ 8]  490 	ld	a, #0x74
    000001D8 22               [ 8]  491 	ld	(hl+), a
    000001D9 36 00            [12]  492 	ld	(hl), #0x00
                                    493 ;src/libc_memcpy.c:44: printf("memmove(dst,src,2)\n-> %s\n", memmove(dst, src, 2));
    000001DB 59               [ 4]  494 	ld	e, c
    000001DC 50               [ 4]  495 	ld	d, b
    000001DD 01 02 00         [12]  496 	ld	bc, #0x0002
    000001E0 C5               [16]  497 	push	bc
    000001E1 01r45r02         [12]  498 	ld	bc, #___str_1
    000001E4 CDr00r00         [24]  499 	call	_memmove
    000001E7 C5               [16]  500 	push	bc
    000001E8 11r62r02         [12]  501 	ld	de, #___str_5
    000001EB D5               [16]  502 	push	de
    000001EC CDr00r00         [24]  503 	call	_printf
    000001EF E8 04            [16]  504 	add	sp, #4
                                    505 ;src/libc_memcpy.c:48: char dst[4] = "dst";
    000001F1 F8 00            [12]  506 	ldhl	sp,	#0
    000001F3 4D               [ 4]  507 	ld	c, l
    000001F4 44               [ 4]  508 	ld	b, h
    000001F5 36 64            [12]  509 	ld	(hl), #0x64
    000001F7 F8 01            [12]  510 	ldhl	sp,	#1
    000001F9 3E 73            [ 8]  511 	ld	a, #0x73
    000001FB 22               [ 8]  512 	ld	(hl+), a
    000001FC 3E 74            [ 8]  513 	ld	a, #0x74
    000001FE 22               [ 8]  514 	ld	(hl+), a
                                    515 ;src/libc_memcpy.c:49: printf("memset(dst,x,2)\n-> %s\n", memset(dst, 'x', 2));
    000001FF 11 02 00         [12]  516 	ld	de, #0x0002
    00000202 72               [ 8]  517 	ld	(hl), d
    00000203 D5               [16]  518 	push	de
    00000204 11 78 00         [12]  519 	ld	de, #0x0078
    00000207 D5               [16]  520 	push	de
    00000208 C5               [16]  521 	push	bc
    00000209 CDr00r00         [24]  522 	call	_memset
    0000020C E8 06            [16]  523 	add	sp, #6
    0000020E D5               [16]  524 	push	de
    0000020F 11r7Cr02         [12]  525 	ld	de, #___str_6
    00000212 D5               [16]  526 	push	de
    00000213 CDr00r00         [24]  527 	call	_printf
    00000216 E8 04            [16]  528 	add	sp, #4
                                    529 ;src/libc_memcpy.c:52: printf("\nBenchmark memcpy:\n");
    00000218 11r93r02         [12]  530 	ld	de, #___str_8
    0000021B CDr00r00         [24]  531 	call	_puts
                                    532 ;src/libc_memcpy.c:54: printf("800*memcpy(d,s,150)\n-> %d frames\n", benchmark_memcpy(800, 150));
    0000021E 01 96 00         [12]  533 	ld	bc, #0x0096
    00000221 11 20 03         [12]  534 	ld	de, #0x0320
    00000224 CDr00r00         [24]  535 	call	_benchmark_memcpy
    00000227 C5               [16]  536 	push	bc
    00000228 11rA6r02         [12]  537 	ld	de, #___str_9
    0000022B D5               [16]  538 	push	de
    0000022C CDr00r00         [24]  539 	call	_printf
    0000022F E8 04            [16]  540 	add	sp, #4
                                    541 ;src/libc_memcpy.c:55: printf("400*memcpy(d,s,300)\n-> %d frames\n", benchmark_memcpy(400, 300));
    00000231 01 2C 01         [12]  542 	ld	bc, #0x012c
    00000234 11 90 01         [12]  543 	ld	de, #0x0190
    00000237 CDr00r00         [24]  544 	call	_benchmark_memcpy
    0000023A C5               [16]  545 	push	bc
    0000023B 11rC8r02         [12]  546 	ld	de, #___str_10
    0000023E D5               [16]  547 	push	de
    0000023F CDr00r00         [24]  548 	call	_printf
                                    549 ;src/libc_memcpy.c:57: }
    00000242 E8 08            [16]  550 	add	sp, #8
    00000244 C9               [16]  551 	ret
    00000245                        552 ___str_1:
    00000245 73 72 63               553 	.ascii "src"
    00000248 00                     554 	.db 0x00
    00000249                        555 ___str_4:
    00000249 6D 65 6D 63 70 79 28   556 	.ascii "memcpy(dst,src,2)"
             64 73 74 2C 73 72 63
             2C 32 29
    0000025A 0A                     557 	.db 0x0a
    0000025B 2D 3E 20 25 73         558 	.ascii "-> %s"
    00000260 0A                     559 	.db 0x0a
    00000261 00                     560 	.db 0x00
    00000262                        561 ___str_5:
    00000262 6D 65 6D 6D 6F 76 65   562 	.ascii "memmove(dst,src,2)"
             28 64 73 74 2C 73 72
             63 2C 32 29
    00000274 0A                     563 	.db 0x0a
    00000275 2D 3E 20 25 73         564 	.ascii "-> %s"
    0000027A 0A                     565 	.db 0x0a
    0000027B 00                     566 	.db 0x00
    0000027C                        567 ___str_6:
    0000027C 6D 65 6D 73 65 74 28   568 	.ascii "memset(dst,x,2)"
             64 73 74 2C 78 2C 32
             29
    0000028B 0A                     569 	.db 0x0a
    0000028C 2D 3E 20 25 73         570 	.ascii "-> %s"
    00000291 0A                     571 	.db 0x0a
    00000292 00                     572 	.db 0x00
    00000293                        573 ___str_8:
    00000293 0A                     574 	.db 0x0a
    00000294 42 65 6E 63 68 6D 61   575 	.ascii "Benchmark memcpy:"
             72 6B 20 6D 65 6D 63
             70 79 3A
    000002A5 00                     576 	.db 0x00
    000002A6                        577 ___str_9:
    000002A6 38 30 30 2A 6D 65 6D   578 	.ascii "800*memcpy(d,s,150)"
             63 70 79 28 64 2C 73
             2C 31 35 30 29
    000002B9 0A                     579 	.db 0x0a
    000002BA 2D 3E 20 25 64 20 66   580 	.ascii "-> %d frames"
             72 61 6D 65 73
    000002C6 0A                     581 	.db 0x0a
    000002C7 00                     582 	.db 0x00
    000002C8                        583 ___str_10:
    000002C8 34 30 30 2A 6D 65 6D   584 	.ascii "400*memcpy(d,s,300)"
             63 70 79 28 64 2C 73
             2C 33 30 30 29
    000002DB 0A                     585 	.db 0x0a
    000002DC 2D 3E 20 25 64 20 66   586 	.ascii "-> %d frames"
             72 61 6D 65 73
    000002E8 0A                     587 	.db 0x0a
    000002E9 00                     588 	.db 0x00
                                    589 	.area _CODE
                                    590 	.area _INITIALIZER
                                    591 	.area _CABS (ABS)
