                                      1 ;--------------------------------------------------------
                                      2 ; File Created by SDCC : free open source ISO C Compiler
                                      3 ; Version 4.5.1 #15267 (Mac OS X ppc)
                                      4 ;--------------------------------------------------------
                                      5 	.module common
                                      6 	
                                      7 ;--------------------------------------------------------
                                      8 ; Public variables in this module
                                      9 ;--------------------------------------------------------
                                     10 	.globl _hide_sprites_range
                                     11 	.globl _fill_rect_compat
                                     12 	.globl _set_tile_map_compat
                                     13 	.globl _set_native_tile_data
                                     14 	.globl _set_palette
                                     15 	.globl _joypad
                                     16 	.globl _vsync
                                     17 	.globl _joypadPrevious
                                     18 	.globl _joypadCurrent
                                     19 	.globl _WaitForStartOrA
                                     20 	.globl _setBKGPalettes
                                     21 	.globl _ShowCentered
                                     22 ;--------------------------------------------------------
                                     23 ; special function registers
                                     24 ;--------------------------------------------------------
                         00000000    25 _GG_STATE	=	0x0000
                         00000001    26 _GG_EXT_7BIT	=	0x0001
                         00000002    27 _GG_EXT_CTL	=	0x0002
                         00000003    28 _GG_SIO_SEND	=	0x0003
                         00000004    29 _GG_SIO_RECV	=	0x0004
                         00000005    30 _GG_SIO_CTL	=	0x0005
                         00000006    31 _GG_SOUND_PAN	=	0x0006
                         0000003E    32 _MEMORY_CTL	=	0x003e
                         0000003F    33 _JOY_CTL	=	0x003f
                         0000007E    34 _VCOUNTER	=	0x007e
                         0000007F    35 _PSG	=	0x007f
                         0000007F    36 _HCOUNTER	=	0x007f
                         000000BE    37 _VDP_DATA	=	0x00be
                         000000BF    38 _VDP_CMD	=	0x00bf
                         000000BF    39 _VDP_STATUS	=	0x00bf
                         000000DC    40 _JOY_PORT1	=	0x00dc
                         000000DD    41 _JOY_PORT2	=	0x00dd
                         000000F0    42 _FMADDRESS	=	0x00f0
                         000000F1    43 _FMDATA	=	0x00f1
                         000000F2    44 _AUDIOCTRL	=	0x00f2
                                     45 ;--------------------------------------------------------
                                     46 ; ram data
                                     47 ;--------------------------------------------------------
                                     48 	.area _DATA
                         0000FFFC    49 _RAM_CONTROL	=	0xfffc
                         0000FFF8    50 _GLASSES_3D	=	0xfff8
                         0000FFFD    51 _MAP_FRAME0	=	0xfffd
                         0000FFFE    52 _MAP_FRAME1	=	0xfffe
                         0000FFFF    53 _MAP_FRAME2	=	0xffff
                                     54 ;--------------------------------------------------------
                                     55 ; ram data
                                     56 ;--------------------------------------------------------
                                     57 	.area _INITIALIZED
    00000000                         58 _joypadCurrent::
    00000000                         59 	.ds 1
    00000001                         60 _joypadPrevious::
    00000001                         61 	.ds 1
                                     62 ;--------------------------------------------------------
                                     63 ; absolute external ram data
                                     64 ;--------------------------------------------------------
                                     65 	.area _DABS (ABS)
                                     66 ;--------------------------------------------------------
                                     67 ; global & static initialisations
                                     68 ;--------------------------------------------------------
                                     69 	.area _HOME
                                     70 	.area _GSINIT
                                     71 	.area _GSFINAL
                                     72 	.area _GSINIT
                                     73 ;--------------------------------------------------------
                                     74 ; Home
                                     75 ;--------------------------------------------------------
                                     76 	.area _HOME
                                     77 ;src/common.c:24: void setBKGPalettes(uint8_t count, const palette_color_t *palettes) NONBANKED{
                                     78 ;	---------------------------------
                                     79 ; Function setBKGPalettes
                                     80 ; ---------------------------------
    00000000                         81 _setBKGPalettes::
                                     82 ;src/common.c:29: set_bkg_palette(0, count, palettes);
    00000000 D5               [11]   83 	push	de
    00000001 67               [ 4]   84 	ld	h, a
    00000002 2E 00            [ 7]   85 	ld	l, #0x00
    00000004 E5               [11]   86 	push	hl
    00000005 CDr00r00         [17]   87 	call	_set_palette
                                     88 ;src/common.c:37: }
    00000008 C9               [10]   89 	ret
                                     90 ;src/common.c:40: void ShowCentered(uint8_t width,uint8_t height,uint8_t bank, uint8_t* tileData, uint8_t tileCount, uint8_t* mapData, const palette_color_t* palettes) NONBANKED{
                                     91 ;	---------------------------------
                                     92 ; Function ShowCentered
                                     93 ; ---------------------------------
    00000009                         94 _ShowCentered::
    00000009 DD E5            [15]   95 	push	ix
    0000000B DD 21 00 00      [14]   96 	ld	ix,#0
    0000000F DD 39            [15]   97 	add	ix,sp
    00000011 F5               [11]   98 	push	af
    00000012 3B               [ 6]   99 	dec	sp
    00000013 4F               [ 4]  100 	ld	c, a
                                    101 ;../../../include/sms/sms.h:254: __WRITE_VDP_REG(VDP_R1, __READ_VDP_REG(VDP_R1) &= (~R1_DISP_ON));
    00000014 3Ar00r00         [13]  102 	ld	a, (_shadow_VDP_R1+0)
    00000017 E6 BF            [ 7]  103 	and	a, #0xbf
    00000019 32r00r00         [13]  104 	ld	(_shadow_VDP_R1+0), a
    0000001C F3               [ 4]  105 	di
    0000001D 3Ar00r00         [13]  106 	ld	a, (_shadow_VDP_R1+0)
    00000020 D3 BF            [11]  107 	out	(_VDP_CMD), a
    00000022 3E 81            [ 7]  108 	ld	a, #0x81
    00000024 D3 BF            [11]  109 	out	(_VDP_CMD), a
    00000026 FB               [ 4]  110 	ei
                                    111 ;src/common.c:45: uint8_t _previous_bank = CURRENT_BANK;
    00000027 3A FE FF         [13]  112 	ld	a, (_MAP_FRAME1+0)
    0000002A DD 77 FD         [19]  113 	ld	-3 (ix), a
                                    114 ;src/common.c:49: hide_sprites_range(0,MAX_HARDWARE_SPRITES);
    0000002D E5               [11]  115 	push	hl
    0000002E C5               [11]  116 	push	bc
    0000002F 2E 40            [ 7]  117 	ld	l, #0x40
    00000031 AF               [ 4]  118 	xor	a, a
    00000032 CDr00r00         [17]  119 	call	_hide_sprites_range
    00000035 C1               [10]  120 	pop	bc
    00000036 E1               [10]  121 	pop	hl
                                    122 ;../../../include/sms/sms.h:223: __WRITE_VDP_REG(VDP_RSCX, -x);
    00000037 AF               [ 4]  123 	xor	a, a
    00000038 32r00r00         [13]  124 	ld	(_shadow_VDP_RSCX+0), a
    0000003B F3               [ 4]  125 	di
    0000003C 3E 00            [ 7]  126 	ld	a, #0x00
    0000003E D3 BF            [11]  127 	out	(_VDP_CMD), a
    00000040 3E 88            [ 7]  128 	ld	a, #0x88
    00000042 D3 BF            [11]  129 	out	(_VDP_CMD), a
    00000044 FB               [ 4]  130 	ei
                                    131 ;../../../include/sms/sms.h:224: __WRITE_VDP_REG(VDP_RSCY, y);
    00000045 AF               [ 4]  132 	xor	a, a
    00000046 32r00r00         [13]  133 	ld	(_shadow_VDP_RSCY+0), a
    00000049 F3               [ 4]  134 	di
    0000004A 3E 00            [ 7]  135 	ld	a, #0x00
    0000004C D3 BF            [11]  136 	out	(_VDP_CMD), a
    0000004E 3E 89            [ 7]  137 	ld	a, #0x89
    00000050 D3 BF            [11]  138 	out	(_VDP_CMD), a
    00000052 FB               [ 4]  139 	ei
                                    140 ;src/common.c:54: uint8_t titleRow = (DEVICE_SCREEN_HEIGHT-(height>>3))/2;
    00000053 7D               [ 4]  141 	ld	a, l
    00000054 0F               [ 4]  142 	rrca
    00000055 0F               [ 4]  143 	rrca
    00000056 0F               [ 4]  144 	rrca
    00000057 E6 1F            [ 7]  145 	and	a, #0x1f
    00000059 DD 77 FE         [19]  146 	ld	-2 (ix), a
    0000005C 5F               [ 4]  147 	ld	e, a
    0000005D 16 00            [ 7]  148 	ld	d, #0x00
    0000005F 21 12 00         [10]  149 	ld	hl, #0x0012
    00000062 BF               [ 4]  150 	cp	a, a
    00000063 ED 52            [15]  151 	sbc	hl, de
    00000065 5D               [ 4]  152 	ld	e, l
    00000066 54               [ 4]  153 	ld	d, h
    00000067 CB 7C            [ 8]  154 	bit	7, h
    00000069 28 02            [12]  155 	jr	Z, 00105$
    0000006B EB               [ 4]  156 	ex	de, hl
    0000006C 13               [ 6]  157 	inc	de
    0000006D                        158 00105$:
    0000006D CB 2A            [ 8]  159 	sra	d
    0000006F CB 1B            [ 8]  160 	rr	e
    00000071 DD 73 FF         [19]  161 	ld	-1 (ix), e
                                    162 ;src/common.c:55: uint8_t titleColumn = (DEVICE_SCREEN_WIDTH-(width>>3))/2;
    00000074 CB 39            [ 8]  163 	srl	c
    00000076 CB 39            [ 8]  164 	srl	c
    00000078 CB 39            [ 8]  165 	srl	c
    0000007A 59               [ 4]  166 	ld	e, c
    0000007B 16 00            [ 7]  167 	ld	d, #0x00
    0000007D 21 14 00         [10]  168 	ld	hl, #0x0014
    00000080 BF               [ 4]  169 	cp	a, a
    00000081 ED 52            [15]  170 	sbc	hl, de
    00000083 5D               [ 4]  171 	ld	e, l
    00000084 54               [ 4]  172 	ld	d, h
    00000085 CB 7C            [ 8]  173 	bit	7, h
    00000087 28 02            [12]  174 	jr	Z, 00106$
    00000089 EB               [ 4]  175 	ex	de, hl
    0000008A 13               [ 6]  176 	inc	de
    0000008B                        177 00106$:
    0000008B 43               [ 4]  178 	ld	b, e
    0000008C CB 2A            [ 8]  179 	sra	d
    0000008E CB 18            [ 8]  180 	rr	b
                                    181 ;src/common.c:57: SWITCH_ROM(bank);
    00000090 DD 7E 04         [19]  182 	ld	a, 4 (ix)
    00000093 32 FE FF         [13]  183 	ld	(_MAP_FRAME1+0), a
                                    184 ;src/common.c:59: setBKGPalettes(1,palettes);
    00000096 C5               [11]  185 	push	bc
    00000097 DD 5E 0A         [19]  186 	ld	e, 10 (ix)
    0000009A DD 56 0B         [19]  187 	ld	d, 11 (ix)
    0000009D 3E 01            [ 7]  188 	ld	a, #0x01
    0000009F CDr00r00         [17]  189 	call	_setBKGPalettes
    000000A2 C1               [10]  190 	pop	bc
                                    191 ;src/common.c:61: set_native_tile_data(0,tileCount,tileData);
    000000A3 DD 6E 05         [19]  192 	ld	l, 5 (ix)
    000000A6 DD 66 06         [19]  193 	ld	h, 6 (ix)
    000000A9 DD 5E 07         [19]  194 	ld	e, 7 (ix)
    000000AC 16 00            [ 7]  195 	ld	d, #0x00
    000000AE C5               [11]  196 	push	bc
    000000AF E5               [11]  197 	push	hl
    000000B0 21 00 00         [10]  198 	ld	hl, #0x0000
    000000B3 CDr00r00         [17]  199 	call	_set_native_tile_data
                                    200 ;src/common.c:62: fill_bkg_rect(0,0,DEVICE_SCREEN_WIDTH,DEVICE_SCREEN_HEIGHT,0);
    000000B6 21 00 00         [10]  201 	ld	hl, #0x0000
    000000B9 E5               [11]  202 	push	hl
    000000BA 21 14 12         [10]  203 	ld	hl, #0x1214
    000000BD E5               [11]  204 	push	hl
    000000BE 21 00 00         [10]  205 	ld	hl, #0x00
    000000C1 E5               [11]  206 	push	hl
    000000C2 CDr00r00         [17]  207 	call	_fill_rect_compat
    000000C5 C1               [10]  208 	pop	bc
                                    209 ;src/common.c:63: set_bkg_tiles(titleColumn,titleRow,width>>3,height>>3,mapData);
    000000C6 DD 6E 08         [19]  210 	ld	l, 8 (ix)
    000000C9 DD 66 09         [19]  211 	ld	h, 9 (ix)
    000000CC E5               [11]  212 	push	hl
    000000CD DD 7E FE         [19]  213 	ld	a, -2 (ix)
    000000D0 F5               [11]  214 	push	af
    000000D1 33               [ 6]  215 	inc	sp
    000000D2 61               [ 4]  216 	ld	h, c
    000000D3 DD 6E FF         [19]  217 	ld	l, -1 (ix)
    000000D6 E5               [11]  218 	push	hl
    000000D7 C5               [11]  219 	push	bc
    000000D8 33               [ 6]  220 	inc	sp
    000000D9 CDr00r00         [17]  221 	call	_set_tile_map_compat
                                    222 ;src/common.c:64: SWITCH_ROM(_previous_bank);
    000000DC DD 7E FD         [19]  223 	ld	a, -3 (ix)
    000000DF 32 FE FF         [13]  224 	ld	(_MAP_FRAME1+0), a
                                    225 ;src/common.c:66: DISPLAY_ON;
    000000E2 3Ar00r00         [13]  226 	ld	a, (_shadow_VDP_R1+0)
    000000E5 F6 40            [ 7]  227 	or	a, #0x40
    000000E7 32r00r00         [13]  228 	ld	(_shadow_VDP_R1+0), a
    000000EA F3               [ 4]  229 	di
    000000EB 3Ar00r00         [13]  230 	ld	a, (_shadow_VDP_R1+0)
    000000EE D3 BF            [11]  231 	out	(_VDP_CMD), a
    000000F0 3E 81            [ 7]  232 	ld	a, #0x81
    000000F2 D3 BF            [11]  233 	out	(_VDP_CMD), a
    000000F4 FB               [ 4]  234 	ei
                                    235 ;src/common.c:67: }
    000000F5 DD F9            [10]  236 	ld	sp, ix
    000000F7 DD E1            [14]  237 	pop	ix
    000000F9 E1               [10]  238 	pop	hl
    000000FA F1               [10]  239 	pop	af
    000000FB F1               [10]  240 	pop	af
    000000FC F1               [10]  241 	pop	af
    000000FD F1               [10]  242 	pop	af
    000000FE E9               [ 4]  243 	jp	(hl)
                                    244 	.area _HOME
                                    245 ;--------------------------------------------------------
                                    246 ; code
                                    247 ;--------------------------------------------------------
                                    248 	.area _CODE
                                    249 ;src/common.c:9: void WaitForStartOrA(void){
                                    250 ;	---------------------------------
                                    251 ; Function WaitForStartOrA
                                    252 ; ---------------------------------
    00000000                        253 _WaitForStartOrA::
                                    254 ;src/common.c:10: while(1){
    00000000                        255 00108$:
                                    256 ;src/common.c:13: joypadPrevious = joypadCurrent;
    00000000 3Ar00r00         [13]  257 	ld	a, (_joypadCurrent+0)
    00000003 32r01r00         [13]  258 	ld	(_joypadPrevious+0), a
                                    259 ;src/common.c:14: joypadCurrent = joypad();
    00000006 CDr00r00         [17]  260 	call	_joypad
    00000009 7D               [ 4]  261 	ld	a, l
    0000000A 32r00r00         [13]  262 	ld	(_joypadCurrent+0), a
                                    263 ;src/common.c:16: if((joypadCurrent & J_START) && !(joypadPrevious & J_START))break;
    0000000D 3Ar00r00         [13]  264 	ld	a, (_joypadCurrent)
    00000010 4F               [ 4]  265 	ld	c, a
    00000011 3Ar01r00         [13]  266 	ld	a, (_joypadPrevious)
    00000014 CB 71            [ 8]  267 	bit	6, c
    00000016 28 03            [12]  268 	jr	Z, 00102$
    00000018 CB 77            [ 8]  269 	bit	6, a
    0000001A C8               [11]  270 	ret	Z
    0000001B                        271 00102$:
                                    272 ;src/common.c:17: if((joypadCurrent & J_A) && !(joypadPrevious & J_A))break;
    0000001B CB 69            [ 8]  273 	bit	5, c
    0000001D 28 03            [12]  274 	jr	Z, 00105$
    0000001F CB 6F            [ 8]  275 	bit	5, a
    00000021 C8               [11]  276 	ret	Z
    00000022                        277 00105$:
                                    278 ;src/common.c:19: vsync();
    00000022 CDr00r00         [17]  279 	call	_vsync
                                    280 ;src/common.c:22: }
    00000025 18 D9            [12]  281 	jr	00108$
                                    282 	.area _CODE
                                    283 	.area _INITIALIZER
    00000000                        284 __xinit__joypadCurrent:
    00000000 00                     285 	.db #0x00	; 0
    00000001                        286 __xinit__joypadPrevious:
    00000001 00                     287 	.db #0x00	; 0
                                    288 	.area _CABS (ABS)
