                                      1 ;--------------------------------------------------------
                                      2 ; File Created by SDCC : free open source ISO C Compiler
                                      3 ; Version 4.5.1 #15267 (Mac OS X ppc)
                                      4 ;--------------------------------------------------------
                                      5 	.module player
                                      6 	
                                      7 ;--------------------------------------------------------
                                      8 ; Public variables in this module
                                      9 ;--------------------------------------------------------
                                     10 	.globl b_UpdatePlayer
                                     11 	.globl _UpdatePlayer
                                     12 	.globl _DrawPlayer
                                     13 	.globl b_SetupPlayer
                                     14 	.globl _SetupPlayer
                                     15 	.globl _SetPlayerPalettes
                                     16 	.globl _UpdatePlayerVRAMTiles
                                     17 	.globl _IsTileSolid
                                     18 	.globl _set_sprite_palette
                                     19 	.globl _set_sprite_data
                                     20 	.globl _threeFrameCounter
                                     21 	.globl _playerJumpIncrease
                                     22 	.globl _facingRight
                                     23 	.globl _playerYVelocity
                                     24 	.globl _playerXVelocity
                                     25 	.globl _playerY
                                     26 	.globl _playerX
                                     27 	.globl _PlayerPalettesGGSMS
                                     28 	.globl _baseProp
                                     29 ;--------------------------------------------------------
                                     30 ; special function registers
                                     31 ;--------------------------------------------------------
                                     32 ;--------------------------------------------------------
                                     33 ; ram data
                                     34 ;--------------------------------------------------------
                                     35 	.area _DATA
    00000000                         36 _playerX::
    00000000                         37 	.ds 2
    00000002                         38 _playerY::
    00000002                         39 	.ds 2
    00000004                         40 _playerXVelocity::
    00000004                         41 	.ds 2
    00000006                         42 _playerYVelocity::
    00000006                         43 	.ds 2
                                     44 ;--------------------------------------------------------
                                     45 ; ram data
                                     46 ;--------------------------------------------------------
                                     47 	.area _INITIALIZED
    00000000                         48 _facingRight::
    00000000                         49 	.ds 1
    00000001                         50 _playerJumpIncrease::
    00000001                         51 	.ds 1
    00000002                         52 _threeFrameCounter::
    00000002                         53 	.ds 1
                                     54 ;--------------------------------------------------------
                                     55 ; absolute external ram data
                                     56 ;--------------------------------------------------------
                                     57 	.area _DABS (ABS)
                                     58 ;--------------------------------------------------------
                                     59 ; global & static initialisations
                                     60 ;--------------------------------------------------------
                                     61 	.area _HOME
                                     62 	.area _GSINIT
                                     63 	.area _GSFINAL
                                     64 	.area _GSINIT
                                     65 ;--------------------------------------------------------
                                     66 ; Home
                                     67 ;--------------------------------------------------------
                                     68 	.area _HOME
                                     69 ;src/player.c:67: void UpdatePlayerVRAMTiles(void) NONBANKED{
                                     70 ;	---------------------------------
                                     71 ; Function UpdatePlayerVRAMTiles
                                     72 ; ---------------------------------
    00000000                         73 _UpdatePlayerVRAMTiles::
                                     74 ;src/player.c:68: uint8_t _previous_bank = CURRENT_BANK;
    00000000 F0r00            [12]   75 	ldh	a, (__current_bank + 0)
    00000002 4F               [ 4]   76 	ld	c, a
                                     77 ;src/player.c:71: SWITCH_ROM(BANK(PlayerCharacterSprites));
    00000003 3Er00            [ 8]   78 	ld	a, #<(___bank_PlayerCharacterSprites)
    00000005 E0r00            [12]   79 	ldh	(__current_bank + 0), a
    00000007 EAr00r00         [16]   80 	ld	(#_rROMB0),a
                                     81 ;src/player.c:73: set_player_sprite_data (0,PlayerCharacterSprites_TILE_COUNT,PlayerCharacterSprites_tiles);
    0000000A 11r00r00         [12]   82 	ld	de, #_PlayerCharacterSprites_tiles
    0000000D D5               [16]   83 	push	de
    0000000E 21 00 3E         [12]   84 	ld	hl, #0x3e00
    00000011 E5               [16]   85 	push	hl
    00000012 CDr00r00         [24]   86 	call	_set_sprite_data
    00000015 E8 04            [16]   87 	add	sp, #4
                                     88 ;src/player.c:75: SWITCH_ROM(_previous_bank);
    00000017 79               [ 4]   89 	ld	a, c
    00000018 E0r00            [12]   90 	ldh	(__current_bank + 0), a
    0000001A 21r00r00         [12]   91 	ld	hl, #_rROMB0
    0000001D 71               [ 8]   92 	ld	(hl), c
                                     93 ;src/player.c:76: }
    0000001E C9               [16]   94 	ret
    0000001F                         95 _baseProp:
    0000001F 00                      96 	.db #0x00	; 0
    00000020                         97 _PlayerPalettesGGSMS:
    00000020 1F 22                   98 	.dw #0x221f
    00000022 FF 7F                   99 	.dw #0x7fff
    00000024 B5 56                  100 	.dw #0x56b5
    00000026 00 00                  101 	.dw #0x0000
    00000028 11 00                  102 	.dw #0x0011
    0000002A C0 01                  103 	.dw #0x01c0
    0000002C 60 54                  104 	.dw #0x5460
    0000002E 0F 02                  105 	.dw #0x020f
    00000030 20 36                  106 	.dw #0x3620
    00000032 09 28                  107 	.dw #0x2809
    00000034 1F 00                  108 	.dw #0x001f
    00000036 E4 03                  109 	.dw #0x03e4
    00000038 A0 7C                  110 	.dw #0x7ca0
    0000003A BF 03                  111 	.dw #0x03bf
    0000003C 80 7F                  112 	.dw #0x7f80
    0000003E 1F 7E                  113 	.dw #0x7e1f
                                    114 ;src/player.c:78: void SetPlayerPalettes(void) NONBANKED{
                                    115 ;	---------------------------------
                                    116 ; Function SetPlayerPalettes
                                    117 ; ---------------------------------
    00000040                        118 _SetPlayerPalettes::
                                    119 ;src/player.c:79: uint8_t _previous_bank = CURRENT_BANK;
    00000040 F0r00            [12]  120 	ldh	a, (__current_bank + 0)
    00000042 4F               [ 4]  121 	ld	c, a
                                    122 ;src/player.c:81: SWITCH_ROM(PLAYER_PALETTES_BANK);
    00000043 3Er00            [ 8]  123 	ld	a, #<(___bank_PlayerCharacterSprites)
    00000045 E0r00            [12]  124 	ldh	(__current_bank + 0), a
    00000047 EAr00r00         [16]  125 	ld	(#_rROMB0),a
                                    126 ;src/player.c:87: if (_cpu == CGB_TYPE) {
    0000004A FAr00r00         [16]  127 	ld	a, (#__cpu)
    0000004D D6 11            [ 8]  128 	sub	a, #0x11
    0000004F 20 0E            [12]  129 	jr	NZ, 00102$
                                    130 ;src/player.c:88: set_sprite_palette(OAMF_CGB_PAL0, 1, PLAYER_PALETTES);
    00000051 C5               [16]  131 	push	bc
    00000052 11r00r00         [12]  132 	ld	de, #_PlayerCharacterSprites_palettes
    00000055 D5               [16]  133 	push	de
    00000056 AF               [ 4]  134 	xor	a, a
    00000057 3C               [ 4]  135 	inc	a
    00000058 F5               [16]  136 	push	af
    00000059 CDr00r00         [24]  137 	call	_set_sprite_palette
    0000005C E8 04            [16]  138 	add	sp, #4
    0000005E C1               [12]  139 	pop	bc
    0000005F                        140 00102$:
                                    141 ;src/player.c:95: SWITCH_ROM(_previous_bank);
    0000005F 79               [ 4]  142 	ld	a, c
    00000060 E0r00            [12]  143 	ldh	(__current_bank + 0), a
    00000062 21r00r00         [12]  144 	ld	hl, #_rROMB0
    00000065 71               [ 8]  145 	ld	(hl), c
                                    146 ;src/player.c:96: }
    00000066 C9               [16]  147 	ret
                                    148 ;src/player.c:116: uint8_t DrawPlayer(uint16_t playerRealX, uint16_t playerRealY, uint8_t frame) NONBANKED{
                                    149 ;	---------------------------------
                                    150 ; Function DrawPlayer
                                    151 ; ---------------------------------
    00000067                        152 _DrawPlayer::
    00000067 3B               [ 8]  153 	dec	sp
                                    154 ;src/player.c:119: uint8_t _previous_bank = CURRENT_BANK;
    00000068 F0r00            [12]  155 	ldh	a, (__current_bank + 0)
    0000006A F8 00            [12]  156 	ldhl	sp,	#0
    0000006C 77               [ 8]  157 	ld	(hl), a
                                    158 ;src/player.c:123: uint16_t playerCameraX = (playerRealX-camera_x)+DEVICE_SPRITE_PX_OFFSET_X;
    0000006D 7B               [ 4]  159 	ld	a, e
    0000006E 21r00r00         [12]  160 	ld	hl, #_camera_x
    00000071 5E               [ 8]  161 	ld	e, (hl)
    00000072 93               [ 4]  162 	sub	a, e
    00000073 C6 08            [ 8]  163 	add	a, #0x08
    00000075 5F               [ 4]  164 	ld	e, a
                                    165 ;src/player.c:124: uint16_t playerCameraY= (playerRealY)+DEVICE_SPRITE_PX_OFFSET_Y;
    00000076 79               [ 4]  166 	ld	a, c
    00000077 C6 10            [ 8]  167 	add	a, #0x10
    00000079 4F               [ 4]  168 	ld	c, a
                                    169 ;src/player.c:126: SWITCH_ROM(BANK(PlayerCharacterSprites));
    0000007A 3Er00            [ 8]  170 	ld	a, #<(___bank_PlayerCharacterSprites)
    0000007C E0r00            [12]  171 	ldh	(__current_bank + 0), a
    0000007E EAr00r00         [16]  172 	ld	(#_rROMB0),a
                                    173 ;src/player.c:128: spritesUsed = move_metasprite_ex(PlayerCharacterSprites_metasprites[frame],0,baseProp,0,playerCameraX,playerCameraY);
    00000081 43               [ 4]  174 	ld	b, e
    00000082 F8 03            [12]  175 	ldhl	sp,	#3
    00000084 5E               [ 8]  176 	ld	e, (hl)
    00000085 AF               [ 4]  177 	xor	a, a
    00000086 6B               [ 4]  178 	ld	l, e
    00000087 67               [ 4]  179 	ld	h, a
    00000088 29               [ 8]  180 	add	hl, hl
    00000089 11r00r00         [12]  181 	ld	de, #_PlayerCharacterSprites_metasprites
    0000008C 19               [ 8]  182 	add	hl, de
    0000008D 2A               [ 8]  183 	ld	a,	(hl+)
    0000008E 66               [ 8]  184 	ld	h, (hl)
                                    185 ;../../../include/gb/metasprites.h:160: __current_metasprite = metasprite;
    0000008F 5F               [ 4]  186 	ld	e, a
    00000090 54               [ 4]  187 	ld	d, h
    00000091 21r00r00         [12]  188 	ld	hl, #___current_metasprite
    00000094 7B               [ 4]  189 	ld	a, e
    00000095 22               [ 8]  190 	ld	(hl+), a
    00000096 72               [ 8]  191 	ld	(hl), d
                                    192 ;../../../include/gb/metasprites.h:161: __current_base_tile = base_tile;
                                    193 ;../../../include/gb/metasprites.h:162: __current_base_prop = base_prop;
    00000097 AF               [ 4]  194 	xor	a, a
    00000098 EAr00r00         [16]  195 	ld	(#___current_base_tile), a
    0000009B EAr00r00         [16]  196 	ld	(#___current_base_prop),a
                                    197 ;../../../include/gb/metasprites.h:163: return __move_metasprite(base_sprite, (y << 8) | (uint8_t)x);
    0000009E 51               [ 4]  198 	ld	d, c
    0000009F 58               [ 4]  199 	ld	e, b
    000000A0 AF               [ 4]  200 	xor	a, a
    000000A1 CDr00r00         [24]  201 	call	___move_metasprite
    000000A4 4F               [ 4]  202 	ld	c, a
                                    203 ;src/player.c:130: SWITCH_ROM(_previous_bank);
    000000A5 F8 00            [12]  204 	ldhl	sp,	#0
    000000A7 7E               [ 8]  205 	ld	a, (hl)
    000000A8 E0r00            [12]  206 	ldh	(__current_bank + 0), a
    000000AA 7E               [ 8]  207 	ld	a, (hl)
    000000AB EAr00r00         [16]  208 	ld	(#_rROMB0),a
                                    209 ;src/player.c:132: return spritesUsed;
    000000AE 79               [ 4]  210 	ld	a, c
                                    211 ;src/player.c:133: }
    000000AF 33               [ 8]  212 	inc	sp
    000000B0 E1               [12]  213 	pop	hl
    000000B1 33               [ 8]  214 	inc	sp
    000000B2 E9               [ 4]  215 	jp	(hl)
                                    216 	.area _HOME
                                    217 ;--------------------------------------------------------
                                    218 ; code
                                    219 ;--------------------------------------------------------
                                    220 	.area _CODE_255
                                    221 ;src/player.c:98: void SetupPlayer(void) BANKED{
                                    222 ;	---------------------------------
                                    223 ; Function SetupPlayer
                                    224 ; ---------------------------------
                         000000FF   225 	b_SetupPlayer	= 255
    00000000                        226 _SetupPlayer::
                                    227 ;src/player.c:102: playerX=40<<4;
    00000000 21r00r00         [12]  228 	ld	hl, #_playerX
    00000003 3E 80            [ 8]  229 	ld	a, #0x80
    00000005 22               [ 8]  230 	ld	(hl+), a
    00000006 36 02            [12]  231 	ld	(hl), #0x02
                                    232 ;src/player.c:103: playerY=40<<4;
    00000008 21r02r00         [12]  233 	ld	hl, #_playerY
    0000000B 3E 80            [ 8]  234 	ld	a, #0x80
    0000000D 22               [ 8]  235 	ld	(hl+), a
    0000000E 36 02            [12]  236 	ld	(hl), #0x02
                                    237 ;src/player.c:105: playerXVelocity=0;
    00000010 AF               [ 4]  238 	xor	a, a
    00000011 21r04r00         [12]  239 	ld	hl, #_playerXVelocity
    00000014 22               [ 8]  240 	ld	(hl+), a
    00000015 77               [ 8]  241 	ld	(hl), a
                                    242 ;src/player.c:106: playerYVelocity=0;
    00000016 AF               [ 4]  243 	xor	a, a
    00000017 21r06r00         [12]  244 	ld	hl, #_playerYVelocity
    0000001A 22               [ 8]  245 	ld	(hl+), a
    0000001B 77               [ 8]  246 	ld	(hl), a
                                    247 ;src/player.c:108: UpdatePlayerVRAMTiles();
    0000001C CDr00r00         [24]  248 	call	_UpdatePlayerVRAMTiles
                                    249 ;src/player.c:111: SetPlayerPalettes();
                                    250 ;src/player.c:114: }
    0000001F C3r40r00         [16]  251 	jp	_SetPlayerPalettes
                                    252 ;src/player.c:135: uint8_t UpdatePlayer(void) BANKED{
                                    253 ;	---------------------------------
                                    254 ; Function UpdatePlayer
                                    255 ; ---------------------------------
                         000000FF   256 	b_UpdatePlayer	= 255
    00000022                        257 _UpdatePlayer::
    00000022 E8 F1            [16]  258 	add	sp, #-15
                                    259 ;src/player.c:139: int16_t moveSpeed = (joypadCurrent & J_B) ?PLAYER_CHARACTER_RUN_VELOCITY:PLAYER_CHARACTER_WALK_VELOCITY;
    00000024 FAr00r00         [16]  260 	ld	a, (_joypadCurrent)
    00000027 4F               [ 4]  261 	ld	c, a
    00000028 E6 20            [ 8]  262 	and	a, #0x20
    0000002A 28 05            [12]  263 	jr	Z, 00191$
    0000002C 11 A9 01         [12]  264 	ld	de, #0x01a9
    0000002F 18 03            [12]  265 	jr	00192$
    00000031                        266 00191$:
    00000031 11 45 01         [12]  267 	ld	de, #0x0145
    00000034                        268 00192$:
    00000034 F8 05            [12]  269 	ldhl	sp,	#5
    00000036 73               [ 8]  270 	ld	(hl), e
    00000037 23               [ 8]  271 	inc	hl
    00000038 72               [ 8]  272 	ld	(hl), d
                                    273 ;src/player.c:140: uint8_t threeFrameCounterSpeed = (joypadCurrent & J_B) ? PLAYER_CHARACTER_RUN_TWO_FRAME_COUNTER : PLAYER_CHARACTER_WALK_TWO_FRAME_COUNTER;
    00000039 B7               [ 4]  274 	or	a, a
    0000003A 3E 05            [ 8]  275 	ld	a, #0x05
    0000003C 20 02            [12]  276 	jr	NZ, 00194$
    0000003E 3E 03            [ 8]  277 	ld	a, #0x03
    00000040                        278 00194$:
                                    279 ;src/player.c:142: threeFrameCounter+=threeFrameCounterSpeed;
    00000040 21r02r00         [12]  280 	ld	hl, #_threeFrameCounter
    00000043 86               [ 8]  281 	add	a, (hl)
                                    282 ;src/player.c:143: uint8_t threeFrameCounterValue = threeFrameCounter>>4;
    00000044 77               [ 8]  283 	ld	(hl), a
    00000045 CB 37            [ 8]  284 	swap	a
    00000047 E6 0F            [ 8]  285 	and	a, #0x0f
    00000049 F8 02            [12]  286 	ldhl	sp,	#2
                                    287 ;src/player.c:144: if(threeFrameCounterValue>=3){
    0000004B 77               [ 8]  288 	ld	(hl), a
    0000004C D6 03            [ 8]  289 	sub	a, #0x03
    0000004E 38 08            [12]  290 	jr	C, 00102$
                                    291 ;src/player.c:145: threeFrameCounter=0;
    00000050 AF               [ 4]  292 	xor	a, a
    00000051 EAr02r00         [16]  293 	ld	(#_threeFrameCounter),a
                                    294 ;src/player.c:146: threeFrameCounterValue=0;
    00000054 F8 02            [12]  295 	ldhl	sp,	#2
    00000056 36 00            [12]  296 	ld	(hl), #0x00
    00000058                        297 00102$:
                                    298 ;src/player.c:149: uint8_t turning = FALSE;
    00000058 F8 03            [12]  299 	ldhl	sp,	#3
    0000005A 36 00            [12]  300 	ld	(hl), #0x00
                                    301 ;src/player.c:154: if(playerXVelocity<0){
    0000005C FAr04r00         [16]  302 	ld	a, (#_playerXVelocity)
    0000005F F8 07            [12]  303 	ldhl	sp,	#7
    00000061 77               [ 8]  304 	ld	(hl), a
    00000062 FAr05r00         [16]  305 	ld	a, (#_playerXVelocity + 1)
    00000065 F8 08            [12]  306 	ldhl	sp,	#8
    00000067 22               [ 8]  307 	ld	(hl+), a
    00000068 07               [ 4]  308 	rlca
    00000069 E6 01            [ 8]  309 	and	a,#0x01
                                    310 ;src/player.c:157: playerXVelocity+=GROUND_FRICTION;
    0000006B 32               [ 8]  311 	ld	(hl-), a
    0000006C 2B               [ 8]  312 	dec	hl
    0000006D 2A               [ 8]  313 	ld	a, (hl+)
    0000006E 5F               [ 4]  314 	ld	e, a
    0000006F 56               [ 8]  315 	ld	d, (hl)
    00000070 21 0F 00         [12]  316 	ld	hl, #0x000f
    00000073 19               [ 8]  317 	add	hl, de
    00000074 45               [ 4]  318 	ld	b, l
    00000075 7C               [ 4]  319 	ld	a, h
    00000076 F8 0A            [12]  320 	ldhl	sp,	#10
    00000078 70               [ 8]  321 	ld	(hl), b
    00000079 23               [ 8]  322 	inc	hl
    0000007A 77               [ 8]  323 	ld	(hl), a
                                    324 ;src/player.c:151: if(joypadCurrent &J_RIGHT){
    0000007B CB 41            [ 8]  325 	bit	0, c
    0000007D 28 3F            [12]  326 	jr	Z, 00134$
                                    327 ;src/player.c:154: if(playerXVelocity<0){
    0000007F F8 09            [12]  328 	ldhl	sp,	#9
    00000081 7E               [ 8]  329 	ld	a, (hl)
    00000082 B7               [ 4]  330 	or	a, a
    00000083 28 20            [12]  331 	jr	Z, 00109$
                                    332 ;src/player.c:157: playerXVelocity+=GROUND_FRICTION;
    00000085 23               [ 8]  333 	inc	hl
    00000086 7E               [ 8]  334 	ld	a, (hl)
    00000087 EAr04r00         [16]  335 	ld	(#_playerXVelocity),a
    0000008A F8 0B            [12]  336 	ldhl	sp,	#11
    0000008C 7E               [ 8]  337 	ld	a, (hl)
    0000008D 21r05r00         [12]  338 	ld	hl, #_playerXVelocity + 1
                                    339 ;src/player.c:160: if(playerXVelocity<0)turning=TRUE;
    00000090 32               [ 8]  340 	ld	(hl-), a
    00000091 2A               [ 8]  341 	ld	a, (hl+)
    00000092 CB 7E            [12]  342 	bit	7, (hl)
    00000094 28 07            [12]  343 	jr	Z, 00104$
    00000096 F8 03            [12]  344 	ldhl	sp,	#3
    00000098 36 01            [12]  345 	ld	(hl), #0x01
    0000009A C3r82r01         [16]  346 	jp	00135$
    0000009D                        347 00104$:
                                    348 ;src/player.c:163: facingRight=TRUE;
    0000009D 21r00r00         [12]  349 	ld	hl, #_facingRight
    000000A0 36 01            [12]  350 	ld	(hl), #0x01
    000000A2 C3r82r01         [16]  351 	jp	00135$
    000000A5                        352 00109$:
                                    353 ;src/player.c:166: playerXVelocity=moveSpeed;
    000000A5 F8 05            [12]  354 	ldhl	sp,	#5
    000000A7 7E               [ 8]  355 	ld	a, (hl)
    000000A8 EAr04r00         [16]  356 	ld	(#_playerXVelocity),a
    000000AB F8 06            [12]  357 	ldhl	sp,	#6
    000000AD 7E               [ 8]  358 	ld	a, (hl)
    000000AE EAr05r00         [16]  359 	ld	(#_playerXVelocity + 1),a
                                    360 ;src/player.c:169: if(!facingRight){
    000000B1 21r00r00         [12]  361 	ld	hl, #_facingRight
    000000B4 7E               [ 8]  362 	ld	a, (hl)
    000000B5 B7               [ 4]  363 	or	a, a
    000000B6 C2r82r01         [16]  364 	jp	NZ, 00135$
                                    365 ;src/player.c:170: facingRight=TRUE;
    000000B9 36 01            [12]  366 	ld	(hl), #0x01
    000000BB C3r82r01         [16]  367 	jp	00135$
    000000BE                        368 00134$:
                                    369 ;src/player.c:177: if(playerXVelocity>0){
    000000BE F8 07            [12]  370 	ldhl	sp,	#7
    000000C0 AF               [ 4]  371 	xor	a, a
    000000C1 96               [ 8]  372 	sub	a, (hl)
    000000C2 23               [ 8]  373 	inc	hl
    000000C3 3E 00            [ 8]  374 	ld	a, #0x00
    000000C5 9E               [ 8]  375 	sbc	a, (hl)
    000000C6 3E 00            [ 8]  376 	ld	a, #0x00
    000000C8 57               [ 4]  377 	ld	d, a
    000000C9 CB 7E            [12]  378 	bit	7, (hl)
    000000CB 28 07            [12]  379 	jr	Z, 00532$
    000000CD CB 7A            [ 8]  380 	bit	7, d
    000000CF 20 08            [12]  381 	jr	NZ, 00533$
    000000D1 BF               [ 4]  382 	cp	a, a
    000000D2 18 05            [12]  383 	jr	00533$
    000000D4                        384 00532$:
    000000D4 CB 7A            [ 8]  385 	bit	7, d
    000000D6 28 01            [12]  386 	jr	Z, 00533$
    000000D8 37               [ 4]  387 	scf
    000000D9                        388 00533$:
    000000D9 3E 00            [ 8]  389 	ld	a, #0x00
    000000DB 17               [ 4]  390 	rla
    000000DC F8 0C            [12]  391 	ldhl	sp,	#12
    000000DE 77               [ 8]  392 	ld	(hl), a
                                    393 ;src/player.c:180: playerXVelocity-=GROUND_FRICTION;
    000000DF F8 07            [12]  394 	ldhl	sp,#7
    000000E1 2A               [ 8]  395 	ld	a, (hl+)
    000000E2 5F               [ 4]  396 	ld	e, a
    000000E3 56               [ 8]  397 	ld	d, (hl)
    000000E4 21 0F 00         [12]  398 	ld	hl, #0x000f
    000000E7 7B               [ 4]  399 	ld	a, e
    000000E8 95               [ 4]  400 	sub	a, l
    000000E9 5F               [ 4]  401 	ld	e, a
    000000EA 7A               [ 4]  402 	ld	a, d
    000000EB 9C               [ 4]  403 	sbc	a, h
    000000EC 43               [ 4]  404 	ld	b, e
    000000ED F8 0D            [12]  405 	ldhl	sp,	#13
    000000EF 70               [ 8]  406 	ld	(hl), b
    000000F0 23               [ 8]  407 	inc	hl
    000000F1 77               [ 8]  408 	ld	(hl), a
                                    409 ;src/player.c:174: }else if(joypadCurrent &J_LEFT){
    000000F2 CB 49            [ 8]  410 	bit	1, c
    000000F4 28 55            [12]  411 	jr	Z, 00131$
                                    412 ;src/player.c:177: if(playerXVelocity>0){
    000000F6 F8 0C            [12]  413 	ldhl	sp,	#12
    000000F8 7E               [ 8]  414 	ld	a, (hl)
    000000F9 B7               [ 4]  415 	or	a, a
    000000FA 28 32            [12]  416 	jr	Z, 00117$
                                    417 ;src/player.c:180: playerXVelocity-=GROUND_FRICTION;
    000000FC 23               [ 8]  418 	inc	hl
    000000FD 7E               [ 8]  419 	ld	a, (hl)
    000000FE EAr04r00         [16]  420 	ld	(#_playerXVelocity),a
    00000101 F8 0E            [12]  421 	ldhl	sp,	#14
    00000103 7E               [ 8]  422 	ld	a, (hl)
    00000104 21r05r00         [12]  423 	ld	hl, #_playerXVelocity + 1
                                    424 ;src/player.c:183: if(playerXVelocity>0)turning=TRUE;
    00000107 32               [ 8]  425 	ld	(hl-), a
    00000108 2A               [ 8]  426 	ld	a, (hl+)
    00000109 4F               [ 4]  427 	ld	c, a
    0000010A 46               [ 8]  428 	ld	b, (hl)
    0000010B 58               [ 4]  429 	ld	e, b
    0000010C AF               [ 4]  430 	xor	a, a
    0000010D 57               [ 4]  431 	ld	d, a
    0000010E B9               [ 4]  432 	cp	a, c
    0000010F 98               [ 4]  433 	sbc	a, b
    00000110 CB 7B            [ 8]  434 	bit	7, e
    00000112 28 07            [12]  435 	jr	Z, 00535$
    00000114 CB 7A            [ 8]  436 	bit	7, d
    00000116 20 08            [12]  437 	jr	NZ, 00536$
    00000118 BF               [ 4]  438 	cp	a, a
    00000119 18 05            [12]  439 	jr	00536$
    0000011B                        440 00535$:
    0000011B CB 7A            [ 8]  441 	bit	7, d
    0000011D 28 01            [12]  442 	jr	Z, 00536$
    0000011F 37               [ 4]  443 	scf
    00000120                        444 00536$:
    00000120 30 06            [12]  445 	jr	NC, 00112$
    00000122 F8 03            [12]  446 	ldhl	sp,	#3
    00000124 36 01            [12]  447 	ld	(hl), #0x01
    00000126 18 5A            [12]  448 	jr	00135$
    00000128                        449 00112$:
                                    450 ;src/player.c:186: facingRight=FALSE;
    00000128 AF               [ 4]  451 	xor	a, a
    00000129 EAr00r00         [16]  452 	ld	(#_facingRight),a
    0000012C 18 54            [12]  453 	jr	00135$
    0000012E                        454 00117$:
                                    455 ;src/player.c:190: playerXVelocity=-moveSpeed;
    0000012E 11 00 00         [12]  456 	ld	de, #0x0000
    00000131 F8 05            [12]  457 	ldhl	sp,	#5
    00000133 2A               [ 8]  458 	ld	a,	(hl+)
    00000134 66               [ 8]  459 	ld	h, (hl)
    00000135 6F               [ 4]  460 	ld	l, a
    00000136 7B               [ 4]  461 	ld	a, e
    00000137 95               [ 4]  462 	sub	a, l
    00000138 5F               [ 4]  463 	ld	e, a
    00000139 7A               [ 4]  464 	ld	a, d
    0000013A 9C               [ 4]  465 	sbc	a, h
    0000013B 21r05r00         [12]  466 	ld	hl, #_playerXVelocity + 1
    0000013E 32               [ 8]  467 	ld	(hl-), a
    0000013F 73               [ 8]  468 	ld	(hl), e
                                    469 ;src/player.c:193: if(facingRight){
    00000140 21r00r00         [12]  470 	ld	hl, #_facingRight
    00000143 7E               [ 8]  471 	ld	a, (hl)
    00000144 B7               [ 4]  472 	or	a, a
    00000145 28 3B            [12]  473 	jr	Z, 00135$
                                    474 ;src/player.c:194: facingRight=FALSE;
    00000147 36 00            [12]  475 	ld	(hl), #0x00
    00000149 18 37            [12]  476 	jr	00135$
    0000014B                        477 00131$:
                                    478 ;src/player.c:203: if (playerXVelocity > 0) {
    0000014B F8 0C            [12]  479 	ldhl	sp,	#12
    0000014D 7E               [ 8]  480 	ld	a, (hl)
    0000014E B7               [ 4]  481 	or	a, a
    0000014F 28 20            [12]  482 	jr	Z, 00128$
                                    483 ;src/player.c:204: if (playerXVelocity >= GROUND_FRICTION) playerXVelocity -= GROUND_FRICTION;
    00000151 F8 07            [12]  484 	ldhl	sp,	#7
    00000153 2A               [ 8]  485 	ld	a, (hl+)
    00000154 D6 0F            [ 8]  486 	sub	a, #0x0f
    00000156 7E               [ 8]  487 	ld	a, (hl)
    00000157 DE 00            [ 8]  488 	sbc	a, #0x00
    00000159 38 0E            [12]  489 	jr	C, 00120$
    0000015B F8 0D            [12]  490 	ldhl	sp,	#13
    0000015D 7E               [ 8]  491 	ld	a, (hl)
    0000015E EAr04r00         [16]  492 	ld	(#_playerXVelocity),a
    00000161 F8 0E            [12]  493 	ldhl	sp,	#14
    00000163 7E               [ 8]  494 	ld	a, (hl)
    00000164 EAr05r00         [16]  495 	ld	(#_playerXVelocity + 1),a
    00000167 18 19            [12]  496 	jr	00135$
    00000169                        497 00120$:
                                    498 ;src/player.c:205: else playerXVelocity=0;
    00000169 AF               [ 4]  499 	xor	a, a
    0000016A 21r04r00         [12]  500 	ld	hl, #_playerXVelocity
    0000016D 22               [ 8]  501 	ld	(hl+), a
    0000016E 77               [ 8]  502 	ld	(hl), a
    0000016F 18 11            [12]  503 	jr	00135$
    00000171                        504 00128$:
                                    505 ;src/player.c:207: else if (playerXVelocity < 0) {
    00000171 F8 09            [12]  506 	ldhl	sp,	#9
    00000173 7E               [ 8]  507 	ld	a, (hl)
    00000174 B7               [ 4]  508 	or	a, a
    00000175 28 0B            [12]  509 	jr	Z, 00135$
                                    510 ;src/player.c:208: if (playerXVelocity <= GROUND_FRICTION) playerXVelocity += GROUND_FRICTION;
    00000177 23               [ 8]  511 	inc	hl
    00000178 7E               [ 8]  512 	ld	a, (hl)
    00000179 EAr04r00         [16]  513 	ld	(#_playerXVelocity),a
    0000017C F8 0B            [12]  514 	ldhl	sp,	#11
    0000017E 7E               [ 8]  515 	ld	a, (hl)
    0000017F EAr05r00         [16]  516 	ld	(#_playerXVelocity + 1),a
                                    517 ;src/player.c:209: else playerXVelocity=0;
    00000182                        518 00135$:
                                    519 ;src/player.c:213: uint16_t playerRealX = playerX>>4;
    00000182 21r00r00         [12]  520 	ld	hl, #_playerX
    00000185 2A               [ 8]  521 	ld	a, (hl+)
    00000186 5F               [ 4]  522 	ld	e, a
    00000187 56               [ 8]  523 	ld	d, (hl)
    00000188 CB 3A            [ 8]  524 	srl	d
    0000018A CB 1B            [ 8]  525 	rr	e
    0000018C CB 3A            [ 8]  526 	srl	d
    0000018E CB 1B            [ 8]  527 	rr	e
    00000190 CB 3A            [ 8]  528 	srl	d
    00000192 CB 1B            [ 8]  529 	rr	e
    00000194 CB 3A            [ 8]  530 	srl	d
    00000196 CB 1B            [ 8]  531 	rr	e
                                    532 ;src/player.c:214: uint16_t playerRealY = playerY>>4;
    00000198 FAr02r00         [16]  533 	ld	a, (#_playerY)
    0000019B F8 04            [12]  534 	ldhl	sp,	#4
    0000019D 77               [ 8]  535 	ld	(hl), a
    0000019E FAr03r00         [16]  536 	ld	a, (#_playerY + 1)
    000001A1 F8 05            [12]  537 	ldhl	sp,	#5
    000001A3 77               [ 8]  538 	ld	(hl), a
    000001A4 CB 3E            [16]  539 	srl	(hl)
    000001A6 2B               [ 8]  540 	dec	hl
    000001A7 CB 1E            [16]  541 	rr	(hl)
    000001A9 23               [ 8]  542 	inc	hl
    000001AA CB 3E            [16]  543 	srl	(hl)
    000001AC 2B               [ 8]  544 	dec	hl
    000001AD CB 1E            [16]  545 	rr	(hl)
    000001AF 23               [ 8]  546 	inc	hl
    000001B0 CB 3E            [16]  547 	srl	(hl)
    000001B2 2B               [ 8]  548 	dec	hl
    000001B3 CB 1E            [16]  549 	rr	(hl)
    000001B5 23               [ 8]  550 	inc	hl
    000001B6 CB 3E            [16]  551 	srl	(hl)
    000001B8 2B               [ 8]  552 	dec	hl
    000001B9 CB 1E            [16]  553 	rr	(hl)
                                    554 ;src/player.c:216: uint8_t grounded = FALSE;
    000001BB 23               [ 8]  555 	inc	hl
    000001BC 23               [ 8]  556 	inc	hl
                                    557 ;src/player.c:223: if(playerRealY<DEVICE_SCREEN_PX_HEIGHT){
    000001BD AF               [ 4]  558 	xor	a, a
    000001BE 32               [ 8]  559 	ld	(hl-), a
    000001BF 2B               [ 8]  560 	dec	hl
    000001C0 2A               [ 8]  561 	ld	a, (hl+)
    000001C1 D6 90            [ 8]  562 	sub	a, #0x90
    000001C3 7E               [ 8]  563 	ld	a, (hl)
    000001C4 DE 00            [ 8]  564 	sbc	a, #0x00
    000001C6 30 47            [12]  565 	jr	NC, 00140$
                                    566 ;src/player.c:226: while(IsTileSolid(playerRealX,playerRealY+PLAYER_CHARACTER_BOUNDING_BOX_HEIGHT-1)){
    000001C8                        567 00136$:
    000001C8 F8 04            [12]  568 	ldhl	sp,	#4
    000001CA 2A               [ 8]  569 	ld	a, (hl+)
    000001CB 4F               [ 4]  570 	ld	c, a
    000001CC 46               [ 8]  571 	ld	b, (hl)
    000001CD 21 17 00         [12]  572 	ld	hl, #0x0017
    000001D0 09               [ 8]  573 	add	hl, bc
    000001D1 4D               [ 4]  574 	ld	c, l
    000001D2 44               [ 4]  575 	ld	b, h
    000001D3 D5               [16]  576 	push	de
    000001D4 CDr00r00         [24]  577 	call	_IsTileSolid
    000001D7 D1               [12]  578 	pop	de
    000001D8 B7               [ 4]  579 	or	a, a
    000001D9 28 34            [12]  580 	jr	Z, 00140$
                                    581 ;src/player.c:227: playerY-=16;
    000001DB FAr02r00         [16]  582 	ld	a, (_playerY)
    000001DE 21r03r00         [12]  583 	ld	hl, #_playerY + 1
    000001E1 46               [ 8]  584 	ld	b, (hl)
    000001E2 2B               [ 8]  585 	dec	hl
    000001E3 C6 F0            [ 8]  586 	add	a, #0xf0
    000001E5 4F               [ 4]  587 	ld	c, a
    000001E6 78               [ 4]  588 	ld	a, b
    000001E7 CE FF            [ 8]  589 	adc	a, #0xff
    000001E9 71               [ 8]  590 	ld	(hl), c
    000001EA 23               [ 8]  591 	inc	hl
                                    592 ;src/player.c:228: playerRealY = playerY>>4;
    000001EB 32               [ 8]  593 	ld	(hl-), a
    000001EC 7E               [ 8]  594 	ld	a, (hl)
    000001ED F8 04            [12]  595 	ldhl	sp,	#4
    000001EF 77               [ 8]  596 	ld	(hl), a
    000001F0 FAr03r00         [16]  597 	ld	a, (#_playerY + 1)
    000001F3 F8 05            [12]  598 	ldhl	sp,	#5
    000001F5 77               [ 8]  599 	ld	(hl), a
    000001F6 CB 3E            [16]  600 	srl	(hl)
    000001F8 2B               [ 8]  601 	dec	hl
    000001F9 CB 1E            [16]  602 	rr	(hl)
    000001FB 23               [ 8]  603 	inc	hl
    000001FC CB 3E            [16]  604 	srl	(hl)
    000001FE 2B               [ 8]  605 	dec	hl
    000001FF CB 1E            [16]  606 	rr	(hl)
    00000201 23               [ 8]  607 	inc	hl
    00000202 CB 3E            [16]  608 	srl	(hl)
    00000204 2B               [ 8]  609 	dec	hl
    00000205 CB 1E            [16]  610 	rr	(hl)
    00000207 23               [ 8]  611 	inc	hl
    00000208 CB 3E            [16]  612 	srl	(hl)
    0000020A 2B               [ 8]  613 	dec	hl
    0000020B CB 1E            [16]  614 	rr	(hl)
    0000020D 18 B9            [12]  615 	jr	00136$
    0000020F                        616 00140$:
                                    617 ;src/player.c:226: while(IsTileSolid(playerRealX,playerRealY+PLAYER_CHARACTER_BOUNDING_BOX_HEIGHT-1)){
    0000020F F8 04            [12]  618 	ldhl	sp,	#4
    00000211 7E               [ 8]  619 	ld	a, (hl)
    00000212 F8 07            [12]  620 	ldhl	sp,	#7
    00000214 32               [ 8]  621 	ld	(hl-), a
    00000215 2B               [ 8]  622 	dec	hl
    00000216 7E               [ 8]  623 	ld	a, (hl)
    00000217 F8 08            [12]  624 	ldhl	sp,	#8
    00000219 77               [ 8]  625 	ld	(hl), a
                                    626 ;src/player.c:249: if(IsTileSolid(playerRealX+PLAYER_CHARACTER_BOUNDING_BOX_HALF_WIDTH,playerRealY+2)||IsTileSolid(playerRealX+PLAYER_CHARACTER_BOUNDING_BOX_HALF_WIDTH,playerRealY+PLAYER_CHARACTER_BOUNDING_BOX_HALF_HEIGHT)||IsTileSolid(playerRealX+PLAYER_CHARACTER_BOUNDING_BOX_HALF_WIDTH,playerRealY+(PLAYER_CHARACTER_BOUNDING_BOX_HEIGHT-2)))playerXVelocity=0;
    0000021A F8 0B            [12]  627 	ldhl	sp,	#11
    0000021C 7B               [ 4]  628 	ld	a, e
    0000021D 22               [ 8]  629 	ld	(hl+), a
    0000021E 72               [ 8]  630 	ld	(hl), d
                                    631 ;src/player.c:242: if(playerXVelocity!=0){
    0000021F 21r05r00         [12]  632 	ld	hl, #_playerXVelocity + 1
    00000222 3A               [ 8]  633 	ld	a, (hl-)
    00000223 B6               [ 8]  634 	or	a, (hl)
    00000224 CArF7r02         [16]  635 	jp	Z, 00155$
                                    636 ;src/player.c:245: if(playerXVelocity>0){
    00000227 7E               [ 8]  637 	ld	a, (hl)
    00000228 F8 0D            [12]  638 	ldhl	sp,	#13
    0000022A 77               [ 8]  639 	ld	(hl), a
    0000022B FAr05r00         [16]  640 	ld	a, (#_playerXVelocity + 1)
    0000022E F8 0E            [12]  641 	ldhl	sp,	#14
    00000230 77               [ 8]  642 	ld	(hl), a
                                    643 ;src/player.c:249: if(IsTileSolid(playerRealX+PLAYER_CHARACTER_BOUNDING_BOX_HALF_WIDTH,playerRealY+2)||IsTileSolid(playerRealX+PLAYER_CHARACTER_BOUNDING_BOX_HALF_WIDTH,playerRealY+PLAYER_CHARACTER_BOUNDING_BOX_HALF_HEIGHT)||IsTileSolid(playerRealX+PLAYER_CHARACTER_BOUNDING_BOX_HALF_WIDTH,playerRealY+(PLAYER_CHARACTER_BOUNDING_BOX_HEIGHT-2)))playerXVelocity=0;
    00000231 F8 07            [12]  644 	ldhl	sp,	#7
    00000233 2A               [ 8]  645 	ld	a, (hl+)
    00000234 4F               [ 4]  646 	ld	c, a
    00000235 3A               [ 8]  647 	ld	a, (hl-)
    00000236 47               [ 4]  648 	ld	b, a
    00000237 03               [ 8]  649 	inc	bc
    00000238 03               [ 8]  650 	inc	bc
    00000239 2A               [ 8]  651 	ld	a, (hl+)
    0000023A 5F               [ 4]  652 	ld	e, a
    0000023B 56               [ 8]  653 	ld	d, (hl)
    0000023C 21 0C 00         [12]  654 	ld	hl, #0x000c
    0000023F 19               [ 8]  655 	add	hl, de
    00000240 E5               [16]  656 	push	hl
    00000241 7D               [ 4]  657 	ld	a, l
    00000242 F8 0B            [12]  658 	ldhl	sp,	#11
    00000244 77               [ 8]  659 	ld	(hl), a
    00000245 E1               [12]  660 	pop	hl
    00000246 7C               [ 4]  661 	ld	a, h
    00000247 F8 0A            [12]  662 	ldhl	sp,	#10
    00000249 32               [ 8]  663 	ld	(hl-), a
    0000024A 2B               [ 8]  664 	dec	hl
    0000024B 2B               [ 8]  665 	dec	hl
    0000024C 2A               [ 8]  666 	ld	a, (hl+)
    0000024D 5F               [ 4]  667 	ld	e, a
    0000024E 56               [ 8]  668 	ld	d, (hl)
    0000024F 21 16 00         [12]  669 	ld	hl, #0x0016
    00000252 19               [ 8]  670 	add	hl, de
    00000253 5D               [ 4]  671 	ld	e, l
    00000254 54               [ 4]  672 	ld	d, h
    00000255 F8 09            [12]  673 	ldhl	sp,	#9
    00000257 7E               [ 8]  674 	ld	a, (hl)
    00000258 F8 00            [12]  675 	ldhl	sp,	#0
    0000025A 77               [ 8]  676 	ld	(hl), a
    0000025B F8 0A            [12]  677 	ldhl	sp,	#10
    0000025D 7E               [ 8]  678 	ld	a, (hl)
    0000025E F8 01            [12]  679 	ldhl	sp,	#1
    00000260 77               [ 8]  680 	ld	(hl), a
    00000261 F8 09            [12]  681 	ldhl	sp,	#9
    00000263 7B               [ 4]  682 	ld	a, e
    00000264 22               [ 8]  683 	ld	(hl+), a
    00000265 72               [ 8]  684 	ld	(hl), d
                                    685 ;src/player.c:245: if(playerXVelocity>0){
    00000266 F8 0D            [12]  686 	ldhl	sp,	#13
    00000268 AF               [ 4]  687 	xor	a, a
    00000269 96               [ 8]  688 	sub	a, (hl)
    0000026A 23               [ 8]  689 	inc	hl
    0000026B 3E 00            [ 8]  690 	ld	a, #0x00
    0000026D 9E               [ 8]  691 	sbc	a, (hl)
    0000026E 3E 00            [ 8]  692 	ld	a, #0x00
    00000270 57               [ 4]  693 	ld	d, a
    00000271 CB 7E            [12]  694 	bit	7, (hl)
    00000273 28 07            [12]  695 	jr	Z, 00537$
    00000275 CB 7A            [ 8]  696 	bit	7, d
    00000277 20 08            [12]  697 	jr	NZ, 00538$
    00000279 BF               [ 4]  698 	cp	a, a
    0000027A 18 05            [12]  699 	jr	00538$
    0000027C                        700 00537$:
    0000027C CB 7A            [ 8]  701 	bit	7, d
    0000027E 28 01            [12]  702 	jr	Z, 00538$
    00000280 37               [ 4]  703 	scf
    00000281                        704 00538$:
    00000281 30 33            [12]  705 	jr	NC, 00152$
                                    706 ;src/player.c:249: if(IsTileSolid(playerRealX+PLAYER_CHARACTER_BOUNDING_BOX_HALF_WIDTH,playerRealY+2)||IsTileSolid(playerRealX+PLAYER_CHARACTER_BOUNDING_BOX_HALF_WIDTH,playerRealY+PLAYER_CHARACTER_BOUNDING_BOX_HALF_HEIGHT)||IsTileSolid(playerRealX+PLAYER_CHARACTER_BOUNDING_BOX_HALF_WIDTH,playerRealY+(PLAYER_CHARACTER_BOUNDING_BOX_HEIGHT-2)))playerXVelocity=0;
    00000283 F8 0B            [12]  707 	ldhl	sp,#11
    00000285 2A               [ 8]  708 	ld	a, (hl+)
    00000286 5F               [ 4]  709 	ld	e, a
    00000287 56               [ 8]  710 	ld	d, (hl)
    00000288 21 05 00         [12]  711 	ld	hl, #0x0005
    0000028B 19               [ 8]  712 	add	hl, de
    0000028C 5D               [ 4]  713 	ld	e, l
    0000028D 54               [ 4]  714 	ld	d, h
    0000028E D5               [16]  715 	push	de
    0000028F CDr00r00         [24]  716 	call	_IsTileSolid
    00000292 D1               [12]  717 	pop	de
    00000293 B7               [ 4]  718 	or	a, a
    00000294 20 18            [12]  719 	jr	NZ, 00141$
    00000296 D5               [16]  720 	push	de
    00000297 F8 02            [12]  721 	ldhl	sp,	#2
    00000299 2A               [ 8]  722 	ld	a, (hl+)
    0000029A 4F               [ 4]  723 	ld	c, a
    0000029B 46               [ 8]  724 	ld	b, (hl)
    0000029C CDr00r00         [24]  725 	call	_IsTileSolid
    0000029F D1               [12]  726 	pop	de
    000002A0 B7               [ 4]  727 	or	a, a
    000002A1 20 0B            [12]  728 	jr	NZ, 00141$
    000002A3 F8 09            [12]  729 	ldhl	sp,	#9
    000002A5 2A               [ 8]  730 	ld	a, (hl+)
    000002A6 4F               [ 4]  731 	ld	c, a
    000002A7 46               [ 8]  732 	ld	b, (hl)
    000002A8 CDr00r00         [24]  733 	call	_IsTileSolid
    000002AB B7               [ 4]  734 	or	a, a
    000002AC 28 49            [12]  735 	jr	Z, 00155$
    000002AE                        736 00141$:
    000002AE AF               [ 4]  737 	xor	a, a
    000002AF 21r04r00         [12]  738 	ld	hl, #_playerXVelocity
    000002B2 22               [ 8]  739 	ld	(hl+), a
    000002B3 77               [ 8]  740 	ld	(hl), a
    000002B4 18 41            [12]  741 	jr	00155$
    000002B6                        742 00152$:
                                    743 ;src/player.c:252: }else if(playerXVelocity<0){
    000002B6 F8 0E            [12]  744 	ldhl	sp,	#14
    000002B8 CB 7E            [12]  745 	bit	7, (hl)
    000002BA 28 3B            [12]  746 	jr	Z, 00155$
                                    747 ;src/player.c:256: if(IsTileSolid(playerRealX-PLAYER_CHARACTER_BOUNDING_BOX_HALF_WIDTH,playerRealY+2)||IsTileSolid(playerRealX-PLAYER_CHARACTER_BOUNDING_BOX_HALF_WIDTH,playerRealY+PLAYER_CHARACTER_BOUNDING_BOX_HALF_HEIGHT)||IsTileSolid(playerRealX-PLAYER_CHARACTER_BOUNDING_BOX_HALF_WIDTH,playerRealY+(PLAYER_CHARACTER_BOUNDING_BOX_HEIGHT-2)))playerXVelocity=0;
    000002BC 2B               [ 8]  748 	dec	hl
    000002BD 2B               [ 8]  749 	dec	hl
    000002BE 2B               [ 8]  750 	dec	hl
    000002BF 2A               [ 8]  751 	ld	a, (hl+)
    000002C0 5F               [ 4]  752 	ld	e, a
    000002C1 56               [ 8]  753 	ld	d, (hl)
    000002C2 21 05 00         [12]  754 	ld	hl, #0x0005
    000002C5 7B               [ 4]  755 	ld	a, e
    000002C6 95               [ 4]  756 	sub	a, l
    000002C7 5F               [ 4]  757 	ld	e, a
    000002C8 7A               [ 4]  758 	ld	a, d
    000002C9 9C               [ 4]  759 	sbc	a, h
    000002CA F8 0E            [12]  760 	ldhl	sp,	#14
    000002CC 32               [ 8]  761 	ld	(hl-), a
    000002CD 73               [ 8]  762 	ld	(hl), e
    000002CE 2A               [ 8]  763 	ld	a, (hl+)
    000002CF 5F               [ 4]  764 	ld	e, a
    000002D0 56               [ 8]  765 	ld	d, (hl)
    000002D1 D5               [16]  766 	push	de
    000002D2 CDr00r00         [24]  767 	call	_IsTileSolid
    000002D5 D1               [12]  768 	pop	de
    000002D6 B7               [ 4]  769 	or	a, a
    000002D7 20 18            [12]  770 	jr	NZ, 00145$
    000002D9 D5               [16]  771 	push	de
    000002DA F8 02            [12]  772 	ldhl	sp,	#2
    000002DC 2A               [ 8]  773 	ld	a, (hl+)
    000002DD 4F               [ 4]  774 	ld	c, a
    000002DE 46               [ 8]  775 	ld	b, (hl)
    000002DF CDr00r00         [24]  776 	call	_IsTileSolid
    000002E2 D1               [12]  777 	pop	de
    000002E3 B7               [ 4]  778 	or	a, a
    000002E4 20 0B            [12]  779 	jr	NZ, 00145$
    000002E6 F8 09            [12]  780 	ldhl	sp,	#9
    000002E8 2A               [ 8]  781 	ld	a, (hl+)
    000002E9 4F               [ 4]  782 	ld	c, a
    000002EA 46               [ 8]  783 	ld	b, (hl)
    000002EB CDr00r00         [24]  784 	call	_IsTileSolid
    000002EE B7               [ 4]  785 	or	a, a
    000002EF 28 06            [12]  786 	jr	Z, 00155$
    000002F1                        787 00145$:
    000002F1 AF               [ 4]  788 	xor	a, a
    000002F2 21r04r00         [12]  789 	ld	hl, #_playerXVelocity
    000002F5 22               [ 8]  790 	ld	(hl+), a
    000002F6 77               [ 8]  791 	ld	(hl), a
    000002F7                        792 00155$:
                                    793 ;src/player.c:261: if(playerYVelocity>=0){
    000002F7 FAr06r00         [16]  794 	ld	a, (#_playerYVelocity)
    000002FA F8 09            [12]  795 	ldhl	sp,	#9
    000002FC 77               [ 8]  796 	ld	(hl), a
    000002FD FAr07r00         [16]  797 	ld	a, (#_playerYVelocity + 1)
    00000300 F8 0A            [12]  798 	ldhl	sp,	#10
                                    799 ;src/player.c:265: if(IsTileSolid(playerRealX+(PLAYER_CHARACTER_BOUNDING_BOX_HALF_WIDTH-2),playerRealY+PLAYER_CHARACTER_BOUNDING_BOX_HEIGHT)||IsTileSolid(playerRealX-(PLAYER_CHARACTER_BOUNDING_BOX_HALF_WIDTH-2),playerRealY+PLAYER_CHARACTER_BOUNDING_BOX_HEIGHT)){
    00000302 22               [ 8]  800 	ld	(hl+), a
    00000303 2A               [ 8]  801 	ld	a, (hl+)
    00000304 4F               [ 4]  802 	ld	c, a
    00000305 3A               [ 8]  803 	ld	a, (hl-)
    00000306 47               [ 4]  804 	ld	b, a
    00000307 03               [ 8]  805 	inc	bc
    00000308 03               [ 8]  806 	inc	bc
    00000309 03               [ 8]  807 	inc	bc
    0000030A 2A               [ 8]  808 	ld	a, (hl+)
    0000030B 5F               [ 4]  809 	ld	e, a
    0000030C 56               [ 8]  810 	ld	d, (hl)
    0000030D 21 03 00         [12]  811 	ld	hl, #0x0003
    00000310 7B               [ 4]  812 	ld	a, e
    00000311 95               [ 4]  813 	sub	a, l
    00000312 5F               [ 4]  814 	ld	e, a
    00000313 7A               [ 4]  815 	ld	a, d
    00000314 9C               [ 4]  816 	sbc	a, h
    00000315 F8 0E            [12]  817 	ldhl	sp,	#14
    00000317 32               [ 8]  818 	ld	(hl-), a
    00000318 7B               [ 4]  819 	ld	a, e
    00000319 32               [ 8]  820 	ld	(hl-), a
    0000031A 2B               [ 8]  821 	dec	hl
    0000031B 79               [ 4]  822 	ld	a, c
    0000031C 22               [ 8]  823 	ld	(hl+), a
                                    824 ;src/player.c:261: if(playerYVelocity>=0){
    0000031D 78               [ 4]  825 	ld	a, b
    0000031E 32               [ 8]  826 	ld	(hl-), a
    0000031F 2B               [ 8]  827 	dec	hl
    00000320 CB 7E            [12]  828 	bit	7, (hl)
    00000322 20 30            [12]  829 	jr	NZ, 00160$
                                    830 ;src/player.c:265: if(IsTileSolid(playerRealX+(PLAYER_CHARACTER_BOUNDING_BOX_HALF_WIDTH-2),playerRealY+PLAYER_CHARACTER_BOUNDING_BOX_HEIGHT)||IsTileSolid(playerRealX-(PLAYER_CHARACTER_BOUNDING_BOX_HALF_WIDTH-2),playerRealY+PLAYER_CHARACTER_BOUNDING_BOX_HEIGHT)){
    00000324 2B               [ 8]  831 	dec	hl
    00000325 2B               [ 8]  832 	dec	hl
    00000326 2B               [ 8]  833 	dec	hl
    00000327 2A               [ 8]  834 	ld	a, (hl+)
    00000328 5F               [ 4]  835 	ld	e, a
    00000329 56               [ 8]  836 	ld	d, (hl)
    0000032A 21 18 00         [12]  837 	ld	hl, #0x0018
    0000032D 19               [ 8]  838 	add	hl, de
    0000032E 4D               [ 4]  839 	ld	c, l
    0000032F 44               [ 4]  840 	ld	b, h
    00000330 C5               [16]  841 	push	bc
    00000331 F8 0D            [12]  842 	ldhl	sp,	#13
    00000333 2A               [ 8]  843 	ld	a, (hl+)
    00000334 5F               [ 4]  844 	ld	e, a
    00000335 56               [ 8]  845 	ld	d, (hl)
    00000336 CDr00r00         [24]  846 	call	_IsTileSolid
    00000339 C1               [12]  847 	pop	bc
    0000033A B7               [ 4]  848 	or	a, a
    0000033B 20 0B            [12]  849 	jr	NZ, 00156$
    0000033D F8 0D            [12]  850 	ldhl	sp,	#13
    0000033F 2A               [ 8]  851 	ld	a, (hl+)
    00000340 5F               [ 4]  852 	ld	e, a
    00000341 56               [ 8]  853 	ld	d, (hl)
    00000342 CDr00r00         [24]  854 	call	_IsTileSolid
    00000345 B7               [ 4]  855 	or	a, a
    00000346 28 66            [12]  856 	jr	Z, 00167$
    00000348                        857 00156$:
                                    858 ;src/player.c:266: playerYVelocity=0;
    00000348 AF               [ 4]  859 	xor	a, a
    00000349 21r06r00         [12]  860 	ld	hl, #_playerYVelocity
    0000034C 22               [ 8]  861 	ld	(hl+), a
    0000034D 77               [ 8]  862 	ld	(hl), a
                                    863 ;src/player.c:267: grounded=TRUE;
    0000034E F8 06            [12]  864 	ldhl	sp,	#6
    00000350 36 01            [12]  865 	ld	(hl), #0x01
    00000352 18 5A            [12]  866 	jr	00167$
                                    867 ;src/player.c:277: while(IsTileSolid(playerRealX+(PLAYER_CHARACTER_BOUNDING_BOX_HALF_WIDTH-2),playerRealY)||IsTileSolid(playerRealX-(PLAYER_CHARACTER_BOUNDING_BOX_HALF_WIDTH-2),playerRealY)){
    00000354                        868 00160$:
    00000354 F8 04            [12]  869 	ldhl	sp,	#4
    00000356 2A               [ 8]  870 	ld	a, (hl+)
    00000357 4F               [ 4]  871 	ld	c, a
    00000358 46               [ 8]  872 	ld	b, (hl)
    00000359 F8 0B            [12]  873 	ldhl	sp,	#11
    0000035B 2A               [ 8]  874 	ld	a, (hl+)
    0000035C 5F               [ 4]  875 	ld	e, a
    0000035D 56               [ 8]  876 	ld	d, (hl)
    0000035E CDr00r00         [24]  877 	call	_IsTileSolid
    00000361 B7               [ 4]  878 	or	a, a
    00000362 20 10            [12]  879 	jr	NZ, 00161$
    00000364 F8 04            [12]  880 	ldhl	sp,	#4
    00000366 2A               [ 8]  881 	ld	a, (hl+)
    00000367 4F               [ 4]  882 	ld	c, a
    00000368 46               [ 8]  883 	ld	b, (hl)
    00000369 F8 0D            [12]  884 	ldhl	sp,	#13
    0000036B 2A               [ 8]  885 	ld	a, (hl+)
    0000036C 5F               [ 4]  886 	ld	e, a
    0000036D 56               [ 8]  887 	ld	d, (hl)
    0000036E CDr00r00         [24]  888 	call	_IsTileSolid
    00000371 B7               [ 4]  889 	or	a, a
    00000372 28 3A            [12]  890 	jr	Z, 00167$
    00000374                        891 00161$:
                                    892 ;src/player.c:278: playerYVelocity=0;
    00000374 AF               [ 4]  893 	xor	a, a
    00000375 21r06r00         [12]  894 	ld	hl, #_playerYVelocity
    00000378 22               [ 8]  895 	ld	(hl+), a
    00000379 77               [ 8]  896 	ld	(hl), a
                                    897 ;src/player.c:279: playerY+=16;
    0000037A FAr02r00         [16]  898 	ld	a, (_playerY)
    0000037D 21r03r00         [12]  899 	ld	hl, #_playerY + 1
    00000380 46               [ 8]  900 	ld	b, (hl)
    00000381 2B               [ 8]  901 	dec	hl
    00000382 C6 10            [ 8]  902 	add	a, #0x10
    00000384 4F               [ 4]  903 	ld	c, a
    00000385 78               [ 4]  904 	ld	a, b
    00000386 CE 00            [ 8]  905 	adc	a, #0x00
    00000388 71               [ 8]  906 	ld	(hl), c
    00000389 23               [ 8]  907 	inc	hl
                                    908 ;src/player.c:280: playerRealY = playerY>>4;
    0000038A 32               [ 8]  909 	ld	(hl-), a
    0000038B 7E               [ 8]  910 	ld	a, (hl)
    0000038C F8 04            [12]  911 	ldhl	sp,	#4
    0000038E 77               [ 8]  912 	ld	(hl), a
    0000038F FAr03r00         [16]  913 	ld	a, (#_playerY + 1)
    00000392 F8 05            [12]  914 	ldhl	sp,	#5
    00000394 77               [ 8]  915 	ld	(hl), a
    00000395 CB 3E            [16]  916 	srl	(hl)
    00000397 2B               [ 8]  917 	dec	hl
    00000398 CB 1E            [16]  918 	rr	(hl)
    0000039A 23               [ 8]  919 	inc	hl
    0000039B CB 3E            [16]  920 	srl	(hl)
    0000039D 2B               [ 8]  921 	dec	hl
    0000039E CB 1E            [16]  922 	rr	(hl)
    000003A0 23               [ 8]  923 	inc	hl
    000003A1 CB 3E            [16]  924 	srl	(hl)
    000003A3 2B               [ 8]  925 	dec	hl
    000003A4 CB 1E            [16]  926 	rr	(hl)
    000003A6 23               [ 8]  927 	inc	hl
    000003A7 CB 3E            [16]  928 	srl	(hl)
    000003A9 2B               [ 8]  929 	dec	hl
    000003AA CB 1E            [16]  930 	rr	(hl)
    000003AC 18 A6            [12]  931 	jr	00160$
    000003AE                        932 00167$:
                                    933 ;src/player.c:286: uint8_t pressedA = (joypadCurrent & J_A && !(joypadPrevious & J_A));
    000003AE FAr00r00         [16]  934 	ld	a, (#_joypadCurrent)
    000003B1 CB 37            [ 8]  935 	swap	a
    000003B3 E6 01            [ 8]  936 	and	a, #0x01
    000003B5 28 09            [12]  937 	jr	Z, 00195$
    000003B7 FAr00r00         [16]  938 	ld	a, (#_joypadPrevious)
    000003BA CB 37            [ 8]  939 	swap	a
    000003BC E6 01            [ 8]  940 	and	a, #0x01
    000003BE 28 04            [12]  941 	jr	Z, 00196$
    000003C0                        942 00195$:
    000003C0 0E 00            [ 8]  943 	ld	c, #0x00
    000003C2 18 02            [12]  944 	jr	00197$
    000003C4                        945 00196$:
    000003C4 0E 01            [ 8]  946 	ld	c, #0x01
    000003C6                        947 00197$:
                                    948 ;src/player.c:287: uint8_t pressedUp = (joypadCurrent & J_UP && !(joypadPrevious & J_UP));
    000003C6 FAr00r00         [16]  949 	ld	a, (#_joypadCurrent)
    000003C9 0F               [ 4]  950 	rrca
    000003CA 0F               [ 4]  951 	rrca
    000003CB E6 01            [ 8]  952 	and	a, #0x01
    000003CD 28 09            [12]  953 	jr	Z, 00198$
    000003CF FAr00r00         [16]  954 	ld	a, (#_joypadPrevious)
    000003D2 0F               [ 4]  955 	rrca
    000003D3 0F               [ 4]  956 	rrca
    000003D4 E6 01            [ 8]  957 	and	a, #0x01
    000003D6 28 03            [12]  958 	jr	Z, 00199$
    000003D8                        959 00198$:
    000003D8 AF               [ 4]  960 	xor	a, a
    000003D9 18 02            [12]  961 	jr	00200$
    000003DB                        962 00199$:
    000003DB 3E 01            [ 8]  963 	ld	a, #0x01
    000003DD                        964 00200$:
                                    965 ;src/player.c:288: uint8_t pressedAOrUp = pressedA||pressedUp;
    000003DD 0C               [ 4]  966 	inc	c
    000003DE 0D               [ 4]  967 	dec	c
    000003DF 20 06            [12]  968 	jr	NZ, 00202$
    000003E1 B7               [ 4]  969 	or	a, a
    000003E2 20 03            [12]  970 	jr	NZ, 00202$
    000003E4 4F               [ 4]  971 	ld	c, a
    000003E5 18 02            [12]  972 	jr	00203$
    000003E7                        973 00202$:
    000003E7 0E 01            [ 8]  974 	ld	c, #0x01
    000003E9                        975 00203$:
                                    976 ;src/player.c:291: if(grounded && pressedAOrUp){
    000003E9 F8 06            [12]  977 	ldhl	sp,	#6
    000003EB 7E               [ 8]  978 	ld	a, (hl)
    000003EC B7               [ 4]  979 	or	a, a
    000003ED 28 11            [12]  980 	jr	Z, 00169$
    000003EF 79               [ 4]  981 	ld	a, c
    000003F0 B7               [ 4]  982 	or	a, a
    000003F1 28 0D            [12]  983 	jr	Z, 00169$
                                    984 ;src/player.c:292: playerYVelocity=-PLAYER_CHARACTER_JUMP_VELOCITY;
    000003F3 21r06r00         [12]  985 	ld	hl, #_playerYVelocity
    000003F6 3E DA            [ 8]  986 	ld	a, #0xda
    000003F8 22               [ 8]  987 	ld	(hl+), a
    000003F9 36 FD            [12]  988 	ld	(hl), #0xfd
                                    989 ;src/player.c:293: playerJumpIncrease=PLAYER_CHARACTER_INCREASE_JUMP_TIMER_MAX;
    000003FB 21r01r00         [12]  990 	ld	hl, #_playerJumpIncrease
    000003FE 36 14            [12]  991 	ld	(hl), #0x14
    00000400                        992 00169$:
                                    993 ;src/player.c:261: if(playerYVelocity>=0){
    00000400 FAr06r00         [16]  994 	ld	a, (_playerYVelocity)
    00000403 4F               [ 4]  995 	ld	c, a
    00000404 21r07r00         [12]  996 	ld	hl, #_playerYVelocity + 1
    00000407 46               [ 8]  997 	ld	b, (hl)
                                    998 ;src/player.c:297: if(!grounded){
    00000408 F8 06            [12]  999 	ldhl	sp,	#6
    0000040A 7E               [ 8] 1000 	ld	a, (hl)
    0000040B B7               [ 4] 1001 	or	a, a
    0000040C 20 2B            [12] 1002 	jr	NZ, 00180$
                                   1003 ;src/player.c:300: if(playerJumpIncrease>0)playerJumpIncrease--;
    0000040E 21r01r00         [12] 1004 	ld	hl, #_playerJumpIncrease
    00000411 7E               [ 8] 1005 	ld	a, (hl)
    00000412 B7               [ 4] 1006 	or	a, a
    00000413 28 01            [12] 1007 	jr	Z, 00172$
    00000415 35               [12] 1008 	dec	(hl)
    00000416                       1009 00172$:
                                   1010 ;src/player.c:139: int16_t moveSpeed = (joypadCurrent & J_B) ?PLAYER_CHARACTER_RUN_VELOCITY:PLAYER_CHARACTER_WALK_VELOCITY;
    00000416 FAr00r00         [16] 1011 	ld	a, (_joypadCurrent)
                                   1012 ;src/player.c:303: if(!((joypadCurrent & J_A||joypadCurrent & J_UP))||playerJumpIncrease==0){
    00000419 CB 67            [ 8] 1013 	bit	4, a
    0000041B 20 04            [12] 1014 	jr	NZ, 00176$
    0000041D CB 57            [ 8] 1015 	bit	2, a
    0000041F 28 06            [12] 1016 	jr	Z, 00173$
    00000421                       1017 00176$:
    00000421 FAr01r00         [16] 1018 	ld	a, (#_playerJumpIncrease)
    00000424 B7               [ 4] 1019 	or	a, a
    00000425 20 1C            [12] 1020 	jr	NZ, 00181$
    00000427                       1021 00173$:
                                   1022 ;src/player.c:306: playerYVelocity+=GRAVTY;
    00000427 21 2D 00         [12] 1023 	ld	hl, #0x002d
    0000042A 09               [ 8] 1024 	add	hl, bc
    0000042B 4D               [ 4] 1025 	ld	c, l
    0000042C 7C               [ 4] 1026 	ld	a, h
    0000042D 21r06r00         [12] 1027 	ld	hl, #_playerYVelocity
    00000430 71               [ 8] 1028 	ld	(hl), c
    00000431 23               [ 8] 1029 	inc	hl
    00000432 77               [ 8] 1030 	ld	(hl), a
                                   1031 ;src/player.c:309: playerJumpIncrease=0;
    00000433 AF               [ 4] 1032 	xor	a, a
    00000434 EAr01r00         [16] 1033 	ld	(#_playerJumpIncrease),a
    00000437 18 0A            [12] 1034 	jr	00181$
    00000439                       1035 00180$:
                                   1036 ;src/player.c:313: }else if(playerYVelocity>=0){
    00000439 CB 78            [ 8] 1037 	bit	7, b
    0000043B 20 06            [12] 1038 	jr	NZ, 00181$
                                   1039 ;src/player.c:316: playerYVelocity=0;
    0000043D AF               [ 4] 1040 	xor	a, a
    0000043E 21r06r00         [12] 1041 	ld	hl, #_playerYVelocity
    00000441 22               [ 8] 1042 	ld	(hl+), a
    00000442 77               [ 8] 1043 	ld	(hl), a
    00000443                       1044 00181$:
                                   1045 ;src/player.c:320: playerX+=playerXVelocity>>4;
    00000443 FAr04r00         [16] 1046 	ld	a, (#_playerXVelocity)
    00000446 F8 04            [12] 1047 	ldhl	sp,	#4
    00000448 77               [ 8] 1048 	ld	(hl), a
    00000449 FAr05r00         [16] 1049 	ld	a, (#_playerXVelocity + 1)
    0000044C F8 05            [12] 1050 	ldhl	sp,	#5
    0000044E 77               [ 8] 1051 	ld	(hl), a
    0000044F CB 2E            [16] 1052 	sra	(hl)
    00000451 2B               [ 8] 1053 	dec	hl
    00000452 CB 1E            [16] 1054 	rr	(hl)
    00000454 23               [ 8] 1055 	inc	hl
    00000455 CB 2E            [16] 1056 	sra	(hl)
    00000457 2B               [ 8] 1057 	dec	hl
    00000458 CB 1E            [16] 1058 	rr	(hl)
    0000045A 23               [ 8] 1059 	inc	hl
    0000045B CB 2E            [16] 1060 	sra	(hl)
    0000045D 2B               [ 8] 1061 	dec	hl
    0000045E CB 1E            [16] 1062 	rr	(hl)
    00000460 23               [ 8] 1063 	inc	hl
    00000461 CB 2E            [16] 1064 	sra	(hl)
    00000463 2B               [ 8] 1065 	dec	hl
    00000464 CB 1E            [16] 1066 	rr	(hl)
    00000466 2A               [ 8] 1067 	ld	a, (hl+)
    00000467 4F               [ 4] 1068 	ld	c, a
    00000468 46               [ 8] 1069 	ld	b, (hl)
    00000469 21r00r00         [12] 1070 	ld	hl, #_playerX
    0000046C 7E               [ 8] 1071 	ld	a, (hl)
    0000046D 81               [ 4] 1072 	add	a, c
    0000046E 22               [ 8] 1073 	ld	(hl+), a
    0000046F 7E               [ 8] 1074 	ld	a, (hl)
    00000470 88               [ 4] 1075 	adc	a, b
    00000471 77               [ 8] 1076 	ld	(hl), a
                                   1077 ;src/player.c:321: playerY+=playerYVelocity>>4;
    00000472 21r06r00         [12] 1078 	ld	hl, #_playerYVelocity
    00000475 2A               [ 8] 1079 	ld	a, (hl+)
    00000476 4F               [ 4] 1080 	ld	c, a
    00000477 46               [ 8] 1081 	ld	b, (hl)
    00000478 CB 28            [ 8] 1082 	sra	b
    0000047A CB 19            [ 8] 1083 	rr	c
    0000047C CB 28            [ 8] 1084 	sra	b
    0000047E CB 19            [ 8] 1085 	rr	c
    00000480 CB 28            [ 8] 1086 	sra	b
    00000482 CB 19            [ 8] 1087 	rr	c
    00000484 CB 28            [ 8] 1088 	sra	b
    00000486 CB 19            [ 8] 1089 	rr	c
    00000488 21r02r00         [12] 1090 	ld	hl, #_playerY
    0000048B 7E               [ 8] 1091 	ld	a, (hl)
    0000048C 81               [ 4] 1092 	add	a, c
    0000048D 22               [ 8] 1093 	ld	(hl+), a
    0000048E 7E               [ 8] 1094 	ld	a, (hl)
    0000048F 88               [ 4] 1095 	adc	a, b
    00000490 77               [ 8] 1096 	ld	(hl), a
                                   1097 ;src/player.c:324: playerRealX = playerX>>4;
    00000491 FAr00r00         [16] 1098 	ld	a, (#_playerX)
    00000494 F8 07            [12] 1099 	ldhl	sp,	#7
    00000496 77               [ 8] 1100 	ld	(hl), a
    00000497 FAr01r00         [16] 1101 	ld	a, (#_playerX + 1)
    0000049A F8 08            [12] 1102 	ldhl	sp,	#8
    0000049C 77               [ 8] 1103 	ld	(hl), a
    0000049D CB 3E            [16] 1104 	srl	(hl)
    0000049F 2B               [ 8] 1105 	dec	hl
    000004A0 CB 1E            [16] 1106 	rr	(hl)
    000004A2 23               [ 8] 1107 	inc	hl
    000004A3 CB 3E            [16] 1108 	srl	(hl)
    000004A5 2B               [ 8] 1109 	dec	hl
    000004A6 CB 1E            [16] 1110 	rr	(hl)
    000004A8 23               [ 8] 1111 	inc	hl
    000004A9 CB 3E            [16] 1112 	srl	(hl)
    000004AB 2B               [ 8] 1113 	dec	hl
    000004AC CB 1E            [16] 1114 	rr	(hl)
    000004AE 23               [ 8] 1115 	inc	hl
    000004AF CB 3E            [16] 1116 	srl	(hl)
    000004B1 2B               [ 8] 1117 	dec	hl
    000004B2 CB 1E            [16] 1118 	rr	(hl)
                                   1119 ;src/player.c:325: playerRealY = playerY>>4;
    000004B4 FAr02r00         [16] 1120 	ld	a, (#_playerY)
    000004B7 F8 09            [12] 1121 	ldhl	sp,	#9
    000004B9 77               [ 8] 1122 	ld	(hl), a
    000004BA FAr03r00         [16] 1123 	ld	a, (#_playerY + 1)
    000004BD F8 0A            [12] 1124 	ldhl	sp,	#10
    000004BF 77               [ 8] 1125 	ld	(hl), a
    000004C0 CB 3E            [16] 1126 	srl	(hl)
    000004C2 2B               [ 8] 1127 	dec	hl
    000004C3 CB 1E            [16] 1128 	rr	(hl)
    000004C5 23               [ 8] 1129 	inc	hl
    000004C6 CB 3E            [16] 1130 	srl	(hl)
    000004C8 2B               [ 8] 1131 	dec	hl
    000004C9 CB 1E            [16] 1132 	rr	(hl)
    000004CB 23               [ 8] 1133 	inc	hl
    000004CC CB 3E            [16] 1134 	srl	(hl)
    000004CE 2B               [ 8] 1135 	dec	hl
    000004CF CB 1E            [16] 1136 	rr	(hl)
    000004D1 23               [ 8] 1137 	inc	hl
    000004D2 CB 3E            [16] 1138 	srl	(hl)
    000004D4 2B               [ 8] 1139 	dec	hl
    000004D5 CB 1E            [16] 1140 	rr	(hl)
                                   1141 ;src/player.c:249: if(IsTileSolid(playerRealX+PLAYER_CHARACTER_BOUNDING_BOX_HALF_WIDTH,playerRealY+2)||IsTileSolid(playerRealX+PLAYER_CHARACTER_BOUNDING_BOX_HALF_WIDTH,playerRealY+PLAYER_CHARACTER_BOUNDING_BOX_HALF_HEIGHT)||IsTileSolid(playerRealX+PLAYER_CHARACTER_BOUNDING_BOX_HALF_WIDTH,playerRealY+(PLAYER_CHARACTER_BOUNDING_BOX_HEIGHT-2)))playerXVelocity=0;
    000004D7 2B               [ 8] 1142 	dec	hl
    000004D8 2B               [ 8] 1143 	dec	hl
    000004D9 7E               [ 8] 1144 	ld	a, (hl)
    000004DA F8 0B            [12] 1145 	ldhl	sp,	#11
    000004DC 77               [ 8] 1146 	ld	(hl), a
    000004DD F8 08            [12] 1147 	ldhl	sp,	#8
    000004DF 7E               [ 8] 1148 	ld	a, (hl)
    000004E0 F8 0C            [12] 1149 	ldhl	sp,	#12
    000004E2 77               [ 8] 1150 	ld	(hl), a
                                   1151 ;src/player.c:328: if(playerRealX>=(DEVICE_SCREEN_PX_WIDTH>>1)){
    000004E3 F8 07            [12] 1152 	ldhl	sp,	#7
    000004E5 2A               [ 8] 1153 	ld	a, (hl+)
    000004E6 D6 50            [ 8] 1154 	sub	a, #0x50
    000004E8 7E               [ 8] 1155 	ld	a, (hl)
    000004E9 DE 00            [ 8] 1156 	sbc	a, #0x00
    000004EB 38 39            [12] 1157 	jr	C, 00185$
                                   1158 ;src/player.c:329: uint16_t max = currentLevelWidth-DEVICE_SCREEN_PX_WIDTH;
    000004ED FAr00r00         [16] 1159 	ld	a, (_currentLevelWidth)
    000004F0 21r01r00         [12] 1160 	ld	hl, #_currentLevelWidth + 1
    000004F3 46               [ 8] 1161 	ld	b, (hl)
    000004F4 C6 60            [ 8] 1162 	add	a, #0x60
    000004F6 4F               [ 4] 1163 	ld	c, a
    000004F7 78               [ 4] 1164 	ld	a, b
    000004F8 CE FF            [ 8] 1165 	adc	a, #0xff
    000004FA 47               [ 4] 1166 	ld	b, a
                                   1167 ;src/player.c:330: camera_x=playerRealX-(DEVICE_SCREEN_PX_WIDTH>>1);
    000004FB F8 0B            [12] 1168 	ldhl	sp,#11
    000004FD 2A               [ 8] 1169 	ld	a, (hl+)
    000004FE 5F               [ 4] 1170 	ld	e, a
    000004FF 56               [ 8] 1171 	ld	d, (hl)
    00000500 21 50 00         [12] 1172 	ld	hl, #0x0050
    00000503 7B               [ 4] 1173 	ld	a, e
    00000504 95               [ 4] 1174 	sub	a, l
    00000505 5F               [ 4] 1175 	ld	e, a
    00000506 7A               [ 4] 1176 	ld	a, d
    00000507 9C               [ 4] 1177 	sbc	a, h
    00000508 F8 0E            [12] 1178 	ldhl	sp,	#14
    0000050A 32               [ 8] 1179 	ld	(hl-), a
    0000050B 73               [ 8] 1180 	ld	(hl), e
    0000050C 7E               [ 8] 1181 	ld	a, (hl)
    0000050D EAr00r00         [16] 1182 	ld	(#_camera_x),a
    00000510 F8 0E            [12] 1183 	ldhl	sp,	#14
    00000512 7E               [ 8] 1184 	ld	a, (hl)
    00000513 21r01r00         [12] 1185 	ld	hl, #_camera_x + 1
                                   1186 ;src/player.c:333: if(camera_x>max)camera_x=max;
    00000516 32               [ 8] 1187 	ld	(hl-), a
    00000517 79               [ 4] 1188 	ld	a, c
    00000518 96               [ 8] 1189 	sub	a, (hl)
    00000519 23               [ 8] 1190 	inc	hl
    0000051A 78               [ 4] 1191 	ld	a, b
    0000051B 9E               [ 8] 1192 	sbc	a, (hl)
    0000051C 30 0E            [12] 1193 	jr	NC, 00186$
    0000051E 21r00r00         [12] 1194 	ld	hl, #_camera_x
    00000521 79               [ 4] 1195 	ld	a, c
    00000522 22               [ 8] 1196 	ld	(hl+), a
    00000523 70               [ 8] 1197 	ld	(hl), b
    00000524 18 06            [12] 1198 	jr	00186$
    00000526                       1199 00185$:
                                   1200 ;src/player.c:335: else camera_x=0;
    00000526 AF               [ 4] 1201 	xor	a, a
    00000527 21r00r00         [12] 1202 	ld	hl, #_camera_x
    0000052A 22               [ 8] 1203 	ld	(hl+), a
    0000052B 77               [ 8] 1204 	ld	(hl), a
    0000052C                       1205 00186$:
                                   1206 ;src/player.c:345: uint8_t frame = grounded ? (turning ? 5 :((playerXVelocity>>4)==0 ? 0 : threeFrameCounterValue)) : (playerYVelocity<0 ? 3 : 4);
    0000052C F8 06            [12] 1207 	ldhl	sp,	#6
    0000052E 7E               [ 8] 1208 	ld	a, (hl)
    0000052F B7               [ 4] 1209 	or	a, a
    00000530 28 18            [12] 1210 	jr	Z, 00204$
    00000532 F8 03            [12] 1211 	ldhl	sp,	#3
    00000534 7E               [ 8] 1212 	ld	a, (hl)
    00000535 B7               [ 4] 1213 	or	a, a
    00000536 28 04            [12] 1214 	jr	Z, 00206$
    00000538 0E 05            [ 8] 1215 	ld	c, #0x05
    0000053A 18 29            [12] 1216 	jr	00205$
    0000053C                       1217 00206$:
    0000053C F8 05            [12] 1218 	ldhl	sp,	#5
    0000053E 3A               [ 8] 1219 	ld	a, (hl-)
    0000053F B6               [ 8] 1220 	or	a, (hl)
    00000540 20 03            [12] 1221 	jr	NZ, 00208$
    00000542 4F               [ 4] 1222 	ld	c, a
    00000543 18 20            [12] 1223 	jr	00205$
    00000545                       1224 00208$:
    00000545 F8 02            [12] 1225 	ldhl	sp,	#2
    00000547 4E               [ 8] 1226 	ld	c, (hl)
    00000548 18 1B            [12] 1227 	jr	00205$
    0000054A                       1228 00204$:
    0000054A FAr06r00         [16] 1229 	ld	a, (#_playerYVelocity)
    0000054D F8 0D            [12] 1230 	ldhl	sp,	#13
    0000054F 77               [ 8] 1231 	ld	(hl), a
    00000550 FAr07r00         [16] 1232 	ld	a, (#_playerYVelocity + 1)
    00000553 F8 0E            [12] 1233 	ldhl	sp,	#14
    00000555 77               [ 8] 1234 	ld	(hl), a
    00000556 CB 7E            [12] 1235 	bit	7, (hl)
    00000558 28 04            [12] 1236 	jr	Z, 00210$
    0000055A 36 03            [12] 1237 	ld	(hl), #0x03
    0000055C 18 04            [12] 1238 	jr	00211$
    0000055E                       1239 00210$:
    0000055E F8 0E            [12] 1240 	ldhl	sp,	#14
    00000560 36 04            [12] 1241 	ld	(hl), #0x04
    00000562                       1242 00211$:
    00000562 F8 0E            [12] 1243 	ldhl	sp,	#14
    00000564 4E               [ 8] 1244 	ld	c, (hl)
    00000565                       1245 00205$:
                                   1246 ;src/player.c:346: uint8_t directionOffset = facingRight ? 0 : 6;
    00000565 FAr00r00         [16] 1247 	ld	a, (#_facingRight)
    00000568 B7               [ 4] 1248 	or	a, a
    00000569 28 03            [12] 1249 	jr	Z, 00212$
    0000056B AF               [ 4] 1250 	xor	a, a
    0000056C 18 02            [12] 1251 	jr	00213$
    0000056E                       1252 00212$:
    0000056E 3E 06            [ 8] 1253 	ld	a, #0x06
    00000570                       1254 00213$:
                                   1255 ;src/player.c:348: uint8_t spritesUsed = DrawPlayer(playerRealX,playerRealY,frame+directionOffset);
    00000570 81               [ 4] 1256 	add	a, c
    00000571 F5               [16] 1257 	push	af
    00000572 33               [ 8] 1258 	inc	sp
    00000573 F8 0A            [12] 1259 	ldhl	sp,	#10
    00000575 2A               [ 8] 1260 	ld	a, (hl+)
    00000576 4F               [ 4] 1261 	ld	c, a
    00000577 46               [ 8] 1262 	ld	b, (hl)
    00000578 F8 08            [12] 1263 	ldhl	sp,	#8
    0000057A 2A               [ 8] 1264 	ld	a, (hl+)
    0000057B 5F               [ 4] 1265 	ld	e, a
    0000057C 56               [ 8] 1266 	ld	d, (hl)
    0000057D CDr67r00         [24] 1267 	call	_DrawPlayer
    00000580 4F               [ 4] 1268 	ld	c, a
                                   1269 ;src/player.c:351: if(playerRealX>currentLevelWidth-32){
    00000581 FAr00r00         [16] 1270 	ld	a, (_currentLevelWidth)
    00000584 21r01r00         [12] 1271 	ld	hl, #_currentLevelWidth + 1
    00000587 46               [ 8] 1272 	ld	b, (hl)
    00000588 C6 E0            [ 8] 1273 	add	a, #0xe0
    0000058A 5F               [ 4] 1274 	ld	e, a
    0000058B 78               [ 4] 1275 	ld	a, b
    0000058C CE FF            [ 8] 1276 	adc	a, #0xff
    0000058E 47               [ 4] 1277 	ld	b, a
    0000058F F8 0B            [12] 1278 	ldhl	sp,	#11
    00000591 7B               [ 4] 1279 	ld	a, e
    00000592 96               [ 8] 1280 	sub	a, (hl)
    00000593 23               [ 8] 1281 	inc	hl
    00000594 78               [ 4] 1282 	ld	a, b
    00000595 9E               [ 8] 1283 	sbc	a, (hl)
    00000596 30 04            [12] 1284 	jr	NC, 00188$
                                   1285 ;src/player.c:352: nextLevel++;
    00000598 21r00r00         [12] 1286 	ld	hl, #_nextLevel
    0000059B 34               [12] 1287 	inc	(hl)
    0000059C                       1288 00188$:
                                   1289 ;src/player.c:355: return spritesUsed;
    0000059C 79               [ 4] 1290 	ld	a, c
                                   1291 ;src/player.c:356: }
    0000059D E8 0F            [16] 1292 	add	sp, #15
    0000059F C9               [16] 1293 	ret
                                   1294 	.area _CODE_255
                                   1295 	.area _INITIALIZER
    00000000                       1296 __xinit__facingRight:
    00000000 01                    1297 	.db #0x01	; 1
    00000001                       1298 __xinit__playerJumpIncrease:
    00000001 00                    1299 	.db #0x00	; 0
    00000002                       1300 __xinit__threeFrameCounter:
    00000002 00                    1301 	.db #0x00	; 0
                                   1302 	.area _CABS (ABS)
