                                      1 ;--------------------------------------------------------
                                      2 ; File Created by SDCC : free open source ISO C Compiler
                                      3 ; Version 4.5.1 #15267 (Mac OS X ppc)
                                      4 ;--------------------------------------------------------
                                      5 	.module dungeon_tiles
                                      6 	
                                      7 ;--------------------------------------------------------
                                      8 ; Public variables in this module
                                      9 ;--------------------------------------------------------
                                     10 	.globl _dungeon_tiles
                                     11 ;--------------------------------------------------------
                                     12 ; special function registers
                                     13 ;--------------------------------------------------------
                                     14 ;--------------------------------------------------------
                                     15 ; ram data
                                     16 ;--------------------------------------------------------
                                     17 	.area _DATA
                                     18 ;--------------------------------------------------------
                                     19 ; ram data
                                     20 ;--------------------------------------------------------
                                     21 	.area _INITIALIZED
                                     22 ;--------------------------------------------------------
                                     23 ; absolute external ram data
                                     24 ;--------------------------------------------------------
                                     25 	.area _DABS (ABS)
                                     26 ;--------------------------------------------------------
                                     27 ; global & static initialisations
                                     28 ;--------------------------------------------------------
                                     29 	.area _HOME
                                     30 	.area _GSINIT
                                     31 	.area _GSFINAL
                                     32 	.area _GSINIT
                                     33 ;--------------------------------------------------------
                                     34 ; Home
                                     35 ;--------------------------------------------------------
                                     36 	.area _HOME
                                     37 	.area _HOME
                                     38 ;--------------------------------------------------------
                                     39 ; code
                                     40 ;--------------------------------------------------------
                                     41 	.area _CODE
                                     42 	.area _CODE
    00000000                         43 _dungeon_tiles:
    00000000 00                      44 	.db #0x00	; 0
    00000001 FF                      45 	.db #0xff	; 255
    00000002 00                      46 	.db #0x00	; 0
    00000003 FF                      47 	.db #0xff	; 255
    00000004 00                      48 	.db #0x00	; 0
    00000005 FF                      49 	.db #0xff	; 255
    00000006 00                      50 	.db #0x00	; 0
    00000007 FF                      51 	.db #0xff	; 255
    00000008 00                      52 	.db #0x00	; 0
    00000009 FF                      53 	.db #0xff	; 255
    0000000A 00                      54 	.db #0x00	; 0
    0000000B FF                      55 	.db #0xff	; 255
    0000000C 00                      56 	.db #0x00	; 0
    0000000D FF                      57 	.db #0xff	; 255
    0000000E 00                      58 	.db #0x00	; 0
    0000000F FF                      59 	.db #0xff	; 255
    00000010 00                      60 	.db #0x00	; 0
    00000011 00                      61 	.db #0x00	; 0
    00000012 00                      62 	.db #0x00	; 0
    00000013 00                      63 	.db #0x00	; 0
    00000014 00                      64 	.db #0x00	; 0
    00000015 00                      65 	.db #0x00	; 0
    00000016 00                      66 	.db #0x00	; 0
    00000017 00                      67 	.db #0x00	; 0
    00000018 00                      68 	.db #0x00	; 0
    00000019 00                      69 	.db #0x00	; 0
    0000001A 00                      70 	.db #0x00	; 0
    0000001B 00                      71 	.db #0x00	; 0
    0000001C 00                      72 	.db #0x00	; 0
    0000001D 00                      73 	.db #0x00	; 0
    0000001E 00                      74 	.db #0x00	; 0
    0000001F 00                      75 	.db #0x00	; 0
    00000020 FF                      76 	.db #0xff	; 255
    00000021 FF                      77 	.db #0xff	; 255
    00000022 FF                      78 	.db #0xff	; 255
    00000023 FF                      79 	.db #0xff	; 255
    00000024 FF                      80 	.db #0xff	; 255
    00000025 FF                      81 	.db #0xff	; 255
    00000026 FF                      82 	.db #0xff	; 255
    00000027 FF                      83 	.db #0xff	; 255
    00000028 FF                      84 	.db #0xff	; 255
    00000029 FF                      85 	.db #0xff	; 255
    0000002A FF                      86 	.db #0xff	; 255
    0000002B FF                      87 	.db #0xff	; 255
    0000002C FF                      88 	.db #0xff	; 255
    0000002D FF                      89 	.db #0xff	; 255
    0000002E FF                      90 	.db #0xff	; 255
    0000002F FF                      91 	.db #0xff	; 255
    00000030 FF                      92 	.db #0xff	; 255
    00000031 FF                      93 	.db #0xff	; 255
    00000032 08                      94 	.db #0x08	; 8
    00000033 08                      95 	.db #0x08	; 8
    00000034 08                      96 	.db #0x08	; 8
    00000035 08                      97 	.db #0x08	; 8
    00000036 EB                      98 	.db #0xeb	; 235
    00000037 1C                      99 	.db #0x1c	; 28
    00000038 FF                     100 	.db #0xff	; 255
    00000039 FF                     101 	.db #0xff	; 255
    0000003A 80                     102 	.db #0x80	; 128
    0000003B 80                     103 	.db #0x80	; 128
    0000003C FF                     104 	.db #0xff	; 255
    0000003D 80                     105 	.db #0x80	; 128
    0000003E FF                     106 	.db #0xff	; 255
    0000003F 80                     107 	.db #0x80	; 128
    00000040 FF                     108 	.db #0xff	; 255
    00000041 FF                     109 	.db #0xff	; 255
    00000042 10                     110 	.db #0x10	; 16
    00000043 10                     111 	.db #0x10	; 16
    00000044 10                     112 	.db #0x10	; 16
    00000045 10                     113 	.db #0x10	; 16
    00000046 D7                     114 	.db #0xd7	; 215
    00000047 38                     115 	.db #0x38	; 56	'8'
    00000048 FF                     116 	.db #0xff	; 255
    00000049 FF                     117 	.db #0xff	; 255
    0000004A 00                     118 	.db #0x00	; 0
    0000004B 00                     119 	.db #0x00	; 0
    0000004C FF                     120 	.db #0xff	; 255
    0000004D 00                     121 	.db #0x00	; 0
    0000004E FF                     122 	.db #0xff	; 255
    0000004F 00                     123 	.db #0x00	; 0
    00000050 FF                     124 	.db #0xff	; 255
    00000051 FF                     125 	.db #0xff	; 255
    00000052 78                     126 	.db #0x78	; 120	'x'
    00000053 37                     127 	.db #0x37	; 55	'7'
    00000054 F3                     128 	.db #0xf3	; 243
    00000055 6F                     129 	.db #0x6f	; 111	'o'
    00000056 67                     130 	.db #0x67	; 103	'g'
    00000057 DF                     131 	.db #0xdf	; 223
    00000058 CF                     132 	.db #0xcf	; 207
    00000059 FF                     133 	.db #0xff	; 255
    0000005A 4F                     134 	.db #0x4f	; 79	'O'
    0000005B 7F                     135 	.db #0x7f	; 127
    0000005C DF                     136 	.db #0xdf	; 223
    0000005D 7F                     137 	.db #0x7f	; 127
    0000005E DF                     138 	.db #0xdf	; 223
    0000005F 7F                     139 	.db #0x7f	; 127
    00000060 FF                     140 	.db #0xff	; 255
    00000061 FF                     141 	.db #0xff	; 255
    00000062 1E                     142 	.db #0x1e	; 30
    00000063 EC                     143 	.db #0xec	; 236
    00000064 CF                     144 	.db #0xcf	; 207
    00000065 F6                     145 	.db #0xf6	; 246
    00000066 E6                     146 	.db #0xe6	; 230
    00000067 FB                     147 	.db #0xfb	; 251
    00000068 F3                     148 	.db #0xf3	; 243
    00000069 FF                     149 	.db #0xff	; 255
    0000006A F2                     150 	.db #0xf2	; 242
    0000006B FE                     151 	.db #0xfe	; 254
    0000006C FB                     152 	.db #0xfb	; 251
    0000006D FE                     153 	.db #0xfe	; 254
    0000006E FB                     154 	.db #0xfb	; 251
    0000006F FE                     155 	.db #0xfe	; 254
    00000070 FF                     156 	.db #0xff	; 255
    00000071 FF                     157 	.db #0xff	; 255
    00000072 90                     158 	.db #0x90	; 144
    00000073 90                     159 	.db #0x90	; 144
    00000074 90                     160 	.db #0x90	; 144
    00000075 90                     161 	.db #0x90	; 144
    00000076 D7                     162 	.db #0xd7	; 215
    00000077 B8                     163 	.db #0xb8	; 184
    00000078 FF                     164 	.db #0xff	; 255
    00000079 FF                     165 	.db #0xff	; 255
    0000007A 80                     166 	.db #0x80	; 128
    0000007B 80                     167 	.db #0x80	; 128
    0000007C FF                     168 	.db #0xff	; 255
    0000007D 80                     169 	.db #0x80	; 128
    0000007E FF                     170 	.db #0xff	; 255
    0000007F 80                     171 	.db #0x80	; 128
    00000080 FF                     172 	.db #0xff	; 255
    00000081 FF                     173 	.db #0xff	; 255
    00000082 00                     174 	.db #0x00	; 0
    00000083 00                     175 	.db #0x00	; 0
    00000084 00                     176 	.db #0x00	; 0
    00000085 00                     177 	.db #0x00	; 0
    00000086 7F                     178 	.db #0x7f	; 127
    00000087 80                     179 	.db #0x80	; 128
    00000088 FF                     180 	.db #0xff	; 255
    00000089 FF                     181 	.db #0xff	; 255
    0000008A 00                     182 	.db #0x00	; 0
    0000008B 00                     183 	.db #0x00	; 0
    0000008C FF                     184 	.db #0xff	; 255
    0000008D 00                     185 	.db #0x00	; 0
    0000008E FF                     186 	.db #0xff	; 255
    0000008F 00                     187 	.db #0x00	; 0
    00000090 FF                     188 	.db #0xff	; 255
    00000091 FF                     189 	.db #0xff	; 255
    00000092 03                     190 	.db #0x03	; 3
    00000093 03                     191 	.db #0x03	; 3
    00000094 05                     192 	.db #0x05	; 5
    00000095 05                     193 	.db #0x05	; 5
    00000096 E9                     194 	.db #0xe9	; 233
    00000097 19                     195 	.db #0x19	; 25
    00000098 F1                     196 	.db #0xf1	; 241
    00000099 F9                     197 	.db #0xf9	; 249
    0000009A 39                     198 	.db #0x39	; 57	'9'
    0000009B 31                     199 	.db #0x31	; 49	'1'
    0000009C D9                     200 	.db #0xd9	; 217
    0000009D 51                     201 	.db #0x51	; 81	'Q'
    0000009E D9                     202 	.db #0xd9	; 217
    0000009F 91                     203 	.db #0x91	; 145
    000000A0 FF                     204 	.db #0xff	; 255
    000000A1 FF                     205 	.db #0xff	; 255
    000000A2 C0                     206 	.db #0xc0	; 192
    000000A3 C0                     207 	.db #0xc0	; 192
    000000A4 A0                     208 	.db #0xa0	; 160
    000000A5 A0                     209 	.db #0xa0	; 160
    000000A6 97                     210 	.db #0x97	; 151
    000000A7 98                     211 	.db #0x98	; 152
    000000A8 8F                     212 	.db #0x8f	; 143
    000000A9 9F                     213 	.db #0x9f	; 159
    000000AA 9C                     214 	.db #0x9c	; 156
    000000AB 8C                     215 	.db #0x8c	; 140
    000000AC 9B                     216 	.db #0x9b	; 155
    000000AD 8A                     217 	.db #0x8a	; 138
    000000AE 9B                     218 	.db #0x9b	; 155
    000000AF 89                     219 	.db #0x89	; 137
    000000B0 FF                     220 	.db #0xff	; 255
    000000B1 FF                     221 	.db #0xff	; 255
    000000B2 00                     222 	.db #0x00	; 0
    000000B3 00                     223 	.db #0x00	; 0
    000000B4 00                     224 	.db #0x00	; 0
    000000B5 00                     225 	.db #0x00	; 0
    000000B6 FE                     226 	.db #0xfe	; 254
    000000B7 01                     227 	.db #0x01	; 1
    000000B8 FF                     228 	.db #0xff	; 255
    000000B9 FF                     229 	.db #0xff	; 255
    000000BA 00                     230 	.db #0x00	; 0
    000000BB 00                     231 	.db #0x00	; 0
    000000BC FF                     232 	.db #0xff	; 255
    000000BD 00                     233 	.db #0x00	; 0
    000000BE FF                     234 	.db #0xff	; 255
    000000BF 00                     235 	.db #0x00	; 0
    000000C0 FF                     236 	.db #0xff	; 255
    000000C1 FF                     237 	.db #0xff	; 255
    000000C2 09                     238 	.db #0x09	; 9
    000000C3 09                     239 	.db #0x09	; 9
    000000C4 09                     240 	.db #0x09	; 9
    000000C5 09                     241 	.db #0x09	; 9
    000000C6 EB                     242 	.db #0xeb	; 235
    000000C7 1D                     243 	.db #0x1d	; 29
    000000C8 FF                     244 	.db #0xff	; 255
    000000C9 FF                     245 	.db #0xff	; 255
    000000CA 81                     246 	.db #0x81	; 129
    000000CB 81                     247 	.db #0x81	; 129
    000000CC FF                     248 	.db #0xff	; 255
    000000CD 81                     249 	.db #0x81	; 129
    000000CE FF                     250 	.db #0xff	; 255
    000000CF 81                     251 	.db #0x81	; 129
    000000D0 9B                     252 	.db #0x9b	; 155
    000000D1 88                     253 	.db #0x88	; 136
    000000D2 9B                     254 	.db #0x9b	; 155
    000000D3 88                     255 	.db #0x88	; 136
    000000D4 9B                     256 	.db #0x9b	; 155
    000000D5 88                     257 	.db #0x88	; 136
    000000D6 9B                     258 	.db #0x9b	; 155
    000000D7 88                     259 	.db #0x88	; 136
    000000D8 9B                     260 	.db #0x9b	; 155
    000000D9 88                     261 	.db #0x88	; 136
    000000DA 9B                     262 	.db #0x9b	; 155
    000000DB 88                     263 	.db #0x88	; 136
    000000DC 9B                     264 	.db #0x9b	; 155
    000000DD 88                     265 	.db #0x88	; 136
    000000DE 8B                     266 	.db #0x8b	; 139
    000000DF 98                     267 	.db #0x98	; 152
    000000E0 80                     268 	.db #0x80	; 128
    000000E1 FF                     269 	.db #0xff	; 255
    000000E2 61                     270 	.db #0x61	; 97	'a'
    000000E3 FF                     271 	.db #0xff	; 255
    000000E4 7F                     272 	.db #0x7f	; 127
    000000E5 FF                     273 	.db #0xff	; 255
    000000E6 3F                     274 	.db #0x3f	; 63
    000000E7 F0                     275 	.db #0xf0	; 240
    000000E8 38                     276 	.db #0x38	; 56	'8'
    000000E9 EF                     277 	.db #0xef	; 239
    000000EA 34                     278 	.db #0x34	; 52	'4'
    000000EB EF                     279 	.db #0xef	; 239
    000000EC 33                     280 	.db #0x33	; 51	'3'
    000000ED EF                     281 	.db #0xef	; 239
    000000EE 73                     282 	.db #0x73	; 115	's'
    000000EF EF                     283 	.db #0xef	; 239
    000000F0 80                     284 	.db #0x80	; 128
    000000F1 FF                     285 	.db #0xff	; 255
    000000F2 C1                     286 	.db #0xc1	; 193
    000000F3 FF                     287 	.db #0xff	; 255
    000000F4 FF                     288 	.db #0xff	; 255
    000000F5 FF                     289 	.db #0xff	; 255
    000000F6 FF                     290 	.db #0xff	; 255
    000000F7 88                     291 	.db #0x88	; 136
    000000F8 88                     292 	.db #0x88	; 136
    000000F9 FF                     293 	.db #0xff	; 255
    000000FA 88                     294 	.db #0x88	; 136
    000000FB FF                     295 	.db #0xff	; 255
    000000FC CC                     296 	.db #0xcc	; 204
    000000FD FF                     297 	.db #0xff	; 255
    000000FE FF                     298 	.db #0xff	; 255
    000000FF FF                     299 	.db #0xff	; 255
    00000100 80                     300 	.db #0x80	; 128
    00000101 FF                     301 	.db #0xff	; 255
    00000102 C0                     302 	.db #0xc0	; 192
    00000103 FF                     303 	.db #0xff	; 255
    00000104 FF                     304 	.db #0xff	; 255
    00000105 FF                     305 	.db #0xff	; 255
    00000106 FF                     306 	.db #0xff	; 255
    00000107 20                     307 	.db #0x20	; 32
    00000108 20                     308 	.db #0x20	; 32
    00000109 FF                     309 	.db #0xff	; 255
    0000010A 20                     310 	.db #0x20	; 32
    0000010B FF                     311 	.db #0xff	; 255
    0000010C 70                     312 	.db #0x70	; 112	'p'
    0000010D FF                     313 	.db #0xff	; 255
    0000010E FF                     314 	.db #0xff	; 255
    0000010F FF                     315 	.db #0xff	; 255
    00000110 00                     316 	.db #0x00	; 0
    00000111 FF                     317 	.db #0xff	; 255
    00000112 01                     318 	.db #0x01	; 1
    00000113 FF                     319 	.db #0xff	; 255
    00000114 FF                     320 	.db #0xff	; 255
    00000115 FF                     321 	.db #0xff	; 255
    00000116 FF                     322 	.db #0xff	; 255
    00000117 08                     323 	.db #0x08	; 8
    00000118 08                     324 	.db #0x08	; 8
    00000119 FF                     325 	.db #0xff	; 255
    0000011A 08                     326 	.db #0x08	; 8
    0000011B FF                     327 	.db #0xff	; 255
    0000011C 1C                     328 	.db #0x1c	; 28
    0000011D FF                     329 	.db #0xff	; 255
    0000011E FF                     330 	.db #0xff	; 255
    0000011F FF                     331 	.db #0xff	; 255
    00000120 DF                     332 	.db #0xdf	; 223
    00000121 7F                     333 	.db #0x7f	; 127
    00000122 5F                     334 	.db #0x5f	; 95
    00000123 FF                     335 	.db #0xff	; 255
    00000124 D5                     336 	.db #0xd5	; 213
    00000125 FF                     337 	.db #0xff	; 255
    00000126 5F                     338 	.db #0x5f	; 95
    00000127 7F                     339 	.db #0x7f	; 127
    00000128 DA                     340 	.db #0xda	; 218
    00000129 7F                     341 	.db #0x7f	; 127
    0000012A D5                     342 	.db #0xd5	; 213
    0000012B 7F                     343 	.db #0x7f	; 127
    0000012C 5F                     344 	.db #0x5f	; 95
    0000012D FF                     345 	.db #0xff	; 255
    0000012E E0                     346 	.db #0xe0	; 224
    0000012F DF                     347 	.db #0xdf	; 223
    00000130 FB                     348 	.db #0xfb	; 251
    00000131 FE                     349 	.db #0xfe	; 254
    00000132 FA                     350 	.db #0xfa	; 250
    00000133 FF                     351 	.db #0xff	; 255
    00000134 5B                     352 	.db #0x5b	; 91
    00000135 FF                     353 	.db #0xff	; 255
    00000136 FA                     354 	.db #0xfa	; 250
    00000137 FE                     355 	.db #0xfe	; 254
    00000138 AB                     356 	.db #0xab	; 171
    00000139 FE                     357 	.db #0xfe	; 254
    0000013A 5B                     358 	.db #0x5b	; 91
    0000013B FE                     359 	.db #0xfe	; 254
    0000013C FA                     360 	.db #0xfa	; 250
    0000013D FF                     361 	.db #0xff	; 255
    0000013E 07                     362 	.db #0x07	; 7
    0000013F FB                     363 	.db #0xfb	; 251
    00000140 01                     364 	.db #0x01	; 1
    00000141 FF                     365 	.db #0xff	; 255
    00000142 86                     366 	.db #0x86	; 134
    00000143 FF                     367 	.db #0xff	; 255
    00000144 FE                     368 	.db #0xfe	; 254
    00000145 FF                     369 	.db #0xff	; 255
    00000146 FC                     370 	.db #0xfc	; 252
    00000147 0F                     371 	.db #0x0f	; 15
    00000148 1C                     372 	.db #0x1c	; 28
    00000149 F7                     373 	.db #0xf7	; 247
    0000014A 2C                     374 	.db #0x2c	; 44
    0000014B F7                     375 	.db #0xf7	; 247
    0000014C CC                     376 	.db #0xcc	; 204
    0000014D F7                     377 	.db #0xf7	; 247
    0000014E CE                     378 	.db #0xce	; 206
    0000014F F7                     379 	.db #0xf7	; 247
    00000150 D9                     380 	.db #0xd9	; 217
    00000151 11                     381 	.db #0x11	; 17
    00000152 D9                     382 	.db #0xd9	; 217
    00000153 11                     383 	.db #0x11	; 17
    00000154 D9                     384 	.db #0xd9	; 217
    00000155 11                     385 	.db #0x11	; 17
    00000156 D9                     386 	.db #0xd9	; 217
    00000157 11                     387 	.db #0x11	; 17
    00000158 D9                     388 	.db #0xd9	; 217
    00000159 11                     389 	.db #0x11	; 17
    0000015A D9                     390 	.db #0xd9	; 217
    0000015B 11                     391 	.db #0x11	; 17
    0000015C D9                     392 	.db #0xd9	; 217
    0000015D 11                     393 	.db #0x11	; 17
    0000015E D1                     394 	.db #0xd1	; 209
    0000015F 19                     395 	.db #0x19	; 25
    00000160 81                     396 	.db #0x81	; 129
    00000161 FF                     397 	.db #0xff	; 255
    00000162 C3                     398 	.db #0xc3	; 195
    00000163 FF                     399 	.db #0xff	; 255
    00000164 FF                     400 	.db #0xff	; 255
    00000165 FF                     401 	.db #0xff	; 255
    00000166 FF                     402 	.db #0xff	; 255
    00000167 21                     403 	.db #0x21	; 33
    00000168 21                     404 	.db #0x21	; 33
    00000169 FF                     405 	.db #0xff	; 255
    0000016A 21                     406 	.db #0x21	; 33
    0000016B FF                     407 	.db #0xff	; 255
    0000016C 73                     408 	.db #0x73	; 115	's'
    0000016D FF                     409 	.db #0xff	; 255
    0000016E FF                     410 	.db #0xff	; 255
    0000016F FF                     411 	.db #0xff	; 255
    00000170 FF                     412 	.db #0xff	; 255
    00000171 FF                     413 	.db #0xff	; 255
    00000172 9B                     414 	.db #0x9b	; 155
    00000173 88                     415 	.db #0x88	; 136
    00000174 8B                     416 	.db #0x8b	; 139
    00000175 98                     417 	.db #0x98	; 152
    00000176 FB                     418 	.db #0xfb	; 251
    00000177 F8                     419 	.db #0xf8	; 248
    00000178 8B                     420 	.db #0x8b	; 139
    00000179 98                     421 	.db #0x98	; 152
    0000017A 9B                     422 	.db #0x9b	; 155
    0000017B 88                     423 	.db #0x88	; 136
    0000017C 9B                     424 	.db #0x9b	; 155
    0000017D 88                     425 	.db #0x88	; 136
    0000017E 9F                     426 	.db #0x9f	; 159
    0000017F 8F                     427 	.db #0x8f	; 143
    00000180 FF                     428 	.db #0xff	; 255
    00000181 FF                     429 	.db #0xff	; 255
    00000182 73                     430 	.db #0x73	; 115	's'
    00000183 EF                     431 	.db #0xef	; 239
    00000184 31                     432 	.db #0x31	; 49	'1'
    00000185 EF                     433 	.db #0xef	; 239
    00000186 31                     434 	.db #0x31	; 49	'1'
    00000187 EF                     435 	.db #0xef	; 239
    00000188 33                     436 	.db #0x33	; 51	'3'
    00000189 EF                     437 	.db #0xef	; 239
    0000018A 3F                     438 	.db #0x3f	; 63
    0000018B FF                     439 	.db #0xff	; 255
    0000018C 73                     440 	.db #0x73	; 115	's'
    0000018D EF                     441 	.db #0xef	; 239
    0000018E F1                     442 	.db #0xf1	; 241
    0000018F EF                     443 	.db #0xef	; 239
    00000190 8F                     444 	.db #0x8f	; 143
    00000191 F7                     445 	.db #0xf7	; 247
    00000192 CE                     446 	.db #0xce	; 206
    00000193 F7                     447 	.db #0xf7	; 247
    00000194 FC                     448 	.db #0xfc	; 252
    00000195 FF                     449 	.db #0xff	; 255
    00000196 CC                     450 	.db #0xcc	; 204
    00000197 F7                     451 	.db #0xf7	; 247
    00000198 8C                     452 	.db #0x8c	; 140
    00000199 F7                     453 	.db #0xf7	; 247
    0000019A 8C                     454 	.db #0x8c	; 140
    0000019B F7                     455 	.db #0xf7	; 247
    0000019C 8C                     456 	.db #0x8c	; 140
    0000019D F7                     457 	.db #0xf7	; 247
    0000019E 8C                     458 	.db #0x8c	; 140
    0000019F F7                     459 	.db #0xf7	; 247
    000001A0 F9                     460 	.db #0xf9	; 249
    000001A1 F1                     461 	.db #0xf1	; 241
    000001A2 D9                     462 	.db #0xd9	; 217
    000001A3 11                     463 	.db #0x11	; 17
    000001A4 D9                     464 	.db #0xd9	; 217
    000001A5 11                     465 	.db #0x11	; 17
    000001A6 D1                     466 	.db #0xd1	; 209
    000001A7 19                     467 	.db #0x19	; 25
    000001A8 DF                     468 	.db #0xdf	; 223
    000001A9 1F                     469 	.db #0x1f	; 31
    000001AA D1                     470 	.db #0xd1	; 209
    000001AB 19                     471 	.db #0x19	; 25
    000001AC D9                     472 	.db #0xd9	; 217
    000001AD 11                     473 	.db #0x11	; 17
    000001AE D9                     474 	.db #0xd9	; 217
    000001AF 11                     475 	.db #0x11	; 17
    000001B0 9B                     476 	.db #0x9b	; 155
    000001B1 88                     477 	.db #0x88	; 136
    000001B2 9B                     478 	.db #0x9b	; 155
    000001B3 88                     479 	.db #0x88	; 136
    000001B4 8B                     480 	.db #0x8b	; 139
    000001B5 98                     481 	.db #0x98	; 152
    000001B6 FB                     482 	.db #0xfb	; 251
    000001B7 F8                     483 	.db #0xf8	; 248
    000001B8 8B                     484 	.db #0x8b	; 139
    000001B9 98                     485 	.db #0x98	; 152
    000001BA 9B                     486 	.db #0x9b	; 155
    000001BB 88                     487 	.db #0x88	; 136
    000001BC 9B                     488 	.db #0x9b	; 155
    000001BD 88                     489 	.db #0x88	; 136
    000001BE 9F                     490 	.db #0x9f	; 159
    000001BF 8F                     491 	.db #0x8f	; 143
    000001C0 71                     492 	.db #0x71	; 113	'q'
    000001C1 EF                     493 	.db #0xef	; 239
    000001C2 31                     494 	.db #0x31	; 49	'1'
    000001C3 EF                     495 	.db #0xef	; 239
    000001C4 33                     496 	.db #0x33	; 51	'3'
    000001C5 EF                     497 	.db #0xef	; 239
    000001C6 3F                     498 	.db #0x3f	; 63
    000001C7 FF                     499 	.db #0xff	; 255
    000001C8 33                     500 	.db #0x33	; 51	'3'
    000001C9 EF                     501 	.db #0xef	; 239
    000001CA 31                     502 	.db #0x31	; 49	'1'
    000001CB EF                     503 	.db #0xef	; 239
    000001CC 31                     504 	.db #0x31	; 49	'1'
    000001CD EF                     505 	.db #0xef	; 239
    000001CE 31                     506 	.db #0x31	; 49	'1'
    000001CF EF                     507 	.db #0xef	; 239
    000001D0 FF                     508 	.db #0xff	; 255
    000001D1 FF                     509 	.db #0xff	; 255
    000001D2 CE                     510 	.db #0xce	; 206
    000001D3 F7                     511 	.db #0xf7	; 247
    000001D4 8C                     512 	.db #0x8c	; 140
    000001D5 F7                     513 	.db #0xf7	; 247
    000001D6 8C                     514 	.db #0x8c	; 140
    000001D7 F7                     515 	.db #0xf7	; 247
    000001D8 FC                     516 	.db #0xfc	; 252
    000001D9 FF                     517 	.db #0xff	; 255
    000001DA CC                     518 	.db #0xcc	; 204
    000001DB F7                     519 	.db #0xf7	; 247
    000001DC 8C                     520 	.db #0x8c	; 140
    000001DD F7                     521 	.db #0xf7	; 247
    000001DE 8E                     522 	.db #0x8e	; 142
    000001DF F7                     523 	.db #0xf7	; 247
    000001E0 FF                     524 	.db #0xff	; 255
    000001E1 FF                     525 	.db #0xff	; 255
    000001E2 D9                     526 	.db #0xd9	; 217
    000001E3 11                     527 	.db #0x11	; 17
    000001E4 D1                     528 	.db #0xd1	; 209
    000001E5 19                     529 	.db #0x19	; 25
    000001E6 DF                     530 	.db #0xdf	; 223
    000001E7 1F                     531 	.db #0x1f	; 31
    000001E8 D1                     532 	.db #0xd1	; 209
    000001E9 19                     533 	.db #0x19	; 25
    000001EA D9                     534 	.db #0xd9	; 217
    000001EB 11                     535 	.db #0x11	; 17
    000001EC D9                     536 	.db #0xd9	; 217
    000001ED 11                     537 	.db #0x11	; 17
    000001EE D9                     538 	.db #0xd9	; 217
    000001EF 11                     539 	.db #0x11	; 17
    000001F0 9B                     540 	.db #0x9b	; 155
    000001F1 88                     541 	.db #0x88	; 136
    000001F2 9B                     542 	.db #0x9b	; 155
    000001F3 88                     543 	.db #0x88	; 136
    000001F4 9B                     544 	.db #0x9b	; 155
    000001F5 88                     545 	.db #0x88	; 136
    000001F6 8B                     546 	.db #0x8b	; 139
    000001F7 98                     547 	.db #0x98	; 152
    000001F8 FB                     548 	.db #0xfb	; 251
    000001F9 F8                     549 	.db #0xf8	; 248
    000001FA 8B                     550 	.db #0x8b	; 139
    000001FB 98                     551 	.db #0x98	; 152
    000001FC 9B                     552 	.db #0x9b	; 155
    000001FD 88                     553 	.db #0x88	; 136
    000001FE 9B                     554 	.db #0x9b	; 155
    000001FF 88                     555 	.db #0x88	; 136
    00000200 31                     556 	.db #0x31	; 49	'1'
    00000201 EF                     557 	.db #0xef	; 239
    00000202 31                     558 	.db #0x31	; 49	'1'
    00000203 EF                     559 	.db #0xef	; 239
    00000204 31                     560 	.db #0x31	; 49	'1'
    00000205 EF                     561 	.db #0xef	; 239
    00000206 31                     562 	.db #0x31	; 49	'1'
    00000207 EF                     563 	.db #0xef	; 239
    00000208 33                     564 	.db #0x33	; 51	'3'
    00000209 EF                     565 	.db #0xef	; 239
    0000020A 3F                     566 	.db #0x3f	; 63
    0000020B FF                     567 	.db #0xff	; 255
    0000020C 73                     568 	.db #0x73	; 115	's'
    0000020D EF                     569 	.db #0xef	; 239
    0000020E F1                     570 	.db #0xf1	; 241
    0000020F EF                     571 	.db #0xef	; 239
    00000210 8C                     572 	.db #0x8c	; 140
    00000211 F7                     573 	.db #0xf7	; 247
    00000212 8C                     574 	.db #0x8c	; 140
    00000213 F7                     575 	.db #0xf7	; 247
    00000214 8C                     576 	.db #0x8c	; 140
    00000215 F7                     577 	.db #0xf7	; 247
    00000216 CC                     578 	.db #0xcc	; 204
    00000217 F7                     579 	.db #0xf7	; 247
    00000218 FC                     580 	.db #0xfc	; 252
    00000219 FF                     581 	.db #0xff	; 255
    0000021A CC                     582 	.db #0xcc	; 204
    0000021B F7                     583 	.db #0xf7	; 247
    0000021C 8C                     584 	.db #0x8c	; 140
    0000021D F7                     585 	.db #0xf7	; 247
    0000021E 8E                     586 	.db #0x8e	; 142
    0000021F F7                     587 	.db #0xf7	; 247
    00000220 D9                     588 	.db #0xd9	; 217
    00000221 11                     589 	.db #0x11	; 17
    00000222 D9                     590 	.db #0xd9	; 217
    00000223 11                     591 	.db #0x11	; 17
    00000224 D1                     592 	.db #0xd1	; 209
    00000225 19                     593 	.db #0x19	; 25
    00000226 DF                     594 	.db #0xdf	; 223
    00000227 1F                     595 	.db #0x1f	; 31
    00000228 D1                     596 	.db #0xd1	; 209
    00000229 19                     597 	.db #0x19	; 25
    0000022A D9                     598 	.db #0xd9	; 217
    0000022B 11                     599 	.db #0x11	; 17
    0000022C D9                     600 	.db #0xd9	; 217
    0000022D 11                     601 	.db #0x11	; 17
    0000022E D9                     602 	.db #0xd9	; 217
    0000022F 11                     603 	.db #0x11	; 17
    00000230 FF                     604 	.db #0xff	; 255
    00000231 FF                     605 	.db #0xff	; 255
    00000232 C0                     606 	.db #0xc0	; 192
    00000233 FF                     607 	.db #0xff	; 255
    00000234 A0                     608 	.db #0xa0	; 160
    00000235 FF                     609 	.db #0xff	; 255
    00000236 90                     610 	.db #0x90	; 144
    00000237 FF                     611 	.db #0xff	; 255
    00000238 8F                     612 	.db #0x8f	; 143
    00000239 F8                     613 	.db #0xf8	; 248
    0000023A 8F                     614 	.db #0x8f	; 143
    0000023B F7                     615 	.db #0xf7	; 247
    0000023C 8E                     616 	.db #0x8e	; 142
    0000023D F7                     617 	.db #0xf7	; 247
    0000023E 8D                     618 	.db #0x8d	; 141
    0000023F F7                     619 	.db #0xf7	; 247
    00000240 FF                     620 	.db #0xff	; 255
    00000241 FF                     621 	.db #0xff	; 255
    00000242 0E                     622 	.db #0x0e	; 14
    00000243 FF                     623 	.db #0xff	; 255
    00000244 04                     624 	.db #0x04	; 4
    00000245 FF                     625 	.db #0xff	; 255
    00000246 04                     626 	.db #0x04	; 4
    00000247 FF                     627 	.db #0xff	; 255
    00000248 FF                     628 	.db #0xff	; 255
    00000249 04                     629 	.db #0x04	; 4
    0000024A FF                     630 	.db #0xff	; 255
    0000024B FF                     631 	.db #0xff	; 255
    0000024C 03                     632 	.db #0x03	; 3
    0000024D FF                     633 	.db #0xff	; 255
    0000024E 01                     634 	.db #0x01	; 1
    0000024F FF                     635 	.db #0xff	; 255
    00000250 FF                     636 	.db #0xff	; 255
    00000251 FF                     637 	.db #0xff	; 255
    00000252 38                     638 	.db #0x38	; 56	'8'
    00000253 FF                     639 	.db #0xff	; 255
    00000254 10                     640 	.db #0x10	; 16
    00000255 FF                     641 	.db #0xff	; 255
    00000256 10                     642 	.db #0x10	; 16
    00000257 FF                     643 	.db #0xff	; 255
    00000258 FF                     644 	.db #0xff	; 255
    00000259 10                     645 	.db #0x10	; 16
    0000025A FF                     646 	.db #0xff	; 255
    0000025B FF                     647 	.db #0xff	; 255
    0000025C 80                     648 	.db #0x80	; 128
    0000025D FF                     649 	.db #0xff	; 255
    0000025E 00                     650 	.db #0x00	; 0
    0000025F FF                     651 	.db #0xff	; 255
    00000260 FF                     652 	.db #0xff	; 255
    00000261 FF                     653 	.db #0xff	; 255
    00000262 03                     654 	.db #0x03	; 3
    00000263 FF                     655 	.db #0xff	; 255
    00000264 05                     656 	.db #0x05	; 5
    00000265 FF                     657 	.db #0xff	; 255
    00000266 09                     658 	.db #0x09	; 9
    00000267 FF                     659 	.db #0xff	; 255
    00000268 F1                     660 	.db #0xf1	; 241
    00000269 1F                     661 	.db #0x1f	; 31
    0000026A F1                     662 	.db #0xf1	; 241
    0000026B EF                     663 	.db #0xef	; 239
    0000026C 71                     664 	.db #0x71	; 113	'q'
    0000026D EF                     665 	.db #0xef	; 239
    0000026E B1                     666 	.db #0xb1	; 177
    0000026F EF                     667 	.db #0xef	; 239
    00000270 8F                     668 	.db #0x8f	; 143
    00000271 F7                     669 	.db #0xf7	; 247
    00000272 CE                     670 	.db #0xce	; 206
    00000273 F7                     671 	.db #0xf7	; 247
    00000274 FC                     672 	.db #0xfc	; 252
    00000275 FF                     673 	.db #0xff	; 255
    00000276 CC                     674 	.db #0xcc	; 204
    00000277 F7                     675 	.db #0xf7	; 247
    00000278 8C                     676 	.db #0x8c	; 140
    00000279 F7                     677 	.db #0xf7	; 247
    0000027A 8C                     678 	.db #0x8c	; 140
    0000027B F7                     679 	.db #0xf7	; 247
    0000027C CE                     680 	.db #0xce	; 206
    0000027D F7                     681 	.db #0xf7	; 247
    0000027E FF                     682 	.db #0xff	; 255
    0000027F FF                     683 	.db #0xff	; 255
    00000280 F9                     684 	.db #0xf9	; 249
    00000281 F1                     685 	.db #0xf1	; 241
    00000282 D9                     686 	.db #0xd9	; 217
    00000283 11                     687 	.db #0x11	; 17
    00000284 D9                     688 	.db #0xd9	; 217
    00000285 11                     689 	.db #0x11	; 17
    00000286 D1                     690 	.db #0xd1	; 209
    00000287 19                     691 	.db #0x19	; 25
    00000288 DF                     692 	.db #0xdf	; 223
    00000289 1F                     693 	.db #0x1f	; 31
    0000028A D1                     694 	.db #0xd1	; 209
    0000028B 19                     695 	.db #0x19	; 25
    0000028C D9                     696 	.db #0xd9	; 217
    0000028D 11                     697 	.db #0x11	; 17
    0000028E FF                     698 	.db #0xff	; 255
    0000028F FF                     699 	.db #0xff	; 255
    00000290 AB                     700 	.db #0xab	; 171
    00000291 98                     701 	.db #0x98	; 152
    00000292 FF                     702 	.db #0xff	; 255
    00000293 BF                     703 	.db #0xbf	; 191
    00000294 F0                     704 	.db #0xf0	; 240
    00000295 EF                     705 	.db #0xef	; 239
    00000296 E3                     706 	.db #0xe3	; 227
    00000297 DF                     707 	.db #0xdf	; 223
    00000298 CF                     708 	.db #0xcf	; 207
    00000299 BF                     709 	.db #0xbf	; 191
    0000029A 9F                     710 	.db #0x9f	; 159
    0000029B FF                     711 	.db #0xff	; 255
    0000029C BF                     712 	.db #0xbf	; 191
    0000029D FF                     713 	.db #0xff	; 255
    0000029E BF                     714 	.db #0xbf	; 191
    0000029F FF                     715 	.db #0xff	; 255
    000002A0 AD                     716 	.db #0xad	; 173
    000002A1 63                     717 	.db #0x63	; 99	'c'
    000002A2 FF                     718 	.db #0xff	; 255
    000002A3 FF                     719 	.db #0xff	; 255
    000002A4 01                     720 	.db #0x01	; 1
    000002A5 FE                     721 	.db #0xfe	; 254
    000002A6 FE                     722 	.db #0xfe	; 254
    000002A7 FF                     723 	.db #0xff	; 255
    000002A8 F6                     724 	.db #0xf6	; 246
    000002A9 FF                     725 	.db #0xff	; 255
    000002AA DA                     726 	.db #0xda	; 218
    000002AB FF                     727 	.db #0xff	; 255
    000002AC F6                     728 	.db #0xf6	; 246
    000002AD FF                     729 	.db #0xff	; 255
    000002AE DA                     730 	.db #0xda	; 218
    000002AF FF                     731 	.db #0xff	; 255
    000002B0 FF                     732 	.db #0xff	; 255
    000002B1 80                     733 	.db #0x80	; 128
    000002B2 FF                     734 	.db #0xff	; 255
    000002B3 40                     735 	.db #0x40	; 64
    000002B4 E0                     736 	.db #0xe0	; 224
    000002B5 20                     737 	.db #0x20	; 32
    000002B6 DF                     738 	.db #0xdf	; 223
    000002B7 1F                     739 	.db #0x1f	; 31
    000002B8 DF                     740 	.db #0xdf	; 223
    000002B9 18                     741 	.db #0x18	; 24
    000002BA DC                     742 	.db #0xdc	; 220
    000002BB 14                     743 	.db #0x14	; 20
    000002BC DA                     744 	.db #0xda	; 218
    000002BD 12                     745 	.db #0x12	; 18
    000002BE D9                     746 	.db #0xd9	; 217
    000002BF 11                     747 	.db #0x11	; 17
    000002C0 FF                     748 	.db #0xff	; 255
    000002C1 00                     749 	.db #0x00	; 0
    000002C2 FF                     750 	.db #0xff	; 255
    000002C3 00                     751 	.db #0x00	; 0
    000002C4 00                     752 	.db #0x00	; 0
    000002C5 00                     753 	.db #0x00	; 0
    000002C6 FF                     754 	.db #0xff	; 255
    000002C7 FF                     755 	.db #0xff	; 255
    000002C8 FF                     756 	.db #0xff	; 255
    000002C9 00                     757 	.db #0x00	; 0
    000002CA 00                     758 	.db #0x00	; 0
    000002CB 00                     759 	.db #0x00	; 0
    000002CC 00                     760 	.db #0x00	; 0
    000002CD 00                     761 	.db #0x00	; 0
    000002CE FF                     762 	.db #0xff	; 255
    000002CF FF                     763 	.db #0xff	; 255
    000002D0 FF                     764 	.db #0xff	; 255
    000002D1 01                     765 	.db #0x01	; 1
    000002D2 FF                     766 	.db #0xff	; 255
    000002D3 02                     767 	.db #0x02	; 2
    000002D4 07                     768 	.db #0x07	; 7
    000002D5 04                     769 	.db #0x04	; 4
    000002D6 FB                     770 	.db #0xfb	; 251
    000002D7 F8                     771 	.db #0xf8	; 248
    000002D8 FB                     772 	.db #0xfb	; 251
    000002D9 18                     773 	.db #0x18	; 24
    000002DA 3B                     774 	.db #0x3b	; 59
    000002DB 28                     775 	.db #0x28	; 40
    000002DC 5B                     776 	.db #0x5b	; 91
    000002DD 48                     777 	.db #0x48	; 72	'H'
    000002DE 9B                     778 	.db #0x9b	; 155
    000002DF 88                     779 	.db #0x88	; 136
    000002E0 BF                     780 	.db #0xbf	; 191
    000002E1 FF                     781 	.db #0xff	; 255
    000002E2 BF                     782 	.db #0xbf	; 191
    000002E3 FF                     783 	.db #0xff	; 255
    000002E4 9F                     784 	.db #0x9f	; 159
    000002E5 FF                     785 	.db #0xff	; 255
    000002E6 CF                     786 	.db #0xcf	; 207
    000002E7 BF                     787 	.db #0xbf	; 191
    000002E8 E3                     788 	.db #0xe3	; 227
    000002E9 DF                     789 	.db #0xdf	; 223
    000002EA F0                     790 	.db #0xf0	; 240
    000002EB EF                     791 	.db #0xef	; 239
    000002EC FF                     792 	.db #0xff	; 255
    000002ED BF                     793 	.db #0xbf	; 191
    000002EE AB                     794 	.db #0xab	; 171
    000002EF 98                     795 	.db #0x98	; 152
    000002F0 F6                     796 	.db #0xf6	; 246
    000002F1 FF                     797 	.db #0xff	; 255
    000002F2 DA                     798 	.db #0xda	; 218
    000002F3 FF                     799 	.db #0xff	; 255
    000002F4 F6                     800 	.db #0xf6	; 246
    000002F5 FF                     801 	.db #0xff	; 255
    000002F6 DA                     802 	.db #0xda	; 218
    000002F7 FF                     803 	.db #0xff	; 255
    000002F8 FE                     804 	.db #0xfe	; 254
    000002F9 FF                     805 	.db #0xff	; 255
    000002FA 01                     806 	.db #0x01	; 1
    000002FB FE                     807 	.db #0xfe	; 254
    000002FC FF                     808 	.db #0xff	; 255
    000002FD FF                     809 	.db #0xff	; 255
    000002FE AD                     810 	.db #0xad	; 173
    000002FF 63                     811 	.db #0x63	; 99	'c'
    00000300 8C                     812 	.db #0x8c	; 140
    00000301 F7                     813 	.db #0xf7	; 247
    00000302 8C                     814 	.db #0x8c	; 140
    00000303 F7                     815 	.db #0xf7	; 247
    00000304 8C                     816 	.db #0x8c	; 140
    00000305 F7                     817 	.db #0xf7	; 247
    00000306 8C                     818 	.db #0x8c	; 140
    00000307 F7                     819 	.db #0xf7	; 247
    00000308 CC                     820 	.db #0xcc	; 204
    00000309 F7                     821 	.db #0xf7	; 247
    0000030A FC                     822 	.db #0xfc	; 252
    0000030B FF                     823 	.db #0xff	; 255
    0000030C CE                     824 	.db #0xce	; 206
    0000030D F7                     825 	.db #0xf7	; 247
    0000030E 8F                     826 	.db #0x8f	; 143
    0000030F F7                     827 	.db #0xf7	; 247
    00000310 D9                     828 	.db #0xd9	; 217
    00000311 11                     829 	.db #0x11	; 17
    00000312 DA                     830 	.db #0xda	; 218
    00000313 12                     831 	.db #0x12	; 18
    00000314 DC                     832 	.db #0xdc	; 220
    00000315 14                     833 	.db #0x14	; 20
    00000316 DF                     834 	.db #0xdf	; 223
    00000317 18                     835 	.db #0x18	; 24
    00000318 DF                     836 	.db #0xdf	; 223
    00000319 1F                     837 	.db #0x1f	; 31
    0000031A E0                     838 	.db #0xe0	; 224
    0000031B 20                     839 	.db #0x20	; 32
    0000031C FF                     840 	.db #0xff	; 255
    0000031D 40                     841 	.db #0x40	; 64
    0000031E FF                     842 	.db #0xff	; 255
    0000031F 80                     843 	.db #0x80	; 128
    00000320 FF                     844 	.db #0xff	; 255
    00000321 FF                     845 	.db #0xff	; 255
    00000322 00                     846 	.db #0x00	; 0
    00000323 00                     847 	.db #0x00	; 0
    00000324 00                     848 	.db #0x00	; 0
    00000325 00                     849 	.db #0x00	; 0
    00000326 FF                     850 	.db #0xff	; 255
    00000327 00                     851 	.db #0x00	; 0
    00000328 FF                     852 	.db #0xff	; 255
    00000329 FF                     853 	.db #0xff	; 255
    0000032A 00                     854 	.db #0x00	; 0
    0000032B 00                     855 	.db #0x00	; 0
    0000032C FF                     856 	.db #0xff	; 255
    0000032D 00                     857 	.db #0x00	; 0
    0000032E FF                     858 	.db #0xff	; 255
    0000032F 00                     859 	.db #0x00	; 0
    00000330 9B                     860 	.db #0x9b	; 155
    00000331 88                     861 	.db #0x88	; 136
    00000332 5B                     862 	.db #0x5b	; 91
    00000333 48                     863 	.db #0x48	; 72	'H'
    00000334 3B                     864 	.db #0x3b	; 59
    00000335 28                     865 	.db #0x28	; 40
    00000336 FB                     866 	.db #0xfb	; 251
    00000337 18                     867 	.db #0x18	; 24
    00000338 FB                     868 	.db #0xfb	; 251
    00000339 F8                     869 	.db #0xf8	; 248
    0000033A 07                     870 	.db #0x07	; 7
    0000033B 04                     871 	.db #0x04	; 4
    0000033C FF                     872 	.db #0xff	; 255
    0000033D 02                     873 	.db #0x02	; 2
    0000033E FF                     874 	.db #0xff	; 255
    0000033F 01                     875 	.db #0x01	; 1
    00000340 8D                     876 	.db #0x8d	; 141
    00000341 F7                     877 	.db #0xf7	; 247
    00000342 8E                     878 	.db #0x8e	; 142
    00000343 F7                     879 	.db #0xf7	; 247
    00000344 8F                     880 	.db #0x8f	; 143
    00000345 F7                     881 	.db #0xf7	; 247
    00000346 8F                     882 	.db #0x8f	; 143
    00000347 F8                     883 	.db #0xf8	; 248
    00000348 90                     884 	.db #0x90	; 144
    00000349 FF                     885 	.db #0xff	; 255
    0000034A A0                     886 	.db #0xa0	; 160
    0000034B FF                     887 	.db #0xff	; 255
    0000034C C0                     888 	.db #0xc0	; 192
    0000034D FF                     889 	.db #0xff	; 255
    0000034E FF                     890 	.db #0xff	; 255
    0000034F FF                     891 	.db #0xff	; 255
    00000350 01                     892 	.db #0x01	; 1
    00000351 FF                     893 	.db #0xff	; 255
    00000352 03                     894 	.db #0x03	; 3
    00000353 FF                     895 	.db #0xff	; 255
    00000354 FF                     896 	.db #0xff	; 255
    00000355 FF                     897 	.db #0xff	; 255
    00000356 FF                     898 	.db #0xff	; 255
    00000357 04                     899 	.db #0x04	; 4
    00000358 04                     900 	.db #0x04	; 4
    00000359 FF                     901 	.db #0xff	; 255
    0000035A 04                     902 	.db #0x04	; 4
    0000035B FF                     903 	.db #0xff	; 255
    0000035C 0E                     904 	.db #0x0e	; 14
    0000035D FF                     905 	.db #0xff	; 255
    0000035E FF                     906 	.db #0xff	; 255
    0000035F FF                     907 	.db #0xff	; 255
    00000360 B1                     908 	.db #0xb1	; 177
    00000361 EF                     909 	.db #0xef	; 239
    00000362 71                     910 	.db #0x71	; 113	'q'
    00000363 EF                     911 	.db #0xef	; 239
    00000364 F1                     912 	.db #0xf1	; 241
    00000365 EF                     913 	.db #0xef	; 239
    00000366 F1                     914 	.db #0xf1	; 241
    00000367 1F                     915 	.db #0x1f	; 31
    00000368 09                     916 	.db #0x09	; 9
    00000369 FF                     917 	.db #0xff	; 255
    0000036A 05                     918 	.db #0x05	; 5
    0000036B FF                     919 	.db #0xff	; 255
    0000036C 03                     920 	.db #0x03	; 3
    0000036D FF                     921 	.db #0xff	; 255
    0000036E FF                     922 	.db #0xff	; 255
    0000036F FF                     923 	.db #0xff	; 255
    00000370 8B                     924 	.db #0x8b	; 139
    00000371 98                     925 	.db #0x98	; 152
    00000372 9B                     926 	.db #0x9b	; 155
    00000373 88                     927 	.db #0x88	; 136
    00000374 9B                     928 	.db #0x9b	; 155
    00000375 88                     929 	.db #0x88	; 136
    00000376 9B                     930 	.db #0x9b	; 155
    00000377 88                     931 	.db #0x88	; 136
    00000378 9B                     932 	.db #0x9b	; 155
    00000379 88                     933 	.db #0x88	; 136
    0000037A 9B                     934 	.db #0x9b	; 155
    0000037B 88                     935 	.db #0x88	; 136
    0000037C 9B                     936 	.db #0x9b	; 155
    0000037D 88                     937 	.db #0x88	; 136
    0000037E 9B                     938 	.db #0x9b	; 155
    0000037F 88                     939 	.db #0x88	; 136
    00000380 73                     940 	.db #0x73	; 115	's'
    00000381 EF                     941 	.db #0xef	; 239
    00000382 33                     942 	.db #0x33	; 51	'3'
    00000383 EF                     943 	.db #0xef	; 239
    00000384 34                     944 	.db #0x34	; 52	'4'
    00000385 EF                     945 	.db #0xef	; 239
    00000386 38                     946 	.db #0x38	; 56	'8'
    00000387 EF                     947 	.db #0xef	; 239
    00000388 3F                     948 	.db #0x3f	; 63
    00000389 F0                     949 	.db #0xf0	; 240
    0000038A 7F                     950 	.db #0x7f	; 127
    0000038B FF                     951 	.db #0xff	; 255
    0000038C 61                     952 	.db #0x61	; 97	'a'
    0000038D FF                     953 	.db #0xff	; 255
    0000038E 80                     954 	.db #0x80	; 128
    0000038F FF                     955 	.db #0xff	; 255
    00000390 FF                     956 	.db #0xff	; 255
    00000391 FF                     957 	.db #0xff	; 255
    00000392 33                     958 	.db #0x33	; 51	'3'
    00000393 FF                     959 	.db #0xff	; 255
    00000394 11                     960 	.db #0x11	; 17
    00000395 FF                     961 	.db #0xff	; 255
    00000396 11                     962 	.db #0x11	; 17
    00000397 FF                     963 	.db #0xff	; 255
    00000398 FF                     964 	.db #0xff	; 255
    00000399 11                     965 	.db #0x11	; 17
    0000039A FF                     966 	.db #0xff	; 255
    0000039B FF                     967 	.db #0xff	; 255
    0000039C 83                     968 	.db #0x83	; 131
    0000039D FF                     969 	.db #0xff	; 255
    0000039E 01                     970 	.db #0x01	; 1
    0000039F FF                     971 	.db #0xff	; 255
    000003A0 CE                     972 	.db #0xce	; 206
    000003A1 F7                     973 	.db #0xf7	; 247
    000003A2 CC                     974 	.db #0xcc	; 204
    000003A3 F7                     975 	.db #0xf7	; 247
    000003A4 2C                     976 	.db #0x2c	; 44
    000003A5 F7                     977 	.db #0xf7	; 247
    000003A6 1C                     978 	.db #0x1c	; 28
    000003A7 F7                     979 	.db #0xf7	; 247
    000003A8 FC                     980 	.db #0xfc	; 252
    000003A9 0F                     981 	.db #0x0f	; 15
    000003AA FE                     982 	.db #0xfe	; 254
    000003AB FF                     983 	.db #0xff	; 255
    000003AC 86                     984 	.db #0x86	; 134
    000003AD FF                     985 	.db #0xff	; 255
    000003AE 01                     986 	.db #0x01	; 1
    000003AF FF                     987 	.db #0xff	; 255
    000003B0 D1                     988 	.db #0xd1	; 209
    000003B1 19                     989 	.db #0x19	; 25
    000003B2 D9                     990 	.db #0xd9	; 217
    000003B3 11                     991 	.db #0x11	; 17
    000003B4 D9                     992 	.db #0xd9	; 217
    000003B5 11                     993 	.db #0x11	; 17
    000003B6 D9                     994 	.db #0xd9	; 217
    000003B7 11                     995 	.db #0x11	; 17
    000003B8 D9                     996 	.db #0xd9	; 217
    000003B9 11                     997 	.db #0x11	; 17
    000003BA D9                     998 	.db #0xd9	; 217
    000003BB 11                     999 	.db #0x11	; 17
    000003BC D9                    1000 	.db #0xd9	; 217
    000003BD 11                    1001 	.db #0x11	; 17
    000003BE D9                    1002 	.db #0xd9	; 217
    000003BF 11                    1003 	.db #0x11	; 17
    000003C0 9B                    1004 	.db #0x9b	; 155
    000003C1 89                    1005 	.db #0x89	; 137
    000003C2 9B                    1006 	.db #0x9b	; 155
    000003C3 8A                    1007 	.db #0x8a	; 138
    000003C4 9C                    1008 	.db #0x9c	; 156
    000003C5 8C                    1009 	.db #0x8c	; 140
    000003C6 8F                    1010 	.db #0x8f	; 143
    000003C7 9F                    1011 	.db #0x9f	; 159
    000003C8 97                    1012 	.db #0x97	; 151
    000003C9 98                    1013 	.db #0x98	; 152
    000003CA A0                    1014 	.db #0xa0	; 160
    000003CB A0                    1015 	.db #0xa0	; 160
    000003CC C0                    1016 	.db #0xc0	; 192
    000003CD C0                    1017 	.db #0xc0	; 192
    000003CE FF                    1018 	.db #0xff	; 255
    000003CF FF                    1019 	.db #0xff	; 255
    000003D0 FF                    1020 	.db #0xff	; 255
    000003D1 00                    1021 	.db #0x00	; 0
    000003D2 FF                    1022 	.db #0xff	; 255
    000003D3 00                    1023 	.db #0x00	; 0
    000003D4 00                    1024 	.db #0x00	; 0
    000003D5 00                    1025 	.db #0x00	; 0
    000003D6 FF                    1026 	.db #0xff	; 255
    000003D7 FF                    1027 	.db #0xff	; 255
    000003D8 FE                    1028 	.db #0xfe	; 254
    000003D9 01                    1029 	.db #0x01	; 1
    000003DA 00                    1030 	.db #0x00	; 0
    000003DB 00                    1031 	.db #0x00	; 0
    000003DC 00                    1032 	.db #0x00	; 0
    000003DD 00                    1033 	.db #0x00	; 0
    000003DE FF                    1034 	.db #0xff	; 255
    000003DF FF                    1035 	.db #0xff	; 255
    000003E0 FF                    1036 	.db #0xff	; 255
    000003E1 01                    1037 	.db #0x01	; 1
    000003E2 FF                    1038 	.db #0xff	; 255
    000003E3 01                    1039 	.db #0x01	; 1
    000003E4 01                    1040 	.db #0x01	; 1
    000003E5 01                    1041 	.db #0x01	; 1
    000003E6 FF                    1042 	.db #0xff	; 255
    000003E7 FF                    1043 	.db #0xff	; 255
    000003E8 D7                    1044 	.db #0xd7	; 215
    000003E9 38                    1045 	.db #0x38	; 56	'8'
    000003EA 10                    1046 	.db #0x10	; 16
    000003EB 10                    1047 	.db #0x10	; 16
    000003EC 10                    1048 	.db #0x10	; 16
    000003ED 10                    1049 	.db #0x10	; 16
    000003EE FF                    1050 	.db #0xff	; 255
    000003EF FF                    1051 	.db #0xff	; 255
    000003F0 FF                    1052 	.db #0xff	; 255
    000003F1 00                    1053 	.db #0x00	; 0
    000003F2 FF                    1054 	.db #0xff	; 255
    000003F3 00                    1055 	.db #0x00	; 0
    000003F4 00                    1056 	.db #0x00	; 0
    000003F5 00                    1057 	.db #0x00	; 0
    000003F6 FF                    1058 	.db #0xff	; 255
    000003F7 FF                    1059 	.db #0xff	; 255
    000003F8 EB                    1060 	.db #0xeb	; 235
    000003F9 1C                    1061 	.db #0x1c	; 28
    000003FA 08                    1062 	.db #0x08	; 8
    000003FB 08                    1063 	.db #0x08	; 8
    000003FC 08                    1064 	.db #0x08	; 8
    000003FD 08                    1065 	.db #0x08	; 8
    000003FE FF                    1066 	.db #0xff	; 255
    000003FF FF                    1067 	.db #0xff	; 255
    00000400 FF                    1068 	.db #0xff	; 255
    00000401 01                    1069 	.db #0x01	; 1
    00000402 FF                    1070 	.db #0xff	; 255
    00000403 01                    1071 	.db #0x01	; 1
    00000404 01                    1072 	.db #0x01	; 1
    00000405 01                    1073 	.db #0x01	; 1
    00000406 FF                    1074 	.db #0xff	; 255
    00000407 FF                    1075 	.db #0xff	; 255
    00000408 EB                    1076 	.db #0xeb	; 235
    00000409 1D                    1077 	.db #0x1d	; 29
    0000040A 09                    1078 	.db #0x09	; 9
    0000040B 09                    1079 	.db #0x09	; 9
    0000040C 09                    1080 	.db #0x09	; 9
    0000040D 09                    1081 	.db #0x09	; 9
    0000040E FF                    1082 	.db #0xff	; 255
    0000040F FF                    1083 	.db #0xff	; 255
    00000410 FF                    1084 	.db #0xff	; 255
    00000411 00                    1085 	.db #0x00	; 0
    00000412 FF                    1086 	.db #0xff	; 255
    00000413 00                    1087 	.db #0x00	; 0
    00000414 00                    1088 	.db #0x00	; 0
    00000415 00                    1089 	.db #0x00	; 0
    00000416 FF                    1090 	.db #0xff	; 255
    00000417 FF                    1091 	.db #0xff	; 255
    00000418 7F                    1092 	.db #0x7f	; 127
    00000419 80                    1093 	.db #0x80	; 128
    0000041A 00                    1094 	.db #0x00	; 0
    0000041B 00                    1095 	.db #0x00	; 0
    0000041C 00                    1096 	.db #0x00	; 0
    0000041D 00                    1097 	.db #0x00	; 0
    0000041E FF                    1098 	.db #0xff	; 255
    0000041F FF                    1099 	.db #0xff	; 255
    00000420 D9                    1100 	.db #0xd9	; 217
    00000421 91                    1101 	.db #0x91	; 145
    00000422 D9                    1102 	.db #0xd9	; 217
    00000423 51                    1103 	.db #0x51	; 81	'Q'
    00000424 39                    1104 	.db #0x39	; 57	'9'
    00000425 31                    1105 	.db #0x31	; 49	'1'
    00000426 F1                    1106 	.db #0xf1	; 241
    00000427 F9                    1107 	.db #0xf9	; 249
    00000428 E9                    1108 	.db #0xe9	; 233
    00000429 19                    1109 	.db #0x19	; 25
    0000042A 05                    1110 	.db #0x05	; 5
    0000042B 05                    1111 	.db #0x05	; 5
    0000042C 03                    1112 	.db #0x03	; 3
    0000042D 03                    1113 	.db #0x03	; 3
    0000042E FF                    1114 	.db #0xff	; 255
    0000042F FF                    1115 	.db #0xff	; 255
    00000430 B5                    1116 	.db #0xb5	; 181
    00000431 C6                    1117 	.db #0xc6	; 198
    00000432 FF                    1118 	.db #0xff	; 255
    00000433 FF                    1119 	.db #0xff	; 255
    00000434 80                    1120 	.db #0x80	; 128
    00000435 7F                    1121 	.db #0x7f	; 127
    00000436 7F                    1122 	.db #0x7f	; 127
    00000437 FF                    1123 	.db #0xff	; 255
    00000438 5B                    1124 	.db #0x5b	; 91
    00000439 FF                    1125 	.db #0xff	; 255
    0000043A 6F                    1126 	.db #0x6f	; 111	'o'
    0000043B FF                    1127 	.db #0xff	; 255
    0000043C 5B                    1128 	.db #0x5b	; 91
    0000043D FF                    1129 	.db #0xff	; 255
    0000043E 6F                    1130 	.db #0x6f	; 111	'o'
    0000043F FF                    1131 	.db #0xff	; 255
    00000440 D5                    1132 	.db #0xd5	; 213
    00000441 19                    1133 	.db #0x19	; 25
    00000442 FF                    1134 	.db #0xff	; 255
    00000443 FD                    1135 	.db #0xfd	; 253
    00000444 0F                    1136 	.db #0x0f	; 15
    00000445 F7                    1137 	.db #0xf7	; 247
    00000446 C7                    1138 	.db #0xc7	; 199
    00000447 FB                    1139 	.db #0xfb	; 251
    00000448 F3                    1140 	.db #0xf3	; 243
    00000449 FD                    1141 	.db #0xfd	; 253
    0000044A F9                    1142 	.db #0xf9	; 249
    0000044B FF                    1143 	.db #0xff	; 255
    0000044C FD                    1144 	.db #0xfd	; 253
    0000044D FF                    1145 	.db #0xff	; 255
    0000044E FD                    1146 	.db #0xfd	; 253
    0000044F FF                    1147 	.db #0xff	; 255
    00000450 5B                    1148 	.db #0x5b	; 91
    00000451 FF                    1149 	.db #0xff	; 255
    00000452 6F                    1150 	.db #0x6f	; 111	'o'
    00000453 FF                    1151 	.db #0xff	; 255
    00000454 5B                    1152 	.db #0x5b	; 91
    00000455 FF                    1153 	.db #0xff	; 255
    00000456 6F                    1154 	.db #0x6f	; 111	'o'
    00000457 FF                    1155 	.db #0xff	; 255
    00000458 7F                    1156 	.db #0x7f	; 127
    00000459 FF                    1157 	.db #0xff	; 255
    0000045A 80                    1158 	.db #0x80	; 128
    0000045B 7F                    1159 	.db #0x7f	; 127
    0000045C FF                    1160 	.db #0xff	; 255
    0000045D FF                    1161 	.db #0xff	; 255
    0000045E B5                    1162 	.db #0xb5	; 181
    0000045F C6                    1163 	.db #0xc6	; 198
    00000460 FD                    1164 	.db #0xfd	; 253
    00000461 FF                    1165 	.db #0xff	; 255
    00000462 FD                    1166 	.db #0xfd	; 253
    00000463 FF                    1167 	.db #0xff	; 255
    00000464 F9                    1168 	.db #0xf9	; 249
    00000465 FF                    1169 	.db #0xff	; 255
    00000466 F3                    1170 	.db #0xf3	; 243
    00000467 FD                    1171 	.db #0xfd	; 253
    00000468 C7                    1172 	.db #0xc7	; 199
    00000469 FB                    1173 	.db #0xfb	; 251
    0000046A 0F                    1174 	.db #0x0f	; 15
    0000046B F7                    1175 	.db #0xf7	; 247
    0000046C FF                    1176 	.db #0xff	; 255
    0000046D FD                    1177 	.db #0xfd	; 253
    0000046E D5                    1178 	.db #0xd5	; 213
    0000046F 19                    1179 	.db #0x19	; 25
    00000470 9B                    1180 	.db #0x9b	; 155
    00000471 88                    1181 	.db #0x88	; 136
    00000472 9B                    1182 	.db #0x9b	; 155
    00000473 88                    1183 	.db #0x88	; 136
    00000474 9B                    1184 	.db #0x9b	; 155
    00000475 88                    1185 	.db #0x88	; 136
    00000476 8B                    1186 	.db #0x8b	; 139
    00000477 98                    1187 	.db #0x98	; 152
    00000478 FB                    1188 	.db #0xfb	; 251
    00000479 F8                    1189 	.db #0xf8	; 248
    0000047A 8B                    1190 	.db #0x8b	; 139
    0000047B 98                    1191 	.db #0x98	; 152
    0000047C 9B                    1192 	.db #0x9b	; 155
    0000047D 88                    1193 	.db #0x88	; 136
    0000047E FF                    1194 	.db #0xff	; 255
    0000047F FF                    1195 	.db #0xff	; 255
    00000480 71                    1196 	.db #0x71	; 113	'q'
    00000481 EF                    1197 	.db #0xef	; 239
    00000482 31                    1198 	.db #0x31	; 49	'1'
    00000483 EF                    1199 	.db #0xef	; 239
    00000484 33                    1200 	.db #0x33	; 51	'3'
    00000485 EF                    1201 	.db #0xef	; 239
    00000486 3F                    1202 	.db #0x3f	; 63
    00000487 FF                    1203 	.db #0xff	; 255
    00000488 31                    1204 	.db #0x31	; 49	'1'
    00000489 EF                    1205 	.db #0xef	; 239
    0000048A 31                    1206 	.db #0x31	; 49	'1'
    0000048B EF                    1207 	.db #0xef	; 239
    0000048C 73                    1208 	.db #0x73	; 115	's'
    0000048D EF                    1209 	.db #0xef	; 239
    0000048E FF                    1210 	.db #0xff	; 255
    0000048F FF                    1211 	.db #0xff	; 255
    00000490 FF                    1212 	.db #0xff	; 255
    00000491 FF                    1213 	.db #0xff	; 255
    00000492 CE                    1214 	.db #0xce	; 206
    00000493 FF                    1215 	.db #0xff	; 255
    00000494 84                    1216 	.db #0x84	; 132
    00000495 FF                    1217 	.db #0xff	; 255
    00000496 84                    1218 	.db #0x84	; 132
    00000497 FF                    1219 	.db #0xff	; 255
    00000498 FF                    1220 	.db #0xff	; 255
    00000499 84                    1221 	.db #0x84	; 132
    0000049A FF                    1222 	.db #0xff	; 255
    0000049B FF                    1223 	.db #0xff	; 255
    0000049C C3                    1224 	.db #0xc3	; 195
    0000049D FF                    1225 	.db #0xff	; 255
    0000049E 81                    1226 	.db #0x81	; 129
    0000049F FF                    1227 	.db #0xff	; 255
    000004A0 E0                    1228 	.db #0xe0	; 224
    000004A1 DF                    1229 	.db #0xdf	; 223
    000004A2 5F                    1230 	.db #0x5f	; 95
    000004A3 FF                    1231 	.db #0xff	; 255
    000004A4 DA                    1232 	.db #0xda	; 218
    000004A5 7F                    1233 	.db #0x7f	; 127
    000004A6 D5                    1234 	.db #0xd5	; 213
    000004A7 7F                    1235 	.db #0x7f	; 127
    000004A8 5F                    1236 	.db #0x5f	; 95
    000004A9 7F                    1237 	.db #0x7f	; 127
    000004AA DA                    1238 	.db #0xda	; 218
    000004AB FF                    1239 	.db #0xff	; 255
    000004AC 5F                    1240 	.db #0x5f	; 95
    000004AD FF                    1241 	.db #0xff	; 255
    000004AE DF                    1242 	.db #0xdf	; 223
    000004AF 7F                    1243 	.db #0x7f	; 127
    000004B0 07                    1244 	.db #0x07	; 7
    000004B1 FB                    1245 	.db #0xfb	; 251
    000004B2 FA                    1246 	.db #0xfa	; 250
    000004B3 FF                    1247 	.db #0xff	; 255
    000004B4 AB                    1248 	.db #0xab	; 171
    000004B5 FE                    1249 	.db #0xfe	; 254
    000004B6 5B                    1250 	.db #0x5b	; 91
    000004B7 FE                    1251 	.db #0xfe	; 254
    000004B8 FA                    1252 	.db #0xfa	; 250
    000004B9 FE                    1253 	.db #0xfe	; 254
    000004BA AB                    1254 	.db #0xab	; 171
    000004BB FF                    1255 	.db #0xff	; 255
    000004BC FA                    1256 	.db #0xfa	; 250
    000004BD FF                    1257 	.db #0xff	; 255
    000004BE FB                    1258 	.db #0xfb	; 251
    000004BF FE                    1259 	.db #0xfe	; 254
    000004C0 FF                    1260 	.db #0xff	; 255
    000004C1 81                    1261 	.db #0x81	; 129
    000004C2 FF                    1262 	.db #0xff	; 255
    000004C3 81                    1263 	.db #0x81	; 129
    000004C4 81                    1264 	.db #0x81	; 129
    000004C5 81                    1265 	.db #0x81	; 129
    000004C6 FF                    1266 	.db #0xff	; 255
    000004C7 FF                    1267 	.db #0xff	; 255
    000004C8 D7                    1268 	.db #0xd7	; 215
    000004C9 B8                    1269 	.db #0xb8	; 184
    000004CA 90                    1270 	.db #0x90	; 144
    000004CB 90                    1271 	.db #0x90	; 144
    000004CC 90                    1272 	.db #0x90	; 144
    000004CD 90                    1273 	.db #0x90	; 144
    000004CE FF                    1274 	.db #0xff	; 255
    000004CF FF                    1275 	.db #0xff	; 255
    000004D0 DF                    1276 	.db #0xdf	; 223
    000004D1 7F                    1277 	.db #0x7f	; 127
    000004D2 DF                    1278 	.db #0xdf	; 223
    000004D3 7F                    1279 	.db #0x7f	; 127
    000004D4 4F                    1280 	.db #0x4f	; 79	'O'
    000004D5 7F                    1281 	.db #0x7f	; 127
    000004D6 CF                    1282 	.db #0xcf	; 207
    000004D7 FF                    1283 	.db #0xff	; 255
    000004D8 67                    1284 	.db #0x67	; 103	'g'
    000004D9 DF                    1285 	.db #0xdf	; 223
    000004DA F3                    1286 	.db #0xf3	; 243
    000004DB 6F                    1287 	.db #0x6f	; 111	'o'
    000004DC 78                    1288 	.db #0x78	; 120	'x'
    000004DD 37                    1289 	.db #0x37	; 55	'7'
    000004DE FF                    1290 	.db #0xff	; 255
    000004DF FF                    1291 	.db #0xff	; 255
    000004E0 FB                    1292 	.db #0xfb	; 251
    000004E1 FE                    1293 	.db #0xfe	; 254
    000004E2 FB                    1294 	.db #0xfb	; 251
    000004E3 FE                    1295 	.db #0xfe	; 254
    000004E4 F2                    1296 	.db #0xf2	; 242
    000004E5 FE                    1297 	.db #0xfe	; 254
    000004E6 F3                    1298 	.db #0xf3	; 243
    000004E7 FF                    1299 	.db #0xff	; 255
    000004E8 E6                    1300 	.db #0xe6	; 230
    000004E9 FB                    1301 	.db #0xfb	; 251
    000004EA CF                    1302 	.db #0xcf	; 207
    000004EB F6                    1303 	.db #0xf6	; 246
    000004EC 1E                    1304 	.db #0x1e	; 30
    000004ED EC                    1305 	.db #0xec	; 236
    000004EE FF                    1306 	.db #0xff	; 255
    000004EF FF                    1307 	.db #0xff	; 255
                                   1308 	.area _INITIALIZER
                                   1309 	.area _CABS (ABS)
