                                      1 ;--------------------------------------------------------
                                      2 ; File Created by SDCC : free open source ISO C Compiler
                                      3 ; Version 4.5.1 #15267 (Mac OS X ppc)
                                      4 ;--------------------------------------------------------
                                      5 	.module dungeon_map
                                      6 	
                                      7 ;--------------------------------------------------------
                                      8 ; Public variables in this module
                                      9 ;--------------------------------------------------------
                                     10 	.globl _dungeon_mapPLN0
                                     11 ;--------------------------------------------------------
                                     12 ; special function registers
                                     13 ;--------------------------------------------------------
                                     14 ;--------------------------------------------------------
                                     15 ; ram data
                                     16 ;--------------------------------------------------------
                                     17 	.area _DATA
                                     18 ;--------------------------------------------------------
                                     19 ; ram data
                                     20 ;--------------------------------------------------------
                                     21 	.area _INITIALIZED
                                     22 ;--------------------------------------------------------
                                     23 ; absolute external ram data
                                     24 ;--------------------------------------------------------
                                     25 	.area _DABS (ABS)
                                     26 ;--------------------------------------------------------
                                     27 ; global & static initialisations
                                     28 ;--------------------------------------------------------
                                     29 	.area _HOME
                                     30 	.area _GSINIT
                                     31 	.area _GSFINAL
                                     32 	.area _GSINIT
                                     33 ;--------------------------------------------------------
                                     34 ; Home
                                     35 ;--------------------------------------------------------
                                     36 	.area _HOME
                                     37 	.area _HOME
                                     38 ;--------------------------------------------------------
                                     39 ; code
                                     40 ;--------------------------------------------------------
                                     41 	.area _CODE
                                     42 	.area _CODE
    00000000                         43 _dungeon_mapPLN0:
    00000000 0A                      44 	.db #0x0a	; 10
    00000001 0B                      45 	.db #0x0b	; 11
    00000002 07                      46 	.db #0x07	; 7
    00000003 05                      47 	.db #0x05	; 5
    00000004 06                      48 	.db #0x06	; 6
    00000005 04                      49 	.db #0x04	; 4
    00000006 07                      50 	.db #0x07	; 7
    00000007 03                      51 	.db #0x03	; 3
    00000008 04                      52 	.db #0x04	; 4
    00000009 07                      53 	.db #0x07	; 7
    0000000A 03                      54 	.db #0x03	; 3
    0000000B 04                      55 	.db #0x04	; 4
    0000000C 07                      56 	.db #0x07	; 7
    0000000D 08                      57 	.db #0x08	; 8
    0000000E 09                      58 	.db #0x09	; 9
    0000000F 01                      59 	.db #0x01	; 1
    00000010 0A                      60 	.db #0x0a	; 10
    00000011 0B                      61 	.db #0x0b	; 11
    00000012 07                      62 	.db #0x07	; 7
    00000013 07                      63 	.db #0x07	; 7
    00000014 03                      64 	.db #0x03	; 3
    00000015 04                      65 	.db #0x04	; 4
    00000016 07                      66 	.db #0x07	; 7
    00000017 03                      67 	.db #0x03	; 3
    00000018 04                      68 	.db #0x04	; 4
    00000019 07                      69 	.db #0x07	; 7
    0000001A 03                      70 	.db #0x03	; 3
    0000001B 04                      71 	.db #0x04	; 4
    0000001C 03                      72 	.db #0x03	; 3
    0000001D 0C                      73 	.db #0x0c	; 12
    0000001E 08                      74 	.db #0x08	; 8
    0000001F 09                      75 	.db #0x09	; 9
    00000020 0D                      76 	.db #0x0d	; 13
    00000021 0E                      77 	.db #0x0e	; 14
    00000022 0F                      78 	.db #0x0f	; 15
    00000023 12                      79 	.db #0x12	; 18
    00000024 13                      80 	.db #0x13	; 19
    00000025 11                      81 	.db #0x11	; 17
    00000026 0F                      82 	.db #0x0f	; 15
    00000027 10                      83 	.db #0x10	; 16
    00000028 11                      84 	.db #0x11	; 17
    00000029 0F                      85 	.db #0x0f	; 15
    0000002A 10                      86 	.db #0x10	; 16
    0000002B 11                      87 	.db #0x11	; 17
    0000002C 0F                      88 	.db #0x0f	; 15
    0000002D 14                      89 	.db #0x14	; 20
    0000002E 15                      90 	.db #0x15	; 21
    0000002F 01                      91 	.db #0x01	; 1
    00000030 0D                      92 	.db #0x0d	; 13
    00000031 0E                      93 	.db #0x0e	; 14
    00000032 0F                      94 	.db #0x0f	; 15
    00000033 0F                      95 	.db #0x0f	; 15
    00000034 10                      96 	.db #0x10	; 16
    00000035 11                      97 	.db #0x11	; 17
    00000036 0F                      98 	.db #0x0f	; 15
    00000037 10                      99 	.db #0x10	; 16
    00000038 11                     100 	.db #0x11	; 17
    00000039 0F                     101 	.db #0x0f	; 15
    0000003A 10                     102 	.db #0x10	; 16
    0000003B 11                     103 	.db #0x11	; 17
    0000003C 10                     104 	.db #0x10	; 16
    0000003D 16                     105 	.db #0x16	; 22
    0000003E 14                     106 	.db #0x14	; 20
    0000003F 15                     107 	.db #0x15	; 21
    00000040 17                     108 	.db #0x17	; 23
    00000041 18                     109 	.db #0x18	; 24
    00000042 00                     110 	.db #0x00	; 0
    00000043 00                     111 	.db #0x00	; 0
    00000044 00                     112 	.db #0x00	; 0
    00000045 00                     113 	.db #0x00	; 0
    00000046 00                     114 	.db #0x00	; 0
    00000047 00                     115 	.db #0x00	; 0
    00000048 00                     116 	.db #0x00	; 0
    00000049 00                     117 	.db #0x00	; 0
    0000004A 00                     118 	.db #0x00	; 0
    0000004B 00                     119 	.db #0x00	; 0
    0000004C 00                     120 	.db #0x00	; 0
    0000004D 19                     121 	.db #0x19	; 25
    0000004E 1A                     122 	.db #0x1a	; 26
    0000004F 01                     123 	.db #0x01	; 1
    00000050 1B                     124 	.db #0x1b	; 27
    00000051 1C                     125 	.db #0x1c	; 28
    00000052 00                     126 	.db #0x00	; 0
    00000053 00                     127 	.db #0x00	; 0
    00000054 00                     128 	.db #0x00	; 0
    00000055 00                     129 	.db #0x00	; 0
    00000056 00                     130 	.db #0x00	; 0
    00000057 00                     131 	.db #0x00	; 0
    00000058 00                     132 	.db #0x00	; 0
    00000059 00                     133 	.db #0x00	; 0
    0000005A 00                     134 	.db #0x00	; 0
    0000005B 00                     135 	.db #0x00	; 0
    0000005C 00                     136 	.db #0x00	; 0
    0000005D 00                     137 	.db #0x00	; 0
    0000005E 1D                     138 	.db #0x1d	; 29
    0000005F 1E                     139 	.db #0x1e	; 30
    00000060 1F                     140 	.db #0x1f	; 31
    00000061 1C                     141 	.db #0x1c	; 28
    00000062 00                     142 	.db #0x00	; 0
    00000063 00                     143 	.db #0x00	; 0
    00000064 00                     144 	.db #0x00	; 0
    00000065 00                     145 	.db #0x00	; 0
    00000066 00                     146 	.db #0x00	; 0
    00000067 00                     147 	.db #0x00	; 0
    00000068 00                     148 	.db #0x00	; 0
    00000069 00                     149 	.db #0x00	; 0
    0000006A 00                     150 	.db #0x00	; 0
    0000006B 00                     151 	.db #0x00	; 0
    0000006C 00                     152 	.db #0x00	; 0
    0000006D 19                     153 	.db #0x19	; 25
    0000006E 1A                     154 	.db #0x1a	; 26
    0000006F 01                     155 	.db #0x01	; 1
    00000070 1F                     156 	.db #0x1f	; 31
    00000071 1C                     157 	.db #0x1c	; 28
    00000072 00                     158 	.db #0x00	; 0
    00000073 00                     159 	.db #0x00	; 0
    00000074 00                     160 	.db #0x00	; 0
    00000075 00                     161 	.db #0x00	; 0
    00000076 00                     162 	.db #0x00	; 0
    00000077 00                     163 	.db #0x00	; 0
    00000078 00                     164 	.db #0x00	; 0
    00000079 00                     165 	.db #0x00	; 0
    0000007A 00                     166 	.db #0x00	; 0
    0000007B 00                     167 	.db #0x00	; 0
    0000007C 00                     168 	.db #0x00	; 0
    0000007D 00                     169 	.db #0x00	; 0
    0000007E 19                     170 	.db #0x19	; 25
    0000007F 1A                     171 	.db #0x1a	; 26
    00000080 1B                     172 	.db #0x1b	; 27
    00000081 20                     173 	.db #0x20	; 32
    00000082 00                     174 	.db #0x00	; 0
    00000083 00                     175 	.db #0x00	; 0
    00000084 00                     176 	.db #0x00	; 0
    00000085 00                     177 	.db #0x00	; 0
    00000086 00                     178 	.db #0x00	; 0
    00000087 00                     179 	.db #0x00	; 0
    00000088 00                     180 	.db #0x00	; 0
    00000089 00                     181 	.db #0x00	; 0
    0000008A 00                     182 	.db #0x00	; 0
    0000008B 00                     183 	.db #0x00	; 0
    0000008C 00                     184 	.db #0x00	; 0
    0000008D 21                     185 	.db #0x21	; 33
    0000008E 22                     186 	.db #0x22	; 34
    0000008F 01                     187 	.db #0x01	; 1
    00000090 1F                     188 	.db #0x1f	; 31
    00000091 1C                     189 	.db #0x1c	; 28
    00000092 00                     190 	.db #0x00	; 0
    00000093 00                     191 	.db #0x00	; 0
    00000094 00                     192 	.db #0x00	; 0
    00000095 00                     193 	.db #0x00	; 0
    00000096 00                     194 	.db #0x00	; 0
    00000097 00                     195 	.db #0x00	; 0
    00000098 00                     196 	.db #0x00	; 0
    00000099 00                     197 	.db #0x00	; 0
    0000009A 00                     198 	.db #0x00	; 0
    0000009B 00                     199 	.db #0x00	; 0
    0000009C 00                     200 	.db #0x00	; 0
    0000009D 00                     201 	.db #0x00	; 0
    0000009E 21                     202 	.db #0x21	; 33
    0000009F 22                     203 	.db #0x22	; 34
    000000A0 1F                     204 	.db #0x1f	; 31
    000000A1 1C                     205 	.db #0x1c	; 28
    000000A2 00                     206 	.db #0x00	; 0
    000000A3 00                     207 	.db #0x00	; 0
    000000A4 00                     208 	.db #0x00	; 0
    000000A5 23                     209 	.db #0x23	; 35
    000000A6 24                     210 	.db #0x24	; 36
    000000A7 25                     211 	.db #0x25	; 37
    000000A8 24                     212 	.db #0x24	; 36
    000000A9 26                     213 	.db #0x26	; 38
    000000AA 00                     214 	.db #0x00	; 0
    000000AB 00                     215 	.db #0x00	; 0
    000000AC 00                     216 	.db #0x00	; 0
    000000AD 27                     217 	.db #0x27	; 39
    000000AE 28                     218 	.db #0x28	; 40
    000000AF 01                     219 	.db #0x01	; 1
    000000B0 17                     220 	.db #0x17	; 23
    000000B1 18                     221 	.db #0x18	; 24
    000000B2 00                     222 	.db #0x00	; 0
    000000B3 00                     223 	.db #0x00	; 0
    000000B4 00                     224 	.db #0x00	; 0
    000000B5 23                     225 	.db #0x23	; 35
    000000B6 24                     226 	.db #0x24	; 36
    000000B7 25                     227 	.db #0x25	; 37
    000000B8 24                     228 	.db #0x24	; 36
    000000B9 26                     229 	.db #0x26	; 38
    000000BA 00                     230 	.db #0x00	; 0
    000000BB 00                     231 	.db #0x00	; 0
    000000BC 00                     232 	.db #0x00	; 0
    000000BD 00                     233 	.db #0x00	; 0
    000000BE 27                     234 	.db #0x27	; 39
    000000BF 28                     235 	.db #0x28	; 40
    000000C0 17                     236 	.db #0x17	; 23
    000000C1 18                     237 	.db #0x18	; 24
    000000C2 00                     238 	.db #0x00	; 0
    000000C3 00                     239 	.db #0x00	; 0
    000000C4 00                     240 	.db #0x00	; 0
    000000C5 19                     241 	.db #0x19	; 25
    000000C6 2B                     242 	.db #0x2b	; 43
    000000C7 2C                     243 	.db #0x2c	; 44
    000000C8 2D                     244 	.db #0x2d	; 45
    000000C9 20                     245 	.db #0x20	; 32
    000000CA 00                     246 	.db #0x00	; 0
    000000CB 00                     247 	.db #0x00	; 0
    000000CC 00                     248 	.db #0x00	; 0
    000000CD 19                     249 	.db #0x19	; 25
    000000CE 1A                     250 	.db #0x1a	; 26
    000000CF 01                     251 	.db #0x01	; 1
    000000D0 1F                     252 	.db #0x1f	; 31
    000000D1 1C                     253 	.db #0x1c	; 28
    000000D2 00                     254 	.db #0x00	; 0
    000000D3 00                     255 	.db #0x00	; 0
    000000D4 00                     256 	.db #0x00	; 0
    000000D5 19                     257 	.db #0x19	; 25
    000000D6 2B                     258 	.db #0x2b	; 43
    000000D7 2C                     259 	.db #0x2c	; 44
    000000D8 2D                     260 	.db #0x2d	; 45
    000000D9 20                     261 	.db #0x20	; 32
    000000DA 00                     262 	.db #0x00	; 0
    000000DB 00                     263 	.db #0x00	; 0
    000000DC 00                     264 	.db #0x00	; 0
    000000DD 00                     265 	.db #0x00	; 0
    000000DE 19                     266 	.db #0x19	; 25
    000000DF 1A                     267 	.db #0x1a	; 26
    000000E0 1F                     268 	.db #0x1f	; 31
    000000E1 1C                     269 	.db #0x1c	; 28
    000000E2 00                     270 	.db #0x00	; 0
    000000E3 00                     271 	.db #0x00	; 0
    000000E4 00                     272 	.db #0x00	; 0
    000000E5 21                     273 	.db #0x21	; 33
    000000E6 22                     274 	.db #0x22	; 34
    000000E7 01                     275 	.db #0x01	; 1
    000000E8 1F                     276 	.db #0x1f	; 31
    000000E9 1C                     277 	.db #0x1c	; 28
    000000EA 00                     278 	.db #0x00	; 0
    000000EB 00                     279 	.db #0x00	; 0
    000000EC 00                     280 	.db #0x00	; 0
    000000ED 21                     281 	.db #0x21	; 33
    000000EE 15                     282 	.db #0x15	; 21
    000000EF 01                     283 	.db #0x01	; 1
    000000F0 0D                     284 	.db #0x0d	; 13
    000000F1 1C                     285 	.db #0x1c	; 28
    000000F2 00                     286 	.db #0x00	; 0
    000000F3 00                     287 	.db #0x00	; 0
    000000F4 00                     288 	.db #0x00	; 0
    000000F5 21                     289 	.db #0x21	; 33
    000000F6 22                     290 	.db #0x22	; 34
    000000F7 01                     291 	.db #0x01	; 1
    000000F8 1F                     292 	.db #0x1f	; 31
    000000F9 1C                     293 	.db #0x1c	; 28
    000000FA 00                     294 	.db #0x00	; 0
    000000FB 00                     295 	.db #0x00	; 0
    000000FC 00                     296 	.db #0x00	; 0
    000000FD 00                     297 	.db #0x00	; 0
    000000FE 21                     298 	.db #0x21	; 33
    000000FF 22                     299 	.db #0x22	; 34
    00000100 1B                     300 	.db #0x1b	; 27
    00000101 20                     301 	.db #0x20	; 32
    00000102 00                     302 	.db #0x00	; 0
    00000103 00                     303 	.db #0x00	; 0
    00000104 00                     304 	.db #0x00	; 0
    00000105 27                     305 	.db #0x27	; 39
    00000106 28                     306 	.db #0x28	; 40
    00000107 01                     307 	.db #0x01	; 1
    00000108 17                     308 	.db #0x17	; 23
    00000109 18                     309 	.db #0x18	; 24
    0000010A 00                     310 	.db #0x00	; 0
    0000010B 00                     311 	.db #0x00	; 0
    0000010C 00                     312 	.db #0x00	; 0
    0000010D 30                     313 	.db #0x30	; 48	'0'
    0000010E 31                     314 	.db #0x31	; 49	'1'
    0000010F 32                     315 	.db #0x32	; 50	'2'
    00000110 33                     316 	.db #0x33	; 51	'3'
    00000111 20                     317 	.db #0x20	; 32
    00000112 00                     318 	.db #0x00	; 0
    00000113 00                     319 	.db #0x00	; 0
    00000114 00                     320 	.db #0x00	; 0
    00000115 21                     321 	.db #0x21	; 33
    00000116 22                     322 	.db #0x22	; 34
    00000117 01                     323 	.db #0x01	; 1
    00000118 1F                     324 	.db #0x1f	; 31
    00000119 1C                     325 	.db #0x1c	; 28
    0000011A 00                     326 	.db #0x00	; 0
    0000011B 00                     327 	.db #0x00	; 0
    0000011C 00                     328 	.db #0x00	; 0
    0000011D 00                     329 	.db #0x00	; 0
    0000011E 19                     330 	.db #0x19	; 25
    0000011F 1A                     331 	.db #0x1a	; 26
    00000120 1F                     332 	.db #0x1f	; 31
    00000121 1C                     333 	.db #0x1c	; 28
    00000122 00                     334 	.db #0x00	; 0
    00000123 00                     335 	.db #0x00	; 0
    00000124 00                     336 	.db #0x00	; 0
    00000125 19                     337 	.db #0x19	; 25
    00000126 1A                     338 	.db #0x1a	; 26
    00000127 01                     339 	.db #0x01	; 1
    00000128 1F                     340 	.db #0x1f	; 31
    00000129 1C                     341 	.db #0x1c	; 28
    0000012A 00                     342 	.db #0x00	; 0
    0000012B 00                     343 	.db #0x00	; 0
    0000012C 00                     344 	.db #0x00	; 0
    0000012D 34                     345 	.db #0x34	; 52	'4'
    0000012E 35                     346 	.db #0x35	; 53	'5'
    0000012F 0F                     347 	.db #0x0f	; 15
    00000130 10                     348 	.db #0x10	; 16
    00000131 36                     349 	.db #0x36	; 54	'6'
    00000132 00                     350 	.db #0x00	; 0
    00000133 00                     351 	.db #0x00	; 0
    00000134 00                     352 	.db #0x00	; 0
    00000135 27                     353 	.db #0x27	; 39
    00000136 28                     354 	.db #0x28	; 40
    00000137 01                     355 	.db #0x01	; 1
    00000138 17                     356 	.db #0x17	; 23
    00000139 18                     357 	.db #0x18	; 24
    0000013A 00                     358 	.db #0x00	; 0
    0000013B 00                     359 	.db #0x00	; 0
    0000013C 00                     360 	.db #0x00	; 0
    0000013D 00                     361 	.db #0x00	; 0
    0000013E 21                     362 	.db #0x21	; 33
    0000013F 22                     363 	.db #0x22	; 34
    00000140 1F                     364 	.db #0x1f	; 31
    00000141 1C                     365 	.db #0x1c	; 28
    00000142 00                     366 	.db #0x00	; 0
    00000143 00                     367 	.db #0x00	; 0
    00000144 00                     368 	.db #0x00	; 0
    00000145 21                     369 	.db #0x21	; 33
    00000146 22                     370 	.db #0x22	; 34
    00000147 01                     371 	.db #0x01	; 1
    00000148 1B                     372 	.db #0x1b	; 27
    00000149 20                     373 	.db #0x20	; 32
    0000014A 00                     374 	.db #0x00	; 0
    0000014B 00                     375 	.db #0x00	; 0
    0000014C 00                     376 	.db #0x00	; 0
    0000014D 00                     377 	.db #0x00	; 0
    0000014E 00                     378 	.db #0x00	; 0
    0000014F 00                     379 	.db #0x00	; 0
    00000150 00                     380 	.db #0x00	; 0
    00000151 00                     381 	.db #0x00	; 0
    00000152 00                     382 	.db #0x00	; 0
    00000153 00                     383 	.db #0x00	; 0
    00000154 00                     384 	.db #0x00	; 0
    00000155 19                     385 	.db #0x19	; 25
    00000156 1A                     386 	.db #0x1a	; 26
    00000157 01                     387 	.db #0x01	; 1
    00000158 1F                     388 	.db #0x1f	; 31
    00000159 1C                     389 	.db #0x1c	; 28
    0000015A 00                     390 	.db #0x00	; 0
    0000015B 00                     391 	.db #0x00	; 0
    0000015C 00                     392 	.db #0x00	; 0
    0000015D 00                     393 	.db #0x00	; 0
    0000015E 19                     394 	.db #0x19	; 25
    0000015F 1A                     395 	.db #0x1a	; 26
    00000160 1F                     396 	.db #0x1f	; 31
    00000161 1C                     397 	.db #0x1c	; 28
    00000162 00                     398 	.db #0x00	; 0
    00000163 00                     399 	.db #0x00	; 0
    00000164 00                     400 	.db #0x00	; 0
    00000165 19                     401 	.db #0x19	; 25
    00000166 1A                     402 	.db #0x1a	; 26
    00000167 01                     403 	.db #0x01	; 1
    00000168 1F                     404 	.db #0x1f	; 31
    00000169 1C                     405 	.db #0x1c	; 28
    0000016A 00                     406 	.db #0x00	; 0
    0000016B 00                     407 	.db #0x00	; 0
    0000016C 00                     408 	.db #0x00	; 0
    0000016D 00                     409 	.db #0x00	; 0
    0000016E 00                     410 	.db #0x00	; 0
    0000016F 00                     411 	.db #0x00	; 0
    00000170 00                     412 	.db #0x00	; 0
    00000171 00                     413 	.db #0x00	; 0
    00000172 00                     414 	.db #0x00	; 0
    00000173 00                     415 	.db #0x00	; 0
    00000174 00                     416 	.db #0x00	; 0
    00000175 21                     417 	.db #0x21	; 33
    00000176 22                     418 	.db #0x22	; 34
    00000177 01                     419 	.db #0x01	; 1
    00000178 1B                     420 	.db #0x1b	; 27
    00000179 20                     421 	.db #0x20	; 32
    0000017A 00                     422 	.db #0x00	; 0
    0000017B 00                     423 	.db #0x00	; 0
    0000017C 00                     424 	.db #0x00	; 0
    0000017D 00                     425 	.db #0x00	; 0
    0000017E 21                     426 	.db #0x21	; 33
    0000017F 22                     427 	.db #0x22	; 34
    00000180 1B                     428 	.db #0x1b	; 27
    00000181 20                     429 	.db #0x20	; 32
    00000182 00                     430 	.db #0x00	; 0
    00000183 00                     431 	.db #0x00	; 0
    00000184 00                     432 	.db #0x00	; 0
    00000185 21                     433 	.db #0x21	; 33
    00000186 22                     434 	.db #0x22	; 34
    00000187 01                     435 	.db #0x01	; 1
    00000188 1F                     436 	.db #0x1f	; 31
    00000189 1C                     437 	.db #0x1c	; 28
    0000018A 00                     438 	.db #0x00	; 0
    0000018B 00                     439 	.db #0x00	; 0
    0000018C 00                     440 	.db #0x00	; 0
    0000018D 00                     441 	.db #0x00	; 0
    0000018E 00                     442 	.db #0x00	; 0
    0000018F 00                     443 	.db #0x00	; 0
    00000190 00                     444 	.db #0x00	; 0
    00000191 00                     445 	.db #0x00	; 0
    00000192 00                     446 	.db #0x00	; 0
    00000193 00                     447 	.db #0x00	; 0
    00000194 00                     448 	.db #0x00	; 0
    00000195 19                     449 	.db #0x19	; 25
    00000196 1A                     450 	.db #0x1a	; 26
    00000197 01                     451 	.db #0x01	; 1
    00000198 1F                     452 	.db #0x1f	; 31
    00000199 1C                     453 	.db #0x1c	; 28
    0000019A 00                     454 	.db #0x00	; 0
    0000019B 00                     455 	.db #0x00	; 0
    0000019C 00                     456 	.db #0x00	; 0
    0000019D 00                     457 	.db #0x00	; 0
    0000019E 27                     458 	.db #0x27	; 39
    0000019F 28                     459 	.db #0x28	; 40
    000001A0 1F                     460 	.db #0x1f	; 31
    000001A1 1C                     461 	.db #0x1c	; 28
    000001A2 00                     462 	.db #0x00	; 0
    000001A3 00                     463 	.db #0x00	; 0
    000001A4 00                     464 	.db #0x00	; 0
    000001A5 19                     465 	.db #0x19	; 25
    000001A6 1A                     466 	.db #0x1a	; 26
    000001A7 01                     467 	.db #0x01	; 1
    000001A8 37                     468 	.db #0x37	; 55	'7'
    000001A9 38                     469 	.db #0x38	; 56	'8'
    000001AA 24                     470 	.db #0x24	; 36
    000001AB 26                     471 	.db #0x26	; 38
    000001AC 00                     472 	.db #0x00	; 0
    000001AD 00                     473 	.db #0x00	; 0
    000001AE 00                     474 	.db #0x00	; 0
    000001AF 23                     475 	.db #0x23	; 35
    000001B0 24                     476 	.db #0x24	; 36
    000001B1 24                     477 	.db #0x24	; 36
    000001B2 25                     478 	.db #0x25	; 37
    000001B3 24                     479 	.db #0x24	; 36
    000001B4 39                     480 	.db #0x39	; 57	'9'
    000001B5 3A                     481 	.db #0x3a	; 58
    000001B6 3B                     482 	.db #0x3b	; 59
    000001B7 01                     483 	.db #0x01	; 1
    000001B8 1F                     484 	.db #0x1f	; 31
    000001B9 1C                     485 	.db #0x1c	; 28
    000001BA 00                     486 	.db #0x00	; 0
    000001BB 00                     487 	.db #0x00	; 0
    000001BC 00                     488 	.db #0x00	; 0
    000001BD 00                     489 	.db #0x00	; 0
    000001BE 19                     490 	.db #0x19	; 25
    000001BF 1A                     491 	.db #0x1a	; 26
    000001C0 1B                     492 	.db #0x1b	; 27
    000001C1 20                     493 	.db #0x20	; 32
    000001C2 00                     494 	.db #0x00	; 0
    000001C3 00                     495 	.db #0x00	; 0
    000001C4 00                     496 	.db #0x00	; 0
    000001C5 21                     497 	.db #0x21	; 33
    000001C6 22                     498 	.db #0x22	; 34
    000001C7 01                     499 	.db #0x01	; 1
    000001C8 3C                     500 	.db #0x3c	; 60
    000001C9 3D                     501 	.db #0x3d	; 61
    000001CA 2D                     502 	.db #0x2d	; 45
    000001CB 20                     503 	.db #0x20	; 32
    000001CC 00                     504 	.db #0x00	; 0
    000001CD 00                     505 	.db #0x00	; 0
    000001CE 00                     506 	.db #0x00	; 0
    000001CF 19                     507 	.db #0x19	; 25
    000001D0 2B                     508 	.db #0x2b	; 43
    000001D1 3E                     509 	.db #0x3e	; 62
    000001D2 3F                     510 	.db #0x3f	; 63
    000001D3 3E                     511 	.db #0x3e	; 62
    000001D4 40                     512 	.db #0x40	; 64
    000001D5 41                     513 	.db #0x41	; 65	'A'
    000001D6 42                     514 	.db #0x42	; 66	'B'
    000001D7 01                     515 	.db #0x01	; 1
    000001D8 1B                     516 	.db #0x1b	; 27
    000001D9 20                     517 	.db #0x20	; 32
    000001DA 00                     518 	.db #0x00	; 0
    000001DB 00                     519 	.db #0x00	; 0
    000001DC 00                     520 	.db #0x00	; 0
    000001DD 00                     521 	.db #0x00	; 0
    000001DE 21                     522 	.db #0x21	; 33
    000001DF 22                     523 	.db #0x22	; 34
    000001E0 1F                     524 	.db #0x1f	; 31
    000001E1 1C                     525 	.db #0x1c	; 28
    000001E2 00                     526 	.db #0x00	; 0
    000001E3 00                     527 	.db #0x00	; 0
    000001E4 00                     528 	.db #0x00	; 0
    000001E5 27                     529 	.db #0x27	; 39
    000001E6 15                     530 	.db #0x15	; 21
    000001E7 01                     531 	.db #0x01	; 1
    000001E8 01                     532 	.db #0x01	; 1
    000001E9 01                     533 	.db #0x01	; 1
    000001EA 1F                     534 	.db #0x1f	; 31
    000001EB 1C                     535 	.db #0x1c	; 28
    000001EC 00                     536 	.db #0x00	; 0
    000001ED 00                     537 	.db #0x00	; 0
    000001EE 00                     538 	.db #0x00	; 0
    000001EF 21                     539 	.db #0x21	; 33
    000001F0 22                     540 	.db #0x22	; 34
    000001F1 01                     541 	.db #0x01	; 1
    000001F2 01                     542 	.db #0x01	; 1
    000001F3 01                     543 	.db #0x01	; 1
    000001F4 01                     544 	.db #0x01	; 1
    000001F5 01                     545 	.db #0x01	; 1
    000001F6 01                     546 	.db #0x01	; 1
    000001F7 01                     547 	.db #0x01	; 1
    000001F8 0D                     548 	.db #0x0d	; 13
    000001F9 20                     549 	.db #0x20	; 32
    000001FA 00                     550 	.db #0x00	; 0
    000001FB 00                     551 	.db #0x00	; 0
    000001FC 00                     552 	.db #0x00	; 0
    000001FD 00                     553 	.db #0x00	; 0
    000001FE 19                     554 	.db #0x19	; 25
    000001FF 1A                     555 	.db #0x1a	; 26
    00000200 1F                     556 	.db #0x1f	; 31
    00000201 1C                     557 	.db #0x1c	; 28
    00000202 00                     558 	.db #0x00	; 0
    00000203 00                     559 	.db #0x00	; 0
    00000204 00                     560 	.db #0x00	; 0
    00000205 30                     561 	.db #0x30	; 48	'0'
    00000206 31                     562 	.db #0x31	; 49	'1'
    00000207 0B                     563 	.db #0x0b	; 11
    00000208 03                     564 	.db #0x03	; 3
    00000209 07                     565 	.db #0x07	; 7
    0000020A 33                     566 	.db #0x33	; 51	'3'
    0000020B 20                     567 	.db #0x20	; 32
    0000020C 00                     568 	.db #0x00	; 0
    0000020D 00                     569 	.db #0x00	; 0
    0000020E 00                     570 	.db #0x00	; 0
    0000020F 30                     571 	.db #0x30	; 48	'0'
    00000210 31                     572 	.db #0x31	; 49	'1'
    00000211 08                     573 	.db #0x08	; 8
    00000212 09                     574 	.db #0x09	; 9
    00000213 01                     575 	.db #0x01	; 1
    00000214 0A                     576 	.db #0x0a	; 10
    00000215 0B                     577 	.db #0x0b	; 11
    00000216 07                     578 	.db #0x07	; 7
    00000217 0B                     579 	.db #0x0b	; 11
    00000218 33                     580 	.db #0x33	; 51	'3'
    00000219 20                     581 	.db #0x20	; 32
    0000021A 00                     582 	.db #0x00	; 0
    0000021B 00                     583 	.db #0x00	; 0
    0000021C 00                     584 	.db #0x00	; 0
    0000021D 00                     585 	.db #0x00	; 0
    0000021E 21                     586 	.db #0x21	; 33
    0000021F 22                     587 	.db #0x22	; 34
    00000220 1F                     588 	.db #0x1f	; 31
    00000221 1C                     589 	.db #0x1c	; 28
    00000222 00                     590 	.db #0x00	; 0
    00000223 00                     591 	.db #0x00	; 0
    00000224 00                     592 	.db #0x00	; 0
    00000225 34                     593 	.db #0x34	; 52	'4'
    00000226 35                     594 	.db #0x35	; 53	'5'
    00000227 0F                     595 	.db #0x0f	; 15
    00000228 10                     596 	.db #0x10	; 16
    00000229 0F                     597 	.db #0x0f	; 15
    0000022A 10                     598 	.db #0x10	; 16
    0000022B 36                     599 	.db #0x36	; 54	'6'
    0000022C 00                     600 	.db #0x00	; 0
    0000022D 00                     601 	.db #0x00	; 0
    0000022E 00                     602 	.db #0x00	; 0
    0000022F 34                     603 	.db #0x34	; 52	'4'
    00000230 35                     604 	.db #0x35	; 53	'5'
    00000231 14                     605 	.db #0x14	; 20
    00000232 15                     606 	.db #0x15	; 21
    00000233 01                     607 	.db #0x01	; 1
    00000234 0D                     608 	.db #0x0d	; 13
    00000235 0E                     609 	.db #0x0e	; 14
    00000236 0F                     610 	.db #0x0f	; 15
    00000237 0F                     611 	.db #0x0f	; 15
    00000238 10                     612 	.db #0x10	; 16
    00000239 36                     613 	.db #0x36	; 54	'6'
    0000023A 00                     614 	.db #0x00	; 0
    0000023B 00                     615 	.db #0x00	; 0
    0000023C 00                     616 	.db #0x00	; 0
    0000023D 00                     617 	.db #0x00	; 0
    0000023E 19                     618 	.db #0x19	; 25
    0000023F 22                     619 	.db #0x22	; 34
    00000240 29                     620 	.db #0x29	; 41
    00000241 2A                     621 	.db #0x2a	; 42
    00000242 00                     622 	.db #0x00	; 0
    00000243 00                     623 	.db #0x00	; 0
    00000244 00                     624 	.db #0x00	; 0
    00000245 00                     625 	.db #0x00	; 0
    00000246 00                     626 	.db #0x00	; 0
    00000247 00                     627 	.db #0x00	; 0
    00000248 00                     628 	.db #0x00	; 0
    00000249 00                     629 	.db #0x00	; 0
    0000024A 00                     630 	.db #0x00	; 0
    0000024B 00                     631 	.db #0x00	; 0
    0000024C 00                     632 	.db #0x00	; 0
    0000024D 00                     633 	.db #0x00	; 0
    0000024E 00                     634 	.db #0x00	; 0
    0000024F 00                     635 	.db #0x00	; 0
    00000250 00                     636 	.db #0x00	; 0
    00000251 19                     637 	.db #0x19	; 25
    00000252 1A                     638 	.db #0x1a	; 26
    00000253 01                     639 	.db #0x01	; 1
    00000254 1F                     640 	.db #0x1f	; 31
    00000255 1C                     641 	.db #0x1c	; 28
    00000256 00                     642 	.db #0x00	; 0
    00000257 00                     643 	.db #0x00	; 0
    00000258 00                     644 	.db #0x00	; 0
    00000259 00                     645 	.db #0x00	; 0
    0000025A 00                     646 	.db #0x00	; 0
    0000025B 00                     647 	.db #0x00	; 0
    0000025C 00                     648 	.db #0x00	; 0
    0000025D 00                     649 	.db #0x00	; 0
    0000025E 43                     650 	.db #0x43	; 67	'C'
    0000025F 44                     651 	.db #0x44	; 68	'D'
    00000260 2E                     652 	.db #0x2e	; 46
    00000261 2F                     653 	.db #0x2f	; 47
    00000262 00                     654 	.db #0x00	; 0
    00000263 00                     655 	.db #0x00	; 0
    00000264 00                     656 	.db #0x00	; 0
    00000265 00                     657 	.db #0x00	; 0
    00000266 00                     658 	.db #0x00	; 0
    00000267 00                     659 	.db #0x00	; 0
    00000268 00                     660 	.db #0x00	; 0
    00000269 00                     661 	.db #0x00	; 0
    0000026A 00                     662 	.db #0x00	; 0
    0000026B 00                     663 	.db #0x00	; 0
    0000026C 00                     664 	.db #0x00	; 0
    0000026D 00                     665 	.db #0x00	; 0
    0000026E 00                     666 	.db #0x00	; 0
    0000026F 00                     667 	.db #0x00	; 0
    00000270 00                     668 	.db #0x00	; 0
    00000271 19                     669 	.db #0x19	; 25
    00000272 1A                     670 	.db #0x1a	; 26
    00000273 01                     671 	.db #0x01	; 1
    00000274 1F                     672 	.db #0x1f	; 31
    00000275 1C                     673 	.db #0x1c	; 28
    00000276 00                     674 	.db #0x00	; 0
    00000277 00                     675 	.db #0x00	; 0
    00000278 00                     676 	.db #0x00	; 0
    00000279 00                     677 	.db #0x00	; 0
    0000027A 00                     678 	.db #0x00	; 0
    0000027B 00                     679 	.db #0x00	; 0
    0000027C 00                     680 	.db #0x00	; 0
    0000027D 00                     681 	.db #0x00	; 0
    0000027E 45                     682 	.db #0x45	; 69	'E'
    0000027F 46                     683 	.db #0x46	; 70	'F'
    00000280 1B                     684 	.db #0x1b	; 27
    00000281 20                     685 	.db #0x20	; 32
    00000282 00                     686 	.db #0x00	; 0
    00000283 00                     687 	.db #0x00	; 0
    00000284 00                     688 	.db #0x00	; 0
    00000285 00                     689 	.db #0x00	; 0
    00000286 00                     690 	.db #0x00	; 0
    00000287 00                     691 	.db #0x00	; 0
    00000288 00                     692 	.db #0x00	; 0
    00000289 00                     693 	.db #0x00	; 0
    0000028A 00                     694 	.db #0x00	; 0
    0000028B 00                     695 	.db #0x00	; 0
    0000028C 00                     696 	.db #0x00	; 0
    0000028D 00                     697 	.db #0x00	; 0
    0000028E 00                     698 	.db #0x00	; 0
    0000028F 00                     699 	.db #0x00	; 0
    00000290 00                     700 	.db #0x00	; 0
    00000291 30                     701 	.db #0x30	; 48	'0'
    00000292 31                     702 	.db #0x31	; 49	'1'
    00000293 32                     703 	.db #0x32	; 50	'2'
    00000294 33                     704 	.db #0x33	; 51	'3'
    00000295 20                     705 	.db #0x20	; 32
    00000296 00                     706 	.db #0x00	; 0
    00000297 00                     707 	.db #0x00	; 0
    00000298 00                     708 	.db #0x00	; 0
    00000299 00                     709 	.db #0x00	; 0
    0000029A 00                     710 	.db #0x00	; 0
    0000029B 00                     711 	.db #0x00	; 0
    0000029C 00                     712 	.db #0x00	; 0
    0000029D 00                     713 	.db #0x00	; 0
    0000029E 21                     714 	.db #0x21	; 33
    0000029F 22                     715 	.db #0x22	; 34
    000002A0 37                     716 	.db #0x37	; 55	'7'
    000002A1 38                     717 	.db #0x38	; 56	'8'
    000002A2 24                     718 	.db #0x24	; 36
    000002A3 24                     719 	.db #0x24	; 36
    000002A4 24                     720 	.db #0x24	; 36
    000002A5 24                     721 	.db #0x24	; 36
    000002A6 24                     722 	.db #0x24	; 36
    000002A7 25                     723 	.db #0x25	; 37
    000002A8 24                     724 	.db #0x24	; 36
    000002A9 39                     725 	.db #0x39	; 57	'9'
    000002AA 24                     726 	.db #0x24	; 36
    000002AB 25                     727 	.db #0x25	; 37
    000002AC 24                     728 	.db #0x24	; 36
    000002AD 26                     729 	.db #0x26	; 38
    000002AE 00                     730 	.db #0x00	; 0
    000002AF 00                     731 	.db #0x00	; 0
    000002B0 00                     732 	.db #0x00	; 0
    000002B1 34                     733 	.db #0x34	; 52	'4'
    000002B2 35                     734 	.db #0x35	; 53	'5'
    000002B3 0F                     735 	.db #0x0f	; 15
    000002B4 10                     736 	.db #0x10	; 16
    000002B5 36                     737 	.db #0x36	; 54	'6'
    000002B6 00                     738 	.db #0x00	; 0
    000002B7 00                     739 	.db #0x00	; 0
    000002B8 00                     740 	.db #0x00	; 0
    000002B9 23                     741 	.db #0x23	; 35
    000002BA 24                     742 	.db #0x24	; 36
    000002BB 24                     743 	.db #0x24	; 36
    000002BC 24                     744 	.db #0x24	; 36
    000002BD 24                     745 	.db #0x24	; 36
    000002BE 3A                     746 	.db #0x3a	; 58
    000002BF 3B                     747 	.db #0x3b	; 59
    000002C0 3C                     748 	.db #0x3c	; 60
    000002C1 3D                     749 	.db #0x3d	; 61
    000002C2 3E                     750 	.db #0x3e	; 62
    000002C3 3E                     751 	.db #0x3e	; 62
    000002C4 3E                     752 	.db #0x3e	; 62
    000002C5 3E                     753 	.db #0x3e	; 62
    000002C6 3E                     754 	.db #0x3e	; 62
    000002C7 3F                     755 	.db #0x3f	; 63
    000002C8 3E                     756 	.db #0x3e	; 62
    000002C9 40                     757 	.db #0x40	; 64
    000002CA 3E                     758 	.db #0x3e	; 62
    000002CB 2C                     759 	.db #0x2c	; 44
    000002CC 2D                     760 	.db #0x2d	; 45
    000002CD 20                     761 	.db #0x20	; 32
    000002CE 00                     762 	.db #0x00	; 0
    000002CF 00                     763 	.db #0x00	; 0
    000002D0 00                     764 	.db #0x00	; 0
    000002D1 00                     765 	.db #0x00	; 0
    000002D2 00                     766 	.db #0x00	; 0
    000002D3 00                     767 	.db #0x00	; 0
    000002D4 00                     768 	.db #0x00	; 0
    000002D5 00                     769 	.db #0x00	; 0
    000002D6 00                     770 	.db #0x00	; 0
    000002D7 00                     771 	.db #0x00	; 0
    000002D8 00                     772 	.db #0x00	; 0
    000002D9 19                     773 	.db #0x19	; 25
    000002DA 2B                     774 	.db #0x2b	; 43
    000002DB 41                     775 	.db #0x41	; 65	'A'
    000002DC 3E                     776 	.db #0x3e	; 62
    000002DD 3E                     777 	.db #0x3e	; 62
    000002DE 41                     778 	.db #0x41	; 65	'A'
    000002DF 42                     779 	.db #0x42	; 66	'B'
    000002E0 01                     780 	.db #0x01	; 1
    000002E1 01                     781 	.db #0x01	; 1
    000002E2 01                     782 	.db #0x01	; 1
    000002E3 01                     783 	.db #0x01	; 1
    000002E4 01                     784 	.db #0x01	; 1
    000002E5 01                     785 	.db #0x01	; 1
    000002E6 01                     786 	.db #0x01	; 1
    000002E7 01                     787 	.db #0x01	; 1
    000002E8 01                     788 	.db #0x01	; 1
    000002E9 01                     789 	.db #0x01	; 1
    000002EA 01                     790 	.db #0x01	; 1
    000002EB 01                     791 	.db #0x01	; 1
    000002EC 1F                     792 	.db #0x1f	; 31
    000002ED 1C                     793 	.db #0x1c	; 28
    000002EE 00                     794 	.db #0x00	; 0
    000002EF 00                     795 	.db #0x00	; 0
    000002F0 00                     796 	.db #0x00	; 0
    000002F1 00                     797 	.db #0x00	; 0
    000002F2 00                     798 	.db #0x00	; 0
    000002F3 00                     799 	.db #0x00	; 0
    000002F4 00                     800 	.db #0x00	; 0
    000002F5 00                     801 	.db #0x00	; 0
    000002F6 00                     802 	.db #0x00	; 0
    000002F7 00                     803 	.db #0x00	; 0
    000002F8 00                     804 	.db #0x00	; 0
    000002F9 21                     805 	.db #0x21	; 33
    000002FA 22                     806 	.db #0x22	; 34
    000002FB 01                     807 	.db #0x01	; 1
    000002FC 01                     808 	.db #0x01	; 1
    000002FD 01                     809 	.db #0x01	; 1
    000002FE 01                     810 	.db #0x01	; 1
    000002FF 01                     811 	.db #0x01	; 1
    00000300 0A                     812 	.db #0x0a	; 10
    00000301 0B                     813 	.db #0x0b	; 11
    00000302 07                     814 	.db #0x07	; 7
    00000303 03                     815 	.db #0x03	; 3
    00000304 07                     816 	.db #0x07	; 7
    00000305 03                     817 	.db #0x03	; 3
    00000306 04                     818 	.db #0x04	; 4
    00000307 07                     819 	.db #0x07	; 7
    00000308 03                     820 	.db #0x03	; 3
    00000309 04                     821 	.db #0x04	; 4
    0000030A 0B                     822 	.db #0x0b	; 11
    0000030B 0B                     823 	.db #0x0b	; 11
    0000030C 33                     824 	.db #0x33	; 51	'3'
    0000030D 20                     825 	.db #0x20	; 32
    0000030E 00                     826 	.db #0x00	; 0
    0000030F 00                     827 	.db #0x00	; 0
    00000310 00                     828 	.db #0x00	; 0
    00000311 00                     829 	.db #0x00	; 0
    00000312 00                     830 	.db #0x00	; 0
    00000313 00                     831 	.db #0x00	; 0
    00000314 00                     832 	.db #0x00	; 0
    00000315 00                     833 	.db #0x00	; 0
    00000316 00                     834 	.db #0x00	; 0
    00000317 00                     835 	.db #0x00	; 0
    00000318 00                     836 	.db #0x00	; 0
    00000319 30                     837 	.db #0x30	; 48	'0'
    0000031A 31                     838 	.db #0x31	; 49	'1'
    0000031B 0B                     839 	.db #0x0b	; 11
    0000031C 07                     840 	.db #0x07	; 7
    0000031D 03                     841 	.db #0x03	; 3
    0000031E 08                     842 	.db #0x08	; 8
    0000031F 09                     843 	.db #0x09	; 9
    00000320 0D                     844 	.db #0x0d	; 13
    00000321 0E                     845 	.db #0x0e	; 14
    00000322 0F                     846 	.db #0x0f	; 15
    00000323 10                     847 	.db #0x10	; 16
    00000324 0F                     848 	.db #0x0f	; 15
    00000325 10                     849 	.db #0x10	; 16
    00000326 11                     850 	.db #0x11	; 17
    00000327 0F                     851 	.db #0x0f	; 15
    00000328 10                     852 	.db #0x10	; 16
    00000329 11                     853 	.db #0x11	; 17
    0000032A 10                     854 	.db #0x10	; 16
    0000032B 0F                     855 	.db #0x0f	; 15
    0000032C 10                     856 	.db #0x10	; 16
    0000032D 36                     857 	.db #0x36	; 54	'6'
    0000032E 00                     858 	.db #0x00	; 0
    0000032F 00                     859 	.db #0x00	; 0
    00000330 00                     860 	.db #0x00	; 0
    00000331 23                     861 	.db #0x23	; 35
    00000332 24                     862 	.db #0x24	; 36
    00000333 25                     863 	.db #0x25	; 37
    00000334 24                     864 	.db #0x24	; 36
    00000335 26                     865 	.db #0x26	; 38
    00000336 00                     866 	.db #0x00	; 0
    00000337 00                     867 	.db #0x00	; 0
    00000338 00                     868 	.db #0x00	; 0
    00000339 34                     869 	.db #0x34	; 52	'4'
    0000033A 35                     870 	.db #0x35	; 53	'5'
    0000033B 10                     871 	.db #0x10	; 16
    0000033C 0F                     872 	.db #0x0f	; 15
    0000033D 10                     873 	.db #0x10	; 16
    0000033E 14                     874 	.db #0x14	; 20
    0000033F 15                     875 	.db #0x15	; 21
    00000340 1F                     876 	.db #0x1f	; 31
    00000341 1C                     877 	.db #0x1c	; 28
    00000342 00                     878 	.db #0x00	; 0
    00000343 00                     879 	.db #0x00	; 0
    00000344 00                     880 	.db #0x00	; 0
    00000345 00                     881 	.db #0x00	; 0
    00000346 00                     882 	.db #0x00	; 0
    00000347 00                     883 	.db #0x00	; 0
    00000348 00                     884 	.db #0x00	; 0
    00000349 00                     885 	.db #0x00	; 0
    0000034A 00                     886 	.db #0x00	; 0
    0000034B 00                     887 	.db #0x00	; 0
    0000034C 00                     888 	.db #0x00	; 0
    0000034D 00                     889 	.db #0x00	; 0
    0000034E 00                     890 	.db #0x00	; 0
    0000034F 00                     891 	.db #0x00	; 0
    00000350 00                     892 	.db #0x00	; 0
    00000351 19                     893 	.db #0x19	; 25
    00000352 2B                     894 	.db #0x2b	; 43
    00000353 2C                     895 	.db #0x2c	; 44
    00000354 2D                     896 	.db #0x2d	; 45
    00000355 20                     897 	.db #0x20	; 32
    00000356 00                     898 	.db #0x00	; 0
    00000357 00                     899 	.db #0x00	; 0
    00000358 00                     900 	.db #0x00	; 0
    00000359 00                     901 	.db #0x00	; 0
    0000035A 00                     902 	.db #0x00	; 0
    0000035B 00                     903 	.db #0x00	; 0
    0000035C 00                     904 	.db #0x00	; 0
    0000035D 00                     905 	.db #0x00	; 0
    0000035E 27                     906 	.db #0x27	; 39
    0000035F 28                     907 	.db #0x28	; 40
    00000360 1F                     908 	.db #0x1f	; 31
    00000361 1C                     909 	.db #0x1c	; 28
    00000362 00                     910 	.db #0x00	; 0
    00000363 00                     911 	.db #0x00	; 0
    00000364 00                     912 	.db #0x00	; 0
    00000365 00                     913 	.db #0x00	; 0
    00000366 00                     914 	.db #0x00	; 0
    00000367 00                     915 	.db #0x00	; 0
    00000368 00                     916 	.db #0x00	; 0
    00000369 00                     917 	.db #0x00	; 0
    0000036A 00                     918 	.db #0x00	; 0
    0000036B 00                     919 	.db #0x00	; 0
    0000036C 00                     920 	.db #0x00	; 0
    0000036D 00                     921 	.db #0x00	; 0
    0000036E 00                     922 	.db #0x00	; 0
    0000036F 00                     923 	.db #0x00	; 0
    00000370 00                     924 	.db #0x00	; 0
    00000371 27                     925 	.db #0x27	; 39
    00000372 28                     926 	.db #0x28	; 40
    00000373 01                     927 	.db #0x01	; 1
    00000374 17                     928 	.db #0x17	; 23
    00000375 18                     929 	.db #0x18	; 24
    00000376 00                     930 	.db #0x00	; 0
    00000377 00                     931 	.db #0x00	; 0
    00000378 00                     932 	.db #0x00	; 0
    00000379 00                     933 	.db #0x00	; 0
    0000037A 00                     934 	.db #0x00	; 0
    0000037B 00                     935 	.db #0x00	; 0
    0000037C 00                     936 	.db #0x00	; 0
    0000037D 00                     937 	.db #0x00	; 0
    0000037E 19                     938 	.db #0x19	; 25
    0000037F 1A                     939 	.db #0x1a	; 26
    00000380 1B                     940 	.db #0x1b	; 27
    00000381 20                     941 	.db #0x20	; 32
    00000382 00                     942 	.db #0x00	; 0
    00000383 00                     943 	.db #0x00	; 0
    00000384 00                     944 	.db #0x00	; 0
    00000385 00                     945 	.db #0x00	; 0
    00000386 00                     946 	.db #0x00	; 0
    00000387 00                     947 	.db #0x00	; 0
    00000388 00                     948 	.db #0x00	; 0
    00000389 00                     949 	.db #0x00	; 0
    0000038A 00                     950 	.db #0x00	; 0
    0000038B 00                     951 	.db #0x00	; 0
    0000038C 00                     952 	.db #0x00	; 0
    0000038D 00                     953 	.db #0x00	; 0
    0000038E 00                     954 	.db #0x00	; 0
    0000038F 00                     955 	.db #0x00	; 0
    00000390 00                     956 	.db #0x00	; 0
    00000391 19                     957 	.db #0x19	; 25
    00000392 1A                     958 	.db #0x1a	; 26
    00000393 01                     959 	.db #0x01	; 1
    00000394 1F                     960 	.db #0x1f	; 31
    00000395 1C                     961 	.db #0x1c	; 28
    00000396 00                     962 	.db #0x00	; 0
    00000397 00                     963 	.db #0x00	; 0
    00000398 00                     964 	.db #0x00	; 0
    00000399 00                     965 	.db #0x00	; 0
    0000039A 00                     966 	.db #0x00	; 0
    0000039B 00                     967 	.db #0x00	; 0
    0000039C 00                     968 	.db #0x00	; 0
    0000039D 00                     969 	.db #0x00	; 0
    0000039E 21                     970 	.db #0x21	; 33
    0000039F 22                     971 	.db #0x22	; 34
    000003A0 47                     972 	.db #0x47	; 71	'G'
    000003A1 48                     973 	.db #0x48	; 72	'H'
    000003A2 00                     974 	.db #0x00	; 0
    000003A3 00                     975 	.db #0x00	; 0
    000003A4 00                     976 	.db #0x00	; 0
    000003A5 00                     977 	.db #0x00	; 0
    000003A6 00                     978 	.db #0x00	; 0
    000003A7 00                     979 	.db #0x00	; 0
    000003A8 00                     980 	.db #0x00	; 0
    000003A9 00                     981 	.db #0x00	; 0
    000003AA 00                     982 	.db #0x00	; 0
    000003AB 00                     983 	.db #0x00	; 0
    000003AC 00                     984 	.db #0x00	; 0
    000003AD 00                     985 	.db #0x00	; 0
    000003AE 00                     986 	.db #0x00	; 0
    000003AF 00                     987 	.db #0x00	; 0
    000003B0 00                     988 	.db #0x00	; 0
    000003B1 21                     989 	.db #0x21	; 33
    000003B2 22                     990 	.db #0x22	; 34
    000003B3 01                     991 	.db #0x01	; 1
    000003B4 1B                     992 	.db #0x1b	; 27
    000003B5 20                     993 	.db #0x20	; 32
    000003B6 00                     994 	.db #0x00	; 0
    000003B7 00                     995 	.db #0x00	; 0
    000003B8 00                     996 	.db #0x00	; 0
    000003B9 00                     997 	.db #0x00	; 0
    000003BA 00                     998 	.db #0x00	; 0
    000003BB 00                     999 	.db #0x00	; 0
    000003BC 00                    1000 	.db #0x00	; 0
    000003BD 00                    1001 	.db #0x00	; 0
    000003BE 21                    1002 	.db #0x21	; 33
    000003BF 22                    1003 	.db #0x22	; 34
    000003C0 37                    1004 	.db #0x37	; 55	'7'
    000003C1 38                    1005 	.db #0x38	; 56	'8'
    000003C2 49                    1006 	.db #0x49	; 73	'I'
    000003C3 4A                    1007 	.db #0x4a	; 74	'J'
    000003C4 4B                    1008 	.db #0x4b	; 75	'K'
    000003C5 24                    1009 	.db #0x24	; 36
    000003C6 39                    1010 	.db #0x39	; 57	'9'
    000003C7 24                    1011 	.db #0x24	; 36
    000003C8 24                    1012 	.db #0x24	; 36
    000003C9 24                    1013 	.db #0x24	; 36
    000003CA 25                    1014 	.db #0x25	; 37
    000003CB 24                    1015 	.db #0x24	; 36
    000003CC 39                    1016 	.db #0x39	; 57	'9'
    000003CD 24                    1017 	.db #0x24	; 36
    000003CE 24                    1018 	.db #0x24	; 36
    000003CF 39                    1019 	.db #0x39	; 57	'9'
    000003D0 25                    1020 	.db #0x25	; 37
    000003D1 3A                    1021 	.db #0x3a	; 58
    000003D2 3B                    1022 	.db #0x3b	; 59
    000003D3 01                    1023 	.db #0x01	; 1
    000003D4 37                    1024 	.db #0x37	; 55	'7'
    000003D5 38                    1025 	.db #0x38	; 56	'8'
    000003D6 24                    1026 	.db #0x24	; 36
    000003D7 25                    1027 	.db #0x25	; 37
    000003D8 24                    1028 	.db #0x24	; 36
    000003D9 39                    1029 	.db #0x39	; 57	'9'
    000003DA 24                    1030 	.db #0x24	; 36
    000003DB 25                    1031 	.db #0x25	; 37
    000003DC 24                    1032 	.db #0x24	; 36
    000003DD 39                    1033 	.db #0x39	; 57	'9'
    000003DE 3A                    1034 	.db #0x3a	; 58
    000003DF 3B                    1035 	.db #0x3b	; 59
    000003E0 3C                    1036 	.db #0x3c	; 60
    000003E1 3D                    1037 	.db #0x3d	; 61
    000003E2 4C                    1038 	.db #0x4c	; 76	'L'
    000003E3 4D                    1039 	.db #0x4d	; 77	'M'
    000003E4 4E                    1040 	.db #0x4e	; 78	'N'
    000003E5 3E                    1041 	.db #0x3e	; 62
    000003E6 40                    1042 	.db #0x40	; 64
    000003E7 3E                    1043 	.db #0x3e	; 62
    000003E8 3E                    1044 	.db #0x3e	; 62
    000003E9 3E                    1045 	.db #0x3e	; 62
    000003EA 3F                    1046 	.db #0x3f	; 63
    000003EB 3E                    1047 	.db #0x3e	; 62
    000003EC 40                    1048 	.db #0x40	; 64
    000003ED 3E                    1049 	.db #0x3e	; 62
    000003EE 3E                    1050 	.db #0x3e	; 62
    000003EF 40                    1051 	.db #0x40	; 64
    000003F0 3F                    1052 	.db #0x3f	; 63
    000003F1 41                    1053 	.db #0x41	; 65	'A'
    000003F2 42                    1054 	.db #0x42	; 66	'B'
    000003F3 01                    1055 	.db #0x01	; 1
    000003F4 3C                    1056 	.db #0x3c	; 60
    000003F5 3D                    1057 	.db #0x3d	; 61
    000003F6 3E                    1058 	.db #0x3e	; 62
    000003F7 3F                    1059 	.db #0x3f	; 63
    000003F8 3E                    1060 	.db #0x3e	; 62
    000003F9 40                    1061 	.db #0x40	; 64
    000003FA 3E                    1062 	.db #0x3e	; 62
    000003FB 3F                    1063 	.db #0x3f	; 63
    000003FC 3E                    1064 	.db #0x3e	; 62
    000003FD 40                    1065 	.db #0x40	; 64
    000003FE 41                    1066 	.db #0x41	; 65	'A'
    000003FF 42                    1067 	.db #0x42	; 66	'B'
                                   1068 	.area _INITIALIZER
                                   1069 	.area _CABS (ABS)
