                                      1 ;--------------------------------------------------------
                                      2 ; File Created by SDCC : free open source ISO C Compiler
                                      3 ; Version 4.5.1 #15267 (Mac OS X ppc)
                                      4 ;--------------------------------------------------------
                                      5 	.module main
                                      6 	
                                      7 ;--------------------------------------------------------
                                      8 ; Public variables in this module
                                      9 ;--------------------------------------------------------
                                     10 	.globl _main
                                     11 	.globl _init_gfx
                                     12 	.globl _set_bkg_tiles
                                     13 	.globl _set_bkg_data
                                     14 	.globl _vsync
                                     15 ;--------------------------------------------------------
                                     16 ; special function registers
                                     17 ;--------------------------------------------------------
                                     18 ;--------------------------------------------------------
                                     19 ; ram data
                                     20 ;--------------------------------------------------------
                                     21 	.area _DATA
                                     22 ;--------------------------------------------------------
                                     23 ; ram data
                                     24 ;--------------------------------------------------------
                                     25 	.area _INITIALIZED
                                     26 ;--------------------------------------------------------
                                     27 ; absolute external ram data
                                     28 ;--------------------------------------------------------
                                     29 	.area _DABS (ABS)
                                     30 ;--------------------------------------------------------
                                     31 ; global & static initialisations
                                     32 ;--------------------------------------------------------
                                     33 	.area _HOME
                                     34 	.area _GSINIT
                                     35 	.area _GSFINAL
                                     36 	.area _GSINIT
                                     37 ;--------------------------------------------------------
                                     38 ; Home
                                     39 ;--------------------------------------------------------
                                     40 	.area _HOME
                                     41 	.area _HOME
                                     42 ;--------------------------------------------------------
                                     43 ; code
                                     44 ;--------------------------------------------------------
                                     45 	.area _CODE
                                     46 ;src/main.c:7: void init_gfx(void) {
                                     47 ;	---------------------------------
                                     48 ; Function init_gfx
                                     49 ; ---------------------------------
    00000000                         50 _init_gfx::
                                     51 ;src/main.c:9: set_bkg_data(0, 79u, dungeon_tiles);
    00000000 11r00r00         [12]   52 	ld	de, #_dungeon_tiles
    00000003 D5               [16]   53 	push	de
    00000004 21 00 4F         [12]   54 	ld	hl, #0x4f00
    00000007 E5               [16]   55 	push	hl
    00000008 CDr00r00         [24]   56 	call	_set_bkg_data
    0000000B E8 04            [16]   57 	add	sp, #4
                                     58 ;src/main.c:10: set_bkg_tiles(0, 0, 32u, 32u, dungeon_mapPLN0);
    0000000D 11r00r00         [12]   59 	ld	de, #_dungeon_mapPLN0
    00000010 D5               [16]   60 	push	de
    00000011 21 20 20         [12]   61 	ld	hl, #0x2020
    00000014 E5               [16]   62 	push	hl
    00000015 AF               [ 4]   63 	xor	a, a
    00000016 0F               [ 4]   64 	rrca
    00000017 F5               [16]   65 	push	af
    00000018 CDr00r00         [24]   66 	call	_set_bkg_tiles
    0000001B E8 06            [16]   67 	add	sp, #6
                                     68 ;src/main.c:13: SHOW_BKG;
    0000001D F0r00            [12]   69 	ldh	a, (_LCDC_REG + 0)
    0000001F F6 01            [ 8]   70 	or	a, #0x01
    00000021 E0r00            [12]   71 	ldh	(_LCDC_REG + 0), a
                                     72 ;src/main.c:14: }
    00000023 C9               [16]   73 	ret
                                     74 ;src/main.c:17: void main(void)
                                     75 ;	---------------------------------
                                     76 ; Function main
                                     77 ; ---------------------------------
    00000024                         78 _main::
                                     79 ;src/main.c:19: init_gfx();
    00000024 CDr00r00         [24]   80 	call	_init_gfx
                                     81 ;src/main.c:22: while(1) {
    00000027                         82 00102$:
                                     83 ;src/main.c:29: vsync();
    00000027 CDr00r00         [24]   84 	call	_vsync
                                     85 ;src/main.c:31: }
    0000002A 18 FB            [12]   86 	jr	00102$
                                     87 	.area _CODE
                                     88 	.area _INITIALIZER
                                     89 	.area _CABS (ABS)
