                                      1 ;--------------------------------------------------------
                                      2 ; File Created by SDCC : free open source ISO C Compiler
                                      3 ; Version 4.5.1 #15267 (Mac OS X ppc)
                                      4 ;--------------------------------------------------------
                                      5 	.module sprite
                                      6 	
                                      7 ;--------------------------------------------------------
                                      8 ; Public variables in this module
                                      9 ;--------------------------------------------------------
                                     10 	.globl _sprite_metasprites
                                     11 	.globl _sprite_metasprite4
                                     12 	.globl _sprite_metasprite3
                                     13 	.globl _sprite_metasprite2
                                     14 	.globl _sprite_metasprite1
                                     15 	.globl _sprite_metasprite0
                                     16 	.globl _sprite_tiles
                                     17 	.globl _sprite_palettes
                                     18 	.globl b___func_sprite
                                     19 	.globl ___func_sprite
                                     20 ;--------------------------------------------------------
                                     21 ; special function registers
                                     22 ;--------------------------------------------------------
                                     23 ;--------------------------------------------------------
                                     24 ; ram data
                                     25 ;--------------------------------------------------------
                                     26 	.area _DATA
                                     27 ;--------------------------------------------------------
                                     28 ; ram data
                                     29 ;--------------------------------------------------------
                                     30 	.area _INITIALIZED
                                     31 ;--------------------------------------------------------
                                     32 ; absolute external ram data
                                     33 ;--------------------------------------------------------
                                     34 	.area _DABS (ABS)
                                     35 ;--------------------------------------------------------
                                     36 ; global & static initialisations
                                     37 ;--------------------------------------------------------
                                     38 	.area _HOME
                                     39 	.area _GSINIT
                                     40 	.area _GSFINAL
                                     41 	.area _GSINIT
                                     42 ;--------------------------------------------------------
                                     43 ; Home
                                     44 ;--------------------------------------------------------
                                     45 	.area _HOME
                                     46 	.area _HOME
                                     47 ;--------------------------------------------------------
                                     48 ; code
                                     49 ;--------------------------------------------------------
                                     50 	.area _CODE
                                     51 ;obj/duck/res/sprite.c:7: BANKREF(sprite)
                                     52 ;	---------------------------------
                                     53 ; Function __func_sprite
                                     54 ; ---------------------------------
                         00000000    55 	b___func_sprite	= 0
    00000000                         56 ___func_sprite::
                                     57 	.local b___func_sprite 
                         00000000    58 	___bank_sprite = b___func_sprite 
                                     59 	.globl ___bank_sprite 
                                     60 	.area _CODE
    00000000                         61 _sprite_palettes:
    00000000 FF 7F                   62 	.dw #0x7fff
    00000002 FC 67                   63 	.dw #0x67fc
    00000004 10 37                   64 	.dw #0x3710
    00000006 60 10                   65 	.dw #0x1060
    00000008                         66 _sprite_tiles:
    00000008 00                      67 	.db #0x00	; 0
    00000009 00                      68 	.db #0x00	; 0
    0000000A 00                      69 	.db #0x00	; 0
    0000000B 00                      70 	.db #0x00	; 0
    0000000C 00                      71 	.db #0x00	; 0
    0000000D 00                      72 	.db #0x00	; 0
    0000000E 03                      73 	.db #0x03	; 3
    0000000F 03                      74 	.db #0x03	; 3
    00000010 0D                      75 	.db #0x0d	; 13
    00000011 0E                      76 	.db #0x0e	; 14
    00000012 1F                      77 	.db #0x1f	; 31
    00000013 10                      78 	.db #0x10	; 16
    00000014 3F                      79 	.db #0x3f	; 63
    00000015 20                      80 	.db #0x20	; 32
    00000016 3F                      81 	.db #0x3f	; 63
    00000017 20                      82 	.db #0x20	; 32
    00000018 00                      83 	.db #0x00	; 0
    00000019 00                      84 	.db #0x00	; 0
    0000001A 03                      85 	.db #0x03	; 3
    0000001B 03                      86 	.db #0x03	; 3
    0000001C FD                      87 	.db #0xfd	; 253
    0000001D FE                      88 	.db #0xfe	; 254
    0000001E 3F                      89 	.db #0x3f	; 63
    0000001F C0                      90 	.db #0xc0	; 192
    00000020 FF                      91 	.db #0xff	; 255
    00000021 0C                      92 	.db #0x0c	; 12
    00000022 FF                      93 	.db #0xff	; 255
    00000023 13                      94 	.db #0x13	; 19
    00000024 F7                      95 	.db #0xf7	; 247
    00000025 08                      96 	.db #0x08	; 8
    00000026 C1                      97 	.db #0xc1	; 193
    00000027 3E                      98 	.db #0x3e	; 62
    00000028 7F                      99 	.db #0x7f	; 127
    00000029 7F                     100 	.db #0x7f	; 127
    0000002A 9F                     101 	.db #0x9f	; 159
    0000002B E0                     102 	.db #0xe0	; 224
    0000002C FF                     103 	.db #0xff	; 255
    0000002D 00                     104 	.db #0x00	; 0
    0000002E FF                     105 	.db #0xff	; 255
    0000002F 00                     106 	.db #0x00	; 0
    00000030 FF                     107 	.db #0xff	; 255
    00000031 00                     108 	.db #0x00	; 0
    00000032 FF                     109 	.db #0xff	; 255
    00000033 00                     110 	.db #0x00	; 0
    00000034 FF                     111 	.db #0xff	; 255
    00000035 80                     112 	.db #0x80	; 128
    00000036 FF                     113 	.db #0xff	; 255
    00000037 40                     114 	.db #0x40	; 64
    00000038 F0                     115 	.db #0xf0	; 240
    00000039 F0                     116 	.db #0xf0	; 240
    0000003A CF                     117 	.db #0xcf	; 207
    0000003B 3F                     118 	.db #0x3f	; 63
    0000003C FF                     119 	.db #0xff	; 255
    0000003D 00                     120 	.db #0x00	; 0
    0000003E FF                     121 	.db #0xff	; 255
    0000003F 00                     122 	.db #0x00	; 0
    00000040 FF                     123 	.db #0xff	; 255
    00000041 00                     124 	.db #0x00	; 0
    00000042 FF                     125 	.db #0xff	; 255
    00000043 00                     126 	.db #0x00	; 0
    00000044 FF                     127 	.db #0xff	; 255
    00000045 00                     128 	.db #0x00	; 0
    00000046 FF                     129 	.db #0xff	; 255
    00000047 00                     130 	.db #0x00	; 0
    00000048 00                     131 	.db #0x00	; 0
    00000049 00                     132 	.db #0x00	; 0
    0000004A C0                     133 	.db #0xc0	; 192
    0000004B C0                     134 	.db #0xc0	; 192
    0000004C 3C                     135 	.db #0x3c	; 60
    0000004D FC                     136 	.db #0xfc	; 252
    0000004E F3                     137 	.db #0xf3	; 243
    0000004F 0F                     138 	.db #0x0f	; 15
    00000050 FF                     139 	.db #0xff	; 255
    00000051 00                     140 	.db #0x00	; 0
    00000052 FF                     141 	.db #0xff	; 255
    00000053 00                     142 	.db #0x00	; 0
    00000054 FF                     143 	.db #0xff	; 255
    00000055 00                     144 	.db #0x00	; 0
    00000056 FF                     145 	.db #0xff	; 255
    00000057 00                     146 	.db #0x00	; 0
    00000058 00                     147 	.db #0x00	; 0
    00000059 00                     148 	.db #0x00	; 0
    0000005A 00                     149 	.db #0x00	; 0
    0000005B 00                     150 	.db #0x00	; 0
    0000005C 00                     151 	.db #0x00	; 0
    0000005D 00                     152 	.db #0x00	; 0
    0000005E C0                     153 	.db #0xc0	; 192
    0000005F C0                     154 	.db #0xc0	; 192
    00000060 B0                     155 	.db #0xb0	; 176
    00000061 70                     156 	.db #0x70	; 112	'p'
    00000062 F8                     157 	.db #0xf8	; 248
    00000063 08                     158 	.db #0x08	; 8
    00000064 FC                     159 	.db #0xfc	; 252
    00000065 04                     160 	.db #0x04	; 4
    00000066 FC                     161 	.db #0xfc	; 252
    00000067 04                     162 	.db #0x04	; 4
    00000068 3F                     163 	.db #0x3f	; 63
    00000069 20                     164 	.db #0x20	; 32
    0000006A 3F                     165 	.db #0x3f	; 63
    0000006B 20                     166 	.db #0x20	; 32
    0000006C 3F                     167 	.db #0x3f	; 63
    0000006D 20                     168 	.db #0x20	; 32
    0000006E 3F                     169 	.db #0x3f	; 63
    0000006F 20                     170 	.db #0x20	; 32
    00000070 3F                     171 	.db #0x3f	; 63
    00000071 20                     172 	.db #0x20	; 32
    00000072 3F                     173 	.db #0x3f	; 63
    00000073 23                     174 	.db #0x23	; 35
    00000074 3D                     175 	.db #0x3d	; 61
    00000075 23                     176 	.db #0x23	; 35
    00000076 5E                     177 	.db #0x5e	; 94
    00000077 61                     178 	.db #0x61	; 97	'a'
    00000078 C0                     179 	.db #0xc0	; 192
    00000079 3F                     180 	.db #0x3f	; 63
    0000007A C0                     181 	.db #0xc0	; 192
    0000007B 3F                     182 	.db #0x3f	; 63
    0000007C C0                     183 	.db #0xc0	; 192
    0000007D 3F                     184 	.db #0x3f	; 63
    0000007E CF                     185 	.db #0xcf	; 207
    0000007F 30                     186 	.db #0x30	; 48	'0'
    00000080 FF                     187 	.db #0xff	; 255
    00000081 08                     188 	.db #0x08	; 8
    00000082 BF                     189 	.db #0xbf	; 191
    00000083 C4                     190 	.db #0xc4	; 196
    00000084 E7                     191 	.db #0xe7	; 231
    00000085 DC                     192 	.db #0xdc	; 220
    00000086 07                     193 	.db #0x07	; 7
    00000087 FC                     194 	.db #0xfc	; 252
    00000088 FF                     195 	.db #0xff	; 255
    00000089 20                     196 	.db #0x20	; 32
    0000008A 7F                     197 	.db #0x7f	; 127
    0000008B A0                     198 	.db #0xa0	; 160
    0000008C 7F                     199 	.db #0x7f	; 127
    0000008D 90                     200 	.db #0x90	; 144
    0000008E FF                     201 	.db #0xff	; 255
    0000008F 10                     202 	.db #0x10	; 16
    00000090 FF                     203 	.db #0xff	; 255
    00000091 10                     204 	.db #0x10	; 16
    00000092 DF                     205 	.db #0xdf	; 223
    00000093 30                     206 	.db #0x30	; 48	'0'
    00000094 FF                     207 	.db #0xff	; 255
    00000095 60                     208 	.db #0x60	; 96
    00000096 BF                     209 	.db #0xbf	; 191
    00000097 C0                     210 	.db #0xc0	; 192
    00000098 FF                     211 	.db #0xff	; 255
    00000099 00                     212 	.db #0x00	; 0
    0000009A FF                     213 	.db #0xff	; 255
    0000009B 00                     214 	.db #0x00	; 0
    0000009C FF                     215 	.db #0xff	; 255
    0000009D 00                     216 	.db #0x00	; 0
    0000009E FF                     217 	.db #0xff	; 255
    0000009F 00                     218 	.db #0x00	; 0
    000000A0 FF                     219 	.db #0xff	; 255
    000000A1 00                     220 	.db #0x00	; 0
    000000A2 FF                     221 	.db #0xff	; 255
    000000A3 00                     222 	.db #0x00	; 0
    000000A4 FF                     223 	.db #0xff	; 255
    000000A5 00                     224 	.db #0x00	; 0
    000000A6 3F                     225 	.db #0x3f	; 63
    000000A7 C0                     226 	.db #0xc0	; 192
    000000A8 FF                     227 	.db #0xff	; 255
    000000A9 00                     228 	.db #0x00	; 0
    000000AA FF                     229 	.db #0xff	; 255
    000000AB 00                     230 	.db #0x00	; 0
    000000AC FF                     231 	.db #0xff	; 255
    000000AD 00                     232 	.db #0x00	; 0
    000000AE FF                     233 	.db #0xff	; 255
    000000AF 00                     234 	.db #0x00	; 0
    000000B0 FF                     235 	.db #0xff	; 255
    000000B1 00                     236 	.db #0x00	; 0
    000000B2 FF                     237 	.db #0xff	; 255
    000000B3 00                     238 	.db #0x00	; 0
    000000B4 FF                     239 	.db #0xff	; 255
    000000B5 00                     240 	.db #0x00	; 0
    000000B6 FC                     241 	.db #0xfc	; 252
    000000B7 03                     242 	.db #0x03	; 3
    000000B8 FE                     243 	.db #0xfe	; 254
    000000B9 02                     244 	.db #0x02	; 2
    000000BA FE                     245 	.db #0xfe	; 254
    000000BB 02                     246 	.db #0x02	; 2
    000000BC FD                     247 	.db #0xfd	; 253
    000000BD 03                     248 	.db #0x03	; 3
    000000BE FF                     249 	.db #0xff	; 255
    000000BF 01                     250 	.db #0x01	; 1
    000000C0 FF                     251 	.db #0xff	; 255
    000000C1 01                     252 	.db #0x01	; 1
    000000C2 FF                     253 	.db #0xff	; 255
    000000C3 01                     254 	.db #0x01	; 1
    000000C4 FF                     255 	.db #0xff	; 255
    000000C5 00                     256 	.db #0x00	; 0
    000000C6 7F                     257 	.db #0x7f	; 127
    000000C7 80                     258 	.db #0x80	; 128
    000000C8 00                     259 	.db #0x00	; 0
    000000C9 00                     260 	.db #0x00	; 0
    000000CA 00                     261 	.db #0x00	; 0
    000000CB 00                     262 	.db #0x00	; 0
    000000CC 00                     263 	.db #0x00	; 0
    000000CD 00                     264 	.db #0x00	; 0
    000000CE 00                     265 	.db #0x00	; 0
    000000CF 00                     266 	.db #0x00	; 0
    000000D0 00                     267 	.db #0x00	; 0
    000000D1 00                     268 	.db #0x00	; 0
    000000D2 00                     269 	.db #0x00	; 0
    000000D3 00                     270 	.db #0x00	; 0
    000000D4 80                     271 	.db #0x80	; 128
    000000D5 80                     272 	.db #0x80	; 128
    000000D6 80                     273 	.db #0x80	; 128
    000000D7 80                     274 	.db #0x80	; 128
    000000D8 5E                     275 	.db #0x5e	; 94
    000000D9 61                     276 	.db #0x61	; 97	'a'
    000000DA 7C                     277 	.db #0x7c	; 124
    000000DB 43                     278 	.db #0x43	; 67	'C'
    000000DC 78                     279 	.db #0x78	; 120	'x'
    000000DD 47                     280 	.db #0x47	; 71	'G'
    000000DE 79                     281 	.db #0x79	; 121	'y'
    000000DF 47                     282 	.db #0x47	; 71	'G'
    000000E0 BB                     283 	.db #0xbb	; 187
    000000E1 C7                     284 	.db #0xc7	; 199
    000000E2 B3                     285 	.db #0xb3	; 179
    000000E3 CF                     286 	.db #0xcf	; 207
    000000E4 F2                     287 	.db #0xf2	; 242
    000000E5 8E                     288 	.db #0x8e	; 142
    000000E6 F4                     289 	.db #0xf4	; 244
    000000E7 8C                     290 	.db #0x8c	; 140
    000000E8 02                     291 	.db #0x02	; 2
    000000E9 FF                     292 	.db #0xff	; 255
    000000EA 03                     293 	.db #0x03	; 3
    000000EB FF                     294 	.db #0xff	; 255
    000000EC 00                     295 	.db #0x00	; 0
    000000ED FF                     296 	.db #0xff	; 255
    000000EE 87                     297 	.db #0x87	; 135
    000000EF FF                     298 	.db #0xff	; 255
    000000F0 FF                     299 	.db #0xff	; 255
    000000F1 FF                     300 	.db #0xff	; 255
    000000F2 C1                     301 	.db #0xc1	; 193
    000000F3 C1                     302 	.db #0xc1	; 193
    000000F4 01                     303 	.db #0x01	; 1
    000000F5 01                     304 	.db #0x01	; 1
    000000F6 00                     305 	.db #0x00	; 0
    000000F7 00                     306 	.db #0x00	; 0
    000000F8 BD                     307 	.db #0xbd	; 189
    000000F9 C2                     308 	.db #0xc2	; 194
    000000FA 3C                     309 	.db #0x3c	; 60
    000000FB C3                     310 	.db #0xc3	; 195
    000000FC 7E                     311 	.db #0x7e	; 126
    000000FD 81                     312 	.db #0x81	; 129
    000000FE FF                     313 	.db #0xff	; 255
    000000FF 80                     314 	.db #0x80	; 128
    00000100 FF                     315 	.db #0xff	; 255
    00000101 80                     316 	.db #0x80	; 128
    00000102 BF                     317 	.db #0xbf	; 191
    00000103 C0                     318 	.db #0xc0	; 192
    00000104 FF                     319 	.db #0xff	; 255
    00000105 C0                     320 	.db #0xc0	; 192
    00000106 FF                     321 	.db #0xff	; 255
    00000107 C0                     322 	.db #0xc0	; 192
    00000108 07                     323 	.db #0x07	; 7
    00000109 F8                     324 	.db #0xf8	; 248
    0000010A 00                     325 	.db #0x00	; 0
    0000010B FF                     326 	.db #0xff	; 255
    0000010C 00                     327 	.db #0x00	; 0
    0000010D FF                     328 	.db #0xff	; 255
    0000010E 00                     329 	.db #0x00	; 0
    0000010F FF                     330 	.db #0xff	; 255
    00000110 00                     331 	.db #0x00	; 0
    00000111 FF                     332 	.db #0xff	; 255
    00000112 00                     333 	.db #0x00	; 0
    00000113 FF                     334 	.db #0xff	; 255
    00000114 40                     335 	.db #0x40	; 64
    00000115 FF                     336 	.db #0xff	; 255
    00000116 40                     337 	.db #0x40	; 64
    00000117 FF                     338 	.db #0xff	; 255
    00000118 E0                     339 	.db #0xe0	; 224
    00000119 1F                     340 	.db #0x1f	; 31
    0000011A 00                     341 	.db #0x00	; 0
    0000011B FF                     342 	.db #0xff	; 255
    0000011C 00                     343 	.db #0x00	; 0
    0000011D FF                     344 	.db #0xff	; 255
    0000011E 00                     345 	.db #0x00	; 0
    0000011F FF                     346 	.db #0xff	; 255
    00000120 00                     347 	.db #0x00	; 0
    00000121 FF                     348 	.db #0xff	; 255
    00000122 00                     349 	.db #0x00	; 0
    00000123 FF                     350 	.db #0xff	; 255
    00000124 02                     351 	.db #0x02	; 2
    00000125 FF                     352 	.db #0xff	; 255
    00000126 02                     353 	.db #0x02	; 2
    00000127 FF                     354 	.db #0xff	; 255
    00000128 7F                     355 	.db #0x7f	; 127
    00000129 80                     356 	.db #0x80	; 128
    0000012A FF                     357 	.db #0xff	; 255
    0000012B 00                     358 	.db #0x00	; 0
    0000012C FE                     359 	.db #0xfe	; 254
    0000012D 01                     360 	.db #0x01	; 1
    0000012E FF                     361 	.db #0xff	; 255
    0000012F 01                     362 	.db #0x01	; 1
    00000130 FD                     363 	.db #0xfd	; 253
    00000131 03                     364 	.db #0x03	; 3
    00000132 FD                     365 	.db #0xfd	; 253
    00000133 03                     366 	.db #0x03	; 3
    00000134 79                     367 	.db #0x79	; 121	'y'
    00000135 87                     368 	.db #0x87	; 135
    00000136 71                     369 	.db #0x71	; 113	'q'
    00000137 8F                     370 	.db #0x8f	; 143
    00000138 40                     371 	.db #0x40	; 64
    00000139 C0                     372 	.db #0xc0	; 192
    0000013A C0                     373 	.db #0xc0	; 192
    0000013B 40                     374 	.db #0x40	; 64
    0000013C C0                     375 	.db #0xc0	; 192
    0000013D 40                     376 	.db #0x40	; 64
    0000013E C0                     377 	.db #0xc0	; 192
    0000013F 40                     378 	.db #0x40	; 64
    00000140 E0                     379 	.db #0xe0	; 224
    00000141 20                     380 	.db #0x20	; 32
    00000142 60                     381 	.db #0x60	; 96
    00000143 A0                     382 	.db #0xa0	; 160
    00000144 60                     383 	.db #0x60	; 96
    00000145 A0                     384 	.db #0xa0	; 160
    00000146 A0                     385 	.db #0xa0	; 160
    00000147 E0                     386 	.db #0xe0	; 224
    00000148 F4                     387 	.db #0xf4	; 244
    00000149 8C                     388 	.db #0x8c	; 140
    0000014A F4                     389 	.db #0xf4	; 244
    0000014B 8C                     390 	.db #0x8c	; 140
    0000014C B4                     391 	.db #0xb4	; 180
    0000014D CC                     392 	.db #0xcc	; 204
    0000014E B8                     393 	.db #0xb8	; 184
    0000014F C8                     394 	.db #0xc8	; 200
    00000150 B8                     395 	.db #0xb8	; 184
    00000151 C8                     396 	.db #0xc8	; 200
    00000152 78                     397 	.db #0x78	; 120	'x'
    00000153 48                     398 	.db #0x48	; 72	'H'
    00000154 78                     399 	.db #0x78	; 120	'x'
    00000155 48                     400 	.db #0x48	; 72	'H'
    00000156 78                     401 	.db #0x78	; 120	'x'
    00000157 48                     402 	.db #0x48	; 72	'H'
    00000158 DF                     403 	.db #0xdf	; 223
    00000159 E0                     404 	.db #0xe0	; 224
    0000015A 7F                     405 	.db #0x7f	; 127
    0000015B 60                     406 	.db #0x60	; 96
    0000015C 7E                     407 	.db #0x7e	; 126
    0000015D 61                     408 	.db #0x61	; 97	'a'
    0000015E 6E                     409 	.db #0x6e	; 110	'n'
    0000015F 71                     410 	.db #0x71	; 113	'q'
    00000160 7E                     411 	.db #0x7e	; 126
    00000161 71                     412 	.db #0x71	; 113	'q'
    00000162 7C                     413 	.db #0x7c	; 124
    00000163 73                     414 	.db #0x73	; 115	's'
    00000164 70                     415 	.db #0x70	; 112	'p'
    00000165 7F                     416 	.db #0x7f	; 127
    00000166 78                     417 	.db #0x78	; 120	'x'
    00000167 7F                     418 	.db #0x7f	; 127
    00000168 70                     419 	.db #0x70	; 112	'p'
    00000169 FF                     420 	.db #0xff	; 255
    0000016A 4F                     421 	.db #0x4f	; 79	'O'
    0000016B CF                     422 	.db #0xcf	; 207
    0000016C 41                     423 	.db #0x41	; 65	'A'
    0000016D C1                     424 	.db #0xc1	; 193
    0000016E 40                     425 	.db #0x40	; 64
    0000016F C0                     426 	.db #0xc0	; 192
    00000170 40                     427 	.db #0x40	; 64
    00000171 C0                     428 	.db #0xc0	; 192
    00000172 40                     429 	.db #0x40	; 64
    00000173 C0                     430 	.db #0xc0	; 192
    00000174 20                     431 	.db #0x20	; 32
    00000175 E0                     432 	.db #0xe0	; 224
    00000176 20                     433 	.db #0x20	; 32
    00000177 E0                     434 	.db #0xe0	; 224
    00000178 02                     435 	.db #0x02	; 2
    00000179 FF                     436 	.db #0xff	; 255
    0000017A FE                     437 	.db #0xfe	; 254
    0000017B FF                     438 	.db #0xff	; 255
    0000017C FE                     439 	.db #0xfe	; 254
    0000017D FF                     440 	.db #0xff	; 255
    0000017E 3F                     441 	.db #0x3f	; 63
    0000017F 3F                     442 	.db #0x3f	; 63
    00000180 3F                     443 	.db #0x3f	; 63
    00000181 3F                     444 	.db #0x3f	; 63
    00000182 3F                     445 	.db #0x3f	; 63
    00000183 3F                     446 	.db #0x3f	; 63
    00000184 3F                     447 	.db #0x3f	; 63
    00000185 3F                     448 	.db #0x3f	; 63
    00000186 1F                     449 	.db #0x1f	; 31
    00000187 1F                     450 	.db #0x1f	; 31
    00000188 01                     451 	.db #0x01	; 1
    00000189 FF                     452 	.db #0xff	; 255
    0000018A 01                     453 	.db #0x01	; 1
    0000018B FF                     454 	.db #0xff	; 255
    0000018C 01                     455 	.db #0x01	; 1
    0000018D FF                     456 	.db #0xff	; 255
    0000018E 01                     457 	.db #0x01	; 1
    0000018F FF                     458 	.db #0xff	; 255
    00000190 01                     459 	.db #0x01	; 1
    00000191 FF                     460 	.db #0xff	; 255
    00000192 82                     461 	.db #0x82	; 130
    00000193 FE                     462 	.db #0xfe	; 254
    00000194 82                     463 	.db #0x82	; 130
    00000195 FE                     464 	.db #0xfe	; 254
    00000196 C2                     465 	.db #0xc2	; 194
    00000197 FE                     466 	.db #0xfe	; 254
    00000198 50                     467 	.db #0x50	; 80	'P'
    00000199 70                     468 	.db #0x70	; 112	'p'
    0000019A 50                     469 	.db #0x50	; 80	'P'
    0000019B 70                     470 	.db #0x70	; 112	'p'
    0000019C 50                     471 	.db #0x50	; 80	'P'
    0000019D 70                     472 	.db #0x70	; 112	'p'
    0000019E 50                     473 	.db #0x50	; 80	'P'
    0000019F 70                     474 	.db #0x70	; 112	'p'
    000001A0 30                     475 	.db #0x30	; 48	'0'
    000001A1 30                     476 	.db #0x30	; 48	'0'
    000001A2 20                     477 	.db #0x20	; 32
    000001A3 20                     478 	.db #0x20	; 32
    000001A4 00                     479 	.db #0x00	; 0
    000001A5 00                     480 	.db #0x00	; 0
    000001A6 00                     481 	.db #0x00	; 0
    000001A7 00                     482 	.db #0x00	; 0
    000001A8 74                     483 	.db #0x74	; 116	't'
    000001A9 4C                     484 	.db #0x4c	; 76	'L'
    000001AA 5C                     485 	.db #0x5c	; 92
    000001AB 64                     486 	.db #0x64	; 100	'd'
    000001AC 3C                     487 	.db #0x3c	; 60
    000001AD 24                     488 	.db #0x24	; 36
    000001AE 3E                     489 	.db #0x3e	; 62
    000001AF 22                     490 	.db #0x22	; 34
    000001B0 19                     491 	.db #0x19	; 25
    000001B1 17                     492 	.db #0x17	; 23
    000001B2 0B                     493 	.db #0x0b	; 11
    000001B3 0F                     494 	.db #0x0f	; 15
    000001B4 06                     495 	.db #0x06	; 6
    000001B5 06                     496 	.db #0x06	; 6
    000001B6 00                     497 	.db #0x00	; 0
    000001B7 00                     498 	.db #0x00	; 0
    000001B8 78                     499 	.db #0x78	; 120	'x'
    000001B9 7F                     500 	.db #0x7f	; 127
    000001BA 78                     501 	.db #0x78	; 120	'x'
    000001BB 7F                     502 	.db #0x7f	; 127
    000001BC 7C                     503 	.db #0x7c	; 124
    000001BD 7F                     504 	.db #0x7f	; 127
    000001BE 7C                     505 	.db #0x7c	; 124
    000001BF 7F                     506 	.db #0x7f	; 127
    000001C0 7C                     507 	.db #0x7c	; 124
    000001C1 7F                     508 	.db #0x7f	; 127
    000001C2 FB                     509 	.db #0xfb	; 251
    000001C3 FC                     510 	.db #0xfc	; 252
    000001C4 FB                     511 	.db #0xfb	; 251
    000001C5 FC                     512 	.db #0xfc	; 252
    000001C6 0F                     513 	.db #0x0f	; 15
    000001C7 0F                     514 	.db #0x0f	; 15
    000001C8 20                     515 	.db #0x20	; 32
    000001C9 E0                     516 	.db #0xe0	; 224
    000001CA 20                     517 	.db #0x20	; 32
    000001CB E0                     518 	.db #0xe0	; 224
    000001CC 20                     519 	.db #0x20	; 32
    000001CD E0                     520 	.db #0xe0	; 224
    000001CE 10                     521 	.db #0x10	; 16
    000001CF F0                     522 	.db #0xf0	; 240
    000001D0 10                     523 	.db #0x10	; 16
    000001D1 F0                     524 	.db #0xf0	; 240
    000001D2 90                     525 	.db #0x90	; 144
    000001D3 70                     526 	.db #0x70	; 112	'p'
    000001D4 D0                     527 	.db #0xd0	; 208
    000001D5 30                     528 	.db #0x30	; 48	'0'
    000001D6 E0                     529 	.db #0xe0	; 224
    000001D7 E0                     530 	.db #0xe0	; 224
    000001D8 1F                     531 	.db #0x1f	; 31
    000001D9 1F                     532 	.db #0x1f	; 31
    000001DA 1F                     533 	.db #0x1f	; 31
    000001DB 1F                     534 	.db #0x1f	; 31
    000001DC 1F                     535 	.db #0x1f	; 31
    000001DD 1F                     536 	.db #0x1f	; 31
    000001DE 1F                     537 	.db #0x1f	; 31
    000001DF 1F                     538 	.db #0x1f	; 31
    000001E0 3F                     539 	.db #0x3f	; 63
    000001E1 3F                     540 	.db #0x3f	; 63
    000001E2 3F                     541 	.db #0x3f	; 63
    000001E3 3F                     542 	.db #0x3f	; 63
    000001E4 3F                     543 	.db #0x3f	; 63
    000001E5 3F                     544 	.db #0x3f	; 63
    000001E6 00                     545 	.db #0x00	; 0
    000001E7 00                     546 	.db #0x00	; 0
    000001E8 C2                     547 	.db #0xc2	; 194
    000001E9 FE                     548 	.db #0xfe	; 254
    000001EA 42                     549 	.db #0x42	; 66	'B'
    000001EB 7E                     550 	.db #0x7e	; 126
    000001EC 42                     551 	.db #0x42	; 66	'B'
    000001ED 7E                     552 	.db #0x7e	; 126
    000001EE 42                     553 	.db #0x42	; 66	'B'
    000001EF 7E                     554 	.db #0x7e	; 126
    000001F0 81                     555 	.db #0x81	; 129
    000001F1 FF                     556 	.db #0xff	; 255
    000001F2 B9                     557 	.db #0xb9	; 185
    000001F3 C7                     558 	.db #0xc7	; 199
    000001F4 FD                     559 	.db #0xfd	; 253
    000001F5 83                     560 	.db #0x83	; 131
    000001F6 FE                     561 	.db #0xfe	; 254
    000001F7 FE                     562 	.db #0xfe	; 254
    000001F8 40                     563 	.db #0x40	; 64
    000001F9 C0                     564 	.db #0xc0	; 192
    000001FA C0                     565 	.db #0xc0	; 192
    000001FB 40                     566 	.db #0x40	; 64
    000001FC C0                     567 	.db #0xc0	; 192
    000001FD 40                     568 	.db #0x40	; 64
    000001FE E0                     569 	.db #0xe0	; 224
    000001FF 20                     570 	.db #0x20	; 32
    00000200 60                     571 	.db #0x60	; 96
    00000201 A0                     572 	.db #0xa0	; 160
    00000202 B0                     573 	.db #0xb0	; 176
    00000203 D0                     574 	.db #0xd0	; 208
    00000204 70                     575 	.db #0x70	; 112	'p'
    00000205 50                     576 	.db #0x50	; 80	'P'
    00000206 50                     577 	.db #0x50	; 80	'P'
    00000207 70                     578 	.db #0x70	; 112	'p'
    00000208 00                     579 	.db #0x00	; 0
    00000209 00                     580 	.db #0x00	; 0
    0000020A 00                     581 	.db #0x00	; 0
    0000020B 00                     582 	.db #0x00	; 0
    0000020C 00                     583 	.db #0x00	; 0
    0000020D 00                     584 	.db #0x00	; 0
    0000020E 01                     585 	.db #0x01	; 1
    0000020F 01                     586 	.db #0x01	; 1
    00000210 01                     587 	.db #0x01	; 1
    00000211 01                     588 	.db #0x01	; 1
    00000212 01                     589 	.db #0x01	; 1
    00000213 01                     590 	.db #0x01	; 1
    00000214 01                     591 	.db #0x01	; 1
    00000215 01                     592 	.db #0x01	; 1
    00000216 01                     593 	.db #0x01	; 1
    00000217 01                     594 	.db #0x01	; 1
    00000218 F4                     595 	.db #0xf4	; 244
    00000219 8C                     596 	.db #0x8c	; 140
    0000021A F4                     597 	.db #0xf4	; 244
    0000021B 8C                     598 	.db #0x8c	; 140
    0000021C F4                     599 	.db #0xf4	; 244
    0000021D 8C                     600 	.db #0x8c	; 140
    0000021E 78                     601 	.db #0x78	; 120	'x'
    0000021F 88                     602 	.db #0x88	; 136
    00000220 E8                     603 	.db #0xe8	; 232
    00000221 18                     604 	.db #0x18	; 24
    00000222 F0                     605 	.db #0xf0	; 240
    00000223 10                     606 	.db #0x10	; 16
    00000224 F0                     607 	.db #0xf0	; 240
    00000225 10                     608 	.db #0x10	; 16
    00000226 F0                     609 	.db #0xf0	; 240
    00000227 10                     610 	.db #0x10	; 16
    00000228 38                     611 	.db #0x38	; 56	'8'
    00000229 28                     612 	.db #0x28	; 40
    0000022A 38                     613 	.db #0x38	; 56	'8'
    0000022B 28                     614 	.db #0x28	; 40
    0000022C 28                     615 	.db #0x28	; 40
    0000022D 38                     616 	.db #0x38	; 56	'8'
    0000022E 18                     617 	.db #0x18	; 24
    0000022F 18                     618 	.db #0x18	; 24
    00000230 18                     619 	.db #0x18	; 24
    00000231 18                     620 	.db #0x18	; 24
    00000232 08                     621 	.db #0x08	; 8
    00000233 08                     622 	.db #0x08	; 8
    00000234 00                     623 	.db #0x00	; 0
    00000235 00                     624 	.db #0x00	; 0
    00000236 00                     625 	.db #0x00	; 0
    00000237 00                     626 	.db #0x00	; 0
    00000238 01                     627 	.db #0x01	; 1
    00000239 01                     628 	.db #0x01	; 1
    0000023A 00                     629 	.db #0x00	; 0
    0000023B 00                     630 	.db #0x00	; 0
    0000023C 00                     631 	.db #0x00	; 0
    0000023D 00                     632 	.db #0x00	; 0
    0000023E 00                     633 	.db #0x00	; 0
    0000023F 00                     634 	.db #0x00	; 0
    00000240 00                     635 	.db #0x00	; 0
    00000241 00                     636 	.db #0x00	; 0
    00000242 00                     637 	.db #0x00	; 0
    00000243 00                     638 	.db #0x00	; 0
    00000244 00                     639 	.db #0x00	; 0
    00000245 00                     640 	.db #0x00	; 0
    00000246 00                     641 	.db #0x00	; 0
    00000247 00                     642 	.db #0x00	; 0
    00000248 70                     643 	.db #0x70	; 112	'p'
    00000249 90                     644 	.db #0x90	; 144
    0000024A F0                     645 	.db #0xf0	; 240
    0000024B 90                     646 	.db #0x90	; 144
    0000024C E8                     647 	.db #0xe8	; 232
    0000024D 98                     648 	.db #0x98	; 152
    0000024E 78                     649 	.db #0x78	; 120	'x'
    0000024F 48                     650 	.db #0x48	; 72	'H'
    00000250 64                     651 	.db #0x64	; 100	'd'
    00000251 5C                     652 	.db #0x5c	; 92
    00000252 2C                     653 	.db #0x2c	; 44
    00000253 3C                     654 	.db #0x3c	; 60
    00000254 18                     655 	.db #0x18	; 24
    00000255 18                     656 	.db #0x18	; 24
    00000256 00                     657 	.db #0x00	; 0
    00000257 00                     658 	.db #0x00	; 0
    00000258 40                     659 	.db #0x40	; 64
    00000259 C0                     660 	.db #0xc0	; 192
    0000025A C0                     661 	.db #0xc0	; 192
    0000025B 40                     662 	.db #0x40	; 64
    0000025C E0                     663 	.db #0xe0	; 224
    0000025D 20                     664 	.db #0x20	; 32
    0000025E E0                     665 	.db #0xe0	; 224
    0000025F 20                     666 	.db #0x20	; 32
    00000260 F0                     667 	.db #0xf0	; 240
    00000261 90                     668 	.db #0x90	; 144
    00000262 B0                     669 	.db #0xb0	; 176
    00000263 D0                     670 	.db #0xd0	; 208
    00000264 78                     671 	.db #0x78	; 120	'x'
    00000265 48                     672 	.db #0x48	; 72	'H'
    00000266 34                     673 	.db #0x34	; 52	'4'
    00000267 2C                     674 	.db #0x2c	; 44
    00000268 01                     675 	.db #0x01	; 1
    00000269 01                     676 	.db #0x01	; 1
    0000026A 01                     677 	.db #0x01	; 1
    0000026B 01                     678 	.db #0x01	; 1
    0000026C 01                     679 	.db #0x01	; 1
    0000026D 01                     680 	.db #0x01	; 1
    0000026E 02                     681 	.db #0x02	; 2
    0000026F 03                     682 	.db #0x03	; 3
    00000270 03                     683 	.db #0x03	; 3
    00000271 02                     684 	.db #0x02	; 2
    00000272 03                     685 	.db #0x03	; 3
    00000273 02                     686 	.db #0x02	; 2
    00000274 05                     687 	.db #0x05	; 5
    00000275 06                     688 	.db #0x06	; 6
    00000276 07                     689 	.db #0x07	; 7
    00000277 04                     690 	.db #0x04	; 4
    00000278 74                     691 	.db #0x74	; 116	't'
    00000279 8C                     692 	.db #0x8c	; 140
    0000027A F4                     693 	.db #0xf4	; 244
    0000027B 0C                     694 	.db #0x0c	; 12
    0000027C E8                     695 	.db #0xe8	; 232
    0000027D 18                     696 	.db #0x18	; 24
    0000027E F8                     697 	.db #0xf8	; 248
    0000027F 18                     698 	.db #0x18	; 24
    00000280 D0                     699 	.db #0xd0	; 208
    00000281 30                     700 	.db #0x30	; 48	'0'
    00000282 E0                     701 	.db #0xe0	; 224
    00000283 20                     702 	.db #0x20	; 32
    00000284 C0                     703 	.db #0xc0	; 192
    00000285 40                     704 	.db #0x40	; 64
    00000286 40                     705 	.db #0x40	; 64
    00000287 C0                     706 	.db #0xc0	; 192
    00000288 1C                     707 	.db #0x1c	; 28
    00000289 14                     708 	.db #0x14	; 20
    0000028A 0E                     709 	.db #0x0e	; 14
    0000028B 0A                     710 	.db #0x0a	; 10
    0000028C 07                     711 	.db #0x07	; 7
    0000028D 05                     712 	.db #0x05	; 5
    0000028E 03                     713 	.db #0x03	; 3
    0000028F 03                     714 	.db #0x03	; 3
    00000290 00                     715 	.db #0x00	; 0
    00000291 00                     716 	.db #0x00	; 0
    00000292 00                     717 	.db #0x00	; 0
    00000293 00                     718 	.db #0x00	; 0
    00000294 00                     719 	.db #0x00	; 0
    00000295 00                     720 	.db #0x00	; 0
    00000296 00                     721 	.db #0x00	; 0
    00000297 00                     722 	.db #0x00	; 0
    00000298 07                     723 	.db #0x07	; 7
    00000299 04                     724 	.db #0x04	; 4
    0000029A 07                     725 	.db #0x07	; 7
    0000029B 04                     726 	.db #0x04	; 4
    0000029C 07                     727 	.db #0x07	; 7
    0000029D 04                     728 	.db #0x04	; 4
    0000029E 05                     729 	.db #0x05	; 5
    0000029F 06                     730 	.db #0x06	; 6
    000002A0 03                     731 	.db #0x03	; 3
    000002A1 02                     732 	.db #0x02	; 2
    000002A2 02                     733 	.db #0x02	; 2
    000002A3 03                     734 	.db #0x03	; 3
    000002A4 01                     735 	.db #0x01	; 1
    000002A5 01                     736 	.db #0x01	; 1
    000002A6 00                     737 	.db #0x00	; 0
    000002A7 00                     738 	.db #0x00	; 0
    000002A8 80                     739 	.db #0x80	; 128
    000002A9 80                     740 	.db #0x80	; 128
    000002AA 80                     741 	.db #0x80	; 128
    000002AB 80                     742 	.db #0x80	; 128
    000002AC 80                     743 	.db #0x80	; 128
    000002AD 80                     744 	.db #0x80	; 128
    000002AE 40                     745 	.db #0x40	; 64
    000002AF C0                     746 	.db #0xc0	; 192
    000002B0 40                     747 	.db #0x40	; 64
    000002B1 C0                     748 	.db #0xc0	; 192
    000002B2 40                     749 	.db #0x40	; 64
    000002B3 C0                     750 	.db #0xc0	; 192
    000002B4 C0                     751 	.db #0xc0	; 192
    000002B5 C0                     752 	.db #0xc0	; 192
    000002B6 00                     753 	.db #0x00	; 0
    000002B7 00                     754 	.db #0x00	; 0
    000002B8 01                     755 	.db #0x01	; 1
    000002B9 01                     756 	.db #0x01	; 1
    000002BA 01                     757 	.db #0x01	; 1
    000002BB 01                     758 	.db #0x01	; 1
    000002BC 01                     759 	.db #0x01	; 1
    000002BD 01                     760 	.db #0x01	; 1
    000002BE 02                     761 	.db #0x02	; 2
    000002BF 03                     762 	.db #0x03	; 3
    000002C0 03                     763 	.db #0x03	; 3
    000002C1 02                     764 	.db #0x02	; 2
    000002C2 07                     765 	.db #0x07	; 7
    000002C3 04                     766 	.db #0x04	; 4
    000002C4 07                     767 	.db #0x07	; 7
    000002C5 04                     768 	.db #0x04	; 4
    000002C6 0F                     769 	.db #0x0f	; 15
    000002C7 08                     770 	.db #0x08	; 8
    000002C8 74                     771 	.db #0x74	; 116	't'
    000002C9 8C                     772 	.db #0x8c	; 140
    000002CA F4                     773 	.db #0xf4	; 244
    000002CB 0C                     774 	.db #0x0c	; 12
    000002CC E8                     775 	.db #0xe8	; 232
    000002CD 18                     776 	.db #0x18	; 24
    000002CE F8                     777 	.db #0xf8	; 248
    000002CF 18                     778 	.db #0x18	; 24
    000002D0 D0                     779 	.db #0xd0	; 208
    000002D1 30                     780 	.db #0x30	; 48	'0'
    000002D2 E0                     781 	.db #0xe0	; 224
    000002D3 20                     782 	.db #0x20	; 32
    000002D4 C0                     783 	.db #0xc0	; 192
    000002D5 40                     784 	.db #0x40	; 64
    000002D6 80                     785 	.db #0x80	; 128
    000002D7 80                     786 	.db #0x80	; 128
    000002D8 0F                     787 	.db #0x0f	; 15
    000002D9 09                     788 	.db #0x09	; 9
    000002DA 15                     789 	.db #0x15	; 21
    000002DB 1B                     790 	.db #0x1b	; 27
    000002DC 1E                     791 	.db #0x1e	; 30
    000002DD 12                     792 	.db #0x12	; 18
    000002DE 1E                     793 	.db #0x1e	; 30
    000002DF 12                     794 	.db #0x12	; 18
    000002E0 1A                     795 	.db #0x1a	; 26
    000002E1 16                     796 	.db #0x16	; 22
    000002E2 12                     797 	.db #0x12	; 18
    000002E3 1E                     798 	.db #0x1e	; 30
    000002E4 1E                     799 	.db #0x1e	; 30
    000002E5 1E                     800 	.db #0x1e	; 30
    000002E6 00                     801 	.db #0x00	; 0
    000002E7 00                     802 	.db #0x00	; 0
    000002E8 01                     803 	.db #0x01	; 1
    000002E9 01                     804 	.db #0x01	; 1
    000002EA 01                     805 	.db #0x01	; 1
    000002EB 01                     806 	.db #0x01	; 1
    000002EC 01                     807 	.db #0x01	; 1
    000002ED 01                     808 	.db #0x01	; 1
    000002EE 02                     809 	.db #0x02	; 2
    000002EF 03                     810 	.db #0x03	; 3
    000002F0 03                     811 	.db #0x03	; 3
    000002F1 02                     812 	.db #0x02	; 2
    000002F2 07                     813 	.db #0x07	; 7
    000002F3 04                     814 	.db #0x04	; 4
    000002F4 0B                     815 	.db #0x0b	; 11
    000002F5 0C                     816 	.db #0x0c	; 12
    000002F6 0F                     817 	.db #0x0f	; 15
    000002F7 08                     818 	.db #0x08	; 8
    000002F8 1F                     819 	.db #0x1f	; 31
    000002F9 11                     820 	.db #0x11	; 17
    000002FA 1E                     821 	.db #0x1e	; 30
    000002FB 12                     822 	.db #0x12	; 18
    000002FC 2A                     823 	.db #0x2a	; 42
    000002FD 36                     824 	.db #0x36	; 54	'6'
    000002FE 3C                     825 	.db #0x3c	; 60
    000002FF 24                     826 	.db #0x24	; 36
    00000300 24                     827 	.db #0x24	; 36
    00000301 3C                     828 	.db #0x3c	; 60
    00000302 28                     829 	.db #0x28	; 40
    00000303 38                     830 	.db #0x38	; 56	'8'
    00000304 38                     831 	.db #0x38	; 56	'8'
    00000305 38                     832 	.db #0x38	; 56	'8'
    00000306 00                     833 	.db #0x00	; 0
    00000307 00                     834 	.db #0x00	; 0
    00000308                        835 _sprite_metasprite0:
    00000308 F0                     836 	.db #0xf0	; -16
    00000309 E8                     837 	.db #0xe8	; -24
    0000030A 00                     838 	.db #0x00	; 0
    0000030B 00                     839 	.db #0x00	; 0
    0000030C 00                     840 	.db #0x00	;  0
    0000030D 08                     841 	.db #0x08	;  8
    0000030E 01                     842 	.db #0x01	; 1
    0000030F 00                     843 	.db #0x00	; 0
    00000310 00                     844 	.db #0x00	;  0
    00000311 08                     845 	.db #0x08	;  8
    00000312 02                     846 	.db #0x02	; 2
    00000313 00                     847 	.db #0x00	; 0
    00000314 00                     848 	.db #0x00	;  0
    00000315 08                     849 	.db #0x08	;  8
    00000316 03                     850 	.db #0x03	; 3
    00000317 00                     851 	.db #0x00	; 0
    00000318 00                     852 	.db #0x00	;  0
    00000319 08                     853 	.db #0x08	;  8
    0000031A 04                     854 	.db #0x04	; 4
    0000031B 00                     855 	.db #0x00	; 0
    0000031C 00                     856 	.db #0x00	;  0
    0000031D 08                     857 	.db #0x08	;  8
    0000031E 05                     858 	.db #0x05	; 5
    0000031F 00                     859 	.db #0x00	; 0
    00000320 08                     860 	.db #0x08	;  8
    00000321 D8                     861 	.db #0xd8	; -40
    00000322 06                     862 	.db #0x06	; 6
    00000323 00                     863 	.db #0x00	; 0
    00000324 00                     864 	.db #0x00	;  0
    00000325 08                     865 	.db #0x08	;  8
    00000326 07                     866 	.db #0x07	; 7
    00000327 00                     867 	.db #0x00	; 0
    00000328 00                     868 	.db #0x00	;  0
    00000329 08                     869 	.db #0x08	;  8
    0000032A 08                     870 	.db #0x08	; 8
    0000032B 00                     871 	.db #0x00	; 0
    0000032C 00                     872 	.db #0x00	;  0
    0000032D 08                     873 	.db #0x08	;  8
    0000032E 09                     874 	.db #0x09	; 9
    0000032F 00                     875 	.db #0x00	; 0
    00000330 00                     876 	.db #0x00	;  0
    00000331 08                     877 	.db #0x08	;  8
    00000332 0A                     878 	.db #0x0a	; 10
    00000333 00                     879 	.db #0x00	; 0
    00000334 00                     880 	.db #0x00	;  0
    00000335 08                     881 	.db #0x08	;  8
    00000336 0B                     882 	.db #0x0b	; 11
    00000337 00                     883 	.db #0x00	; 0
    00000338 00                     884 	.db #0x00	;  0
    00000339 08                     885 	.db #0x08	;  8
    0000033A 0C                     886 	.db #0x0c	; 12
    0000033B 00                     887 	.db #0x00	; 0
    0000033C 08                     888 	.db #0x08	;  8
    0000033D D0                     889 	.db #0xd0	; -48
    0000033E 0D                     890 	.db #0x0d	; 13
    0000033F 00                     891 	.db #0x00	; 0
    00000340 00                     892 	.db #0x00	;  0
    00000341 08                     893 	.db #0x08	;  8
    00000342 0E                     894 	.db #0x0e	; 14
    00000343 00                     895 	.db #0x00	; 0
    00000344 00                     896 	.db #0x00	;  0
    00000345 08                     897 	.db #0x08	;  8
    00000346 0F                     898 	.db #0x0f	; 15
    00000347 00                     899 	.db #0x00	; 0
    00000348 00                     900 	.db #0x00	;  0
    00000349 08                     901 	.db #0x08	;  8
    0000034A 10                     902 	.db #0x10	; 16
    0000034B 00                     903 	.db #0x00	; 0
    0000034C 00                     904 	.db #0x00	;  0
    0000034D 08                     905 	.db #0x08	;  8
    0000034E 11                     906 	.db #0x11	; 17
    0000034F 00                     907 	.db #0x00	; 0
    00000350 00                     908 	.db #0x00	;  0
    00000351 08                     909 	.db #0x08	;  8
    00000352 12                     910 	.db #0x12	; 18
    00000353 00                     911 	.db #0x00	; 0
    00000354 00                     912 	.db #0x00	;  0
    00000355 08                     913 	.db #0x08	;  8
    00000356 13                     914 	.db #0x13	; 19
    00000357 00                     915 	.db #0x00	; 0
    00000358 08                     916 	.db #0x08	;  8
    00000359 D0                     917 	.db #0xd0	; -48
    0000035A 14                     918 	.db #0x14	; 20
    0000035B 00                     919 	.db #0x00	; 0
    0000035C 00                     920 	.db #0x00	;  0
    0000035D 10                     921 	.db #0x10	;  16
    0000035E 15                     922 	.db #0x15	; 21
    0000035F 00                     923 	.db #0x00	; 0
    00000360 00                     924 	.db #0x00	;  0
    00000361 08                     925 	.db #0x08	;  8
    00000362 16                     926 	.db #0x16	; 22
    00000363 00                     927 	.db #0x00	; 0
    00000364 00                     928 	.db #0x00	;  0
    00000365 08                     929 	.db #0x08	;  8
    00000366 17                     930 	.db #0x17	; 23
    00000367 00                     931 	.db #0x00	; 0
    00000368 00                     932 	.db #0x00	;  0
    00000369 08                     933 	.db #0x08	;  8
    0000036A 18                     934 	.db #0x18	; 24
    0000036B 00                     935 	.db #0x00	; 0
    0000036C 00                     936 	.db #0x00	;  0
    0000036D 08                     937 	.db #0x08	;  8
    0000036E 19                     938 	.db #0x19	; 25
    0000036F 00                     939 	.db #0x00	; 0
    00000370 08                     940 	.db #0x08	;  8
    00000371 D0                     941 	.db #0xd0	; -48
    00000372 1A                     942 	.db #0x1a	; 26
    00000373 00                     943 	.db #0x00	; 0
    00000374 00                     944 	.db #0x00	;  0
    00000375 10                     945 	.db #0x10	;  16
    00000376 1B                     946 	.db #0x1b	; 27
    00000377 00                     947 	.db #0x00	; 0
    00000378 00                     948 	.db #0x00	;  0
    00000379 08                     949 	.db #0x08	;  8
    0000037A 1C                     950 	.db #0x1c	; 28
    0000037B 00                     951 	.db #0x00	; 0
    0000037C 00                     952 	.db #0x00	;  0
    0000037D 08                     953 	.db #0x08	;  8
    0000037E 1D                     954 	.db #0x1d	; 29
    0000037F 00                     955 	.db #0x00	; 0
    00000380 00                     956 	.db #0x00	;  0
    00000381 08                     957 	.db #0x08	;  8
    00000382 1E                     958 	.db #0x1e	; 30
    00000383 00                     959 	.db #0x00	; 0
    00000384 80                     960 	.db #0x80	; -128
    00000385 00                     961 	.db #0x00	;  0
    00000386 00                     962 	.db #0x00	; 0
    00000387 00                     963 	.db #0x00	; 0
    00000388                        964 _sprite_metasprite1:
    00000388 F0                     965 	.db #0xf0	; -16
    00000389 E8                     966 	.db #0xe8	; -24
    0000038A 00                     967 	.db #0x00	; 0
    0000038B 00                     968 	.db #0x00	; 0
    0000038C 00                     969 	.db #0x00	;  0
    0000038D 08                     970 	.db #0x08	;  8
    0000038E 01                     971 	.db #0x01	; 1
    0000038F 00                     972 	.db #0x00	; 0
    00000390 00                     973 	.db #0x00	;  0
    00000391 08                     974 	.db #0x08	;  8
    00000392 02                     975 	.db #0x02	; 2
    00000393 00                     976 	.db #0x00	; 0
    00000394 00                     977 	.db #0x00	;  0
    00000395 08                     978 	.db #0x08	;  8
    00000396 03                     979 	.db #0x03	; 3
    00000397 00                     980 	.db #0x00	; 0
    00000398 00                     981 	.db #0x00	;  0
    00000399 08                     982 	.db #0x08	;  8
    0000039A 04                     983 	.db #0x04	; 4
    0000039B 00                     984 	.db #0x00	; 0
    0000039C 00                     985 	.db #0x00	;  0
    0000039D 08                     986 	.db #0x08	;  8
    0000039E 05                     987 	.db #0x05	; 5
    0000039F 00                     988 	.db #0x00	; 0
    000003A0 08                     989 	.db #0x08	;  8
    000003A1 D8                     990 	.db #0xd8	; -40
    000003A2 06                     991 	.db #0x06	; 6
    000003A3 00                     992 	.db #0x00	; 0
    000003A4 00                     993 	.db #0x00	;  0
    000003A5 08                     994 	.db #0x08	;  8
    000003A6 07                     995 	.db #0x07	; 7
    000003A7 00                     996 	.db #0x00	; 0
    000003A8 00                     997 	.db #0x00	;  0
    000003A9 08                     998 	.db #0x08	;  8
    000003AA 08                     999 	.db #0x08	; 8
    000003AB 00                    1000 	.db #0x00	; 0
    000003AC 00                    1001 	.db #0x00	;  0
    000003AD 08                    1002 	.db #0x08	;  8
    000003AE 09                    1003 	.db #0x09	; 9
    000003AF 00                    1004 	.db #0x00	; 0
    000003B0 00                    1005 	.db #0x00	;  0
    000003B1 08                    1006 	.db #0x08	;  8
    000003B2 0A                    1007 	.db #0x0a	; 10
    000003B3 00                    1008 	.db #0x00	; 0
    000003B4 00                    1009 	.db #0x00	;  0
    000003B5 08                    1010 	.db #0x08	;  8
    000003B6 0B                    1011 	.db #0x0b	; 11
    000003B7 00                    1012 	.db #0x00	; 0
    000003B8 00                    1013 	.db #0x00	;  0
    000003B9 08                    1014 	.db #0x08	;  8
    000003BA 0C                    1015 	.db #0x0c	; 12
    000003BB 00                    1016 	.db #0x00	; 0
    000003BC 08                    1017 	.db #0x08	;  8
    000003BD D0                    1018 	.db #0xd0	; -48
    000003BE 0D                    1019 	.db #0x0d	; 13
    000003BF 00                    1020 	.db #0x00	; 0
    000003C0 00                    1021 	.db #0x00	;  0
    000003C1 08                    1022 	.db #0x08	;  8
    000003C2 0E                    1023 	.db #0x0e	; 14
    000003C3 00                    1024 	.db #0x00	; 0
    000003C4 00                    1025 	.db #0x00	;  0
    000003C5 08                    1026 	.db #0x08	;  8
    000003C6 0F                    1027 	.db #0x0f	; 15
    000003C7 00                    1028 	.db #0x00	; 0
    000003C8 00                    1029 	.db #0x00	;  0
    000003C9 08                    1030 	.db #0x08	;  8
    000003CA 10                    1031 	.db #0x10	; 16
    000003CB 00                    1032 	.db #0x00	; 0
    000003CC 00                    1033 	.db #0x00	;  0
    000003CD 08                    1034 	.db #0x08	;  8
    000003CE 11                    1035 	.db #0x11	; 17
    000003CF 00                    1036 	.db #0x00	; 0
    000003D0 00                    1037 	.db #0x00	;  0
    000003D1 08                    1038 	.db #0x08	;  8
    000003D2 12                    1039 	.db #0x12	; 18
    000003D3 00                    1040 	.db #0x00	; 0
    000003D4 00                    1041 	.db #0x00	;  0
    000003D5 08                    1042 	.db #0x08	;  8
    000003D6 1F                    1043 	.db #0x1f	; 31
    000003D7 00                    1044 	.db #0x00	; 0
    000003D8 08                    1045 	.db #0x08	;  8
    000003D9 C8                    1046 	.db #0xc8	; -56
    000003DA 20                    1047 	.db #0x20	; 32
    000003DB 00                    1048 	.db #0x00	; 0
    000003DC 00                    1049 	.db #0x00	;  0
    000003DD 08                    1050 	.db #0x08	;  8
    000003DE 21                    1051 	.db #0x21	; 33
    000003DF 00                    1052 	.db #0x00	; 0
    000003E0 00                    1053 	.db #0x00	;  0
    000003E1 10                    1054 	.db #0x10	;  16
    000003E2 15                    1055 	.db #0x15	; 21
    000003E3 00                    1056 	.db #0x00	; 0
    000003E4 00                    1057 	.db #0x00	;  0
    000003E5 08                    1058 	.db #0x08	;  8
    000003E6 16                    1059 	.db #0x16	; 22
    000003E7 00                    1060 	.db #0x00	; 0
    000003E8 00                    1061 	.db #0x00	;  0
    000003E9 08                    1062 	.db #0x08	;  8
    000003EA 17                    1063 	.db #0x17	; 23
    000003EB 00                    1064 	.db #0x00	; 0
    000003EC 00                    1065 	.db #0x00	;  0
    000003ED 08                    1066 	.db #0x08	;  8
    000003EE 18                    1067 	.db #0x18	; 24
    000003EF 00                    1068 	.db #0x00	; 0
    000003F0 00                    1069 	.db #0x00	;  0
    000003F1 08                    1070 	.db #0x08	;  8
    000003F2 22                    1071 	.db #0x22	; 34
    000003F3 00                    1072 	.db #0x00	; 0
    000003F4 08                    1073 	.db #0x08	;  8
    000003F5 C8                    1074 	.db #0xc8	; -56
    000003F6 23                    1075 	.db #0x23	; 35
    000003F7 00                    1076 	.db #0x00	; 0
    000003F8 00                    1077 	.db #0x00	;  0
    000003F9 08                    1078 	.db #0x08	;  8
    000003FA 24                    1079 	.db #0x24	; 36
    000003FB 00                    1080 	.db #0x00	; 0
    000003FC 00                    1081 	.db #0x00	;  0
    000003FD 10                    1082 	.db #0x10	;  16
    000003FE 1B                    1083 	.db #0x1b	; 27
    000003FF 00                    1084 	.db #0x00	; 0
    00000400 00                    1085 	.db #0x00	;  0
    00000401 08                    1086 	.db #0x08	;  8
    00000402 1C                    1087 	.db #0x1c	; 28
    00000403 00                    1088 	.db #0x00	; 0
    00000404 00                    1089 	.db #0x00	;  0
    00000405 08                    1090 	.db #0x08	;  8
    00000406 1D                    1091 	.db #0x1d	; 29
    00000407 00                    1092 	.db #0x00	; 0
    00000408 00                    1093 	.db #0x00	;  0
    00000409 08                    1094 	.db #0x08	;  8
    0000040A 1E                    1095 	.db #0x1e	; 30
    0000040B 00                    1096 	.db #0x00	; 0
    0000040C 80                    1097 	.db #0x80	; -128
    0000040D 00                    1098 	.db #0x00	;  0
    0000040E 00                    1099 	.db #0x00	; 0
    0000040F 00                    1100 	.db #0x00	; 0
    00000410                       1101 _sprite_metasprite2:
    00000410 F0                    1102 	.db #0xf0	; -16
    00000411 E8                    1103 	.db #0xe8	; -24
    00000412 00                    1104 	.db #0x00	; 0
    00000413 00                    1105 	.db #0x00	; 0
    00000414 00                    1106 	.db #0x00	;  0
    00000415 08                    1107 	.db #0x08	;  8
    00000416 01                    1108 	.db #0x01	; 1
    00000417 00                    1109 	.db #0x00	; 0
    00000418 00                    1110 	.db #0x00	;  0
    00000419 08                    1111 	.db #0x08	;  8
    0000041A 02                    1112 	.db #0x02	; 2
    0000041B 00                    1113 	.db #0x00	; 0
    0000041C 00                    1114 	.db #0x00	;  0
    0000041D 08                    1115 	.db #0x08	;  8
    0000041E 03                    1116 	.db #0x03	; 3
    0000041F 00                    1117 	.db #0x00	; 0
    00000420 00                    1118 	.db #0x00	;  0
    00000421 08                    1119 	.db #0x08	;  8
    00000422 04                    1120 	.db #0x04	; 4
    00000423 00                    1121 	.db #0x00	; 0
    00000424 00                    1122 	.db #0x00	;  0
    00000425 08                    1123 	.db #0x08	;  8
    00000426 05                    1124 	.db #0x05	; 5
    00000427 00                    1125 	.db #0x00	; 0
    00000428 08                    1126 	.db #0x08	;  8
    00000429 D8                    1127 	.db #0xd8	; -40
    0000042A 06                    1128 	.db #0x06	; 6
    0000042B 00                    1129 	.db #0x00	; 0
    0000042C 00                    1130 	.db #0x00	;  0
    0000042D 08                    1131 	.db #0x08	;  8
    0000042E 07                    1132 	.db #0x07	; 7
    0000042F 00                    1133 	.db #0x00	; 0
    00000430 00                    1134 	.db #0x00	;  0
    00000431 08                    1135 	.db #0x08	;  8
    00000432 08                    1136 	.db #0x08	; 8
    00000433 00                    1137 	.db #0x00	; 0
    00000434 00                    1138 	.db #0x00	;  0
    00000435 08                    1139 	.db #0x08	;  8
    00000436 09                    1140 	.db #0x09	; 9
    00000437 00                    1141 	.db #0x00	; 0
    00000438 00                    1142 	.db #0x00	;  0
    00000439 08                    1143 	.db #0x08	;  8
    0000043A 0A                    1144 	.db #0x0a	; 10
    0000043B 00                    1145 	.db #0x00	; 0
    0000043C 00                    1146 	.db #0x00	;  0
    0000043D 08                    1147 	.db #0x08	;  8
    0000043E 0B                    1148 	.db #0x0b	; 11
    0000043F 00                    1149 	.db #0x00	; 0
    00000440 00                    1150 	.db #0x00	;  0
    00000441 08                    1151 	.db #0x08	;  8
    00000442 0C                    1152 	.db #0x0c	; 12
    00000443 00                    1153 	.db #0x00	; 0
    00000444 08                    1154 	.db #0x08	;  8
    00000445 D0                    1155 	.db #0xd0	; -48
    00000446 0D                    1156 	.db #0x0d	; 13
    00000447 00                    1157 	.db #0x00	; 0
    00000448 00                    1158 	.db #0x00	;  0
    00000449 08                    1159 	.db #0x08	;  8
    0000044A 0E                    1160 	.db #0x0e	; 14
    0000044B 00                    1161 	.db #0x00	; 0
    0000044C 00                    1162 	.db #0x00	;  0
    0000044D 08                    1163 	.db #0x08	;  8
    0000044E 0F                    1164 	.db #0x0f	; 15
    0000044F 00                    1165 	.db #0x00	; 0
    00000450 00                    1166 	.db #0x00	;  0
    00000451 08                    1167 	.db #0x08	;  8
    00000452 10                    1168 	.db #0x10	; 16
    00000453 00                    1169 	.db #0x00	; 0
    00000454 00                    1170 	.db #0x00	;  0
    00000455 08                    1171 	.db #0x08	;  8
    00000456 11                    1172 	.db #0x11	; 17
    00000457 00                    1173 	.db #0x00	; 0
    00000458 00                    1174 	.db #0x00	;  0
    00000459 08                    1175 	.db #0x08	;  8
    0000045A 12                    1176 	.db #0x12	; 18
    0000045B 00                    1177 	.db #0x00	; 0
    0000045C 00                    1178 	.db #0x00	;  0
    0000045D 08                    1179 	.db #0x08	;  8
    0000045E 25                    1180 	.db #0x25	; 37
    0000045F 00                    1181 	.db #0x00	; 0
    00000460 08                    1182 	.db #0x08	;  8
    00000461 C8                    1183 	.db #0xc8	; -56
    00000462 26                    1184 	.db #0x26	; 38
    00000463 00                    1185 	.db #0x00	; 0
    00000464 00                    1186 	.db #0x00	;  0
    00000465 08                    1187 	.db #0x08	;  8
    00000466 27                    1188 	.db #0x27	; 39
    00000467 00                    1189 	.db #0x00	; 0
    00000468 00                    1190 	.db #0x00	;  0
    00000469 10                    1191 	.db #0x10	;  16
    0000046A 15                    1192 	.db #0x15	; 21
    0000046B 00                    1193 	.db #0x00	; 0
    0000046C 00                    1194 	.db #0x00	;  0
    0000046D 08                    1195 	.db #0x08	;  8
    0000046E 16                    1196 	.db #0x16	; 22
    0000046F 00                    1197 	.db #0x00	; 0
    00000470 00                    1198 	.db #0x00	;  0
    00000471 08                    1199 	.db #0x08	;  8
    00000472 17                    1200 	.db #0x17	; 23
    00000473 00                    1201 	.db #0x00	; 0
    00000474 00                    1202 	.db #0x00	;  0
    00000475 08                    1203 	.db #0x08	;  8
    00000476 18                    1204 	.db #0x18	; 24
    00000477 00                    1205 	.db #0x00	; 0
    00000478 00                    1206 	.db #0x00	;  0
    00000479 08                    1207 	.db #0x08	;  8
    0000047A 28                    1208 	.db #0x28	; 40
    0000047B 00                    1209 	.db #0x00	; 0
    0000047C 08                    1210 	.db #0x08	;  8
    0000047D C8                    1211 	.db #0xc8	; -56
    0000047E 29                    1212 	.db #0x29	; 41
    0000047F 00                    1213 	.db #0x00	; 0
    00000480 00                    1214 	.db #0x00	;  0
    00000481 08                    1215 	.db #0x08	;  8
    00000482 2A                    1216 	.db #0x2a	; 42
    00000483 00                    1217 	.db #0x00	; 0
    00000484 00                    1218 	.db #0x00	;  0
    00000485 10                    1219 	.db #0x10	;  16
    00000486 1B                    1220 	.db #0x1b	; 27
    00000487 00                    1221 	.db #0x00	; 0
    00000488 00                    1222 	.db #0x00	;  0
    00000489 08                    1223 	.db #0x08	;  8
    0000048A 1C                    1224 	.db #0x1c	; 28
    0000048B 00                    1225 	.db #0x00	; 0
    0000048C 00                    1226 	.db #0x00	;  0
    0000048D 08                    1227 	.db #0x08	;  8
    0000048E 1D                    1228 	.db #0x1d	; 29
    0000048F 00                    1229 	.db #0x00	; 0
    00000490 00                    1230 	.db #0x00	;  0
    00000491 08                    1231 	.db #0x08	;  8
    00000492 1E                    1232 	.db #0x1e	; 30
    00000493 00                    1233 	.db #0x00	; 0
    00000494 80                    1234 	.db #0x80	; -128
    00000495 00                    1235 	.db #0x00	;  0
    00000496 00                    1236 	.db #0x00	; 0
    00000497 00                    1237 	.db #0x00	; 0
    00000498                       1238 _sprite_metasprite3:
    00000498 F0                    1239 	.db #0xf0	; -16
    00000499 E8                    1240 	.db #0xe8	; -24
    0000049A 00                    1241 	.db #0x00	; 0
    0000049B 00                    1242 	.db #0x00	; 0
    0000049C 00                    1243 	.db #0x00	;  0
    0000049D 08                    1244 	.db #0x08	;  8
    0000049E 01                    1245 	.db #0x01	; 1
    0000049F 00                    1246 	.db #0x00	; 0
    000004A0 00                    1247 	.db #0x00	;  0
    000004A1 08                    1248 	.db #0x08	;  8
    000004A2 02                    1249 	.db #0x02	; 2
    000004A3 00                    1250 	.db #0x00	; 0
    000004A4 00                    1251 	.db #0x00	;  0
    000004A5 08                    1252 	.db #0x08	;  8
    000004A6 03                    1253 	.db #0x03	; 3
    000004A7 00                    1254 	.db #0x00	; 0
    000004A8 00                    1255 	.db #0x00	;  0
    000004A9 08                    1256 	.db #0x08	;  8
    000004AA 04                    1257 	.db #0x04	; 4
    000004AB 00                    1258 	.db #0x00	; 0
    000004AC 00                    1259 	.db #0x00	;  0
    000004AD 08                    1260 	.db #0x08	;  8
    000004AE 05                    1261 	.db #0x05	; 5
    000004AF 00                    1262 	.db #0x00	; 0
    000004B0 08                    1263 	.db #0x08	;  8
    000004B1 D8                    1264 	.db #0xd8	; -40
    000004B2 06                    1265 	.db #0x06	; 6
    000004B3 00                    1266 	.db #0x00	; 0
    000004B4 00                    1267 	.db #0x00	;  0
    000004B5 08                    1268 	.db #0x08	;  8
    000004B6 07                    1269 	.db #0x07	; 7
    000004B7 00                    1270 	.db #0x00	; 0
    000004B8 00                    1271 	.db #0x00	;  0
    000004B9 08                    1272 	.db #0x08	;  8
    000004BA 08                    1273 	.db #0x08	; 8
    000004BB 00                    1274 	.db #0x00	; 0
    000004BC 00                    1275 	.db #0x00	;  0
    000004BD 08                    1276 	.db #0x08	;  8
    000004BE 09                    1277 	.db #0x09	; 9
    000004BF 00                    1278 	.db #0x00	; 0
    000004C0 00                    1279 	.db #0x00	;  0
    000004C1 08                    1280 	.db #0x08	;  8
    000004C2 0A                    1281 	.db #0x0a	; 10
    000004C3 00                    1282 	.db #0x00	; 0
    000004C4 00                    1283 	.db #0x00	;  0
    000004C5 08                    1284 	.db #0x08	;  8
    000004C6 0B                    1285 	.db #0x0b	; 11
    000004C7 00                    1286 	.db #0x00	; 0
    000004C8 00                    1287 	.db #0x00	;  0
    000004C9 08                    1288 	.db #0x08	;  8
    000004CA 0C                    1289 	.db #0x0c	; 12
    000004CB 00                    1290 	.db #0x00	; 0
    000004CC 08                    1291 	.db #0x08	;  8
    000004CD D0                    1292 	.db #0xd0	; -48
    000004CE 0D                    1293 	.db #0x0d	; 13
    000004CF 00                    1294 	.db #0x00	; 0
    000004D0 00                    1295 	.db #0x00	;  0
    000004D1 08                    1296 	.db #0x08	;  8
    000004D2 0E                    1297 	.db #0x0e	; 14
    000004D3 00                    1298 	.db #0x00	; 0
    000004D4 00                    1299 	.db #0x00	;  0
    000004D5 08                    1300 	.db #0x08	;  8
    000004D6 0F                    1301 	.db #0x0f	; 15
    000004D7 00                    1302 	.db #0x00	; 0
    000004D8 00                    1303 	.db #0x00	;  0
    000004D9 08                    1304 	.db #0x08	;  8
    000004DA 10                    1305 	.db #0x10	; 16
    000004DB 00                    1306 	.db #0x00	; 0
    000004DC 00                    1307 	.db #0x00	;  0
    000004DD 08                    1308 	.db #0x08	;  8
    000004DE 11                    1309 	.db #0x11	; 17
    000004DF 00                    1310 	.db #0x00	; 0
    000004E0 00                    1311 	.db #0x00	;  0
    000004E1 08                    1312 	.db #0x08	;  8
    000004E2 12                    1313 	.db #0x12	; 18
    000004E3 00                    1314 	.db #0x00	; 0
    000004E4 00                    1315 	.db #0x00	;  0
    000004E5 08                    1316 	.db #0x08	;  8
    000004E6 1F                    1317 	.db #0x1f	; 31
    000004E7 00                    1318 	.db #0x00	; 0
    000004E8 08                    1319 	.db #0x08	;  8
    000004E9 C8                    1320 	.db #0xc8	; -56
    000004EA 2B                    1321 	.db #0x2b	; 43
    000004EB 00                    1322 	.db #0x00	; 0
    000004EC 00                    1323 	.db #0x00	;  0
    000004ED 08                    1324 	.db #0x08	;  8
    000004EE 2C                    1325 	.db #0x2c	; 44
    000004EF 00                    1326 	.db #0x00	; 0
    000004F0 00                    1327 	.db #0x00	;  0
    000004F1 10                    1328 	.db #0x10	;  16
    000004F2 15                    1329 	.db #0x15	; 21
    000004F3 00                    1330 	.db #0x00	; 0
    000004F4 00                    1331 	.db #0x00	;  0
    000004F5 08                    1332 	.db #0x08	;  8
    000004F6 16                    1333 	.db #0x16	; 22
    000004F7 00                    1334 	.db #0x00	; 0
    000004F8 00                    1335 	.db #0x00	;  0
    000004F9 08                    1336 	.db #0x08	;  8
    000004FA 17                    1337 	.db #0x17	; 23
    000004FB 00                    1338 	.db #0x00	; 0
    000004FC 00                    1339 	.db #0x00	;  0
    000004FD 08                    1340 	.db #0x08	;  8
    000004FE 18                    1341 	.db #0x18	; 24
    000004FF 00                    1342 	.db #0x00	; 0
    00000500 00                    1343 	.db #0x00	;  0
    00000501 08                    1344 	.db #0x08	;  8
    00000502 22                    1345 	.db #0x22	; 34
    00000503 00                    1346 	.db #0x00	; 0
    00000504 08                    1347 	.db #0x08	;  8
    00000505 C8                    1348 	.db #0xc8	; -56
    00000506 2D                    1349 	.db #0x2d	; 45
    00000507 00                    1350 	.db #0x00	; 0
    00000508 00                    1351 	.db #0x00	;  0
    00000509 18                    1352 	.db #0x18	;  24
    0000050A 1B                    1353 	.db #0x1b	; 27
    0000050B 00                    1354 	.db #0x00	; 0
    0000050C 00                    1355 	.db #0x00	;  0
    0000050D 08                    1356 	.db #0x08	;  8
    0000050E 1C                    1357 	.db #0x1c	; 28
    0000050F 00                    1358 	.db #0x00	; 0
    00000510 00                    1359 	.db #0x00	;  0
    00000511 08                    1360 	.db #0x08	;  8
    00000512 1D                    1361 	.db #0x1d	; 29
    00000513 00                    1362 	.db #0x00	; 0
    00000514 00                    1363 	.db #0x00	;  0
    00000515 08                    1364 	.db #0x08	;  8
    00000516 1E                    1365 	.db #0x1e	; 30
    00000517 00                    1366 	.db #0x00	; 0
    00000518 80                    1367 	.db #0x80	; -128
    00000519 00                    1368 	.db #0x00	;  0
    0000051A 00                    1369 	.db #0x00	; 0
    0000051B 00                    1370 	.db #0x00	; 0
    0000051C                       1371 _sprite_metasprite4:
    0000051C F0                    1372 	.db #0xf0	; -16
    0000051D E8                    1373 	.db #0xe8	; -24
    0000051E 00                    1374 	.db #0x00	; 0
    0000051F 00                    1375 	.db #0x00	; 0
    00000520 00                    1376 	.db #0x00	;  0
    00000521 08                    1377 	.db #0x08	;  8
    00000522 01                    1378 	.db #0x01	; 1
    00000523 00                    1379 	.db #0x00	; 0
    00000524 00                    1380 	.db #0x00	;  0
    00000525 08                    1381 	.db #0x08	;  8
    00000526 02                    1382 	.db #0x02	; 2
    00000527 00                    1383 	.db #0x00	; 0
    00000528 00                    1384 	.db #0x00	;  0
    00000529 08                    1385 	.db #0x08	;  8
    0000052A 03                    1386 	.db #0x03	; 3
    0000052B 00                    1387 	.db #0x00	; 0
    0000052C 00                    1388 	.db #0x00	;  0
    0000052D 08                    1389 	.db #0x08	;  8
    0000052E 04                    1390 	.db #0x04	; 4
    0000052F 00                    1391 	.db #0x00	; 0
    00000530 00                    1392 	.db #0x00	;  0
    00000531 08                    1393 	.db #0x08	;  8
    00000532 05                    1394 	.db #0x05	; 5
    00000533 00                    1395 	.db #0x00	; 0
    00000534 08                    1396 	.db #0x08	;  8
    00000535 D8                    1397 	.db #0xd8	; -40
    00000536 06                    1398 	.db #0x06	; 6
    00000537 00                    1399 	.db #0x00	; 0
    00000538 00                    1400 	.db #0x00	;  0
    00000539 08                    1401 	.db #0x08	;  8
    0000053A 07                    1402 	.db #0x07	; 7
    0000053B 00                    1403 	.db #0x00	; 0
    0000053C 00                    1404 	.db #0x00	;  0
    0000053D 08                    1405 	.db #0x08	;  8
    0000053E 08                    1406 	.db #0x08	; 8
    0000053F 00                    1407 	.db #0x00	; 0
    00000540 00                    1408 	.db #0x00	;  0
    00000541 08                    1409 	.db #0x08	;  8
    00000542 09                    1410 	.db #0x09	; 9
    00000543 00                    1411 	.db #0x00	; 0
    00000544 00                    1412 	.db #0x00	;  0
    00000545 08                    1413 	.db #0x08	;  8
    00000546 0A                    1414 	.db #0x0a	; 10
    00000547 00                    1415 	.db #0x00	; 0
    00000548 00                    1416 	.db #0x00	;  0
    00000549 08                    1417 	.db #0x08	;  8
    0000054A 0B                    1418 	.db #0x0b	; 11
    0000054B 00                    1419 	.db #0x00	; 0
    0000054C 00                    1420 	.db #0x00	;  0
    0000054D 08                    1421 	.db #0x08	;  8
    0000054E 0C                    1422 	.db #0x0c	; 12
    0000054F 00                    1423 	.db #0x00	; 0
    00000550 08                    1424 	.db #0x08	;  8
    00000551 D0                    1425 	.db #0xd0	; -48
    00000552 0D                    1426 	.db #0x0d	; 13
    00000553 00                    1427 	.db #0x00	; 0
    00000554 00                    1428 	.db #0x00	;  0
    00000555 08                    1429 	.db #0x08	;  8
    00000556 0E                    1430 	.db #0x0e	; 14
    00000557 00                    1431 	.db #0x00	; 0
    00000558 00                    1432 	.db #0x00	;  0
    00000559 08                    1433 	.db #0x08	;  8
    0000055A 0F                    1434 	.db #0x0f	; 15
    0000055B 00                    1435 	.db #0x00	; 0
    0000055C 00                    1436 	.db #0x00	;  0
    0000055D 08                    1437 	.db #0x08	;  8
    0000055E 10                    1438 	.db #0x10	; 16
    0000055F 00                    1439 	.db #0x00	; 0
    00000560 00                    1440 	.db #0x00	;  0
    00000561 08                    1441 	.db #0x08	;  8
    00000562 11                    1442 	.db #0x11	; 17
    00000563 00                    1443 	.db #0x00	; 0
    00000564 00                    1444 	.db #0x00	;  0
    00000565 08                    1445 	.db #0x08	;  8
    00000566 12                    1446 	.db #0x12	; 18
    00000567 00                    1447 	.db #0x00	; 0
    00000568 00                    1448 	.db #0x00	;  0
    00000569 08                    1449 	.db #0x08	;  8
    0000056A 13                    1450 	.db #0x13	; 19
    0000056B 00                    1451 	.db #0x00	; 0
    0000056C 08                    1452 	.db #0x08	;  8
    0000056D C8                    1453 	.db #0xc8	; -56
    0000056E 2E                    1454 	.db #0x2e	; 46
    0000056F 00                    1455 	.db #0x00	; 0
    00000570 00                    1456 	.db #0x00	;  0
    00000571 08                    1457 	.db #0x08	;  8
    00000572 2C                    1458 	.db #0x2c	; 44
    00000573 00                    1459 	.db #0x00	; 0
    00000574 00                    1460 	.db #0x00	;  0
    00000575 10                    1461 	.db #0x10	;  16
    00000576 15                    1462 	.db #0x15	; 21
    00000577 00                    1463 	.db #0x00	; 0
    00000578 00                    1464 	.db #0x00	;  0
    00000579 08                    1465 	.db #0x08	;  8
    0000057A 16                    1466 	.db #0x16	; 22
    0000057B 00                    1467 	.db #0x00	; 0
    0000057C 00                    1468 	.db #0x00	;  0
    0000057D 08                    1469 	.db #0x08	;  8
    0000057E 17                    1470 	.db #0x17	; 23
    0000057F 00                    1471 	.db #0x00	; 0
    00000580 00                    1472 	.db #0x00	;  0
    00000581 08                    1473 	.db #0x08	;  8
    00000582 18                    1474 	.db #0x18	; 24
    00000583 00                    1475 	.db #0x00	; 0
    00000584 00                    1476 	.db #0x00	;  0
    00000585 08                    1477 	.db #0x08	;  8
    00000586 19                    1478 	.db #0x19	; 25
    00000587 00                    1479 	.db #0x00	; 0
    00000588 08                    1480 	.db #0x08	;  8
    00000589 C8                    1481 	.db #0xc8	; -56
    0000058A 2F                    1482 	.db #0x2f	; 47
    0000058B 00                    1483 	.db #0x00	; 0
    0000058C 00                    1484 	.db #0x00	;  0
    0000058D 18                    1485 	.db #0x18	;  24
    0000058E 1B                    1486 	.db #0x1b	; 27
    0000058F 00                    1487 	.db #0x00	; 0
    00000590 00                    1488 	.db #0x00	;  0
    00000591 08                    1489 	.db #0x08	;  8
    00000592 1C                    1490 	.db #0x1c	; 28
    00000593 00                    1491 	.db #0x00	; 0
    00000594 00                    1492 	.db #0x00	;  0
    00000595 08                    1493 	.db #0x08	;  8
    00000596 1D                    1494 	.db #0x1d	; 29
    00000597 00                    1495 	.db #0x00	; 0
    00000598 00                    1496 	.db #0x00	;  0
    00000599 08                    1497 	.db #0x08	;  8
    0000059A 1E                    1498 	.db #0x1e	; 30
    0000059B 00                    1499 	.db #0x00	; 0
    0000059C 80                    1500 	.db #0x80	; -128
    0000059D 00                    1501 	.db #0x00	;  0
    0000059E 00                    1502 	.db #0x00	; 0
    0000059F 00                    1503 	.db #0x00	; 0
    000005A0                       1504 _sprite_metasprites:
    000005A0r08r03                 1505 	.dw _sprite_metasprite0
    000005A2r88r03                 1506 	.dw _sprite_metasprite1
    000005A4r10r04                 1507 	.dw _sprite_metasprite2
    000005A6r98r04                 1508 	.dw _sprite_metasprite3
    000005A8r1Cr05                 1509 	.dw _sprite_metasprite4
                                   1510 	.area _INITIALIZER
                                   1511 	.area _CABS (ABS)
