                                      1 ;--------------------------------------------------------
                                      2 ; File Created by SDCC : free open source ISO C Compiler
                                      3 ; Version 4.5.1 #15267 (Mac OS X ppc)
                                      4 ;--------------------------------------------------------
                                      5 	.module common
                                      6 	
                                      7 ;--------------------------------------------------------
                                      8 ; Public variables in this module
                                      9 ;--------------------------------------------------------
                                     10 	.globl _hide_sprites_range
                                     11 	.globl _fill_rect_compat
                                     12 	.globl _set_tile_map_compat
                                     13 	.globl _set_native_tile_data
                                     14 	.globl _set_palette
                                     15 	.globl _joypad
                                     16 	.globl _vsync
                                     17 	.globl _joypadPrevious
                                     18 	.globl _joypadCurrent
                                     19 	.globl _WaitForStartOrA
                                     20 	.globl _setBKGPalettes
                                     21 	.globl _ShowCentered
                                     22 ;--------------------------------------------------------
                                     23 ; special function registers
                                     24 ;--------------------------------------------------------
                         00000000    25 _GG_STATE	=	0x0000
                         00000001    26 _GG_EXT_7BIT	=	0x0001
                         00000002    27 _GG_EXT_CTL	=	0x0002
                         00000003    28 _GG_SIO_SEND	=	0x0003
                         00000004    29 _GG_SIO_RECV	=	0x0004
                         00000005    30 _GG_SIO_CTL	=	0x0005
                         00000006    31 _GG_SOUND_PAN	=	0x0006
                         0000003E    32 _MEMORY_CTL	=	0x003e
                         0000003F    33 _JOY_CTL	=	0x003f
                         0000007E    34 _VCOUNTER	=	0x007e
                         0000007F    35 _PSG	=	0x007f
                         0000007F    36 _HCOUNTER	=	0x007f
                         000000BE    37 _VDP_DATA	=	0x00be
                         000000BF    38 _VDP_CMD	=	0x00bf
                         000000BF    39 _VDP_STATUS	=	0x00bf
                         000000DC    40 _JOY_PORT1	=	0x00dc
                         000000DD    41 _JOY_PORT2	=	0x00dd
                         000000F0    42 _FMADDRESS	=	0x00f0
                         000000F1    43 _FMDATA	=	0x00f1
                         000000F2    44 _AUDIOCTRL	=	0x00f2
                                     45 ;--------------------------------------------------------
                                     46 ; ram data
                                     47 ;--------------------------------------------------------
                                     48 	.area _DATA
                         0000FFFC    49 _RAM_CONTROL	=	0xfffc
                         0000FFF8    50 _GLASSES_3D	=	0xfff8
                         0000FFFD    51 _MAP_FRAME0	=	0xfffd
                         0000FFFE    52 _MAP_FRAME1	=	0xfffe
                         0000FFFF    53 _MAP_FRAME2	=	0xffff
                                     54 ;--------------------------------------------------------
                                     55 ; ram data
                                     56 ;--------------------------------------------------------
                                     57 	.area _INITIALIZED
    00000000                         58 _joypadCurrent::
    00000000                         59 	.ds 1
    00000001                         60 _joypadPrevious::
    00000001                         61 	.ds 1
                                     62 ;--------------------------------------------------------
                                     63 ; absolute external ram data
                                     64 ;--------------------------------------------------------
                                     65 	.area _DABS (ABS)
                                     66 ;--------------------------------------------------------
                                     67 ; global & static initialisations
                                     68 ;--------------------------------------------------------
                                     69 	.area _HOME
                                     70 	.area _GSINIT
                                     71 	.area _GSFINAL
                                     72 	.area _GSINIT
                                     73 ;--------------------------------------------------------
                                     74 ; Home
                                     75 ;--------------------------------------------------------
                                     76 	.area _HOME
                                     77 ;src/common.c:24: void setBKGPalettes(uint8_t count, const palette_color_t *palettes) NONBANKED{
                                     78 ;	---------------------------------
                                     79 ; Function setBKGPalettes
                                     80 ; ---------------------------------
    00000000                         81 _setBKGPalettes::
                                     82 ;src/common.c:29: set_bkg_palette(0, count, palettes);
    00000000 D5               [11]   83 	push	de
    00000001 67               [ 4]   84 	ld	h, a
    00000002 2E 00            [ 7]   85 	ld	l, #0x00
    00000004 E5               [11]   86 	push	hl
    00000005 CDr00r00         [17]   87 	call	_set_palette
                                     88 ;src/common.c:37: }
    00000008 C9               [10]   89 	ret
                                     90 ;src/common.c:40: void ShowCentered(uint8_t width,uint8_t height,uint8_t bank, uint8_t* tileData, uint8_t tileCount, uint8_t* mapData, const palette_color_t* palettes) NONBANKED{
                                     91 ;	---------------------------------
                                     92 ; Function ShowCentered
                                     93 ; ---------------------------------
    00000009                         94 _ShowCentered::
    00000009 DD E5            [15]   95 	push	ix
    0000000B DD 21 00 00      [14]   96 	ld	ix,#0
    0000000F DD 39            [15]   97 	add	ix,sp
    00000011 F5               [11]   98 	push	af
    00000012 3B               [ 6]   99 	dec	sp
    00000013 4F               [ 4]  100 	ld	c, a
                                    101 ;../../../include/sms/sms.h:254: __WRITE_VDP_REG(VDP_R1, __READ_VDP_REG(VDP_R1) &= (~R1_DISP_ON));
    00000014 3Ar00r00         [13]  102 	ld	a, (_shadow_VDP_R1+0)
    00000017 E6 BF            [ 7]  103 	and	a, #0xbf
    00000019 32r00r00         [13]  104 	ld	(_shadow_VDP_R1+0), a
    0000001C F3               [ 4]  105 	di
    0000001D 3Ar00r00         [13]  106 	ld	a, (_shadow_VDP_R1+0)
    00000020 D3 BF            [11]  107 	out	(_VDP_CMD), a
    00000022 3E 81            [ 7]  108 	ld	a, #0x81
    00000024 D3 BF            [11]  109 	out	(_VDP_CMD), a
    00000026 FB               [ 4]  110 	ei
                                    111 ;src/common.c:45: uint8_t _previous_bank = CURRENT_BANK;
    00000027 3A FE FF         [13]  112 	ld	a, (_MAP_FRAME1+0)
    0000002A DD 77 FD         [19]  113 	ld	-3 (ix), a
                                    114 ;src/common.c:49: hide_sprites_range(0,MAX_HARDWARE_SPRITES);
    0000002D E5               [11]  115 	push	hl
    0000002E C5               [11]  116 	push	bc
    0000002F 2E 40            [ 7]  117 	ld	l, #0x40
    00000031 AF               [ 4]  118 	xor	a, a
    00000032 CDr00r00         [17]  119 	call	_hide_sprites_range
    00000035 C1               [10]  120 	pop	bc
    00000036 E1               [10]  121 	pop	hl
                                    122 ;../../../include/sms/sms.h:223: __WRITE_VDP_REG(VDP_RSCX, -x);
    00000037 AF               [ 4]  123 	xor	a, a
    00000038 32r00r00         [13]  124 	ld	(_shadow_VDP_RSCX+0), a
    0000003B F3               [ 4]  125 	di
    0000003C 3E 00            [ 7]  126 	ld	a, #0x00
    0000003E D3 BF            [11]  127 	out	(_VDP_CMD), a
    00000040 3E 88            [ 7]  128 	ld	a, #0x88
    00000042 D3 BF            [11]  129 	out	(_VDP_CMD), a
    00000044 FB               [ 4]  130 	ei
                                    131 ;../../../include/sms/sms.h:224: __WRITE_VDP_REG(VDP_RSCY, y);
    00000045 AF               [ 4]  132 	xor	a, a
    00000046 32r00r00         [13]  133 	ld	(_shadow_VDP_RSCY+0), a
    00000049 F3               [ 4]  134 	di
    0000004A 3E 00            [ 7]  135 	ld	a, #0x00
    0000004C D3 BF            [11]  136 	out	(_VDP_CMD), a
    0000004E 3E 89            [ 7]  137 	ld	a, #0x89
    00000050 D3 BF            [11]  138 	out	(_VDP_CMD), a
    00000052 FB               [ 4]  139 	ei
                                    140 ;src/common.c:54: uint8_t titleRow = (DEVICE_SCREEN_HEIGHT-(height>>3))/2;
    00000053 7D               [ 4]  141 	ld	a, l
    00000054 0F               [ 4]  142 	rrca
    00000055 0F               [ 4]  143 	rrca
    00000056 0F               [ 4]  144 	rrca
    00000057 E6 1F            [ 7]  145 	and	a, #0x1f
    00000059 DD 77 FE         [19]  146 	ld	-2 (ix), a
    0000005C 5F               [ 4]  147 	ld	e, a
    0000005D 16 00            [ 7]  148 	ld	d, #0x00
    0000005F 21 18 00         [10]  149 	ld	hl, #0x0018
    00000062 BF               [ 4]  150 	cp	a, a
    00000063 ED 52            [15]  151 	sbc	hl, de
    00000065 5D               [ 4]  152 	ld	e, l
    00000066 54               [ 4]  153 	ld	d, h
    00000067 CB 7C            [ 8]  154 	bit	7, h
    00000069 28 02            [12]  155 	jr	Z, 00105$
    0000006B EB               [ 4]  156 	ex	de, hl
    0000006C 13               [ 6]  157 	inc	de
    0000006D                        158 00105$:
    0000006D CB 2A            [ 8]  159 	sra	d
    0000006F CB 1B            [ 8]  160 	rr	e
    00000071 DD 73 FF         [19]  161 	ld	-1 (ix), e
                                    162 ;src/common.c:55: uint8_t titleColumn = (DEVICE_SCREEN_WIDTH-(width>>3))/2;
    00000074 CB 39            [ 8]  163 	srl	c
    00000076 CB 39            [ 8]  164 	srl	c
    00000078 CB 39            [ 8]  165 	srl	c
    0000007A 59               [ 4]  166 	ld	e, c
    0000007B 16 00            [ 7]  167 	ld	d, #0x00
    0000007D 21 20 00         [10]  168 	ld	hl, #0x0020
    00000080 BF               [ 4]  169 	cp	a, a
    00000081 ED 52            [15]  170 	sbc	hl, de
    00000083 CB 2C            [ 8]  171 	sra	h
    00000085 CB 1D            [ 8]  172 	rr	l
    00000087 45               [ 4]  173 	ld	b, l
                                    174 ;src/common.c:57: SWITCH_ROM(bank);
    00000088 DD 7E 04         [19]  175 	ld	a, 4 (ix)
    0000008B 32 FE FF         [13]  176 	ld	(_MAP_FRAME1+0), a
                                    177 ;src/common.c:59: setBKGPalettes(1,palettes);
    0000008E C5               [11]  178 	push	bc
    0000008F DD 5E 0A         [19]  179 	ld	e, 10 (ix)
    00000092 DD 56 0B         [19]  180 	ld	d, 11 (ix)
    00000095 3E 01            [ 7]  181 	ld	a, #0x01
    00000097 CDr00r00         [17]  182 	call	_setBKGPalettes
    0000009A C1               [10]  183 	pop	bc
                                    184 ;src/common.c:61: set_native_tile_data(0,tileCount,tileData);
    0000009B DD 6E 05         [19]  185 	ld	l, 5 (ix)
    0000009E DD 66 06         [19]  186 	ld	h, 6 (ix)
    000000A1 DD 5E 07         [19]  187 	ld	e, 7 (ix)
    000000A4 16 00            [ 7]  188 	ld	d, #0x00
    000000A6 C5               [11]  189 	push	bc
    000000A7 E5               [11]  190 	push	hl
    000000A8 21 00 00         [10]  191 	ld	hl, #0x0000
    000000AB CDr00r00         [17]  192 	call	_set_native_tile_data
                                    193 ;src/common.c:62: fill_bkg_rect(0,0,DEVICE_SCREEN_WIDTH,DEVICE_SCREEN_HEIGHT,0);
    000000AE 21 00 00         [10]  194 	ld	hl, #0x0000
    000000B1 E5               [11]  195 	push	hl
    000000B2 21 20 18         [10]  196 	ld	hl, #0x1820
    000000B5 E5               [11]  197 	push	hl
    000000B6 21 00 00         [10]  198 	ld	hl, #0x00
    000000B9 E5               [11]  199 	push	hl
    000000BA CDr00r00         [17]  200 	call	_fill_rect_compat
    000000BD C1               [10]  201 	pop	bc
                                    202 ;src/common.c:63: set_bkg_tiles(titleColumn,titleRow,width>>3,height>>3,mapData);
    000000BE DD 6E 08         [19]  203 	ld	l, 8 (ix)
    000000C1 DD 66 09         [19]  204 	ld	h, 9 (ix)
    000000C4 E5               [11]  205 	push	hl
    000000C5 DD 7E FE         [19]  206 	ld	a, -2 (ix)
    000000C8 F5               [11]  207 	push	af
    000000C9 33               [ 6]  208 	inc	sp
    000000CA 61               [ 4]  209 	ld	h, c
    000000CB DD 6E FF         [19]  210 	ld	l, -1 (ix)
    000000CE E5               [11]  211 	push	hl
    000000CF C5               [11]  212 	push	bc
    000000D0 33               [ 6]  213 	inc	sp
    000000D1 CDr00r00         [17]  214 	call	_set_tile_map_compat
                                    215 ;src/common.c:64: SWITCH_ROM(_previous_bank);
    000000D4 DD 7E FD         [19]  216 	ld	a, -3 (ix)
    000000D7 32 FE FF         [13]  217 	ld	(_MAP_FRAME1+0), a
                                    218 ;src/common.c:66: DISPLAY_ON;
    000000DA 3Ar00r00         [13]  219 	ld	a, (_shadow_VDP_R1+0)
    000000DD F6 40            [ 7]  220 	or	a, #0x40
    000000DF 32r00r00         [13]  221 	ld	(_shadow_VDP_R1+0), a
    000000E2 F3               [ 4]  222 	di
    000000E3 3Ar00r00         [13]  223 	ld	a, (_shadow_VDP_R1+0)
    000000E6 D3 BF            [11]  224 	out	(_VDP_CMD), a
    000000E8 3E 81            [ 7]  225 	ld	a, #0x81
    000000EA D3 BF            [11]  226 	out	(_VDP_CMD), a
    000000EC FB               [ 4]  227 	ei
                                    228 ;src/common.c:67: }
    000000ED DD F9            [10]  229 	ld	sp, ix
    000000EF DD E1            [14]  230 	pop	ix
    000000F1 E1               [10]  231 	pop	hl
    000000F2 F1               [10]  232 	pop	af
    000000F3 F1               [10]  233 	pop	af
    000000F4 F1               [10]  234 	pop	af
    000000F5 F1               [10]  235 	pop	af
    000000F6 E9               [ 4]  236 	jp	(hl)
                                    237 	.area _HOME
                                    238 ;--------------------------------------------------------
                                    239 ; code
                                    240 ;--------------------------------------------------------
                                    241 	.area _CODE
                                    242 ;src/common.c:9: void WaitForStartOrA(void){
                                    243 ;	---------------------------------
                                    244 ; Function WaitForStartOrA
                                    245 ; ---------------------------------
    00000000                        246 _WaitForStartOrA::
                                    247 ;src/common.c:10: while(1){
    00000000                        248 00108$:
                                    249 ;src/common.c:13: joypadPrevious = joypadCurrent;
    00000000 3Ar00r00         [13]  250 	ld	a, (_joypadCurrent+0)
    00000003 32r01r00         [13]  251 	ld	(_joypadPrevious+0), a
                                    252 ;src/common.c:14: joypadCurrent = joypad();
    00000006 CDr00r00         [17]  253 	call	_joypad
    00000009 7D               [ 4]  254 	ld	a, l
    0000000A 32r00r00         [13]  255 	ld	(_joypadCurrent+0), a
                                    256 ;src/common.c:16: if((joypadCurrent & J_START) && !(joypadPrevious & J_START))break;
    0000000D 3Ar00r00         [13]  257 	ld	a, (_joypadCurrent)
    00000010 4F               [ 4]  258 	ld	c, a
    00000011 3Ar01r00         [13]  259 	ld	a, (_joypadPrevious)
    00000014 CB 71            [ 8]  260 	bit	6, c
    00000016 28 03            [12]  261 	jr	Z, 00102$
    00000018 CB 77            [ 8]  262 	bit	6, a
    0000001A C8               [11]  263 	ret	Z
    0000001B                        264 00102$:
                                    265 ;src/common.c:17: if((joypadCurrent & J_A) && !(joypadPrevious & J_A))break;
    0000001B CB 69            [ 8]  266 	bit	5, c
    0000001D 28 03            [12]  267 	jr	Z, 00105$
    0000001F CB 6F            [ 8]  268 	bit	5, a
    00000021 C8               [11]  269 	ret	Z
    00000022                        270 00105$:
                                    271 ;src/common.c:19: vsync();
    00000022 CDr00r00         [17]  272 	call	_vsync
                                    273 ;src/common.c:22: }
    00000025 18 D9            [12]  274 	jr	00108$
                                    275 	.area _CODE
                                    276 	.area _INITIALIZER
    00000000                        277 __xinit__joypadCurrent:
    00000000 00                     278 	.db #0x00	; 0
    00000001                        279 __xinit__joypadPrevious:
    00000001 00                     280 	.db #0x00	; 0
                                    281 	.area _CABS (ABS)
