                                      1 ;--------------------------------------------------------
                                      2 ; File Created by SDCC : free open source ISO C Compiler
                                      3 ; Version 4.5.1 #15267 (Mac OS X ppc)
                                      4 ;--------------------------------------------------------
                                      5 	.module level
                                      6 	
                                      7 ;--------------------------------------------------------
                                      8 ; Public variables in this module
                                      9 ;--------------------------------------------------------
                                     10 	.globl _SetupCurrentLevel
                                     11 	.globl _IsTileSolid
                                     12 	.globl _setBKGPalettes
                                     13 	.globl _set_attribute_xy
                                     14 	.globl _set_native_tile_data
                                     15 	.globl _nextLevel
                                     16 	.globl _currentLevel
                                     17 	.globl _currentAreaBank
                                     18 	.globl _currentLevelNonSolidTileCount
                                     19 	.globl _currentLevelMap
                                     20 	.globl _currentLevelHeightInTiles
                                     21 	.globl _currentLevelHeight
                                     22 	.globl _currentLevelWidthInTiles
                                     23 	.globl _currentLevelWidth
                                     24 ;--------------------------------------------------------
                                     25 ; special function registers
                                     26 ;--------------------------------------------------------
                         00000000    27 _GG_STATE	=	0x0000
                         00000001    28 _GG_EXT_7BIT	=	0x0001
                         00000002    29 _GG_EXT_CTL	=	0x0002
                         00000003    30 _GG_SIO_SEND	=	0x0003
                         00000004    31 _GG_SIO_RECV	=	0x0004
                         00000005    32 _GG_SIO_CTL	=	0x0005
                         00000006    33 _GG_SOUND_PAN	=	0x0006
                         0000003E    34 _MEMORY_CTL	=	0x003e
                         0000003F    35 _JOY_CTL	=	0x003f
                         0000007E    36 _VCOUNTER	=	0x007e
                         0000007F    37 _PSG	=	0x007f
                         0000007F    38 _HCOUNTER	=	0x007f
                         000000BE    39 _VDP_DATA	=	0x00be
                         000000BF    40 _VDP_CMD	=	0x00bf
                         000000BF    41 _VDP_STATUS	=	0x00bf
                         000000DC    42 _JOY_PORT1	=	0x00dc
                         000000DD    43 _JOY_PORT2	=	0x00dd
                         000000F0    44 _FMADDRESS	=	0x00f0
                         000000F1    45 _FMDATA	=	0x00f1
                         000000F2    46 _AUDIOCTRL	=	0x00f2
                                     47 ;--------------------------------------------------------
                                     48 ; ram data
                                     49 ;--------------------------------------------------------
                                     50 	.area _DATA
                         0000FFFC    51 _RAM_CONTROL	=	0xfffc
                         0000FFF8    52 _GLASSES_3D	=	0xfff8
                         0000FFFD    53 _MAP_FRAME0	=	0xfffd
                         0000FFFE    54 _MAP_FRAME1	=	0xfffe
                         0000FFFF    55 _MAP_FRAME2	=	0xffff
    00000000                         56 _currentLevelWidth::
    00000000                         57 	.ds 2
    00000002                         58 _currentLevelWidthInTiles::
    00000002                         59 	.ds 2
    00000004                         60 _currentLevelHeight::
    00000004                         61 	.ds 2
    00000006                         62 _currentLevelHeightInTiles::
    00000006                         63 	.ds 2
    00000008                         64 _currentLevelMap::
    00000008                         65 	.ds 2
    0000000A                         66 _currentLevelNonSolidTileCount::
    0000000A                         67 	.ds 1
    0000000B                         68 _currentAreaBank::
    0000000B                         69 	.ds 1
                                     70 ;--------------------------------------------------------
                                     71 ; ram data
                                     72 ;--------------------------------------------------------
                                     73 	.area _INITIALIZED
    00000000                         74 _currentLevel::
    00000000                         75 	.ds 1
    00000001                         76 _nextLevel::
    00000001                         77 	.ds 1
                                     78 ;--------------------------------------------------------
                                     79 ; absolute external ram data
                                     80 ;--------------------------------------------------------
                                     81 	.area _DABS (ABS)
                                     82 ;--------------------------------------------------------
                                     83 ; global & static initialisations
                                     84 ;--------------------------------------------------------
                                     85 	.area _HOME
                                     86 	.area _GSINIT
                                     87 	.area _GSFINAL
                                     88 	.area _GSINIT
                                     89 ;--------------------------------------------------------
                                     90 ; Home
                                     91 ;--------------------------------------------------------
                                     92 	.area _HOME
                                     93 ;src/level.c:40: uint8_t IsTileSolid(uint16_t worldX,uint16_t worldY) NONBANKED{
                                     94 ;	---------------------------------
                                     95 ; Function IsTileSolid
                                     96 ; ---------------------------------
    00000000                         97 _IsTileSolid::
    00000000 DD E5            [15]   98 	push	ix
    00000002 DD 21 00 00      [14]   99 	ld	ix,#0
    00000006 DD 39            [15]  100 	add	ix,sp
    00000008 F5               [11]  101 	push	af
    00000009 3B               [ 6]  102 	dec	sp
    0000000A 4D               [ 4]  103 	ld	c, l
    0000000B 44               [ 4]  104 	ld	b, h
                                    105 ;src/level.c:42: uint8_t _previous_bank = CURRENT_BANK;
    0000000C 3A FE FF         [13]  106 	ld	a, (_MAP_FRAME1+0)
    0000000F DD 77 FD         [19]  107 	ld	-3 (ix), a
                                    108 ;src/level.c:44: SWITCH_ROM(currentAreaBank);
    00000012 3Ar0Br00         [13]  109 	ld	a, (_currentAreaBank+0)
    00000015 32 FE FF         [13]  110 	ld	(_MAP_FRAME1+0), a
                                    111 ;src/level.c:47: uint16_t column = worldX>>3;
    00000018 CB 38            [ 8]  112 	srl	b
    0000001A CB 19            [ 8]  113 	rr	c
    0000001C CB 38            [ 8]  114 	srl	b
    0000001E CB 19            [ 8]  115 	rr	c
    00000020 CB 38            [ 8]  116 	srl	b
    00000022 CB 19            [ 8]  117 	rr	c
                                    118 ;src/level.c:48: uint16_t row = worldY>>3;
    00000024 DD 73 FE         [19]  119 	ld	-2 (ix), e
    00000027 DD 72 FF         [19]  120 	ld	-1 (ix), d
    0000002A DD CB FF 3E      [23]  121 	srl	-1 (ix)
    0000002E DD CB FE 1E      [23]  122 	rr	-2 (ix)
    00000032 DD CB FF 3E      [23]  123 	srl	-1 (ix)
    00000036 DD CB FE 1E      [23]  124 	rr	-2 (ix)
    0000003A DD CB FF 3E      [23]  125 	srl	-1 (ix)
    0000003E DD CB FE 1E      [23]  126 	rr	-2 (ix)
                                    127 ;src/level.c:50: uint16_t worldMaxRow = currentLevelHeight>>3;
    00000042 2Ar04r00         [16]  128 	ld	hl, (_currentLevelHeight)
    00000045 CB 3C            [ 8]  129 	srl	h
    00000047 CB 1D            [ 8]  130 	rr	l
    00000049 CB 3C            [ 8]  131 	srl	h
    0000004B CB 1D            [ 8]  132 	rr	l
    0000004D CB 3C            [ 8]  133 	srl	h
    0000004F CB 1D            [ 8]  134 	rr	l
                                    135 ;src/level.c:55: if(row>worldMaxRow||column>=currentLevelWidthInTiles){
    00000051 7D               [ 4]  136 	ld	a, l
    00000052 DD 96 FE         [19]  137 	sub	a, -2 (ix)
    00000055 7C               [ 4]  138 	ld	a, h
    00000056 DD 9E FF         [19]  139 	sbc	a, -1 (ix)
    00000059 38 0A            [12]  140 	jr	C, 00101$
    0000005B 21r02r00         [10]  141 	ld	hl, #_currentLevelWidthInTiles
    0000005E 79               [ 4]  142 	ld	a, c
    0000005F 96               [ 7]  143 	sub	a, (hl)
    00000060 23               [ 6]  144 	inc	hl
    00000061 78               [ 4]  145 	ld	a, b
    00000062 9E               [ 7]  146 	sbc	a, (hl)
    00000063 38 0A            [12]  147 	jr	C, 00102$
    00000065                        148 00101$:
                                    149 ;src/level.c:57: SWITCH_ROM(_previous_bank);
    00000065 DD 7E FD         [19]  150 	ld	a, -3 (ix)
    00000068 32 FE FF         [13]  151 	ld	(_MAP_FRAME1+0), a
                                    152 ;src/level.c:58: return TRUE;
    0000006B 3E 01            [ 7]  153 	ld	a, #0x01
    0000006D 18 25            [12]  154 	jr	00104$
    0000006F                        155 00102$:
                                    156 ;src/level.c:61: uint16_t index = column + row* currentLevelWidthInTiles;
    0000006F C5               [11]  157 	push	bc
    00000070 ED 5Br02r00      [20]  158 	ld	de, (_currentLevelWidthInTiles)
    00000074 DD 6E FE         [19]  159 	ld	l, -2 (ix)
    00000077 DD 66 FF         [19]  160 	ld	h, -1 (ix)
    0000007A CDr00r00         [17]  161 	call	__mulint
    0000007D EB               [ 4]  162 	ex	de, hl
    0000007E C1               [10]  163 	pop	bc
    0000007F 09               [11]  164 	add	hl, bc
    00000080 EB               [ 4]  165 	ex	de, hl
                                    166 ;src/level.c:63: uint8_t tile = currentLevelMap[index];
    00000081 2Ar08r00         [16]  167 	ld	hl, (_currentLevelMap)
    00000084 19               [11]  168 	add	hl, de
    00000085 4E               [ 7]  169 	ld	c, (hl)
                                    170 ;src/level.c:65: SWITCH_ROM(_previous_bank);
    00000086 DD 7E FD         [19]  171 	ld	a, -3 (ix)
    00000089 32 FE FF         [13]  172 	ld	(_MAP_FRAME1+0), a
                                    173 ;src/level.c:67: return tile<currentLevelNonSolidTileCount;
    0000008C 79               [ 4]  174 	ld	a, c
    0000008D 21r0Ar00         [10]  175 	ld	hl, #_currentLevelNonSolidTileCount
    00000090 96               [ 7]  176 	sub	a, (hl)
    00000091 3E 00            [ 7]  177 	ld	a, #0x00
    00000093 17               [ 4]  178 	rla
    00000094                        179 00104$:
                                    180 ;src/level.c:68: }
    00000094 DD F9            [10]  181 	ld	sp, ix
    00000096 DD E1            [14]  182 	pop	ix
    00000098 C9               [10]  183 	ret
                                    184 ;src/level.c:72: void SetupCurrentLevel(void) NONBANKED{
                                    185 ;	---------------------------------
                                    186 ; Function SetupCurrentLevel
                                    187 ; ---------------------------------
    00000099                        188 _SetupCurrentLevel::
                                    189 ;src/level.c:74: uint8_t _previous_bank = CURRENT_BANK;
    00000099 3A FE FF         [13]  190 	ld	a, (_MAP_FRAME1)
    0000009C 4F               [ 4]  191 	ld	c, a
                                    192 ;src/level.c:76: for(uint8_t i=0;i<DEVICE_SCREEN_BUFFER_WIDTH;i++){
    0000009D 06 00            [ 7]  193 	ld	b, #0x00
    0000009F                        194 00111$:
    0000009F 78               [ 4]  195 	ld	a, b
    000000A0 D6 20            [ 7]  196 	sub	a, #0x20
    000000A2 30 19            [12]  197 	jr	NC, 00102$
                                    198 ;src/level.c:77: for(uint8_t j=0;j<DEVICE_SCREEN_BUFFER_HEIGHT;j++){
    000000A4 16 00            [ 7]  199 	ld	d, #0x00
    000000A6                        200 00108$:
    000000A6 7A               [ 4]  201 	ld	a, d
    000000A7 D6 1C            [ 7]  202 	sub	a, #0x1c
    000000A9 30 0F            [12]  203 	jr	NC, 00112$
                                    204 ;src/level.c:78: set_attribute_xy(i,j,0);
    000000AB C5               [11]  205 	push	bc
    000000AC D5               [11]  206 	push	de
    000000AD AF               [ 4]  207 	xor	a, a
    000000AE F5               [11]  208 	push	af
    000000AF 33               [ 6]  209 	inc	sp
    000000B0 58               [ 4]  210 	ld	e, b
    000000B1 D5               [11]  211 	push	de
    000000B2 CDr00r00         [17]  212 	call	_set_attribute_xy
    000000B5 D1               [10]  213 	pop	de
    000000B6 C1               [10]  214 	pop	bc
                                    215 ;src/level.c:77: for(uint8_t j=0;j<DEVICE_SCREEN_BUFFER_HEIGHT;j++){
    000000B7 14               [ 4]  216 	inc	d
    000000B8 18 EC            [12]  217 	jr	00108$
    000000BA                        218 00112$:
                                    219 ;src/level.c:76: for(uint8_t i=0;i<DEVICE_SCREEN_BUFFER_WIDTH;i++){
    000000BA 04               [ 4]  220 	inc	b
    000000BB 18 E2            [12]  221 	jr	00111$
    000000BD                        222 00102$:
                                    223 ;src/level.c:85: switch(currentLevel % 3){
    000000BD 3Ar00r00         [13]  224 	ld	a, (_currentLevel)
    000000C0 C5               [11]  225 	push	bc
    000000C1 2E 03            [ 7]  226 	ld	l, #0x03
    000000C3 CDr00r00         [17]  227 	call	__moduchar
    000000C6 C1               [10]  228 	pop	bc
    000000C7 7B               [ 4]  229 	ld	a, e
    000000C8 B7               [ 4]  230 	or	a, a
    000000C9 28 0D            [12]  231 	jr	Z, 00103$
    000000CB 7B               [ 4]  232 	ld	a, e
    000000CC 3D               [ 4]  233 	dec	a
    000000CD 28 51            [12]  234 	jr	Z, 00104$
    000000CF 7B               [ 4]  235 	ld	a, e
    000000D0 D6 02            [ 7]  236 	sub	a, #0x02
    000000D2 CAr6Ar01         [10]  237 	jp	Z, 00105$
    000000D5 C3rAFr01         [10]  238 	jp	00106$
                                    239 ;src/level.c:86: case 0:
    000000D8                        240 00103$:
                                    241 ;src/level.c:92: SWITCH_ROM(( BANK(World1Tileset)));
    000000D8 21 FE FF         [10]  242 	ld	hl, #_MAP_FRAME1
    000000DB 36r00            [10]  243 	ld	(hl), #<(___bank_World1Tileset)
                                    244 ;src/level.c:94: set_native_tile_data(0,World1Tileset_TILE_COUNT,World1Tileset_tiles);
    000000DD C5               [11]  245 	push	bc
    000000DE 21r00r00         [10]  246 	ld	hl, #_World1Tileset_tiles
    000000E1 E5               [11]  247 	push	hl
    000000E2 11 20 00         [10]  248 	ld	de, #0x0020
    000000E5 21 00 00         [10]  249 	ld	hl, #0x0000
    000000E8 CDr00r00         [17]  250 	call	_set_native_tile_data
                                    251 ;src/level.c:95: setBKGPalettes(World1Tileset_PALETTE_COUNT,World1Tileset_palettes);
    000000EB 11r00r00         [10]  252 	ld	de, #_World1Tileset_palettes
    000000EE 3E 01            [ 7]  253 	ld	a, #0x01
    000000F0 CDr00r00         [17]  254 	call	_setBKGPalettes
    000000F3 C1               [10]  255 	pop	bc
                                    256 ;src/level.c:99: SWITCH_ROM((currentAreaBank = BANK(World1Area1)));
    000000F4 3Er00            [ 7]  257 	ld	a, #<(___bank_World1Area1)
    000000F6 32r0Br00         [13]  258 	ld	(_currentAreaBank+0), a
    000000F9 32 FE FF         [13]  259 	ld	(_MAP_FRAME1+0), a
                                    260 ;src/level.c:101: currentLevelNonSolidTileCount=WORLD1_SOLID_TILE_COUNT;
    000000FC 21r0Ar00         [10]  261 	ld	hl, #_currentLevelNonSolidTileCount
    000000FF 36 11            [10]  262 	ld	(hl), #0x11
                                    263 ;src/level.c:102: currentLevelWidth = World1Area1_WIDTH;
    00000101 21 E0 01         [10]  264 	ld	hl, #0x01e0
    00000104 22r00r00         [16]  265 	ld	(_currentLevelWidth), hl
                                    266 ;src/level.c:103: currentLevelHeight = World1Area1_HEIGHT;
    00000107 2E 00            [ 7]  267 	ld	l, #0x00
    00000109 22r04r00         [16]  268 	ld	(_currentLevelHeight), hl
                                    269 ;src/level.c:104: currentLevelWidthInTiles = World1Area1_WIDTH>>3;
    0000010C 21 3C 00         [10]  270 	ld	hl, #0x003c
    0000010F 22r02r00         [16]  271 	ld	(_currentLevelWidthInTiles), hl
                                    272 ;src/level.c:105: currentLevelHeightInTiles = World1Area1_HEIGHT>>3;            
    00000112 2E 20            [ 7]  273 	ld	l, #0x20
    00000114 22r06r00         [16]  274 	ld	(_currentLevelHeightInTiles), hl
                                    275 ;src/level.c:106: currentLevelMap= World1Area1_map;
    00000117 21r00r00         [10]  276 	ld	hl, #_World1Area1_map
    0000011A 22r08r00         [16]  277 	ld	(_currentLevelMap), hl
                                    278 ;src/level.c:109: break;
    0000011D C3rAFr01         [10]  279 	jp	00106$
                                    280 ;src/level.c:110: case 1:
    00000120                        281 00104$:
                                    282 ;src/level.c:115: SWITCH_ROM((currentAreaBank = BANK(World1Tileset)));
    00000120 3Er00            [ 7]  283 	ld	a, #<(___bank_World1Tileset)
    00000122 32r0Br00         [13]  284 	ld	(_currentAreaBank+0), a
    00000125 32 FE FF         [13]  285 	ld	(_MAP_FRAME1+0), a
                                    286 ;src/level.c:118: set_native_tile_data(0,World1Tileset_TILE_COUNT,World1Tileset_tiles);
    00000128 C5               [11]  287 	push	bc
    00000129 21r00r00         [10]  288 	ld	hl, #_World1Tileset_tiles
    0000012C E5               [11]  289 	push	hl
    0000012D 11 20 00         [10]  290 	ld	de, #0x0020
    00000130 21 00 00         [10]  291 	ld	hl, #0x0000
    00000133 CDr00r00         [17]  292 	call	_set_native_tile_data
                                    293 ;src/level.c:119: setBKGPalettes(World1Tileset_PALETTE_COUNT,World1Tileset_palettes);
    00000136 11r00r00         [10]  294 	ld	de, #_World1Tileset_palettes
    00000139 3E 01            [ 7]  295 	ld	a, #0x01
    0000013B CDr00r00         [17]  296 	call	_setBKGPalettes
    0000013E C1               [10]  297 	pop	bc
                                    298 ;src/level.c:124: SWITCH_ROM((currentAreaBank = BANK(World1Area2)));
    0000013F 3Er00            [ 7]  299 	ld	a, #<(___bank_World1Area2)
    00000141 32r0Br00         [13]  300 	ld	(_currentAreaBank+0), a
    00000144 32 FE FF         [13]  301 	ld	(_MAP_FRAME1+0), a
                                    302 ;src/level.c:126: currentLevelNonSolidTileCount=WORLD1_SOLID_TILE_COUNT;
    00000147 21r0Ar00         [10]  303 	ld	hl, #_currentLevelNonSolidTileCount
    0000014A 36 11            [10]  304 	ld	(hl), #0x11
                                    305 ;src/level.c:127: currentLevelWidth = World1Area2_WIDTH;
    0000014C 21 E0 01         [10]  306 	ld	hl, #0x01e0
    0000014F 22r00r00         [16]  307 	ld	(_currentLevelWidth), hl
                                    308 ;src/level.c:128: currentLevelHeight = World1Area2_HEIGHT;
    00000152 2E 00            [ 7]  309 	ld	l, #0x00
    00000154 22r04r00         [16]  310 	ld	(_currentLevelHeight), hl
                                    311 ;src/level.c:129: currentLevelWidthInTiles = World1Area2_WIDTH>>3;
    00000157 21 3C 00         [10]  312 	ld	hl, #0x003c
    0000015A 22r02r00         [16]  313 	ld	(_currentLevelWidthInTiles), hl
                                    314 ;src/level.c:130: currentLevelHeightInTiles = World1Area2_HEIGHT>>3;
    0000015D 2E 20            [ 7]  315 	ld	l, #0x20
    0000015F 22r06r00         [16]  316 	ld	(_currentLevelHeightInTiles), hl
                                    317 ;src/level.c:131: currentLevelMap= World1Area2_map;
    00000162 21r00r00         [10]  318 	ld	hl, #_World1Area2_map
    00000165 22r08r00         [16]  319 	ld	(_currentLevelMap), hl
                                    320 ;src/level.c:133: break;
    00000168 18 45            [12]  321 	jr	00106$
                                    322 ;src/level.c:134: case 2:
    0000016A                        323 00105$:
                                    324 ;src/level.c:139: SWITCH_ROM((BANK(World2Tileset)));
    0000016A 21 FE FF         [10]  325 	ld	hl, #_MAP_FRAME1
    0000016D 36r00            [10]  326 	ld	(hl), #<(___bank_World2Tileset)
                                    327 ;src/level.c:141: set_native_tile_data(0,World2Tileset_TILE_COUNT,World2Tileset_tiles);
    0000016F C5               [11]  328 	push	bc
    00000170 21r00r00         [10]  329 	ld	hl, #_World2Tileset_tiles
    00000173 E5               [11]  330 	push	hl
    00000174 11 46 00         [10]  331 	ld	de, #0x0046
    00000177 21 00 00         [10]  332 	ld	hl, #0x0000
    0000017A CDr00r00         [17]  333 	call	_set_native_tile_data
                                    334 ;src/level.c:142: setBKGPalettes(World2Tileset_PALETTE_COUNT,World2Tileset_palettes);
    0000017D 11r00r00         [10]  335 	ld	de, #_World2Tileset_palettes
    00000180 3E 01            [ 7]  336 	ld	a, #0x01
    00000182 CDr00r00         [17]  337 	call	_setBKGPalettes
    00000185 C1               [10]  338 	pop	bc
                                    339 ;src/level.c:147: SWITCH_ROM((currentAreaBank = BANK(World2Area1)));
    00000186 3Er00            [ 7]  340 	ld	a, #<(___bank_World2Area1)
    00000188 32r0Br00         [13]  341 	ld	(_currentAreaBank+0), a
    0000018B 32 FE FF         [13]  342 	ld	(_MAP_FRAME1+0), a
                                    343 ;src/level.c:149: currentLevelNonSolidTileCount=WORLD2_SOLID_TILE_COUNT;
    0000018E 21r0Ar00         [10]  344 	ld	hl, #_currentLevelNonSolidTileCount
    00000191 36 44            [10]  345 	ld	(hl), #0x44
                                    346 ;src/level.c:150: currentLevelWidth = World2Area1_WIDTH;
    00000193 21 E0 01         [10]  347 	ld	hl, #0x01e0
    00000196 22r00r00         [16]  348 	ld	(_currentLevelWidth), hl
                                    349 ;src/level.c:151: currentLevelHeight = World2Area1_HEIGHT;
    00000199 2E 00            [ 7]  350 	ld	l, #0x00
    0000019B 22r04r00         [16]  351 	ld	(_currentLevelHeight), hl
                                    352 ;src/level.c:152: currentLevelWidthInTiles = World2Area1_WIDTH>>3;
    0000019E 21 3C 00         [10]  353 	ld	hl, #0x003c
    000001A1 22r02r00         [16]  354 	ld	(_currentLevelWidthInTiles), hl
                                    355 ;src/level.c:153: currentLevelHeightInTiles = World2Area1_HEIGHT>>3;
    000001A4 2E 20            [ 7]  356 	ld	l, #0x20
    000001A6 22r06r00         [16]  357 	ld	(_currentLevelHeightInTiles), hl
                                    358 ;src/level.c:154: currentLevelMap= World2Area1_map;
    000001A9 21r00r00         [10]  359 	ld	hl, #_World2Area1_map
    000001AC 22r08r00         [16]  360 	ld	(_currentLevelMap), hl
                                    361 ;src/level.c:157: }
    000001AF                        362 00106$:
                                    363 ;src/level.c:159: SWITCH_ROM(_previous_bank);
    000001AF 21 FE FF         [10]  364 	ld	hl, #_MAP_FRAME1
    000001B2 71               [ 7]  365 	ld	(hl), c
                                    366 ;src/level.c:160: }
    000001B3 C9               [10]  367 	ret
                                    368 	.area _HOME
                                    369 ;--------------------------------------------------------
                                    370 ; code
                                    371 ;--------------------------------------------------------
                                    372 	.area _CODE
                                    373 	.area _CODE
                                    374 	.area _INITIALIZER
    00000000                        375 __xinit__currentLevel:
    00000000 FF                     376 	.db #0xff	; 255
    00000001                        377 __xinit__nextLevel:
    00000001 00                     378 	.db #0x00	; 0
                                    379 	.area _CABS (ABS)
