                                      1 ;--------------------------------------------------------
                                      2 ; File Created by SDCC : free open source ISO C Compiler
                                      3 ; Version 4.5.1 #15267 (Mac OS X ppc)
                                      4 ;--------------------------------------------------------
                                      5 	.module phys
                                      6 	
                                      7 ;--------------------------------------------------------
                                      8 ; Public variables in this module
                                      9 ;--------------------------------------------------------
                                     10 	.globl _main
                                     11 	.globl _set_sprite_data
                                     12 	.globl _vsync
                                     13 	.globl _joypad
                                     14 	.globl _joy
                                     15 	.globl _old_joy
                                     16 	.globl _SpdY
                                     17 	.globl _SpdX
                                     18 	.globl _PosY
                                     19 	.globl _PosX
                                     20 	.globl _sprite_data
                                     21 ;--------------------------------------------------------
                                     22 ; special function registers
                                     23 ;--------------------------------------------------------
                                     24 ;--------------------------------------------------------
                                     25 ; ram data
                                     26 ;--------------------------------------------------------
                                     27 	.area _DATA
    00000000                         28 _PosX::
    00000000                         29 	.ds 2
    00000002                         30 _PosY::
    00000002                         31 	.ds 2
    00000004                         32 _SpdX::
    00000004                         33 	.ds 2
    00000006                         34 _SpdY::
    00000006                         35 	.ds 2
    00000008                         36 _old_joy::
    00000008                         37 	.ds 1
                                     38 ;--------------------------------------------------------
                                     39 ; ram data
                                     40 ;--------------------------------------------------------
                                     41 	.area _INITIALIZED
    00000000                         42 _joy::
    00000000                         43 	.ds 1
                                     44 ;--------------------------------------------------------
                                     45 ; absolute external ram data
                                     46 ;--------------------------------------------------------
                                     47 	.area _DABS (ABS)
                                     48 ;--------------------------------------------------------
                                     49 ; global & static initialisations
                                     50 ;--------------------------------------------------------
                                     51 	.area _HOME
                                     52 	.area _GSINIT
                                     53 	.area _GSFINAL
                                     54 	.area _GSINIT
                                     55 ;--------------------------------------------------------
                                     56 ; Home
                                     57 ;--------------------------------------------------------
                                     58 	.area _HOME
                                     59 	.area _HOME
                                     60 ;--------------------------------------------------------
                                     61 ; code
                                     62 ;--------------------------------------------------------
                                     63 	.area _CODE
                                     64 ;src/phys.c:45: void main(void) {
                                     65 ;	---------------------------------
                                     66 ; Function main
                                     67 ; ---------------------------------
    00000000                         68 _main::
    00000000 3B               [ 8]   69 	dec	sp
                                     70 ;src/phys.c:48: BGP_REG = OBP0_REG = OBP1_REG = DMG_PALETTE(DMG_WHITE, DMG_LITE_GRAY, DMG_DARK_GRAY, DMG_BLACK);
    00000001 3E E4            [ 8]   71 	ld	a, #0xe4
    00000003 E0r00            [12]   72 	ldh	(_OBP1_REG + 0), a
    00000005 3E E4            [ 8]   73 	ld	a, #0xe4
    00000007 E0r00            [12]   74 	ldh	(_OBP0_REG + 0), a
    00000009 3E E4            [ 8]   75 	ld	a, #0xe4
    0000000B E0r00            [12]   76 	ldh	(_BGP_REG + 0), a
                                     77 ;src/phys.c:51: set_sprite_data(0, 4, sprite_data);
    0000000D 11rFEr01         [12]   78 	ld	de, #_sprite_data
    00000010 D5               [16]   79 	push	de
    00000011 21 00 04         [12]   80 	ld	hl, #0x400
    00000014 E5               [16]   81 	push	hl
    00000015 CDr00r00         [24]   82 	call	_set_sprite_data
    00000018 E8 04            [16]   83 	add	sp, #4
                                     84 ;../../../include/gb/gb.h:1887: shadow_OAM[nb].tile=tile;
    0000001A 21r02r00         [12]   85 	ld	hl, #(_shadow_OAM + 2)
    0000001D 36 00            [12]   86 	ld	(hl), #0x00
                                     87 ;src/phys.c:57: SHOW_BKG; SHOW_SPRITES;
    0000001F F0r00            [12]   88 	ldh	a, (_LCDC_REG + 0)
    00000021 F6 01            [ 8]   89 	or	a, #0x01
    00000023 E0r00            [12]   90 	ldh	(_LCDC_REG + 0), a
    00000025 F0r00            [12]   91 	ldh	a, (_LCDC_REG + 0)
    00000027 F6 02            [ 8]   92 	or	a, #0x02
    00000029 E0r00            [12]   93 	ldh	(_LCDC_REG + 0), a
                                     94 ;src/phys.c:59: PosX = PosY = PIXELS_TO_SUBPIXELS(64);
    0000002B 21r02r00         [12]   95 	ld	hl, #_PosY
    0000002E AF               [ 4]   96 	xor	a, a
    0000002F 22               [ 8]   97 	ld	(hl+), a
    00000030 36 04            [12]   98 	ld	(hl), #0x04
    00000032 21r00r00         [12]   99 	ld	hl, #_PosX
    00000035 AF               [ 4]  100 	xor	a, a
    00000036 22               [ 8]  101 	ld	(hl+), a
    00000037 36 04            [12]  102 	ld	(hl), #0x04
                                    103 ;src/phys.c:60: SpdX = SpdY = PIXELS_TO_SUBPIXELS(0);
    00000039 AF               [ 4]  104 	xor	a, a
    0000003A 21r06r00         [12]  105 	ld	hl, #_SpdY
    0000003D 22               [ 8]  106 	ld	(hl+), a
    0000003E 77               [ 8]  107 	ld	(hl), a
    0000003F AF               [ 4]  108 	xor	a, a
    00000040 21r04r00         [12]  109 	ld	hl, #_SpdX
    00000043 22               [ 8]  110 	ld	(hl+), a
    00000044 77               [ 8]  111 	ld	(hl), a
                                    112 ;src/phys.c:62: while(TRUE) {
    00000045                        113 00132$:
                                    114 ;src/phys.c:64: INPUT_PROCESS;
    00000045 FAr00r00         [16]  115 	ld	a, (#_joy)
    00000048 EAr08r00         [16]  116 	ld	(#_old_joy),a
    0000004B CDr00r00         [24]  117 	call	_joypad
    0000004E 21r00r00         [12]  118 	ld	hl, #_joy
    00000051 77               [ 8]  119 	ld	(hl), a
                                    120 ;src/phys.c:67: if (INPUT_KEY(J_UP)) {
    00000052 7E               [ 8]  121 	ld	a, (hl)
    00000053 F8 00            [12]  122 	ldhl	sp,	#0
    00000055 77               [ 8]  123 	ld	(hl), a
                                    124 ;src/phys.c:68: SpdY -= Y_ACCELERATION_IN_SUBPIXELS;
    00000056 FAr06r00         [16]  125 	ld	a, (_SpdY)
    00000059 5F               [ 4]  126 	ld	e, a
    0000005A 21r07r00         [12]  127 	ld	hl, #_SpdY + 1
    0000005D 56               [ 8]  128 	ld	d, (hl)
                                    129 ;src/phys.c:67: if (INPUT_KEY(J_UP)) {
    0000005E E5               [16]  130 	push	hl
    0000005F F8 02            [12]  131 	ldhl	sp,	#2
    00000061 CB 56            [12]  132 	bit	2, (hl)
    00000063 E1               [12]  133 	pop	hl
    00000064 28 2E            [12]  134 	jr	Z, 00108$
                                    135 ;src/phys.c:68: SpdY -= Y_ACCELERATION_IN_SUBPIXELS;
    00000066 1B               [ 8]  136 	dec	de
    00000067 1B               [ 8]  137 	dec	de
    00000068 21r06r00         [12]  138 	ld	hl, #_SpdY
    0000006B 7B               [ 4]  139 	ld	a, e
    0000006C 22               [ 8]  140 	ld	(hl+), a
                                    141 ;src/phys.c:69: if (SpdY < -MAX_Y_SPEED_IN_SUBPIXELS) SpdY = -MAX_Y_SPEED_IN_SUBPIXELS;
    0000006D 7A               [ 4]  142 	ld	a, d
    0000006E 32               [ 8]  143 	ld	(hl-), a
    0000006F 2A               [ 8]  144 	ld	a, (hl+)
    00000070 D6 C0            [ 8]  145 	sub	a, #0xc0
    00000072 7E               [ 8]  146 	ld	a, (hl)
    00000073 DE FF            [ 8]  147 	sbc	a, #0xff
    00000075 56               [ 8]  148 	ld	d, (hl)
    00000076 3E FF            [ 8]  149 	ld	a, #0xff
    00000078 CB 7F            [ 8]  150 	bit	7,a
    0000007A 28 07            [12]  151 	jr	Z, 00237$
    0000007C CB 7A            [ 8]  152 	bit	7, d
    0000007E 20 08            [12]  153 	jr	NZ, 00238$
    00000080 BF               [ 4]  154 	cp	a, a
    00000081 18 05            [12]  155 	jr	00238$
    00000083                        156 00237$:
    00000083 CB 7A            [ 8]  157 	bit	7, d
    00000085 28 01            [12]  158 	jr	Z, 00238$
    00000087 37               [ 4]  159 	scf
    00000088                        160 00238$:
    00000088 30 41            [12]  161 	jr	NC, 00109$
    0000008A 21r06r00         [12]  162 	ld	hl, #_SpdY
    0000008D 3E C0            [ 8]  163 	ld	a, #0xc0
    0000008F 22               [ 8]  164 	ld	(hl+), a
    00000090 36 FF            [12]  165 	ld	(hl), #0xff
    00000092 18 37            [12]  166 	jr	00109$
    00000094                        167 00108$:
                                    168 ;src/phys.c:70: } else if (INPUT_KEY(J_DOWN)) {
    00000094 E5               [16]  169 	push	hl
    00000095 F8 02            [12]  170 	ldhl	sp,	#2
    00000097 CB 5E            [12]  171 	bit	3, (hl)
    00000099 E1               [12]  172 	pop	hl
    0000009A 28 2F            [12]  173 	jr	Z, 00109$
                                    174 ;src/phys.c:71: SpdY += Y_ACCELERATION_IN_SUBPIXELS;
    0000009C 13               [ 8]  175 	inc	de
    0000009D 13               [ 8]  176 	inc	de
    0000009E 21r06r00         [12]  177 	ld	hl, #_SpdY
    000000A1 7B               [ 4]  178 	ld	a, e
    000000A2 22               [ 8]  179 	ld	(hl+), a
                                    180 ;src/phys.c:72: if (SpdY > MAX_Y_SPEED_IN_SUBPIXELS) SpdY = MAX_Y_SPEED_IN_SUBPIXELS;
    000000A3 7A               [ 4]  181 	ld	a, d
    000000A4 32               [ 8]  182 	ld	(hl-), a
    000000A5 2A               [ 8]  183 	ld	a, (hl+)
    000000A6 4F               [ 4]  184 	ld	c, a
    000000A7 46               [ 8]  185 	ld	b, (hl)
    000000A8 58               [ 4]  186 	ld	e, b
    000000A9 16 00            [ 8]  187 	ld	d, #0x00
    000000AB 3E 40            [ 8]  188 	ld	a, #0x40
    000000AD B9               [ 4]  189 	cp	a, c
    000000AE 3E 00            [ 8]  190 	ld	a, #0x00
    000000B0 98               [ 4]  191 	sbc	a, b
    000000B1 CB 7B            [ 8]  192 	bit	7, e
    000000B3 28 07            [12]  193 	jr	Z, 00240$
    000000B5 CB 7A            [ 8]  194 	bit	7, d
    000000B7 20 08            [12]  195 	jr	NZ, 00241$
    000000B9 BF               [ 4]  196 	cp	a, a
    000000BA 18 05            [12]  197 	jr	00241$
    000000BC                        198 00240$:
    000000BC CB 7A            [ 8]  199 	bit	7, d
    000000BE 28 01            [12]  200 	jr	Z, 00241$
    000000C0 37               [ 4]  201 	scf
    000000C1                        202 00241$:
    000000C1 30 08            [12]  203 	jr	NC, 00109$
    000000C3 21r06r00         [12]  204 	ld	hl, #_SpdY
    000000C6 3E 40            [ 8]  205 	ld	a, #0x40
    000000C8 22               [ 8]  206 	ld	(hl+), a
    000000C9 AF               [ 4]  207 	xor	a, a
    000000CA 77               [ 8]  208 	ld	(hl), a
    000000CB                        209 00109$:
                                    210 ;src/phys.c:75: SpdX -= X_ACCELERATION_IN_SUBPIXELS;
    000000CB FAr04r00         [16]  211 	ld	a, (_SpdX)
    000000CE 21r05r00         [12]  212 	ld	hl, #_SpdX + 1
    000000D1 46               [ 8]  213 	ld	b, (hl)
                                    214 ;src/phys.c:74: if (INPUT_KEY(J_LEFT)) {
    000000D2 E5               [16]  215 	push	hl
    000000D3 F8 02            [12]  216 	ldhl	sp,	#2
    000000D5 CB 4E            [12]  217 	bit	1, (hl)
    000000D7 E1               [12]  218 	pop	hl
    000000D8 28 31            [12]  219 	jr	Z, 00117$
                                    220 ;src/phys.c:75: SpdX -= X_ACCELERATION_IN_SUBPIXELS;
    000000DA C6 FE            [ 8]  221 	add	a, #0xfe
    000000DC 4F               [ 4]  222 	ld	c, a
    000000DD 78               [ 4]  223 	ld	a, b
    000000DE CE FF            [ 8]  224 	adc	a, #0xff
    000000E0 21r04r00         [12]  225 	ld	hl, #_SpdX
    000000E3 71               [ 8]  226 	ld	(hl), c
    000000E4 23               [ 8]  227 	inc	hl
                                    228 ;src/phys.c:76: if (SpdX < -MAX_X_SPEED_IN_SUBPIXELS) SpdX = -MAX_X_SPEED_IN_SUBPIXELS;
    000000E5 32               [ 8]  229 	ld	(hl-), a
    000000E6 2A               [ 8]  230 	ld	a, (hl+)
    000000E7 D6 C0            [ 8]  231 	sub	a, #0xc0
    000000E9 7E               [ 8]  232 	ld	a, (hl)
    000000EA DE FF            [ 8]  233 	sbc	a, #0xff
    000000EC 56               [ 8]  234 	ld	d, (hl)
    000000ED 3E FF            [ 8]  235 	ld	a, #0xff
    000000EF CB 7F            [ 8]  236 	bit	7,a
    000000F1 28 07            [12]  237 	jr	Z, 00243$
    000000F3 CB 7A            [ 8]  238 	bit	7, d
    000000F5 20 08            [12]  239 	jr	NZ, 00244$
    000000F7 BF               [ 4]  240 	cp	a, a
    000000F8 18 05            [12]  241 	jr	00244$
    000000FA                        242 00243$:
    000000FA CB 7A            [ 8]  243 	bit	7, d
    000000FC 28 01            [12]  244 	jr	Z, 00244$
    000000FE 37               [ 4]  245 	scf
    000000FF                        246 00244$:
    000000FF 30 42            [12]  247 	jr	NC, 00118$
    00000101 21r04r00         [12]  248 	ld	hl, #_SpdX
    00000104 3E C0            [ 8]  249 	ld	a, #0xc0
    00000106 22               [ 8]  250 	ld	(hl+), a
    00000107 36 FF            [12]  251 	ld	(hl), #0xff
    00000109 18 38            [12]  252 	jr	00118$
    0000010B                        253 00117$:
                                    254 ;src/phys.c:77: } else if (INPUT_KEY(J_RIGHT)) {
    0000010B E5               [16]  255 	push	hl
    0000010C F8 02            [12]  256 	ldhl	sp,	#2
    0000010E CB 46            [12]  257 	bit	0, (hl)
    00000110 E1               [12]  258 	pop	hl
    00000111 28 30            [12]  259 	jr	Z, 00118$
                                    260 ;src/phys.c:78: SpdX += X_ACCELERATION_IN_SUBPIXELS;
    00000113 4F               [ 4]  261 	ld	c, a
    00000114 03               [ 8]  262 	inc	bc
    00000115 03               [ 8]  263 	inc	bc
    00000116 21r04r00         [12]  264 	ld	hl, #_SpdX
    00000119 79               [ 4]  265 	ld	a, c
    0000011A 22               [ 8]  266 	ld	(hl+), a
                                    267 ;src/phys.c:79: if (SpdX > MAX_X_SPEED_IN_SUBPIXELS) SpdX = MAX_X_SPEED_IN_SUBPIXELS;
    0000011B 78               [ 4]  268 	ld	a, b
    0000011C 32               [ 8]  269 	ld	(hl-), a
    0000011D 2A               [ 8]  270 	ld	a, (hl+)
    0000011E 4F               [ 4]  271 	ld	c, a
    0000011F 46               [ 8]  272 	ld	b, (hl)
    00000120 58               [ 4]  273 	ld	e, b
    00000121 16 00            [ 8]  274 	ld	d, #0x00
    00000123 3E 40            [ 8]  275 	ld	a, #0x40
    00000125 B9               [ 4]  276 	cp	a, c
    00000126 3E 00            [ 8]  277 	ld	a, #0x00
    00000128 98               [ 4]  278 	sbc	a, b
    00000129 CB 7B            [ 8]  279 	bit	7, e
    0000012B 28 07            [12]  280 	jr	Z, 00246$
    0000012D CB 7A            [ 8]  281 	bit	7, d
    0000012F 20 08            [12]  282 	jr	NZ, 00247$
    00000131 BF               [ 4]  283 	cp	a, a
    00000132 18 05            [12]  284 	jr	00247$
    00000134                        285 00246$:
    00000134 CB 7A            [ 8]  286 	bit	7, d
    00000136 28 01            [12]  287 	jr	Z, 00247$
    00000138 37               [ 4]  288 	scf
    00000139                        289 00247$:
    00000139 30 08            [12]  290 	jr	NC, 00118$
    0000013B 21r04r00         [12]  291 	ld	hl, #_SpdX
    0000013E 3E 40            [ 8]  292 	ld	a, #0x40
    00000140 22               [ 8]  293 	ld	(hl+), a
    00000141 AF               [ 4]  294 	xor	a, a
    00000142 77               [ 8]  295 	ld	(hl), a
    00000143                        296 00118$:
                                    297 ;src/phys.c:82: if (INPUT_KEYPRESS(J_A)) {
    00000143 FAr08r00         [16]  298 	ld	a, (_old_joy)
    00000146 0E 00            [ 8]  299 	ld	c, #0x00
    00000148 2F               [ 4]  300 	cpl
    00000149 5F               [ 4]  301 	ld	e, a
    0000014A 79               [ 4]  302 	ld	a, c
    0000014B 2F               [ 4]  303 	cpl
    0000014C FAr00r00         [16]  304 	ld	a, (_joy)
    0000014F A3               [ 4]  305 	and	a, e
    00000150 CB 67            [ 8]  306 	bit	4, a
    00000152 28 08            [12]  307 	jr	Z, 00120$
                                    308 ;src/phys.c:83: SpdY = -JUMP_ACCELERATION_IN_SUBPIXELS;
    00000154 21r06r00         [12]  309 	ld	hl, #_SpdY
    00000157 3E E0            [ 8]  310 	ld	a, #0xe0
    00000159 22               [ 8]  311 	ld	(hl+), a
    0000015A 36 FF            [12]  312 	ld	(hl), #0xff
    0000015C                        313 00120$:
                                    314 ;src/phys.c:87: PosX += SpdX, PosY += SpdY;
    0000015C FAr00r00         [16]  315 	ld	a, (#_PosX)
    0000015F 21r04r00         [12]  316 	ld	hl, #_SpdX
    00000162 86               [ 8]  317 	add	a, (hl)
    00000163 21r00r00         [12]  318 	ld	hl, #_PosX
    00000166 22               [ 8]  319 	ld	(hl+), a
    00000167 7E               [ 8]  320 	ld	a, (hl)
    00000168 21r05r00         [12]  321 	ld	hl, #_SpdX + 1
    0000016B 8E               [ 8]  322 	adc	a, (hl)
    0000016C EAr01r00         [16]  323 	ld	(#_PosX + 1),a
    0000016F FAr02r00         [16]  324 	ld	a, (#_PosY)
    00000172 21r06r00         [12]  325 	ld	hl, #_SpdY
    00000175 86               [ 8]  326 	add	a, (hl)
    00000176 21r02r00         [12]  327 	ld	hl, #_PosY
    00000179 22               [ 8]  328 	ld	(hl+), a
    0000017A 7E               [ 8]  329 	ld	a, (hl)
    0000017B 21r07r00         [12]  330 	ld	hl, #_SpdY + 1
    0000017E 8E               [ 8]  331 	adc	a, (hl)
    0000017F 21r03r00         [12]  332 	ld	hl, #_PosY + 1
                                    333 ;src/phys.c:90: move_sprite(0, SUBPIXELS_TO_PIXELS(PosX), SUBPIXELS_TO_PIXELS(PosY));
    00000182 32               [ 8]  334 	ld	(hl-), a
    00000183 2A               [ 8]  335 	ld	a, (hl+)
    00000184 4F               [ 4]  336 	ld	c, a
    00000185 46               [ 8]  337 	ld	b, (hl)
    00000186 CB 28            [ 8]  338 	sra	b
    00000188 CB 19            [ 8]  339 	rr	c
    0000018A CB 28            [ 8]  340 	sra	b
    0000018C CB 19            [ 8]  341 	rr	c
    0000018E CB 28            [ 8]  342 	sra	b
    00000190 CB 19            [ 8]  343 	rr	c
    00000192 CB 28            [ 8]  344 	sra	b
    00000194 CB 19            [ 8]  345 	rr	c
    00000196 FAr00r00         [16]  346 	ld	a, (_PosX)
    00000199 47               [ 4]  347 	ld	b, a
    0000019A 21r01r00         [12]  348 	ld	hl, #_PosX + 1
    0000019D 5E               [ 8]  349 	ld	e, (hl)
    0000019E CB 2B            [ 8]  350 	sra	e
    000001A0 CB 18            [ 8]  351 	rr	b
    000001A2 CB 2B            [ 8]  352 	sra	e
    000001A4 CB 18            [ 8]  353 	rr	b
    000001A6 CB 2B            [ 8]  354 	sra	e
    000001A8 CB 18            [ 8]  355 	rr	b
    000001AA CB 2B            [ 8]  356 	sra	e
    000001AC CB 18            [ 8]  357 	rr	b
                                    358 ;../../../include/gb/gb.h:1973: OAM_item_t * itm = &shadow_OAM[nb];
                                    359 ;../../../include/gb/gb.h:1974: itm->y=y, itm->x=x;
    000001AE 21r00r00         [12]  360 	ld	hl, #_shadow_OAM
    000001B1 79               [ 4]  361 	ld	a, c
    000001B2 22               [ 8]  362 	ld	(hl+), a
    000001B3 70               [ 8]  363 	ld	(hl), b
                                    364 ;src/phys.c:93: if (SpdY < 0) SpdY++; else if (SpdY) SpdY--;
    000001B4 FAr06r00         [16]  365 	ld	a, (_SpdY)
    000001B7 21r07r00         [12]  366 	ld	hl, #_SpdY + 1
    000001BA CB 7E            [12]  367 	bit	7, (hl)
    000001BC 28 08            [12]  368 	jr	Z, 00124$
    000001BE 2B               [ 8]  369 	dec	hl
    000001BF 34               [12]  370 	inc	(hl)
    000001C0 20 13            [12]  371 	jr	NZ, 00125$
    000001C2 23               [ 8]  372 	inc	hl
    000001C3 34               [12]  373 	inc	(hl)
    000001C4 18 0F            [12]  374 	jr	00125$
    000001C6                        375 00124$:
    000001C6 21r07r00         [12]  376 	ld	hl, #_SpdY + 1
    000001C9 3A               [ 8]  377 	ld	a, (hl-)
    000001CA B6               [ 8]  378 	or	a, (hl)
    000001CB 28 08            [12]  379 	jr	Z, 00125$
    000001CD 2A               [ 8]  380 	ld	a, (hl+)
    000001CE 5F               [ 4]  381 	ld	e, a
    000001CF 3A               [ 8]  382 	ld	a, (hl-)
    000001D0 57               [ 4]  383 	ld	d, a
    000001D1 1B               [ 8]  384 	dec	de
    000001D2 7B               [ 4]  385 	ld	a, e
    000001D3 22               [ 8]  386 	ld	(hl+), a
    000001D4 72               [ 8]  387 	ld	(hl), d
    000001D5                        388 00125$:
                                    389 ;src/phys.c:94: if (SpdX < 0) SpdX++; else if (SpdX) SpdX--;
    000001D5 FAr04r00         [16]  390 	ld	a, (_SpdX)
    000001D8 21r05r00         [12]  391 	ld	hl, #_SpdX + 1
    000001DB CB 7E            [12]  392 	bit	7, (hl)
    000001DD 28 08            [12]  393 	jr	Z, 00129$
    000001DF 2B               [ 8]  394 	dec	hl
    000001E0 34               [12]  395 	inc	(hl)
    000001E1 20 13            [12]  396 	jr	NZ, 00130$
    000001E3 23               [ 8]  397 	inc	hl
    000001E4 34               [12]  398 	inc	(hl)
    000001E5 18 0F            [12]  399 	jr	00130$
    000001E7                        400 00129$:
    000001E7 21r05r00         [12]  401 	ld	hl, #_SpdX + 1
    000001EA 3A               [ 8]  402 	ld	a, (hl-)
    000001EB B6               [ 8]  403 	or	a, (hl)
    000001EC 28 08            [12]  404 	jr	Z, 00130$
    000001EE 2A               [ 8]  405 	ld	a, (hl+)
    000001EF 5F               [ 4]  406 	ld	e, a
    000001F0 3A               [ 8]  407 	ld	a, (hl-)
    000001F1 57               [ 4]  408 	ld	d, a
    000001F2 1B               [ 8]  409 	dec	de
    000001F3 7B               [ 4]  410 	ld	a, e
    000001F4 22               [ 8]  411 	ld	(hl+), a
    000001F5 72               [ 8]  412 	ld	(hl), d
    000001F6                        413 00130$:
                                    414 ;src/phys.c:97: vsync();
    000001F6 CDr00r00         [24]  415 	call	_vsync
    000001F9 C3r45r00         [16]  416 	jp	00132$
                                    417 ;src/phys.c:99: }
    000001FC 33               [ 8]  418 	inc	sp
    000001FD C9               [16]  419 	ret
    000001FE                        420 _sprite_data:
    000001FE 3C                     421 	.db #0x3c	; 60
    000001FF 3C                     422 	.db #0x3c	; 60
    00000200 42                     423 	.db #0x42	; 66	'B'
    00000201 7E                     424 	.db #0x7e	; 126
    00000202 99                     425 	.db #0x99	; 153
    00000203 FF                     426 	.db #0xff	; 255
    00000204 A9                     427 	.db #0xa9	; 169
    00000205 FF                     428 	.db #0xff	; 255
    00000206 89                     429 	.db #0x89	; 137
    00000207 FF                     430 	.db #0xff	; 255
    00000208 89                     431 	.db #0x89	; 137
    00000209 FF                     432 	.db #0xff	; 255
    0000020A 42                     433 	.db #0x42	; 66	'B'
    0000020B 7E                     434 	.db #0x7e	; 126
    0000020C 3C                     435 	.db #0x3c	; 60
    0000020D 3C                     436 	.db #0x3c	; 60
    0000020E 3C                     437 	.db #0x3c	; 60
    0000020F 3C                     438 	.db #0x3c	; 60
    00000210 42                     439 	.db #0x42	; 66	'B'
    00000211 7E                     440 	.db #0x7e	; 126
    00000212 B9                     441 	.db #0xb9	; 185
    00000213 FF                     442 	.db #0xff	; 255
    00000214 89                     443 	.db #0x89	; 137
    00000215 FF                     444 	.db #0xff	; 255
    00000216 91                     445 	.db #0x91	; 145
    00000217 FF                     446 	.db #0xff	; 255
    00000218 B9                     447 	.db #0xb9	; 185
    00000219 FF                     448 	.db #0xff	; 255
    0000021A 42                     449 	.db #0x42	; 66	'B'
    0000021B 7E                     450 	.db #0x7e	; 126
    0000021C 3C                     451 	.db #0x3c	; 60
    0000021D 3C                     452 	.db #0x3c	; 60
    0000021E 3C                     453 	.db #0x3c	; 60
    0000021F 3C                     454 	.db #0x3c	; 60
    00000220 42                     455 	.db #0x42	; 66	'B'
    00000221 7E                     456 	.db #0x7e	; 126
    00000222 99                     457 	.db #0x99	; 153
    00000223 FF                     458 	.db #0xff	; 255
    00000224 89                     459 	.db #0x89	; 137
    00000225 FF                     460 	.db #0xff	; 255
    00000226 99                     461 	.db #0x99	; 153
    00000227 FF                     462 	.db #0xff	; 255
    00000228 89                     463 	.db #0x89	; 137
    00000229 FF                     464 	.db #0xff	; 255
    0000022A 5A                     465 	.db #0x5a	; 90	'Z'
    0000022B 7E                     466 	.db #0x7e	; 126
    0000022C 3C                     467 	.db #0x3c	; 60
    0000022D 3C                     468 	.db #0x3c	; 60
    0000022E 3C                     469 	.db #0x3c	; 60
    0000022F 3C                     470 	.db #0x3c	; 60
    00000230 42                     471 	.db #0x42	; 66	'B'
    00000231 7E                     472 	.db #0x7e	; 126
    00000232 A9                     473 	.db #0xa9	; 169
    00000233 FF                     474 	.db #0xff	; 255
    00000234 A9                     475 	.db #0xa9	; 169
    00000235 FF                     476 	.db #0xff	; 255
    00000236 B9                     477 	.db #0xb9	; 185
    00000237 FF                     478 	.db #0xff	; 255
    00000238 89                     479 	.db #0x89	; 137
    00000239 FF                     480 	.db #0xff	; 255
    0000023A 42                     481 	.db #0x42	; 66	'B'
    0000023B 7E                     482 	.db #0x7e	; 126
    0000023C 3C                     483 	.db #0x3c	; 60
    0000023D 3C                     484 	.db #0x3c	; 60
                                    485 	.area _CODE
                                    486 	.area _INITIALIZER
    00000000                        487 __xinit__joy:
    00000000 00                     488 	.db #0x00	; 0
                                    489 	.area _CABS (ABS)
