                                      1 ;--------------------------------------------------------
                                      2 ; File Created by SDCC : free open source ISO C Compiler
                                      3 ; Version 4.5.1 #15267 (Mac OS X ppc)
                                      4 ;--------------------------------------------------------
                                      5 	.module level
                                      6 	
                                      7 ;; Ordering of segments for the linker.
                                      8 	.area _ZP      (PAG)
                                      9 	.area _OSEG    (PAG, OVR)
                                     10 	.area _HOME
                                     11 	.area _GSINIT
                                     12 	.area _GSFINAL
                                     13 	.area _CODE
                                     14 	.area _XINIT
                                     15 	.area _DATA
                                     16 	.area _DATA
                                     17 	.area _BSS
                                     18 ;--------------------------------------------------------
                                     19 ; Public variables in this module
                                     20 ;--------------------------------------------------------
                                     21 	.globl _SetupCurrentLevel
                                     22 	.globl _IsTileSolid
                                     23 	.globl _setBKGPalettes
                                     24 	.globl __switch_prg0
                                     25 	.globl _set_bkg_native_data
                                     26 	.globl _set_bkg_attribute_xy_nes16x16
                                     27 	.globl _nextLevel
                                     28 	.globl _currentLevel
                                     29 	.globl _IsTileSolid_PARM_2
                                     30 	.globl _currentAreaBank
                                     31 	.globl _currentLevelNonSolidTileCount
                                     32 	.globl _currentLevelMap
                                     33 	.globl _currentLevelHeightInTiles
                                     34 	.globl _currentLevelHeight
                                     35 	.globl _currentLevelWidthInTiles
                                     36 	.globl _currentLevelWidth
                                     37 	.globl _OAMDMA
                                     38 	.globl _PPUDATA
                                     39 	.globl _PPUADDR
                                     40 	.globl _PPUSCROLL
                                     41 	.globl _OAMDATA
                                     42 	.globl _OAMADDR
                                     43 	.globl _PPUSTATUS
                                     44 	.globl _PPUMASK
                                     45 	.globl _PPUCTRL
                                     46 ;--------------------------------------------------------
                                     47 ; ZP ram data
                                     48 ;--------------------------------------------------------
                                     49 	.area _ZP      (PAG)
    00000000                         50 _IsTileSolid_sloc0_1_0:
    00000000                         51 	.ds 2
    00000002                         52 _SetupCurrentLevel_sloc0_1_0:
    00000002                         53 	.ds 1
    00000003                         54 _SetupCurrentLevel_sloc1_1_0:
    00000003                         55 	.ds 1
                                     56 ;--------------------------------------------------------
                                     57 ; overlayable items in ram
                                     58 ;--------------------------------------------------------
                                     59 ;--------------------------------------------------------
                                     60 ; uninitialized external ram data
                                     61 ;--------------------------------------------------------
                                     62 	.area _BSS
                         00002000    63 _PPUCTRL	=	0x2000
                         00002001    64 _PPUMASK	=	0x2001
                         00002002    65 _PPUSTATUS	=	0x2002
                         00002003    66 _OAMADDR	=	0x2003
                         00002004    67 _OAMDATA	=	0x2004
                         00002005    68 _PPUSCROLL	=	0x2005
                         00002006    69 _PPUADDR	=	0x2006
                         00002007    70 _PPUDATA	=	0x2007
                         00004014    71 _OAMDMA	=	0x4014
    00000000                         72 _currentLevelWidth::
    00000000                         73 	.ds 2
    00000002                         74 _currentLevelWidthInTiles::
    00000002                         75 	.ds 2
    00000004                         76 _currentLevelHeight::
    00000004                         77 	.ds 2
    00000006                         78 _currentLevelHeightInTiles::
    00000006                         79 	.ds 2
    00000008                         80 _currentLevelMap::
    00000008                         81 	.ds 2
    0000000A                         82 _currentLevelNonSolidTileCount::
    0000000A                         83 	.ds 1
    0000000B                         84 _currentAreaBank::
    0000000B                         85 	.ds 1
    0000000C                         86 _IsTileSolid_PARM_2:
    0000000C                         87 	.ds 2
    0000000E                         88 _IsTileSolid__previous_bank_10000_130:
    0000000E                         89 	.ds 1
    0000000F                         90 _IsTileSolid_column_10001_131:
    0000000F                         91 	.ds 2
    00000011                         92 _IsTileSolid_row_10001_131:
    00000011                         93 	.ds 2
    00000013                         94 _SetupCurrentLevel__previous_bank_10000_136:
    00000013                         95 	.ds 1
                                     96 ;--------------------------------------------------------
                                     97 ; absolute external ram data
                                     98 ;--------------------------------------------------------
                                     99 	.area _DABS    (ABS)
                                    100 ;--------------------------------------------------------
                                    101 ; initialized external ram data
                                    102 ;--------------------------------------------------------
                                    103 	.area _DATA
    00000000                        104 _currentLevel::
    00000000                        105 	.ds 1
    00000001                        106 _nextLevel::
    00000001                        107 	.ds 1
                                    108 ;--------------------------------------------------------
                                    109 ; global & static initialisations
                                    110 ;--------------------------------------------------------
                                    111 	.area _HOME
                                    112 	.area _GSINIT
                                    113 	.area _GSFINAL
                                    114 	.area _GSINIT
                                    115 ;--------------------------------------------------------
                                    116 ; Home
                                    117 ;--------------------------------------------------------
                                    118 	.area _HOME
                                    119 ;	src/level.c: 40: uint8_t IsTileSolid(uint16_t worldX,uint16_t worldY) NONBANKED{
                                    120 ;	genLabel
                                    121 ;	Raw cost for generated ic 0 : (0, 0.000000) count=1.000000
                                    122 ;	-----------------------------------------
                                    123 ;	 function IsTileSolid
                                    124 ;	-----------------------------------------
                                    125 ;	Register assignment is optimal.
                                    126 ;	Stack space usage: 0 bytes.
    00000000                        127 _IsTileSolid:
                                    128 ;	Raw cost for generated ic 1 : (0, 0.000000) count=1.000000
                                    129 ;	genReceive
                                    130 ;	Raw cost for generated ic 2 : (0, 0.000000) count=1.000000
                                    131 ;	src/level.c: 42: uint8_t _previous_bank = CURRENT_BANK;
                                    132 ;	genAssign
                                    133 ;	genAssignLit
                                    134 ;	genCopy
    00000000 ACr00r00         [ 4]  135 	ldy	__current_bank
    00000003 8Cr0Er00         [ 4]  136 	sty	_IsTileSolid__previous_bank_10000_130
                                    137 ;	Raw cost for generated ic 3 : (6, 8.000000) count=1.000000
                                    138 ;	src/level.c: 44: SWITCH_ROM(currentAreaBank);
                                    139 ;	Raw cost for generated ic 4 : (0, 0.000000) count=1.000000
                                    140 ;	genCall
    00000006 48               [ 3]  141 	pha
    00000007 85*00            [ 3]  142 	sta	*(REGTEMP+0)
    00000009 8A               [ 2]  143 	txa
    0000000A 48               [ 3]  144 	pha
                                    145 ;	genSend
    0000000B ADr0Br00         [ 4]  146 	lda	_currentAreaBank
    0000000E 20r00r00         [ 6]  147 	jsr	__switch_prg0
    00000011 68               [ 4]  148 	pla
    00000012 AA               [ 2]  149 	tax
    00000013 68               [ 4]  150 	pla
                                    151 ;	Raw cost for generated ic 5 : (16, 34.000000) count=1.000000
                                    152 ;	src/level.c: 47: uint16_t column = worldX>>3;
                                    153 ;	genRightShift
                                    154 ;	genRightShiftLiteral
                                    155 ;	genrshTwo
    00000014 86*00            [ 3]  156 	stx	*(REGTEMP+0)
    00000016 46*00            [ 5]  157 	lsr	*(REGTEMP+0)
    00000018 6A               [ 2]  158 	ror	a
    00000019 46*00            [ 5]  159 	lsr	*(REGTEMP+0)
    0000001B 6A               [ 2]  160 	ror	a
    0000001C 46*00            [ 5]  161 	lsr	*(REGTEMP+0)
    0000001E 6A               [ 2]  162 	ror	a
    0000001F A6*00            [ 3]  163 	ldx	*(REGTEMP+0)
    00000021 8Dr0Fr00         [ 4]  164 	sta	_IsTileSolid_column_10001_131
    00000024 8Er10r00         [ 4]  165 	stx	(_IsTileSolid_column_10001_131 + 1)
                                    166 ;	Raw cost for generated ic 6 : (19, 35.000000) count=1.000000
                                    167 ;	src/level.c: 48: uint16_t row = worldY>>3;
                                    168 ;	genRightShift
                                    169 ;	genRightShiftLiteral
                                    170 ;	genrshTwo
    00000027 AEr0Dr00         [ 4]  171 	ldx	(_IsTileSolid_PARM_2 + 1)
    0000002A ADr0Cr00         [ 4]  172 	lda	_IsTileSolid_PARM_2
    0000002D 86*00            [ 3]  173 	stx	*(REGTEMP+0)
    0000002F 46*00            [ 5]  174 	lsr	*(REGTEMP+0)
    00000031 6A               [ 2]  175 	ror	a
    00000032 46*00            [ 5]  176 	lsr	*(REGTEMP+0)
    00000034 6A               [ 2]  177 	ror	a
    00000035 46*00            [ 5]  178 	lsr	*(REGTEMP+0)
    00000037 6A               [ 2]  179 	ror	a
    00000038 A6*00            [ 3]  180 	ldx	*(REGTEMP+0)
    0000003A 8Dr11r00         [ 4]  181 	sta	_IsTileSolid_row_10001_131
    0000003D 8Er12r00         [ 4]  182 	stx	(_IsTileSolid_row_10001_131 + 1)
                                    183 ;	Raw cost for generated ic 8 : (25, 43.000000) count=1.000000
                                    184 ;	src/level.c: 50: uint16_t worldMaxRow = currentLevelHeight>>3;
                                    185 ;	genRightShift
                                    186 ;	genRightShiftLiteral
                                    187 ;	genrshTwo
    00000040 AEr05r00         [ 4]  188 	ldx	(_currentLevelHeight + 1)
    00000043 ADr04r00         [ 4]  189 	lda	_currentLevelHeight
    00000046 86*00            [ 3]  190 	stx	*(REGTEMP+0)
    00000048 46*00            [ 5]  191 	lsr	*(REGTEMP+0)
    0000004A 6A               [ 2]  192 	ror	a
    0000004B 46*00            [ 5]  193 	lsr	*(REGTEMP+0)
    0000004D 6A               [ 2]  194 	ror	a
    0000004E 46*00            [ 5]  195 	lsr	*(REGTEMP+0)
    00000050 6A               [ 2]  196 	ror	a
    00000051 A6*00            [ 3]  197 	ldx	*(REGTEMP+0)
                                    198 ;	Raw cost for generated ic 10 : (19, 35.000000) count=1.000000
                                    199 ;	src/level.c: 55: if(row>worldMaxRow||column>=currentLevelWidthInTiles){
                                    200 ;	genCmp
    00000053 38               [ 2]  201 	sec
    00000054 EDr11r00         [ 4]  202 	sbc	_IsTileSolid_row_10001_131
    00000057 8A               [ 2]  203 	txa
    00000058 EDr12r00         [ 4]  204 	sbc	(_IsTileSolid_row_10001_131 + 1)
    0000005B 90 0F            [ 4]  205 	bcc	00101$
                                    206 ;	Raw cost for generated ic 12 : (13, 17.600000) count=1.000000
                                    207 ;	skipping generated iCode
                                    208 ;	Raw cost for generated ic 13 : (0, 0.000000) count=1.000000
                                    209 ;	genCmp
    0000005D ADr0Fr00         [ 4]  210 	lda	_IsTileSolid_column_10001_131
    00000060 38               [ 2]  211 	sec
    00000061 EDr02r00         [ 4]  212 	sbc	_currentLevelWidthInTiles
    00000064 ADr10r00         [ 4]  213 	lda	(_IsTileSolid_column_10001_131 + 1)
    00000067 EDr03r00         [ 4]  214 	sbc	(_currentLevelWidthInTiles + 1)
    0000006A 90 09            [ 4]  215 	bcc	00102$
                                    216 ;	Raw cost for generated ic 16 : (18, 23.600000) count=0.750000
                                    217 ;	skipping generated iCode
                                    218 ;	Raw cost for generated ic 17 : (0, 0.000000) count=0.750000
                                    219 ;	genLabel
    0000006C                        220 00101$:
                                    221 ;	Raw cost for generated ic 19 : (0, 0.000000) count=0.812500
                                    222 ;	src/level.c: 57: SWITCH_ROM(_previous_bank);
                                    223 ;	Raw cost for generated ic 20 : (0, 0.000000) count=0.812500
                                    224 ;	genCall
                                    225 ;	genSend
    0000006C ADr0Er00         [ 4]  226 	lda	_IsTileSolid__previous_bank_10000_130
    0000006F 20r00r00         [ 6]  227 	jsr	__switch_prg0
                                    228 ;	Raw cost for generated ic 21 : (6, 10.000000) count=0.812500
                                    229 ;	src/level.c: 58: return TRUE;
                                    230 ;	genRet
    00000072 A9 01            [ 2]  231 	lda	#0x01
    00000074 60               [ 6]  232 	rts
                                    233 ;	Raw cost for generated ic 22 : (5, 5.000000) count=0.812500
                                    234 ;	genLabel
    00000075                        235 00102$:
                                    236 ;	Raw cost for generated ic 23 : (0, 0.000000) count=1.000000
                                    237 ;	src/level.c: 61: uint16_t index = column + row* currentLevelWidthInTiles;
                                    238 ;	genAssign
                                    239 ;	genAssignLit
                                    240 ;	genCopy
    00000075 ADr03r00         [ 4]  241 	lda	(_currentLevelWidthInTiles + 1)
    00000078 8Dr01r00         [ 4]  242 	sta	(__mulint_PARM_2 + 1)
    0000007B ADr02r00         [ 4]  243 	lda	_currentLevelWidthInTiles
    0000007E 8Dr00r00         [ 4]  244 	sta	__mulint_PARM_2
                                    245 ;	Raw cost for generated ic 37 : (12, 16.000000) count=1.000000
                                    246 ;	Raw cost for generated ic 36 : (0, 0.000000) count=1.000000
                                    247 ;	genCall
                                    248 ;	genSend
    00000081 AEr12r00         [ 4]  249 	ldx	(_IsTileSolid_row_10001_131 + 1)
    00000084 ADr11r00         [ 4]  250 	lda	_IsTileSolid_row_10001_131
    00000087 20r00r00         [ 6]  251 	jsr	__mulint
                                    252 ;	assignResultValue
                                    253 ;	Raw cost for generated ic 38 : (9, 14.000000) count=1.000000
                                    254 ;	genPlus
                                    255 ;	genPlusIncr
    0000008A 18               [ 2]  256 	clc
    0000008B 6Dr0Fr00         [ 4]  257 	adc	_IsTileSolid_column_10001_131
    0000008E 48               [ 3]  258 	pha
    0000008F 8A               [ 2]  259 	txa
    00000090 6Dr10r00         [ 4]  260 	adc	(_IsTileSolid_column_10001_131 + 1)
    00000093 AA               [ 2]  261 	tax
    00000094 68               [ 4]  262 	pla
                                    263 ;	Raw cost for generated ic 25 : (11, 21.000000) count=1.000000
                                    264 ;	src/level.c: 63: uint8_t tile = currentLevelMap[index];
                                    265 ;	genPlus
                                    266 ;	genPlusIncr
    00000095 18               [ 2]  267 	clc
    00000096 6Dr08r00         [ 4]  268 	adc	_currentLevelMap
    00000099 85*00            [ 3]  269 	sta	*_IsTileSolid_sloc0_1_0
    0000009B 8A               [ 2]  270 	txa
    0000009C 6Dr09r00         [ 4]  271 	adc	(_currentLevelMap + 1)
    0000009F 85*01            [ 3]  272 	sta	*(_IsTileSolid_sloc0_1_0 + 1)
                                    273 ;	Raw cost for generated ic 27 : (12, 18.000000) count=1.000000
                                    274 ;	genPointerGet
    000000A1 A0 00            [ 2]  275 	ldy	#0x00
    000000A3 B1*00            [ 6]  276 	lda	[*_IsTileSolid_sloc0_1_0],y
                                    277 ;	Raw cost for generated ic 28 : (4, 7.000000) count=1.000000
                                    278 ;	src/level.c: 65: SWITCH_ROM(_previous_bank);
                                    279 ;	Raw cost for generated ic 30 : (0, 0.000000) count=1.000000
                                    280 ;	genCall
    000000A5 48               [ 3]  281 	pha
                                    282 ;	genSend
    000000A6 ADr0Er00         [ 4]  283 	lda	_IsTileSolid__previous_bank_10000_130
    000000A9 20r00r00         [ 6]  284 	jsr	__switch_prg0
    000000AC 68               [ 4]  285 	pla
                                    286 ;	Raw cost for generated ic 31 : (8, 17.000000) count=1.000000
                                    287 ;	src/level.c: 67: return tile<currentLevelNonSolidTileCount;
                                    288 ;	genCmp
    000000AD CDr0Ar00         [ 4]  289 	cmp	_currentLevelNonSolidTileCount
    000000B0 90 03            [ 4]  290 	bcc	00114$
    000000B2 A9 00            [ 2]  291 	lda	#0x00
    000000B4 60               [ 6]  292 	rts
    000000B5                        293 00114$:
    000000B5 A9 01            [ 2]  294 	lda	#0x01
                                    295 ;	Raw cost for generated ic 32 : (12, 13.600000) count=1.000000
                                    296 ;	genRet
                                    297 ;	Raw cost for generated ic 33 : (0, 0.000000) count=1.000000
                                    298 ;	genLabel
                                    299 ;	Raw cost for generated ic 34 : (0, 0.000000) count=1.000000
                                    300 ;	src/level.c: 68: }
                                    301 ;	genEndFunction
    000000B7 60               [ 6]  302 	rts
                                    303 ;	Raw cost for generated ic 35 : (1, 6.000000) count=1.000000
                                    304 ;	src/level.c: 72: void SetupCurrentLevel(void) NONBANKED{
                                    305 ;	genLabel
                                    306 ;	Raw cost for generated ic 0 : (0, 0.000000) count=1.000000
                                    307 ;	-----------------------------------------
                                    308 ;	 function SetupCurrentLevel
                                    309 ;	-----------------------------------------
                                    310 ;	Register assignment is optimal.
                                    311 ;	Stack space usage: 0 bytes.
    000000B8                        312 _SetupCurrentLevel:
                                    313 ;	Raw cost for generated ic 1 : (0, 0.000000) count=1.000000
                                    314 ;	src/level.c: 74: uint8_t _previous_bank = CURRENT_BANK;
                                    315 ;	genAssign
                                    316 ;	genAssignLit
                                    317 ;	genCopy
    000000B8 ADr00r00         [ 4]  318 	lda	__current_bank
    000000BB 8Dr13r00         [ 4]  319 	sta	_SetupCurrentLevel__previous_bank_10000_136
                                    320 ;	Raw cost for generated ic 2 : (6, 8.000000) count=1.000000
                                    321 ;	src/level.c: 76: for(uint8_t i=0;i<DEVICE_SCREEN_BUFFER_WIDTH;i++){
                                    322 ;	genAssign
                                    323 ;	genAssignLit
    000000BE A2 00            [ 2]  324 	ldx	#0x00
    000000C0 86*02            [ 3]  325 	stx	*_SetupCurrentLevel_sloc0_1_0
                                    326 ;	Raw cost for generated ic 287 : (4, 5.000000) count=1.000000
                                    327 ;	genLabel
    000000C2                        328 00130$:
                                    329 ;	Raw cost for generated ic 4 : (0, 0.000000) count=3.969304
                                    330 ;	genCmp
    000000C2 A5*02            [ 3]  331 	lda	*_SetupCurrentLevel_sloc0_1_0
    000000C4 C9 20            [ 2]  332 	cmp	#0x20
    000000C6 B0 2D            [ 4]  333 	bcs	00102$
                                    334 ;	Raw cost for generated ic 5 : (9, 10.600000) count=3.969304
                                    335 ;	skipping generated iCode
                                    336 ;	Raw cost for generated ic 6 : (0, 0.000000) count=3.969304
                                    337 ;	src/level.c: 77: for(uint8_t j=0;j<DEVICE_SCREEN_BUFFER_HEIGHT;j++){
                                    338 ;	genRightShift
                                    339 ;	genRightShiftLiteral
                                    340 ;	genrshOne
    000000C8 A5*02            [ 3]  341 	lda	*_SetupCurrentLevel_sloc0_1_0
    000000CA 4A               [ 2]  342 	lsr	a
    000000CB 85*03            [ 3]  343 	sta	*_SetupCurrentLevel_sloc1_1_0
                                    344 ;	Raw cost for generated ic 21 : (5, 8.000000) count=2.976978
                                    345 ;	genAssign
                                    346 ;	genAssignLit
                                    347 ;	genCopy
    000000CD A0 00            [ 2]  348 	ldy	#0x00
                                    349 ;	Raw cost for generated ic 284 : (2, 2.000000) count=2.976978
                                    350 ;	genLabel
    000000CF                        351 00127$:
                                    352 ;	Raw cost for generated ic 10 : (0, 0.000000) count=11.884892
                                    353 ;	genCmp
    000000CF C0 1E            [ 2]  354 	cpy	#0x1e
    000000D1 B0 1D            [ 4]  355 	bcs	00131$
                                    356 ;	Raw cost for generated ic 11 : (7, 7.600000) count=11.884892
                                    357 ;	skipping generated iCode
                                    358 ;	Raw cost for generated ic 12 : (0, 0.000000) count=11.884892
                                    359 ;	../../../include/nes/nes.h: 947: set_bkg_attribute_xy_nes16x16(x >> 1, y >> 1, a);
                                    360 ;	genRightShift
                                    361 ;	genRightShiftLiteral
                                    362 ;	genrshOne
    000000D3 98               [ 2]  363 	tya
    000000D4 4A               [ 2]  364 	lsr	a
                                    365 ;	Raw cost for generated ic 22 : (2, 4.000000) count=8.913667
                                    366 ;	genAssign
                                    367 ;	genAssignLit
    000000D5 A2 00            [ 2]  368 	ldx	#0x00
    000000D7 8Er00r00         [ 4]  369 	stx	_set_bkg_attribute_xy_nes16x16_PARM_3
                                    370 ;	Raw cost for generated ic 25 : (5, 6.000000) count=8.913667
                                    371 ;	Raw cost for generated ic 23 : (0, 0.000000) count=8.913667
                                    372 ;	Raw cost for generated ic 24 : (0, 0.000000) count=8.913667
                                    373 ;	genCall
    000000DA 85*00            [ 3]  374 	sta	*(REGTEMP+0)
    000000DC 98               [ 2]  375 	tya
    000000DD 48               [ 3]  376 	pha
    000000DE A5*00            [ 3]  377 	lda	*(REGTEMP+0)
                                    378 ;	genSend
    000000E0 AA               [ 2]  379 	tax
    000000E1 A5*03            [ 3]  380 	lda	*_SetupCurrentLevel_sloc1_1_0
    000000E3 20r00r00         [ 6]  381 	jsr	_set_bkg_attribute_xy_nes16x16
    000000E6 85*00            [ 3]  382 	sta	*(REGTEMP+0)
    000000E8 68               [ 4]  383 	pla
    000000E9 A8               [ 2]  384 	tay
    000000EA A5*00            [ 3]  385 	lda	*(REGTEMP+0)
                                    386 ;	Raw cost for generated ic 26 : (18, 34.000000) count=8.913667
                                    387 ;	src/level.c: 77: for(uint8_t j=0;j<DEVICE_SCREEN_BUFFER_HEIGHT;j++){
                                    388 ;	genPlus
                                    389 ;	genPlusIncr
    000000EC C8               [ 2]  390 	iny
                                    391 ;	Raw cost for generated ic 30 : (1, 2.000000) count=8.913667
                                    392 ;	genGoto
    000000ED 4CrCFr00         [ 3]  393 	jmp	00127$
                                    394 ;	Raw cost for generated ic 32 : (3, 3.000000) count=8.913667
                                    395 ;	genLabel
    000000F0                        396 00131$:
                                    397 ;	Raw cost for generated ic 34 : (0, 0.000000) count=2.971223
                                    398 ;	src/level.c: 76: for(uint8_t i=0;i<DEVICE_SCREEN_BUFFER_WIDTH;i++){
                                    399 ;	genPlus
                                    400 ;	genPlusIncr
    000000F0 E6*02            [ 5]  401 	inc	*_SetupCurrentLevel_sloc0_1_0
                                    402 ;	Raw cost for generated ic 36 : (2, 5.000000) count=2.971223
                                    403 ;	genGoto
    000000F2 4CrC2r00         [ 3]  404 	jmp	00130$
                                    405 ;	Raw cost for generated ic 38 : (3, 3.000000) count=2.971223
                                    406 ;	genLabel
    000000F5                        407 00102$:
                                    408 ;	Raw cost for generated ic 39 : (0, 0.000000) count=0.992326
                                    409 ;	src/level.c: 85: switch(currentLevel % 3){
                                    410 ;	genCast
                                    411 ;	genCopy
    000000F5 ADr00r00         [ 4]  412 	lda	_currentLevel
                                    413 ;	Raw cost for generated ic 40 : (3, 4.000000) count=0.992326
                                    414 ;	Raw cost for generated ic 298 : (0, 0.000000) count=0.992326
                                    415 ;	Raw cost for generated ic 299 : (0, 0.000000) count=0.992326
                                    416 ;	genCall
                                    417 ;	genSend
    000000F8 A2 03            [ 2]  418 	ldx	#0x03
    000000FA 20r00r00         [ 6]  419 	jsr	__moduchar
                                    420 ;	assignResultValue
                                    421 ;	Raw cost for generated ic 300 : (5, 8.000000) count=0.992326
                                    422 ;	genCast
                                    423 ;	genCopy
    000000FD A2 00            [ 2]  424 	ldx	#0x00
                                    425 ;	Raw cost for generated ic 291 : (2, 2.000000) count=0.992326
                                    426 ;	genJumpTab
    000000FF A8               [ 2]  427 	tay
    00000100 B9r0Dr01         [ 5]  428 	lda	00172$,y
    00000103 85*00            [ 3]  429 	sta	*(REGTEMP+0)
    00000105 B9r10r01         [ 5]  430 	lda	00173$,y
    00000108 85*01            [ 3]  431 	sta	*(REGTEMP+1)
    0000010A 6Cr00r00         [ 5]  432 	jmp	[REGTEMP+0]
    0000010D                        433 00172$:
    0000010Dr13                     434 	.db	00103$
    0000010Er78                     435 	.db	00104$
    0000010FrE0                     436 	.db	00105$
    00000110                        437 00173$:
    00000110s01                     438 	.db	>00103$
    00000111s01                     439 	.db	>00104$
    00000112s01                     440 	.db	>00105$
                                    441 ;	Raw cost for generated ic 46 : (20, 21.000000) count=0.992326
                                    442 ;	src/level.c: 86: case 0:
                                    443 ;	genLabel
    00000113                        444 00103$:
                                    445 ;	Raw cost for generated ic 47 : (0, 0.000000) count=0.325538
                                    446 ;	src/level.c: 92: SWITCH_ROM(( BANK(World1Tileset)));
                                    447 ;	skipping iCode since result will be rematerialized
                                    448 ;	Raw cost for generated ic 48 : (0, 0.000000) count=0.325538
                                    449 ;	genCast
                                    450 ;	genCopy
    00000113 A9r00            [ 2]  451 	lda	#___bank_World1Tileset
                                    452 ;	Raw cost for generated ic 49 : (2, 2.000000) count=0.325538
                                    453 ;	Raw cost for generated ic 50 : (0, 0.000000) count=0.325538
                                    454 ;	genCall
                                    455 ;	genSend
    00000115 20r00r00         [ 6]  456 	jsr	__switch_prg0
                                    457 ;	Raw cost for generated ic 51 : (3, 6.000000) count=0.325538
                                    458 ;	src/level.c: 94: set_native_tile_data(0,World1Tileset_TILE_COUNT,World1Tileset_tiles);
                                    459 ;	skipping iCode since result will be rematerialized
                                    460 ;	Raw cost for generated ic 52 : (0, 0.000000) count=0.325538
                                    461 ;	genCast
                                    462 ;	genCopy
    00000118 A9s00            [ 2]  463 	lda	#>_World1Tileset_tiles
    0000011A 8Dr01r00         [ 4]  464 	sta	(_set_bkg_native_data_PARM_3 + 1)
    0000011D A9r00            [ 2]  465 	lda	#_World1Tileset_tiles
    0000011F 8Dr00r00         [ 4]  466 	sta	_set_bkg_native_data_PARM_3
                                    467 ;	Raw cost for generated ic 53 : (10, 12.000000) count=0.325538
                                    468 ;	../../../include/nes/nes.h: 1277: set_bkg_native_data(first_tile, nb_tiles, data);
                                    469 ;	Raw cost for generated ic 66 : (0, 0.000000) count=0.325538
                                    470 ;	Raw cost for generated ic 67 : (0, 0.000000) count=0.325538
                                    471 ;	genCall
                                    472 ;	genSend
    00000122 A9 00            [ 2]  473 	lda	#0x00
    00000124 A2 20            [ 2]  474 	ldx	#0x20
    00000126 20r00r00         [ 6]  475 	jsr	_set_bkg_native_data
                                    476 ;	Raw cost for generated ic 69 : (7, 10.000000) count=0.325538
                                    477 ;	src/level.c: 95: setBKGPalettes(World1Tileset_PALETTE_COUNT,World1Tileset_palettes);
                                    478 ;	skipping iCode since result will be rematerialized
                                    479 ;	Raw cost for generated ic 97 : (0, 0.000000) count=0.325538
                                    480 ;	genCast
                                    481 ;	genCopy
    00000129 A9s00            [ 2]  482 	lda	#>_World1Tileset_palettes
    0000012B 8Dr01r00         [ 4]  483 	sta	(_setBKGPalettes_PARM_2 + 1)
    0000012E A9r00            [ 2]  484 	lda	#_World1Tileset_palettes
    00000130 8Dr00r00         [ 4]  485 	sta	_setBKGPalettes_PARM_2
                                    486 ;	Raw cost for generated ic 98 : (10, 12.000000) count=0.325538
                                    487 ;	Raw cost for generated ic 99 : (0, 0.000000) count=0.325538
                                    488 ;	genCall
                                    489 ;	genSend
    00000133 A9 04            [ 2]  490 	lda	#0x04
    00000135 20r00r00         [ 6]  491 	jsr	_setBKGPalettes
                                    492 ;	Raw cost for generated ic 101 : (5, 8.000000) count=0.325538
                                    493 ;	src/level.c: 99: SWITCH_ROM((currentAreaBank = BANK(World1Area1)));
                                    494 ;	skipping iCode since result will be rematerialized
                                    495 ;	Raw cost for generated ic 102 : (0, 0.000000) count=0.325538
                                    496 ;	genCast
                                    497 ;	genCopy
    00000138 A9r00            [ 2]  498 	lda	#___bank_World1Area1
                                    499 ;	Raw cost for generated ic 103 : (2, 2.000000) count=0.325538
                                    500 ;	genAssign
                                    501 ;	genAssignLit
                                    502 ;	genCopy
    0000013A 8Dr0Br00         [ 4]  503 	sta	_currentAreaBank
                                    504 ;	Raw cost for generated ic 105 : (3, 4.000000) count=0.325538
                                    505 ;	Raw cost for generated ic 106 : (0, 0.000000) count=0.325538
                                    506 ;	genCall
                                    507 ;	genSend
    0000013D 20r00r00         [ 6]  508 	jsr	__switch_prg0
                                    509 ;	Raw cost for generated ic 107 : (3, 6.000000) count=0.325538
                                    510 ;	src/level.c: 101: currentLevelNonSolidTileCount=WORLD1_SOLID_TILE_COUNT;
                                    511 ;	genAssign
                                    512 ;	genAssignLit
    00000140 A2 11            [ 2]  513 	ldx	#0x11
    00000142 8Er0Ar00         [ 4]  514 	stx	_currentLevelNonSolidTileCount
                                    515 ;	Raw cost for generated ic 109 : (5, 6.000000) count=0.325538
                                    516 ;	src/level.c: 102: currentLevelWidth = World1Area1_WIDTH;
                                    517 ;	genAssign
                                    518 ;	genAssignLit
    00000145 A2 E0            [ 2]  519 	ldx	#0xe0
    00000147 8Er00r00         [ 4]  520 	stx	_currentLevelWidth
    0000014A A2 01            [ 2]  521 	ldx	#0x01
    0000014C 8Er01r00         [ 4]  522 	stx	(_currentLevelWidth + 1)
                                    523 ;	Raw cost for generated ic 111 : (10, 12.000000) count=0.325538
                                    524 ;	src/level.c: 103: currentLevelHeight = World1Area1_HEIGHT;
                                    525 ;	genAssign
                                    526 ;	genAssignLit
    0000014F CA               [ 2]  527 	dex
    00000150 8Er04r00         [ 4]  528 	stx	_currentLevelHeight
    00000153 E8               [ 2]  529 	inx
    00000154 8Er05r00         [ 4]  530 	stx	(_currentLevelHeight + 1)
                                    531 ;	Raw cost for generated ic 113 : (8, 12.000000) count=0.325538
                                    532 ;	src/level.c: 104: currentLevelWidthInTiles = World1Area1_WIDTH>>3;
                                    533 ;	genAssign
                                    534 ;	genAssignLit
    00000157 A2 3C            [ 2]  535 	ldx	#0x3c
    00000159 8Er02r00         [ 4]  536 	stx	_currentLevelWidthInTiles
    0000015C A2 00            [ 2]  537 	ldx	#0x00
    0000015E 8Er03r00         [ 4]  538 	stx	(_currentLevelWidthInTiles + 1)
                                    539 ;	Raw cost for generated ic 115 : (10, 12.000000) count=0.325538
                                    540 ;	src/level.c: 105: currentLevelHeightInTiles = World1Area1_HEIGHT>>3;            
                                    541 ;	genAssign
                                    542 ;	genAssignLit
    00000161 A2 20            [ 2]  543 	ldx	#0x20
    00000163 8Er06r00         [ 4]  544 	stx	_currentLevelHeightInTiles
    00000166 A2 00            [ 2]  545 	ldx	#0x00
    00000168 8Er07r00         [ 4]  546 	stx	(_currentLevelHeightInTiles + 1)
                                    547 ;	Raw cost for generated ic 117 : (10, 12.000000) count=0.325538
                                    548 ;	src/level.c: 106: currentLevelMap= World1Area1_map;
                                    549 ;	skipping iCode since result will be rematerialized
                                    550 ;	Raw cost for generated ic 118 : (0, 0.000000) count=0.325538
                                    551 ;	genCast
                                    552 ;	genCopy
    0000016B A9s00            [ 2]  553 	lda	#>_World1Area1_map
    0000016D 8Dr09r00         [ 4]  554 	sta	(_currentLevelMap + 1)
    00000170 A9r00            [ 2]  555 	lda	#_World1Area1_map
    00000172 8Dr08r00         [ 4]  556 	sta	_currentLevelMap
                                    557 ;	Raw cost for generated ic 119 : (10, 12.000000) count=0.325538
                                    558 ;	src/level.c: 109: break;
                                    559 ;	genGoto
    00000175 4Cr42r02         [ 3]  560 	jmp	00106$
                                    561 ;	Raw cost for generated ic 122 : (3, 3.000000) count=0.325538
                                    562 ;	src/level.c: 110: case 1:
                                    563 ;	genLabel
    00000178                        564 00104$:
                                    565 ;	Raw cost for generated ic 123 : (0, 0.000000) count=0.325538
                                    566 ;	src/level.c: 115: SWITCH_ROM((currentAreaBank = BANK(World1Tileset)));
                                    567 ;	skipping iCode since result will be rematerialized
                                    568 ;	Raw cost for generated ic 124 : (0, 0.000000) count=0.325538
                                    569 ;	genCast
                                    570 ;	genCopy
    00000178 A9r00            [ 2]  571 	lda	#___bank_World1Tileset
                                    572 ;	Raw cost for generated ic 125 : (2, 2.000000) count=0.325538
                                    573 ;	genAssign
                                    574 ;	genAssignLit
                                    575 ;	genCopy
    0000017A 8Dr0Br00         [ 4]  576 	sta	_currentAreaBank
                                    577 ;	Raw cost for generated ic 127 : (3, 4.000000) count=0.325538
                                    578 ;	Raw cost for generated ic 128 : (0, 0.000000) count=0.325538
                                    579 ;	genCall
                                    580 ;	genSend
    0000017D 20r00r00         [ 6]  581 	jsr	__switch_prg0
                                    582 ;	Raw cost for generated ic 129 : (3, 6.000000) count=0.325538
                                    583 ;	src/level.c: 118: set_native_tile_data(0,World1Tileset_TILE_COUNT,World1Tileset_tiles);
                                    584 ;	skipping iCode since result will be rematerialized
                                    585 ;	Raw cost for generated ic 130 : (0, 0.000000) count=0.325538
                                    586 ;	genCast
                                    587 ;	genCopy
    00000180 A9s00            [ 2]  588 	lda	#>_World1Tileset_tiles
    00000182 8Dr01r00         [ 4]  589 	sta	(_set_bkg_native_data_PARM_3 + 1)
    00000185 A9r00            [ 2]  590 	lda	#_World1Tileset_tiles
    00000187 8Dr00r00         [ 4]  591 	sta	_set_bkg_native_data_PARM_3
                                    592 ;	Raw cost for generated ic 131 : (10, 12.000000) count=0.325538
                                    593 ;	../../../include/nes/nes.h: 1277: set_bkg_native_data(first_tile, nb_tiles, data);
                                    594 ;	Raw cost for generated ic 144 : (0, 0.000000) count=0.325538
                                    595 ;	Raw cost for generated ic 145 : (0, 0.000000) count=0.325538
                                    596 ;	genCall
                                    597 ;	genSend
    0000018A A9 00            [ 2]  598 	lda	#0x00
    0000018C A2 20            [ 2]  599 	ldx	#0x20
    0000018E 20r00r00         [ 6]  600 	jsr	_set_bkg_native_data
                                    601 ;	Raw cost for generated ic 147 : (7, 10.000000) count=0.325538
                                    602 ;	src/level.c: 119: setBKGPalettes(World1Tileset_PALETTE_COUNT,World1Tileset_palettes);
                                    603 ;	skipping iCode since result will be rematerialized
                                    604 ;	Raw cost for generated ic 175 : (0, 0.000000) count=0.325538
                                    605 ;	genCast
                                    606 ;	genCopy
    00000191 A9s00            [ 2]  607 	lda	#>_World1Tileset_palettes
    00000193 8Dr01r00         [ 4]  608 	sta	(_setBKGPalettes_PARM_2 + 1)
    00000196 A9r00            [ 2]  609 	lda	#_World1Tileset_palettes
    00000198 8Dr00r00         [ 4]  610 	sta	_setBKGPalettes_PARM_2
                                    611 ;	Raw cost for generated ic 176 : (10, 12.000000) count=0.325538
                                    612 ;	Raw cost for generated ic 177 : (0, 0.000000) count=0.325538
                                    613 ;	genCall
                                    614 ;	genSend
    0000019B A9 04            [ 2]  615 	lda	#0x04
    0000019D 20r00r00         [ 6]  616 	jsr	_setBKGPalettes
                                    617 ;	Raw cost for generated ic 179 : (5, 8.000000) count=0.325538
                                    618 ;	src/level.c: 124: SWITCH_ROM((currentAreaBank = BANK(World1Area2)));
                                    619 ;	skipping iCode since result will be rematerialized
                                    620 ;	Raw cost for generated ic 180 : (0, 0.000000) count=0.325538
                                    621 ;	genCast
                                    622 ;	genCopy
    000001A0 A9r00            [ 2]  623 	lda	#___bank_World1Area2
                                    624 ;	Raw cost for generated ic 181 : (2, 2.000000) count=0.325538
                                    625 ;	genAssign
                                    626 ;	genAssignLit
                                    627 ;	genCopy
    000001A2 8Dr0Br00         [ 4]  628 	sta	_currentAreaBank
                                    629 ;	Raw cost for generated ic 183 : (3, 4.000000) count=0.325538
                                    630 ;	Raw cost for generated ic 184 : (0, 0.000000) count=0.325538
                                    631 ;	genCall
                                    632 ;	genSend
    000001A5 20r00r00         [ 6]  633 	jsr	__switch_prg0
                                    634 ;	Raw cost for generated ic 185 : (3, 6.000000) count=0.325538
                                    635 ;	src/level.c: 126: currentLevelNonSolidTileCount=WORLD1_SOLID_TILE_COUNT;
                                    636 ;	genAssign
                                    637 ;	genAssignLit
    000001A8 A2 11            [ 2]  638 	ldx	#0x11
    000001AA 8Er0Ar00         [ 4]  639 	stx	_currentLevelNonSolidTileCount
                                    640 ;	Raw cost for generated ic 187 : (5, 6.000000) count=0.325538
                                    641 ;	src/level.c: 127: currentLevelWidth = World1Area2_WIDTH;
                                    642 ;	genAssign
                                    643 ;	genAssignLit
    000001AD A2 E0            [ 2]  644 	ldx	#0xe0
    000001AF 8Er00r00         [ 4]  645 	stx	_currentLevelWidth
    000001B2 A2 01            [ 2]  646 	ldx	#0x01
    000001B4 8Er01r00         [ 4]  647 	stx	(_currentLevelWidth + 1)
                                    648 ;	Raw cost for generated ic 189 : (10, 12.000000) count=0.325538
                                    649 ;	src/level.c: 128: currentLevelHeight = World1Area2_HEIGHT;
                                    650 ;	genAssign
                                    651 ;	genAssignLit
    000001B7 CA               [ 2]  652 	dex
    000001B8 8Er04r00         [ 4]  653 	stx	_currentLevelHeight
    000001BB E8               [ 2]  654 	inx
    000001BC 8Er05r00         [ 4]  655 	stx	(_currentLevelHeight + 1)
                                    656 ;	Raw cost for generated ic 191 : (8, 12.000000) count=0.325538
                                    657 ;	src/level.c: 129: currentLevelWidthInTiles = World1Area2_WIDTH>>3;
                                    658 ;	genAssign
                                    659 ;	genAssignLit
    000001BF A2 3C            [ 2]  660 	ldx	#0x3c
    000001C1 8Er02r00         [ 4]  661 	stx	_currentLevelWidthInTiles
    000001C4 A2 00            [ 2]  662 	ldx	#0x00
    000001C6 8Er03r00         [ 4]  663 	stx	(_currentLevelWidthInTiles + 1)
                                    664 ;	Raw cost for generated ic 193 : (10, 12.000000) count=0.325538
                                    665 ;	src/level.c: 130: currentLevelHeightInTiles = World1Area2_HEIGHT>>3;
                                    666 ;	genAssign
                                    667 ;	genAssignLit
    000001C9 A2 20            [ 2]  668 	ldx	#0x20
    000001CB 8Er06r00         [ 4]  669 	stx	_currentLevelHeightInTiles
    000001CE A2 00            [ 2]  670 	ldx	#0x00
    000001D0 8Er07r00         [ 4]  671 	stx	(_currentLevelHeightInTiles + 1)
                                    672 ;	Raw cost for generated ic 195 : (10, 12.000000) count=0.325538
                                    673 ;	src/level.c: 131: currentLevelMap= World1Area2_map;
                                    674 ;	skipping iCode since result will be rematerialized
                                    675 ;	Raw cost for generated ic 196 : (0, 0.000000) count=0.325538
                                    676 ;	genCast
                                    677 ;	genCopy
    000001D3 A9s00            [ 2]  678 	lda	#>_World1Area2_map
    000001D5 8Dr09r00         [ 4]  679 	sta	(_currentLevelMap + 1)
    000001D8 A9r00            [ 2]  680 	lda	#_World1Area2_map
    000001DA 8Dr08r00         [ 4]  681 	sta	_currentLevelMap
                                    682 ;	Raw cost for generated ic 197 : (10, 12.000000) count=0.325538
                                    683 ;	src/level.c: 133: break;
                                    684 ;	genGoto
    000001DD 4Cr42r02         [ 3]  685 	jmp	00106$
                                    686 ;	Raw cost for generated ic 200 : (3, 3.000000) count=0.325538
                                    687 ;	src/level.c: 134: case 2:
                                    688 ;	genLabel
    000001E0                        689 00105$:
                                    690 ;	Raw cost for generated ic 201 : (0, 0.000000) count=0.325538
                                    691 ;	src/level.c: 139: SWITCH_ROM((BANK(World2Tileset)));
                                    692 ;	skipping iCode since result will be rematerialized
                                    693 ;	Raw cost for generated ic 202 : (0, 0.000000) count=0.325538
                                    694 ;	genCast
                                    695 ;	genCopy
    000001E0 A9r00            [ 2]  696 	lda	#___bank_World2Tileset
                                    697 ;	Raw cost for generated ic 203 : (2, 2.000000) count=0.325538
                                    698 ;	Raw cost for generated ic 204 : (0, 0.000000) count=0.325538
                                    699 ;	genCall
                                    700 ;	genSend
    000001E2 20r00r00         [ 6]  701 	jsr	__switch_prg0
                                    702 ;	Raw cost for generated ic 205 : (3, 6.000000) count=0.325538
                                    703 ;	src/level.c: 141: set_native_tile_data(0,World2Tileset_TILE_COUNT,World2Tileset_tiles);
                                    704 ;	skipping iCode since result will be rematerialized
                                    705 ;	Raw cost for generated ic 206 : (0, 0.000000) count=0.325538
                                    706 ;	genCast
                                    707 ;	genCopy
    000001E5 A9s00            [ 2]  708 	lda	#>_World2Tileset_tiles
    000001E7 8Dr01r00         [ 4]  709 	sta	(_set_bkg_native_data_PARM_3 + 1)
    000001EA A9r00            [ 2]  710 	lda	#_World2Tileset_tiles
    000001EC 8Dr00r00         [ 4]  711 	sta	_set_bkg_native_data_PARM_3
                                    712 ;	Raw cost for generated ic 207 : (10, 12.000000) count=0.325538
                                    713 ;	../../../include/nes/nes.h: 1277: set_bkg_native_data(first_tile, nb_tiles, data);
                                    714 ;	Raw cost for generated ic 220 : (0, 0.000000) count=0.325538
                                    715 ;	Raw cost for generated ic 221 : (0, 0.000000) count=0.325538
                                    716 ;	genCall
                                    717 ;	genSend
    000001EF A9 00            [ 2]  718 	lda	#0x00
    000001F1 A2 46            [ 2]  719 	ldx	#0x46
    000001F3 20r00r00         [ 6]  720 	jsr	_set_bkg_native_data
                                    721 ;	Raw cost for generated ic 223 : (7, 10.000000) count=0.325538
                                    722 ;	src/level.c: 142: setBKGPalettes(World2Tileset_PALETTE_COUNT,World2Tileset_palettes);
                                    723 ;	skipping iCode since result will be rematerialized
                                    724 ;	Raw cost for generated ic 251 : (0, 0.000000) count=0.325538
                                    725 ;	genCast
                                    726 ;	genCopy
    000001F6 A9s00            [ 2]  727 	lda	#>_World2Tileset_palettes
    000001F8 8Dr01r00         [ 4]  728 	sta	(_setBKGPalettes_PARM_2 + 1)
    000001FB A9r00            [ 2]  729 	lda	#_World2Tileset_palettes
    000001FD 8Dr00r00         [ 4]  730 	sta	_setBKGPalettes_PARM_2
                                    731 ;	Raw cost for generated ic 252 : (10, 12.000000) count=0.325538
                                    732 ;	Raw cost for generated ic 253 : (0, 0.000000) count=0.325538
                                    733 ;	genCall
                                    734 ;	genSend
    00000200 A9 04            [ 2]  735 	lda	#0x04
    00000202 20r00r00         [ 6]  736 	jsr	_setBKGPalettes
                                    737 ;	Raw cost for generated ic 255 : (5, 8.000000) count=0.325538
                                    738 ;	src/level.c: 147: SWITCH_ROM((currentAreaBank = BANK(World2Area1)));
                                    739 ;	skipping iCode since result will be rematerialized
                                    740 ;	Raw cost for generated ic 256 : (0, 0.000000) count=0.325538
                                    741 ;	genCast
                                    742 ;	genCopy
    00000205 A9r00            [ 2]  743 	lda	#___bank_World2Area1
                                    744 ;	Raw cost for generated ic 257 : (2, 2.000000) count=0.325538
                                    745 ;	genAssign
                                    746 ;	genAssignLit
                                    747 ;	genCopy
    00000207 8Dr0Br00         [ 4]  748 	sta	_currentAreaBank
                                    749 ;	Raw cost for generated ic 259 : (3, 4.000000) count=0.325538
                                    750 ;	Raw cost for generated ic 260 : (0, 0.000000) count=0.325538
                                    751 ;	genCall
                                    752 ;	genSend
    0000020A 20r00r00         [ 6]  753 	jsr	__switch_prg0
                                    754 ;	Raw cost for generated ic 261 : (3, 6.000000) count=0.325538
                                    755 ;	src/level.c: 149: currentLevelNonSolidTileCount=WORLD2_SOLID_TILE_COUNT;
                                    756 ;	genAssign
                                    757 ;	genAssignLit
    0000020D A2 44            [ 2]  758 	ldx	#0x44
    0000020F 8Er0Ar00         [ 4]  759 	stx	_currentLevelNonSolidTileCount
                                    760 ;	Raw cost for generated ic 263 : (5, 6.000000) count=0.325538
                                    761 ;	src/level.c: 150: currentLevelWidth = World2Area1_WIDTH;
                                    762 ;	genAssign
                                    763 ;	genAssignLit
    00000212 A2 E0            [ 2]  764 	ldx	#0xe0
    00000214 8Er00r00         [ 4]  765 	stx	_currentLevelWidth
    00000217 A2 01            [ 2]  766 	ldx	#0x01
    00000219 8Er01r00         [ 4]  767 	stx	(_currentLevelWidth + 1)
                                    768 ;	Raw cost for generated ic 265 : (10, 12.000000) count=0.325538
                                    769 ;	src/level.c: 151: currentLevelHeight = World2Area1_HEIGHT;
                                    770 ;	genAssign
                                    771 ;	genAssignLit
    0000021C CA               [ 2]  772 	dex
    0000021D 8Er04r00         [ 4]  773 	stx	_currentLevelHeight
    00000220 E8               [ 2]  774 	inx
    00000221 8Er05r00         [ 4]  775 	stx	(_currentLevelHeight + 1)
                                    776 ;	Raw cost for generated ic 267 : (8, 12.000000) count=0.325538
                                    777 ;	src/level.c: 152: currentLevelWidthInTiles = World2Area1_WIDTH>>3;
                                    778 ;	genAssign
                                    779 ;	genAssignLit
    00000224 A2 3C            [ 2]  780 	ldx	#0x3c
    00000226 8Er02r00         [ 4]  781 	stx	_currentLevelWidthInTiles
    00000229 A2 00            [ 2]  782 	ldx	#0x00
    0000022B 8Er03r00         [ 4]  783 	stx	(_currentLevelWidthInTiles + 1)
                                    784 ;	Raw cost for generated ic 269 : (10, 12.000000) count=0.325538
                                    785 ;	src/level.c: 153: currentLevelHeightInTiles = World2Area1_HEIGHT>>3;
                                    786 ;	genAssign
                                    787 ;	genAssignLit
    0000022E A2 20            [ 2]  788 	ldx	#0x20
    00000230 8Er06r00         [ 4]  789 	stx	_currentLevelHeightInTiles
    00000233 A2 00            [ 2]  790 	ldx	#0x00
    00000235 8Er07r00         [ 4]  791 	stx	(_currentLevelHeightInTiles + 1)
                                    792 ;	Raw cost for generated ic 271 : (10, 12.000000) count=0.325538
                                    793 ;	src/level.c: 154: currentLevelMap= World2Area1_map;
                                    794 ;	skipping iCode since result will be rematerialized
                                    795 ;	Raw cost for generated ic 272 : (0, 0.000000) count=0.325538
                                    796 ;	genCast
                                    797 ;	genCopy
    00000238 A9s00            [ 2]  798 	lda	#>_World2Area1_map
    0000023A 8Dr09r00         [ 4]  799 	sta	(_currentLevelMap + 1)
    0000023D A9r00            [ 2]  800 	lda	#_World2Area1_map
    0000023F 8Dr08r00         [ 4]  801 	sta	_currentLevelMap
                                    802 ;	Raw cost for generated ic 273 : (10, 12.000000) count=0.325538
                                    803 ;	src/level.c: 157: }
                                    804 ;	genLabel
    00000242                        805 00106$:
                                    806 ;	Raw cost for generated ic 277 : (0, 0.000000) count=0.976613
                                    807 ;	src/level.c: 159: SWITCH_ROM(_previous_bank);
                                    808 ;	Raw cost for generated ic 278 : (0, 0.000000) count=0.976613
                                    809 ;	genCall
                                    810 ;	genSend
    00000242 ADr13r00         [ 4]  811 	lda	_SetupCurrentLevel__previous_bank_10000_136
                                    812 ;	Raw cost for generated ic 279 : (6, 10.000000) count=0.976613
                                    813 ;	genLabel
                                    814 ;	Raw cost for generated ic 280 : (0, 0.000000) count=0.976613
                                    815 ;	src/level.c: 160: }
                                    816 ;	genEndFunction
    00000245 4Cr00r00         [ 3]  817 	jmp	__switch_prg0
                                    818 ;	Raw cost for generated ic 281 : (1, 6.000000) count=0.976613
                                    819 	.area _HOME
                                    820 ;--------------------------------------------------------
                                    821 ; code
                                    822 ;--------------------------------------------------------
                                    823 	.area _CODE
                                    824 ;------------------------------------------------------------
                                    825 ;Allocation info for local variables in function 'IsTileSolid'
                                    826 ;------------------------------------------------------------
                                    827 ;sloc0         Allocated with name '_IsTileSolid_sloc0_1_0'
                                    828 ;worldY        Allocated with name '_IsTileSolid_PARM_2'
                                    829 ;worldX        Allocated to registers a x 
                                    830 ;_previous_bank Allocated with name '_IsTileSolid__previous_bank_10000_130'
                                    831 ;column        Allocated with name '_IsTileSolid_column_10001_131'
                                    832 ;row           Allocated with name '_IsTileSolid_row_10001_131'
                                    833 ;worldMaxRow   Allocated to registers a x 
                                    834 ;index         Allocated to registers a x 
                                    835 ;tile          Allocated to registers a 
                                    836 ;------------------------------------------------------------
                                    837 ;------------------------------------------------------------
                                    838 ;Allocation info for local variables in function 'SetupCurrentLevel'
                                    839 ;------------------------------------------------------------
                                    840 ;sloc0         Allocated with name '_SetupCurrentLevel_sloc0_1_0'
                                    841 ;sloc1         Allocated with name '_SetupCurrentLevel_sloc1_1_0'
                                    842 ;_previous_bank Allocated with name '_SetupCurrentLevel__previous_bank_10000_136'
                                    843 ;i             Allocated to registers 
                                    844 ;j             Allocated to registers 
                                    845 ;__600000009   Allocated to registers 
                                    846 ;__600000010   Allocated to registers 
                                    847 ;__600000011   Allocated to registers 
                                    848 ;x             Allocated to registers 
                                    849 ;y             Allocated to registers 
                                    850 ;a             Allocated to registers 
                                    851 ;__400000013   Allocated to registers 
                                    852 ;__400000014   Allocated to registers 
                                    853 ;__400000015   Allocated to registers 
                                    854 ;first_tile    Allocated to registers 
                                    855 ;nb_tiles      Allocated to registers 
                                    856 ;data          Allocated to registers 
                                    857 ;__400000017   Allocated to registers 
                                    858 ;__400000018   Allocated to registers 
                                    859 ;__400000019   Allocated to registers 
                                    860 ;first_tile    Allocated to registers 
                                    861 ;nb_tiles      Allocated to registers 
                                    862 ;data          Allocated to registers 
                                    863 ;__400000021   Allocated to registers 
                                    864 ;__400000022   Allocated to registers 
                                    865 ;__400000023   Allocated to registers 
                                    866 ;first_tile    Allocated to registers 
                                    867 ;nb_tiles      Allocated to registers 
                                    868 ;data          Allocated to registers 
                                    869 ;------------------------------------------------------------
                                    870 	.area _CODE
                                    871 	.area _XINIT
    00000000                        872 __xinit__currentLevel:
    00000000 FF                     873 	.db #0xff	; 255
    00000001                        874 __xinit__nextLevel:
    00000001 00                     875 	.db #0x00	; 0
                                    876 	.area _CABS    (ABS)
