                                      1 ;--------------------------------------------------------
                                      2 ; File Created by SDCC : free open source ISO C Compiler
                                      3 ; Version 4.5.1 #15267 (Mac OS X ppc)
                                      4 ;--------------------------------------------------------
                                      5 	.module bank_ba0_bo2
                                      6 	
                                      7 ;--------------------------------------------------------
                                      8 ; Public variables in this module
                                      9 ;--------------------------------------------------------
                                     10 	.globl b_bank_2
                                     11 	.globl _bank_2
                                     12 	.globl _puts
                                     13 	.globl _var_2
                                     14 ;--------------------------------------------------------
                                     15 ; special function registers
                                     16 ;--------------------------------------------------------
                         00000000    17 _GG_STATE	=	0x0000
                         00000001    18 _GG_EXT_7BIT	=	0x0001
                         00000002    19 _GG_EXT_CTL	=	0x0002
                         00000003    20 _GG_SIO_SEND	=	0x0003
                         00000004    21 _GG_SIO_RECV	=	0x0004
                         00000005    22 _GG_SIO_CTL	=	0x0005
                         00000006    23 _GG_SOUND_PAN	=	0x0006
                         0000003E    24 _MEMORY_CTL	=	0x003e
                         0000003F    25 _JOY_CTL	=	0x003f
                         0000007E    26 _VCOUNTER	=	0x007e
                         0000007F    27 _PSG	=	0x007f
                         0000007F    28 _HCOUNTER	=	0x007f
                         000000BE    29 _VDP_DATA	=	0x00be
                         000000BF    30 _VDP_CMD	=	0x00bf
                         000000BF    31 _VDP_STATUS	=	0x00bf
                         000000DC    32 _JOY_PORT1	=	0x00dc
                         000000DD    33 _JOY_PORT2	=	0x00dd
                         000000F0    34 _FMADDRESS	=	0x00f0
                         000000F1    35 _FMDATA	=	0x00f1
                         000000F2    36 _AUDIOCTRL	=	0x00f2
                                     37 ;--------------------------------------------------------
                                     38 ; ram data
                                     39 ;--------------------------------------------------------
                                     40 	.area _DATA
                         0000FFFC    41 _RAM_CONTROL	=	0xfffc
                         0000FFF8    42 _GLASSES_3D	=	0xfff8
                         0000FFFD    43 _MAP_FRAME0	=	0xfffd
                         0000FFFE    44 _MAP_FRAME1	=	0xfffe
                         0000FFFF    45 _MAP_FRAME2	=	0xffff
    00000000                         46 _var_2::
    00000000                         47 	.ds 2
                                     48 ;--------------------------------------------------------
                                     49 ; ram data
                                     50 ;--------------------------------------------------------
                                     51 	.area _INITIALIZED
                                     52 ;--------------------------------------------------------
                                     53 ; absolute external ram data
                                     54 ;--------------------------------------------------------
                                     55 	.area _DABS (ABS)
                                     56 ;--------------------------------------------------------
                                     57 ; global & static initialisations
                                     58 ;--------------------------------------------------------
                                     59 	.area _HOME
                                     60 	.area _GSINIT
                                     61 	.area _GSFINAL
                                     62 	.area _GSINIT
                                     63 ;--------------------------------------------------------
                                     64 ; Home
                                     65 ;--------------------------------------------------------
                                     66 	.area _HOME
                                     67 	.area _HOME
                                     68 ;--------------------------------------------------------
                                     69 ; code
                                     70 ;--------------------------------------------------------
                                     71 	.area _CODE
                                     72 ;src/bank.ba0.bo2.c:7: void bank_2(void) BANKED /* In ROM bank 2 */
                                     73 ;	---------------------------------
                                     74 ; Function bank_2
                                     75 ; ---------------------------------
                         00000000    76 	b_bank_2	= 0
    00000000                         77 _bank_2::
                                     78 ;src/bank.ba0.bo2.c:9: puts("I'm in ROM bank 2");
    00000000 21r06r00         [10]   79 	ld	hl, #___str_0
                                     80 ;src/bank.ba0.bo2.c:10: }
    00000003 C3r00r00         [10]   81 	jp	_puts
    00000006                         82 ___str_0:
    00000006 49 27 6D 20 69 6E 20    83 	.ascii "I'm in ROM bank 2"
             52 4F 4D 20 62 61 6E
             6B 20 32
    00000017 00                      84 	.db 0x00
                                     85 	.area _CODE
                                     86 	.area _INITIALIZER
                                     87 	.area _CABS (ABS)
