                                      1 ;--------------------------------------------------------
                                      2 ; File Created by SDCC : free open source ISO C Compiler
                                      3 ; Version 4.5.1 #15267 (Mac OS X ppc)
                                      4 ;--------------------------------------------------------
                                      5 	.module main
                                      6 	
                                      7 ;--------------------------------------------------------
                                      8 ; Public variables in this module
                                      9 ;--------------------------------------------------------
                                     10 	.globl _main
                                     11 	.globl _gb_decompress
                                     12 	.globl _set_tile_map_compat
                                     13 	.globl _set_tile_2bpp_data
                                     14 	.globl _vsync
                                     15 	.globl _buffer
                                     16 ;--------------------------------------------------------
                                     17 ; special function registers
                                     18 ;--------------------------------------------------------
                         00000000    19 _GG_STATE	=	0x0000
                         00000001    20 _GG_EXT_7BIT	=	0x0001
                         00000002    21 _GG_EXT_CTL	=	0x0002
                         00000003    22 _GG_SIO_SEND	=	0x0003
                         00000004    23 _GG_SIO_RECV	=	0x0004
                         00000005    24 _GG_SIO_CTL	=	0x0005
                         00000006    25 _GG_SOUND_PAN	=	0x0006
                         0000003E    26 _MEMORY_CTL	=	0x003e
                         0000003F    27 _JOY_CTL	=	0x003f
                         0000007E    28 _VCOUNTER	=	0x007e
                         0000007F    29 _PSG	=	0x007f
                         0000007F    30 _HCOUNTER	=	0x007f
                         000000BE    31 _VDP_DATA	=	0x00be
                         000000BF    32 _VDP_CMD	=	0x00bf
                         000000BF    33 _VDP_STATUS	=	0x00bf
                         000000DC    34 _JOY_PORT1	=	0x00dc
                         000000DD    35 _JOY_PORT2	=	0x00dd
                         000000F0    36 _FMADDRESS	=	0x00f0
                         000000F1    37 _FMDATA	=	0x00f1
                         000000F2    38 _AUDIOCTRL	=	0x00f2
                                     39 ;--------------------------------------------------------
                                     40 ; ram data
                                     41 ;--------------------------------------------------------
                                     42 	.area _DATA
                         0000FFFC    43 _RAM_CONTROL	=	0xfffc
                         0000FFF8    44 _GLASSES_3D	=	0xfff8
                         0000FFFD    45 _MAP_FRAME0	=	0xfffd
                         0000FFFE    46 _MAP_FRAME1	=	0xfffe
                         0000FFFF    47 _MAP_FRAME2	=	0xffff
    00000000                         48 _buffer::
    00000000                         49 	.ds 4096
                                     50 ;--------------------------------------------------------
                                     51 ; ram data
                                     52 ;--------------------------------------------------------
                                     53 	.area _INITIALIZED
                                     54 ;--------------------------------------------------------
                                     55 ; absolute external ram data
                                     56 ;--------------------------------------------------------
                                     57 	.area _DABS (ABS)
                                     58 ;--------------------------------------------------------
                                     59 ; global & static initialisations
                                     60 ;--------------------------------------------------------
                                     61 	.area _HOME
                                     62 	.area _GSINIT
                                     63 	.area _GSFINAL
                                     64 	.area _GSINIT
                                     65 ;--------------------------------------------------------
                                     66 ; Home
                                     67 ;--------------------------------------------------------
                                     68 	.area _HOME
                                     69 	.area _HOME
                                     70 ;--------------------------------------------------------
                                     71 ; code
                                     72 ;--------------------------------------------------------
                                     73 	.area _CODE
                                     74 ;src/main.c:16: void main(void)
                                     75 ;	---------------------------------
                                     76 ; Function main
                                     77 ; ---------------------------------
    00000000                         78 _main::
                                     79 ;src/main.c:19: __WRITE_VDP_REG(VDP_R2, R2_MAP_0x3800);
    00000000 FD 21r00r00      [14]   80 	ld	iy, #_shadow_VDP_R2
    00000004 FD 36 00 FF      [19]   81 	ld	0 (iy), #0xff
    00000008 F3               [ 4]   82 	di
    00000009 3E FF            [ 7]   83 	ld	a, #0xff
    0000000B D3 BF            [11]   84 	out	(_VDP_CMD), a
    0000000D 3E 82            [ 7]   85 	ld	a, #0x82
    0000000F D3 BF            [11]   86 	out	(_VDP_CMD), a
    00000011 FB               [ 4]   87 	ei
                                     88 ;src/main.c:20: __WRITE_VDP_REG(VDP_R5, R5_SAT_0x3F00);
    00000012 FD 21r00r00      [14]   89 	ld	iy, #_shadow_VDP_R5
    00000016 FD 36 00 FF      [19]   90 	ld	0 (iy), #0xff
    0000001A F3               [ 4]   91 	di
    0000001B 3E FF            [ 7]   92 	ld	a, #0xff
    0000001D D3 BF            [11]   93 	out	(_VDP_CMD), a
    0000001F 3E 85            [ 7]   94 	ld	a, #0x85
    00000021 D3 BF            [11]   95 	out	(_VDP_CMD), a
    00000023 FB               [ 4]   96 	ei
                                     97 ;src/main.c:29: set_bkg_data(0, gb_decompress(monalisa_tiles_comp, buffer) >> 4, buffer);
    00000024 11r00r00         [10]   98 	ld	de, #_buffer+0
    00000027 4B               [ 4]   99 	ld	c, e
    00000028 42               [ 4]  100 	ld	b, d
    00000029 D5               [11]  101 	push	de
    0000002A 21r00r00         [10]  102 	ld	hl, #_monalisa_tiles_comp
    0000002D E5               [11]  103 	push	hl
    0000002E CDr00r00         [17]  104 	call	_gb_decompress
    00000031 EB               [ 4]  105 	ex	de, hl
    00000032 CB 3A            [ 8]  106 	srl	d
    00000034 CB 1B            [ 8]  107 	rr	e
    00000036 CB 3A            [ 8]  108 	srl	d
    00000038 CB 1B            [ 8]  109 	rr	e
    0000003A CB 3A            [ 8]  110 	srl	d
    0000003C CB 1B            [ 8]  111 	rr	e
    0000003E CB 3A            [ 8]  112 	srl	d
    00000040 CB 1B            [ 8]  113 	rr	e
                                    114 ;../../../include/sms/sms.h:641: set_tile_2bpp_data(start, ntiles, src, _current_2bpp_palette);
    00000042 2Ar00r00         [16]  115 	ld	hl, (__current_2bpp_palette)
    00000045 E5               [11]  116 	push	hl
    00000046 C5               [11]  117 	push	bc
    00000047 D5               [11]  118 	push	de
    00000048 21 00 00         [10]  119 	ld	hl, #0x0000
    0000004B E5               [11]  120 	push	hl
    0000004C CDr00r00         [17]  121 	call	_set_tile_2bpp_data
                                    122 ;src/main.c:32: set_bkg_tiles(0,0, monalisa_mapWidth, monalisa_mapHeight, monalisa_mapPLN0);
    0000004F 21r00r00         [10]  123 	ld	hl, #_monalisa_mapPLN0
    00000052 E5               [11]  124 	push	hl
    00000053 21 14 12         [10]  125 	ld	hl, #0x1214
    00000056 E5               [11]  126 	push	hl
    00000057 21 00 00         [10]  127 	ld	hl, #0x00
    0000005A E5               [11]  128 	push	hl
    0000005B CDr00r00         [17]  129 	call	_set_tile_map_compat
                                    130 ;src/main.c:36: while(1) {
    0000005E                        131 00102$:
                                    132 ;src/main.c:41: vsync();
    0000005E CDr00r00         [17]  133 	call	_vsync
                                    134 ;src/main.c:43: }
    00000061 18 FB            [12]  135 	jr	00102$
                                    136 	.area _CODE
                                    137 	.area _INITIALIZER
                                    138 	.area _CABS (ABS)
