                                      1 ;--------------------------------------------------------
                                      2 ; File Created by SDCC : free open source ISO C Compiler
                                      3 ; Version 4.5.1 #15267 (Mac OS X ppc)
                                      4 ;--------------------------------------------------------
                                      5 	.module main
                                      6 	
                                      7 ;--------------------------------------------------------
                                      8 ; Public variables in this module
                                      9 ;--------------------------------------------------------
                                     10 	.globl _main
                                     11 	.globl _LCD_ISR
                                     12 	.globl _hblank_copy_vram
                                     13 	.globl _fill_bkg_rect
                                     14 	.globl _set_bkg_tile_xy
                                     15 	.globl _set_vram_byte
                                     16 	.globl _display_off
                                     17 	.globl _vsync
                                     18 	.globl _set_interrupts
                                     19 	.globl _joypad
                                     20 	.globl _add_LCD
                                     21 	.globl _animation_counter
                                     22 	.globl _animation_speed
                                     23 	.globl _animation_direction
                                     24 	.globl _animation
                                     25 	.globl _joy
                                     26 	.globl _current_frame
                                     27 	.globl _old_joy
                                     28 ;--------------------------------------------------------
                                     29 ; special function registers
                                     30 ;--------------------------------------------------------
                                     31 ;--------------------------------------------------------
                                     32 ; ram data
                                     33 ;--------------------------------------------------------
                                     34 	.area _DATA
    00000000                         35 _LCD_ISR_odd_even_frame_10000_141:
    00000000                         36 	.ds 1
    00000001                         37 _old_joy::
    00000001                         38 	.ds 1
                                     39 ;--------------------------------------------------------
                                     40 ; ram data
                                     41 ;--------------------------------------------------------
                                     42 	.area _INITIALIZED
    00000000                         43 _current_frame::
    00000000                         44 	.ds 2
    00000002                         45 _joy::
    00000002                         46 	.ds 1
    00000003                         47 _animation::
    00000003                         48 	.ds 1
    00000004                         49 _animation_direction::
    00000004                         50 	.ds 1
    00000005                         51 _animation_speed::
    00000005                         52 	.ds 1
    00000006                         53 _animation_counter::
    00000006                         54 	.ds 1
                                     55 ;--------------------------------------------------------
                                     56 ; absolute external ram data
                                     57 ;--------------------------------------------------------
                                     58 	.area _DABS (ABS)
                                     59 ;--------------------------------------------------------
                                     60 ; global & static initialisations
                                     61 ;--------------------------------------------------------
                                     62 	.area _HOME
                                     63 	.area _GSINIT
                                     64 	.area _GSFINAL
                                     65 	.area _GSINIT
                                     66 ;src/main.c:16: static bool odd_even_frame = false;
    00000000 AF               [ 4]   67 	xor	a, a
    00000001 21r00r00         [12]   68 	ld	hl, #_LCD_ISR_odd_even_frame_10000_141
    00000004 77               [ 8]   69 	ld	(hl), a
                                     70 ;--------------------------------------------------------
                                     71 ; Home
                                     72 ;--------------------------------------------------------
                                     73 	.area _HOME
                                     74 	.area _HOME
                                     75 ;--------------------------------------------------------
                                     76 ; code
                                     77 ;--------------------------------------------------------
                                     78 	.area _CODE
                                     79 ;src/main.c:15: void LCD_ISR(void) {
                                     80 ;	---------------------------------
                                     81 ; Function LCD_ISR
                                     82 ; ---------------------------------
    00000000                         83 _LCD_ISR::
    00000000 3B               [ 8]   84 	dec	sp
                                     85 ;src/main.c:17: uint8_t _save = CURRENT_BANK;
    00000001 F0r00            [12]   86 	ldh	a, (__current_bank + 0)
    00000003 F8 00            [12]   87 	ldhl	sp,	#0
    00000005 77               [ 8]   88 	ld	(hl), a
                                     89 ;src/main.c:18: SWITCH_ROM(current_frame->bank);
    00000006 FAr00r00         [16]   90 	ld	a, (_current_frame)
    00000009 21r01r00         [12]   91 	ld	hl, #_current_frame + 1
    0000000C 46               [ 8]   92 	ld	b, (hl)
    0000000D 4F               [ 4]   93 	ld	c, a
    0000000E 03               [ 8]   94 	inc	bc
    0000000F 03               [ 8]   95 	inc	bc
    00000010 0A               [ 8]   96 	ld	a, (bc)
    00000011 E0r00            [12]   97 	ldh	(__current_bank + 0), a
    00000013 0A               [ 8]   98 	ld	a, (bc)
    00000014 EAr00r00         [16]   99 	ld	(#_rROMB0),a
                                    100 ;src/main.c:20: if (odd_even_frame = !odd_even_frame) {
    00000017 FAr00r00         [16]  101 	ld	a, (#_LCD_ISR_odd_even_frame_10000_141)
    0000001A EE 01            [ 8]  102 	xor	a, #0x01
    0000001C 6F               [ 4]  103 	ld	l, a
    0000001D EAr00r00         [16]  104 	ld	(_LCD_ISR_odd_even_frame_10000_141), a
    00000020 CB 45            [ 8]  105 	bit	0, l
    00000022 28 20            [12]  106 	jr	Z, 00102$
                                    107 ;src/main.c:21: LCDC_REG &= ~LCDCF_BG8000;
    00000024 F0r00            [12]  108 	ldh	a, (_LCDC_REG + 0)
    00000026 E6 EF            [ 8]  109 	and	a, #0xef
    00000028 E0r00            [12]  110 	ldh	(_LCDC_REG + 0), a
                                    111 ;src/main.c:22: hblank_copy_destination = _VRAM8000;
    0000002A 21r00r00         [12]  112 	ld	hl, #_hblank_copy_destination
    0000002D 3Er00            [ 8]  113 	ld	a, #<(__VRAM8000)
    0000002F 22               [ 8]  114 	ld	(hl+), a
    00000030 36s00            [12]  115 	ld	(hl), #>(__VRAM8000)
                                    116 ;src/main.c:23: hblank_copy_vram(current_frame->tiles, MAP_WIDTH * MAP_HEIGHT);
    00000032 21r00r00         [12]  117 	ld	hl, #_current_frame
    00000035 2A               [ 8]  118 	ld	a,	(hl+)
    00000036 66               [ 8]  119 	ld	h, (hl)
    00000037 6F               [ 4]  120 	ld	l, a
    00000038 2A               [ 8]  121 	ld	a, (hl+)
    00000039 4F               [ 4]  122 	ld	c, a
    0000003A 46               [ 8]  123 	ld	b, (hl)
    0000003B 3E 7E            [ 8]  124 	ld	a, #0x7e
    0000003D 59               [ 4]  125 	ld	e, c
    0000003E 50               [ 4]  126 	ld	d, b
    0000003F CDr00r00         [24]  127 	call	_hblank_copy_vram
    00000042 18 1E            [12]  128 	jr	00103$
    00000044                        129 00102$:
                                    130 ;src/main.c:25: LCDC_REG |= LCDCF_BG8000;
    00000044 F0r00            [12]  131 	ldh	a, (_LCDC_REG + 0)
    00000046 F6 10            [ 8]  132 	or	a, #0x10
    00000048 E0r00            [12]  133 	ldh	(_LCDC_REG + 0), a
                                    134 ;src/main.c:26: hblank_copy_destination = _VRAM9000;
    0000004A 21r00r00         [12]  135 	ld	hl, #_hblank_copy_destination
    0000004D 3Er00            [ 8]  136 	ld	a, #<(__VRAM9000)
    0000004F 22               [ 8]  137 	ld	(hl+), a
    00000050 36s00            [12]  138 	ld	(hl), #>(__VRAM9000)
                                    139 ;src/main.c:27: hblank_copy_vram(current_frame->tiles, MAP_WIDTH * MAP_HEIGHT);
    00000052 21r00r00         [12]  140 	ld	hl, #_current_frame
    00000055 2A               [ 8]  141 	ld	a,	(hl+)
    00000056 66               [ 8]  142 	ld	h, (hl)
    00000057 6F               [ 4]  143 	ld	l, a
    00000058 2A               [ 8]  144 	ld	a, (hl+)
    00000059 4F               [ 4]  145 	ld	c, a
    0000005A 46               [ 8]  146 	ld	b, (hl)
    0000005B 3E 7E            [ 8]  147 	ld	a, #0x7e
    0000005D 59               [ 4]  148 	ld	e, c
    0000005E 50               [ 4]  149 	ld	d, b
    0000005F CDr00r00         [24]  150 	call	_hblank_copy_vram
    00000062                        151 00103$:
                                    152 ;src/main.c:29: SWITCH_ROM(_save);
    00000062 F8 00            [12]  153 	ldhl	sp,	#0
    00000064 7E               [ 8]  154 	ld	a, (hl)
    00000065 E0r00            [12]  155 	ldh	(__current_bank + 0), a
    00000067 7E               [ 8]  156 	ld	a, (hl)
    00000068 EAr00r00         [16]  157 	ld	(#_rROMB0),a
                                    158 ;src/main.c:30: }
    0000006B 33               [ 8]  159 	inc	sp
    0000006C C9               [16]  160 	ret
                                    161 ;src/main.c:44: void main(void) {
                                    162 ;	---------------------------------
                                    163 ; Function main
                                    164 ; ---------------------------------
    0000006D                        165 _main::
                                    166 ;src/main.c:45: DISPLAY_OFF;
    0000006D CDr00r00         [24]  167 	call	_display_off
                                    168 ;src/main.c:50: }
    00000070 F3               [ 4]  169 	di
                                    170 ;src/main.c:48: LYC_REG = 0, STAT_REG |= STATF_LYC;
    00000071 AF               [ 4]  171 	xor	a, a
    00000072 E0r00            [12]  172 	ldh	(_LYC_REG + 0), a
    00000074 F0r00            [12]  173 	ldh	a, (_STAT_REG + 0)
    00000076 F6 40            [ 8]  174 	or	a, #0x40
    00000078 E0r00            [12]  175 	ldh	(_STAT_REG + 0), a
                                    176 ;src/main.c:49: add_LCD(LCD_ISR);
    0000007A 11r00r00         [12]  177 	ld	de, #_LCD_ISR
    0000007D CDr00r00         [24]  178 	call	_add_LCD
    00000080 FB               [ 4]  179 	ei
                                    180 ;src/main.c:51: set_interrupts(IE_REG | LCD_IFLAG);
    00000081 F0r00            [12]  181 	ldh	a, (_IE_REG + 0)
    00000083 CB CF            [ 8]  182 	set	1, a
    00000085 CDr00r00         [24]  183 	call	_set_interrupts
                                    184 ;src/main.c:54: BGP_REG = DMG_PALETTE(DMG_WHITE, DMG_LITE_GRAY, DMG_DARK_GRAY, DMG_BLACK);
    00000088 3E E4            [ 8]  185 	ld	a, #0xe4
    0000008A E0r00            [12]  186 	ldh	(_BGP_REG + 0), a
                                    187 ;src/main.c:57: fill_bkg_rect(0, 0, 32, 32, 0);
    0000008C AF               [ 4]  188 	xor	a, a
    0000008D 67               [ 4]  189 	ld	h, a
    0000008E 2E 20            [ 8]  190 	ld	l, #0x20
    00000090 E5               [16]  191 	push	hl
    00000091 3E 20            [ 8]  192 	ld	a, #0x20
    00000093 F5               [16]  193 	push	af
    00000094 33               [ 8]  194 	inc	sp
    00000095 AF               [ 4]  195 	xor	a, a
    00000096 0F               [ 4]  196 	rrca
    00000097 F5               [16]  197 	push	af
    00000098 CDr00r00         [24]  198 	call	_fill_bkg_rect
    0000009B E8 05            [16]  199 	add	sp, #5
                                    200 ;src/main.c:58: uint8_t v = 0;
                                    201 ;src/main.c:59: for (uint8_t y = POSITION_Y; y != POSITION_Y + MAP_HEIGHT; y++) {
    0000009D 01 00 04         [12]  202 	ld	bc, #0x400
    000000A0                        203 00141$:
    000000A0 78               [ 4]  204 	ld	a, b
    000000A1 D6 0D            [ 8]  205 	sub	a, #0x0d
    000000A3 28 25            [12]  206 	jr	Z, 00102$
                                    207 ;src/main.c:60: uint8_t * addr = set_bkg_tile_xy(POSITION_X, y, v++);
    000000A5 79               [ 4]  208 	ld	a, c
    000000A6 0C               [ 4]  209 	inc	c
    000000A7 C5               [16]  210 	push	bc
    000000A8 F5               [16]  211 	push	af
    000000A9 33               [ 8]  212 	inc	sp
    000000AA 58               [ 4]  213 	ld	e, b
    000000AB 3E 03            [ 8]  214 	ld	a, #0x03
    000000AD CDr00r00         [24]  215 	call	_set_bkg_tile_xy
    000000B0 59               [ 4]  216 	ld	e, c
    000000B1 50               [ 4]  217 	ld	d, b
    000000B2 C1               [12]  218 	pop	bc
                                    219 ;src/main.c:61: for (uint8_t x = 0; x != MAP_WIDTH - 1; x++) set_vram_byte(++addr, v++);
    000000B3 2E 00            [ 8]  220 	ld	l, #0x00
    000000B5                        221 00138$:
    000000B5 7D               [ 4]  222 	ld	a, l
    000000B6 D6 0D            [ 8]  223 	sub	a, #0x0d
    000000B8 28 0D            [12]  224 	jr	Z, 00162$
    000000BA 79               [ 4]  225 	ld	a, c
    000000BB 0C               [ 4]  226 	inc	c
    000000BC 13               [ 8]  227 	inc	de
    000000BD E5               [16]  228 	push	hl
    000000BE D5               [16]  229 	push	de
    000000BF CDr00r00         [24]  230 	call	_set_vram_byte
    000000C2 D1               [12]  231 	pop	de
    000000C3 E1               [12]  232 	pop	hl
    000000C4 2C               [ 4]  233 	inc	l
    000000C5 18 EE            [12]  234 	jr	00138$
    000000C7                        235 00162$:
                                    236 ;src/main.c:59: for (uint8_t y = POSITION_Y; y != POSITION_Y + MAP_HEIGHT; y++) {
    000000C7 04               [ 4]  237 	inc	b
    000000C8 18 D6            [12]  238 	jr	00141$
    000000CA                        239 00102$:
                                    240 ;src/main.c:64: SHOW_BKG;
    000000CA F0r00            [12]  241 	ldh	a, (_LCDC_REG + 0)
    000000CC F6 01            [ 8]  242 	or	a, #0x01
    000000CE E0r00            [12]  243 	ldh	(_LCDC_REG + 0), a
                                    244 ;src/main.c:65: DISPLAY_ON;
    000000D0 F0r00            [12]  245 	ldh	a, (_LCDC_REG + 0)
    000000D2 F6 80            [ 8]  246 	or	a, #0x80
    000000D4 E0r00            [12]  247 	ldh	(_LCDC_REG + 0), a
                                    248 ;src/main.c:67: bool step_animation = false;
    000000D6 0E 00            [ 8]  249 	ld	c, #0x00
                                    250 ;src/main.c:69: while (true) {
    000000D8                        251 00131$:
                                    252 ;src/main.c:70: vsync();
    000000D8 CDr00r00         [24]  253 	call	_vsync
                                    254 ;src/main.c:34: old_joy = joy, joy = joypad();
    000000DB FAr02r00         [16]  255 	ld	a, (#_joy)
    000000DE EAr01r00         [16]  256 	ld	(#_old_joy),a
    000000E1 CDr00r00         [24]  257 	call	_joypad
    000000E4 21r02r00         [12]  258 	ld	hl, #_joy
    000000E7 77               [ 8]  259 	ld	(hl), a
                                    260 ;src/main.c:73: if (joy & J_LEFT) {
    000000E8 7E               [ 8]  261 	ld	a, (hl)
    000000E9 CB 4F            [ 8]  262 	bit	1, a
    000000EB 28 0B            [12]  263 	jr	Z, 00106$
                                    264 ;src/main.c:74: animation = false;
                                    265 ;src/main.c:75: animation_direction = false;
    000000ED AF               [ 4]  266 	xor	a, a
    000000EE EAr03r00         [16]  267 	ld	(#_animation), a
    000000F1 EAr04r00         [16]  268 	ld	(#_animation_direction),a
                                    269 ;src/main.c:76: step_animation = true;
    000000F4 0E 01            [ 8]  270 	ld	c, #0x01
    000000F6 18 0E            [12]  271 	jr	00107$
    000000F8                        272 00106$:
                                    273 ;src/main.c:77: } else if (joy & J_RIGHT) {
    000000F8 0F               [ 4]  274 	rrca
    000000F9 30 0B            [12]  275 	jr	NC, 00107$
                                    276 ;src/main.c:78: animation = false;
    000000FB AF               [ 4]  277 	xor	a, a
    000000FC EAr03r00         [16]  278 	ld	(#_animation),a
                                    279 ;src/main.c:79: animation_direction = true;
    000000FF 21r04r00         [12]  280 	ld	hl, #_animation_direction
    00000102 36 01            [12]  281 	ld	(hl), #0x01
                                    282 ;src/main.c:80: step_animation = true;
    00000104 0E 01            [ 8]  283 	ld	c, #0x01
    00000106                        284 00107$:
                                    285 ;src/main.c:37: return ((joy & ~old_joy) & key);
    00000106 FAr01r00         [16]  286 	ld	a, (#_old_joy)
    00000109 2F               [ 4]  287 	cpl
    0000010A 21r02r00         [12]  288 	ld	hl, #_joy
    0000010D A6               [ 8]  289 	and	a, (hl)
    0000010E 47               [ 4]  290 	ld	b, a
    0000010F CB 50            [ 8]  291 	bit	2, b
    00000111 28 0A            [12]  292 	jr	Z, 00115$
                                    293 ;src/main.c:83: if (KEY_PRESSED(J_UP)) {
                                    294 ;src/main.c:84: if (animation_speed) animation_speed--;
    00000113 21r05r00         [12]  295 	ld	hl, #_animation_speed
    00000116 7E               [ 8]  296 	ld	a, (hl)
    00000117 B7               [ 4]  297 	or	a, a
    00000118 28 12            [12]  298 	jr	Z, 00116$
    0000011A 35               [12]  299 	dec	(hl)
    0000011B 18 0F            [12]  300 	jr	00116$
    0000011D                        301 00115$:
                                    302 ;src/main.c:37: return ((joy & ~old_joy) & key);
    0000011D CB 58            [ 8]  303 	bit	3, b
    0000011F 28 0B            [12]  304 	jr	Z, 00116$
                                    305 ;src/main.c:85: } else if (KEY_PRESSED(J_DOWN)) {
                                    306 ;src/main.c:86: if (++animation_speed > 10) animation_speed = 10;
    00000121 21r05r00         [12]  307 	ld	hl, #_animation_speed
    00000124 34               [12]  308 	inc	(hl)
    00000125 3E 0A            [ 8]  309 	ld	a, #0x0a
    00000127 96               [ 8]  310 	sub	a, (hl)
    00000128 30 02            [12]  311 	jr	NC, 00116$
    0000012A 36 0A            [12]  312 	ld	(hl), #0x0a
    0000012C                        313 00116$:
                                    314 ;src/main.c:37: return ((joy & ~old_joy) & key);
    0000012C CB 78            [ 8]  315 	bit	7, b
    0000012E 28 07            [12]  316 	jr	Z, 00118$
                                    317 ;src/main.c:89: if (KEY_PRESSED(J_START)) animation  = !animation;
    00000130 21r03r00         [12]  318 	ld	hl, #_animation
    00000133 7E               [ 8]  319 	ld	a, (hl)
    00000134 EE 01            [ 8]  320 	xor	a, #0x01
    00000136 77               [ 8]  321 	ld	(hl), a
    00000137                        322 00118$:
                                    323 ;src/main.c:92: if ((step_animation) || ((animation) && (++animation_counter > animation_speed))) {
    00000137 CB 41            [ 8]  324 	bit	0, c
    00000139 20 14            [12]  325 	jr	NZ, 00126$
    0000013B 21r03r00         [12]  326 	ld	hl, #_animation
    0000013E CB 46            [12]  327 	bit	0, (hl)
    00000140 28 96            [12]  328 	jr	Z, 00131$
    00000142 21r06r00         [12]  329 	ld	hl, #_animation_counter
    00000145 34               [12]  330 	inc	(hl)
    00000146 FAr05r00         [16]  331 	ld	a, (#_animation_speed)
    00000149 21r06r00         [12]  332 	ld	hl, #_animation_counter
    0000014C 96               [ 8]  333 	sub	a, (hl)
    0000014D 30 89            [12]  334 	jr	NC, 00131$
    0000014F                        335 00126$:
                                    336 ;src/main.c:93: animation_counter = 0;
    0000014F AF               [ 4]  337 	xor	a, a
    00000150 EAr06r00         [16]  338 	ld	(#_animation_counter),a
                                    339 ;src/main.c:94: if (animation_direction) CRITICAL {
    00000153 21r04r00         [12]  340 	ld	hl, #_animation_direction
    00000156 CB 46            [12]  341 	bit	0, (hl)
    00000158 28 22            [12]  342 	jr	Z, 00124$
                                    343 ;src/main.c:96: } else CRITICAL {
    0000015A F3               [ 4]  344 	di
                                    345 ;src/main.c:95: if (++current_frame == (frames + ANIMATION_FRAME_COUNT)) current_frame = frames;
    0000015B 21r00r00         [12]  346 	ld	hl, #_current_frame
    0000015E 7E               [ 8]  347 	ld	a, (hl)
    0000015F C6 03            [ 8]  348 	add	a, #0x03
    00000161 22               [ 8]  349 	ld	(hl+), a
    00000162 7E               [ 8]  350 	ld	a, (hl)
    00000163 CE 00            [ 8]  351 	adc	a, #0x00
    00000165 32               [ 8]  352 	ld	(hl-), a
    00000166 7E               [ 8]  353 	ld	a, (hl)
    00000167 D6rC0            [ 8]  354 	sub	a, #<((_frames + 192))
    00000169 20 0E            [12]  355 	jr	NZ, 00120$
    0000016B 23               [ 8]  356 	inc	hl
    0000016C 7E               [ 8]  357 	ld	a, (hl)
    0000016D D6s00            [ 8]  358 	sub	a, #>((_frames + 192))
    0000016F 20 08            [12]  359 	jr	NZ, 00120$
    00000171 21r00r00         [12]  360 	ld	hl, #_current_frame
    00000174 36r00            [12]  361 	ld	(hl), #<(_frames)
    00000176 23               [ 8]  362 	inc	hl
    00000177 36s00            [12]  363 	ld	(hl), #>(_frames)
    00000179                        364 00120$:
    00000179 FB               [ 4]  365 	ei
    0000017A 18 1B            [12]  366 	jr	00125$
    0000017C                        367 00124$:
                                    368 ;src/main.c:98: }
    0000017C F3               [ 4]  369 	di
                                    370 ;src/main.c:97: if (--current_frame < frames) current_frame = frames + (ANIMATION_FRAME_COUNT - 1);
    0000017D 21r00r00         [12]  371 	ld	hl, #_current_frame
    00000180 7E               [ 8]  372 	ld	a, (hl)
    00000181 C6 FD            [ 8]  373 	add	a, #0xfd
    00000183 22               [ 8]  374 	ld	(hl+), a
    00000184 7E               [ 8]  375 	ld	a, (hl)
    00000185 CE FF            [ 8]  376 	adc	a, #0xff
    00000187 32               [ 8]  377 	ld	(hl-), a
    00000188 2A               [ 8]  378 	ld	a, (hl+)
    00000189 D6r00            [ 8]  379 	sub	a, #<(_frames)
    0000018B 7E               [ 8]  380 	ld	a, (hl)
    0000018C DEs00            [ 8]  381 	sbc	a, #>(_frames)
    0000018E 30 06            [12]  382 	jr	NC, 00122$
    00000190 2B               [ 8]  383 	dec	hl
    00000191 36rBD            [12]  384 	ld	(hl), #<((_frames + 189))
    00000193 23               [ 8]  385 	inc	hl
    00000194 36s00            [12]  386 	ld	(hl), #>((_frames + 189))
    00000196                        387 00122$:
    00000196 FB               [ 4]  388 	ei
    00000197                        389 00125$:
                                    390 ;src/main.c:99: step_animation = false;
    00000197 0E 00            [ 8]  391 	ld	c, #0x00
                                    392 ;src/main.c:102: }
    00000199 C3rD8r00         [16]  393 	jp	00131$
                                    394 	.area _CODE
                                    395 	.area _INITIALIZER
    00000000                        396 __xinit__current_frame:
    00000000r00r00                  397 	.dw _frames
    00000002                        398 __xinit__joy:
    00000002 00                     399 	.db #0x00	; 0
    00000003                        400 __xinit__animation:
    00000003 01                     401 	.db #0x01	;  1
    00000004                        402 __xinit__animation_direction:
    00000004 01                     403 	.db #0x01	;  1
    00000005                        404 __xinit__animation_speed:
    00000005 01                     405 	.db #0x01	; 1
    00000006                        406 __xinit__animation_counter:
    00000006 00                     407 	.db #0x00	; 0
                                    408 	.area _CABS (ABS)
