                                      1 ;--------------------------------------------------------
                                      2 ; File Created by SDCC : free open source ISO C Compiler
                                      3 ; Version 4.5.1 #15267 (Mac OS X ppc)
                                      4 ;--------------------------------------------------------
                                      5 	.module irq
                                      6 	
                                      7 ;; Ordering of segments for the linker.
                                      8 	.area _ZP      (PAG)
                                      9 	.area _OSEG    (PAG, OVR)
                                     10 	.area _HOME
                                     11 	.area _GSINIT
                                     12 	.area _GSFINAL
                                     13 	.area _CODE
                                     14 	.area _XINIT
                                     15 	.area _DATA
                                     16 	.area _DATA
                                     17 	.area _BSS
                                     18 ;--------------------------------------------------------
                                     19 ; Public variables in this module
                                     20 ;--------------------------------------------------------
                                     21 	.globl _main
                                     22 	.globl _print_counter
                                     23 	.globl _tim
                                     24 	.globl _vbl
                                     25 	.globl _printf
                                     26 	.globl _posy
                                     27 	.globl _gotoxy
                                     28 	.globl _vsync
                                     29 	.globl _set_interrupts
                                     30 	.globl _add_TIM
                                     31 	.globl _add_VBL
                                     32 	.globl _tim_cnt
                                     33 	.globl _vbl_cnt
                                     34 	.globl _OAMDMA
                                     35 	.globl _PPUDATA
                                     36 	.globl _PPUADDR
                                     37 	.globl _PPUSCROLL
                                     38 	.globl _OAMDATA
                                     39 	.globl _OAMADDR
                                     40 	.globl _PPUSTATUS
                                     41 	.globl _PPUMASK
                                     42 	.globl _PPUCTRL
                                     43 ;--------------------------------------------------------
                                     44 ; ZP ram data
                                     45 ;--------------------------------------------------------
                                     46 	.area _ZP      (PAG)
    00000000                         47 _main_sloc0_1_0:
    00000000                         48 	.ds 2
                                     49 ;--------------------------------------------------------
                                     50 ; overlayable items in ram
                                     51 ;--------------------------------------------------------
                                     52 ;--------------------------------------------------------
                                     53 ; uninitialized external ram data
                                     54 ;--------------------------------------------------------
                                     55 	.area _BSS
                         00002000    56 _PPUCTRL	=	0x2000
                         00002001    57 _PPUMASK	=	0x2001
                         00002002    58 _PPUSTATUS	=	0x2002
                         00002003    59 _OAMADDR	=	0x2003
                         00002004    60 _OAMDATA	=	0x2004
                         00002005    61 _PPUSCROLL	=	0x2005
                         00002006    62 _PPUADDR	=	0x2006
                         00002007    63 _PPUDATA	=	0x2007
                         00004014    64 _OAMDMA	=	0x4014
    00000000                         65 _vbl_cnt::
    00000000                         66 	.ds 2
    00000002                         67 _tim_cnt::
    00000002                         68 	.ds 2
    00000004                         69 _main_num_frames_30000_134:
    00000004                         70 	.ds 1
                                     71 ;--------------------------------------------------------
                                     72 ; absolute external ram data
                                     73 ;--------------------------------------------------------
                                     74 	.area _DABS    (ABS)
                                     75 ;--------------------------------------------------------
                                     76 ; initialized external ram data
                                     77 ;--------------------------------------------------------
                                     78 	.area _DATA
                                     79 ;--------------------------------------------------------
                                     80 ; global & static initialisations
                                     81 ;--------------------------------------------------------
                                     82 	.area _HOME
                                     83 	.area _GSINIT
                                     84 	.area _GSFINAL
                                     85 	.area _GSINIT
                                     86 ;--------------------------------------------------------
                                     87 ; Home
                                     88 ;--------------------------------------------------------
                                     89 	.area _HOME
                                     90 	.area _HOME
                                     91 ;--------------------------------------------------------
                                     92 ; code
                                     93 ;--------------------------------------------------------
                                     94 	.area _CODE
                                     95 ;------------------------------------------------------------
                                     96 ;Allocation info for local variables in function 'vbl'
                                     97 ;------------------------------------------------------------
                                     98 ;	src/irq.c: 11: void vbl(void)
                                     99 ;	genLabel
                                    100 ;	Raw cost for generated ic 0 : (0, 0.000000) count=1.000000
                                    101 ;	-----------------------------------------
                                    102 ;	 function vbl
                                    103 ;	-----------------------------------------
                                    104 ;	Register assignment is optimal.
                                    105 ;	Stack space usage: 0 bytes.
    00000000                        106 _vbl:
                                    107 ;	Raw cost for generated ic 1 : (0, 0.000000) count=1.000000
                                    108 ;	src/irq.c: 14: vbl_cnt++;
                                    109 ;	genPlus
                                    110 ;	genPlusIncr
    00000000 EEr00r00         [ 6]  111 	inc	_vbl_cnt
    00000003 D0 03            [ 4]  112 	bne	00103$
    00000005 EEr01r00         [ 6]  113 	inc	(_vbl_cnt + 1)
    00000008                        114 00103$:
                                    115 ;	Raw cost for generated ic 3 : (8, 14.600000) count=1.000000
                                    116 ;	genLabel
                                    117 ;	Raw cost for generated ic 6 : (0, 0.000000) count=1.000000
                                    118 ;	src/irq.c: 15: }
                                    119 ;	genEndFunction
    00000008 60               [ 6]  120 	rts
                                    121 ;	Raw cost for generated ic 7 : (1, 6.000000) count=1.000000
                                    122 ;------------------------------------------------------------
                                    123 ;Allocation info for local variables in function 'tim'
                                    124 ;------------------------------------------------------------
                                    125 ;	src/irq.c: 23: void tim(void)
                                    126 ;	genLabel
                                    127 ;	Raw cost for generated ic 0 : (0, 0.000000) count=1.000000
                                    128 ;	-----------------------------------------
                                    129 ;	 function tim
                                    130 ;	-----------------------------------------
                                    131 ;	Register assignment is optimal.
                                    132 ;	Stack space usage: 0 bytes.
    00000009                        133 _tim:
                                    134 ;	Raw cost for generated ic 1 : (0, 0.000000) count=1.000000
                                    135 ;	src/irq.c: 26: tim_cnt++;
                                    136 ;	genPlus
                                    137 ;	genPlusIncr
    00000009 EEr02r00         [ 6]  138 	inc	_tim_cnt
    0000000C D0 03            [ 4]  139 	bne	00103$
    0000000E EEr03r00         [ 6]  140 	inc	(_tim_cnt + 1)
    00000011                        141 00103$:
                                    142 ;	Raw cost for generated ic 3 : (8, 14.600000) count=1.000000
                                    143 ;	genLabel
                                    144 ;	Raw cost for generated ic 6 : (0, 0.000000) count=1.000000
                                    145 ;	src/irq.c: 27: }
                                    146 ;	genEndFunction
    00000011 60               [ 6]  147 	rts
                                    148 ;	Raw cost for generated ic 7 : (1, 6.000000) count=1.000000
                                    149 ;------------------------------------------------------------
                                    150 ;Allocation info for local variables in function 'print_counter'
                                    151 ;------------------------------------------------------------
                                    152 ;cnt           Allocated to registers 
                                    153 ;------------------------------------------------------------
                                    154 ;	src/irq.c: 32: void print_counter(void)
                                    155 ;	genLabel
                                    156 ;	Raw cost for generated ic 0 : (0, 0.000000) count=1.000000
                                    157 ;	-----------------------------------------
                                    158 ;	 function print_counter
                                    159 ;	-----------------------------------------
                                    160 ;	Register assignment is optimal.
                                    161 ;	Stack space usage: 0 bytes.
    00000012                        162 _print_counter:
                                    163 ;	Raw cost for generated ic 1 : (0, 0.000000) count=1.000000
                                    164 ;	src/irq.c: 39: }
                                    165 ;	genCritical
    00000012 08               [ 3]  166 	php
    00000013 78               [ 2]  167 	sei
                                    168 ;	Raw cost for generated ic 2 : (2, 5.000000) count=1.000000
                                    169 ;	src/irq.c: 38: cnt = tim_cnt; 
                                    170 ;	genEndCritical
    00000014 28               [ 4]  171 	plp
                                    172 ;	Raw cost for generated ic 4 : (1, 4.000000) count=1.000000
                                    173 ;	src/irq.c: 41: printf(" TIM %u", cnt);
                                    174 ;	skipping iCode since result will be rematerialized
                                    175 ;	Raw cost for generated ic 5 : (0, 0.000000) count=1.000000
                                    176 ;	skipping iCode since result will be rematerialized
                                    177 ;	Raw cost for generated ic 6 : (0, 0.000000) count=1.000000
                                    178 ;	genIpush
    00000015 ADr03r00         [ 4]  179 	lda	(_tim_cnt + 1)
    00000018 48               [ 3]  180 	pha
    00000019 ADr02r00         [ 4]  181 	lda	_tim_cnt
    0000001C 48               [ 3]  182 	pha
                                    183 ;	Raw cost for generated ic 7 : (8, 14.000000) count=1.000000
                                    184 ;	genIpush
    0000001D A9s00            [ 2]  185 	lda	#>___str_0
    0000001F 48               [ 3]  186 	pha
    00000020 A9rC2            [ 2]  187 	lda	#___str_0
    00000022 48               [ 3]  188 	pha
                                    189 ;	Raw cost for generated ic 8 : (6, 10.000000) count=1.000000
                                    190 ;	genCall
    00000023 20r00r00         [ 6]  191 	jsr	_printf
    00000026 68               [ 4]  192 	pla
    00000027 68               [ 4]  193 	pla
    00000028 68               [ 4]  194 	pla
    00000029 68               [ 4]  195 	pla
                                    196 ;	Raw cost for generated ic 9 : (7, 22.000000) count=1.000000
                                    197 ;	src/irq.c: 42: gotoxy(9, posy());
                                    198 ;	genCall
    0000002A 20r00r00         [ 6]  199 	jsr	_posy
                                    200 ;	assignResultValue
                                    201 ;	Raw cost for generated ic 10 : (3, 6.000000) count=1.000000
                                    202 ;	Raw cost for generated ic 11 : (0, 0.000000) count=1.000000
                                    203 ;	Raw cost for generated ic 12 : (0, 0.000000) count=1.000000
                                    204 ;	genCall
                                    205 ;	genSend
    0000002D AA               [ 2]  206 	tax
    0000002E A9 09            [ 2]  207 	lda	#0x09
    00000030 20r00r00         [ 6]  208 	jsr	_gotoxy
                                    209 ;	Raw cost for generated ic 13 : (6, 10.000000) count=1.000000
                                    210 ;	src/irq.c: 47: }
                                    211 ;	genCritical
    00000033 08               [ 3]  212 	php
    00000034 78               [ 2]  213 	sei
                                    214 ;	Raw cost for generated ic 14 : (2, 5.000000) count=1.000000
                                    215 ;	src/irq.c: 46: cnt = vbl_cnt; 
                                    216 ;	genEndCritical
    00000035 28               [ 4]  217 	plp
                                    218 ;	Raw cost for generated ic 16 : (1, 4.000000) count=1.000000
                                    219 ;	src/irq.c: 49: printf("- VBL %u\n", cnt);
                                    220 ;	skipping iCode since result will be rematerialized
                                    221 ;	Raw cost for generated ic 17 : (0, 0.000000) count=1.000000
                                    222 ;	skipping iCode since result will be rematerialized
                                    223 ;	Raw cost for generated ic 18 : (0, 0.000000) count=1.000000
                                    224 ;	genIpush
    00000036 ADr01r00         [ 4]  225 	lda	(_vbl_cnt + 1)
    00000039 48               [ 3]  226 	pha
    0000003A ADr00r00         [ 4]  227 	lda	_vbl_cnt
    0000003D 48               [ 3]  228 	pha
                                    229 ;	Raw cost for generated ic 19 : (8, 14.000000) count=1.000000
                                    230 ;	genIpush
    0000003E A9s00            [ 2]  231 	lda	#>___str_1
    00000040 48               [ 3]  232 	pha
    00000041 A9rCA            [ 2]  233 	lda	#___str_1
    00000043 48               [ 3]  234 	pha
                                    235 ;	Raw cost for generated ic 20 : (6, 10.000000) count=1.000000
                                    236 ;	genCall
    00000044 20r00r00         [ 6]  237 	jsr	_printf
    00000047 68               [ 4]  238 	pla
    00000048 68               [ 4]  239 	pla
    00000049 68               [ 4]  240 	pla
    0000004A 68               [ 4]  241 	pla
                                    242 ;	Raw cost for generated ic 21 : (7, 22.000000) count=1.000000
                                    243 ;	genLabel
                                    244 ;	Raw cost for generated ic 22 : (0, 0.000000) count=1.000000
                                    245 ;	src/irq.c: 50: }
                                    246 ;	genEndFunction
    0000004B 60               [ 6]  247 	rts
                                    248 ;	Raw cost for generated ic 23 : (1, 6.000000) count=1.000000
                                    249 ;------------------------------------------------------------
                                    250 ;Allocation info for local variables in function 'main'
                                    251 ;------------------------------------------------------------
                                    252 ;sloc0         Allocated with name '_main_sloc0_1_0'
                                    253 ;double_speed_mode Allocated to registers 
                                    254 ;__400000009   Allocated to registers a 
                                    255 ;num_frames    Allocated with name '_main_num_frames_30000_134'
                                    256 ;i             Allocated to registers 
                                    257 ;------------------------------------------------------------
                                    258 ;	src/irq.c: 52: void main(void)
                                    259 ;	genLabel
                                    260 ;	Raw cost for generated ic 0 : (0, 0.000000) count=1.000000
                                    261 ;	-----------------------------------------
                                    262 ;	 function main
                                    263 ;	-----------------------------------------
                                    264 ;	Register assignment is optimal.
                                    265 ;	Stack space usage: 0 bytes.
    0000004C                        266 _main:
                                    267 ;	Raw cost for generated ic 1 : (0, 0.000000) count=1.000000
                                    268 ;	src/irq.c: 74: }
                                    269 ;	genCritical
    0000004C 08               [ 3]  270 	php
    0000004D 78               [ 2]  271 	sei
                                    272 ;	Raw cost for generated ic 4 : (2, 5.000000) count=1.000000
                                    273 ;	src/irq.c: 71: vbl_cnt = tim_cnt = 0;
                                    274 ;	genAssign
                                    275 ;	genAssignLit
    0000004E A2 00            [ 2]  276 	ldx	#0x00
    00000050 8Er02r00         [ 4]  277 	stx	_tim_cnt
    00000053 8Er03r00         [ 4]  278 	stx	(_tim_cnt + 1)
                                    279 ;	Raw cost for generated ic 6 : (8, 10.000000) count=1.000000
                                    280 ;	genAssign
                                    281 ;	genAssignLit
    00000056 8Er00r00         [ 4]  282 	stx	_vbl_cnt
    00000059 8Er01r00         [ 4]  283 	stx	(_vbl_cnt + 1)
                                    284 ;	Raw cost for generated ic 8 : (6, 8.000000) count=1.000000
                                    285 ;	src/irq.c: 72: add_VBL(vbl);
                                    286 ;	Raw cost for generated ic 9 : (0, 0.000000) count=1.000000
                                    287 ;	genCall
                                    288 ;	genSend
    0000005C A2s00            [ 2]  289 	ldx	#>(_vbl)
    0000005E A9r00            [ 2]  290 	lda	#(_vbl)
    00000060 20r00r00         [ 6]  291 	jsr	_add_VBL
                                    292 ;	Raw cost for generated ic 10 : (7, 10.000000) count=1.000000
                                    293 ;	src/irq.c: 73: add_TIM(tim);
                                    294 ;	Raw cost for generated ic 11 : (0, 0.000000) count=1.000000
                                    295 ;	genCall
                                    296 ;	genSend
    00000063 A2s00            [ 2]  297 	ldx	#>(_tim)
    00000065 A9r09            [ 2]  298 	lda	#(_tim)
    00000067 20r00r00         [ 6]  299 	jsr	_add_TIM
                                    300 ;	Raw cost for generated ic 12 : (7, 10.000000) count=1.000000
                                    301 ;	genEndCritical
    0000006A 28               [ 4]  302 	plp
                                    303 ;	Raw cost for generated ic 13 : (1, 4.000000) count=1.000000
                                    304 ;	src/irq.c: 78: TMA_REG = double_speed_mode ? 0x00U : 0x80;
                                    305 ;	genAssign
                                    306 ;	genAssignLit
                                    307 ;	genCopy
    0000006B A2 00            [ 2]  308 	ldx	#0x00
    0000006D 8Er00r00         [ 4]  309 	stx	_TMA_REG
                                    310 ;	Raw cost for generated ic 21 : (5, 6.000000) count=1.000000
                                    311 ;	src/irq.c: 80: TAC_REG = 0x04U;
                                    312 ;	genAssign
                                    313 ;	genAssignLit
                                    314 ;	genCopy
    00000070 A2 04            [ 2]  315 	ldx	#0x04
    00000072 8Er00r00         [ 4]  316 	stx	_TAC_REG
                                    317 ;	Raw cost for generated ic 22 : (5, 6.000000) count=1.000000
                                    318 ;	src/irq.c: 86: set_interrupts(VBL_IFLAG | TIM_IFLAG);
                                    319 ;	Raw cost for generated ic 23 : (0, 0.000000) count=1.000000
                                    320 ;	genCall
                                    321 ;	genSend
    00000075 A9 05            [ 2]  322 	lda	#0x05
    00000077 20r00r00         [ 6]  323 	jsr	_set_interrupts
                                    324 ;	Raw cost for generated ic 24 : (5, 8.000000) count=1.000000
                                    325 ;	genLabel
    0000007A                        326 00110$:
                                    327 ;	Raw cost for generated ic 25 : (0, 0.000000) count=54.250000
                                    328 ;	src/irq.c: 89: uint8_t num_frames = (get_system() == SYSTEM_50HZ) ? 50 : 60;
                                    329 ;	genIfx
    0000007A ADr00r00         [ 4]  330 	lda	__SYSTEM
                                    331 ;	genIfxJump : z
    0000007D D0 05            [ 4]  332 	bne	00104$
                                    333 ;	Raw cost for generated ic 26 : (8, 9.600000) count=54.250000
                                    334 ;	genAssign
                                    335 ;	genAssignLit
                                    336 ;	genCopy
    0000007F A9 00            [ 2]  337 	lda	#0x00
                                    338 ;	Raw cost for generated ic 29 : (2, 2.000000) count=40.687500
                                    339 ;	genGoto
    00000081 4Cr86r00         [ 3]  340 	jmp	00106$
                                    341 ;	Raw cost for generated ic 30 : (3, 3.000000) count=40.687500
                                    342 ;	genLabel
    00000084                        343 00104$:
                                    344 ;	Raw cost for generated ic 32 : (0, 0.000000) count=13.562500
                                    345 ;	genAssign
                                    346 ;	genAssignLit
                                    347 ;	genCopy
    00000084 A9 01            [ 2]  348 	lda	#0x01
                                    349 ;	Raw cost for generated ic 33 : (2, 2.000000) count=13.562500
                                    350 ;	genLabel
    00000086                        351 00106$:
                                    352 ;	Raw cost for generated ic 36 : (0, 0.000000) count=54.250000
                                    353 ;	genCmpEQorNE
    00000086 C9 01            [ 2]  354 	cmp	#0x01
    00000088 D0 05            [ 4]  355 	bne	00116$
                                    356 ;	Raw cost for generated ic 37 : (7, 7.600000) count=54.250000
                                    357 ;	skipping generated iCode
                                    358 ;	Raw cost for generated ic 38 : (0, 0.000000) count=54.250000
                                    359 ;	genAssign
                                    360 ;	genAssignLit
                                    361 ;	genCopy
    0000008A A9 32            [ 2]  362 	lda	#0x32
                                    363 ;	Raw cost for generated ic 39 : (2, 2.000000) count=40.687500
                                    364 ;	genGoto
    0000008C 4Cr91r00         [ 3]  365 	jmp	00117$
                                    366 ;	Raw cost for generated ic 40 : (3, 3.000000) count=40.687500
                                    367 ;	genLabel
    0000008F                        368 00116$:
                                    369 ;	Raw cost for generated ic 41 : (0, 0.000000) count=13.562500
                                    370 ;	genAssign
                                    371 ;	genAssignLit
                                    372 ;	genCopy
    0000008F A9 3C            [ 2]  373 	lda	#0x3c
                                    374 ;	Raw cost for generated ic 42 : (2, 2.000000) count=13.562500
                                    375 ;	genLabel
    00000091                        376 00117$:
                                    377 ;	Raw cost for generated ic 43 : (0, 0.000000) count=54.250000
                                    378 ;	genCast
                                    379 ;	genCopy
    00000091 8Dr04r00         [ 4]  380 	sta	_main_num_frames_30000_134
                                    381 ;	Raw cost for generated ic 44 : (3, 4.000000) count=54.250000
                                    382 ;	src/irq.c: 90: print_counter();
                                    383 ;	genCall
    00000094 20r12r00         [ 6]  384 	jsr	_print_counter
                                    385 ;	Raw cost for generated ic 46 : (3, 6.000000) count=54.250000
                                    386 ;	src/irq.c: 92: for(int i = 0; i < num_frames; i++) {
                                    387 ;	genAssign
                                    388 ;	genAssignLit
    00000097 A2 00            [ 2]  389 	ldx	#0x00
    00000099 86*00            [ 3]  390 	stx	*_main_sloc0_1_0
    0000009B 86*01            [ 3]  391 	stx	*(_main_sloc0_1_0 + 1)
                                    392 ;	Raw cost for generated ic 68 : (6, 8.000000) count=54.250000
                                    393 ;	genLabel
    0000009D                        394 00108$:
                                    395 ;	Raw cost for generated ic 48 : (0, 0.000000) count=72.000000
                                    396 ;	genCast
                                    397 ;	genCopy
    0000009D A2 00            [ 2]  398 	ldx	#0x00
    0000009F ADr04r00         [ 4]  399 	lda	_main_num_frames_30000_134
                                    400 ;	Raw cost for generated ic 49 : (5, 6.000000) count=72.000000
                                    401 ;	genCmp
    000000A2 85*00            [ 3]  402 	sta	*(REGTEMP+0)
    000000A4 A5*00            [ 3]  403 	lda	*_main_sloc0_1_0
    000000A6 38               [ 2]  404 	sec
    000000A7 E5*00            [ 3]  405 	sbc	*(REGTEMP+0)
    000000A9 A5*01            [ 3]  406 	lda	*(_main_sloc0_1_0 + 1)
    000000AB E9 00            [ 2]  407 	sbc	#0x00
    000000AD 50 04            [ 4]  408 	bvc	00153$
    000000AF 10 04            [ 4]  409 	bpl	00152$
    000000B1 30 C7            [ 4]  410 	bmi	00110$
    000000B3                        411 00153$:
    000000B3 10 C5            [ 4]  412 	bpl	00110$
    000000B5                        413 00152$:
                                    414 ;	Raw cost for generated ic 50 : (22, 29.400002) count=72.000000
                                    415 ;	skipping generated iCode
                                    416 ;	Raw cost for generated ic 51 : (0, 0.000000) count=72.000000
                                    417 ;	src/irq.c: 93: vsync();
                                    418 ;	genCall
    000000B5 20r00r00         [ 6]  419 	jsr	_vsync
                                    420 ;	Raw cost for generated ic 54 : (3, 6.000000) count=18.000000
                                    421 ;	src/irq.c: 92: for(int i = 0; i < num_frames; i++) {
                                    422 ;	genPlus
                                    423 ;	genPlusIncr
    000000B8 E6*00            [ 5]  424 	inc	*_main_sloc0_1_0
    000000BA D0 E1            [ 4]  425 	bne	00108$
    000000BC E6*01            [ 5]  426 	inc	*(_main_sloc0_1_0 + 1)
                                    427 ;	Raw cost for generated ic 57 : (6, 12.600000) count=18.000000
                                    428 ;	genGoto
    000000BE 4Cr9Dr00         [ 3]  429 	jmp	00108$
                                    430 ;	Raw cost for generated ic 59 : (3, 3.000000) count=18.000000
                                    431 ;	genLabel
                                    432 ;	Raw cost for generated ic 64 : (0, 0.000000) count=0.000000
                                    433 ;	src/irq.c: 96: }
                                    434 ;	genEndFunction
    000000C1 60               [ 6]  435 	rts
                                    436 ;	Raw cost for generated ic 65 : (1, 6.000000) count=0.000000
                                    437 	.area _CODE
    000000C2                        438 ___str_0:
    000000C2 20 54 49 4D 20 25 75   439 	.ascii " TIM %u"
    000000C9 00                     440 	.db 0x00
    000000CA                        441 ___str_1:
    000000CA 2D 20 56 42 4C 20 25   442 	.ascii "- VBL %u"
             75
    000000D2 0A                     443 	.db 0x0a
    000000D3 00                     444 	.db 0x00
                                    445 	.area _XINIT
                                    446 	.area _CABS    (ABS)
