                                      1 ;--------------------------------------------------------
                                      2 ; File Created by SDCC : free open source ISO C Compiler
                                      3 ; Version 4.5.1 #15267 (Mac OS X ppc)
                                      4 ;--------------------------------------------------------
                                      5 	.module phys
                                      6 	
                                      7 ;; Ordering of segments for the linker.
                                      8 	.area _ZP      (PAG)
                                      9 	.area _OSEG    (PAG, OVR)
                                     10 	.area _HOME
                                     11 	.area _GSINIT
                                     12 	.area _GSFINAL
                                     13 	.area _CODE
                                     14 	.area _XINIT
                                     15 	.area _DATA
                                     16 	.area _DATA
                                     17 	.area _BSS
                                     18 ;--------------------------------------------------------
                                     19 ; Public variables in this module
                                     20 ;--------------------------------------------------------
                                     21 	.globl _sprite_data
                                     22 	.globl _main
                                     23 	.globl _move_sprite
                                     24 	.globl _set_sprite_tile
                                     25 	.globl _set_sprite_data
                                     26 	.globl _vsync
                                     27 	.globl _joypad
                                     28 	.globl _joy
                                     29 	.globl _old_joy
                                     30 	.globl _SpdY
                                     31 	.globl _SpdX
                                     32 	.globl _PosY
                                     33 	.globl _PosX
                                     34 	.globl _OAMDMA
                                     35 	.globl _PPUDATA
                                     36 	.globl _PPUADDR
                                     37 	.globl _PPUSCROLL
                                     38 	.globl _OAMDATA
                                     39 	.globl _OAMADDR
                                     40 	.globl _PPUSTATUS
                                     41 	.globl _PPUMASK
                                     42 	.globl _PPUCTRL
                                     43 ;--------------------------------------------------------
                                     44 ; ZP ram data
                                     45 ;--------------------------------------------------------
                                     46 	.area _ZP      (PAG)
                                     47 ;--------------------------------------------------------
                                     48 ; overlayable items in ram
                                     49 ;--------------------------------------------------------
                                     50 	.area	OSEG    (PAG, OVR)
    00000000                         51 _main_sloc0_1_0:
    00000000                         52 	.ds 2
                                     53 ;--------------------------------------------------------
                                     54 ; uninitialized external ram data
                                     55 ;--------------------------------------------------------
                                     56 	.area _BSS
                         00002000    57 _PPUCTRL	=	0x2000
                         00002001    58 _PPUMASK	=	0x2001
                         00002002    59 _PPUSTATUS	=	0x2002
                         00002003    60 _OAMADDR	=	0x2003
                         00002004    61 _OAMDATA	=	0x2004
                         00002005    62 _PPUSCROLL	=	0x2005
                         00002006    63 _PPUADDR	=	0x2006
                         00002007    64 _PPUDATA	=	0x2007
                         00004014    65 _OAMDMA	=	0x4014
    00000000                         66 _PosX::
    00000000                         67 	.ds 2
    00000002                         68 _PosY::
    00000002                         69 	.ds 2
    00000004                         70 _SpdX::
    00000004                         71 	.ds 2
    00000006                         72 _SpdY::
    00000006                         73 	.ds 2
    00000008                         74 _old_joy::
    00000008                         75 	.ds 1
                                     76 ;--------------------------------------------------------
                                     77 ; absolute external ram data
                                     78 ;--------------------------------------------------------
                                     79 	.area _DABS    (ABS)
                                     80 ;--------------------------------------------------------
                                     81 ; initialized external ram data
                                     82 ;--------------------------------------------------------
                                     83 	.area _DATA
    00000000                         84 _joy::
    00000000                         85 	.ds 1
                                     86 ;--------------------------------------------------------
                                     87 ; global & static initialisations
                                     88 ;--------------------------------------------------------
                                     89 	.area _HOME
                                     90 	.area _GSINIT
                                     91 	.area _GSFINAL
                                     92 	.area _GSINIT
                                     93 ;--------------------------------------------------------
                                     94 ; Home
                                     95 ;--------------------------------------------------------
                                     96 	.area _HOME
                                     97 	.area _HOME
                                     98 ;--------------------------------------------------------
                                     99 ; code
                                    100 ;--------------------------------------------------------
                                    101 	.area _CODE
                                    102 ;------------------------------------------------------------
                                    103 ;Allocation info for local variables in function 'main'
                                    104 ;------------------------------------------------------------
                                    105 ;sloc0         Allocated with name '_main_sloc0_1_0'
                                    106 ;------------------------------------------------------------
                                    107 ;	src/phys.c: 45: void main(void) {
                                    108 ;	genLabel
                                    109 ;	Raw cost for generated ic 0 : (0, 0.000000) count=1.000000
                                    110 ;	-----------------------------------------
                                    111 ;	 function main
                                    112 ;	-----------------------------------------
                                    113 ;	Register assignment is optimal.
                                    114 ;	Stack space usage: 0 bytes.
    00000000                        115 _main:
                                    116 ;	Raw cost for generated ic 1 : (0, 0.000000) count=1.000000
                                    117 ;	src/phys.c: 51: set_sprite_data(0, 4, sprite_data);
                                    118 ;	skipping iCode since result will be rematerialized
                                    119 ;	Raw cost for generated ic 2 : (0, 0.000000) count=1.000000
                                    120 ;	genCast
                                    121 ;	genCopy
    00000000 A9s02            [ 2]  122 	lda	#>_sprite_data
    00000002 8Dr01r00         [ 4]  123 	sta	(_set_sprite_data_PARM_3 + 1)
    00000005 A9r2D            [ 2]  124 	lda	#_sprite_data
    00000007 8Dr00r00         [ 4]  125 	sta	_set_sprite_data_PARM_3
                                    126 ;	Raw cost for generated ic 3 : (10, 12.000000) count=1.000000
                                    127 ;	Raw cost for generated ic 4 : (0, 0.000000) count=1.000000
                                    128 ;	Raw cost for generated ic 5 : (0, 0.000000) count=1.000000
                                    129 ;	genCall
                                    130 ;	genSend
    0000000A A9 00            [ 2]  131 	lda	#0x00
    0000000C A2 04            [ 2]  132 	ldx	#0x04
    0000000E 20r00r00         [ 6]  133 	jsr	_set_sprite_data
                                    134 ;	Raw cost for generated ic 7 : (7, 10.000000) count=1.000000
                                    135 ;	src/phys.c: 54: set_sprite_tile(0, 0);
                                    136 ;	Raw cost for generated ic 8 : (0, 0.000000) count=1.000000
                                    137 ;	Raw cost for generated ic 9 : (0, 0.000000) count=1.000000
                                    138 ;	genCall
                                    139 ;	genSend
    00000011 A9 00            [ 2]  140 	lda	#0x00
    00000013 AA               [ 2]  141 	tax
    00000014 20r00r00         [ 6]  142 	jsr	_set_sprite_tile
                                    143 ;	Raw cost for generated ic 10 : (6, 10.000000) count=1.000000
                                    144 ;	src/phys.c: 57: SHOW_BKG; SHOW_SPRITES;
                                    145 ;	genOr
    00000017 ADr00r00         [ 4]  146 	lda	_shadow_PPUMASK
    0000001A 09 08            [ 2]  147 	ora	#0x08
    0000001C 8Dr00r00         [ 4]  148 	sta	_shadow_PPUMASK
                                    149 ;	Raw cost for generated ic 11 : (8, 10.000000) count=1.000000
                                    150 ;	genOr
    0000001F ADr00r00         [ 4]  151 	lda	_shadow_PPUMASK
    00000022 09 10            [ 2]  152 	ora	#0x10
    00000024 8Dr00r00         [ 4]  153 	sta	_shadow_PPUMASK
                                    154 ;	Raw cost for generated ic 13 : (8, 10.000000) count=1.000000
                                    155 ;	src/phys.c: 59: PosX = PosY = PIXELS_TO_SUBPIXELS(64);
                                    156 ;	genAssign
                                    157 ;	genAssignLit
    00000027 A2 00            [ 2]  158 	ldx	#0x00
    00000029 8Er02r00         [ 4]  159 	stx	_PosY
    0000002C A2 04            [ 2]  160 	ldx	#0x04
    0000002E 8Er03r00         [ 4]  161 	stx	(_PosY + 1)
                                    162 ;	Raw cost for generated ic 16 : (10, 12.000000) count=1.000000
                                    163 ;	genAssign
                                    164 ;	genAssignLit
    00000031 A2 00            [ 2]  165 	ldx	#0x00
    00000033 8Er00r00         [ 4]  166 	stx	_PosX
    00000036 A2 04            [ 2]  167 	ldx	#0x04
    00000038 8Er01r00         [ 4]  168 	stx	(_PosX + 1)
                                    169 ;	Raw cost for generated ic 18 : (10, 12.000000) count=1.000000
                                    170 ;	src/phys.c: 60: SpdX = SpdY = PIXELS_TO_SUBPIXELS(0);
                                    171 ;	genAssign
                                    172 ;	genAssignLit
    0000003B A2 00            [ 2]  173 	ldx	#0x00
    0000003D 8Er06r00         [ 4]  174 	stx	_SpdY
    00000040 8Er07r00         [ 4]  175 	stx	(_SpdY + 1)
                                    176 ;	Raw cost for generated ic 20 : (8, 10.000000) count=1.000000
                                    177 ;	genAssign
                                    178 ;	genAssignLit
    00000043 8Er04r00         [ 4]  179 	stx	_SpdX
    00000046 8Er05r00         [ 4]  180 	stx	(_SpdX + 1)
                                    181 ;	Raw cost for generated ic 22 : (6, 8.000000) count=1.000000
                                    182 ;	src/phys.c: 62: while(TRUE) {
                                    183 ;	genLabel
    00000049                        184 00132$:
                                    185 ;	Raw cost for generated ic 25 : (0, 0.000000) count=72.000000
                                    186 ;	src/phys.c: 64: INPUT_PROCESS;
                                    187 ;	genAssign
                                    188 ;	genAssignLit
                                    189 ;	genCopy
    00000049 ADr00r00         [ 4]  190 	lda	_joy
    0000004C 8Dr08r00         [ 4]  191 	sta	_old_joy
                                    192 ;	Raw cost for generated ic 26 : (6, 9.000000) count=72.000000
                                    193 ;	genCall
    0000004F 20r00r00         [ 6]  194 	jsr	_joypad
                                    195 ;	assignResultValue
    00000052 AA               [ 2]  196 	tax
                                    197 ;	Raw cost for generated ic 28 : (4, 8.000000) count=72.000000
                                    198 ;	genAssign
                                    199 ;	genAssignLit
                                    200 ;	genCopy
    00000053 8Er00r00         [ 4]  201 	stx	_joy
                                    202 ;	Raw cost for generated ic 30 : (3, 5.000000) count=72.000000
                                    203 ;	src/phys.c: 67: if (INPUT_KEY(J_UP)) {
                                    204 ;	genAnd
    00000056 8A               [ 2]  205 	txa
    00000057 29 08            [ 2]  206 	and	#0x08
                                    207 ;	genIfxJump : z
    00000059 F0 32            [ 4]  208 	beq	00108$
                                    209 ;	Raw cost for generated ic 32 : (8, 9.600000) count=72.000000
                                    210 ;	skipping generated iCode
                                    211 ;	Raw cost for generated ic 33 : (0, 0.000000) count=72.000000
                                    212 ;	src/phys.c: 68: SpdY -= Y_ACCELERATION_IN_SUBPIXELS;
                                    213 ;	genCast
                                    214 ;	genCopy
    0000005B AEr07r00         [ 4]  215 	ldx	(_SpdY + 1)
    0000005E ADr06r00         [ 4]  216 	lda	_SpdY
                                    217 ;	Raw cost for generated ic 36 : (6, 8.000000) count=54.000000
                                    218 ;	genMinus
                                    219 ;	genMinusDec
    00000061 38               [ 2]  220 	sec
    00000062 E9 02            [ 2]  221 	sbc	#0x02
    00000064 B0 01            [ 4]  222 	bcs	00222$
    00000066 CA               [ 2]  223 	dex
    00000067                        224 00222$:
                                    225 ;	Raw cost for generated ic 37 : (6, 8.600000) count=54.000000
                                    226 ;	genCast
                                    227 ;	genCopy
    00000067 8Dr06r00         [ 4]  228 	sta	_SpdY
    0000006A 8Er07r00         [ 4]  229 	stx	(_SpdY + 1)
                                    230 ;	Raw cost for generated ic 38 : (6, 8.000000) count=54.000000
                                    231 ;	src/phys.c: 69: if (SpdY < -MAX_Y_SPEED_IN_SUBPIXELS) SpdY = -MAX_Y_SPEED_IN_SUBPIXELS;
                                    232 ;	genCmp
    0000006D ADr06r00         [ 4]  233 	lda	_SpdY
    00000070 38               [ 2]  234 	sec
    00000071 E9 C0            [ 2]  235 	sbc	#0xc0
    00000073 ADr07r00         [ 4]  236 	lda	(_SpdY + 1)
    00000076 E9 FF            [ 2]  237 	sbc	#0xff
    00000078 50 04            [ 4]  238 	bvc	00224$
    0000007A 10 04            [ 4]  239 	bpl	00223$
    0000007C 30 45            [ 4]  240 	bmi	00109$
    0000007E                        241 00224$:
    0000007E 10 43            [ 4]  242 	bpl	00109$
    00000080                        243 00223$:
                                    244 ;	Raw cost for generated ic 41 : (22, 27.400002) count=54.000000
                                    245 ;	skipping generated iCode
                                    246 ;	Raw cost for generated ic 42 : (0, 0.000000) count=54.000000
                                    247 ;	genAssign
                                    248 ;	genAssignLit
    00000080 A2 C0            [ 2]  249 	ldx	#0xc0
    00000082 8Er06r00         [ 4]  250 	stx	_SpdY
    00000085 A2 FF            [ 2]  251 	ldx	#0xff
    00000087 8Er07r00         [ 4]  252 	stx	(_SpdY + 1)
                                    253 ;	Raw cost for generated ic 46 : (10, 12.000000) count=40.500000
                                    254 ;	genGoto
    0000008A 4CrC3r00         [ 3]  255 	jmp	00109$
                                    256 ;	Raw cost for generated ic 48 : (3, 3.000000) count=40.500000
                                    257 ;	genLabel
    0000008D                        258 00108$:
                                    259 ;	Raw cost for generated ic 49 : (0, 0.000000) count=18.000000
                                    260 ;	src/phys.c: 70: } else if (INPUT_KEY(J_DOWN)) {
                                    261 ;	genAnd
    0000008D 8A               [ 2]  262 	txa
    0000008E 29 04            [ 2]  263 	and	#0x04
                                    264 ;	genIfxJump : z
    00000090 F0 31            [ 4]  265 	beq	00109$
                                    266 ;	Raw cost for generated ic 51 : (8, 9.600000) count=18.000000
                                    267 ;	skipping generated iCode
                                    268 ;	Raw cost for generated ic 52 : (0, 0.000000) count=18.000000
                                    269 ;	src/phys.c: 71: SpdY += Y_ACCELERATION_IN_SUBPIXELS;
                                    270 ;	genCast
                                    271 ;	genCopy
    00000092 AEr07r00         [ 4]  272 	ldx	(_SpdY + 1)
    00000095 ADr06r00         [ 4]  273 	lda	_SpdY
                                    274 ;	Raw cost for generated ic 55 : (6, 8.000000) count=13.500000
                                    275 ;	genPlus
                                    276 ;	genPlusIncr
    00000098 18               [ 2]  277 	clc
    00000099 69 02            [ 2]  278 	adc	#0x02
    0000009B 90 01            [ 4]  279 	bcc	00228$
    0000009D E8               [ 2]  280 	inx
    0000009E                        281 00228$:
                                    282 ;	Raw cost for generated ic 56 : (6, 8.600000) count=13.500000
                                    283 ;	genCast
                                    284 ;	genCopy
                                    285 ;	Raw cost for generated ic 57 : (6, 8.000000) count=13.500000
                                    286 ;	src/phys.c: 72: if (SpdY > MAX_Y_SPEED_IN_SUBPIXELS) SpdY = MAX_Y_SPEED_IN_SUBPIXELS;
                                    287 ;	genCast
                                    288 ;	genCopy
    0000009E 8Dr06r00         [ 4]  289 	sta	_SpdY
    000000A1 8Er07r00         [ 4]  290 	stx	(_SpdY + 1)
                                    291 ;	Raw cost for generated ic 60 : (6, 8.000000) count=13.500000
                                    292 ;	genCmp
    000000A4 85*00            [ 3]  293 	sta	*(REGTEMP+0)
    000000A6 A9 40            [ 2]  294 	lda	#0x40
    000000A8 38               [ 2]  295 	sec
    000000A9 E5*00            [ 3]  296 	sbc	*(REGTEMP+0)
    000000AB A9 00            [ 2]  297 	lda	#0x00
    000000AD 86*00            [ 3]  298 	stx	*(REGTEMP+0)
    000000AF E5*00            [ 3]  299 	sbc	*(REGTEMP+0)
    000000B1 50 04            [ 4]  300 	bvc	00230$
    000000B3 10 04            [ 4]  301 	bpl	00229$
    000000B5 30 0C            [ 4]  302 	bmi	00109$
    000000B7                        303 00230$:
    000000B7 10 0A            [ 4]  304 	bpl	00109$
    000000B9                        305 00229$:
                                    306 ;	Raw cost for generated ic 61 : (24, 31.400002) count=13.500000
                                    307 ;	skipping generated iCode
                                    308 ;	Raw cost for generated ic 62 : (0, 0.000000) count=13.500000
                                    309 ;	genAssign
                                    310 ;	genAssignLit
    000000B9 A2 40            [ 2]  311 	ldx	#0x40
    000000BB 8Er06r00         [ 4]  312 	stx	_SpdY
    000000BE A2 00            [ 2]  313 	ldx	#0x00
    000000C0 8Er07r00         [ 4]  314 	stx	(_SpdY + 1)
                                    315 ;	Raw cost for generated ic 66 : (10, 12.000000) count=10.125000
                                    316 ;	genLabel
    000000C3                        317 00109$:
                                    318 ;	Raw cost for generated ic 69 : (0, 0.000000) count=72.000000
                                    319 ;	src/phys.c: 74: if (INPUT_KEY(J_LEFT)) {
                                    320 ;	genCast
                                    321 ;	genCopy
    000000C3 AEr00r00         [ 4]  322 	ldx	_joy
                                    323 ;	Raw cost for generated ic 70 : (3, 4.000000) count=72.000000
                                    324 ;	genAnd
    000000C6 8A               [ 2]  325 	txa
    000000C7 29 02            [ 2]  326 	and	#0x02
                                    327 ;	genIfxJump : z
    000000C9 F0 32            [ 4]  328 	beq	00117$
                                    329 ;	Raw cost for generated ic 71 : (8, 9.600000) count=72.000000
                                    330 ;	skipping generated iCode
                                    331 ;	Raw cost for generated ic 72 : (0, 0.000000) count=72.000000
                                    332 ;	src/phys.c: 75: SpdX -= X_ACCELERATION_IN_SUBPIXELS;
                                    333 ;	genCast
                                    334 ;	genCopy
    000000CB AEr05r00         [ 4]  335 	ldx	(_SpdX + 1)
    000000CE ADr04r00         [ 4]  336 	lda	_SpdX
                                    337 ;	Raw cost for generated ic 75 : (6, 8.000000) count=54.000000
                                    338 ;	genMinus
                                    339 ;	genMinusDec
    000000D1 38               [ 2]  340 	sec
    000000D2 E9 02            [ 2]  341 	sbc	#0x02
    000000D4 B0 01            [ 4]  342 	bcs	00234$
    000000D6 CA               [ 2]  343 	dex
    000000D7                        344 00234$:
                                    345 ;	Raw cost for generated ic 76 : (6, 8.600000) count=54.000000
                                    346 ;	genCast
                                    347 ;	genCopy
    000000D7 8Dr04r00         [ 4]  348 	sta	_SpdX
    000000DA 8Er05r00         [ 4]  349 	stx	(_SpdX + 1)
                                    350 ;	Raw cost for generated ic 77 : (6, 8.000000) count=54.000000
                                    351 ;	src/phys.c: 76: if (SpdX < -MAX_X_SPEED_IN_SUBPIXELS) SpdX = -MAX_X_SPEED_IN_SUBPIXELS;
                                    352 ;	genCmp
    000000DD ADr04r00         [ 4]  353 	lda	_SpdX
    000000E0 38               [ 2]  354 	sec
    000000E1 E9 C0            [ 2]  355 	sbc	#0xc0
    000000E3 ADr05r00         [ 4]  356 	lda	(_SpdX + 1)
    000000E6 E9 FF            [ 2]  357 	sbc	#0xff
    000000E8 50 04            [ 4]  358 	bvc	00236$
    000000EA 10 04            [ 4]  359 	bpl	00235$
    000000EC 30 45            [ 4]  360 	bmi	00118$
    000000EE                        361 00236$:
    000000EE 10 43            [ 4]  362 	bpl	00118$
    000000F0                        363 00235$:
                                    364 ;	Raw cost for generated ic 80 : (22, 27.400002) count=54.000000
                                    365 ;	skipping generated iCode
                                    366 ;	Raw cost for generated ic 81 : (0, 0.000000) count=54.000000
                                    367 ;	genAssign
                                    368 ;	genAssignLit
    000000F0 A2 C0            [ 2]  369 	ldx	#0xc0
    000000F2 8Er04r00         [ 4]  370 	stx	_SpdX
    000000F5 A2 FF            [ 2]  371 	ldx	#0xff
    000000F7 8Er05r00         [ 4]  372 	stx	(_SpdX + 1)
                                    373 ;	Raw cost for generated ic 85 : (10, 12.000000) count=40.500000
                                    374 ;	genGoto
    000000FA 4Cr33r01         [ 3]  375 	jmp	00118$
                                    376 ;	Raw cost for generated ic 87 : (3, 3.000000) count=40.500000
                                    377 ;	genLabel
    000000FD                        378 00117$:
                                    379 ;	Raw cost for generated ic 88 : (0, 0.000000) count=18.000000
                                    380 ;	src/phys.c: 77: } else if (INPUT_KEY(J_RIGHT)) {
                                    381 ;	genAnd
    000000FD 8A               [ 2]  382 	txa
    000000FE 29 01            [ 2]  383 	and	#0x01
                                    384 ;	genIfxJump : z
    00000100 F0 31            [ 4]  385 	beq	00118$
                                    386 ;	Raw cost for generated ic 90 : (8, 9.600000) count=18.000000
                                    387 ;	skipping generated iCode
                                    388 ;	Raw cost for generated ic 91 : (0, 0.000000) count=18.000000
                                    389 ;	src/phys.c: 78: SpdX += X_ACCELERATION_IN_SUBPIXELS;
                                    390 ;	genCast
                                    391 ;	genCopy
    00000102 AEr05r00         [ 4]  392 	ldx	(_SpdX + 1)
    00000105 ADr04r00         [ 4]  393 	lda	_SpdX
                                    394 ;	Raw cost for generated ic 94 : (6, 8.000000) count=13.500000
                                    395 ;	genPlus
                                    396 ;	genPlusIncr
    00000108 18               [ 2]  397 	clc
    00000109 69 02            [ 2]  398 	adc	#0x02
    0000010B 90 01            [ 4]  399 	bcc	00240$
    0000010D E8               [ 2]  400 	inx
    0000010E                        401 00240$:
                                    402 ;	Raw cost for generated ic 95 : (6, 8.600000) count=13.500000
                                    403 ;	genCast
                                    404 ;	genCopy
                                    405 ;	Raw cost for generated ic 96 : (6, 8.000000) count=13.500000
                                    406 ;	src/phys.c: 79: if (SpdX > MAX_X_SPEED_IN_SUBPIXELS) SpdX = MAX_X_SPEED_IN_SUBPIXELS;
                                    407 ;	genCast
                                    408 ;	genCopy
    0000010E 8Dr04r00         [ 4]  409 	sta	_SpdX
    00000111 8Er05r00         [ 4]  410 	stx	(_SpdX + 1)
                                    411 ;	Raw cost for generated ic 99 : (6, 8.000000) count=13.500000
                                    412 ;	genCmp
    00000114 85*00            [ 3]  413 	sta	*(REGTEMP+0)
    00000116 A9 40            [ 2]  414 	lda	#0x40
    00000118 38               [ 2]  415 	sec
    00000119 E5*00            [ 3]  416 	sbc	*(REGTEMP+0)
    0000011B A9 00            [ 2]  417 	lda	#0x00
    0000011D 86*00            [ 3]  418 	stx	*(REGTEMP+0)
    0000011F E5*00            [ 3]  419 	sbc	*(REGTEMP+0)
    00000121 50 04            [ 4]  420 	bvc	00242$
    00000123 10 04            [ 4]  421 	bpl	00241$
    00000125 30 0C            [ 4]  422 	bmi	00118$
    00000127                        423 00242$:
    00000127 10 0A            [ 4]  424 	bpl	00118$
    00000129                        425 00241$:
                                    426 ;	Raw cost for generated ic 100 : (24, 31.400002) count=13.500000
                                    427 ;	skipping generated iCode
                                    428 ;	Raw cost for generated ic 101 : (0, 0.000000) count=13.500000
                                    429 ;	genAssign
                                    430 ;	genAssignLit
    00000129 A2 40            [ 2]  431 	ldx	#0x40
    0000012B 8Er04r00         [ 4]  432 	stx	_SpdX
    0000012E A2 00            [ 2]  433 	ldx	#0x00
    00000130 8Er05r00         [ 4]  434 	stx	(_SpdX + 1)
                                    435 ;	Raw cost for generated ic 105 : (10, 12.000000) count=10.125000
                                    436 ;	genLabel
    00000133                        437 00118$:
                                    438 ;	Raw cost for generated ic 108 : (0, 0.000000) count=72.000000
                                    439 ;	src/phys.c: 82: if (INPUT_KEYPRESS(J_A)) {
                                    440 ;	genCast
                                    441 ;	genCopy
    00000133 A2 00            [ 2]  442 	ldx	#0x00
    00000135 ADr08r00         [ 4]  443 	lda	_old_joy
                                    444 ;	Raw cost for generated ic 109 : (5, 6.000000) count=72.000000
                                    445 ;	genCpl
    00000138 49 FF            [ 2]  446 	eor	#0xff
    0000013A 85*00            [ 3]  447 	sta	*_main_sloc0_1_0
    0000013C 8A               [ 2]  448 	txa
    0000013D 49 FF            [ 2]  449 	eor	#0xff
    0000013F 85*01            [ 3]  450 	sta	*(_main_sloc0_1_0 + 1)
                                    451 ;	Raw cost for generated ic 110 : (9, 12.000000) count=72.000000
                                    452 ;	genCast
                                    453 ;	genCopy
    00000141 ADr00r00         [ 4]  454 	lda	_joy
                                    455 ;	Raw cost for generated ic 111 : (3, 4.000000) count=72.000000
                                    456 ;	genAnd
    00000144 25*00            [ 3]  457 	and	*_main_sloc0_1_0
    00000146 85*00            [ 3]  458 	sta	*_main_sloc0_1_0
    00000148 8A               [ 2]  459 	txa
    00000149 25*01            [ 3]  460 	and	*(_main_sloc0_1_0 + 1)
    0000014B 85*01            [ 3]  461 	sta	*(_main_sloc0_1_0 + 1)
                                    462 ;	Raw cost for generated ic 112 : (9, 14.000000) count=72.000000
                                    463 ;	genAnd
    0000014D 24*00            [ 3]  464 	bit	*_main_sloc0_1_0
                                    465 ;	genIfxJump : n
    0000014F 10 0A            [ 4]  466 	bpl	00120$
                                    467 ;	Raw cost for generated ic 113 : (7, 8.600000) count=72.000000
                                    468 ;	skipping generated iCode
                                    469 ;	Raw cost for generated ic 114 : (0, 0.000000) count=72.000000
                                    470 ;	src/phys.c: 83: SpdY = -JUMP_ACCELERATION_IN_SUBPIXELS;
                                    471 ;	genAssign
                                    472 ;	genAssignLit
    00000151 A2 E0            [ 2]  473 	ldx	#0xe0
    00000153 8Er06r00         [ 4]  474 	stx	_SpdY
    00000156 A2 FF            [ 2]  475 	ldx	#0xff
    00000158 8Er07r00         [ 4]  476 	stx	(_SpdY + 1)
                                    477 ;	Raw cost for generated ic 118 : (10, 12.000000) count=54.000000
                                    478 ;	genLabel
    0000015B                        479 00120$:
                                    480 ;	Raw cost for generated ic 119 : (0, 0.000000) count=72.000000
                                    481 ;	src/phys.c: 87: PosX += SpdX, PosY += SpdY;
                                    482 ;	genPlus
                                    483 ;	genPlusIncr
    0000015B ADr00r00         [ 4]  484 	lda	_PosX
    0000015E 18               [ 2]  485 	clc
    0000015F 6Dr04r00         [ 4]  486 	adc	_SpdX
    00000162 8Dr00r00         [ 4]  487 	sta	_PosX
    00000165 ADr01r00         [ 4]  488 	lda	(_PosX + 1)
    00000168 6Dr05r00         [ 4]  489 	adc	(_SpdX + 1)
    0000016B 8Dr01r00         [ 4]  490 	sta	(_PosX + 1)
                                    491 ;	Raw cost for generated ic 120 : (19, 26.000000) count=72.000000
                                    492 ;	genPlus
                                    493 ;	genPlusIncr
    0000016E ADr02r00         [ 4]  494 	lda	_PosY
    00000171 18               [ 2]  495 	clc
    00000172 6Dr06r00         [ 4]  496 	adc	_SpdY
    00000175 8Dr02r00         [ 4]  497 	sta	_PosY
    00000178 ADr03r00         [ 4]  498 	lda	(_PosY + 1)
    0000017B 6Dr07r00         [ 4]  499 	adc	(_SpdY + 1)
    0000017E 8Dr03r00         [ 4]  500 	sta	(_PosY + 1)
                                    501 ;	Raw cost for generated ic 123 : (19, 26.000000) count=72.000000
                                    502 ;	src/phys.c: 90: move_sprite(0, SUBPIXELS_TO_PIXELS(PosX), SUBPIXELS_TO_PIXELS(PosY));
                                    503 ;	genRightShift
                                    504 ;	genRightShiftLiteral
                                    505 ;	genrshTwo
    00000181 AEr01r00         [ 4]  506 	ldx	(_PosX + 1)
    00000184 ADr00r00         [ 4]  507 	lda	_PosX
    00000187 86*00            [ 3]  508 	stx	*(REGTEMP+0)
    00000189 E0 80            [ 2]  509 	cpx	#0x80
    0000018B 66*00            [ 5]  510 	ror	*(REGTEMP+0)
    0000018D 6A               [ 2]  511 	ror	a
    0000018E E0 80            [ 2]  512 	cpx	#0x80
    00000190 66*00            [ 5]  513 	ror	*(REGTEMP+0)
    00000192 6A               [ 2]  514 	ror	a
    00000193 E0 80            [ 2]  515 	cpx	#0x80
    00000195 66*00            [ 5]  516 	ror	*(REGTEMP+0)
    00000197 6A               [ 2]  517 	ror	a
    00000198 E0 80            [ 2]  518 	cpx	#0x80
    0000019A 66*00            [ 5]  519 	ror	*(REGTEMP+0)
    0000019C 6A               [ 2]  520 	ror	a
                                    521 ;	Raw cost for generated ic 126 : (30, 50.000000) count=72.000000
                                    522 ;	genCast
                                    523 ;	genCopy
                                    524 ;	Raw cost for generated ic 127 : (1, 2.000000) count=72.000000
                                    525 ;	genRightShift
                                    526 ;	genRightShiftLiteral
                                    527 ;	genrshTwo
    0000019D A8               [ 2]  528 	tay 
    0000019E AEr03r00         [ 4]  529 	ldx	(_PosY + 1)
    000001A1 ADr02r00         [ 4]  530 	lda	_PosY
    000001A4 86*00            [ 3]  531 	stx	*(REGTEMP+0)
    000001A6 E0 80            [ 2]  532 	cpx	#0x80
    000001A8 66*00            [ 5]  533 	ror	*(REGTEMP+0)
    000001AA 6A               [ 2]  534 	ror	a
    000001AB E0 80            [ 2]  535 	cpx	#0x80
    000001AD 66*00            [ 5]  536 	ror	*(REGTEMP+0)
    000001AF 6A               [ 2]  537 	ror	a
    000001B0 E0 80            [ 2]  538 	cpx	#0x80
    000001B2 66*00            [ 5]  539 	ror	*(REGTEMP+0)
    000001B4 6A               [ 2]  540 	ror	a
    000001B5 E0 80            [ 2]  541 	cpx	#0x80
    000001B7 66*00            [ 5]  542 	ror	*(REGTEMP+0)
    000001B9 6A               [ 2]  543 	ror	a
    000001BA A6*00            [ 3]  544 	ldx	*(REGTEMP+0)
                                    545 ;	Raw cost for generated ic 128 : (30, 50.000000) count=72.000000
                                    546 ;	genCast
                                    547 ;	genCopy
    000001BC 8Dr00r00         [ 4]  548 	sta	_move_sprite_PARM_3
                                    549 ;	Raw cost for generated ic 129 : (3, 4.000000) count=72.000000
                                    550 ;	Raw cost for generated ic 130 : (0, 0.000000) count=72.000000
                                    551 ;	Raw cost for generated ic 131 : (0, 0.000000) count=72.000000
                                    552 ;	genCall
                                    553 ;	genSend
    000001BF A9 00            [ 2]  554 	lda	#0x00
    000001C1 84*00            [ 3]  555 	sty	*(REGTEMP+0)
    000001C3 A6*00            [ 3]  556 	ldx	*(REGTEMP+0)
    000001C5 20r00r00         [ 6]  557 	jsr	_move_sprite
                                    558 ;	Raw cost for generated ic 133 : (9, 14.000000) count=72.000000
                                    559 ;	src/phys.c: 93: if (SpdY < 0) SpdY++; else if (SpdY) SpdY--;
                                    560 ;	genCast
                                    561 ;	genCopy
    000001C8 ADr07r00         [ 4]  562 	lda	(_SpdY + 1)
    000001CB 85*01            [ 3]  563 	sta	*(_main_sloc0_1_0 + 1)
    000001CD ADr06r00         [ 4]  564 	lda	_SpdY
    000001D0 85*00            [ 3]  565 	sta	*_main_sloc0_1_0
                                    566 ;	Raw cost for generated ic 134 : (10, 14.000000) count=72.000000
                                    567 ;	genCmp
    000001D2 24*01            [ 3]  568 	bit	*(_main_sloc0_1_0 + 1)
    000001D4 10 0B            [ 4]  569 	bpl	00124$
                                    570 ;	Raw cost for generated ic 135 : (7, 8.600000) count=72.000000
                                    571 ;	skipping generated iCode
                                    572 ;	Raw cost for generated ic 136 : (0, 0.000000) count=72.000000
                                    573 ;	genPlus
                                    574 ;	genPlusIncr
    000001D6 EEr06r00         [ 6]  575 	inc	_SpdY
    000001D9 D0 1C            [ 4]  576 	bne	00125$
    000001DB EEr07r00         [ 6]  577 	inc	(_SpdY + 1)
                                    578 ;	Raw cost for generated ic 140 : (8, 14.600000) count=54.000000
                                    579 ;	genGoto
    000001DE 4CrF7r01         [ 3]  580 	jmp	00125$
                                    581 ;	Raw cost for generated ic 143 : (3, 3.000000) count=54.000000
                                    582 ;	genLabel
    000001E1                        583 00124$:
                                    584 ;	Raw cost for generated ic 144 : (0, 0.000000) count=18.000000
                                    585 ;	genIfx
    000001E1 ADr07r00         [ 4]  586 	lda	(_SpdY + 1)
    000001E4 0Dr06r00         [ 4]  587 	ora	_SpdY
                                    588 ;	genIfxJump : z
    000001E7 F0 0E            [ 4]  589 	beq	00125$
                                    590 ;	Raw cost for generated ic 145 : (11, 13.600000) count=18.000000
                                    591 ;	genMinus
                                    592 ;	genMinusDec
    000001E9 38               [ 2]  593 	sec
    000001EA ADr06r00         [ 4]  594 	lda	_SpdY
    000001ED E9 01            [ 2]  595 	sbc	#0x01
    000001EF 8Dr06r00         [ 4]  596 	sta	_SpdY
    000001F2 B0 03            [ 4]  597 	bcs	00249$
    000001F4 CEr07r00         [ 6]  598 	dec	(_SpdY + 1)
    000001F7                        599 00249$:
                                    600 ;	Raw cost for generated ic 149 : (14, 20.600000) count=13.500000
                                    601 ;	genLabel
    000001F7                        602 00125$:
                                    603 ;	Raw cost for generated ic 153 : (0, 0.000000) count=72.000000
                                    604 ;	src/phys.c: 94: if (SpdX < 0) SpdX++; else if (SpdX) SpdX--;
                                    605 ;	genCast
                                    606 ;	genCopy
    000001F7 ADr05r00         [ 4]  607 	lda	(_SpdX + 1)
    000001FA 85*01            [ 3]  608 	sta	*(_main_sloc0_1_0 + 1)
    000001FC ADr04r00         [ 4]  609 	lda	_SpdX
    000001FF 85*00            [ 3]  610 	sta	*_main_sloc0_1_0
                                    611 ;	Raw cost for generated ic 154 : (10, 14.000000) count=72.000000
                                    612 ;	genCmp
    00000201 24*01            [ 3]  613 	bit	*(_main_sloc0_1_0 + 1)
    00000203 10 0B            [ 4]  614 	bpl	00129$
                                    615 ;	Raw cost for generated ic 155 : (7, 8.600000) count=72.000000
                                    616 ;	skipping generated iCode
                                    617 ;	Raw cost for generated ic 156 : (0, 0.000000) count=72.000000
                                    618 ;	genPlus
                                    619 ;	genPlusIncr
    00000205 EEr04r00         [ 6]  620 	inc	_SpdX
    00000208 D0 1C            [ 4]  621 	bne	00130$
    0000020A EEr05r00         [ 6]  622 	inc	(_SpdX + 1)
                                    623 ;	Raw cost for generated ic 160 : (8, 14.600000) count=54.000000
                                    624 ;	genGoto
    0000020D 4Cr26r02         [ 3]  625 	jmp	00130$
                                    626 ;	Raw cost for generated ic 163 : (3, 3.000000) count=54.000000
                                    627 ;	genLabel
    00000210                        628 00129$:
                                    629 ;	Raw cost for generated ic 164 : (0, 0.000000) count=18.000000
                                    630 ;	genIfx
    00000210 ADr05r00         [ 4]  631 	lda	(_SpdX + 1)
    00000213 0Dr04r00         [ 4]  632 	ora	_SpdX
                                    633 ;	genIfxJump : z
    00000216 F0 0E            [ 4]  634 	beq	00130$
                                    635 ;	Raw cost for generated ic 165 : (11, 13.600000) count=18.000000
                                    636 ;	genMinus
                                    637 ;	genMinusDec
    00000218 38               [ 2]  638 	sec
    00000219 ADr04r00         [ 4]  639 	lda	_SpdX
    0000021C E9 01            [ 2]  640 	sbc	#0x01
    0000021E 8Dr04r00         [ 4]  641 	sta	_SpdX
    00000221 B0 03            [ 4]  642 	bcs	00254$
    00000223 CEr05r00         [ 6]  643 	dec	(_SpdX + 1)
    00000226                        644 00254$:
                                    645 ;	Raw cost for generated ic 169 : (14, 20.600000) count=13.500000
                                    646 ;	genLabel
    00000226                        647 00130$:
                                    648 ;	Raw cost for generated ic 173 : (0, 0.000000) count=72.000000
                                    649 ;	src/phys.c: 97: vsync();
                                    650 ;	genCall
    00000226 20r00r00         [ 6]  651 	jsr	_vsync
                                    652 ;	Raw cost for generated ic 174 : (3, 6.000000) count=72.000000
                                    653 ;	genGoto
    00000229 4Cr49r00         [ 3]  654 	jmp	00132$
                                    655 ;	Raw cost for generated ic 175 : (3, 3.000000) count=72.000000
                                    656 ;	genLabel
                                    657 ;	Raw cost for generated ic 177 : (0, 0.000000) count=0.000000
                                    658 ;	src/phys.c: 99: }
                                    659 ;	genEndFunction
    0000022C 60               [ 6]  660 	rts
                                    661 ;	Raw cost for generated ic 178 : (1, 6.000000) count=0.000000
                                    662 	.area _CODE
    0000022D                        663 _sprite_data:
    0000022D 3C                     664 	.db #0x3c	; 60
    0000022E 3C                     665 	.db #0x3c	; 60
    0000022F 42                     666 	.db #0x42	; 66	'B'
    00000230 7E                     667 	.db #0x7e	; 126
    00000231 99                     668 	.db #0x99	; 153
    00000232 FF                     669 	.db #0xff	; 255
    00000233 A9                     670 	.db #0xa9	; 169
    00000234 FF                     671 	.db #0xff	; 255
    00000235 89                     672 	.db #0x89	; 137
    00000236 FF                     673 	.db #0xff	; 255
    00000237 89                     674 	.db #0x89	; 137
    00000238 FF                     675 	.db #0xff	; 255
    00000239 42                     676 	.db #0x42	; 66	'B'
    0000023A 7E                     677 	.db #0x7e	; 126
    0000023B 3C                     678 	.db #0x3c	; 60
    0000023C 3C                     679 	.db #0x3c	; 60
    0000023D 3C                     680 	.db #0x3c	; 60
    0000023E 3C                     681 	.db #0x3c	; 60
    0000023F 42                     682 	.db #0x42	; 66	'B'
    00000240 7E                     683 	.db #0x7e	; 126
    00000241 B9                     684 	.db #0xb9	; 185
    00000242 FF                     685 	.db #0xff	; 255
    00000243 89                     686 	.db #0x89	; 137
    00000244 FF                     687 	.db #0xff	; 255
    00000245 91                     688 	.db #0x91	; 145
    00000246 FF                     689 	.db #0xff	; 255
    00000247 B9                     690 	.db #0xb9	; 185
    00000248 FF                     691 	.db #0xff	; 255
    00000249 42                     692 	.db #0x42	; 66	'B'
    0000024A 7E                     693 	.db #0x7e	; 126
    0000024B 3C                     694 	.db #0x3c	; 60
    0000024C 3C                     695 	.db #0x3c	; 60
    0000024D 3C                     696 	.db #0x3c	; 60
    0000024E 3C                     697 	.db #0x3c	; 60
    0000024F 42                     698 	.db #0x42	; 66	'B'
    00000250 7E                     699 	.db #0x7e	; 126
    00000251 99                     700 	.db #0x99	; 153
    00000252 FF                     701 	.db #0xff	; 255
    00000253 89                     702 	.db #0x89	; 137
    00000254 FF                     703 	.db #0xff	; 255
    00000255 99                     704 	.db #0x99	; 153
    00000256 FF                     705 	.db #0xff	; 255
    00000257 89                     706 	.db #0x89	; 137
    00000258 FF                     707 	.db #0xff	; 255
    00000259 5A                     708 	.db #0x5a	; 90	'Z'
    0000025A 7E                     709 	.db #0x7e	; 126
    0000025B 3C                     710 	.db #0x3c	; 60
    0000025C 3C                     711 	.db #0x3c	; 60
    0000025D 3C                     712 	.db #0x3c	; 60
    0000025E 3C                     713 	.db #0x3c	; 60
    0000025F 42                     714 	.db #0x42	; 66	'B'
    00000260 7E                     715 	.db #0x7e	; 126
    00000261 A9                     716 	.db #0xa9	; 169
    00000262 FF                     717 	.db #0xff	; 255
    00000263 A9                     718 	.db #0xa9	; 169
    00000264 FF                     719 	.db #0xff	; 255
    00000265 B9                     720 	.db #0xb9	; 185
    00000266 FF                     721 	.db #0xff	; 255
    00000267 89                     722 	.db #0x89	; 137
    00000268 FF                     723 	.db #0xff	; 255
    00000269 42                     724 	.db #0x42	; 66	'B'
    0000026A 7E                     725 	.db #0x7e	; 126
    0000026B 3C                     726 	.db #0x3c	; 60
    0000026C 3C                     727 	.db #0x3c	; 60
                                    728 	.area _XINIT
    00000000                        729 __xinit__joy:
    00000000 00                     730 	.db #0x00	; 0
                                    731 	.area _CABS    (ABS)
