                                      1 ;--------------------------------------------------------
                                      2 ; File Created by SDCC : free open source ISO C Compiler
                                      3 ; Version 4.5.1 #15267 (Mac OS X ppc)
                                      4 ;--------------------------------------------------------
                                      5 	.module display_system
                                      6 	
                                      7 ;--------------------------------------------------------
                                      8 ; Public variables in this module
                                      9 ;--------------------------------------------------------
                                     10 	.globl _main
                                     11 	.globl _get_system_name
                                     12 	.globl _gotoxy
                                     13 	.globl _font_load
                                     14 	.globl _font_init
                                     15 	.globl _vsync
                                     16 	.globl _printf
                                     17 ;--------------------------------------------------------
                                     18 ; special function registers
                                     19 ;--------------------------------------------------------
                         00000000    20 _GG_STATE	=	0x0000
                         00000001    21 _GG_EXT_7BIT	=	0x0001
                         00000002    22 _GG_EXT_CTL	=	0x0002
                         00000003    23 _GG_SIO_SEND	=	0x0003
                         00000004    24 _GG_SIO_RECV	=	0x0004
                         00000005    25 _GG_SIO_CTL	=	0x0005
                         00000006    26 _GG_SOUND_PAN	=	0x0006
                         0000003E    27 _MEMORY_CTL	=	0x003e
                         0000003F    28 _JOY_CTL	=	0x003f
                         0000007E    29 _VCOUNTER	=	0x007e
                         0000007F    30 _PSG	=	0x007f
                         0000007F    31 _HCOUNTER	=	0x007f
                         000000BE    32 _VDP_DATA	=	0x00be
                         000000BF    33 _VDP_CMD	=	0x00bf
                         000000BF    34 _VDP_STATUS	=	0x00bf
                         000000DC    35 _JOY_PORT1	=	0x00dc
                         000000DD    36 _JOY_PORT2	=	0x00dd
                         000000F0    37 _FMADDRESS	=	0x00f0
                         000000F1    38 _FMDATA	=	0x00f1
                         000000F2    39 _AUDIOCTRL	=	0x00f2
                                     40 ;--------------------------------------------------------
                                     41 ; ram data
                                     42 ;--------------------------------------------------------
                                     43 	.area _DATA
                         0000FFFC    44 _RAM_CONTROL	=	0xfffc
                         0000FFF8    45 _GLASSES_3D	=	0xfff8
                         0000FFFD    46 _MAP_FRAME0	=	0xfffd
                         0000FFFE    47 _MAP_FRAME1	=	0xfffe
                         0000FFFF    48 _MAP_FRAME2	=	0xffff
                                     49 ;--------------------------------------------------------
                                     50 ; ram data
                                     51 ;--------------------------------------------------------
                                     52 	.area _INITIALIZED
                                     53 ;--------------------------------------------------------
                                     54 ; absolute external ram data
                                     55 ;--------------------------------------------------------
                                     56 	.area _DABS (ABS)
                                     57 ;--------------------------------------------------------
                                     58 ; global & static initialisations
                                     59 ;--------------------------------------------------------
                                     60 	.area _HOME
                                     61 	.area _GSINIT
                                     62 	.area _GSFINAL
                                     63 	.area _GSINIT
                                     64 ;--------------------------------------------------------
                                     65 ; Home
                                     66 ;--------------------------------------------------------
                                     67 	.area _HOME
                                     68 	.area _HOME
                                     69 ;--------------------------------------------------------
                                     70 ; code
                                     71 ;--------------------------------------------------------
                                     72 	.area _CODE
                                     73 ;src/display_system.c:18: const char* get_system_name(uint8_t system)
                                     74 ;	---------------------------------
                                     75 ; Function get_system_name
                                     76 ; ---------------------------------
    00000000                         77 _get_system_name::
                                     78 ;src/display_system.c:20: switch(system)
    00000000 B7               [ 4]   79 	or	a, a
    00000001 28 05            [12]   80 	jr	Z, 00101$
    00000003 3D               [ 4]   81 	dec	a
    00000004 28 06            [12]   82 	jr	Z, 00102$
    00000006 18 08            [12]   83 	jr	00103$
                                     84 ;src/display_system.c:22: case SYSTEM_60HZ:
    00000008                         85 00101$:
                                     86 ;src/display_system.c:23: return "60 Hz";
    00000008 11r14r00         [10]   87 	ld	de, #___str_0
    0000000B C9               [10]   88 	ret
                                     89 ;src/display_system.c:24: case SYSTEM_50HZ:
    0000000C                         90 00102$:
                                     91 ;src/display_system.c:35: return "50 Hz";
    0000000C 11r1Ar00         [10]   92 	ld	de, #___str_1
    0000000F C9               [10]   93 	ret
                                     94 ;src/display_system.c:37: default:
    00000010                         95 00103$:
                                     96 ;src/display_system.c:38: return "Unknown";
    00000010 11r20r00         [10]   97 	ld	de, #___str_2
                                     98 ;src/display_system.c:39: }
                                     99 ;src/display_system.c:40: }
    00000013 C9               [10]  100 	ret
    00000014                        101 ___str_0:
    00000014 36 30 20 48 7A         102 	.ascii "60 Hz"
    00000019 00                     103 	.db 0x00
    0000001A                        104 ___str_1:
    0000001A 35 30 20 48 7A         105 	.ascii "50 Hz"
    0000001F 00                     106 	.db 0x00
    00000020                        107 ___str_2:
    00000020 55 6E 6B 6E 6F 77 6E   108 	.ascii "Unknown"
    00000027 00                     109 	.db 0x00
                                    110 ;src/display_system.c:42: void main(void)
                                    111 ;	---------------------------------
                                    112 ; Function main
                                    113 ; ---------------------------------
    00000028                        114 _main::
    00000028 DD E5            [15]  115 	push	ix
    0000002A DD 21 00 00      [14]  116 	ld	ix,#0
    0000002E DD 39            [15]  117 	add	ix,sp
    00000030 3B               [ 6]  118 	dec	sp
                                    119 ;src/display_system.c:45: uint8_t system = get_system();
    00000031 3Ar00r00         [13]  120 	ld	a, (__SYSTEM+0)
    00000034 DD 77 FF         [19]  121 	ld	-1 (ix), a
                                    122 ;src/display_system.c:47: font_init();
    00000037 CDr00r00         [17]  123 	call	_font_init
                                    124 ;src/display_system.c:48: ibm_font = font_load(font_ibm);
    0000003A 21r00r00         [10]  125 	ld	hl, #_font_ibm
    0000003D E5               [11]  126 	push	hl
    0000003E CDr00r00         [17]  127 	call	_font_load
    00000041 F1               [10]  128 	pop	af
                                    129 ;src/display_system.c:49: DISPLAY_ON;
    00000042 3Ar00r00         [13]  130 	ld	a, (_shadow_VDP_R1+0)
    00000045 F6 40            [ 7]  131 	or	a, #0x40
    00000047 32r00r00         [13]  132 	ld	(_shadow_VDP_R1+0), a
    0000004A F3               [ 4]  133 	di
    0000004B 3Ar00r00         [13]  134 	ld	a, (_shadow_VDP_R1+0)
    0000004E D3 BF            [11]  135 	out	(_VDP_CMD), a
    00000050 3E 81            [ 7]  136 	ld	a, #0x81
    00000052 D3 BF            [11]  137 	out	(_VDP_CMD), a
    00000054 FB               [ 4]  138 	ei
                                    139 ;src/display_system.c:50: gotoxy(4, 4);
    00000055 21 04 04         [10]  140 	ld	hl, #0x404
    00000058 E5               [11]  141 	push	hl
    00000059 CDr00r00         [17]  142 	call	_gotoxy
    0000005C F1               [10]  143 	pop	af
                                    144 ;src/display_system.c:51: printf("System: %s", get_system_name(system));
    0000005D DD 7E FF         [19]  145 	ld	a, -1 (ix)
    00000060 CDr00r00         [17]  146 	call	_get_system_name
    00000063 D5               [11]  147 	push	de
    00000064 21r74r00         [10]  148 	ld	hl, #___str_3
    00000067 E5               [11]  149 	push	hl
    00000068 CDr00r00         [17]  150 	call	_printf
    0000006B F1               [10]  151 	pop	af
    0000006C F1               [10]  152 	pop	af
                                    153 ;src/display_system.c:52: vsync();
    0000006D CDr00r00         [17]  154 	call	_vsync
                                    155 ;src/display_system.c:53: }
    00000070 33               [ 6]  156 	inc	sp
    00000071 DD E1            [14]  157 	pop	ix
    00000073 C9               [10]  158 	ret
    00000074                        159 ___str_3:
    00000074 53 79 73 74 65 6D 3A   160 	.ascii "System: %s"
             20 25 73
    0000007E 00                     161 	.db 0x00
                                    162 	.area _CODE
                                    163 	.area _INITIALIZER
                                    164 	.area _CABS (ABS)
