                                      1 ;--------------------------------------------------------
                                      2 ; File Created by SDCC : free open source ISO C Compiler
                                      3 ; Version 4.5.1 #15267 (Mac OS X ppc)
                                      4 ;--------------------------------------------------------
                                      5 	.module sprite
                                      6 	
                                      7 ;--------------------------------------------------------
                                      8 ; Public variables in this module
                                      9 ;--------------------------------------------------------
                                     10 	.globl _sprite_metasprites
                                     11 	.globl _sprite_metasprite4
                                     12 	.globl _sprite_metasprite3
                                     13 	.globl _sprite_metasprite2
                                     14 	.globl _sprite_metasprite1
                                     15 	.globl _sprite_metasprite0
                                     16 	.globl _sprite_tiles
                                     17 	.globl _sprite_palettes
                                     18 	.globl b___func_sprite
                                     19 	.globl ___func_sprite
                                     20 ;--------------------------------------------------------
                                     21 ; special function registers
                                     22 ;--------------------------------------------------------
                         00000000    23 _GG_STATE	=	0x0000
                         00000001    24 _GG_EXT_7BIT	=	0x0001
                         00000002    25 _GG_EXT_CTL	=	0x0002
                         00000003    26 _GG_SIO_SEND	=	0x0003
                         00000004    27 _GG_SIO_RECV	=	0x0004
                         00000005    28 _GG_SIO_CTL	=	0x0005
                         00000006    29 _GG_SOUND_PAN	=	0x0006
                         0000003E    30 _MEMORY_CTL	=	0x003e
                         0000003F    31 _JOY_CTL	=	0x003f
                         0000007E    32 _VCOUNTER	=	0x007e
                         0000007F    33 _PSG	=	0x007f
                         0000007F    34 _HCOUNTER	=	0x007f
                         000000BE    35 _VDP_DATA	=	0x00be
                         000000BF    36 _VDP_CMD	=	0x00bf
                         000000BF    37 _VDP_STATUS	=	0x00bf
                         000000DC    38 _JOY_PORT1	=	0x00dc
                         000000DD    39 _JOY_PORT2	=	0x00dd
                         000000F0    40 _FMADDRESS	=	0x00f0
                         000000F1    41 _FMDATA	=	0x00f1
                         000000F2    42 _AUDIOCTRL	=	0x00f2
                                     43 ;--------------------------------------------------------
                                     44 ; ram data
                                     45 ;--------------------------------------------------------
                                     46 	.area _DATA
                         0000FFFC    47 _RAM_CONTROL	=	0xfffc
                         0000FFF8    48 _GLASSES_3D	=	0xfff8
                         0000FFFD    49 _MAP_FRAME0	=	0xfffd
                         0000FFFE    50 _MAP_FRAME1	=	0xfffe
                         0000FFFF    51 _MAP_FRAME2	=	0xffff
                                     52 ;--------------------------------------------------------
                                     53 ; ram data
                                     54 ;--------------------------------------------------------
                                     55 	.area _INITIALIZED
                                     56 ;--------------------------------------------------------
                                     57 ; absolute external ram data
                                     58 ;--------------------------------------------------------
                                     59 	.area _DABS (ABS)
                                     60 ;--------------------------------------------------------
                                     61 ; global & static initialisations
                                     62 ;--------------------------------------------------------
                                     63 	.area _HOME
                                     64 	.area _GSINIT
                                     65 	.area _GSFINAL
                                     66 	.area _GSINIT
                                     67 ;--------------------------------------------------------
                                     68 ; Home
                                     69 ;--------------------------------------------------------
                                     70 	.area _HOME
                                     71 	.area _HOME
                                     72 ;--------------------------------------------------------
                                     73 ; code
                                     74 ;--------------------------------------------------------
                                     75 	.area _CODE
                                     76 ;obj/sms/res/sprite.c:7: BANKREF(sprite)
                                     77 ;	---------------------------------
                                     78 ; Function __func_sprite
                                     79 ; ---------------------------------
                         00000000    80 	b___func_sprite	= 0
    00000000                         81 ___func_sprite::
                                     82 	.local b___func_sprite 
                         00000000    83 	___bank_sprite = b___func_sprite 
                                     84 	.globl ___bank_sprite 
                                     85 	.area _CODE
    00000000                         86 _sprite_palettes:
    00000000 3F                      87 	.db #0x3f	; 63
    00000001 3F                      88 	.db #0x3f	; 63
    00000002 1E                      89 	.db #0x1e	; 30
    00000003 00                      90 	.db #0x00	; 0
    00000004                         91 _sprite_tiles:
    00000004 00                      92 	.db #0x00	; 0
    00000005 00                      93 	.db #0x00	; 0
    00000006 00                      94 	.db #0x00	; 0
    00000007 00                      95 	.db #0x00	; 0
    00000008 00                      96 	.db #0x00	; 0
    00000009 00                      97 	.db #0x00	; 0
    0000000A 03                      98 	.db #0x03	; 3
    0000000B 03                      99 	.db #0x03	; 3
    0000000C 0D                     100 	.db #0x0d	; 13
    0000000D 0E                     101 	.db #0x0e	; 14
    0000000E 1F                     102 	.db #0x1f	; 31
    0000000F 10                     103 	.db #0x10	; 16
    00000010 3F                     104 	.db #0x3f	; 63
    00000011 20                     105 	.db #0x20	; 32
    00000012 3F                     106 	.db #0x3f	; 63
    00000013 20                     107 	.db #0x20	; 32
    00000014 00                     108 	.db #0x00	; 0
    00000015 00                     109 	.db #0x00	; 0
    00000016 03                     110 	.db #0x03	; 3
    00000017 03                     111 	.db #0x03	; 3
    00000018 FD                     112 	.db #0xfd	; 253
    00000019 FE                     113 	.db #0xfe	; 254
    0000001A 3F                     114 	.db #0x3f	; 63
    0000001B C0                     115 	.db #0xc0	; 192
    0000001C FF                     116 	.db #0xff	; 255
    0000001D 0C                     117 	.db #0x0c	; 12
    0000001E FF                     118 	.db #0xff	; 255
    0000001F 13                     119 	.db #0x13	; 19
    00000020 F7                     120 	.db #0xf7	; 247
    00000021 08                     121 	.db #0x08	; 8
    00000022 C1                     122 	.db #0xc1	; 193
    00000023 3E                     123 	.db #0x3e	; 62
    00000024 7F                     124 	.db #0x7f	; 127
    00000025 7F                     125 	.db #0x7f	; 127
    00000026 9F                     126 	.db #0x9f	; 159
    00000027 E0                     127 	.db #0xe0	; 224
    00000028 FF                     128 	.db #0xff	; 255
    00000029 00                     129 	.db #0x00	; 0
    0000002A FF                     130 	.db #0xff	; 255
    0000002B 00                     131 	.db #0x00	; 0
    0000002C FF                     132 	.db #0xff	; 255
    0000002D 00                     133 	.db #0x00	; 0
    0000002E FF                     134 	.db #0xff	; 255
    0000002F 00                     135 	.db #0x00	; 0
    00000030 FF                     136 	.db #0xff	; 255
    00000031 80                     137 	.db #0x80	; 128
    00000032 FF                     138 	.db #0xff	; 255
    00000033 40                     139 	.db #0x40	; 64
    00000034 F0                     140 	.db #0xf0	; 240
    00000035 F0                     141 	.db #0xf0	; 240
    00000036 CF                     142 	.db #0xcf	; 207
    00000037 3F                     143 	.db #0x3f	; 63
    00000038 FF                     144 	.db #0xff	; 255
    00000039 00                     145 	.db #0x00	; 0
    0000003A FF                     146 	.db #0xff	; 255
    0000003B 00                     147 	.db #0x00	; 0
    0000003C FF                     148 	.db #0xff	; 255
    0000003D 00                     149 	.db #0x00	; 0
    0000003E FF                     150 	.db #0xff	; 255
    0000003F 00                     151 	.db #0x00	; 0
    00000040 FF                     152 	.db #0xff	; 255
    00000041 00                     153 	.db #0x00	; 0
    00000042 FF                     154 	.db #0xff	; 255
    00000043 00                     155 	.db #0x00	; 0
    00000044 00                     156 	.db #0x00	; 0
    00000045 00                     157 	.db #0x00	; 0
    00000046 C0                     158 	.db #0xc0	; 192
    00000047 C0                     159 	.db #0xc0	; 192
    00000048 3C                     160 	.db #0x3c	; 60
    00000049 FC                     161 	.db #0xfc	; 252
    0000004A F3                     162 	.db #0xf3	; 243
    0000004B 0F                     163 	.db #0x0f	; 15
    0000004C FF                     164 	.db #0xff	; 255
    0000004D 00                     165 	.db #0x00	; 0
    0000004E FF                     166 	.db #0xff	; 255
    0000004F 00                     167 	.db #0x00	; 0
    00000050 FF                     168 	.db #0xff	; 255
    00000051 00                     169 	.db #0x00	; 0
    00000052 FF                     170 	.db #0xff	; 255
    00000053 00                     171 	.db #0x00	; 0
    00000054 00                     172 	.db #0x00	; 0
    00000055 00                     173 	.db #0x00	; 0
    00000056 00                     174 	.db #0x00	; 0
    00000057 00                     175 	.db #0x00	; 0
    00000058 00                     176 	.db #0x00	; 0
    00000059 00                     177 	.db #0x00	; 0
    0000005A C0                     178 	.db #0xc0	; 192
    0000005B C0                     179 	.db #0xc0	; 192
    0000005C B0                     180 	.db #0xb0	; 176
    0000005D 70                     181 	.db #0x70	; 112	'p'
    0000005E F8                     182 	.db #0xf8	; 248
    0000005F 08                     183 	.db #0x08	; 8
    00000060 FC                     184 	.db #0xfc	; 252
    00000061 04                     185 	.db #0x04	; 4
    00000062 FC                     186 	.db #0xfc	; 252
    00000063 04                     187 	.db #0x04	; 4
    00000064 3F                     188 	.db #0x3f	; 63
    00000065 20                     189 	.db #0x20	; 32
    00000066 3F                     190 	.db #0x3f	; 63
    00000067 20                     191 	.db #0x20	; 32
    00000068 3F                     192 	.db #0x3f	; 63
    00000069 20                     193 	.db #0x20	; 32
    0000006A 3F                     194 	.db #0x3f	; 63
    0000006B 20                     195 	.db #0x20	; 32
    0000006C 3F                     196 	.db #0x3f	; 63
    0000006D 20                     197 	.db #0x20	; 32
    0000006E 3F                     198 	.db #0x3f	; 63
    0000006F 23                     199 	.db #0x23	; 35
    00000070 3D                     200 	.db #0x3d	; 61
    00000071 23                     201 	.db #0x23	; 35
    00000072 5E                     202 	.db #0x5e	; 94
    00000073 61                     203 	.db #0x61	; 97	'a'
    00000074 C0                     204 	.db #0xc0	; 192
    00000075 3F                     205 	.db #0x3f	; 63
    00000076 C0                     206 	.db #0xc0	; 192
    00000077 3F                     207 	.db #0x3f	; 63
    00000078 C0                     208 	.db #0xc0	; 192
    00000079 3F                     209 	.db #0x3f	; 63
    0000007A CF                     210 	.db #0xcf	; 207
    0000007B 30                     211 	.db #0x30	; 48	'0'
    0000007C FF                     212 	.db #0xff	; 255
    0000007D 08                     213 	.db #0x08	; 8
    0000007E BF                     214 	.db #0xbf	; 191
    0000007F C4                     215 	.db #0xc4	; 196
    00000080 E7                     216 	.db #0xe7	; 231
    00000081 DC                     217 	.db #0xdc	; 220
    00000082 07                     218 	.db #0x07	; 7
    00000083 FC                     219 	.db #0xfc	; 252
    00000084 FF                     220 	.db #0xff	; 255
    00000085 20                     221 	.db #0x20	; 32
    00000086 7F                     222 	.db #0x7f	; 127
    00000087 A0                     223 	.db #0xa0	; 160
    00000088 7F                     224 	.db #0x7f	; 127
    00000089 90                     225 	.db #0x90	; 144
    0000008A FF                     226 	.db #0xff	; 255
    0000008B 10                     227 	.db #0x10	; 16
    0000008C FF                     228 	.db #0xff	; 255
    0000008D 10                     229 	.db #0x10	; 16
    0000008E DF                     230 	.db #0xdf	; 223
    0000008F 30                     231 	.db #0x30	; 48	'0'
    00000090 FF                     232 	.db #0xff	; 255
    00000091 60                     233 	.db #0x60	; 96
    00000092 BF                     234 	.db #0xbf	; 191
    00000093 C0                     235 	.db #0xc0	; 192
    00000094 FF                     236 	.db #0xff	; 255
    00000095 00                     237 	.db #0x00	; 0
    00000096 FF                     238 	.db #0xff	; 255
    00000097 00                     239 	.db #0x00	; 0
    00000098 FF                     240 	.db #0xff	; 255
    00000099 00                     241 	.db #0x00	; 0
    0000009A FF                     242 	.db #0xff	; 255
    0000009B 00                     243 	.db #0x00	; 0
    0000009C FF                     244 	.db #0xff	; 255
    0000009D 00                     245 	.db #0x00	; 0
    0000009E FF                     246 	.db #0xff	; 255
    0000009F 00                     247 	.db #0x00	; 0
    000000A0 FF                     248 	.db #0xff	; 255
    000000A1 00                     249 	.db #0x00	; 0
    000000A2 3F                     250 	.db #0x3f	; 63
    000000A3 C0                     251 	.db #0xc0	; 192
    000000A4 FF                     252 	.db #0xff	; 255
    000000A5 00                     253 	.db #0x00	; 0
    000000A6 FF                     254 	.db #0xff	; 255
    000000A7 00                     255 	.db #0x00	; 0
    000000A8 FF                     256 	.db #0xff	; 255
    000000A9 00                     257 	.db #0x00	; 0
    000000AA FF                     258 	.db #0xff	; 255
    000000AB 00                     259 	.db #0x00	; 0
    000000AC FF                     260 	.db #0xff	; 255
    000000AD 00                     261 	.db #0x00	; 0
    000000AE FF                     262 	.db #0xff	; 255
    000000AF 00                     263 	.db #0x00	; 0
    000000B0 FF                     264 	.db #0xff	; 255
    000000B1 00                     265 	.db #0x00	; 0
    000000B2 FC                     266 	.db #0xfc	; 252
    000000B3 03                     267 	.db #0x03	; 3
    000000B4 FE                     268 	.db #0xfe	; 254
    000000B5 02                     269 	.db #0x02	; 2
    000000B6 FE                     270 	.db #0xfe	; 254
    000000B7 02                     271 	.db #0x02	; 2
    000000B8 FD                     272 	.db #0xfd	; 253
    000000B9 03                     273 	.db #0x03	; 3
    000000BA FF                     274 	.db #0xff	; 255
    000000BB 01                     275 	.db #0x01	; 1
    000000BC FF                     276 	.db #0xff	; 255
    000000BD 01                     277 	.db #0x01	; 1
    000000BE FF                     278 	.db #0xff	; 255
    000000BF 01                     279 	.db #0x01	; 1
    000000C0 FF                     280 	.db #0xff	; 255
    000000C1 00                     281 	.db #0x00	; 0
    000000C2 7F                     282 	.db #0x7f	; 127
    000000C3 80                     283 	.db #0x80	; 128
    000000C4 00                     284 	.db #0x00	; 0
    000000C5 00                     285 	.db #0x00	; 0
    000000C6 00                     286 	.db #0x00	; 0
    000000C7 00                     287 	.db #0x00	; 0
    000000C8 00                     288 	.db #0x00	; 0
    000000C9 00                     289 	.db #0x00	; 0
    000000CA 00                     290 	.db #0x00	; 0
    000000CB 00                     291 	.db #0x00	; 0
    000000CC 00                     292 	.db #0x00	; 0
    000000CD 00                     293 	.db #0x00	; 0
    000000CE 00                     294 	.db #0x00	; 0
    000000CF 00                     295 	.db #0x00	; 0
    000000D0 80                     296 	.db #0x80	; 128
    000000D1 80                     297 	.db #0x80	; 128
    000000D2 80                     298 	.db #0x80	; 128
    000000D3 80                     299 	.db #0x80	; 128
    000000D4 5E                     300 	.db #0x5e	; 94
    000000D5 61                     301 	.db #0x61	; 97	'a'
    000000D6 7C                     302 	.db #0x7c	; 124
    000000D7 43                     303 	.db #0x43	; 67	'C'
    000000D8 78                     304 	.db #0x78	; 120	'x'
    000000D9 47                     305 	.db #0x47	; 71	'G'
    000000DA 79                     306 	.db #0x79	; 121	'y'
    000000DB 47                     307 	.db #0x47	; 71	'G'
    000000DC BB                     308 	.db #0xbb	; 187
    000000DD C7                     309 	.db #0xc7	; 199
    000000DE B3                     310 	.db #0xb3	; 179
    000000DF CF                     311 	.db #0xcf	; 207
    000000E0 F2                     312 	.db #0xf2	; 242
    000000E1 8E                     313 	.db #0x8e	; 142
    000000E2 F4                     314 	.db #0xf4	; 244
    000000E3 8C                     315 	.db #0x8c	; 140
    000000E4 02                     316 	.db #0x02	; 2
    000000E5 FF                     317 	.db #0xff	; 255
    000000E6 03                     318 	.db #0x03	; 3
    000000E7 FF                     319 	.db #0xff	; 255
    000000E8 00                     320 	.db #0x00	; 0
    000000E9 FF                     321 	.db #0xff	; 255
    000000EA 87                     322 	.db #0x87	; 135
    000000EB FF                     323 	.db #0xff	; 255
    000000EC FF                     324 	.db #0xff	; 255
    000000ED FF                     325 	.db #0xff	; 255
    000000EE C1                     326 	.db #0xc1	; 193
    000000EF C1                     327 	.db #0xc1	; 193
    000000F0 01                     328 	.db #0x01	; 1
    000000F1 01                     329 	.db #0x01	; 1
    000000F2 00                     330 	.db #0x00	; 0
    000000F3 00                     331 	.db #0x00	; 0
    000000F4 BD                     332 	.db #0xbd	; 189
    000000F5 C2                     333 	.db #0xc2	; 194
    000000F6 3C                     334 	.db #0x3c	; 60
    000000F7 C3                     335 	.db #0xc3	; 195
    000000F8 7E                     336 	.db #0x7e	; 126
    000000F9 81                     337 	.db #0x81	; 129
    000000FA FF                     338 	.db #0xff	; 255
    000000FB 80                     339 	.db #0x80	; 128
    000000FC FF                     340 	.db #0xff	; 255
    000000FD 80                     341 	.db #0x80	; 128
    000000FE BF                     342 	.db #0xbf	; 191
    000000FF C0                     343 	.db #0xc0	; 192
    00000100 FF                     344 	.db #0xff	; 255
    00000101 C0                     345 	.db #0xc0	; 192
    00000102 FF                     346 	.db #0xff	; 255
    00000103 C0                     347 	.db #0xc0	; 192
    00000104 07                     348 	.db #0x07	; 7
    00000105 F8                     349 	.db #0xf8	; 248
    00000106 00                     350 	.db #0x00	; 0
    00000107 FF                     351 	.db #0xff	; 255
    00000108 00                     352 	.db #0x00	; 0
    00000109 FF                     353 	.db #0xff	; 255
    0000010A 00                     354 	.db #0x00	; 0
    0000010B FF                     355 	.db #0xff	; 255
    0000010C 00                     356 	.db #0x00	; 0
    0000010D FF                     357 	.db #0xff	; 255
    0000010E 00                     358 	.db #0x00	; 0
    0000010F FF                     359 	.db #0xff	; 255
    00000110 40                     360 	.db #0x40	; 64
    00000111 FF                     361 	.db #0xff	; 255
    00000112 40                     362 	.db #0x40	; 64
    00000113 FF                     363 	.db #0xff	; 255
    00000114 E0                     364 	.db #0xe0	; 224
    00000115 1F                     365 	.db #0x1f	; 31
    00000116 00                     366 	.db #0x00	; 0
    00000117 FF                     367 	.db #0xff	; 255
    00000118 00                     368 	.db #0x00	; 0
    00000119 FF                     369 	.db #0xff	; 255
    0000011A 00                     370 	.db #0x00	; 0
    0000011B FF                     371 	.db #0xff	; 255
    0000011C 00                     372 	.db #0x00	; 0
    0000011D FF                     373 	.db #0xff	; 255
    0000011E 00                     374 	.db #0x00	; 0
    0000011F FF                     375 	.db #0xff	; 255
    00000120 02                     376 	.db #0x02	; 2
    00000121 FF                     377 	.db #0xff	; 255
    00000122 02                     378 	.db #0x02	; 2
    00000123 FF                     379 	.db #0xff	; 255
    00000124 7F                     380 	.db #0x7f	; 127
    00000125 80                     381 	.db #0x80	; 128
    00000126 FF                     382 	.db #0xff	; 255
    00000127 00                     383 	.db #0x00	; 0
    00000128 FE                     384 	.db #0xfe	; 254
    00000129 01                     385 	.db #0x01	; 1
    0000012A FF                     386 	.db #0xff	; 255
    0000012B 01                     387 	.db #0x01	; 1
    0000012C FD                     388 	.db #0xfd	; 253
    0000012D 03                     389 	.db #0x03	; 3
    0000012E FD                     390 	.db #0xfd	; 253
    0000012F 03                     391 	.db #0x03	; 3
    00000130 79                     392 	.db #0x79	; 121	'y'
    00000131 87                     393 	.db #0x87	; 135
    00000132 71                     394 	.db #0x71	; 113	'q'
    00000133 8F                     395 	.db #0x8f	; 143
    00000134 40                     396 	.db #0x40	; 64
    00000135 C0                     397 	.db #0xc0	; 192
    00000136 C0                     398 	.db #0xc0	; 192
    00000137 40                     399 	.db #0x40	; 64
    00000138 C0                     400 	.db #0xc0	; 192
    00000139 40                     401 	.db #0x40	; 64
    0000013A C0                     402 	.db #0xc0	; 192
    0000013B 40                     403 	.db #0x40	; 64
    0000013C E0                     404 	.db #0xe0	; 224
    0000013D 20                     405 	.db #0x20	; 32
    0000013E 60                     406 	.db #0x60	; 96
    0000013F A0                     407 	.db #0xa0	; 160
    00000140 60                     408 	.db #0x60	; 96
    00000141 A0                     409 	.db #0xa0	; 160
    00000142 A0                     410 	.db #0xa0	; 160
    00000143 E0                     411 	.db #0xe0	; 224
    00000144 F4                     412 	.db #0xf4	; 244
    00000145 8C                     413 	.db #0x8c	; 140
    00000146 F4                     414 	.db #0xf4	; 244
    00000147 8C                     415 	.db #0x8c	; 140
    00000148 B4                     416 	.db #0xb4	; 180
    00000149 CC                     417 	.db #0xcc	; 204
    0000014A B8                     418 	.db #0xb8	; 184
    0000014B C8                     419 	.db #0xc8	; 200
    0000014C B8                     420 	.db #0xb8	; 184
    0000014D C8                     421 	.db #0xc8	; 200
    0000014E 78                     422 	.db #0x78	; 120	'x'
    0000014F 48                     423 	.db #0x48	; 72	'H'
    00000150 78                     424 	.db #0x78	; 120	'x'
    00000151 48                     425 	.db #0x48	; 72	'H'
    00000152 78                     426 	.db #0x78	; 120	'x'
    00000153 48                     427 	.db #0x48	; 72	'H'
    00000154 DF                     428 	.db #0xdf	; 223
    00000155 E0                     429 	.db #0xe0	; 224
    00000156 7F                     430 	.db #0x7f	; 127
    00000157 60                     431 	.db #0x60	; 96
    00000158 7E                     432 	.db #0x7e	; 126
    00000159 61                     433 	.db #0x61	; 97	'a'
    0000015A 6E                     434 	.db #0x6e	; 110	'n'
    0000015B 71                     435 	.db #0x71	; 113	'q'
    0000015C 7E                     436 	.db #0x7e	; 126
    0000015D 71                     437 	.db #0x71	; 113	'q'
    0000015E 7C                     438 	.db #0x7c	; 124
    0000015F 73                     439 	.db #0x73	; 115	's'
    00000160 70                     440 	.db #0x70	; 112	'p'
    00000161 7F                     441 	.db #0x7f	; 127
    00000162 78                     442 	.db #0x78	; 120	'x'
    00000163 7F                     443 	.db #0x7f	; 127
    00000164 70                     444 	.db #0x70	; 112	'p'
    00000165 FF                     445 	.db #0xff	; 255
    00000166 4F                     446 	.db #0x4f	; 79	'O'
    00000167 CF                     447 	.db #0xcf	; 207
    00000168 41                     448 	.db #0x41	; 65	'A'
    00000169 C1                     449 	.db #0xc1	; 193
    0000016A 40                     450 	.db #0x40	; 64
    0000016B C0                     451 	.db #0xc0	; 192
    0000016C 40                     452 	.db #0x40	; 64
    0000016D C0                     453 	.db #0xc0	; 192
    0000016E 40                     454 	.db #0x40	; 64
    0000016F C0                     455 	.db #0xc0	; 192
    00000170 20                     456 	.db #0x20	; 32
    00000171 E0                     457 	.db #0xe0	; 224
    00000172 20                     458 	.db #0x20	; 32
    00000173 E0                     459 	.db #0xe0	; 224
    00000174 02                     460 	.db #0x02	; 2
    00000175 FF                     461 	.db #0xff	; 255
    00000176 FE                     462 	.db #0xfe	; 254
    00000177 FF                     463 	.db #0xff	; 255
    00000178 FE                     464 	.db #0xfe	; 254
    00000179 FF                     465 	.db #0xff	; 255
    0000017A 3F                     466 	.db #0x3f	; 63
    0000017B 3F                     467 	.db #0x3f	; 63
    0000017C 3F                     468 	.db #0x3f	; 63
    0000017D 3F                     469 	.db #0x3f	; 63
    0000017E 3F                     470 	.db #0x3f	; 63
    0000017F 3F                     471 	.db #0x3f	; 63
    00000180 3F                     472 	.db #0x3f	; 63
    00000181 3F                     473 	.db #0x3f	; 63
    00000182 1F                     474 	.db #0x1f	; 31
    00000183 1F                     475 	.db #0x1f	; 31
    00000184 01                     476 	.db #0x01	; 1
    00000185 FF                     477 	.db #0xff	; 255
    00000186 01                     478 	.db #0x01	; 1
    00000187 FF                     479 	.db #0xff	; 255
    00000188 01                     480 	.db #0x01	; 1
    00000189 FF                     481 	.db #0xff	; 255
    0000018A 01                     482 	.db #0x01	; 1
    0000018B FF                     483 	.db #0xff	; 255
    0000018C 01                     484 	.db #0x01	; 1
    0000018D FF                     485 	.db #0xff	; 255
    0000018E 82                     486 	.db #0x82	; 130
    0000018F FE                     487 	.db #0xfe	; 254
    00000190 82                     488 	.db #0x82	; 130
    00000191 FE                     489 	.db #0xfe	; 254
    00000192 C2                     490 	.db #0xc2	; 194
    00000193 FE                     491 	.db #0xfe	; 254
    00000194 50                     492 	.db #0x50	; 80	'P'
    00000195 70                     493 	.db #0x70	; 112	'p'
    00000196 50                     494 	.db #0x50	; 80	'P'
    00000197 70                     495 	.db #0x70	; 112	'p'
    00000198 50                     496 	.db #0x50	; 80	'P'
    00000199 70                     497 	.db #0x70	; 112	'p'
    0000019A 50                     498 	.db #0x50	; 80	'P'
    0000019B 70                     499 	.db #0x70	; 112	'p'
    0000019C 30                     500 	.db #0x30	; 48	'0'
    0000019D 30                     501 	.db #0x30	; 48	'0'
    0000019E 20                     502 	.db #0x20	; 32
    0000019F 20                     503 	.db #0x20	; 32
    000001A0 00                     504 	.db #0x00	; 0
    000001A1 00                     505 	.db #0x00	; 0
    000001A2 00                     506 	.db #0x00	; 0
    000001A3 00                     507 	.db #0x00	; 0
    000001A4 74                     508 	.db #0x74	; 116	't'
    000001A5 4C                     509 	.db #0x4c	; 76	'L'
    000001A6 5C                     510 	.db #0x5c	; 92
    000001A7 64                     511 	.db #0x64	; 100	'd'
    000001A8 3C                     512 	.db #0x3c	; 60
    000001A9 24                     513 	.db #0x24	; 36
    000001AA 3E                     514 	.db #0x3e	; 62
    000001AB 22                     515 	.db #0x22	; 34
    000001AC 19                     516 	.db #0x19	; 25
    000001AD 17                     517 	.db #0x17	; 23
    000001AE 0B                     518 	.db #0x0b	; 11
    000001AF 0F                     519 	.db #0x0f	; 15
    000001B0 06                     520 	.db #0x06	; 6
    000001B1 06                     521 	.db #0x06	; 6
    000001B2 00                     522 	.db #0x00	; 0
    000001B3 00                     523 	.db #0x00	; 0
    000001B4 78                     524 	.db #0x78	; 120	'x'
    000001B5 7F                     525 	.db #0x7f	; 127
    000001B6 78                     526 	.db #0x78	; 120	'x'
    000001B7 7F                     527 	.db #0x7f	; 127
    000001B8 7C                     528 	.db #0x7c	; 124
    000001B9 7F                     529 	.db #0x7f	; 127
    000001BA 7C                     530 	.db #0x7c	; 124
    000001BB 7F                     531 	.db #0x7f	; 127
    000001BC 7C                     532 	.db #0x7c	; 124
    000001BD 7F                     533 	.db #0x7f	; 127
    000001BE FB                     534 	.db #0xfb	; 251
    000001BF FC                     535 	.db #0xfc	; 252
    000001C0 FB                     536 	.db #0xfb	; 251
    000001C1 FC                     537 	.db #0xfc	; 252
    000001C2 0F                     538 	.db #0x0f	; 15
    000001C3 0F                     539 	.db #0x0f	; 15
    000001C4 20                     540 	.db #0x20	; 32
    000001C5 E0                     541 	.db #0xe0	; 224
    000001C6 20                     542 	.db #0x20	; 32
    000001C7 E0                     543 	.db #0xe0	; 224
    000001C8 20                     544 	.db #0x20	; 32
    000001C9 E0                     545 	.db #0xe0	; 224
    000001CA 10                     546 	.db #0x10	; 16
    000001CB F0                     547 	.db #0xf0	; 240
    000001CC 10                     548 	.db #0x10	; 16
    000001CD F0                     549 	.db #0xf0	; 240
    000001CE 90                     550 	.db #0x90	; 144
    000001CF 70                     551 	.db #0x70	; 112	'p'
    000001D0 D0                     552 	.db #0xd0	; 208
    000001D1 30                     553 	.db #0x30	; 48	'0'
    000001D2 E0                     554 	.db #0xe0	; 224
    000001D3 E0                     555 	.db #0xe0	; 224
    000001D4 1F                     556 	.db #0x1f	; 31
    000001D5 1F                     557 	.db #0x1f	; 31
    000001D6 1F                     558 	.db #0x1f	; 31
    000001D7 1F                     559 	.db #0x1f	; 31
    000001D8 1F                     560 	.db #0x1f	; 31
    000001D9 1F                     561 	.db #0x1f	; 31
    000001DA 1F                     562 	.db #0x1f	; 31
    000001DB 1F                     563 	.db #0x1f	; 31
    000001DC 3F                     564 	.db #0x3f	; 63
    000001DD 3F                     565 	.db #0x3f	; 63
    000001DE 3F                     566 	.db #0x3f	; 63
    000001DF 3F                     567 	.db #0x3f	; 63
    000001E0 3F                     568 	.db #0x3f	; 63
    000001E1 3F                     569 	.db #0x3f	; 63
    000001E2 00                     570 	.db #0x00	; 0
    000001E3 00                     571 	.db #0x00	; 0
    000001E4 C2                     572 	.db #0xc2	; 194
    000001E5 FE                     573 	.db #0xfe	; 254
    000001E6 42                     574 	.db #0x42	; 66	'B'
    000001E7 7E                     575 	.db #0x7e	; 126
    000001E8 42                     576 	.db #0x42	; 66	'B'
    000001E9 7E                     577 	.db #0x7e	; 126
    000001EA 42                     578 	.db #0x42	; 66	'B'
    000001EB 7E                     579 	.db #0x7e	; 126
    000001EC 81                     580 	.db #0x81	; 129
    000001ED FF                     581 	.db #0xff	; 255
    000001EE B9                     582 	.db #0xb9	; 185
    000001EF C7                     583 	.db #0xc7	; 199
    000001F0 FD                     584 	.db #0xfd	; 253
    000001F1 83                     585 	.db #0x83	; 131
    000001F2 FE                     586 	.db #0xfe	; 254
    000001F3 FE                     587 	.db #0xfe	; 254
    000001F4 40                     588 	.db #0x40	; 64
    000001F5 C0                     589 	.db #0xc0	; 192
    000001F6 C0                     590 	.db #0xc0	; 192
    000001F7 40                     591 	.db #0x40	; 64
    000001F8 C0                     592 	.db #0xc0	; 192
    000001F9 40                     593 	.db #0x40	; 64
    000001FA E0                     594 	.db #0xe0	; 224
    000001FB 20                     595 	.db #0x20	; 32
    000001FC 60                     596 	.db #0x60	; 96
    000001FD A0                     597 	.db #0xa0	; 160
    000001FE B0                     598 	.db #0xb0	; 176
    000001FF D0                     599 	.db #0xd0	; 208
    00000200 70                     600 	.db #0x70	; 112	'p'
    00000201 50                     601 	.db #0x50	; 80	'P'
    00000202 50                     602 	.db #0x50	; 80	'P'
    00000203 70                     603 	.db #0x70	; 112	'p'
    00000204 00                     604 	.db #0x00	; 0
    00000205 00                     605 	.db #0x00	; 0
    00000206 00                     606 	.db #0x00	; 0
    00000207 00                     607 	.db #0x00	; 0
    00000208 00                     608 	.db #0x00	; 0
    00000209 00                     609 	.db #0x00	; 0
    0000020A 01                     610 	.db #0x01	; 1
    0000020B 01                     611 	.db #0x01	; 1
    0000020C 01                     612 	.db #0x01	; 1
    0000020D 01                     613 	.db #0x01	; 1
    0000020E 01                     614 	.db #0x01	; 1
    0000020F 01                     615 	.db #0x01	; 1
    00000210 01                     616 	.db #0x01	; 1
    00000211 01                     617 	.db #0x01	; 1
    00000212 01                     618 	.db #0x01	; 1
    00000213 01                     619 	.db #0x01	; 1
    00000214 F4                     620 	.db #0xf4	; 244
    00000215 8C                     621 	.db #0x8c	; 140
    00000216 F4                     622 	.db #0xf4	; 244
    00000217 8C                     623 	.db #0x8c	; 140
    00000218 F4                     624 	.db #0xf4	; 244
    00000219 8C                     625 	.db #0x8c	; 140
    0000021A 78                     626 	.db #0x78	; 120	'x'
    0000021B 88                     627 	.db #0x88	; 136
    0000021C E8                     628 	.db #0xe8	; 232
    0000021D 18                     629 	.db #0x18	; 24
    0000021E F0                     630 	.db #0xf0	; 240
    0000021F 10                     631 	.db #0x10	; 16
    00000220 F0                     632 	.db #0xf0	; 240
    00000221 10                     633 	.db #0x10	; 16
    00000222 F0                     634 	.db #0xf0	; 240
    00000223 10                     635 	.db #0x10	; 16
    00000224 38                     636 	.db #0x38	; 56	'8'
    00000225 28                     637 	.db #0x28	; 40
    00000226 38                     638 	.db #0x38	; 56	'8'
    00000227 28                     639 	.db #0x28	; 40
    00000228 28                     640 	.db #0x28	; 40
    00000229 38                     641 	.db #0x38	; 56	'8'
    0000022A 18                     642 	.db #0x18	; 24
    0000022B 18                     643 	.db #0x18	; 24
    0000022C 18                     644 	.db #0x18	; 24
    0000022D 18                     645 	.db #0x18	; 24
    0000022E 08                     646 	.db #0x08	; 8
    0000022F 08                     647 	.db #0x08	; 8
    00000230 00                     648 	.db #0x00	; 0
    00000231 00                     649 	.db #0x00	; 0
    00000232 00                     650 	.db #0x00	; 0
    00000233 00                     651 	.db #0x00	; 0
    00000234 01                     652 	.db #0x01	; 1
    00000235 01                     653 	.db #0x01	; 1
    00000236 00                     654 	.db #0x00	; 0
    00000237 00                     655 	.db #0x00	; 0
    00000238 00                     656 	.db #0x00	; 0
    00000239 00                     657 	.db #0x00	; 0
    0000023A 00                     658 	.db #0x00	; 0
    0000023B 00                     659 	.db #0x00	; 0
    0000023C 00                     660 	.db #0x00	; 0
    0000023D 00                     661 	.db #0x00	; 0
    0000023E 00                     662 	.db #0x00	; 0
    0000023F 00                     663 	.db #0x00	; 0
    00000240 00                     664 	.db #0x00	; 0
    00000241 00                     665 	.db #0x00	; 0
    00000242 00                     666 	.db #0x00	; 0
    00000243 00                     667 	.db #0x00	; 0
    00000244 70                     668 	.db #0x70	; 112	'p'
    00000245 90                     669 	.db #0x90	; 144
    00000246 F0                     670 	.db #0xf0	; 240
    00000247 90                     671 	.db #0x90	; 144
    00000248 E8                     672 	.db #0xe8	; 232
    00000249 98                     673 	.db #0x98	; 152
    0000024A 78                     674 	.db #0x78	; 120	'x'
    0000024B 48                     675 	.db #0x48	; 72	'H'
    0000024C 64                     676 	.db #0x64	; 100	'd'
    0000024D 5C                     677 	.db #0x5c	; 92
    0000024E 2C                     678 	.db #0x2c	; 44
    0000024F 3C                     679 	.db #0x3c	; 60
    00000250 18                     680 	.db #0x18	; 24
    00000251 18                     681 	.db #0x18	; 24
    00000252 00                     682 	.db #0x00	; 0
    00000253 00                     683 	.db #0x00	; 0
    00000254 40                     684 	.db #0x40	; 64
    00000255 C0                     685 	.db #0xc0	; 192
    00000256 C0                     686 	.db #0xc0	; 192
    00000257 40                     687 	.db #0x40	; 64
    00000258 E0                     688 	.db #0xe0	; 224
    00000259 20                     689 	.db #0x20	; 32
    0000025A E0                     690 	.db #0xe0	; 224
    0000025B 20                     691 	.db #0x20	; 32
    0000025C F0                     692 	.db #0xf0	; 240
    0000025D 90                     693 	.db #0x90	; 144
    0000025E B0                     694 	.db #0xb0	; 176
    0000025F D0                     695 	.db #0xd0	; 208
    00000260 78                     696 	.db #0x78	; 120	'x'
    00000261 48                     697 	.db #0x48	; 72	'H'
    00000262 34                     698 	.db #0x34	; 52	'4'
    00000263 2C                     699 	.db #0x2c	; 44
    00000264 01                     700 	.db #0x01	; 1
    00000265 01                     701 	.db #0x01	; 1
    00000266 01                     702 	.db #0x01	; 1
    00000267 01                     703 	.db #0x01	; 1
    00000268 01                     704 	.db #0x01	; 1
    00000269 01                     705 	.db #0x01	; 1
    0000026A 02                     706 	.db #0x02	; 2
    0000026B 03                     707 	.db #0x03	; 3
    0000026C 03                     708 	.db #0x03	; 3
    0000026D 02                     709 	.db #0x02	; 2
    0000026E 03                     710 	.db #0x03	; 3
    0000026F 02                     711 	.db #0x02	; 2
    00000270 05                     712 	.db #0x05	; 5
    00000271 06                     713 	.db #0x06	; 6
    00000272 07                     714 	.db #0x07	; 7
    00000273 04                     715 	.db #0x04	; 4
    00000274 74                     716 	.db #0x74	; 116	't'
    00000275 8C                     717 	.db #0x8c	; 140
    00000276 F4                     718 	.db #0xf4	; 244
    00000277 0C                     719 	.db #0x0c	; 12
    00000278 E8                     720 	.db #0xe8	; 232
    00000279 18                     721 	.db #0x18	; 24
    0000027A F8                     722 	.db #0xf8	; 248
    0000027B 18                     723 	.db #0x18	; 24
    0000027C D0                     724 	.db #0xd0	; 208
    0000027D 30                     725 	.db #0x30	; 48	'0'
    0000027E E0                     726 	.db #0xe0	; 224
    0000027F 20                     727 	.db #0x20	; 32
    00000280 C0                     728 	.db #0xc0	; 192
    00000281 40                     729 	.db #0x40	; 64
    00000282 40                     730 	.db #0x40	; 64
    00000283 C0                     731 	.db #0xc0	; 192
    00000284 1C                     732 	.db #0x1c	; 28
    00000285 14                     733 	.db #0x14	; 20
    00000286 0E                     734 	.db #0x0e	; 14
    00000287 0A                     735 	.db #0x0a	; 10
    00000288 07                     736 	.db #0x07	; 7
    00000289 05                     737 	.db #0x05	; 5
    0000028A 03                     738 	.db #0x03	; 3
    0000028B 03                     739 	.db #0x03	; 3
    0000028C 00                     740 	.db #0x00	; 0
    0000028D 00                     741 	.db #0x00	; 0
    0000028E 00                     742 	.db #0x00	; 0
    0000028F 00                     743 	.db #0x00	; 0
    00000290 00                     744 	.db #0x00	; 0
    00000291 00                     745 	.db #0x00	; 0
    00000292 00                     746 	.db #0x00	; 0
    00000293 00                     747 	.db #0x00	; 0
    00000294 07                     748 	.db #0x07	; 7
    00000295 04                     749 	.db #0x04	; 4
    00000296 07                     750 	.db #0x07	; 7
    00000297 04                     751 	.db #0x04	; 4
    00000298 07                     752 	.db #0x07	; 7
    00000299 04                     753 	.db #0x04	; 4
    0000029A 05                     754 	.db #0x05	; 5
    0000029B 06                     755 	.db #0x06	; 6
    0000029C 03                     756 	.db #0x03	; 3
    0000029D 02                     757 	.db #0x02	; 2
    0000029E 02                     758 	.db #0x02	; 2
    0000029F 03                     759 	.db #0x03	; 3
    000002A0 01                     760 	.db #0x01	; 1
    000002A1 01                     761 	.db #0x01	; 1
    000002A2 00                     762 	.db #0x00	; 0
    000002A3 00                     763 	.db #0x00	; 0
    000002A4 80                     764 	.db #0x80	; 128
    000002A5 80                     765 	.db #0x80	; 128
    000002A6 80                     766 	.db #0x80	; 128
    000002A7 80                     767 	.db #0x80	; 128
    000002A8 80                     768 	.db #0x80	; 128
    000002A9 80                     769 	.db #0x80	; 128
    000002AA 40                     770 	.db #0x40	; 64
    000002AB C0                     771 	.db #0xc0	; 192
    000002AC 40                     772 	.db #0x40	; 64
    000002AD C0                     773 	.db #0xc0	; 192
    000002AE 40                     774 	.db #0x40	; 64
    000002AF C0                     775 	.db #0xc0	; 192
    000002B0 C0                     776 	.db #0xc0	; 192
    000002B1 C0                     777 	.db #0xc0	; 192
    000002B2 00                     778 	.db #0x00	; 0
    000002B3 00                     779 	.db #0x00	; 0
    000002B4 01                     780 	.db #0x01	; 1
    000002B5 01                     781 	.db #0x01	; 1
    000002B6 01                     782 	.db #0x01	; 1
    000002B7 01                     783 	.db #0x01	; 1
    000002B8 01                     784 	.db #0x01	; 1
    000002B9 01                     785 	.db #0x01	; 1
    000002BA 02                     786 	.db #0x02	; 2
    000002BB 03                     787 	.db #0x03	; 3
    000002BC 03                     788 	.db #0x03	; 3
    000002BD 02                     789 	.db #0x02	; 2
    000002BE 07                     790 	.db #0x07	; 7
    000002BF 04                     791 	.db #0x04	; 4
    000002C0 07                     792 	.db #0x07	; 7
    000002C1 04                     793 	.db #0x04	; 4
    000002C2 0F                     794 	.db #0x0f	; 15
    000002C3 08                     795 	.db #0x08	; 8
    000002C4 74                     796 	.db #0x74	; 116	't'
    000002C5 8C                     797 	.db #0x8c	; 140
    000002C6 F4                     798 	.db #0xf4	; 244
    000002C7 0C                     799 	.db #0x0c	; 12
    000002C8 E8                     800 	.db #0xe8	; 232
    000002C9 18                     801 	.db #0x18	; 24
    000002CA F8                     802 	.db #0xf8	; 248
    000002CB 18                     803 	.db #0x18	; 24
    000002CC D0                     804 	.db #0xd0	; 208
    000002CD 30                     805 	.db #0x30	; 48	'0'
    000002CE E0                     806 	.db #0xe0	; 224
    000002CF 20                     807 	.db #0x20	; 32
    000002D0 C0                     808 	.db #0xc0	; 192
    000002D1 40                     809 	.db #0x40	; 64
    000002D2 80                     810 	.db #0x80	; 128
    000002D3 80                     811 	.db #0x80	; 128
    000002D4 0F                     812 	.db #0x0f	; 15
    000002D5 09                     813 	.db #0x09	; 9
    000002D6 15                     814 	.db #0x15	; 21
    000002D7 1B                     815 	.db #0x1b	; 27
    000002D8 1E                     816 	.db #0x1e	; 30
    000002D9 12                     817 	.db #0x12	; 18
    000002DA 1E                     818 	.db #0x1e	; 30
    000002DB 12                     819 	.db #0x12	; 18
    000002DC 1A                     820 	.db #0x1a	; 26
    000002DD 16                     821 	.db #0x16	; 22
    000002DE 12                     822 	.db #0x12	; 18
    000002DF 1E                     823 	.db #0x1e	; 30
    000002E0 1E                     824 	.db #0x1e	; 30
    000002E1 1E                     825 	.db #0x1e	; 30
    000002E2 00                     826 	.db #0x00	; 0
    000002E3 00                     827 	.db #0x00	; 0
    000002E4 01                     828 	.db #0x01	; 1
    000002E5 01                     829 	.db #0x01	; 1
    000002E6 01                     830 	.db #0x01	; 1
    000002E7 01                     831 	.db #0x01	; 1
    000002E8 01                     832 	.db #0x01	; 1
    000002E9 01                     833 	.db #0x01	; 1
    000002EA 02                     834 	.db #0x02	; 2
    000002EB 03                     835 	.db #0x03	; 3
    000002EC 03                     836 	.db #0x03	; 3
    000002ED 02                     837 	.db #0x02	; 2
    000002EE 07                     838 	.db #0x07	; 7
    000002EF 04                     839 	.db #0x04	; 4
    000002F0 0B                     840 	.db #0x0b	; 11
    000002F1 0C                     841 	.db #0x0c	; 12
    000002F2 0F                     842 	.db #0x0f	; 15
    000002F3 08                     843 	.db #0x08	; 8
    000002F4 1F                     844 	.db #0x1f	; 31
    000002F5 11                     845 	.db #0x11	; 17
    000002F6 1E                     846 	.db #0x1e	; 30
    000002F7 12                     847 	.db #0x12	; 18
    000002F8 2A                     848 	.db #0x2a	; 42
    000002F9 36                     849 	.db #0x36	; 54	'6'
    000002FA 3C                     850 	.db #0x3c	; 60
    000002FB 24                     851 	.db #0x24	; 36
    000002FC 24                     852 	.db #0x24	; 36
    000002FD 3C                     853 	.db #0x3c	; 60
    000002FE 28                     854 	.db #0x28	; 40
    000002FF 38                     855 	.db #0x38	; 56	'8'
    00000300 38                     856 	.db #0x38	; 56	'8'
    00000301 38                     857 	.db #0x38	; 56	'8'
    00000302 00                     858 	.db #0x00	; 0
    00000303 00                     859 	.db #0x00	; 0
    00000304                        860 _sprite_metasprite0:
    00000304 F0                     861 	.db #0xf0	; -16
    00000305 E8                     862 	.db #0xe8	; -24
    00000306 00                     863 	.db #0x00	; 0
    00000307 00                     864 	.db #0x00	;  0
    00000308 08                     865 	.db #0x08	;  8
    00000309 01                     866 	.db #0x01	; 1
    0000030A 00                     867 	.db #0x00	;  0
    0000030B 08                     868 	.db #0x08	;  8
    0000030C 02                     869 	.db #0x02	; 2
    0000030D 00                     870 	.db #0x00	;  0
    0000030E 08                     871 	.db #0x08	;  8
    0000030F 03                     872 	.db #0x03	; 3
    00000310 00                     873 	.db #0x00	;  0
    00000311 08                     874 	.db #0x08	;  8
    00000312 04                     875 	.db #0x04	; 4
    00000313 00                     876 	.db #0x00	;  0
    00000314 08                     877 	.db #0x08	;  8
    00000315 05                     878 	.db #0x05	; 5
    00000316 08                     879 	.db #0x08	;  8
    00000317 D8                     880 	.db #0xd8	; -40
    00000318 06                     881 	.db #0x06	; 6
    00000319 00                     882 	.db #0x00	;  0
    0000031A 08                     883 	.db #0x08	;  8
    0000031B 07                     884 	.db #0x07	; 7
    0000031C 00                     885 	.db #0x00	;  0
    0000031D 08                     886 	.db #0x08	;  8
    0000031E 08                     887 	.db #0x08	; 8
    0000031F 00                     888 	.db #0x00	;  0
    00000320 08                     889 	.db #0x08	;  8
    00000321 09                     890 	.db #0x09	; 9
    00000322 00                     891 	.db #0x00	;  0
    00000323 08                     892 	.db #0x08	;  8
    00000324 0A                     893 	.db #0x0a	; 10
    00000325 00                     894 	.db #0x00	;  0
    00000326 08                     895 	.db #0x08	;  8
    00000327 0B                     896 	.db #0x0b	; 11
    00000328 00                     897 	.db #0x00	;  0
    00000329 08                     898 	.db #0x08	;  8
    0000032A 0C                     899 	.db #0x0c	; 12
    0000032B 08                     900 	.db #0x08	;  8
    0000032C D0                     901 	.db #0xd0	; -48
    0000032D 0D                     902 	.db #0x0d	; 13
    0000032E 00                     903 	.db #0x00	;  0
    0000032F 08                     904 	.db #0x08	;  8
    00000330 0E                     905 	.db #0x0e	; 14
    00000331 00                     906 	.db #0x00	;  0
    00000332 08                     907 	.db #0x08	;  8
    00000333 0F                     908 	.db #0x0f	; 15
    00000334 00                     909 	.db #0x00	;  0
    00000335 08                     910 	.db #0x08	;  8
    00000336 10                     911 	.db #0x10	; 16
    00000337 00                     912 	.db #0x00	;  0
    00000338 08                     913 	.db #0x08	;  8
    00000339 11                     914 	.db #0x11	; 17
    0000033A 00                     915 	.db #0x00	;  0
    0000033B 08                     916 	.db #0x08	;  8
    0000033C 12                     917 	.db #0x12	; 18
    0000033D 00                     918 	.db #0x00	;  0
    0000033E 08                     919 	.db #0x08	;  8
    0000033F 13                     920 	.db #0x13	; 19
    00000340 08                     921 	.db #0x08	;  8
    00000341 D0                     922 	.db #0xd0	; -48
    00000342 14                     923 	.db #0x14	; 20
    00000343 00                     924 	.db #0x00	;  0
    00000344 10                     925 	.db #0x10	;  16
    00000345 15                     926 	.db #0x15	; 21
    00000346 00                     927 	.db #0x00	;  0
    00000347 08                     928 	.db #0x08	;  8
    00000348 16                     929 	.db #0x16	; 22
    00000349 00                     930 	.db #0x00	;  0
    0000034A 08                     931 	.db #0x08	;  8
    0000034B 17                     932 	.db #0x17	; 23
    0000034C 00                     933 	.db #0x00	;  0
    0000034D 08                     934 	.db #0x08	;  8
    0000034E 18                     935 	.db #0x18	; 24
    0000034F 00                     936 	.db #0x00	;  0
    00000350 08                     937 	.db #0x08	;  8
    00000351 19                     938 	.db #0x19	; 25
    00000352 08                     939 	.db #0x08	;  8
    00000353 D0                     940 	.db #0xd0	; -48
    00000354 1A                     941 	.db #0x1a	; 26
    00000355 00                     942 	.db #0x00	;  0
    00000356 10                     943 	.db #0x10	;  16
    00000357 1B                     944 	.db #0x1b	; 27
    00000358 00                     945 	.db #0x00	;  0
    00000359 08                     946 	.db #0x08	;  8
    0000035A 1C                     947 	.db #0x1c	; 28
    0000035B 00                     948 	.db #0x00	;  0
    0000035C 08                     949 	.db #0x08	;  8
    0000035D 1D                     950 	.db #0x1d	; 29
    0000035E 00                     951 	.db #0x00	;  0
    0000035F 08                     952 	.db #0x08	;  8
    00000360 1E                     953 	.db #0x1e	; 30
    00000361 80                     954 	.db #0x80	; -128
    00000362 00                     955 	.db #0x00	;  0
    00000363 00                     956 	.db #0x00	; 0
    00000364                        957 _sprite_metasprite1:
    00000364 F0                     958 	.db #0xf0	; -16
    00000365 E8                     959 	.db #0xe8	; -24
    00000366 00                     960 	.db #0x00	; 0
    00000367 00                     961 	.db #0x00	;  0
    00000368 08                     962 	.db #0x08	;  8
    00000369 01                     963 	.db #0x01	; 1
    0000036A 00                     964 	.db #0x00	;  0
    0000036B 08                     965 	.db #0x08	;  8
    0000036C 02                     966 	.db #0x02	; 2
    0000036D 00                     967 	.db #0x00	;  0
    0000036E 08                     968 	.db #0x08	;  8
    0000036F 03                     969 	.db #0x03	; 3
    00000370 00                     970 	.db #0x00	;  0
    00000371 08                     971 	.db #0x08	;  8
    00000372 04                     972 	.db #0x04	; 4
    00000373 00                     973 	.db #0x00	;  0
    00000374 08                     974 	.db #0x08	;  8
    00000375 05                     975 	.db #0x05	; 5
    00000376 08                     976 	.db #0x08	;  8
    00000377 D8                     977 	.db #0xd8	; -40
    00000378 06                     978 	.db #0x06	; 6
    00000379 00                     979 	.db #0x00	;  0
    0000037A 08                     980 	.db #0x08	;  8
    0000037B 07                     981 	.db #0x07	; 7
    0000037C 00                     982 	.db #0x00	;  0
    0000037D 08                     983 	.db #0x08	;  8
    0000037E 08                     984 	.db #0x08	; 8
    0000037F 00                     985 	.db #0x00	;  0
    00000380 08                     986 	.db #0x08	;  8
    00000381 09                     987 	.db #0x09	; 9
    00000382 00                     988 	.db #0x00	;  0
    00000383 08                     989 	.db #0x08	;  8
    00000384 0A                     990 	.db #0x0a	; 10
    00000385 00                     991 	.db #0x00	;  0
    00000386 08                     992 	.db #0x08	;  8
    00000387 0B                     993 	.db #0x0b	; 11
    00000388 00                     994 	.db #0x00	;  0
    00000389 08                     995 	.db #0x08	;  8
    0000038A 0C                     996 	.db #0x0c	; 12
    0000038B 08                     997 	.db #0x08	;  8
    0000038C D0                     998 	.db #0xd0	; -48
    0000038D 0D                     999 	.db #0x0d	; 13
    0000038E 00                    1000 	.db #0x00	;  0
    0000038F 08                    1001 	.db #0x08	;  8
    00000390 0E                    1002 	.db #0x0e	; 14
    00000391 00                    1003 	.db #0x00	;  0
    00000392 08                    1004 	.db #0x08	;  8
    00000393 0F                    1005 	.db #0x0f	; 15
    00000394 00                    1006 	.db #0x00	;  0
    00000395 08                    1007 	.db #0x08	;  8
    00000396 10                    1008 	.db #0x10	; 16
    00000397 00                    1009 	.db #0x00	;  0
    00000398 08                    1010 	.db #0x08	;  8
    00000399 11                    1011 	.db #0x11	; 17
    0000039A 00                    1012 	.db #0x00	;  0
    0000039B 08                    1013 	.db #0x08	;  8
    0000039C 12                    1014 	.db #0x12	; 18
    0000039D 00                    1015 	.db #0x00	;  0
    0000039E 08                    1016 	.db #0x08	;  8
    0000039F 1F                    1017 	.db #0x1f	; 31
    000003A0 08                    1018 	.db #0x08	;  8
    000003A1 C8                    1019 	.db #0xc8	; -56
    000003A2 20                    1020 	.db #0x20	; 32
    000003A3 00                    1021 	.db #0x00	;  0
    000003A4 08                    1022 	.db #0x08	;  8
    000003A5 21                    1023 	.db #0x21	; 33
    000003A6 00                    1024 	.db #0x00	;  0
    000003A7 10                    1025 	.db #0x10	;  16
    000003A8 15                    1026 	.db #0x15	; 21
    000003A9 00                    1027 	.db #0x00	;  0
    000003AA 08                    1028 	.db #0x08	;  8
    000003AB 16                    1029 	.db #0x16	; 22
    000003AC 00                    1030 	.db #0x00	;  0
    000003AD 08                    1031 	.db #0x08	;  8
    000003AE 17                    1032 	.db #0x17	; 23
    000003AF 00                    1033 	.db #0x00	;  0
    000003B0 08                    1034 	.db #0x08	;  8
    000003B1 18                    1035 	.db #0x18	; 24
    000003B2 00                    1036 	.db #0x00	;  0
    000003B3 08                    1037 	.db #0x08	;  8
    000003B4 22                    1038 	.db #0x22	; 34
    000003B5 08                    1039 	.db #0x08	;  8
    000003B6 C8                    1040 	.db #0xc8	; -56
    000003B7 23                    1041 	.db #0x23	; 35
    000003B8 00                    1042 	.db #0x00	;  0
    000003B9 08                    1043 	.db #0x08	;  8
    000003BA 24                    1044 	.db #0x24	; 36
    000003BB 00                    1045 	.db #0x00	;  0
    000003BC 10                    1046 	.db #0x10	;  16
    000003BD 1B                    1047 	.db #0x1b	; 27
    000003BE 00                    1048 	.db #0x00	;  0
    000003BF 08                    1049 	.db #0x08	;  8
    000003C0 1C                    1050 	.db #0x1c	; 28
    000003C1 00                    1051 	.db #0x00	;  0
    000003C2 08                    1052 	.db #0x08	;  8
    000003C3 1D                    1053 	.db #0x1d	; 29
    000003C4 00                    1054 	.db #0x00	;  0
    000003C5 08                    1055 	.db #0x08	;  8
    000003C6 1E                    1056 	.db #0x1e	; 30
    000003C7 80                    1057 	.db #0x80	; -128
    000003C8 00                    1058 	.db #0x00	;  0
    000003C9 00                    1059 	.db #0x00	; 0
    000003CA                       1060 _sprite_metasprite2:
    000003CA F0                    1061 	.db #0xf0	; -16
    000003CB E8                    1062 	.db #0xe8	; -24
    000003CC 00                    1063 	.db #0x00	; 0
    000003CD 00                    1064 	.db #0x00	;  0
    000003CE 08                    1065 	.db #0x08	;  8
    000003CF 01                    1066 	.db #0x01	; 1
    000003D0 00                    1067 	.db #0x00	;  0
    000003D1 08                    1068 	.db #0x08	;  8
    000003D2 02                    1069 	.db #0x02	; 2
    000003D3 00                    1070 	.db #0x00	;  0
    000003D4 08                    1071 	.db #0x08	;  8
    000003D5 03                    1072 	.db #0x03	; 3
    000003D6 00                    1073 	.db #0x00	;  0
    000003D7 08                    1074 	.db #0x08	;  8
    000003D8 04                    1075 	.db #0x04	; 4
    000003D9 00                    1076 	.db #0x00	;  0
    000003DA 08                    1077 	.db #0x08	;  8
    000003DB 05                    1078 	.db #0x05	; 5
    000003DC 08                    1079 	.db #0x08	;  8
    000003DD D8                    1080 	.db #0xd8	; -40
    000003DE 06                    1081 	.db #0x06	; 6
    000003DF 00                    1082 	.db #0x00	;  0
    000003E0 08                    1083 	.db #0x08	;  8
    000003E1 07                    1084 	.db #0x07	; 7
    000003E2 00                    1085 	.db #0x00	;  0
    000003E3 08                    1086 	.db #0x08	;  8
    000003E4 08                    1087 	.db #0x08	; 8
    000003E5 00                    1088 	.db #0x00	;  0
    000003E6 08                    1089 	.db #0x08	;  8
    000003E7 09                    1090 	.db #0x09	; 9
    000003E8 00                    1091 	.db #0x00	;  0
    000003E9 08                    1092 	.db #0x08	;  8
    000003EA 0A                    1093 	.db #0x0a	; 10
    000003EB 00                    1094 	.db #0x00	;  0
    000003EC 08                    1095 	.db #0x08	;  8
    000003ED 0B                    1096 	.db #0x0b	; 11
    000003EE 00                    1097 	.db #0x00	;  0
    000003EF 08                    1098 	.db #0x08	;  8
    000003F0 0C                    1099 	.db #0x0c	; 12
    000003F1 08                    1100 	.db #0x08	;  8
    000003F2 D0                    1101 	.db #0xd0	; -48
    000003F3 0D                    1102 	.db #0x0d	; 13
    000003F4 00                    1103 	.db #0x00	;  0
    000003F5 08                    1104 	.db #0x08	;  8
    000003F6 0E                    1105 	.db #0x0e	; 14
    000003F7 00                    1106 	.db #0x00	;  0
    000003F8 08                    1107 	.db #0x08	;  8
    000003F9 0F                    1108 	.db #0x0f	; 15
    000003FA 00                    1109 	.db #0x00	;  0
    000003FB 08                    1110 	.db #0x08	;  8
    000003FC 10                    1111 	.db #0x10	; 16
    000003FD 00                    1112 	.db #0x00	;  0
    000003FE 08                    1113 	.db #0x08	;  8
    000003FF 11                    1114 	.db #0x11	; 17
    00000400 00                    1115 	.db #0x00	;  0
    00000401 08                    1116 	.db #0x08	;  8
    00000402 12                    1117 	.db #0x12	; 18
    00000403 00                    1118 	.db #0x00	;  0
    00000404 08                    1119 	.db #0x08	;  8
    00000405 25                    1120 	.db #0x25	; 37
    00000406 08                    1121 	.db #0x08	;  8
    00000407 C8                    1122 	.db #0xc8	; -56
    00000408 26                    1123 	.db #0x26	; 38
    00000409 00                    1124 	.db #0x00	;  0
    0000040A 08                    1125 	.db #0x08	;  8
    0000040B 27                    1126 	.db #0x27	; 39
    0000040C 00                    1127 	.db #0x00	;  0
    0000040D 10                    1128 	.db #0x10	;  16
    0000040E 15                    1129 	.db #0x15	; 21
    0000040F 00                    1130 	.db #0x00	;  0
    00000410 08                    1131 	.db #0x08	;  8
    00000411 16                    1132 	.db #0x16	; 22
    00000412 00                    1133 	.db #0x00	;  0
    00000413 08                    1134 	.db #0x08	;  8
    00000414 17                    1135 	.db #0x17	; 23
    00000415 00                    1136 	.db #0x00	;  0
    00000416 08                    1137 	.db #0x08	;  8
    00000417 18                    1138 	.db #0x18	; 24
    00000418 00                    1139 	.db #0x00	;  0
    00000419 08                    1140 	.db #0x08	;  8
    0000041A 28                    1141 	.db #0x28	; 40
    0000041B 08                    1142 	.db #0x08	;  8
    0000041C C8                    1143 	.db #0xc8	; -56
    0000041D 29                    1144 	.db #0x29	; 41
    0000041E 00                    1145 	.db #0x00	;  0
    0000041F 08                    1146 	.db #0x08	;  8
    00000420 2A                    1147 	.db #0x2a	; 42
    00000421 00                    1148 	.db #0x00	;  0
    00000422 10                    1149 	.db #0x10	;  16
    00000423 1B                    1150 	.db #0x1b	; 27
    00000424 00                    1151 	.db #0x00	;  0
    00000425 08                    1152 	.db #0x08	;  8
    00000426 1C                    1153 	.db #0x1c	; 28
    00000427 00                    1154 	.db #0x00	;  0
    00000428 08                    1155 	.db #0x08	;  8
    00000429 1D                    1156 	.db #0x1d	; 29
    0000042A 00                    1157 	.db #0x00	;  0
    0000042B 08                    1158 	.db #0x08	;  8
    0000042C 1E                    1159 	.db #0x1e	; 30
    0000042D 80                    1160 	.db #0x80	; -128
    0000042E 00                    1161 	.db #0x00	;  0
    0000042F 00                    1162 	.db #0x00	; 0
    00000430                       1163 _sprite_metasprite3:
    00000430 F0                    1164 	.db #0xf0	; -16
    00000431 E8                    1165 	.db #0xe8	; -24
    00000432 00                    1166 	.db #0x00	; 0
    00000433 00                    1167 	.db #0x00	;  0
    00000434 08                    1168 	.db #0x08	;  8
    00000435 01                    1169 	.db #0x01	; 1
    00000436 00                    1170 	.db #0x00	;  0
    00000437 08                    1171 	.db #0x08	;  8
    00000438 02                    1172 	.db #0x02	; 2
    00000439 00                    1173 	.db #0x00	;  0
    0000043A 08                    1174 	.db #0x08	;  8
    0000043B 03                    1175 	.db #0x03	; 3
    0000043C 00                    1176 	.db #0x00	;  0
    0000043D 08                    1177 	.db #0x08	;  8
    0000043E 04                    1178 	.db #0x04	; 4
    0000043F 00                    1179 	.db #0x00	;  0
    00000440 08                    1180 	.db #0x08	;  8
    00000441 05                    1181 	.db #0x05	; 5
    00000442 08                    1182 	.db #0x08	;  8
    00000443 D8                    1183 	.db #0xd8	; -40
    00000444 06                    1184 	.db #0x06	; 6
    00000445 00                    1185 	.db #0x00	;  0
    00000446 08                    1186 	.db #0x08	;  8
    00000447 07                    1187 	.db #0x07	; 7
    00000448 00                    1188 	.db #0x00	;  0
    00000449 08                    1189 	.db #0x08	;  8
    0000044A 08                    1190 	.db #0x08	; 8
    0000044B 00                    1191 	.db #0x00	;  0
    0000044C 08                    1192 	.db #0x08	;  8
    0000044D 09                    1193 	.db #0x09	; 9
    0000044E 00                    1194 	.db #0x00	;  0
    0000044F 08                    1195 	.db #0x08	;  8
    00000450 0A                    1196 	.db #0x0a	; 10
    00000451 00                    1197 	.db #0x00	;  0
    00000452 08                    1198 	.db #0x08	;  8
    00000453 0B                    1199 	.db #0x0b	; 11
    00000454 00                    1200 	.db #0x00	;  0
    00000455 08                    1201 	.db #0x08	;  8
    00000456 0C                    1202 	.db #0x0c	; 12
    00000457 08                    1203 	.db #0x08	;  8
    00000458 D0                    1204 	.db #0xd0	; -48
    00000459 0D                    1205 	.db #0x0d	; 13
    0000045A 00                    1206 	.db #0x00	;  0
    0000045B 08                    1207 	.db #0x08	;  8
    0000045C 0E                    1208 	.db #0x0e	; 14
    0000045D 00                    1209 	.db #0x00	;  0
    0000045E 08                    1210 	.db #0x08	;  8
    0000045F 0F                    1211 	.db #0x0f	; 15
    00000460 00                    1212 	.db #0x00	;  0
    00000461 08                    1213 	.db #0x08	;  8
    00000462 10                    1214 	.db #0x10	; 16
    00000463 00                    1215 	.db #0x00	;  0
    00000464 08                    1216 	.db #0x08	;  8
    00000465 11                    1217 	.db #0x11	; 17
    00000466 00                    1218 	.db #0x00	;  0
    00000467 08                    1219 	.db #0x08	;  8
    00000468 12                    1220 	.db #0x12	; 18
    00000469 00                    1221 	.db #0x00	;  0
    0000046A 08                    1222 	.db #0x08	;  8
    0000046B 1F                    1223 	.db #0x1f	; 31
    0000046C 08                    1224 	.db #0x08	;  8
    0000046D C8                    1225 	.db #0xc8	; -56
    0000046E 2B                    1226 	.db #0x2b	; 43
    0000046F 00                    1227 	.db #0x00	;  0
    00000470 08                    1228 	.db #0x08	;  8
    00000471 2C                    1229 	.db #0x2c	; 44
    00000472 00                    1230 	.db #0x00	;  0
    00000473 10                    1231 	.db #0x10	;  16
    00000474 15                    1232 	.db #0x15	; 21
    00000475 00                    1233 	.db #0x00	;  0
    00000476 08                    1234 	.db #0x08	;  8
    00000477 16                    1235 	.db #0x16	; 22
    00000478 00                    1236 	.db #0x00	;  0
    00000479 08                    1237 	.db #0x08	;  8
    0000047A 17                    1238 	.db #0x17	; 23
    0000047B 00                    1239 	.db #0x00	;  0
    0000047C 08                    1240 	.db #0x08	;  8
    0000047D 18                    1241 	.db #0x18	; 24
    0000047E 00                    1242 	.db #0x00	;  0
    0000047F 08                    1243 	.db #0x08	;  8
    00000480 22                    1244 	.db #0x22	; 34
    00000481 08                    1245 	.db #0x08	;  8
    00000482 C8                    1246 	.db #0xc8	; -56
    00000483 2D                    1247 	.db #0x2d	; 45
    00000484 00                    1248 	.db #0x00	;  0
    00000485 18                    1249 	.db #0x18	;  24
    00000486 1B                    1250 	.db #0x1b	; 27
    00000487 00                    1251 	.db #0x00	;  0
    00000488 08                    1252 	.db #0x08	;  8
    00000489 1C                    1253 	.db #0x1c	; 28
    0000048A 00                    1254 	.db #0x00	;  0
    0000048B 08                    1255 	.db #0x08	;  8
    0000048C 1D                    1256 	.db #0x1d	; 29
    0000048D 00                    1257 	.db #0x00	;  0
    0000048E 08                    1258 	.db #0x08	;  8
    0000048F 1E                    1259 	.db #0x1e	; 30
    00000490 80                    1260 	.db #0x80	; -128
    00000491 00                    1261 	.db #0x00	;  0
    00000492 00                    1262 	.db #0x00	; 0
    00000493                       1263 _sprite_metasprite4:
    00000493 F0                    1264 	.db #0xf0	; -16
    00000494 E8                    1265 	.db #0xe8	; -24
    00000495 00                    1266 	.db #0x00	; 0
    00000496 00                    1267 	.db #0x00	;  0
    00000497 08                    1268 	.db #0x08	;  8
    00000498 01                    1269 	.db #0x01	; 1
    00000499 00                    1270 	.db #0x00	;  0
    0000049A 08                    1271 	.db #0x08	;  8
    0000049B 02                    1272 	.db #0x02	; 2
    0000049C 00                    1273 	.db #0x00	;  0
    0000049D 08                    1274 	.db #0x08	;  8
    0000049E 03                    1275 	.db #0x03	; 3
    0000049F 00                    1276 	.db #0x00	;  0
    000004A0 08                    1277 	.db #0x08	;  8
    000004A1 04                    1278 	.db #0x04	; 4
    000004A2 00                    1279 	.db #0x00	;  0
    000004A3 08                    1280 	.db #0x08	;  8
    000004A4 05                    1281 	.db #0x05	; 5
    000004A5 08                    1282 	.db #0x08	;  8
    000004A6 D8                    1283 	.db #0xd8	; -40
    000004A7 06                    1284 	.db #0x06	; 6
    000004A8 00                    1285 	.db #0x00	;  0
    000004A9 08                    1286 	.db #0x08	;  8
    000004AA 07                    1287 	.db #0x07	; 7
    000004AB 00                    1288 	.db #0x00	;  0
    000004AC 08                    1289 	.db #0x08	;  8
    000004AD 08                    1290 	.db #0x08	; 8
    000004AE 00                    1291 	.db #0x00	;  0
    000004AF 08                    1292 	.db #0x08	;  8
    000004B0 09                    1293 	.db #0x09	; 9
    000004B1 00                    1294 	.db #0x00	;  0
    000004B2 08                    1295 	.db #0x08	;  8
    000004B3 0A                    1296 	.db #0x0a	; 10
    000004B4 00                    1297 	.db #0x00	;  0
    000004B5 08                    1298 	.db #0x08	;  8
    000004B6 0B                    1299 	.db #0x0b	; 11
    000004B7 00                    1300 	.db #0x00	;  0
    000004B8 08                    1301 	.db #0x08	;  8
    000004B9 0C                    1302 	.db #0x0c	; 12
    000004BA 08                    1303 	.db #0x08	;  8
    000004BB D0                    1304 	.db #0xd0	; -48
    000004BC 0D                    1305 	.db #0x0d	; 13
    000004BD 00                    1306 	.db #0x00	;  0
    000004BE 08                    1307 	.db #0x08	;  8
    000004BF 0E                    1308 	.db #0x0e	; 14
    000004C0 00                    1309 	.db #0x00	;  0
    000004C1 08                    1310 	.db #0x08	;  8
    000004C2 0F                    1311 	.db #0x0f	; 15
    000004C3 00                    1312 	.db #0x00	;  0
    000004C4 08                    1313 	.db #0x08	;  8
    000004C5 10                    1314 	.db #0x10	; 16
    000004C6 00                    1315 	.db #0x00	;  0
    000004C7 08                    1316 	.db #0x08	;  8
    000004C8 11                    1317 	.db #0x11	; 17
    000004C9 00                    1318 	.db #0x00	;  0
    000004CA 08                    1319 	.db #0x08	;  8
    000004CB 12                    1320 	.db #0x12	; 18
    000004CC 00                    1321 	.db #0x00	;  0
    000004CD 08                    1322 	.db #0x08	;  8
    000004CE 13                    1323 	.db #0x13	; 19
    000004CF 08                    1324 	.db #0x08	;  8
    000004D0 C8                    1325 	.db #0xc8	; -56
    000004D1 2E                    1326 	.db #0x2e	; 46
    000004D2 00                    1327 	.db #0x00	;  0
    000004D3 08                    1328 	.db #0x08	;  8
    000004D4 2C                    1329 	.db #0x2c	; 44
    000004D5 00                    1330 	.db #0x00	;  0
    000004D6 10                    1331 	.db #0x10	;  16
    000004D7 15                    1332 	.db #0x15	; 21
    000004D8 00                    1333 	.db #0x00	;  0
    000004D9 08                    1334 	.db #0x08	;  8
    000004DA 16                    1335 	.db #0x16	; 22
    000004DB 00                    1336 	.db #0x00	;  0
    000004DC 08                    1337 	.db #0x08	;  8
    000004DD 17                    1338 	.db #0x17	; 23
    000004DE 00                    1339 	.db #0x00	;  0
    000004DF 08                    1340 	.db #0x08	;  8
    000004E0 18                    1341 	.db #0x18	; 24
    000004E1 00                    1342 	.db #0x00	;  0
    000004E2 08                    1343 	.db #0x08	;  8
    000004E3 19                    1344 	.db #0x19	; 25
    000004E4 08                    1345 	.db #0x08	;  8
    000004E5 C8                    1346 	.db #0xc8	; -56
    000004E6 2F                    1347 	.db #0x2f	; 47
    000004E7 00                    1348 	.db #0x00	;  0
    000004E8 18                    1349 	.db #0x18	;  24
    000004E9 1B                    1350 	.db #0x1b	; 27
    000004EA 00                    1351 	.db #0x00	;  0
    000004EB 08                    1352 	.db #0x08	;  8
    000004EC 1C                    1353 	.db #0x1c	; 28
    000004ED 00                    1354 	.db #0x00	;  0
    000004EE 08                    1355 	.db #0x08	;  8
    000004EF 1D                    1356 	.db #0x1d	; 29
    000004F0 00                    1357 	.db #0x00	;  0
    000004F1 08                    1358 	.db #0x08	;  8
    000004F2 1E                    1359 	.db #0x1e	; 30
    000004F3 80                    1360 	.db #0x80	; -128
    000004F4 00                    1361 	.db #0x00	;  0
    000004F5 00                    1362 	.db #0x00	; 0
    000004F6                       1363 _sprite_metasprites:
    000004F6r04r03                 1364 	.dw _sprite_metasprite0
    000004F8r64r03                 1365 	.dw _sprite_metasprite1
    000004FArCAr03                 1366 	.dw _sprite_metasprite2
    000004FCr30r04                 1367 	.dw _sprite_metasprite3
    000004FEr93r04                 1368 	.dw _sprite_metasprite4
                                   1369 	.area _INITIALIZER
                                   1370 	.area _CABS (ABS)
