                                      1 ;--------------------------------------------------------
                                      2 ; File Created by SDCC : free open source ISO C Compiler
                                      3 ; Version 4.5.1 #15267 (Mac OS X ppc)
                                      4 ;--------------------------------------------------------
                                      5 	.module banks
                                      6 	
                                      7 ;--------------------------------------------------------
                                      8 ; Public variables in this module
                                      9 ;--------------------------------------------------------
                                     10 	.globl _main
                                     11 	.globl _bank_fixed
                                     12 	.globl b_bank_3
                                     13 	.globl _bank_3
                                     14 	.globl b_bank_2
                                     15 	.globl _bank_2
                                     16 	.globl b_bank_1
                                     17 	.globl _bank_1
                                     18 	.globl _puts
                                     19 	.globl _printf
                                     20 	.globl _var_internal
                                     21 ;--------------------------------------------------------
                                     22 ; special function registers
                                     23 ;--------------------------------------------------------
                         00000000    24 _GG_STATE	=	0x0000
                         00000001    25 _GG_EXT_7BIT	=	0x0001
                         00000002    26 _GG_EXT_CTL	=	0x0002
                         00000003    27 _GG_SIO_SEND	=	0x0003
                         00000004    28 _GG_SIO_RECV	=	0x0004
                         00000005    29 _GG_SIO_CTL	=	0x0005
                         00000006    30 _GG_SOUND_PAN	=	0x0006
                         0000003E    31 _MEMORY_CTL	=	0x003e
                         0000003F    32 _JOY_CTL	=	0x003f
                         0000007E    33 _VCOUNTER	=	0x007e
                         0000007F    34 _PSG	=	0x007f
                         0000007F    35 _HCOUNTER	=	0x007f
                         000000BE    36 _VDP_DATA	=	0x00be
                         000000BF    37 _VDP_CMD	=	0x00bf
                         000000BF    38 _VDP_STATUS	=	0x00bf
                         000000DC    39 _JOY_PORT1	=	0x00dc
                         000000DD    40 _JOY_PORT2	=	0x00dd
                         000000F0    41 _FMADDRESS	=	0x00f0
                         000000F1    42 _FMDATA	=	0x00f1
                         000000F2    43 _AUDIOCTRL	=	0x00f2
                                     44 ;--------------------------------------------------------
                                     45 ; ram data
                                     46 ;--------------------------------------------------------
                                     47 	.area _DATA
                         0000FFFC    48 _RAM_CONTROL	=	0xfffc
                         0000FFF8    49 _GLASSES_3D	=	0xfff8
                         0000FFFD    50 _MAP_FRAME0	=	0xfffd
                         0000FFFE    51 _MAP_FRAME1	=	0xfffe
                         0000FFFF    52 _MAP_FRAME2	=	0xffff
    00000000                         53 _var_internal::
    00000000                         54 	.ds 2
                                     55 ;--------------------------------------------------------
                                     56 ; ram data
                                     57 ;--------------------------------------------------------
                                     58 	.area _INITIALIZED
                                     59 ;--------------------------------------------------------
                                     60 ; absolute external ram data
                                     61 ;--------------------------------------------------------
                                     62 	.area _DABS (ABS)
                                     63 ;--------------------------------------------------------
                                     64 ; global & static initialisations
                                     65 ;--------------------------------------------------------
                                     66 	.area _HOME
                                     67 	.area _GSINIT
                                     68 	.area _GSFINAL
                                     69 	.area _GSINIT
                                     70 ;--------------------------------------------------------
                                     71 ; Home
                                     72 ;--------------------------------------------------------
                                     73 	.area _HOME
                                     74 ;src/banks.c:18: void bank_fixed(void) NONBANKED
                                     75 ;	---------------------------------
                                     76 ; Function bank_fixed
                                     77 ; ---------------------------------
    00000000                         78 _bank_fixed::
                                     79 ;src/banks.c:20: puts("I'm in fixed ROM");
    00000000 21r06r00         [10]   80 	ld	hl, #___str_0
                                     81 ;src/banks.c:21: }
    00000003 C3r00r00         [10]   82 	jp	_puts
    00000006                         83 ___str_0:
    00000006 49 27 6D 20 69 6E 20    84 	.ascii "I'm in fixed ROM"
             66 69 78 65 64 20 52
             4F 4D
    00000016 00                      85 	.db 0x00
                                     86 	.area _HOME
                                     87 ;--------------------------------------------------------
                                     88 ; code
                                     89 ;--------------------------------------------------------
                                     90 	.area _CODE
                                     91 ;src/banks.c:23: void main(void)
                                     92 ;	---------------------------------
                                     93 ; Function main
                                     94 ; ---------------------------------
    00000000                         95 _main::
                                     96 ;src/banks.c:25: puts("Program Start...");
    00000000 21rCAr00         [10]   97 	ld	hl, #___str_1
    00000003 CDr00r00         [17]   98 	call	_puts
                                     99 ;src/banks.c:27: ENABLE_RAM;
    00000006 3A FC FF         [13]  100 	ld	a, (_RAM_CONTROL+0)
    00000009 F6 08            [ 7]  101 	or	a, #0x08
    0000000B 32 FC FF         [13]  102 	ld	(_RAM_CONTROL+0), a
                                    103 ;src/banks.c:29: var_internal = 1;
    0000000E 21 01 00         [10]  104 	ld	hl, #0x0001
    00000011 22r00r00         [16]  105 	ld	(_var_internal), hl
                                    106 ;src/banks.c:30: SWITCH_RAM(0);
    00000014 3A FC FF         [13]  107 	ld	a, (_RAM_CONTROL+0)
    00000017 E6 FB            [ 7]  108 	and	a, #0xfb
    00000019 32 FC FF         [13]  109 	ld	(_RAM_CONTROL+0), a
                                    110 ;src/banks.c:31: var_0 = 2;
    0000001C 2E 02            [ 7]  111 	ld	l, #0x02
    0000001E 22r00r00         [16]  112 	ld	(_var_0), hl
                                    113 ;src/banks.c:32: SWITCH_RAM(1);
    00000021 3A FC FF         [13]  114 	ld	a, (_RAM_CONTROL+0)
    00000024 F6 04            [ 7]  115 	or	a, #0x04
    00000026 32 FC FF         [13]  116 	ld	(_RAM_CONTROL+0), a
                                    117 ;src/banks.c:33: var_1 = 3;
    00000029 2E 03            [ 7]  118 	ld	l, #0x03
    0000002B 22r00r00         [16]  119 	ld	(_var_1), hl
                                    120 ;src/banks.c:34: SWITCH_RAM(0);
    0000002E 3A FC FF         [13]  121 	ld	a, (_RAM_CONTROL+0)
    00000031 E6 FB            [ 7]  122 	and	a, #0xfb
    00000033 32 FC FF         [13]  123 	ld	(_RAM_CONTROL+0), a
                                    124 ;src/banks.c:35: var_2 = 4;
    00000036 2E 04            [ 7]  125 	ld	l, #0x04
    00000038 22r00r00         [16]  126 	ld	(_var_2), hl
                                    127 ;src/banks.c:36: SWITCH_RAM(1);
    0000003B 3A FC FF         [13]  128 	ld	a, (_RAM_CONTROL+0)
    0000003E F6 04            [ 7]  129 	or	a, #0x04
    00000040 32 FC FF         [13]  130 	ld	(_RAM_CONTROL+0), a
                                    131 ;src/banks.c:37: var_3 = 5;
    00000043 2E 05            [ 7]  132 	ld	l, #0x05
    00000045 22r00r00         [16]  133 	ld	(_var_3), hl
                                    134 ;src/banks.c:39: bank_fixed();
    00000048 CDr00r00         [17]  135 	call	_bank_fixed
                                    136 ;src/banks.c:40: bank_1();
    0000004B 1Er00            [ 7]  137 	ld	e, #b_bank_1
    0000004D 21r00r00         [10]  138 	ld	hl, #_bank_1
    00000050 CDr00r00         [17]  139 	call	___sdcc_bcall_ehl
                                    140 ;src/banks.c:41: bank_2();
    00000053 1Er00            [ 7]  141 	ld	e, #b_bank_2
    00000055 21r00r00         [10]  142 	ld	hl, #_bank_2
    00000058 CDr00r00         [17]  143 	call	___sdcc_bcall_ehl
                                    144 ;src/banks.c:42: bank_3();
    0000005B 1Er00            [ 7]  145 	ld	e, #b_bank_3
    0000005D 21r00r00         [10]  146 	ld	hl, #_bank_3
    00000060 CDr00r00         [17]  147 	call	___sdcc_bcall_ehl
                                    148 ;src/banks.c:44: printf("Var is %u\n", var_internal);
    00000063 2Ar00r00         [16]  149 	ld	hl, (_var_internal)
    00000066 E5               [11]  150 	push	hl
    00000067 21rDBr00         [10]  151 	ld	hl, #___str_2
    0000006A E5               [11]  152 	push	hl
    0000006B CDr00r00         [17]  153 	call	_printf
    0000006E F1               [10]  154 	pop	af
    0000006F F1               [10]  155 	pop	af
                                    156 ;src/banks.c:45: SWITCH_RAM(0);
    00000070 3A FC FF         [13]  157 	ld	a, (_RAM_CONTROL+0)
    00000073 E6 FB            [ 7]  158 	and	a, #0xfb
    00000075 32 FC FF         [13]  159 	ld	(_RAM_CONTROL+0), a
                                    160 ;src/banks.c:46: printf("Var_0 is %u\n", var_0);
    00000078 2Ar00r00         [16]  161 	ld	hl, (_var_0)
    0000007B E5               [11]  162 	push	hl
    0000007C 21rE6r00         [10]  163 	ld	hl, #___str_3
    0000007F E5               [11]  164 	push	hl
    00000080 CDr00r00         [17]  165 	call	_printf
    00000083 F1               [10]  166 	pop	af
    00000084 F1               [10]  167 	pop	af
                                    168 ;src/banks.c:47: SWITCH_RAM(1);
    00000085 3A FC FF         [13]  169 	ld	a, (_RAM_CONTROL+0)
    00000088 F6 04            [ 7]  170 	or	a, #0x04
    0000008A 32 FC FF         [13]  171 	ld	(_RAM_CONTROL+0), a
                                    172 ;src/banks.c:48: printf("Var_1 is %u\n", var_1);
    0000008D 2Ar00r00         [16]  173 	ld	hl, (_var_1)
    00000090 E5               [11]  174 	push	hl
    00000091 21rF3r00         [10]  175 	ld	hl, #___str_4
    00000094 E5               [11]  176 	push	hl
    00000095 CDr00r00         [17]  177 	call	_printf
    00000098 F1               [10]  178 	pop	af
    00000099 F1               [10]  179 	pop	af
                                    180 ;src/banks.c:49: SWITCH_RAM(0);
    0000009A 3A FC FF         [13]  181 	ld	a, (_RAM_CONTROL+0)
    0000009D E6 FB            [ 7]  182 	and	a, #0xfb
    0000009F 32 FC FF         [13]  183 	ld	(_RAM_CONTROL+0), a
                                    184 ;src/banks.c:50: printf("Var_2 is %u\n", var_2);
    000000A2 2Ar00r00         [16]  185 	ld	hl, (_var_2)
    000000A5 E5               [11]  186 	push	hl
    000000A6 21r00r01         [10]  187 	ld	hl, #___str_5
    000000A9 E5               [11]  188 	push	hl
    000000AA CDr00r00         [17]  189 	call	_printf
    000000AD F1               [10]  190 	pop	af
    000000AE F1               [10]  191 	pop	af
                                    192 ;src/banks.c:51: SWITCH_RAM(1);
    000000AF 3A FC FF         [13]  193 	ld	a, (_RAM_CONTROL+0)
    000000B2 F6 04            [ 7]  194 	or	a, #0x04
    000000B4 32 FC FF         [13]  195 	ld	(_RAM_CONTROL+0), a
                                    196 ;src/banks.c:52: printf("Var_3 is %u\n", var_3);
    000000B7 2Ar00r00         [16]  197 	ld	hl, (_var_3)
    000000BA E5               [11]  198 	push	hl
    000000BB 21r0Dr01         [10]  199 	ld	hl, #___str_6
    000000BE E5               [11]  200 	push	hl
    000000BF CDr00r00         [17]  201 	call	_printf
    000000C2 F1               [10]  202 	pop	af
    000000C3 F1               [10]  203 	pop	af
                                    204 ;src/banks.c:54: puts("The End...");
    000000C4 21r1Ar01         [10]  205 	ld	hl, #___str_7
                                    206 ;src/banks.c:55: }
    000000C7 C3r00r00         [10]  207 	jp	_puts
    000000CA                        208 ___str_1:
    000000CA 50 72 6F 67 72 61 6D   209 	.ascii "Program Start..."
             20 53 74 61 72 74 2E
             2E 2E
    000000DA 00                     210 	.db 0x00
    000000DB                        211 ___str_2:
    000000DB 56 61 72 20 69 73 20   212 	.ascii "Var is %u"
             25 75
    000000E4 0A                     213 	.db 0x0a
    000000E5 00                     214 	.db 0x00
    000000E6                        215 ___str_3:
    000000E6 56 61 72 5F 30 20 69   216 	.ascii "Var_0 is %u"
             73 20 25 75
    000000F1 0A                     217 	.db 0x0a
    000000F2 00                     218 	.db 0x00
    000000F3                        219 ___str_4:
    000000F3 56 61 72 5F 31 20 69   220 	.ascii "Var_1 is %u"
             73 20 25 75
    000000FE 0A                     221 	.db 0x0a
    000000FF 00                     222 	.db 0x00
    00000100                        223 ___str_5:
    00000100 56 61 72 5F 32 20 69   224 	.ascii "Var_2 is %u"
             73 20 25 75
    0000010B 0A                     225 	.db 0x0a
    0000010C 00                     226 	.db 0x00
    0000010D                        227 ___str_6:
    0000010D 56 61 72 5F 33 20 69   228 	.ascii "Var_3 is %u"
             73 20 25 75
    00000118 0A                     229 	.db 0x0a
    00000119 00                     230 	.db 0x00
    0000011A                        231 ___str_7:
    0000011A 54 68 65 20 45 6E 64   232 	.ascii "The End..."
             2E 2E 2E
    00000124 00                     233 	.db 0x00
                                    234 	.area _CODE
                                    235 	.area _INITIALIZER
                                    236 	.area _CABS (ABS)
