                                      1 ;--------------------------------------------------------
                                      2 ; File Created by SDCC : free open source ISO C Compiler
                                      3 ; Version 4.5.1 #15267 (Mac OS X ppc)
                                      4 ;--------------------------------------------------------
                                      5 	.module GBDK_2020_logo
                                      6 	
                                      7 ;--------------------------------------------------------
                                      8 ; Public variables in this module
                                      9 ;--------------------------------------------------------
                                     10 	.globl _GBDK_2020_logo_map
                                     11 	.globl _GBDK_2020_logo_tiles
                                     12 	.globl _GBDK_2020_logo_palettes
                                     13 	.globl b___func_GBDK_2020_logo
                                     14 	.globl ___func_GBDK_2020_logo
                                     15 ;--------------------------------------------------------
                                     16 ; special function registers
                                     17 ;--------------------------------------------------------
                                     18 ;--------------------------------------------------------
                                     19 ; ram data
                                     20 ;--------------------------------------------------------
                                     21 	.area _DATA
                                     22 ;--------------------------------------------------------
                                     23 ; ram data
                                     24 ;--------------------------------------------------------
                                     25 	.area _INITIALIZED
                                     26 ;--------------------------------------------------------
                                     27 ; absolute external ram data
                                     28 ;--------------------------------------------------------
                                     29 	.area _DABS (ABS)
                                     30 ;--------------------------------------------------------
                                     31 ; global & static initialisations
                                     32 ;--------------------------------------------------------
                                     33 	.area _HOME
                                     34 	.area _GSINIT
                                     35 	.area _GSFINAL
                                     36 	.area _GSINIT
                                     37 ;--------------------------------------------------------
                                     38 ; Home
                                     39 ;--------------------------------------------------------
                                     40 	.area _HOME
                                     41 	.area _HOME
                                     42 ;--------------------------------------------------------
                                     43 ; code
                                     44 ;--------------------------------------------------------
                                     45 	.area _CODE
                                     46 ;obj/pocket/GBDK_2020_logo.c:7: BANKREF(GBDK_2020_logo)
                                     47 ;	---------------------------------
                                     48 ; Function __func_GBDK_2020_logo
                                     49 ; ---------------------------------
                         00000000    50 	b___func_GBDK_2020_logo	= 0
    00000000                         51 ___func_GBDK_2020_logo::
                                     52 	.local b___func_GBDK_2020_logo 
                         00000000    53 	___bank_GBDK_2020_logo = b___func_GBDK_2020_logo 
                                     54 	.globl ___bank_GBDK_2020_logo 
                                     55 	.area _CODE
    00000000                         56 _GBDK_2020_logo_palettes:
    00000000 FC 6B                   57 	.dw #0x6bfc
    00000002 11 3B                   58 	.dw #0x3b11
    00000004 A6 29                   59 	.dw #0x29a6
    00000006 40 0C                   60 	.dw #0x0c40
    00000008                         61 _GBDK_2020_logo_tiles:
    00000008 00                      62 	.db #0x00	; 0
    00000009 00                      63 	.db #0x00	; 0
    0000000A 00                      64 	.db #0x00	; 0
    0000000B 00                      65 	.db #0x00	; 0
    0000000C 00                      66 	.db #0x00	; 0
    0000000D 00                      67 	.db #0x00	; 0
    0000000E 00                      68 	.db #0x00	; 0
    0000000F 00                      69 	.db #0x00	; 0
    00000010 00                      70 	.db #0x00	; 0
    00000011 00                      71 	.db #0x00	; 0
    00000012 00                      72 	.db #0x00	; 0
    00000013 00                      73 	.db #0x00	; 0
    00000014 00                      74 	.db #0x00	; 0
    00000015 00                      75 	.db #0x00	; 0
    00000016 00                      76 	.db #0x00	; 0
    00000017 00                      77 	.db #0x00	; 0
    00000018 00                      78 	.db #0x00	; 0
    00000019 00                      79 	.db #0x00	; 0
    0000001A 00                      80 	.db #0x00	; 0
    0000001B 50                      81 	.db #0x50	; 80	'P'
    0000001C 00                      82 	.db #0x00	; 0
    0000001D A8                      83 	.db #0xa8	; 168
    0000001E 00                      84 	.db #0x00	; 0
    0000001F A9                      85 	.db #0xa9	; 169
    00000020 00                      86 	.db #0x00	; 0
    00000021 8A                      87 	.db #0x8a	; 138
    00000022 00                      88 	.db #0x00	; 0
    00000023 8B                      89 	.db #0x8b	; 139
    00000024 00                      90 	.db #0x00	; 0
    00000025 00                      91 	.db #0x00	; 0
    00000026 00                      92 	.db #0x00	; 0
    00000027 00                      93 	.db #0x00	; 0
    00000028 00                      94 	.db #0x00	; 0
    00000029 00                      95 	.db #0x00	; 0
    0000002A 00                      96 	.db #0x00	; 0
    0000002B 08                      97 	.db #0x08	; 8
    0000002C 00                      98 	.db #0x00	; 0
    0000002D 08                      99 	.db #0x08	; 8
    0000002E 00                     100 	.db #0x00	; 0
    0000002F 9B                     101 	.db #0x9b	; 155
    00000030 00                     102 	.db #0x00	; 0
    00000031 AA                     103 	.db #0xaa	; 170
    00000032 00                     104 	.db #0x00	; 0
    00000033 BB                     105 	.db #0xbb	; 187
    00000034 00                     106 	.db #0x00	; 0
    00000035 00                     107 	.db #0x00	; 0
    00000036 00                     108 	.db #0x00	; 0
    00000037 00                     109 	.db #0x00	; 0
    00000038 00                     110 	.db #0x00	; 0
    00000039 00                     111 	.db #0x00	; 0
    0000003A 00                     112 	.db #0x00	; 0
    0000003B 00                     113 	.db #0x00	; 0
    0000003C 00                     114 	.db #0x00	; 0
    0000003D 00                     115 	.db #0x00	; 0
    0000003E 00                     116 	.db #0x00	; 0
    0000003F 92                     117 	.db #0x92	; 146
    00000040 00                     118 	.db #0x00	; 0
    00000041 96                     119 	.db #0x96	; 150
    00000042 00                     120 	.db #0x00	; 0
    00000043 0C                     121 	.db #0x0c	; 12
    00000044 00                     122 	.db #0x00	; 0
    00000045 00                     123 	.db #0x00	; 0
    00000046 00                     124 	.db #0x00	; 0
    00000047 00                     125 	.db #0x00	; 0
    00000048 00                     126 	.db #0x00	; 0
    00000049 00                     127 	.db #0x00	; 0
    0000004A 00                     128 	.db #0x00	; 0
    0000004B A4                     129 	.db #0xa4	; 164
    0000004C 00                     130 	.db #0x00	; 0
    0000004D 24                     131 	.db #0x24	; 36
    0000004E 00                     132 	.db #0x00	; 0
    0000004F B7                     133 	.db #0xb7	; 183
    00000050 00                     134 	.db #0x00	; 0
    00000051 A5                     135 	.db #0xa5	; 165
    00000052 00                     136 	.db #0x00	; 0
    00000053 B5                     137 	.db #0xb5	; 181
    00000054 00                     138 	.db #0x00	; 0
    00000055 00                     139 	.db #0x00	; 0
    00000056 00                     140 	.db #0x00	; 0
    00000057 00                     141 	.db #0x00	; 0
    00000058 00                     142 	.db #0x00	; 0
    00000059 00                     143 	.db #0x00	; 0
    0000005A 00                     144 	.db #0x00	; 0
    0000005B 1F                     145 	.db #0x1f	; 31
    0000005C 00                     146 	.db #0x00	; 0
    0000005D 3F                     147 	.db #0x3f	; 63
    0000005E 00                     148 	.db #0x00	; 0
    0000005F 7F                     149 	.db #0x7f	; 127
    00000060 80                     150 	.db #0x80	; 128
    00000061 FF                     151 	.db #0xff	; 255
    00000062 87                     152 	.db #0x87	; 135
    00000063 FF                     153 	.db #0xff	; 255
    00000064 80                     154 	.db #0x80	; 128
    00000065 FB                     155 	.db #0xfb	; 251
    00000066 84                     156 	.db #0x84	; 132
    00000067 FF                     157 	.db #0xff	; 255
    00000068 00                     158 	.db #0x00	; 0
    00000069 00                     159 	.db #0x00	; 0
    0000006A 00                     160 	.db #0x00	; 0
    0000006B E1                     161 	.db #0xe1	; 225
    0000006C 00                     162 	.db #0x00	; 0
    0000006D F3                     163 	.db #0xf3	; 243
    0000006E 04                     164 	.db #0x04	; 4
    0000006F F7                     165 	.db #0xf7	; 247
    00000070 04                     166 	.db #0x04	; 4
    00000071 F7                     167 	.db #0xf7	; 247
    00000072 E4                     168 	.db #0xe4	; 228
    00000073 E7                     169 	.db #0xe7	; 231
    00000074 04                     170 	.db #0x04	; 4
    00000075 F7                     171 	.db #0xf7	; 247
    00000076 04                     172 	.db #0x04	; 4
    00000077 F7                     173 	.db #0xf7	; 247
    00000078 00                     174 	.db #0x00	; 0
    00000079 00                     175 	.db #0x00	; 0
    0000007A 00                     176 	.db #0x00	; 0
    0000007B FE                     177 	.db #0xfe	; 254
    0000007C 00                     178 	.db #0x00	; 0
    0000007D FF                     179 	.db #0xff	; 255
    0000007E 00                     180 	.db #0x00	; 0
    0000007F FF                     181 	.db #0xff	; 255
    00000080 78                     182 	.db #0x78	; 120	'x'
    00000081 FF                     183 	.db #0xff	; 255
    00000082 00                     184 	.db #0x00	; 0
    00000083 8F                     185 	.db #0x8f	; 143
    00000084 00                     186 	.db #0x00	; 0
    00000085 FE                     187 	.db #0xfe	; 254
    00000086 00                     188 	.db #0x00	; 0
    00000087 FC                     189 	.db #0xfc	; 252
    00000088 00                     190 	.db #0x00	; 0
    00000089 00                     191 	.db #0x00	; 0
    0000008A 00                     192 	.db #0x00	; 0
    0000008B 3F                     193 	.db #0x3f	; 63
    0000008C 40                     194 	.db #0x40	; 64
    0000008D 7F                     195 	.db #0x7f	; 127
    0000008E 40                     196 	.db #0x40	; 64
    0000008F 7F                     197 	.db #0x7f	; 127
    00000090 47                     198 	.db #0x47	; 71	'G'
    00000091 7F                     199 	.db #0x7f	; 127
    00000092 41                     200 	.db #0x41	; 65	'A'
    00000093 79                     201 	.db #0x79	; 121	'y'
    00000094 40                     202 	.db #0x40	; 64
    00000095 78                     203 	.db #0x78	; 120	'x'
    00000096 40                     204 	.db #0x40	; 64
    00000097 78                     205 	.db #0x78	; 120	'x'
    00000098 00                     206 	.db #0x00	; 0
    00000099 00                     207 	.db #0x00	; 0
    0000009A 00                     208 	.db #0x00	; 0
    0000009B C1                     209 	.db #0xc1	; 193
    0000009C 00                     210 	.db #0x00	; 0
    0000009D E3                     211 	.db #0xe3	; 227
    0000009E 04                     212 	.db #0x04	; 4
    0000009F E7                     213 	.db #0xe7	; 231
    000000A0 04                     214 	.db #0x04	; 4
    000000A1 F7                     215 	.db #0xf7	; 247
    000000A2 84                     216 	.db #0x84	; 132
    000000A3 F7                     217 	.db #0xf7	; 247
    000000A4 84                     218 	.db #0x84	; 132
    000000A5 F7                     219 	.db #0xf7	; 247
    000000A6 84                     220 	.db #0x84	; 132
    000000A7 F7                     221 	.db #0xf7	; 247
    000000A8 00                     222 	.db #0x00	; 0
    000000A9 00                     223 	.db #0x00	; 0
    000000AA 00                     224 	.db #0x00	; 0
    000000AB 82                     225 	.db #0x82	; 130
    000000AC 00                     226 	.db #0x00	; 0
    000000AD C7                     227 	.db #0xc7	; 199
    000000AE 00                     228 	.db #0x00	; 0
    000000AF CF                     229 	.db #0xcf	; 207
    000000B0 00                     230 	.db #0x00	; 0
    000000B1 DE                     231 	.db #0xde	; 222
    000000B2 00                     232 	.db #0x00	; 0
    000000B3 FC                     233 	.db #0xfc	; 252
    000000B4 00                     234 	.db #0x00	; 0
    000000B5 F8                     235 	.db #0xf8	; 248
    000000B6 00                     236 	.db #0x00	; 0
    000000B7 F0                     237 	.db #0xf0	; 240
    000000B8 84                     238 	.db #0x84	; 132
    000000B9 FF                     239 	.db #0xff	; 255
    000000BA 87                     240 	.db #0x87	; 135
    000000BB FF                     241 	.db #0xff	; 255
    000000BC 80                     242 	.db #0x80	; 128
    000000BD FF                     243 	.db #0xff	; 255
    000000BE 80                     244 	.db #0x80	; 128
    000000BF FF                     245 	.db #0xff	; 255
    000000C0 C0                     246 	.db #0xc0	; 192
    000000C1 FF                     247 	.db #0xff	; 255
    000000C2 60                     248 	.db #0x60	; 96
    000000C3 7F                     249 	.db #0x7f	; 127
    000000C4 3F                     250 	.db #0x3f	; 63
    000000C5 3F                     251 	.db #0x3f	; 63
    000000C6 00                     252 	.db #0x00	; 0
    000000C7 00                     253 	.db #0x00	; 0
    000000C8 04                     254 	.db #0x04	; 4
    000000C9 F7                     255 	.db #0xf7	; 247
    000000CA 84                     256 	.db #0x84	; 132
    000000CB F7                     257 	.db #0xf7	; 247
    000000CC 04                     258 	.db #0x04	; 4
    000000CD F7                     259 	.db #0xf7	; 247
    000000CE 04                     260 	.db #0x04	; 4
    000000CF F7                     261 	.db #0xf7	; 247
    000000D0 04                     262 	.db #0x04	; 4
    000000D1 F7                     263 	.db #0xf7	; 247
    000000D2 06                     264 	.db #0x06	; 6
    000000D3 E7                     265 	.db #0xe7	; 231
    000000D4 C3                     266 	.db #0xc3	; 195
    000000D5 C3                     267 	.db #0xc3	; 195
    000000D6 00                     268 	.db #0x00	; 0
    000000D7 00                     269 	.db #0x00	; 0
    000000D8 00                     270 	.db #0x00	; 0
    000000D9 FE                     271 	.db #0xfe	; 254
    000000DA 70                     272 	.db #0x70	; 112	'p'
    000000DB FF                     273 	.db #0xff	; 255
    000000DC 18                     274 	.db #0x18	; 24
    000000DD 9F                     275 	.db #0x9f	; 159
    000000DE 00                     276 	.db #0x00	; 0
    000000DF FF                     277 	.db #0xff	; 255
    000000E0 00                     278 	.db #0x00	; 0
    000000E1 FF                     279 	.db #0xff	; 255
    000000E2 00                     280 	.db #0x00	; 0
    000000E3 FE                     281 	.db #0xfe	; 254
    000000E4 FC                     282 	.db #0xfc	; 252
    000000E5 FC                     283 	.db #0xfc	; 252
    000000E6 00                     284 	.db #0x00	; 0
    000000E7 00                     285 	.db #0x00	; 0
    000000E8 40                     286 	.db #0x40	; 64
    000000E9 78                     287 	.db #0x78	; 120	'x'
    000000EA 40                     288 	.db #0x40	; 64
    000000EB 78                     289 	.db #0x78	; 120	'x'
    000000EC 40                     290 	.db #0x40	; 64
    000000ED 78                     291 	.db #0x78	; 120	'x'
    000000EE 40                     292 	.db #0x40	; 64
    000000EF 7F                     293 	.db #0x7f	; 127
    000000F0 40                     294 	.db #0x40	; 64
    000000F1 7F                     295 	.db #0x7f	; 127
    000000F2 40                     296 	.db #0x40	; 64
    000000F3 7F                     297 	.db #0x7f	; 127
    000000F4 7F                     298 	.db #0x7f	; 127
    000000F5 7F                     299 	.db #0x7f	; 127
    000000F6 00                     300 	.db #0x00	; 0
    000000F7 00                     301 	.db #0x00	; 0
    000000F8 84                     302 	.db #0x84	; 132
    000000F9 F7                     303 	.db #0xf7	; 247
    000000FA 84                     304 	.db #0x84	; 132
    000000FB F7                     305 	.db #0xf7	; 247
    000000FC 04                     306 	.db #0x04	; 4
    000000FD F7                     307 	.db #0xf7	; 247
    000000FE 04                     308 	.db #0x04	; 4
    000000FF E7                     309 	.db #0xe7	; 231
    00000100 04                     310 	.db #0x04	; 4
    00000101 E7                     311 	.db #0xe7	; 231
    00000102 06                     312 	.db #0x06	; 6
    00000103 C7                     313 	.db #0xc7	; 199
    00000104 83                     314 	.db #0x83	; 131
    00000105 83                     315 	.db #0x83	; 131
    00000106 00                     316 	.db #0x00	; 0
    00000107 00                     317 	.db #0x00	; 0
    00000108 00                     318 	.db #0x00	; 0
    00000109 F8                     319 	.db #0xf8	; 248
    0000010A 00                     320 	.db #0x00	; 0
    0000010B FC                     321 	.db #0xfc	; 252
    0000010C 20                     322 	.db #0x20	; 32
    0000010D FE                     323 	.db #0xfe	; 254
    0000010E 30                     324 	.db #0x30	; 48	'0'
    0000010F FF                     325 	.db #0xff	; 255
    00000110 18                     326 	.db #0x18	; 24
    00000111 DF                     327 	.db #0xdf	; 223
    00000112 0C                     328 	.db #0x0c	; 12
    00000113 8E                     329 	.db #0x8e	; 142
    00000114 04                     330 	.db #0x04	; 4
    00000115 04                     331 	.db #0x04	; 4
    00000116 00                     332 	.db #0x00	; 0
    00000117 00                     333 	.db #0x00	; 0
    00000118 00                     334 	.db #0x00	; 0
    00000119 00                     335 	.db #0x00	; 0
    0000011A 00                     336 	.db #0x00	; 0
    0000011B 00                     337 	.db #0x00	; 0
    0000011C 01                     338 	.db #0x01	; 1
    0000011D 01                     339 	.db #0x01	; 1
    0000011E 02                     340 	.db #0x02	; 2
    0000011F 03                     341 	.db #0x03	; 3
    00000120 04                     342 	.db #0x04	; 4
    00000121 07                     343 	.db #0x07	; 7
    00000122 0C                     344 	.db #0x0c	; 12
    00000123 09                     345 	.db #0x09	; 9
    00000124 14                     346 	.db #0x14	; 20
    00000125 1B                     347 	.db #0x1b	; 27
    00000126 34                     348 	.db #0x34	; 52	'4'
    00000127 3B                     349 	.db #0x3b	; 59
    00000128 0F                     350 	.db #0x0f	; 15
    00000129 0F                     351 	.db #0x0f	; 15
    0000012A 70                     352 	.db #0x70	; 112	'p'
    0000012B 70                     353 	.db #0x70	; 112	'p'
    0000012C 83                     354 	.db #0x83	; 131
    0000012D 83                     355 	.db #0x83	; 131
    0000012E 07                     356 	.db #0x07	; 7
    0000012F 07                     357 	.db #0x07	; 7
    00000130 0E                     358 	.db #0x0e	; 14
    00000131 0E                     359 	.db #0x0e	; 14
    00000132 0C                     360 	.db #0x0c	; 12
    00000133 0C                     361 	.db #0x0c	; 12
    00000134 0C                     362 	.db #0x0c	; 12
    00000135 0C                     363 	.db #0x0c	; 12
    00000136 0C                     364 	.db #0x0c	; 12
    00000137 0C                     365 	.db #0x0c	; 12
    00000138 F0                     366 	.db #0xf0	; 240
    00000139 F0                     367 	.db #0xf0	; 240
    0000013A 0E                     368 	.db #0x0e	; 14
    0000013B 0E                     369 	.db #0x0e	; 14
    0000013C C1                     370 	.db #0xc1	; 193
    0000013D C1                     371 	.db #0xc1	; 193
    0000013E E0                     372 	.db #0xe0	; 224
    0000013F E0                     373 	.db #0xe0	; 224
    00000140 60                     374 	.db #0x60	; 96
    00000141 60                     375 	.db #0x60	; 96
    00000142 00                     376 	.db #0x00	; 0
    00000143 00                     377 	.db #0x00	; 0
    00000144 00                     378 	.db #0x00	; 0
    00000145 00                     379 	.db #0x00	; 0
    00000146 00                     380 	.db #0x00	; 0
    00000147 00                     381 	.db #0x00	; 0
    00000148 00                     382 	.db #0x00	; 0
    00000149 00                     383 	.db #0x00	; 0
    0000014A 00                     384 	.db #0x00	; 0
    0000014B 00                     385 	.db #0x00	; 0
    0000014C 80                     386 	.db #0x80	; 128
    0000014D 80                     387 	.db #0x80	; 128
    0000014E 40                     388 	.db #0x40	; 64
    0000014F C0                     389 	.db #0xc0	; 192
    00000150 20                     390 	.db #0x20	; 32
    00000151 E0                     391 	.db #0xe0	; 224
    00000152 30                     392 	.db #0x30	; 48	'0'
    00000153 D0                     393 	.db #0xd0	; 208
    00000154 28                     394 	.db #0x28	; 40
    00000155 D8                     395 	.db #0xd8	; 216
    00000156 2C                     396 	.db #0x2c	; 44
    00000157 DC                     397 	.db #0xdc	; 220
    00000158 34                     398 	.db #0x34	; 52	'4'
    00000159 3B                     399 	.db #0x3b	; 59
    0000015A 54                     400 	.db #0x54	; 84	'T'
    0000015B 7B                     401 	.db #0x7b	; 123
    0000015C 54                     402 	.db #0x54	; 84	'T'
    0000015D 7B                     403 	.db #0x7b	; 123
    0000015E 54                     404 	.db #0x54	; 84	'T'
    0000015F 7B                     405 	.db #0x7b	; 123
    00000160 94                     406 	.db #0x94	; 148
    00000161 FB                     407 	.db #0xfb	; 251
    00000162 94                     408 	.db #0x94	; 148
    00000163 FB                     409 	.db #0xfb	; 251
    00000164 94                     410 	.db #0x94	; 148
    00000165 FB                     411 	.db #0xfb	; 251
    00000166 97                     412 	.db #0x97	; 151
    00000167 F8                     413 	.db #0xf8	; 248
    00000168 0E                     414 	.db #0x0e	; 14
    00000169 0E                     415 	.db #0x0e	; 14
    0000016A 07                     416 	.db #0x07	; 7
    0000016B 07                     417 	.db #0x07	; 7
    0000016C 03                     418 	.db #0x03	; 3
    0000016D 03                     419 	.db #0x03	; 3
    0000016E 00                     420 	.db #0x00	; 0
    0000016F 00                     421 	.db #0x00	; 0
    00000170 00                     422 	.db #0x00	; 0
    00000171 00                     423 	.db #0x00	; 0
    00000172 00                     424 	.db #0x00	; 0
    00000173 FF                     425 	.db #0xff	; 255
    00000174 00                     426 	.db #0x00	; 0
    00000175 FF                     427 	.db #0xff	; 255
    00000176 FF                     428 	.db #0xff	; 255
    00000177 00                     429 	.db #0x00	; 0
    00000178 60                     430 	.db #0x60	; 96
    00000179 60                     431 	.db #0x60	; 96
    0000017A E0                     432 	.db #0xe0	; 224
    0000017B E0                     433 	.db #0xe0	; 224
    0000017C C0                     434 	.db #0xc0	; 192
    0000017D C0                     435 	.db #0xc0	; 192
    0000017E 00                     436 	.db #0x00	; 0
    0000017F 00                     437 	.db #0x00	; 0
    00000180 00                     438 	.db #0x00	; 0
    00000181 00                     439 	.db #0x00	; 0
    00000182 00                     440 	.db #0x00	; 0
    00000183 FF                     441 	.db #0xff	; 255
    00000184 00                     442 	.db #0x00	; 0
    00000185 FF                     443 	.db #0xff	; 255
    00000186 FF                     444 	.db #0xff	; 255
    00000187 00                     445 	.db #0x00	; 0
    00000188 2C                     446 	.db #0x2c	; 44
    00000189 DC                     447 	.db #0xdc	; 220
    0000018A 2A                     448 	.db #0x2a	; 42
    0000018B DE                     449 	.db #0xde	; 222
    0000018C 2A                     450 	.db #0x2a	; 42
    0000018D DE                     451 	.db #0xde	; 222
    0000018E 2A                     452 	.db #0x2a	; 42
    0000018F DE                     453 	.db #0xde	; 222
    00000190 29                     454 	.db #0x29	; 41
    00000191 DF                     455 	.db #0xdf	; 223
    00000192 29                     456 	.db #0x29	; 41
    00000193 DF                     457 	.db #0xdf	; 223
    00000194 69                     458 	.db #0x69	; 105	'i'
    00000195 9F                     459 	.db #0x9f	; 159
    00000196 E9                     460 	.db #0xe9	; 233
    00000197 1F                     461 	.db #0x1f	; 31
    00000198 97                     462 	.db #0x97	; 151
    00000199 F8                     463 	.db #0xf8	; 248
    0000019A 97                     464 	.db #0x97	; 151
    0000019B F8                     465 	.db #0xf8	; 248
    0000019C 97                     466 	.db #0x97	; 151
    0000019D F9                     467 	.db #0xf9	; 249
    0000019E 97                     468 	.db #0x97	; 151
    0000019F F9                     469 	.db #0xf9	; 249
    000001A0 57                     470 	.db #0x57	; 87	'W'
    000001A1 78                     471 	.db #0x78	; 120	'x'
    000001A2 57                     472 	.db #0x57	; 87	'W'
    000001A3 78                     473 	.db #0x78	; 120	'x'
    000001A4 57                     474 	.db #0x57	; 87	'W'
    000001A5 78                     475 	.db #0x78	; 120	'x'
    000001A6 37                     476 	.db #0x37	; 55	'7'
    000001A7 38                     477 	.db #0x38	; 56	'8'
    000001A8 FF                     478 	.db #0xff	; 255
    000001A9 60                     479 	.db #0x60	; 96
    000001AA FF                     480 	.db #0xff	; 255
    000001AB 60                     481 	.db #0x60	; 96
    000001AC FF                     482 	.db #0xff	; 255
    000001AD F8                     483 	.db #0xf8	; 248
    000001AE FF                     484 	.db #0xff	; 255
    000001AF F8                     485 	.db #0xf8	; 248
    000001B0 FF                     486 	.db #0xff	; 255
    000001B1 60                     487 	.db #0x60	; 96
    000001B2 FF                     488 	.db #0xff	; 255
    000001B3 60                     489 	.db #0x60	; 96
    000001B4 FF                     490 	.db #0xff	; 255
    000001B5 00                     491 	.db #0x00	; 0
    000001B6 FF                     492 	.db #0xff	; 255
    000001B7 00                     493 	.db #0x00	; 0
    000001B8 FF                     494 	.db #0xff	; 255
    000001B9 03                     495 	.db #0x03	; 3
    000001BA FF                     496 	.db #0xff	; 255
    000001BB 03                     497 	.db #0x03	; 3
    000001BC FF                     498 	.db #0xff	; 255
    000001BD 03                     499 	.db #0x03	; 3
    000001BE FF                     500 	.db #0xff	; 255
    000001BF 1C                     501 	.db #0x1c	; 28
    000001C0 FF                     502 	.db #0xff	; 255
    000001C1 1C                     503 	.db #0x1c	; 28
    000001C2 FF                     504 	.db #0xff	; 255
    000001C3 1C                     505 	.db #0x1c	; 28
    000001C4 FF                     506 	.db #0xff	; 255
    000001C5 00                     507 	.db #0x00	; 0
    000001C6 FF                     508 	.db #0xff	; 255
    000001C7 00                     509 	.db #0x00	; 0
    000001C8 E9                     510 	.db #0xe9	; 233
    000001C9 9F                     511 	.db #0x9f	; 159
    000001CA E9                     512 	.db #0xe9	; 233
    000001CB 9F                     513 	.db #0x9f	; 159
    000001CC E9                     514 	.db #0xe9	; 233
    000001CD 9F                     515 	.db #0x9f	; 159
    000001CE E9                     516 	.db #0xe9	; 233
    000001CF 1F                     517 	.db #0x1f	; 31
    000001D0 EA                     518 	.db #0xea	; 234
    000001D1 1E                     519 	.db #0x1e	; 30
    000001D2 EA                     520 	.db #0xea	; 234
    000001D3 1E                     521 	.db #0x1e	; 30
    000001D4 EA                     522 	.db #0xea	; 234
    000001D5 1E                     523 	.db #0x1e	; 30
    000001D6 EC                     524 	.db #0xec	; 236
    000001D7 1C                     525 	.db #0x1c	; 28
    000001D8 37                     526 	.db #0x37	; 55	'7'
    000001D9 38                     527 	.db #0x38	; 56	'8'
    000001DA 17                     528 	.db #0x17	; 23
    000001DB 18                     529 	.db #0x18	; 24
    000001DC 0F                     530 	.db #0x0f	; 15
    000001DD 08                     531 	.db #0x08	; 8
    000001DE 07                     532 	.db #0x07	; 7
    000001DF 04                     533 	.db #0x04	; 4
    000001E0 03                     534 	.db #0x03	; 3
    000001E1 02                     535 	.db #0x02	; 2
    000001E2 01                     536 	.db #0x01	; 1
    000001E3 01                     537 	.db #0x01	; 1
    000001E4 00                     538 	.db #0x00	; 0
    000001E5 00                     539 	.db #0x00	; 0
    000001E6 00                     540 	.db #0x00	; 0
    000001E7 00                     541 	.db #0x00	; 0
    000001E8 FF                     542 	.db #0xff	; 255
    000001E9 00                     543 	.db #0x00	; 0
    000001EA FF                     544 	.db #0xff	; 255
    000001EB 00                     545 	.db #0x00	; 0
    000001EC FD                     546 	.db #0xfd	; 253
    000001ED 02                     547 	.db #0x02	; 2
    000001EE FB                     548 	.db #0xfb	; 251
    000001EF 04                     549 	.db #0x04	; 4
    000001F0 FF                     550 	.db #0xff	; 255
    000001F1 00                     551 	.db #0x00	; 0
    000001F2 FF                     552 	.db #0xff	; 255
    000001F3 80                     553 	.db #0x80	; 128
    000001F4 7F                     554 	.db #0x7f	; 127
    000001F5 70                     555 	.db #0x70	; 112	'p'
    000001F6 0F                     556 	.db #0x0f	; 15
    000001F7 0F                     557 	.db #0x0f	; 15
    000001F8 FF                     558 	.db #0xff	; 255
    000001F9 00                     559 	.db #0x00	; 0
    000001FA FF                     560 	.db #0xff	; 255
    000001FB 00                     561 	.db #0x00	; 0
    000001FC DF                     562 	.db #0xdf	; 223
    000001FD 20                     563 	.db #0x20	; 32
    000001FE BE                     564 	.db #0xbe	; 190
    000001FF 41                     565 	.db #0x41	; 65	'A'
    00000200 FB                     566 	.db #0xfb	; 251
    00000201 04                     567 	.db #0x04	; 4
    00000202 ED                     568 	.db #0xed	; 237
    00000203 13                     569 	.db #0x13	; 19
    00000204 FE                     570 	.db #0xfe	; 254
    00000205 0E                     571 	.db #0x0e	; 14
    00000206 F0                     572 	.db #0xf0	; 240
    00000207 F0                     573 	.db #0xf0	; 240
    00000208 EC                     574 	.db #0xec	; 236
    00000209 1C                     575 	.db #0x1c	; 28
    0000020A E8                     576 	.db #0xe8	; 232
    0000020B 18                     577 	.db #0x18	; 24
    0000020C B0                     578 	.db #0xb0	; 176
    0000020D 50                     579 	.db #0x50	; 80	'P'
    0000020E E0                     580 	.db #0xe0	; 224
    0000020F 20                     581 	.db #0x20	; 32
    00000210 40                     582 	.db #0x40	; 64
    00000211 C0                     583 	.db #0xc0	; 192
    00000212 80                     584 	.db #0x80	; 128
    00000213 80                     585 	.db #0x80	; 128
    00000214 00                     586 	.db #0x00	; 0
    00000215 00                     587 	.db #0x00	; 0
    00000216 00                     588 	.db #0x00	; 0
    00000217 00                     589 	.db #0x00	; 0
    00000218 00                     590 	.db #0x00	; 0
    00000219 00                     591 	.db #0x00	; 0
    0000021A 00                     592 	.db #0x00	; 0
    0000021B 1F                     593 	.db #0x1f	; 31
    0000021C 00                     594 	.db #0x00	; 0
    0000021D 3F                     595 	.db #0x3f	; 63
    0000021E 00                     596 	.db #0x00	; 0
    0000021F 7F                     597 	.db #0x7f	; 127
    00000220 8F                     598 	.db #0x8f	; 143
    00000221 FF                     599 	.db #0xff	; 255
    00000222 80                     600 	.db #0x80	; 128
    00000223 E3                     601 	.db #0xe3	; 227
    00000224 C0                     602 	.db #0xc0	; 192
    00000225 CF                     603 	.db #0xcf	; 207
    00000226 00                     604 	.db #0x00	; 0
    00000227 1F                     605 	.db #0x1f	; 31
    00000228 00                     606 	.db #0x00	; 0
    00000229 00                     607 	.db #0x00	; 0
    0000022A 00                     608 	.db #0x00	; 0
    0000022B 81                     609 	.db #0x81	; 129
    0000022C 00                     610 	.db #0x00	; 0
    0000022D C3                     611 	.db #0xc3	; 195
    0000022E 00                     612 	.db #0x00	; 0
    0000022F E7                     613 	.db #0xe7	; 231
    00000230 08                     614 	.db #0x08	; 8
    00000231 EF                     615 	.db #0xef	; 239
    00000232 08                     616 	.db #0x08	; 8
    00000233 EF                     617 	.db #0xef	; 239
    00000234 08                     618 	.db #0x08	; 8
    00000235 EF                     619 	.db #0xef	; 239
    00000236 08                     620 	.db #0x08	; 8
    00000237 CF                     621 	.db #0xcf	; 207
    00000238 00                     622 	.db #0x00	; 0
    00000239 00                     623 	.db #0x00	; 0
    0000023A 00                     624 	.db #0x00	; 0
    0000023B F8                     625 	.db #0xf8	; 248
    0000023C 00                     626 	.db #0x00	; 0
    0000023D FC                     627 	.db #0xfc	; 252
    0000023E 60                     628 	.db #0x60	; 96
    0000023F FE                     629 	.db #0xfe	; 254
    00000240 20                     630 	.db #0x20	; 32
    00000241 BE                     631 	.db #0xbe	; 190
    00000242 20                     632 	.db #0x20	; 32
    00000243 BE                     633 	.db #0xbe	; 190
    00000244 20                     634 	.db #0x20	; 32
    00000245 BE                     635 	.db #0xbe	; 190
    00000246 20                     636 	.db #0x20	; 32
    00000247 BE                     637 	.db #0xbe	; 190
    00000248 00                     638 	.db #0x00	; 0
    00000249 3F                     639 	.db #0x3f	; 63
    0000024A 01                     640 	.db #0x01	; 1
    0000024B 7F                     641 	.db #0x7f	; 127
    0000024C 84                     642 	.db #0x84	; 132
    0000024D FC                     643 	.db #0xfc	; 252
    0000024E 80                     644 	.db #0x80	; 128
    0000024F FF                     645 	.db #0xff	; 255
    00000250 80                     646 	.db #0x80	; 128
    00000251 FF                     647 	.db #0xff	; 255
    00000252 C0                     648 	.db #0xc0	; 192
    00000253 FF                     649 	.db #0xff	; 255
    00000254 7F                     650 	.db #0x7f	; 127
    00000255 7F                     651 	.db #0x7f	; 127
    00000256 00                     652 	.db #0x00	; 0
    00000257 00                     653 	.db #0x00	; 0
    00000258 08                     654 	.db #0x08	; 8
    00000259 8F                     655 	.db #0x8f	; 143
    0000025A 08                     656 	.db #0x08	; 8
    0000025B 0F                     657 	.db #0x0f	; 15
    0000025C 08                     658 	.db #0x08	; 8
    0000025D 0F                     659 	.db #0x0f	; 15
    0000025E 08                     660 	.db #0x08	; 8
    0000025F CF                     661 	.db #0xcf	; 207
    00000260 0C                     662 	.db #0x0c	; 12
    00000261 EF                     663 	.db #0xef	; 239
    00000262 06                     664 	.db #0x06	; 6
    00000263 E7                     665 	.db #0xe7	; 231
    00000264 C3                     666 	.db #0xc3	; 195
    00000265 C3                     667 	.db #0xc3	; 195
    00000266 00                     668 	.db #0x00	; 0
    00000267 00                     669 	.db #0x00	; 0
    00000268 20                     670 	.db #0x20	; 32
    00000269 BE                     671 	.db #0xbe	; 190
    0000026A 20                     672 	.db #0x20	; 32
    0000026B BE                     673 	.db #0xbe	; 190
    0000026C 20                     674 	.db #0x20	; 32
    0000026D BE                     675 	.db #0xbe	; 190
    0000026E 20                     676 	.db #0x20	; 32
    0000026F BE                     677 	.db #0xbe	; 190
    00000270 00                     678 	.db #0x00	; 0
    00000271 FC                     679 	.db #0xfc	; 252
    00000272 00                     680 	.db #0x00	; 0
    00000273 F8                     681 	.db #0xf8	; 248
    00000274 F0                     682 	.db #0xf0	; 240
    00000275 F0                     683 	.db #0xf0	; 240
    00000276 00                     684 	.db #0x00	; 0
    00000277 00                     685 	.db #0x00	; 0
    00000278                        686 _GBDK_2020_logo_map:
    00000278 00                     687 	.db #0x00	; 0
    00000279 00                     688 	.db #0x00	; 0
    0000027A 00                     689 	.db #0x00	; 0
    0000027B 00                     690 	.db #0x00	; 0
    0000027C 00                     691 	.db #0x00	; 0
    0000027D 00                     692 	.db #0x00	; 0
    0000027E 00                     693 	.db #0x00	; 0
    0000027F 00                     694 	.db #0x00	; 0
    00000280 00                     695 	.db #0x00	; 0
    00000281 00                     696 	.db #0x00	; 0
    00000282 00                     697 	.db #0x00	; 0
    00000283 00                     698 	.db #0x00	; 0
    00000284 00                     699 	.db #0x00	; 0
    00000285 00                     700 	.db #0x00	; 0
    00000286 00                     701 	.db #0x00	; 0
    00000287 00                     702 	.db #0x00	; 0
    00000288 00                     703 	.db #0x00	; 0
    00000289 00                     704 	.db #0x00	; 0
    0000028A 00                     705 	.db #0x00	; 0
    0000028B 00                     706 	.db #0x00	; 0
    0000028C 00                     707 	.db #0x00	; 0
    0000028D 00                     708 	.db #0x00	; 0
    0000028E 00                     709 	.db #0x00	; 0
    0000028F 00                     710 	.db #0x00	; 0
    00000290 00                     711 	.db #0x00	; 0
    00000291 00                     712 	.db #0x00	; 0
    00000292 00                     713 	.db #0x00	; 0
    00000293 00                     714 	.db #0x00	; 0
    00000294 00                     715 	.db #0x00	; 0
    00000295 00                     716 	.db #0x00	; 0
    00000296 00                     717 	.db #0x00	; 0
    00000297 00                     718 	.db #0x00	; 0
    00000298 00                     719 	.db #0x00	; 0
    00000299 00                     720 	.db #0x00	; 0
    0000029A 00                     721 	.db #0x00	; 0
    0000029B 00                     722 	.db #0x00	; 0
    0000029C 00                     723 	.db #0x00	; 0
    0000029D 00                     724 	.db #0x00	; 0
    0000029E 00                     725 	.db #0x00	; 0
    0000029F 00                     726 	.db #0x00	; 0
    000002A0 00                     727 	.db #0x00	; 0
    000002A1 00                     728 	.db #0x00	; 0
    000002A2 00                     729 	.db #0x00	; 0
    000002A3 00                     730 	.db #0x00	; 0
    000002A4 00                     731 	.db #0x00	; 0
    000002A5 00                     732 	.db #0x00	; 0
    000002A6 00                     733 	.db #0x00	; 0
    000002A7 00                     734 	.db #0x00	; 0
    000002A8 00                     735 	.db #0x00	; 0
    000002A9 00                     736 	.db #0x00	; 0
    000002AA 00                     737 	.db #0x00	; 0
    000002AB 00                     738 	.db #0x00	; 0
    000002AC 00                     739 	.db #0x00	; 0
    000002AD 00                     740 	.db #0x00	; 0
    000002AE 00                     741 	.db #0x00	; 0
    000002AF 00                     742 	.db #0x00	; 0
    000002B0 00                     743 	.db #0x00	; 0
    000002B1 00                     744 	.db #0x00	; 0
    000002B2 00                     745 	.db #0x00	; 0
    000002B3 00                     746 	.db #0x00	; 0
    000002B4 00                     747 	.db #0x00	; 0
    000002B5 00                     748 	.db #0x00	; 0
    000002B6 00                     749 	.db #0x00	; 0
    000002B7 00                     750 	.db #0x00	; 0
    000002B8 00                     751 	.db #0x00	; 0
    000002B9 00                     752 	.db #0x00	; 0
    000002BA 00                     753 	.db #0x00	; 0
    000002BB 00                     754 	.db #0x00	; 0
    000002BC 01                     755 	.db #0x01	; 1
    000002BD 02                     756 	.db #0x02	; 2
    000002BE 03                     757 	.db #0x03	; 3
    000002BF 04                     758 	.db #0x04	; 4
    000002C0 00                     759 	.db #0x00	; 0
    000002C1 00                     760 	.db #0x00	; 0
    000002C2 00                     761 	.db #0x00	; 0
    000002C3 00                     762 	.db #0x00	; 0
    000002C4 00                     763 	.db #0x00	; 0
    000002C5 00                     764 	.db #0x00	; 0
    000002C6 00                     765 	.db #0x00	; 0
    000002C7 00                     766 	.db #0x00	; 0
    000002C8 00                     767 	.db #0x00	; 0
    000002C9 00                     768 	.db #0x00	; 0
    000002CA 00                     769 	.db #0x00	; 0
    000002CB 00                     770 	.db #0x00	; 0
    000002CC 00                     771 	.db #0x00	; 0
    000002CD 00                     772 	.db #0x00	; 0
    000002CE 00                     773 	.db #0x00	; 0
    000002CF 05                     774 	.db #0x05	; 5
    000002D0 06                     775 	.db #0x06	; 6
    000002D1 07                     776 	.db #0x07	; 7
    000002D2 08                     777 	.db #0x08	; 8
    000002D3 09                     778 	.db #0x09	; 9
    000002D4 0A                     779 	.db #0x0a	; 10
    000002D5 00                     780 	.db #0x00	; 0
    000002D6 00                     781 	.db #0x00	; 0
    000002D7 00                     782 	.db #0x00	; 0
    000002D8 00                     783 	.db #0x00	; 0
    000002D9 00                     784 	.db #0x00	; 0
    000002DA 00                     785 	.db #0x00	; 0
    000002DB 00                     786 	.db #0x00	; 0
    000002DC 00                     787 	.db #0x00	; 0
    000002DD 00                     788 	.db #0x00	; 0
    000002DE 00                     789 	.db #0x00	; 0
    000002DF 00                     790 	.db #0x00	; 0
    000002E0 00                     791 	.db #0x00	; 0
    000002E1 00                     792 	.db #0x00	; 0
    000002E2 00                     793 	.db #0x00	; 0
    000002E3 0B                     794 	.db #0x0b	; 11
    000002E4 0C                     795 	.db #0x0c	; 12
    000002E5 0D                     796 	.db #0x0d	; 13
    000002E6 0E                     797 	.db #0x0e	; 14
    000002E7 0F                     798 	.db #0x0f	; 15
    000002E8 10                     799 	.db #0x10	; 16
    000002E9 00                     800 	.db #0x00	; 0
    000002EA 00                     801 	.db #0x00	; 0
    000002EB 00                     802 	.db #0x00	; 0
    000002EC 00                     803 	.db #0x00	; 0
    000002ED 00                     804 	.db #0x00	; 0
    000002EE 00                     805 	.db #0x00	; 0
    000002EF 00                     806 	.db #0x00	; 0
    000002F0 00                     807 	.db #0x00	; 0
    000002F1 00                     808 	.db #0x00	; 0
    000002F2 00                     809 	.db #0x00	; 0
    000002F3 00                     810 	.db #0x00	; 0
    000002F4 00                     811 	.db #0x00	; 0
    000002F5 00                     812 	.db #0x00	; 0
    000002F6 00                     813 	.db #0x00	; 0
    000002F7 00                     814 	.db #0x00	; 0
    000002F8 00                     815 	.db #0x00	; 0
    000002F9 00                     816 	.db #0x00	; 0
    000002FA 00                     817 	.db #0x00	; 0
    000002FB 00                     818 	.db #0x00	; 0
    000002FC 00                     819 	.db #0x00	; 0
    000002FD 00                     820 	.db #0x00	; 0
    000002FE 00                     821 	.db #0x00	; 0
    000002FF 00                     822 	.db #0x00	; 0
    00000300 00                     823 	.db #0x00	; 0
    00000301 00                     824 	.db #0x00	; 0
    00000302 00                     825 	.db #0x00	; 0
    00000303 00                     826 	.db #0x00	; 0
    00000304 00                     827 	.db #0x00	; 0
    00000305 00                     828 	.db #0x00	; 0
    00000306 00                     829 	.db #0x00	; 0
    00000307 00                     830 	.db #0x00	; 0
    00000308 00                     831 	.db #0x00	; 0
    00000309 00                     832 	.db #0x00	; 0
    0000030A 00                     833 	.db #0x00	; 0
    0000030B 00                     834 	.db #0x00	; 0
    0000030C 11                     835 	.db #0x11	; 17
    0000030D 12                     836 	.db #0x12	; 18
    0000030E 13                     837 	.db #0x13	; 19
    0000030F 14                     838 	.db #0x14	; 20
    00000310 00                     839 	.db #0x00	; 0
    00000311 00                     840 	.db #0x00	; 0
    00000312 00                     841 	.db #0x00	; 0
    00000313 00                     842 	.db #0x00	; 0
    00000314 00                     843 	.db #0x00	; 0
    00000315 00                     844 	.db #0x00	; 0
    00000316 00                     845 	.db #0x00	; 0
    00000317 00                     846 	.db #0x00	; 0
    00000318 00                     847 	.db #0x00	; 0
    00000319 00                     848 	.db #0x00	; 0
    0000031A 00                     849 	.db #0x00	; 0
    0000031B 00                     850 	.db #0x00	; 0
    0000031C 00                     851 	.db #0x00	; 0
    0000031D 00                     852 	.db #0x00	; 0
    0000031E 00                     853 	.db #0x00	; 0
    0000031F 00                     854 	.db #0x00	; 0
    00000320 15                     855 	.db #0x15	; 21
    00000321 16                     856 	.db #0x16	; 22
    00000322 17                     857 	.db #0x17	; 23
    00000323 18                     858 	.db #0x18	; 24
    00000324 00                     859 	.db #0x00	; 0
    00000325 00                     860 	.db #0x00	; 0
    00000326 00                     861 	.db #0x00	; 0
    00000327 00                     862 	.db #0x00	; 0
    00000328 00                     863 	.db #0x00	; 0
    00000329 00                     864 	.db #0x00	; 0
    0000032A 00                     865 	.db #0x00	; 0
    0000032B 00                     866 	.db #0x00	; 0
    0000032C 00                     867 	.db #0x00	; 0
    0000032D 00                     868 	.db #0x00	; 0
    0000032E 00                     869 	.db #0x00	; 0
    0000032F 00                     870 	.db #0x00	; 0
    00000330 00                     871 	.db #0x00	; 0
    00000331 00                     872 	.db #0x00	; 0
    00000332 00                     873 	.db #0x00	; 0
    00000333 00                     874 	.db #0x00	; 0
    00000334 19                     875 	.db #0x19	; 25
    00000335 1A                     876 	.db #0x1a	; 26
    00000336 1B                     877 	.db #0x1b	; 27
    00000337 1C                     878 	.db #0x1c	; 28
    00000338 00                     879 	.db #0x00	; 0
    00000339 00                     880 	.db #0x00	; 0
    0000033A 00                     881 	.db #0x00	; 0
    0000033B 00                     882 	.db #0x00	; 0
    0000033C 00                     883 	.db #0x00	; 0
    0000033D 00                     884 	.db #0x00	; 0
    0000033E 00                     885 	.db #0x00	; 0
    0000033F 00                     886 	.db #0x00	; 0
    00000340 00                     887 	.db #0x00	; 0
    00000341 00                     888 	.db #0x00	; 0
    00000342 00                     889 	.db #0x00	; 0
    00000343 00                     890 	.db #0x00	; 0
    00000344 00                     891 	.db #0x00	; 0
    00000345 00                     892 	.db #0x00	; 0
    00000346 00                     893 	.db #0x00	; 0
    00000347 00                     894 	.db #0x00	; 0
    00000348 1D                     895 	.db #0x1d	; 29
    00000349 1E                     896 	.db #0x1e	; 30
    0000034A 1F                     897 	.db #0x1f	; 31
    0000034B 20                     898 	.db #0x20	; 32
    0000034C 00                     899 	.db #0x00	; 0
    0000034D 00                     900 	.db #0x00	; 0
    0000034E 00                     901 	.db #0x00	; 0
    0000034F 00                     902 	.db #0x00	; 0
    00000350 00                     903 	.db #0x00	; 0
    00000351 00                     904 	.db #0x00	; 0
    00000352 00                     905 	.db #0x00	; 0
    00000353 00                     906 	.db #0x00	; 0
    00000354 00                     907 	.db #0x00	; 0
    00000355 00                     908 	.db #0x00	; 0
    00000356 00                     909 	.db #0x00	; 0
    00000357 00                     910 	.db #0x00	; 0
    00000358 00                     911 	.db #0x00	; 0
    00000359 00                     912 	.db #0x00	; 0
    0000035A 00                     913 	.db #0x00	; 0
    0000035B 00                     914 	.db #0x00	; 0
    0000035C 00                     915 	.db #0x00	; 0
    0000035D 00                     916 	.db #0x00	; 0
    0000035E 00                     917 	.db #0x00	; 0
    0000035F 00                     918 	.db #0x00	; 0
    00000360 00                     919 	.db #0x00	; 0
    00000361 00                     920 	.db #0x00	; 0
    00000362 00                     921 	.db #0x00	; 0
    00000363 00                     922 	.db #0x00	; 0
    00000364 00                     923 	.db #0x00	; 0
    00000365 00                     924 	.db #0x00	; 0
    00000366 00                     925 	.db #0x00	; 0
    00000367 00                     926 	.db #0x00	; 0
    00000368 00                     927 	.db #0x00	; 0
    00000369 00                     928 	.db #0x00	; 0
    0000036A 00                     929 	.db #0x00	; 0
    0000036B 00                     930 	.db #0x00	; 0
    0000036C 00                     931 	.db #0x00	; 0
    0000036D 00                     932 	.db #0x00	; 0
    0000036E 00                     933 	.db #0x00	; 0
    0000036F 21                     934 	.db #0x21	; 33
    00000370 22                     935 	.db #0x22	; 34
    00000371 23                     936 	.db #0x23	; 35
    00000372 21                     937 	.db #0x21	; 33
    00000373 22                     938 	.db #0x22	; 34
    00000374 23                     939 	.db #0x23	; 35
    00000375 00                     940 	.db #0x00	; 0
    00000376 00                     941 	.db #0x00	; 0
    00000377 00                     942 	.db #0x00	; 0
    00000378 00                     943 	.db #0x00	; 0
    00000379 00                     944 	.db #0x00	; 0
    0000037A 00                     945 	.db #0x00	; 0
    0000037B 00                     946 	.db #0x00	; 0
    0000037C 00                     947 	.db #0x00	; 0
    0000037D 00                     948 	.db #0x00	; 0
    0000037E 00                     949 	.db #0x00	; 0
    0000037F 00                     950 	.db #0x00	; 0
    00000380 00                     951 	.db #0x00	; 0
    00000381 00                     952 	.db #0x00	; 0
    00000382 00                     953 	.db #0x00	; 0
    00000383 24                     954 	.db #0x24	; 36
    00000384 25                     955 	.db #0x25	; 37
    00000385 26                     956 	.db #0x26	; 38
    00000386 24                     957 	.db #0x24	; 36
    00000387 25                     958 	.db #0x25	; 37
    00000388 26                     959 	.db #0x26	; 38
    00000389 00                     960 	.db #0x00	; 0
    0000038A 00                     961 	.db #0x00	; 0
    0000038B 00                     962 	.db #0x00	; 0
    0000038C 00                     963 	.db #0x00	; 0
    0000038D 00                     964 	.db #0x00	; 0
    0000038E 00                     965 	.db #0x00	; 0
    0000038F 00                     966 	.db #0x00	; 0
    00000390 00                     967 	.db #0x00	; 0
    00000391 00                     968 	.db #0x00	; 0
    00000392 00                     969 	.db #0x00	; 0
    00000393 00                     970 	.db #0x00	; 0
    00000394 00                     971 	.db #0x00	; 0
    00000395 00                     972 	.db #0x00	; 0
    00000396 00                     973 	.db #0x00	; 0
    00000397 00                     974 	.db #0x00	; 0
    00000398 00                     975 	.db #0x00	; 0
    00000399 00                     976 	.db #0x00	; 0
    0000039A 00                     977 	.db #0x00	; 0
    0000039B 00                     978 	.db #0x00	; 0
    0000039C 00                     979 	.db #0x00	; 0
    0000039D 00                     980 	.db #0x00	; 0
    0000039E 00                     981 	.db #0x00	; 0
    0000039F 00                     982 	.db #0x00	; 0
    000003A0 00                     983 	.db #0x00	; 0
    000003A1 00                     984 	.db #0x00	; 0
    000003A2 00                     985 	.db #0x00	; 0
    000003A3 00                     986 	.db #0x00	; 0
    000003A4 00                     987 	.db #0x00	; 0
    000003A5 00                     988 	.db #0x00	; 0
    000003A6 00                     989 	.db #0x00	; 0
    000003A7 00                     990 	.db #0x00	; 0
    000003A8 00                     991 	.db #0x00	; 0
    000003A9 00                     992 	.db #0x00	; 0
    000003AA 00                     993 	.db #0x00	; 0
    000003AB 00                     994 	.db #0x00	; 0
    000003AC 00                     995 	.db #0x00	; 0
    000003AD 00                     996 	.db #0x00	; 0
    000003AE 00                     997 	.db #0x00	; 0
    000003AF 00                     998 	.db #0x00	; 0
    000003B0 00                     999 	.db #0x00	; 0
    000003B1 00                    1000 	.db #0x00	; 0
    000003B2 00                    1001 	.db #0x00	; 0
    000003B3 00                    1002 	.db #0x00	; 0
    000003B4 00                    1003 	.db #0x00	; 0
    000003B5 00                    1004 	.db #0x00	; 0
    000003B6 00                    1005 	.db #0x00	; 0
    000003B7 00                    1006 	.db #0x00	; 0
    000003B8 00                    1007 	.db #0x00	; 0
    000003B9 00                    1008 	.db #0x00	; 0
    000003BA 00                    1009 	.db #0x00	; 0
    000003BB 00                    1010 	.db #0x00	; 0
    000003BC 00                    1011 	.db #0x00	; 0
    000003BD 00                    1012 	.db #0x00	; 0
    000003BE 00                    1013 	.db #0x00	; 0
    000003BF 00                    1014 	.db #0x00	; 0
    000003C0 00                    1015 	.db #0x00	; 0
    000003C1 00                    1016 	.db #0x00	; 0
    000003C2 00                    1017 	.db #0x00	; 0
    000003C3 00                    1018 	.db #0x00	; 0
    000003C4 00                    1019 	.db #0x00	; 0
    000003C5 00                    1020 	.db #0x00	; 0
    000003C6 00                    1021 	.db #0x00	; 0
    000003C7 00                    1022 	.db #0x00	; 0
    000003C8 00                    1023 	.db #0x00	; 0
    000003C9 00                    1024 	.db #0x00	; 0
    000003CA 00                    1025 	.db #0x00	; 0
    000003CB 00                    1026 	.db #0x00	; 0
    000003CC 00                    1027 	.db #0x00	; 0
    000003CD 00                    1028 	.db #0x00	; 0
    000003CE 00                    1029 	.db #0x00	; 0
    000003CF 00                    1030 	.db #0x00	; 0
    000003D0 00                    1031 	.db #0x00	; 0
    000003D1 00                    1032 	.db #0x00	; 0
    000003D2 00                    1033 	.db #0x00	; 0
    000003D3 00                    1034 	.db #0x00	; 0
    000003D4 00                    1035 	.db #0x00	; 0
    000003D5 00                    1036 	.db #0x00	; 0
    000003D6 00                    1037 	.db #0x00	; 0
    000003D7 00                    1038 	.db #0x00	; 0
    000003D8 00                    1039 	.db #0x00	; 0
    000003D9 00                    1040 	.db #0x00	; 0
    000003DA 00                    1041 	.db #0x00	; 0
    000003DB 00                    1042 	.db #0x00	; 0
    000003DC 00                    1043 	.db #0x00	; 0
    000003DD 00                    1044 	.db #0x00	; 0
    000003DE 00                    1045 	.db #0x00	; 0
    000003DF 00                    1046 	.db #0x00	; 0
                                   1047 	.area _INITIALIZER
                                   1048 	.area _CABS (ABS)
