                                      1 ;--------------------------------------------------------
                                      2 ; File Created by SDCC : free open source ISO C Compiler
                                      3 ; Version 4.5.1 #15267 (Mac OS X ppc)
                                      4 ;--------------------------------------------------------
                                      5 	.module main
                                      6 	
                                      7 ;--------------------------------------------------------
                                      8 ; Public variables in this module
                                      9 ;--------------------------------------------------------
                                     10 	.globl _main
                                     11 	.globl _set_bkg_palette
                                     12 	.globl _fill_bkg_rect
                                     13 	.globl _set_bkg_tiles
                                     14 	.globl _set_bkg_data
                                     15 	.globl _display_off
                                     16 	.globl _vsync
                                     17 ;--------------------------------------------------------
                                     18 ; special function registers
                                     19 ;--------------------------------------------------------
                                     20 ;--------------------------------------------------------
                                     21 ; ram data
                                     22 ;--------------------------------------------------------
                                     23 	.area _DATA
                                     24 ;--------------------------------------------------------
                                     25 ; ram data
                                     26 ;--------------------------------------------------------
                                     27 	.area _INITIALIZED
                                     28 ;--------------------------------------------------------
                                     29 ; absolute external ram data
                                     30 ;--------------------------------------------------------
                                     31 	.area _DABS (ABS)
                                     32 ;--------------------------------------------------------
                                     33 ; global & static initialisations
                                     34 ;--------------------------------------------------------
                                     35 	.area _HOME
                                     36 	.area _GSINIT
                                     37 	.area _GSFINAL
                                     38 	.area _GSINIT
                                     39 ;--------------------------------------------------------
                                     40 ; Home
                                     41 ;--------------------------------------------------------
                                     42 	.area _HOME
                                     43 	.area _HOME
                                     44 ;--------------------------------------------------------
                                     45 ; code
                                     46 ;--------------------------------------------------------
                                     47 	.area _CODE
                                     48 ;src/main.c:5: void main(void) {
                                     49 ;	---------------------------------
                                     50 ; Function main
                                     51 ; ---------------------------------
    00000000                         52 _main::
                                     53 ;src/main.c:6: DISPLAY_OFF;
    00000000 CDr00r00         [24]   54 	call	_display_off
                                     55 ;src/main.c:7: fill_bkg_rect(0, 0, DEVICE_SCREEN_WIDTH, DEVICE_SCREEN_HEIGHT, 0);
    00000003 AF               [ 4]   56 	xor	a, a
    00000004 67               [ 4]   57 	ld	h, a
    00000005 2E 12            [ 8]   58 	ld	l, #0x12
    00000007 E5               [16]   59 	push	hl
    00000008 3E 14            [ 8]   60 	ld	a, #0x14
    0000000A F5               [16]   61 	push	af
    0000000B 33               [ 8]   62 	inc	sp
    0000000C AF               [ 4]   63 	xor	a, a
    0000000D 0F               [ 4]   64 	rrca
    0000000E F5               [16]   65 	push	af
    0000000F CDr00r00         [24]   66 	call	_fill_bkg_rect
    00000012 E8 05            [16]   67 	add	sp, #5
                                     68 ;src/main.c:12: if (_cpu == CGB_TYPE) {
    00000014 FAr00r00         [16]   69 	ld	a, (#__cpu)
    00000017 D6 11            [ 8]   70 	sub	a, #0x11
    00000019 20 0D            [12]   71 	jr	NZ, 00102$
                                     72 ;src/main.c:13: set_bkg_palette(BKGF_CGB_PAL0, GBDK_2020_logo_PALETTE_COUNT, GBDK_2020_logo_palettes);
    0000001B 11r00r00         [12]   73 	ld	de, #_GBDK_2020_logo_palettes
    0000001E D5               [16]   74 	push	de
    0000001F 21 00 04         [12]   75 	ld	hl, #0x400
    00000022 E5               [16]   76 	push	hl
    00000023 CDr00r00         [24]   77 	call	_set_bkg_palette
    00000026 E8 04            [16]   78 	add	sp, #4
    00000028                         79 00102$:
                                     80 ;src/main.c:19: set_bkg_native_data(0, GBDK_2020_logo_TILE_COUNT, GBDK_2020_logo_tiles);
                                     81 ;../../../include/gb/gb.h:2168: set_bkg_data(first_tile, nb_tiles, data);
    00000028 11r00r00         [12]   82 	ld	de, #_GBDK_2020_logo_tiles
    0000002B D5               [16]   83 	push	de
    0000002C 21 00 29         [12]   84 	ld	hl, #0x2900
    0000002F E5               [16]   85 	push	hl
    00000030 CDr00r00         [24]   86 	call	_set_bkg_data
    00000033 E8 04            [16]   87 	add	sp, #4
                                     88 ;src/main.c:25: GBDK_2020_logo_map_attributes);
                                     89 ;../../../include/gb/gb.h:1238: VBK_REG = VBK_ATTRIBUTES;
    00000035 3E 01            [ 8]   90 	ld	a, #0x01
    00000037 E0r00            [12]   91 	ldh	(_VBK_REG + 0), a
                                     92 ;../../../include/gb/gb.h:1239: set_bkg_tiles(x, y, w, h, tiles);
    00000039 11r00r00         [12]   93 	ld	de, #_GBDK_2020_logo_map_attributes
    0000003C D5               [16]   94 	push	de
    0000003D 21 14 12         [12]   95 	ld	hl, #0x1214
    00000040 E5               [16]   96 	push	hl
    00000041 AF               [ 4]   97 	xor	a, a
    00000042 0F               [ 4]   98 	rrca
    00000043 F5               [16]   99 	push	af
    00000044 CDr00r00         [24]  100 	call	_set_bkg_tiles
    00000047 E8 06            [16]  101 	add	sp, #6
                                    102 ;../../../include/gb/gb.h:1240: VBK_REG = VBK_TILES;
    00000049 AF               [ 4]  103 	xor	a, a
    0000004A E0r00            [12]  104 	ldh	(_VBK_REG + 0), a
                                    105 ;src/main.c:31: GBDK_2020_logo_map);
                                    106 ;src/main.c:27: set_tile_map((DEVICE_SCREEN_WIDTH - (GBDK_2020_logo_WIDTH >> 3)) >> 1,
    0000004C 11r00r00         [12]  107 	ld	de, #_GBDK_2020_logo_map
    0000004F D5               [16]  108 	push	de
    00000050 21 14 12         [12]  109 	ld	hl, #0x1214
    00000053 E5               [16]  110 	push	hl
    00000054 AF               [ 4]  111 	xor	a, a
    00000055 0F               [ 4]  112 	rrca
    00000056 F5               [16]  113 	push	af
    00000057 CDr00r00         [24]  114 	call	_set_bkg_tiles
    0000005A E8 06            [16]  115 	add	sp, #6
                                    116 ;src/main.c:33: vsync();
    0000005C CDr00r00         [24]  117 	call	_vsync
                                    118 ;src/main.c:34: SHOW_BKG;
    0000005F F0r00            [12]  119 	ldh	a, (_LCDC_REG + 0)
    00000061 F6 01            [ 8]  120 	or	a, #0x01
    00000063 E0r00            [12]  121 	ldh	(_LCDC_REG + 0), a
                                    122 ;src/main.c:35: DISPLAY_ON;
    00000065 F0r00            [12]  123 	ldh	a, (_LCDC_REG + 0)
    00000067 F6 80            [ 8]  124 	or	a, #0x80
    00000069 E0r00            [12]  125 	ldh	(_LCDC_REG + 0), a
                                    126 ;src/main.c:36: }
    0000006B C9               [16]  127 	ret
                                    128 	.area _CODE
                                    129 	.area _INITIALIZER
                                    130 	.area _CABS (ABS)
