                                      1 ;--------------------------------------------------------
                                      2 ; File Created by SDCC : free open source ISO C Compiler
                                      3 ; Version 4.5.1 #15267 (Mac OS X ppc)
                                      4 ;--------------------------------------------------------
                                      5 	.module main
                                      6 	
                                      7 ;--------------------------------------------------------
                                      8 ; Public variables in this module
                                      9 ;--------------------------------------------------------
                                     10 	.globl _main
                                     11 	.globl _draw_image
                                     12 	.globl _set_bkg_palette
                                     13 	.globl _vsync
                                     14 	.globl _cgb_pal_black
                                     15 ;--------------------------------------------------------
                                     16 ; special function registers
                                     17 ;--------------------------------------------------------
                                     18 ;--------------------------------------------------------
                                     19 ; ram data
                                     20 ;--------------------------------------------------------
                                     21 	.area _DATA
                                     22 ;--------------------------------------------------------
                                     23 ; ram data
                                     24 ;--------------------------------------------------------
                                     25 	.area _INITIALIZED
                                     26 ;--------------------------------------------------------
                                     27 ; absolute external ram data
                                     28 ;--------------------------------------------------------
                                     29 	.area _DABS (ABS)
                                     30 ;--------------------------------------------------------
                                     31 ; global & static initialisations
                                     32 ;--------------------------------------------------------
                                     33 	.area _HOME
                                     34 	.area _GSINIT
                                     35 	.area _GSFINAL
                                     36 	.area _GSINIT
                                     37 ;--------------------------------------------------------
                                     38 ; Home
                                     39 ;--------------------------------------------------------
                                     40 	.area _HOME
                                     41 	.area _HOME
                                     42 ;--------------------------------------------------------
                                     43 ; code
                                     44 ;--------------------------------------------------------
                                     45 	.area _CODE
                                     46 ;src/main.c:13: void main(void)
                                     47 ;	---------------------------------
                                     48 ; Function main
                                     49 ; ---------------------------------
    00000000                         50 _main::
                                     51 ;src/main.c:16: if (_cpu == CGB_TYPE) {
    00000000 FAr00r00         [16]   52 	ld	a, (#__cpu)
    00000003 D6 11            [ 8]   53 	sub	a, #0x11
    00000005 20 0E            [12]   54 	jr	NZ, 00102$
                                     55 ;src/main.c:17: set_bkg_palette(BKGF_CGB_PAL0, CGB_ONE_PAL, cgb_pal_black);
    00000007 11r46r00         [12]   56 	ld	de, #_cgb_pal_black
    0000000A D5               [16]   57 	push	de
    0000000B AF               [ 4]   58 	xor	a, a
    0000000C 3C               [ 4]   59 	inc	a
    0000000D F5               [16]   60 	push	af
    0000000E CDr00r00         [24]   61 	call	_set_bkg_palette
    00000011 E8 04            [16]   62 	add	sp, #4
    00000013 18 04            [12]   63 	jr	00103$
    00000015                         64 00102$:
                                     65 ;src/main.c:19: BGP_REG = DMG_PALETTE(DMG_BLACK, DMG_BLACK, DMG_BLACK, DMG_BLACK);
    00000015 3E FF            [ 8]   66 	ld	a, #0xff
    00000017 E0r00            [12]   67 	ldh	(_BGP_REG + 0), a
    00000019                         68 00103$:
                                     69 ;src/main.c:25: draw_image(scenery_tiles);
    00000019 11r00r00         [12]   70 	ld	de, #_scenery_tiles
    0000001C CDr00r00         [24]   71 	call	_draw_image
                                     72 ;src/main.c:26: SHOW_BKG;
    0000001F F0r00            [12]   73 	ldh	a, (_LCDC_REG + 0)
    00000021 F6 01            [ 8]   74 	or	a, #0x01
    00000023 E0r00            [12]   75 	ldh	(_LCDC_REG + 0), a
                                     76 ;src/main.c:29: vsync();
    00000025 CDr00r00         [24]   77 	call	_vsync
                                     78 ;src/main.c:30: if (_cpu == CGB_TYPE) {
    00000028 FAr00r00         [16]   79 	ld	a, (#__cpu)
    0000002B D6 11            [ 8]   80 	sub	a, #0x11
    0000002D 20 0E            [12]   81 	jr	NZ, 00105$
                                     82 ;src/main.c:31: set_bkg_palette(BKGF_CGB_PAL0, CGB_ONE_PAL, scenery_palettes);
    0000002F 11r00r00         [12]   83 	ld	de, #_scenery_palettes
    00000032 D5               [16]   84 	push	de
    00000033 AF               [ 4]   85 	xor	a, a
    00000034 3C               [ 4]   86 	inc	a
    00000035 F5               [16]   87 	push	af
    00000036 CDr00r00         [24]   88 	call	_set_bkg_palette
    00000039 E8 04            [16]   89 	add	sp, #4
    0000003B 18 04            [12]   90 	jr	00108$
    0000003D                         91 00105$:
                                     92 ;src/main.c:33: BGP_REG = DMG_PALETTE(DMG_WHITE, DMG_LITE_GRAY, DMG_DARK_GRAY, DMG_BLACK);
    0000003D 3E E4            [ 8]   93 	ld	a, #0xe4
    0000003F E0r00            [12]   94 	ldh	(_BGP_REG + 0), a
                                     95 ;src/main.c:38: while(1) {
    00000041                         96 00108$:
                                     97 ;src/main.c:41: vsync();
    00000041 CDr00r00         [24]   98 	call	_vsync
                                     99 ;src/main.c:43: }
    00000044 18 FB            [12]  100 	jr	00108$
    00000046                        101 _cgb_pal_black:
    00000046 00 00                  102 	.dw #0x0000
    00000048 00 00                  103 	.dw #0x0000
    0000004A 00 00                  104 	.dw #0x0000
    0000004C 00 00                  105 	.dw #0x0000
                                    106 	.area _CODE
                                    107 	.area _INITIALIZER
                                    108 	.area _CABS (ABS)
