                                      1 ;--------------------------------------------------------
                                      2 ; File Created by SDCC : free open source ISO C Compiler
                                      3 ; Version 4.5.1 #15267 (Mac OS X ppc)
                                      4 ;--------------------------------------------------------
                                      5 	.module main
                                      6 	
                                      7 ;--------------------------------------------------------
                                      8 ; Public variables in this module
                                      9 ;--------------------------------------------------------
                                     10 	.globl _main
                                     11 	.globl _init_gfx
                                     12 	.globl b___func_blank_tile_data
                                     13 	.globl ___func_blank_tile_data
                                     14 	.globl b___func_logo_map
                                     15 	.globl ___func_logo_map
                                     16 	.globl b___func_logo_tiles_data
                                     17 	.globl ___func_logo_tiles_data
                                     18 	.globl _fill_bkg_rect
                                     19 	.globl _set_bkg_tiles
                                     20 	.globl _set_bkg_data
                                     21 	.globl _vsync
                                     22 ;--------------------------------------------------------
                                     23 ; special function registers
                                     24 ;--------------------------------------------------------
                                     25 ;--------------------------------------------------------
                                     26 ; ram data
                                     27 ;--------------------------------------------------------
                                     28 	.area _DATA
                                     29 ;--------------------------------------------------------
                                     30 ; ram data
                                     31 ;--------------------------------------------------------
                                     32 	.area _INITIALIZED
                                     33 ;--------------------------------------------------------
                                     34 ; absolute external ram data
                                     35 ;--------------------------------------------------------
                                     36 	.area _DABS (ABS)
                                     37 ;--------------------------------------------------------
                                     38 ; global & static initialisations
                                     39 ;--------------------------------------------------------
                                     40 	.area _HOME
                                     41 	.area _GSINIT
                                     42 	.area _GSFINAL
                                     43 	.area _GSINIT
                                     44 ;--------------------------------------------------------
                                     45 ; Home
                                     46 ;--------------------------------------------------------
                                     47 	.area _HOME
                                     48 	.area _HOME
                                     49 ;--------------------------------------------------------
                                     50 ; code
                                     51 ;--------------------------------------------------------
                                     52 	.area _CODE
                                     53 ;src/main.c:6: INCBIN(logo_tiles_data, "res/gbdk2020.bin") // Variable name to use, Path to file
                                     54 ;	---------------------------------
                                     55 ; Function __func_logo_tiles_data
                                     56 ; ---------------------------------
                         00000000    57 	b___func_logo_tiles_data	= 0
    00000000                         58 ___func_logo_tiles_data::
    00000000                         59 _logo_tiles_data::
    00000000                         60 1$:
    00000000 3F 3F 60 7F C0 C0 80    61 	.incbin "res/gbdk2020.bin" 
             C0 80 C0 80 C0 80 C0
             80 C0 FF FF 00 FF 00
             00 00 00 00 00 00 00
             00 00 00 00 FC FC 06
             FE 03 03 01 03 01 03
             01 03 01 03 01 03 80
             C0 83 C3 83 C7 83 C7
             83 C7 83 C7 83 C7 83
             C7 00 00 FF FF FF FF
             FF FF FF FF F8 FF FF
             F8 FF F8 00 00 FF FF
             FF FF FF FF FF FF 00
             FF FF 00 FF 00 00 00
             FF FF FF FF FF FF FF
             FF 0F FF EF 1F EF 1F
             01 03 C1 C3 C1 C3 C1
             C3 C1 C3 C1 C3 C1 C3
             C1 C3
    00000320                         62 2$:
                         00000320    63 	___size_logo_tiles_data = (2$-1$) 
                                     64 	.globl ___size_logo_tiles_data 
                                     65 	.local b___func_logo_tiles_data 
                         00000000    66 	___bank_logo_tiles_data = b___func_logo_tiles_data 
                                     67 	.globl ___bank_logo_tiles_data 
                                     68 ;src/main.c:9: INCBIN(logo_map, "res/gbdk2020_map.bin")
                                     69 ;	---------------------------------
                                     70 ; Function __func_logo_map
                                     71 ; ---------------------------------
                         00000000    72 	b___func_logo_map	= 0
    00000320                         73 ___func_logo_map::
    00000320                         74 _logo_map::
    00000320                         75 1$:
    00000320 00 01 01 01 01 01 02    76 	.incbin "res/gbdk2020_map.bin" 
             03 04 05 05 05 06 07
             08 09 0A 0A 0A 0B 0C
             0D 0E 0A 0A 0A 0B 0C
             0D 0E 0A 0A 0A 0B 0C
             0F 10 11 11 11 12 13
             14 15 15 15 15 15 16
             17 18 19 15 1A 1B 1C
             1D 1E 1F 15 20 21 22
             14 15 23 24 25 26 27
             14 15 28 29 2A 2B 2C
             2D 2E 2E 2E 2F 30 31
    00000374                         77 2$:
                         00000054    78 	___size_logo_map = (2$-1$) 
                                     79 	.globl ___size_logo_map 
                                     80 	.local b___func_logo_map 
                         00000000    81 	___bank_logo_map = b___func_logo_map 
                                     82 	.globl ___bank_logo_map 
                                     83 ;src/main.c:12: INCBIN(blank_tile_data, "res/blanktile.bin")
                                     84 ;	---------------------------------
                                     85 ; Function __func_blank_tile_data
                                     86 ; ---------------------------------
                         00000000    87 	b___func_blank_tile_data	= 0
    00000374                         88 ___func_blank_tile_data::
    00000374                         89 _blank_tile_data::
    00000374                         90 1$:
    00000374 00 00 00 00 00 00 00    91 	.incbin "res/blanktile.bin" 
             00 00 00 00 00 00 00
             00 00
    00000384                         92 2$:
                         00000010    93 	___size_blank_tile_data = (2$-1$) 
                                     94 	.globl ___size_blank_tile_data 
                                     95 	.local b___func_blank_tile_data 
                         00000000    96 	___bank_blank_tile_data = b___func_blank_tile_data 
                                     97 	.globl ___bank_blank_tile_data 
                                     98 ;src/main.c:28: void init_gfx(void) {
                                     99 ;	---------------------------------
                                    100 ; Function init_gfx
                                    101 ; ---------------------------------
    00000384                        102 _init_gfx::
                                    103 ;src/main.c:30: set_bkg_data(0x80u, 1u, blank_tile_data); // The first 0x80u here is the tile ID
    00000384 11r74r03         [12]  104 	ld	de, #_blank_tile_data
    00000387 D5               [16]  105 	push	de
    00000388 21 80 01         [12]  106 	ld	hl, #0x180
    0000038B E5               [16]  107 	push	hl
    0000038C CDr00r00         [24]  108 	call	_set_bkg_data
    0000038F E8 04            [16]  109 	add	sp, #4
                                    110 ;src/main.c:31: fill_bkg_rect(0u, 0u, DEVICE_SCREEN_WIDTH, DEVICE_SCREEN_HEIGHT, 0x80u);   // The last 0x80u here is the tile ID 
    00000391 21 12 80         [12]  111 	ld	hl, #0x8012
    00000394 E5               [16]  112 	push	hl
    00000395 3E 14            [ 8]  113 	ld	a, #0x14
    00000397 F5               [16]  114 	push	af
    00000398 33               [ 8]  115 	inc	sp
    00000399 AF               [ 4]  116 	xor	a, a
    0000039A 0F               [ 4]  117 	rrca
    0000039B F5               [16]  118 	push	af
    0000039C CDr00r00         [24]  119 	call	_fill_bkg_rect
    0000039F E8 05            [16]  120 	add	sp, #5
                                    121 ;src/main.c:35: set_bkg_data(0u, INCBIN_SIZE(logo_tiles_data) / TILE_BYTES, logo_tiles_data);
    000003A1 01r00r00         [12]  122 	ld	bc, #_logo_tiles_data+0
    000003A4 21r00r00         [12]  123 	ld	hl, #___size_logo_tiles_data
    000003A7 29               [ 8]  124 	add	hl, hl
    000003A8 29               [ 8]  125 	add	hl, hl
    000003A9 29               [ 8]  126 	add	hl, hl
    000003AA 29               [ 8]  127 	add	hl, hl
    000003AB C5               [16]  128 	push	bc
    000003AC E5               [16]  129 	push	hl
    000003AD 33               [ 8]  130 	inc	sp
    000003AE AF               [ 4]  131 	xor	a, a
    000003AF F5               [16]  132 	push	af
    000003B0 33               [ 8]  133 	inc	sp
    000003B1 CDr00r00         [24]  134 	call	_set_bkg_data
    000003B4 E8 04            [16]  135 	add	sp, #4
                                    136 ;src/main.c:38: logo_map);
                                    137 ;src/main.c:36: set_bkg_tiles(LOGO_MAP_X, LOGO_MAP_Y,
    000003B6 11r20r03         [12]  138 	ld	de, #_logo_map
    000003B9 D5               [16]  139 	push	de
    000003BA 21 07 0C         [12]  140 	ld	hl, #0xc07
    000003BD E5               [16]  141 	push	hl
    000003BE 21 06 03         [12]  142 	ld	hl, #0x306
    000003C1 E5               [16]  143 	push	hl
    000003C2 CDr00r00         [24]  144 	call	_set_bkg_tiles
    000003C5 E8 06            [16]  145 	add	sp, #6
                                    146 ;src/main.c:41: SHOW_BKG;
    000003C7 F0r00            [12]  147 	ldh	a, (_LCDC_REG + 0)
    000003C9 F6 40            [ 8]  148 	or	a, #0x40
    000003CB E0r00            [12]  149 	ldh	(_LCDC_REG + 0), a
                                    150 ;src/main.c:42: }
    000003CD C9               [16]  151 	ret
                                    152 ;src/main.c:46: void main(void)
                                    153 ;	---------------------------------
                                    154 ; Function main
                                    155 ; ---------------------------------
    000003CE                        156 _main::
                                    157 ;src/main.c:48: init_gfx();
    000003CE CDr84r03         [24]  158 	call	_init_gfx
                                    159 ;src/main.c:51: while(1) {
    000003D1                        160 00102$:
                                    161 ;src/main.c:56: vsync();
    000003D1 CDr00r00         [24]  162 	call	_vsync
                                    163 ;src/main.c:58: }
    000003D4 18 FB            [12]  164 	jr	00102$
                                    165 	.area _CODE
                                    166 	.area _INITIALIZER
                                    167 	.area _CABS (ABS)
